[2024-04-21T19:51:59.639+0000] {processor.py:161} INFO - Started process (PID=57) to work on /home/airflow/.local/lib/python3.9/site-packages/airflow/example_dags/example_sensors.py
[2024-04-21T19:51:59.640+0000] {processor.py:830} INFO - Processing file /home/airflow/.local/lib/python3.9/site-packages/airflow/example_dags/example_sensors.py for tasks to queue
[2024-04-21T19:51:59.643+0000] {logging_mixin.py:188} INFO - [2024-04-21T19:51:59.643+0000] {dagbag.py:540} INFO - Filling up the DagBag from /home/airflow/.local/lib/python3.9/site-packages/airflow/example_dags/example_sensors.py
[2024-04-21T19:51:59.664+0000] {processor.py:840} INFO - DAG(s) 'example_sensors' retrieved from /home/airflow/.local/lib/python3.9/site-packages/airflow/example_dags/example_sensors.py
[2024-04-21T19:52:00.089+0000] {logging_mixin.py:188} INFO - [2024-04-21T19:52:00.088+0000] {dag.py:3047} INFO - Sync 1 DAGs
[2024-04-21T19:52:00.108+0000] {logging_mixin.py:188} INFO - [2024-04-21T19:52:00.107+0000] {dag.py:3834} INFO - Setting next_dagrun for example_sensors to None, run_after=None
[2024-04-21T19:52:00.173+0000] {processor.py:183} INFO - Processing /home/airflow/.local/lib/python3.9/site-packages/airflow/example_dags/example_sensors.py took 0.538 seconds
[2024-04-21T19:52:30.640+0000] {processor.py:161} INFO - Started process (PID=114) to work on /home/airflow/.local/lib/python3.9/site-packages/airflow/example_dags/example_sensors.py
[2024-04-21T19:52:30.642+0000] {processor.py:830} INFO - Processing file /home/airflow/.local/lib/python3.9/site-packages/airflow/example_dags/example_sensors.py for tasks to queue
[2024-04-21T19:52:30.645+0000] {logging_mixin.py:188} INFO - [2024-04-21T19:52:30.644+0000] {dagbag.py:540} INFO - Filling up the DagBag from /home/airflow/.local/lib/python3.9/site-packages/airflow/example_dags/example_sensors.py
[2024-04-21T19:52:30.660+0000] {processor.py:840} INFO - DAG(s) 'example_sensors' retrieved from /home/airflow/.local/lib/python3.9/site-packages/airflow/example_dags/example_sensors.py
[2024-04-21T19:52:30.778+0000] {logging_mixin.py:188} INFO - [2024-04-21T19:52:30.778+0000] {dag.py:3047} INFO - Sync 1 DAGs
[2024-04-21T19:52:30.803+0000] {logging_mixin.py:188} INFO - [2024-04-21T19:52:30.803+0000] {dag.py:3834} INFO - Setting next_dagrun for example_sensors to None, run_after=None
[2024-04-21T19:52:30.857+0000] {processor.py:183} INFO - Processing /home/airflow/.local/lib/python3.9/site-packages/airflow/example_dags/example_sensors.py took 0.221 seconds
[2024-04-21T19:53:01.120+0000] {processor.py:161} INFO - Started process (PID=171) to work on /home/airflow/.local/lib/python3.9/site-packages/airflow/example_dags/example_sensors.py
[2024-04-21T19:53:01.122+0000] {processor.py:830} INFO - Processing file /home/airflow/.local/lib/python3.9/site-packages/airflow/example_dags/example_sensors.py for tasks to queue
[2024-04-21T19:53:01.125+0000] {logging_mixin.py:188} INFO - [2024-04-21T19:53:01.124+0000] {dagbag.py:540} INFO - Filling up the DagBag from /home/airflow/.local/lib/python3.9/site-packages/airflow/example_dags/example_sensors.py
[2024-04-21T19:53:01.140+0000] {processor.py:840} INFO - DAG(s) 'example_sensors' retrieved from /home/airflow/.local/lib/python3.9/site-packages/airflow/example_dags/example_sensors.py
[2024-04-21T19:53:01.246+0000] {logging_mixin.py:188} INFO - [2024-04-21T19:53:01.246+0000] {dag.py:3047} INFO - Sync 1 DAGs
[2024-04-21T19:53:01.270+0000] {logging_mixin.py:188} INFO - [2024-04-21T19:53:01.270+0000] {dag.py:3834} INFO - Setting next_dagrun for example_sensors to None, run_after=None
[2024-04-21T19:53:01.319+0000] {processor.py:183} INFO - Processing /home/airflow/.local/lib/python3.9/site-packages/airflow/example_dags/example_sensors.py took 0.204 seconds
[2024-04-21T19:53:32.329+0000] {processor.py:161} INFO - Started process (PID=228) to work on /home/airflow/.local/lib/python3.9/site-packages/airflow/example_dags/example_sensors.py
[2024-04-21T19:53:32.331+0000] {processor.py:830} INFO - Processing file /home/airflow/.local/lib/python3.9/site-packages/airflow/example_dags/example_sensors.py for tasks to queue
[2024-04-21T19:53:32.334+0000] {logging_mixin.py:188} INFO - [2024-04-21T19:53:32.334+0000] {dagbag.py:540} INFO - Filling up the DagBag from /home/airflow/.local/lib/python3.9/site-packages/airflow/example_dags/example_sensors.py
[2024-04-21T19:53:32.352+0000] {processor.py:840} INFO - DAG(s) 'example_sensors' retrieved from /home/airflow/.local/lib/python3.9/site-packages/airflow/example_dags/example_sensors.py
[2024-04-21T19:53:32.466+0000] {logging_mixin.py:188} INFO - [2024-04-21T19:53:32.465+0000] {dag.py:3047} INFO - Sync 1 DAGs
[2024-04-21T19:53:32.489+0000] {logging_mixin.py:188} INFO - [2024-04-21T19:53:32.489+0000] {dag.py:3834} INFO - Setting next_dagrun for example_sensors to None, run_after=None
[2024-04-21T19:53:32.543+0000] {processor.py:183} INFO - Processing /home/airflow/.local/lib/python3.9/site-packages/airflow/example_dags/example_sensors.py took 0.220 seconds
[2024-04-21T19:54:35.139+0000] {processor.py:161} INFO - Started process (PID=57) to work on /home/airflow/.local/lib/python3.9/site-packages/airflow/example_dags/example_sensors.py
[2024-04-21T19:54:35.141+0000] {processor.py:830} INFO - Processing file /home/airflow/.local/lib/python3.9/site-packages/airflow/example_dags/example_sensors.py for tasks to queue
[2024-04-21T19:54:35.144+0000] {logging_mixin.py:188} INFO - [2024-04-21T19:54:35.143+0000] {dagbag.py:540} INFO - Filling up the DagBag from /home/airflow/.local/lib/python3.9/site-packages/airflow/example_dags/example_sensors.py
[2024-04-21T19:54:35.159+0000] {processor.py:840} INFO - DAG(s) 'example_sensors' retrieved from /home/airflow/.local/lib/python3.9/site-packages/airflow/example_dags/example_sensors.py
[2024-04-21T19:54:35.232+0000] {logging_mixin.py:188} INFO - [2024-04-21T19:54:35.231+0000] {dag.py:3047} INFO - Sync 1 DAGs
[2024-04-21T19:54:35.247+0000] {logging_mixin.py:188} INFO - [2024-04-21T19:54:35.247+0000] {dag.py:3834} INFO - Setting next_dagrun for example_sensors to None, run_after=None
[2024-04-21T19:54:35.282+0000] {processor.py:183} INFO - Processing /home/airflow/.local/lib/python3.9/site-packages/airflow/example_dags/example_sensors.py took 0.146 seconds
[2024-04-21T19:55:20.643+0000] {processor.py:161} INFO - Started process (PID=124) to work on /home/airflow/.local/lib/python3.9/site-packages/airflow/example_dags/example_sensors.py
[2024-04-21T19:55:20.645+0000] {processor.py:830} INFO - Processing file /home/airflow/.local/lib/python3.9/site-packages/airflow/example_dags/example_sensors.py for tasks to queue
[2024-04-21T19:55:20.647+0000] {logging_mixin.py:188} INFO - [2024-04-21T19:55:20.646+0000] {dagbag.py:540} INFO - Filling up the DagBag from /home/airflow/.local/lib/python3.9/site-packages/airflow/example_dags/example_sensors.py
[2024-04-21T19:55:20.657+0000] {processor.py:840} INFO - DAG(s) 'example_sensors' retrieved from /home/airflow/.local/lib/python3.9/site-packages/airflow/example_dags/example_sensors.py
[2024-04-21T19:55:20.723+0000] {logging_mixin.py:188} INFO - [2024-04-21T19:55:20.722+0000] {dag.py:3047} INFO - Sync 1 DAGs
[2024-04-21T19:55:20.740+0000] {logging_mixin.py:188} INFO - [2024-04-21T19:55:20.740+0000] {dag.py:3834} INFO - Setting next_dagrun for example_sensors to None, run_after=None
[2024-04-21T19:55:20.789+0000] {processor.py:183} INFO - Processing /home/airflow/.local/lib/python3.9/site-packages/airflow/example_dags/example_sensors.py took 0.149 seconds
[2024-04-21T19:58:11.337+0000] {processor.py:161} INFO - Started process (PID=198) to work on /home/airflow/.local/lib/python3.9/site-packages/airflow/example_dags/example_sensors.py
[2024-04-21T19:58:11.342+0000] {processor.py:830} INFO - Processing file /home/airflow/.local/lib/python3.9/site-packages/airflow/example_dags/example_sensors.py for tasks to queue
[2024-04-21T19:58:11.349+0000] {logging_mixin.py:188} INFO - [2024-04-21T19:58:11.344+0000] {dagbag.py:540} INFO - Filling up the DagBag from /home/airflow/.local/lib/python3.9/site-packages/airflow/example_dags/example_sensors.py
[2024-04-21T19:58:11.393+0000] {processor.py:840} INFO - DAG(s) 'example_sensors' retrieved from /home/airflow/.local/lib/python3.9/site-packages/airflow/example_dags/example_sensors.py
[2024-04-21T19:58:13.204+0000] {logging_mixin.py:188} INFO - [2024-04-21T19:58:13.199+0000] {dag.py:3047} INFO - Sync 1 DAGs
[2024-04-21T19:58:13.226+0000] {logging_mixin.py:188} INFO - [2024-04-21T19:58:13.225+0000] {dag.py:3834} INFO - Setting next_dagrun for example_sensors to None, run_after=None
[2024-04-21T19:58:13.321+0000] {processor.py:183} INFO - Processing /home/airflow/.local/lib/python3.9/site-packages/airflow/example_dags/example_sensors.py took 1.997 seconds
[2024-04-21T20:03:11.667+0000] {processor.py:161} INFO - Started process (PID=270) to work on /home/airflow/.local/lib/python3.9/site-packages/airflow/example_dags/example_sensors.py
[2024-04-21T20:03:11.668+0000] {processor.py:830} INFO - Processing file /home/airflow/.local/lib/python3.9/site-packages/airflow/example_dags/example_sensors.py for tasks to queue
[2024-04-21T20:03:11.670+0000] {logging_mixin.py:188} INFO - [2024-04-21T20:03:11.670+0000] {dagbag.py:540} INFO - Filling up the DagBag from /home/airflow/.local/lib/python3.9/site-packages/airflow/example_dags/example_sensors.py
[2024-04-21T20:03:11.685+0000] {processor.py:840} INFO - DAG(s) 'example_sensors' retrieved from /home/airflow/.local/lib/python3.9/site-packages/airflow/example_dags/example_sensors.py
[2024-04-21T20:03:11.759+0000] {logging_mixin.py:188} INFO - [2024-04-21T20:03:11.758+0000] {dag.py:3047} INFO - Sync 1 DAGs
[2024-04-21T20:03:11.771+0000] {logging_mixin.py:188} INFO - [2024-04-21T20:03:11.770+0000] {dag.py:3834} INFO - Setting next_dagrun for example_sensors to None, run_after=None
[2024-04-21T20:03:11.805+0000] {processor.py:183} INFO - Processing /home/airflow/.local/lib/python3.9/site-packages/airflow/example_dags/example_sensors.py took 0.141 seconds
[2024-04-21T20:04:19.775+0000] {processor.py:161} INFO - Started process (PID=334) to work on /home/airflow/.local/lib/python3.9/site-packages/airflow/example_dags/example_sensors.py
[2024-04-21T20:04:19.783+0000] {processor.py:830} INFO - Processing file /home/airflow/.local/lib/python3.9/site-packages/airflow/example_dags/example_sensors.py for tasks to queue
[2024-04-21T20:04:19.786+0000] {logging_mixin.py:188} INFO - [2024-04-21T20:04:19.785+0000] {dagbag.py:540} INFO - Filling up the DagBag from /home/airflow/.local/lib/python3.9/site-packages/airflow/example_dags/example_sensors.py
[2024-04-21T20:04:19.821+0000] {processor.py:840} INFO - DAG(s) 'example_sensors' retrieved from /home/airflow/.local/lib/python3.9/site-packages/airflow/example_dags/example_sensors.py
[2024-04-21T20:04:19.915+0000] {logging_mixin.py:188} INFO - [2024-04-21T20:04:19.914+0000] {dag.py:3047} INFO - Sync 1 DAGs
[2024-04-21T20:04:19.933+0000] {logging_mixin.py:188} INFO - [2024-04-21T20:04:19.933+0000] {dag.py:3834} INFO - Setting next_dagrun for example_sensors to None, run_after=None
[2024-04-21T20:04:19.973+0000] {processor.py:183} INFO - Processing /home/airflow/.local/lib/python3.9/site-packages/airflow/example_dags/example_sensors.py took 0.209 seconds
[2024-04-21T20:04:50.768+0000] {processor.py:161} INFO - Started process (PID=393) to work on /home/airflow/.local/lib/python3.9/site-packages/airflow/example_dags/example_sensors.py
[2024-04-21T20:04:50.770+0000] {processor.py:830} INFO - Processing file /home/airflow/.local/lib/python3.9/site-packages/airflow/example_dags/example_sensors.py for tasks to queue
[2024-04-21T20:04:50.772+0000] {logging_mixin.py:188} INFO - [2024-04-21T20:04:50.772+0000] {dagbag.py:540} INFO - Filling up the DagBag from /home/airflow/.local/lib/python3.9/site-packages/airflow/example_dags/example_sensors.py
[2024-04-21T20:04:50.791+0000] {processor.py:840} INFO - DAG(s) 'example_sensors' retrieved from /home/airflow/.local/lib/python3.9/site-packages/airflow/example_dags/example_sensors.py
[2024-04-21T20:04:50.930+0000] {logging_mixin.py:188} INFO - [2024-04-21T20:04:50.929+0000] {dag.py:3047} INFO - Sync 1 DAGs
[2024-04-21T20:04:50.957+0000] {logging_mixin.py:188} INFO - [2024-04-21T20:04:50.957+0000] {dag.py:3834} INFO - Setting next_dagrun for example_sensors to None, run_after=None
[2024-04-21T20:04:51.018+0000] {processor.py:183} INFO - Processing /home/airflow/.local/lib/python3.9/site-packages/airflow/example_dags/example_sensors.py took 0.255 seconds
[2024-04-21T20:05:21.352+0000] {processor.py:161} INFO - Started process (PID=450) to work on /home/airflow/.local/lib/python3.9/site-packages/airflow/example_dags/example_sensors.py
[2024-04-21T20:05:21.354+0000] {processor.py:830} INFO - Processing file /home/airflow/.local/lib/python3.9/site-packages/airflow/example_dags/example_sensors.py for tasks to queue
[2024-04-21T20:05:21.357+0000] {logging_mixin.py:188} INFO - [2024-04-21T20:05:21.356+0000] {dagbag.py:540} INFO - Filling up the DagBag from /home/airflow/.local/lib/python3.9/site-packages/airflow/example_dags/example_sensors.py
[2024-04-21T20:05:21.373+0000] {processor.py:840} INFO - DAG(s) 'example_sensors' retrieved from /home/airflow/.local/lib/python3.9/site-packages/airflow/example_dags/example_sensors.py
[2024-04-21T20:05:21.489+0000] {logging_mixin.py:188} INFO - [2024-04-21T20:05:21.489+0000] {dag.py:3047} INFO - Sync 1 DAGs
[2024-04-21T20:05:21.516+0000] {logging_mixin.py:188} INFO - [2024-04-21T20:05:21.516+0000] {dag.py:3834} INFO - Setting next_dagrun for example_sensors to None, run_after=None
[2024-04-21T20:05:21.569+0000] {processor.py:183} INFO - Processing /home/airflow/.local/lib/python3.9/site-packages/airflow/example_dags/example_sensors.py took 0.222 seconds
[2024-04-21T20:05:52.832+0000] {processor.py:161} INFO - Started process (PID=508) to work on /home/airflow/.local/lib/python3.9/site-packages/airflow/example_dags/example_sensors.py
[2024-04-21T20:05:52.834+0000] {processor.py:830} INFO - Processing file /home/airflow/.local/lib/python3.9/site-packages/airflow/example_dags/example_sensors.py for tasks to queue
[2024-04-21T20:05:52.836+0000] {logging_mixin.py:188} INFO - [2024-04-21T20:05:52.836+0000] {dagbag.py:540} INFO - Filling up the DagBag from /home/airflow/.local/lib/python3.9/site-packages/airflow/example_dags/example_sensors.py
[2024-04-21T20:05:52.852+0000] {processor.py:840} INFO - DAG(s) 'example_sensors' retrieved from /home/airflow/.local/lib/python3.9/site-packages/airflow/example_dags/example_sensors.py
[2024-04-21T20:05:52.963+0000] {logging_mixin.py:188} INFO - [2024-04-21T20:05:52.962+0000] {dag.py:3047} INFO - Sync 1 DAGs
[2024-04-21T20:05:52.982+0000] {logging_mixin.py:188} INFO - [2024-04-21T20:05:52.981+0000] {dag.py:3834} INFO - Setting next_dagrun for example_sensors to None, run_after=None
[2024-04-21T20:05:53.042+0000] {processor.py:183} INFO - Processing /home/airflow/.local/lib/python3.9/site-packages/airflow/example_dags/example_sensors.py took 0.216 seconds
[2024-04-21T20:06:46.562+0000] {processor.py:161} INFO - Started process (PID=571) to work on /home/airflow/.local/lib/python3.9/site-packages/airflow/example_dags/example_sensors.py
[2024-04-21T20:06:46.564+0000] {processor.py:830} INFO - Processing file /home/airflow/.local/lib/python3.9/site-packages/airflow/example_dags/example_sensors.py for tasks to queue
[2024-04-21T20:06:46.567+0000] {logging_mixin.py:188} INFO - [2024-04-21T20:06:46.566+0000] {dagbag.py:540} INFO - Filling up the DagBag from /home/airflow/.local/lib/python3.9/site-packages/airflow/example_dags/example_sensors.py
[2024-04-21T20:06:46.581+0000] {processor.py:840} INFO - DAG(s) 'example_sensors' retrieved from /home/airflow/.local/lib/python3.9/site-packages/airflow/example_dags/example_sensors.py
[2024-04-21T20:06:46.995+0000] {logging_mixin.py:188} INFO - [2024-04-21T20:06:46.991+0000] {dag.py:3047} INFO - Sync 1 DAGs
[2024-04-21T20:06:47.024+0000] {logging_mixin.py:188} INFO - [2024-04-21T20:06:47.023+0000] {dag.py:3834} INFO - Setting next_dagrun for example_sensors to None, run_after=None
[2024-04-21T20:06:47.105+0000] {processor.py:183} INFO - Processing /home/airflow/.local/lib/python3.9/site-packages/airflow/example_dags/example_sensors.py took 0.550 seconds
[2024-04-21T20:07:18.391+0000] {processor.py:161} INFO - Started process (PID=629) to work on /home/airflow/.local/lib/python3.9/site-packages/airflow/example_dags/example_sensors.py
[2024-04-21T20:07:18.393+0000] {processor.py:830} INFO - Processing file /home/airflow/.local/lib/python3.9/site-packages/airflow/example_dags/example_sensors.py for tasks to queue
[2024-04-21T20:07:18.395+0000] {logging_mixin.py:188} INFO - [2024-04-21T20:07:18.395+0000] {dagbag.py:540} INFO - Filling up the DagBag from /home/airflow/.local/lib/python3.9/site-packages/airflow/example_dags/example_sensors.py
[2024-04-21T20:07:18.412+0000] {processor.py:840} INFO - DAG(s) 'example_sensors' retrieved from /home/airflow/.local/lib/python3.9/site-packages/airflow/example_dags/example_sensors.py
[2024-04-21T20:07:18.540+0000] {logging_mixin.py:188} INFO - [2024-04-21T20:07:18.540+0000] {dag.py:3047} INFO - Sync 1 DAGs
[2024-04-21T20:07:18.561+0000] {logging_mixin.py:188} INFO - [2024-04-21T20:07:18.560+0000] {dag.py:3834} INFO - Setting next_dagrun for example_sensors to None, run_after=None
[2024-04-21T20:07:18.612+0000] {processor.py:183} INFO - Processing /home/airflow/.local/lib/python3.9/site-packages/airflow/example_dags/example_sensors.py took 0.227 seconds
[2024-04-21T20:07:49.505+0000] {processor.py:161} INFO - Started process (PID=686) to work on /home/airflow/.local/lib/python3.9/site-packages/airflow/example_dags/example_sensors.py
[2024-04-21T20:07:49.507+0000] {processor.py:830} INFO - Processing file /home/airflow/.local/lib/python3.9/site-packages/airflow/example_dags/example_sensors.py for tasks to queue
[2024-04-21T20:07:49.510+0000] {logging_mixin.py:188} INFO - [2024-04-21T20:07:49.509+0000] {dagbag.py:540} INFO - Filling up the DagBag from /home/airflow/.local/lib/python3.9/site-packages/airflow/example_dags/example_sensors.py
[2024-04-21T20:07:49.525+0000] {processor.py:840} INFO - DAG(s) 'example_sensors' retrieved from /home/airflow/.local/lib/python3.9/site-packages/airflow/example_dags/example_sensors.py
[2024-04-21T20:07:49.681+0000] {logging_mixin.py:188} INFO - [2024-04-21T20:07:49.680+0000] {dag.py:3047} INFO - Sync 1 DAGs
[2024-04-21T20:07:49.715+0000] {logging_mixin.py:188} INFO - [2024-04-21T20:07:49.715+0000] {dag.py:3834} INFO - Setting next_dagrun for example_sensors to None, run_after=None
[2024-04-21T20:07:49.783+0000] {processor.py:183} INFO - Processing /home/airflow/.local/lib/python3.9/site-packages/airflow/example_dags/example_sensors.py took 0.283 seconds
[2024-04-21T20:08:22.369+0000] {processor.py:161} INFO - Started process (PID=742) to work on /home/airflow/.local/lib/python3.9/site-packages/airflow/example_dags/example_sensors.py
[2024-04-21T20:08:22.371+0000] {processor.py:830} INFO - Processing file /home/airflow/.local/lib/python3.9/site-packages/airflow/example_dags/example_sensors.py for tasks to queue
[2024-04-21T20:08:22.372+0000] {logging_mixin.py:188} INFO - [2024-04-21T20:08:22.372+0000] {dagbag.py:540} INFO - Filling up the DagBag from /home/airflow/.local/lib/python3.9/site-packages/airflow/example_dags/example_sensors.py
[2024-04-21T20:08:22.386+0000] {processor.py:840} INFO - DAG(s) 'example_sensors' retrieved from /home/airflow/.local/lib/python3.9/site-packages/airflow/example_dags/example_sensors.py
[2024-04-21T20:08:22.456+0000] {logging_mixin.py:188} INFO - [2024-04-21T20:08:22.456+0000] {dag.py:3047} INFO - Sync 1 DAGs
[2024-04-21T20:08:22.470+0000] {logging_mixin.py:188} INFO - [2024-04-21T20:08:22.469+0000] {dag.py:3834} INFO - Setting next_dagrun for example_sensors to None, run_after=None
[2024-04-21T20:08:22.508+0000] {processor.py:183} INFO - Processing /home/airflow/.local/lib/python3.9/site-packages/airflow/example_dags/example_sensors.py took 0.144 seconds
[2024-04-21T20:10:04.688+0000] {processor.py:161} INFO - Started process (PID=813) to work on /home/airflow/.local/lib/python3.9/site-packages/airflow/example_dags/example_sensors.py
[2024-04-21T20:10:04.690+0000] {processor.py:830} INFO - Processing file /home/airflow/.local/lib/python3.9/site-packages/airflow/example_dags/example_sensors.py for tasks to queue
[2024-04-21T20:10:04.691+0000] {logging_mixin.py:188} INFO - [2024-04-21T20:10:04.690+0000] {dagbag.py:540} INFO - Filling up the DagBag from /home/airflow/.local/lib/python3.9/site-packages/airflow/example_dags/example_sensors.py
[2024-04-21T20:10:04.702+0000] {processor.py:840} INFO - DAG(s) 'example_sensors' retrieved from /home/airflow/.local/lib/python3.9/site-packages/airflow/example_dags/example_sensors.py
[2024-04-21T20:10:04.763+0000] {logging_mixin.py:188} INFO - [2024-04-21T20:10:04.763+0000] {dag.py:3047} INFO - Sync 1 DAGs
[2024-04-21T20:10:04.775+0000] {logging_mixin.py:188} INFO - [2024-04-21T20:10:04.774+0000] {dag.py:3834} INFO - Setting next_dagrun for example_sensors to None, run_after=None
[2024-04-21T20:10:04.810+0000] {processor.py:183} INFO - Processing /home/airflow/.local/lib/python3.9/site-packages/airflow/example_dags/example_sensors.py took 0.125 seconds
[2024-04-21T20:10:35.665+0000] {processor.py:161} INFO - Started process (PID=870) to work on /home/airflow/.local/lib/python3.9/site-packages/airflow/example_dags/example_sensors.py
[2024-04-21T20:10:35.667+0000] {processor.py:830} INFO - Processing file /home/airflow/.local/lib/python3.9/site-packages/airflow/example_dags/example_sensors.py for tasks to queue
[2024-04-21T20:10:35.670+0000] {logging_mixin.py:188} INFO - [2024-04-21T20:10:35.669+0000] {dagbag.py:540} INFO - Filling up the DagBag from /home/airflow/.local/lib/python3.9/site-packages/airflow/example_dags/example_sensors.py
[2024-04-21T20:10:35.683+0000] {processor.py:840} INFO - DAG(s) 'example_sensors' retrieved from /home/airflow/.local/lib/python3.9/site-packages/airflow/example_dags/example_sensors.py
[2024-04-21T20:10:35.775+0000] {logging_mixin.py:188} INFO - [2024-04-21T20:10:35.774+0000] {dag.py:3047} INFO - Sync 1 DAGs
[2024-04-21T20:10:35.793+0000] {logging_mixin.py:188} INFO - [2024-04-21T20:10:35.792+0000] {dag.py:3834} INFO - Setting next_dagrun for example_sensors to None, run_after=None
[2024-04-21T20:10:35.841+0000] {processor.py:183} INFO - Processing /home/airflow/.local/lib/python3.9/site-packages/airflow/example_dags/example_sensors.py took 0.181 seconds
[2024-04-21T20:11:06.254+0000] {processor.py:161} INFO - Started process (PID=929) to work on /home/airflow/.local/lib/python3.9/site-packages/airflow/example_dags/example_sensors.py
[2024-04-21T20:11:06.257+0000] {processor.py:830} INFO - Processing file /home/airflow/.local/lib/python3.9/site-packages/airflow/example_dags/example_sensors.py for tasks to queue
[2024-04-21T20:11:06.266+0000] {logging_mixin.py:188} INFO - [2024-04-21T20:11:06.261+0000] {dagbag.py:540} INFO - Filling up the DagBag from /home/airflow/.local/lib/python3.9/site-packages/airflow/example_dags/example_sensors.py
[2024-04-21T20:11:06.314+0000] {processor.py:840} INFO - DAG(s) 'example_sensors' retrieved from /home/airflow/.local/lib/python3.9/site-packages/airflow/example_dags/example_sensors.py
[2024-04-21T20:11:06.459+0000] {logging_mixin.py:188} INFO - [2024-04-21T20:11:06.458+0000] {dag.py:3047} INFO - Sync 1 DAGs
[2024-04-21T20:11:06.477+0000] {logging_mixin.py:188} INFO - [2024-04-21T20:11:06.477+0000] {dag.py:3834} INFO - Setting next_dagrun for example_sensors to None, run_after=None
[2024-04-21T20:11:06.520+0000] {processor.py:183} INFO - Processing /home/airflow/.local/lib/python3.9/site-packages/airflow/example_dags/example_sensors.py took 0.274 seconds
[2024-04-21T20:14:20.577+0000] {processor.py:161} INFO - Started process (PID=57) to work on /home/airflow/.local/lib/python3.9/site-packages/airflow/example_dags/example_sensors.py
[2024-04-21T20:14:20.579+0000] {processor.py:830} INFO - Processing file /home/airflow/.local/lib/python3.9/site-packages/airflow/example_dags/example_sensors.py for tasks to queue
[2024-04-21T20:14:20.583+0000] {logging_mixin.py:188} INFO - [2024-04-21T20:14:20.582+0000] {dagbag.py:540} INFO - Filling up the DagBag from /home/airflow/.local/lib/python3.9/site-packages/airflow/example_dags/example_sensors.py
[2024-04-21T20:14:20.599+0000] {processor.py:840} INFO - DAG(s) 'example_sensors' retrieved from /home/airflow/.local/lib/python3.9/site-packages/airflow/example_dags/example_sensors.py
[2024-04-21T20:14:21.226+0000] {logging_mixin.py:188} INFO - [2024-04-21T20:14:21.225+0000] {dag.py:3047} INFO - Sync 1 DAGs
[2024-04-21T20:14:21.261+0000] {logging_mixin.py:188} INFO - [2024-04-21T20:14:21.260+0000] {dag.py:3834} INFO - Setting next_dagrun for example_sensors to None, run_after=None
[2024-04-21T20:14:21.319+0000] {processor.py:183} INFO - Processing /home/airflow/.local/lib/python3.9/site-packages/airflow/example_dags/example_sensors.py took 0.745 seconds
[2024-04-21T20:14:51.364+0000] {processor.py:161} INFO - Started process (PID=115) to work on /home/airflow/.local/lib/python3.9/site-packages/airflow/example_dags/example_sensors.py
[2024-04-21T20:14:51.366+0000] {processor.py:830} INFO - Processing file /home/airflow/.local/lib/python3.9/site-packages/airflow/example_dags/example_sensors.py for tasks to queue
[2024-04-21T20:14:51.369+0000] {logging_mixin.py:188} INFO - [2024-04-21T20:14:51.369+0000] {dagbag.py:540} INFO - Filling up the DagBag from /home/airflow/.local/lib/python3.9/site-packages/airflow/example_dags/example_sensors.py
[2024-04-21T20:14:51.380+0000] {processor.py:840} INFO - DAG(s) 'example_sensors' retrieved from /home/airflow/.local/lib/python3.9/site-packages/airflow/example_dags/example_sensors.py
[2024-04-21T20:14:51.471+0000] {logging_mixin.py:188} INFO - [2024-04-21T20:14:51.471+0000] {dag.py:3047} INFO - Sync 1 DAGs
[2024-04-21T20:14:51.490+0000] {logging_mixin.py:188} INFO - [2024-04-21T20:14:51.490+0000] {dag.py:3834} INFO - Setting next_dagrun for example_sensors to None, run_after=None
[2024-04-21T20:14:51.530+0000] {processor.py:183} INFO - Processing /home/airflow/.local/lib/python3.9/site-packages/airflow/example_dags/example_sensors.py took 0.170 seconds
[2024-04-21T20:15:21.702+0000] {processor.py:161} INFO - Started process (PID=172) to work on /home/airflow/.local/lib/python3.9/site-packages/airflow/example_dags/example_sensors.py
[2024-04-21T20:15:21.703+0000] {processor.py:830} INFO - Processing file /home/airflow/.local/lib/python3.9/site-packages/airflow/example_dags/example_sensors.py for tasks to queue
[2024-04-21T20:15:21.706+0000] {logging_mixin.py:188} INFO - [2024-04-21T20:15:21.705+0000] {dagbag.py:540} INFO - Filling up the DagBag from /home/airflow/.local/lib/python3.9/site-packages/airflow/example_dags/example_sensors.py
[2024-04-21T20:15:21.717+0000] {processor.py:840} INFO - DAG(s) 'example_sensors' retrieved from /home/airflow/.local/lib/python3.9/site-packages/airflow/example_dags/example_sensors.py
[2024-04-21T20:15:21.783+0000] {logging_mixin.py:188} INFO - [2024-04-21T20:15:21.782+0000] {dag.py:3047} INFO - Sync 1 DAGs
[2024-04-21T20:15:21.796+0000] {logging_mixin.py:188} INFO - [2024-04-21T20:15:21.796+0000] {dag.py:3834} INFO - Setting next_dagrun for example_sensors to None, run_after=None
[2024-04-21T20:15:21.827+0000] {processor.py:183} INFO - Processing /home/airflow/.local/lib/python3.9/site-packages/airflow/example_dags/example_sensors.py took 0.129 seconds
[2024-04-21T20:16:17.224+0000] {processor.py:161} INFO - Started process (PID=57) to work on /home/airflow/.local/lib/python3.9/site-packages/airflow/example_dags/example_sensors.py
[2024-04-21T20:16:17.225+0000] {processor.py:830} INFO - Processing file /home/airflow/.local/lib/python3.9/site-packages/airflow/example_dags/example_sensors.py for tasks to queue
[2024-04-21T20:16:17.227+0000] {logging_mixin.py:188} INFO - [2024-04-21T20:16:17.226+0000] {dagbag.py:540} INFO - Filling up the DagBag from /home/airflow/.local/lib/python3.9/site-packages/airflow/example_dags/example_sensors.py
[2024-04-21T20:16:17.241+0000] {processor.py:840} INFO - DAG(s) 'example_sensors' retrieved from /home/airflow/.local/lib/python3.9/site-packages/airflow/example_dags/example_sensors.py
[2024-04-21T20:16:17.319+0000] {logging_mixin.py:188} INFO - [2024-04-21T20:16:17.319+0000] {dag.py:3047} INFO - Sync 1 DAGs
[2024-04-21T20:16:17.338+0000] {logging_mixin.py:188} INFO - [2024-04-21T20:16:17.337+0000] {dag.py:3834} INFO - Setting next_dagrun for example_sensors to None, run_after=None
[2024-04-21T20:16:17.380+0000] {processor.py:183} INFO - Processing /home/airflow/.local/lib/python3.9/site-packages/airflow/example_dags/example_sensors.py took 0.159 seconds
[2024-04-21T20:16:47.978+0000] {processor.py:161} INFO - Started process (PID=114) to work on /home/airflow/.local/lib/python3.9/site-packages/airflow/example_dags/example_sensors.py
[2024-04-21T20:16:47.979+0000] {processor.py:830} INFO - Processing file /home/airflow/.local/lib/python3.9/site-packages/airflow/example_dags/example_sensors.py for tasks to queue
[2024-04-21T20:16:47.981+0000] {logging_mixin.py:188} INFO - [2024-04-21T20:16:47.981+0000] {dagbag.py:540} INFO - Filling up the DagBag from /home/airflow/.local/lib/python3.9/site-packages/airflow/example_dags/example_sensors.py
[2024-04-21T20:16:47.992+0000] {processor.py:840} INFO - DAG(s) 'example_sensors' retrieved from /home/airflow/.local/lib/python3.9/site-packages/airflow/example_dags/example_sensors.py
[2024-04-21T20:16:48.058+0000] {logging_mixin.py:188} INFO - [2024-04-21T20:16:48.057+0000] {dag.py:3047} INFO - Sync 1 DAGs
[2024-04-21T20:16:48.073+0000] {logging_mixin.py:188} INFO - [2024-04-21T20:16:48.072+0000] {dag.py:3834} INFO - Setting next_dagrun for example_sensors to None, run_after=None
[2024-04-21T20:16:48.110+0000] {processor.py:183} INFO - Processing /home/airflow/.local/lib/python3.9/site-packages/airflow/example_dags/example_sensors.py took 0.136 seconds
[2024-04-21T20:17:18.546+0000] {processor.py:161} INFO - Started process (PID=171) to work on /home/airflow/.local/lib/python3.9/site-packages/airflow/example_dags/example_sensors.py
[2024-04-21T20:17:18.548+0000] {processor.py:830} INFO - Processing file /home/airflow/.local/lib/python3.9/site-packages/airflow/example_dags/example_sensors.py for tasks to queue
[2024-04-21T20:17:18.550+0000] {logging_mixin.py:188} INFO - [2024-04-21T20:17:18.549+0000] {dagbag.py:540} INFO - Filling up the DagBag from /home/airflow/.local/lib/python3.9/site-packages/airflow/example_dags/example_sensors.py
[2024-04-21T20:17:18.559+0000] {processor.py:840} INFO - DAG(s) 'example_sensors' retrieved from /home/airflow/.local/lib/python3.9/site-packages/airflow/example_dags/example_sensors.py
[2024-04-21T20:17:18.622+0000] {logging_mixin.py:188} INFO - [2024-04-21T20:17:18.622+0000] {dag.py:3047} INFO - Sync 1 DAGs
[2024-04-21T20:17:18.637+0000] {logging_mixin.py:188} INFO - [2024-04-21T20:17:18.637+0000] {dag.py:3834} INFO - Setting next_dagrun for example_sensors to None, run_after=None
[2024-04-21T20:17:18.672+0000] {processor.py:183} INFO - Processing /home/airflow/.local/lib/python3.9/site-packages/airflow/example_dags/example_sensors.py took 0.129 seconds
[2024-04-21T20:17:49.310+0000] {processor.py:161} INFO - Started process (PID=228) to work on /home/airflow/.local/lib/python3.9/site-packages/airflow/example_dags/example_sensors.py
[2024-04-21T20:17:49.311+0000] {processor.py:830} INFO - Processing file /home/airflow/.local/lib/python3.9/site-packages/airflow/example_dags/example_sensors.py for tasks to queue
[2024-04-21T20:17:49.313+0000] {logging_mixin.py:188} INFO - [2024-04-21T20:17:49.313+0000] {dagbag.py:540} INFO - Filling up the DagBag from /home/airflow/.local/lib/python3.9/site-packages/airflow/example_dags/example_sensors.py
[2024-04-21T20:17:49.322+0000] {processor.py:840} INFO - DAG(s) 'example_sensors' retrieved from /home/airflow/.local/lib/python3.9/site-packages/airflow/example_dags/example_sensors.py
[2024-04-21T20:17:49.381+0000] {logging_mixin.py:188} INFO - [2024-04-21T20:17:49.381+0000] {dag.py:3047} INFO - Sync 1 DAGs
[2024-04-21T20:17:49.394+0000] {logging_mixin.py:188} INFO - [2024-04-21T20:17:49.394+0000] {dag.py:3834} INFO - Setting next_dagrun for example_sensors to None, run_after=None
[2024-04-21T20:17:49.431+0000] {processor.py:183} INFO - Processing /home/airflow/.local/lib/python3.9/site-packages/airflow/example_dags/example_sensors.py took 0.124 seconds
[2024-04-21T20:18:20.245+0000] {processor.py:161} INFO - Started process (PID=285) to work on /home/airflow/.local/lib/python3.9/site-packages/airflow/example_dags/example_sensors.py
[2024-04-21T20:18:20.246+0000] {processor.py:830} INFO - Processing file /home/airflow/.local/lib/python3.9/site-packages/airflow/example_dags/example_sensors.py for tasks to queue
[2024-04-21T20:18:20.249+0000] {logging_mixin.py:188} INFO - [2024-04-21T20:18:20.248+0000] {dagbag.py:540} INFO - Filling up the DagBag from /home/airflow/.local/lib/python3.9/site-packages/airflow/example_dags/example_sensors.py
[2024-04-21T20:18:20.259+0000] {processor.py:840} INFO - DAG(s) 'example_sensors' retrieved from /home/airflow/.local/lib/python3.9/site-packages/airflow/example_dags/example_sensors.py
[2024-04-21T20:18:20.321+0000] {logging_mixin.py:188} INFO - [2024-04-21T20:18:20.321+0000] {dag.py:3047} INFO - Sync 1 DAGs
[2024-04-21T20:18:20.333+0000] {logging_mixin.py:188} INFO - [2024-04-21T20:18:20.333+0000] {dag.py:3834} INFO - Setting next_dagrun for example_sensors to None, run_after=None
[2024-04-21T20:18:20.374+0000] {processor.py:183} INFO - Processing /home/airflow/.local/lib/python3.9/site-packages/airflow/example_dags/example_sensors.py took 0.133 seconds
[2024-04-21T20:18:51.526+0000] {processor.py:161} INFO - Started process (PID=342) to work on /home/airflow/.local/lib/python3.9/site-packages/airflow/example_dags/example_sensors.py
[2024-04-21T20:18:51.527+0000] {processor.py:830} INFO - Processing file /home/airflow/.local/lib/python3.9/site-packages/airflow/example_dags/example_sensors.py for tasks to queue
[2024-04-21T20:18:51.530+0000] {logging_mixin.py:188} INFO - [2024-04-21T20:18:51.529+0000] {dagbag.py:540} INFO - Filling up the DagBag from /home/airflow/.local/lib/python3.9/site-packages/airflow/example_dags/example_sensors.py
[2024-04-21T20:18:51.540+0000] {processor.py:840} INFO - DAG(s) 'example_sensors' retrieved from /home/airflow/.local/lib/python3.9/site-packages/airflow/example_dags/example_sensors.py
[2024-04-21T20:18:51.619+0000] {logging_mixin.py:188} INFO - [2024-04-21T20:18:51.619+0000] {dag.py:3047} INFO - Sync 1 DAGs
[2024-04-21T20:18:51.637+0000] {logging_mixin.py:188} INFO - [2024-04-21T20:18:51.636+0000] {dag.py:3834} INFO - Setting next_dagrun for example_sensors to None, run_after=None
[2024-04-21T20:18:51.692+0000] {processor.py:183} INFO - Processing /home/airflow/.local/lib/python3.9/site-packages/airflow/example_dags/example_sensors.py took 0.169 seconds
[2024-04-21T20:32:50.659+0000] {processor.py:161} INFO - Started process (PID=57) to work on /home/airflow/.local/lib/python3.9/site-packages/airflow/example_dags/example_sensors.py
[2024-04-21T20:32:50.665+0000] {processor.py:830} INFO - Processing file /home/airflow/.local/lib/python3.9/site-packages/airflow/example_dags/example_sensors.py for tasks to queue
[2024-04-21T20:32:50.667+0000] {logging_mixin.py:188} INFO - [2024-04-21T20:32:50.667+0000] {dagbag.py:540} INFO - Filling up the DagBag from /home/airflow/.local/lib/python3.9/site-packages/airflow/example_dags/example_sensors.py
[2024-04-21T20:32:50.684+0000] {processor.py:840} INFO - DAG(s) 'example_sensors' retrieved from /home/airflow/.local/lib/python3.9/site-packages/airflow/example_dags/example_sensors.py
[2024-04-21T20:32:51.048+0000] {logging_mixin.py:188} INFO - [2024-04-21T20:32:51.047+0000] {dag.py:3047} INFO - Sync 1 DAGs
[2024-04-21T20:32:51.072+0000] {logging_mixin.py:188} INFO - [2024-04-21T20:32:51.071+0000] {dag.py:3834} INFO - Setting next_dagrun for example_sensors to None, run_after=None
[2024-04-21T20:32:51.130+0000] {processor.py:183} INFO - Processing /home/airflow/.local/lib/python3.9/site-packages/airflow/example_dags/example_sensors.py took 0.474 seconds
[2024-04-21T20:33:23.235+0000] {processor.py:161} INFO - Started process (PID=57) to work on /home/airflow/.local/lib/python3.9/site-packages/airflow/example_dags/example_sensors.py
[2024-04-21T20:33:23.237+0000] {processor.py:830} INFO - Processing file /home/airflow/.local/lib/python3.9/site-packages/airflow/example_dags/example_sensors.py for tasks to queue
[2024-04-21T20:33:23.240+0000] {logging_mixin.py:188} INFO - [2024-04-21T20:33:23.239+0000] {dagbag.py:540} INFO - Filling up the DagBag from /home/airflow/.local/lib/python3.9/site-packages/airflow/example_dags/example_sensors.py
[2024-04-21T20:33:23.255+0000] {processor.py:840} INFO - DAG(s) 'example_sensors' retrieved from /home/airflow/.local/lib/python3.9/site-packages/airflow/example_dags/example_sensors.py
[2024-04-21T20:33:23.323+0000] {logging_mixin.py:188} INFO - [2024-04-21T20:33:23.323+0000] {dag.py:3047} INFO - Sync 1 DAGs
[2024-04-21T20:33:23.338+0000] {logging_mixin.py:188} INFO - [2024-04-21T20:33:23.337+0000] {dag.py:3834} INFO - Setting next_dagrun for example_sensors to None, run_after=None
[2024-04-21T20:33:23.370+0000] {processor.py:183} INFO - Processing /home/airflow/.local/lib/python3.9/site-packages/airflow/example_dags/example_sensors.py took 0.140 seconds
[2024-04-21T20:33:54.069+0000] {processor.py:161} INFO - Started process (PID=114) to work on /home/airflow/.local/lib/python3.9/site-packages/airflow/example_dags/example_sensors.py
[2024-04-21T20:33:54.070+0000] {processor.py:830} INFO - Processing file /home/airflow/.local/lib/python3.9/site-packages/airflow/example_dags/example_sensors.py for tasks to queue
[2024-04-21T20:33:54.073+0000] {logging_mixin.py:188} INFO - [2024-04-21T20:33:54.072+0000] {dagbag.py:540} INFO - Filling up the DagBag from /home/airflow/.local/lib/python3.9/site-packages/airflow/example_dags/example_sensors.py
[2024-04-21T20:33:54.083+0000] {processor.py:840} INFO - DAG(s) 'example_sensors' retrieved from /home/airflow/.local/lib/python3.9/site-packages/airflow/example_dags/example_sensors.py
[2024-04-21T20:33:54.147+0000] {logging_mixin.py:188} INFO - [2024-04-21T20:33:54.147+0000] {dag.py:3047} INFO - Sync 1 DAGs
[2024-04-21T20:33:54.160+0000] {logging_mixin.py:188} INFO - [2024-04-21T20:33:54.160+0000] {dag.py:3834} INFO - Setting next_dagrun for example_sensors to None, run_after=None
[2024-04-21T20:33:54.194+0000] {processor.py:183} INFO - Processing /home/airflow/.local/lib/python3.9/site-packages/airflow/example_dags/example_sensors.py took 0.130 seconds
[2024-04-21T20:34:30.748+0000] {processor.py:161} INFO - Started process (PID=57) to work on /home/airflow/.local/lib/python3.9/site-packages/airflow/example_dags/example_sensors.py
[2024-04-21T20:34:30.749+0000] {processor.py:830} INFO - Processing file /home/airflow/.local/lib/python3.9/site-packages/airflow/example_dags/example_sensors.py for tasks to queue
[2024-04-21T20:34:30.751+0000] {logging_mixin.py:188} INFO - [2024-04-21T20:34:30.751+0000] {dagbag.py:540} INFO - Filling up the DagBag from /home/airflow/.local/lib/python3.9/site-packages/airflow/example_dags/example_sensors.py
[2024-04-21T20:34:30.763+0000] {processor.py:840} INFO - DAG(s) 'example_sensors' retrieved from /home/airflow/.local/lib/python3.9/site-packages/airflow/example_dags/example_sensors.py
[2024-04-21T20:34:30.858+0000] {logging_mixin.py:188} INFO - [2024-04-21T20:34:30.858+0000] {dag.py:3047} INFO - Sync 1 DAGs
[2024-04-21T20:34:30.874+0000] {logging_mixin.py:188} INFO - [2024-04-21T20:34:30.873+0000] {dag.py:3834} INFO - Setting next_dagrun for example_sensors to None, run_after=None
[2024-04-21T20:34:30.917+0000] {processor.py:183} INFO - Processing /home/airflow/.local/lib/python3.9/site-packages/airflow/example_dags/example_sensors.py took 0.172 seconds
[2024-04-21T20:35:01.887+0000] {processor.py:161} INFO - Started process (PID=114) to work on /home/airflow/.local/lib/python3.9/site-packages/airflow/example_dags/example_sensors.py
[2024-04-21T20:35:01.889+0000] {processor.py:830} INFO - Processing file /home/airflow/.local/lib/python3.9/site-packages/airflow/example_dags/example_sensors.py for tasks to queue
[2024-04-21T20:35:01.891+0000] {logging_mixin.py:188} INFO - [2024-04-21T20:35:01.891+0000] {dagbag.py:540} INFO - Filling up the DagBag from /home/airflow/.local/lib/python3.9/site-packages/airflow/example_dags/example_sensors.py
[2024-04-21T20:35:01.901+0000] {processor.py:840} INFO - DAG(s) 'example_sensors' retrieved from /home/airflow/.local/lib/python3.9/site-packages/airflow/example_dags/example_sensors.py
[2024-04-21T20:35:01.965+0000] {logging_mixin.py:188} INFO - [2024-04-21T20:35:01.964+0000] {dag.py:3047} INFO - Sync 1 DAGs
[2024-04-21T20:35:01.979+0000] {logging_mixin.py:188} INFO - [2024-04-21T20:35:01.979+0000] {dag.py:3834} INFO - Setting next_dagrun for example_sensors to None, run_after=None
[2024-04-21T20:35:02.015+0000] {processor.py:183} INFO - Processing /home/airflow/.local/lib/python3.9/site-packages/airflow/example_dags/example_sensors.py took 0.130 seconds
[2024-04-21T20:35:32.623+0000] {processor.py:161} INFO - Started process (PID=171) to work on /home/airflow/.local/lib/python3.9/site-packages/airflow/example_dags/example_sensors.py
[2024-04-21T20:35:32.624+0000] {processor.py:830} INFO - Processing file /home/airflow/.local/lib/python3.9/site-packages/airflow/example_dags/example_sensors.py for tasks to queue
[2024-04-21T20:35:32.626+0000] {logging_mixin.py:188} INFO - [2024-04-21T20:35:32.626+0000] {dagbag.py:540} INFO - Filling up the DagBag from /home/airflow/.local/lib/python3.9/site-packages/airflow/example_dags/example_sensors.py
[2024-04-21T20:35:32.635+0000] {processor.py:840} INFO - DAG(s) 'example_sensors' retrieved from /home/airflow/.local/lib/python3.9/site-packages/airflow/example_dags/example_sensors.py
[2024-04-21T20:35:32.694+0000] {logging_mixin.py:188} INFO - [2024-04-21T20:35:32.694+0000] {dag.py:3047} INFO - Sync 1 DAGs
[2024-04-21T20:35:32.707+0000] {logging_mixin.py:188} INFO - [2024-04-21T20:35:32.706+0000] {dag.py:3834} INFO - Setting next_dagrun for example_sensors to None, run_after=None
[2024-04-21T20:35:32.744+0000] {processor.py:183} INFO - Processing /home/airflow/.local/lib/python3.9/site-packages/airflow/example_dags/example_sensors.py took 0.124 seconds
[2024-04-21T20:36:03.795+0000] {processor.py:161} INFO - Started process (PID=228) to work on /home/airflow/.local/lib/python3.9/site-packages/airflow/example_dags/example_sensors.py
[2024-04-21T20:36:03.797+0000] {processor.py:830} INFO - Processing file /home/airflow/.local/lib/python3.9/site-packages/airflow/example_dags/example_sensors.py for tasks to queue
[2024-04-21T20:36:03.799+0000] {logging_mixin.py:188} INFO - [2024-04-21T20:36:03.798+0000] {dagbag.py:540} INFO - Filling up the DagBag from /home/airflow/.local/lib/python3.9/site-packages/airflow/example_dags/example_sensors.py
[2024-04-21T20:36:03.808+0000] {processor.py:840} INFO - DAG(s) 'example_sensors' retrieved from /home/airflow/.local/lib/python3.9/site-packages/airflow/example_dags/example_sensors.py
[2024-04-21T20:36:03.869+0000] {logging_mixin.py:188} INFO - [2024-04-21T20:36:03.869+0000] {dag.py:3047} INFO - Sync 1 DAGs
[2024-04-21T20:36:03.884+0000] {logging_mixin.py:188} INFO - [2024-04-21T20:36:03.884+0000] {dag.py:3834} INFO - Setting next_dagrun for example_sensors to None, run_after=None
[2024-04-21T20:36:03.920+0000] {processor.py:183} INFO - Processing /home/airflow/.local/lib/python3.9/site-packages/airflow/example_dags/example_sensors.py took 0.127 seconds
[2024-04-21T20:36:35.364+0000] {processor.py:161} INFO - Started process (PID=285) to work on /home/airflow/.local/lib/python3.9/site-packages/airflow/example_dags/example_sensors.py
[2024-04-21T20:36:35.365+0000] {processor.py:830} INFO - Processing file /home/airflow/.local/lib/python3.9/site-packages/airflow/example_dags/example_sensors.py for tasks to queue
[2024-04-21T20:36:35.368+0000] {logging_mixin.py:188} INFO - [2024-04-21T20:36:35.367+0000] {dagbag.py:540} INFO - Filling up the DagBag from /home/airflow/.local/lib/python3.9/site-packages/airflow/example_dags/example_sensors.py
[2024-04-21T20:36:35.377+0000] {processor.py:840} INFO - DAG(s) 'example_sensors' retrieved from /home/airflow/.local/lib/python3.9/site-packages/airflow/example_dags/example_sensors.py
[2024-04-21T20:36:35.441+0000] {logging_mixin.py:188} INFO - [2024-04-21T20:36:35.440+0000] {dag.py:3047} INFO - Sync 1 DAGs
[2024-04-21T20:36:35.456+0000] {logging_mixin.py:188} INFO - [2024-04-21T20:36:35.456+0000] {dag.py:3834} INFO - Setting next_dagrun for example_sensors to None, run_after=None
[2024-04-21T20:36:35.491+0000] {processor.py:183} INFO - Processing /home/airflow/.local/lib/python3.9/site-packages/airflow/example_dags/example_sensors.py took 0.131 seconds
[2024-04-21T20:37:06.110+0000] {processor.py:161} INFO - Started process (PID=342) to work on /home/airflow/.local/lib/python3.9/site-packages/airflow/example_dags/example_sensors.py
[2024-04-21T20:37:06.111+0000] {processor.py:830} INFO - Processing file /home/airflow/.local/lib/python3.9/site-packages/airflow/example_dags/example_sensors.py for tasks to queue
[2024-04-21T20:37:06.113+0000] {logging_mixin.py:188} INFO - [2024-04-21T20:37:06.113+0000] {dagbag.py:540} INFO - Filling up the DagBag from /home/airflow/.local/lib/python3.9/site-packages/airflow/example_dags/example_sensors.py
[2024-04-21T20:37:06.122+0000] {processor.py:840} INFO - DAG(s) 'example_sensors' retrieved from /home/airflow/.local/lib/python3.9/site-packages/airflow/example_dags/example_sensors.py
[2024-04-21T20:37:06.178+0000] {logging_mixin.py:188} INFO - [2024-04-21T20:37:06.177+0000] {dag.py:3047} INFO - Sync 1 DAGs
[2024-04-21T20:37:06.189+0000] {logging_mixin.py:188} INFO - [2024-04-21T20:37:06.189+0000] {dag.py:3834} INFO - Setting next_dagrun for example_sensors to None, run_after=None
[2024-04-21T20:37:06.221+0000] {processor.py:183} INFO - Processing /home/airflow/.local/lib/python3.9/site-packages/airflow/example_dags/example_sensors.py took 0.114 seconds
[2024-04-21T20:37:36.571+0000] {processor.py:161} INFO - Started process (PID=399) to work on /home/airflow/.local/lib/python3.9/site-packages/airflow/example_dags/example_sensors.py
[2024-04-21T20:37:36.572+0000] {processor.py:830} INFO - Processing file /home/airflow/.local/lib/python3.9/site-packages/airflow/example_dags/example_sensors.py for tasks to queue
[2024-04-21T20:37:36.574+0000] {logging_mixin.py:188} INFO - [2024-04-21T20:37:36.574+0000] {dagbag.py:540} INFO - Filling up the DagBag from /home/airflow/.local/lib/python3.9/site-packages/airflow/example_dags/example_sensors.py
[2024-04-21T20:37:36.583+0000] {processor.py:840} INFO - DAG(s) 'example_sensors' retrieved from /home/airflow/.local/lib/python3.9/site-packages/airflow/example_dags/example_sensors.py
[2024-04-21T20:37:36.641+0000] {logging_mixin.py:188} INFO - [2024-04-21T20:37:36.641+0000] {dag.py:3047} INFO - Sync 1 DAGs
[2024-04-21T20:37:36.654+0000] {logging_mixin.py:188} INFO - [2024-04-21T20:37:36.654+0000] {dag.py:3834} INFO - Setting next_dagrun for example_sensors to None, run_after=None
[2024-04-21T20:37:36.687+0000] {processor.py:183} INFO - Processing /home/airflow/.local/lib/python3.9/site-packages/airflow/example_dags/example_sensors.py took 0.118 seconds
[2024-04-21T20:38:08.331+0000] {processor.py:161} INFO - Started process (PID=456) to work on /home/airflow/.local/lib/python3.9/site-packages/airflow/example_dags/example_sensors.py
[2024-04-21T20:38:08.332+0000] {processor.py:830} INFO - Processing file /home/airflow/.local/lib/python3.9/site-packages/airflow/example_dags/example_sensors.py for tasks to queue
[2024-04-21T20:38:08.334+0000] {logging_mixin.py:188} INFO - [2024-04-21T20:38:08.334+0000] {dagbag.py:540} INFO - Filling up the DagBag from /home/airflow/.local/lib/python3.9/site-packages/airflow/example_dags/example_sensors.py
[2024-04-21T20:38:08.345+0000] {processor.py:840} INFO - DAG(s) 'example_sensors' retrieved from /home/airflow/.local/lib/python3.9/site-packages/airflow/example_dags/example_sensors.py
[2024-04-21T20:38:08.440+0000] {logging_mixin.py:188} INFO - [2024-04-21T20:38:08.440+0000] {dag.py:3047} INFO - Sync 1 DAGs
[2024-04-21T20:38:08.458+0000] {logging_mixin.py:188} INFO - [2024-04-21T20:38:08.458+0000] {dag.py:3834} INFO - Setting next_dagrun for example_sensors to None, run_after=None
[2024-04-21T20:38:08.509+0000] {processor.py:183} INFO - Processing /home/airflow/.local/lib/python3.9/site-packages/airflow/example_dags/example_sensors.py took 0.182 seconds
[2024-04-21T20:38:40.235+0000] {processor.py:161} INFO - Started process (PID=513) to work on /home/airflow/.local/lib/python3.9/site-packages/airflow/example_dags/example_sensors.py
[2024-04-21T20:38:40.236+0000] {processor.py:830} INFO - Processing file /home/airflow/.local/lib/python3.9/site-packages/airflow/example_dags/example_sensors.py for tasks to queue
[2024-04-21T20:38:40.238+0000] {logging_mixin.py:188} INFO - [2024-04-21T20:38:40.238+0000] {dagbag.py:540} INFO - Filling up the DagBag from /home/airflow/.local/lib/python3.9/site-packages/airflow/example_dags/example_sensors.py
[2024-04-21T20:38:40.247+0000] {processor.py:840} INFO - DAG(s) 'example_sensors' retrieved from /home/airflow/.local/lib/python3.9/site-packages/airflow/example_dags/example_sensors.py
[2024-04-21T20:38:40.306+0000] {logging_mixin.py:188} INFO - [2024-04-21T20:38:40.306+0000] {dag.py:3047} INFO - Sync 1 DAGs
[2024-04-21T20:38:40.319+0000] {logging_mixin.py:188} INFO - [2024-04-21T20:38:40.319+0000] {dag.py:3834} INFO - Setting next_dagrun for example_sensors to None, run_after=None
[2024-04-21T20:38:40.354+0000] {processor.py:183} INFO - Processing /home/airflow/.local/lib/python3.9/site-packages/airflow/example_dags/example_sensors.py took 0.122 seconds
[2024-04-21T20:39:11.209+0000] {processor.py:161} INFO - Started process (PID=570) to work on /home/airflow/.local/lib/python3.9/site-packages/airflow/example_dags/example_sensors.py
[2024-04-21T20:39:11.211+0000] {processor.py:830} INFO - Processing file /home/airflow/.local/lib/python3.9/site-packages/airflow/example_dags/example_sensors.py for tasks to queue
[2024-04-21T20:39:11.214+0000] {logging_mixin.py:188} INFO - [2024-04-21T20:39:11.213+0000] {dagbag.py:540} INFO - Filling up the DagBag from /home/airflow/.local/lib/python3.9/site-packages/airflow/example_dags/example_sensors.py
[2024-04-21T20:39:11.226+0000] {processor.py:840} INFO - DAG(s) 'example_sensors' retrieved from /home/airflow/.local/lib/python3.9/site-packages/airflow/example_dags/example_sensors.py
[2024-04-21T20:39:11.515+0000] {logging_mixin.py:188} INFO - [2024-04-21T20:39:11.507+0000] {dag.py:3047} INFO - Sync 1 DAGs
[2024-04-21T20:39:11.621+0000] {logging_mixin.py:188} INFO - [2024-04-21T20:39:11.614+0000] {dag.py:3834} INFO - Setting next_dagrun for example_sensors to None, run_after=None
[2024-04-21T20:39:21.378+0000] {processor.py:183} INFO - Processing /home/airflow/.local/lib/python3.9/site-packages/airflow/example_dags/example_sensors.py took 10.172 seconds
[2024-04-21T20:40:41.916+0000] {processor.py:161} INFO - Started process (PID=601) to work on /home/airflow/.local/lib/python3.9/site-packages/airflow/example_dags/example_sensors.py
[2024-04-21T20:40:41.917+0000] {processor.py:830} INFO - Processing file /home/airflow/.local/lib/python3.9/site-packages/airflow/example_dags/example_sensors.py for tasks to queue
[2024-04-21T20:40:41.919+0000] {logging_mixin.py:188} INFO - [2024-04-21T20:40:41.919+0000] {dagbag.py:540} INFO - Filling up the DagBag from /home/airflow/.local/lib/python3.9/site-packages/airflow/example_dags/example_sensors.py
[2024-04-21T20:40:41.928+0000] {processor.py:840} INFO - DAG(s) 'example_sensors' retrieved from /home/airflow/.local/lib/python3.9/site-packages/airflow/example_dags/example_sensors.py
[2024-04-21T20:40:41.991+0000] {logging_mixin.py:188} INFO - [2024-04-21T20:40:41.991+0000] {dag.py:3047} INFO - Sync 1 DAGs
[2024-04-21T20:40:42.002+0000] {logging_mixin.py:188} INFO - [2024-04-21T20:40:42.002+0000] {dag.py:3834} INFO - Setting next_dagrun for example_sensors to None, run_after=None
[2024-04-21T20:40:42.034+0000] {processor.py:183} INFO - Processing /home/airflow/.local/lib/python3.9/site-packages/airflow/example_dags/example_sensors.py took 0.121 seconds
[2024-04-21T20:41:12.484+0000] {processor.py:161} INFO - Started process (PID=660) to work on /home/airflow/.local/lib/python3.9/site-packages/airflow/example_dags/example_sensors.py
[2024-04-21T20:41:12.486+0000] {processor.py:830} INFO - Processing file /home/airflow/.local/lib/python3.9/site-packages/airflow/example_dags/example_sensors.py for tasks to queue
[2024-04-21T20:41:12.490+0000] {logging_mixin.py:188} INFO - [2024-04-21T20:41:12.489+0000] {dagbag.py:540} INFO - Filling up the DagBag from /home/airflow/.local/lib/python3.9/site-packages/airflow/example_dags/example_sensors.py
[2024-04-21T20:41:12.502+0000] {processor.py:840} INFO - DAG(s) 'example_sensors' retrieved from /home/airflow/.local/lib/python3.9/site-packages/airflow/example_dags/example_sensors.py
[2024-04-21T20:41:12.579+0000] {logging_mixin.py:188} INFO - [2024-04-21T20:41:12.579+0000] {dag.py:3047} INFO - Sync 1 DAGs
[2024-04-21T20:41:12.594+0000] {logging_mixin.py:188} INFO - [2024-04-21T20:41:12.594+0000] {dag.py:3834} INFO - Setting next_dagrun for example_sensors to None, run_after=None
[2024-04-21T20:41:12.636+0000] {processor.py:183} INFO - Processing /home/airflow/.local/lib/python3.9/site-packages/airflow/example_dags/example_sensors.py took 0.159 seconds
[2024-04-21T20:41:43.601+0000] {processor.py:161} INFO - Started process (PID=717) to work on /home/airflow/.local/lib/python3.9/site-packages/airflow/example_dags/example_sensors.py
[2024-04-21T20:41:43.603+0000] {processor.py:830} INFO - Processing file /home/airflow/.local/lib/python3.9/site-packages/airflow/example_dags/example_sensors.py for tasks to queue
[2024-04-21T20:41:43.605+0000] {logging_mixin.py:188} INFO - [2024-04-21T20:41:43.605+0000] {dagbag.py:540} INFO - Filling up the DagBag from /home/airflow/.local/lib/python3.9/site-packages/airflow/example_dags/example_sensors.py
[2024-04-21T20:41:43.614+0000] {processor.py:840} INFO - DAG(s) 'example_sensors' retrieved from /home/airflow/.local/lib/python3.9/site-packages/airflow/example_dags/example_sensors.py
[2024-04-21T20:41:43.673+0000] {logging_mixin.py:188} INFO - [2024-04-21T20:41:43.673+0000] {dag.py:3047} INFO - Sync 1 DAGs
[2024-04-21T20:41:43.685+0000] {logging_mixin.py:188} INFO - [2024-04-21T20:41:43.685+0000] {dag.py:3834} INFO - Setting next_dagrun for example_sensors to None, run_after=None
[2024-04-21T20:41:43.717+0000] {processor.py:183} INFO - Processing /home/airflow/.local/lib/python3.9/site-packages/airflow/example_dags/example_sensors.py took 0.118 seconds
[2024-04-21T20:42:37.333+0000] {processor.py:161} INFO - Started process (PID=57) to work on /home/airflow/.local/lib/python3.9/site-packages/airflow/example_dags/example_sensors.py
[2024-04-21T20:42:37.334+0000] {processor.py:830} INFO - Processing file /home/airflow/.local/lib/python3.9/site-packages/airflow/example_dags/example_sensors.py for tasks to queue
[2024-04-21T20:42:37.336+0000] {logging_mixin.py:188} INFO - [2024-04-21T20:42:37.336+0000] {dagbag.py:540} INFO - Filling up the DagBag from /home/airflow/.local/lib/python3.9/site-packages/airflow/example_dags/example_sensors.py
[2024-04-21T20:42:37.348+0000] {processor.py:840} INFO - DAG(s) 'example_sensors' retrieved from /home/airflow/.local/lib/python3.9/site-packages/airflow/example_dags/example_sensors.py
[2024-04-21T20:42:37.411+0000] {logging_mixin.py:188} INFO - [2024-04-21T20:42:37.410+0000] {dag.py:3047} INFO - Sync 1 DAGs
[2024-04-21T20:42:37.424+0000] {logging_mixin.py:188} INFO - [2024-04-21T20:42:37.424+0000] {dag.py:3834} INFO - Setting next_dagrun for example_sensors to None, run_after=None
[2024-04-21T20:42:37.455+0000] {processor.py:183} INFO - Processing /home/airflow/.local/lib/python3.9/site-packages/airflow/example_dags/example_sensors.py took 0.125 seconds
[2024-04-21T20:43:08.641+0000] {processor.py:161} INFO - Started process (PID=114) to work on /home/airflow/.local/lib/python3.9/site-packages/airflow/example_dags/example_sensors.py
[2024-04-21T20:43:08.643+0000] {processor.py:830} INFO - Processing file /home/airflow/.local/lib/python3.9/site-packages/airflow/example_dags/example_sensors.py for tasks to queue
[2024-04-21T20:43:08.645+0000] {logging_mixin.py:188} INFO - [2024-04-21T20:43:08.645+0000] {dagbag.py:540} INFO - Filling up the DagBag from /home/airflow/.local/lib/python3.9/site-packages/airflow/example_dags/example_sensors.py
[2024-04-21T20:43:08.655+0000] {processor.py:840} INFO - DAG(s) 'example_sensors' retrieved from /home/airflow/.local/lib/python3.9/site-packages/airflow/example_dags/example_sensors.py
[2024-04-21T20:43:08.729+0000] {logging_mixin.py:188} INFO - [2024-04-21T20:43:08.728+0000] {dag.py:3047} INFO - Sync 1 DAGs
[2024-04-21T20:43:08.748+0000] {logging_mixin.py:188} INFO - [2024-04-21T20:43:08.747+0000] {dag.py:3834} INFO - Setting next_dagrun for example_sensors to None, run_after=None
[2024-04-21T20:43:08.797+0000] {processor.py:183} INFO - Processing /home/airflow/.local/lib/python3.9/site-packages/airflow/example_dags/example_sensors.py took 0.160 seconds
[2024-04-21T20:43:39.119+0000] {processor.py:161} INFO - Started process (PID=171) to work on /home/airflow/.local/lib/python3.9/site-packages/airflow/example_dags/example_sensors.py
[2024-04-21T20:43:39.121+0000] {processor.py:830} INFO - Processing file /home/airflow/.local/lib/python3.9/site-packages/airflow/example_dags/example_sensors.py for tasks to queue
[2024-04-21T20:43:39.124+0000] {logging_mixin.py:188} INFO - [2024-04-21T20:43:39.123+0000] {dagbag.py:540} INFO - Filling up the DagBag from /home/airflow/.local/lib/python3.9/site-packages/airflow/example_dags/example_sensors.py
[2024-04-21T20:43:39.134+0000] {processor.py:840} INFO - DAG(s) 'example_sensors' retrieved from /home/airflow/.local/lib/python3.9/site-packages/airflow/example_dags/example_sensors.py
[2024-04-21T20:43:39.193+0000] {logging_mixin.py:188} INFO - [2024-04-21T20:43:39.193+0000] {dag.py:3047} INFO - Sync 1 DAGs
[2024-04-21T20:43:39.205+0000] {logging_mixin.py:188} INFO - [2024-04-21T20:43:39.205+0000] {dag.py:3834} INFO - Setting next_dagrun for example_sensors to None, run_after=None
[2024-04-21T20:43:39.238+0000] {processor.py:183} INFO - Processing /home/airflow/.local/lib/python3.9/site-packages/airflow/example_dags/example_sensors.py took 0.122 seconds
[2024-04-21T20:44:10.492+0000] {processor.py:161} INFO - Started process (PID=228) to work on /home/airflow/.local/lib/python3.9/site-packages/airflow/example_dags/example_sensors.py
[2024-04-21T20:44:10.493+0000] {processor.py:830} INFO - Processing file /home/airflow/.local/lib/python3.9/site-packages/airflow/example_dags/example_sensors.py for tasks to queue
[2024-04-21T20:44:10.496+0000] {logging_mixin.py:188} INFO - [2024-04-21T20:44:10.495+0000] {dagbag.py:540} INFO - Filling up the DagBag from /home/airflow/.local/lib/python3.9/site-packages/airflow/example_dags/example_sensors.py
[2024-04-21T20:44:10.504+0000] {processor.py:840} INFO - DAG(s) 'example_sensors' retrieved from /home/airflow/.local/lib/python3.9/site-packages/airflow/example_dags/example_sensors.py
[2024-04-21T20:44:10.565+0000] {logging_mixin.py:188} INFO - [2024-04-21T20:44:10.564+0000] {dag.py:3047} INFO - Sync 1 DAGs
[2024-04-21T20:44:10.577+0000] {logging_mixin.py:188} INFO - [2024-04-21T20:44:10.577+0000] {dag.py:3834} INFO - Setting next_dagrun for example_sensors to None, run_after=None
[2024-04-21T20:44:10.610+0000] {processor.py:183} INFO - Processing /home/airflow/.local/lib/python3.9/site-packages/airflow/example_dags/example_sensors.py took 0.120 seconds
[2024-04-21T20:44:42.391+0000] {processor.py:161} INFO - Started process (PID=285) to work on /home/airflow/.local/lib/python3.9/site-packages/airflow/example_dags/example_sensors.py
[2024-04-21T20:44:42.393+0000] {processor.py:830} INFO - Processing file /home/airflow/.local/lib/python3.9/site-packages/airflow/example_dags/example_sensors.py for tasks to queue
[2024-04-21T20:44:42.395+0000] {logging_mixin.py:188} INFO - [2024-04-21T20:44:42.394+0000] {dagbag.py:540} INFO - Filling up the DagBag from /home/airflow/.local/lib/python3.9/site-packages/airflow/example_dags/example_sensors.py
[2024-04-21T20:44:42.403+0000] {processor.py:840} INFO - DAG(s) 'example_sensors' retrieved from /home/airflow/.local/lib/python3.9/site-packages/airflow/example_dags/example_sensors.py
[2024-04-21T20:44:42.462+0000] {logging_mixin.py:188} INFO - [2024-04-21T20:44:42.462+0000] {dag.py:3047} INFO - Sync 1 DAGs
[2024-04-21T20:44:42.475+0000] {logging_mixin.py:188} INFO - [2024-04-21T20:44:42.474+0000] {dag.py:3834} INFO - Setting next_dagrun for example_sensors to None, run_after=None
[2024-04-21T20:44:42.511+0000] {processor.py:183} INFO - Processing /home/airflow/.local/lib/python3.9/site-packages/airflow/example_dags/example_sensors.py took 0.122 seconds
[2024-04-21T20:45:13.117+0000] {processor.py:161} INFO - Started process (PID=342) to work on /home/airflow/.local/lib/python3.9/site-packages/airflow/example_dags/example_sensors.py
[2024-04-21T20:45:13.119+0000] {processor.py:830} INFO - Processing file /home/airflow/.local/lib/python3.9/site-packages/airflow/example_dags/example_sensors.py for tasks to queue
[2024-04-21T20:45:13.121+0000] {logging_mixin.py:188} INFO - [2024-04-21T20:45:13.120+0000] {dagbag.py:540} INFO - Filling up the DagBag from /home/airflow/.local/lib/python3.9/site-packages/airflow/example_dags/example_sensors.py
[2024-04-21T20:45:13.130+0000] {processor.py:840} INFO - DAG(s) 'example_sensors' retrieved from /home/airflow/.local/lib/python3.9/site-packages/airflow/example_dags/example_sensors.py
[2024-04-21T20:45:13.190+0000] {logging_mixin.py:188} INFO - [2024-04-21T20:45:13.190+0000] {dag.py:3047} INFO - Sync 1 DAGs
[2024-04-21T20:45:13.203+0000] {logging_mixin.py:188} INFO - [2024-04-21T20:45:13.203+0000] {dag.py:3834} INFO - Setting next_dagrun for example_sensors to None, run_after=None
[2024-04-21T20:45:13.237+0000] {processor.py:183} INFO - Processing /home/airflow/.local/lib/python3.9/site-packages/airflow/example_dags/example_sensors.py took 0.122 seconds
[2024-04-21T20:45:44.206+0000] {processor.py:161} INFO - Started process (PID=399) to work on /home/airflow/.local/lib/python3.9/site-packages/airflow/example_dags/example_sensors.py
[2024-04-21T20:45:44.208+0000] {processor.py:830} INFO - Processing file /home/airflow/.local/lib/python3.9/site-packages/airflow/example_dags/example_sensors.py for tasks to queue
[2024-04-21T20:45:44.211+0000] {logging_mixin.py:188} INFO - [2024-04-21T20:45:44.210+0000] {dagbag.py:540} INFO - Filling up the DagBag from /home/airflow/.local/lib/python3.9/site-packages/airflow/example_dags/example_sensors.py
[2024-04-21T20:45:44.222+0000] {processor.py:840} INFO - DAG(s) 'example_sensors' retrieved from /home/airflow/.local/lib/python3.9/site-packages/airflow/example_dags/example_sensors.py
[2024-04-21T20:45:44.299+0000] {logging_mixin.py:188} INFO - [2024-04-21T20:45:44.298+0000] {dag.py:3047} INFO - Sync 1 DAGs
[2024-04-21T20:45:44.317+0000] {logging_mixin.py:188} INFO - [2024-04-21T20:45:44.317+0000] {dag.py:3834} INFO - Setting next_dagrun for example_sensors to None, run_after=None
[2024-04-21T20:45:44.364+0000] {processor.py:183} INFO - Processing /home/airflow/.local/lib/python3.9/site-packages/airflow/example_dags/example_sensors.py took 0.162 seconds
[2024-04-21T20:46:14.946+0000] {processor.py:161} INFO - Started process (PID=456) to work on /home/airflow/.local/lib/python3.9/site-packages/airflow/example_dags/example_sensors.py
[2024-04-21T20:46:14.950+0000] {processor.py:830} INFO - Processing file /home/airflow/.local/lib/python3.9/site-packages/airflow/example_dags/example_sensors.py for tasks to queue
[2024-04-21T20:46:14.957+0000] {logging_mixin.py:188} INFO - [2024-04-21T20:46:14.955+0000] {dagbag.py:540} INFO - Filling up the DagBag from /home/airflow/.local/lib/python3.9/site-packages/airflow/example_dags/example_sensors.py
[2024-04-21T20:46:14.980+0000] {processor.py:840} INFO - DAG(s) 'example_sensors' retrieved from /home/airflow/.local/lib/python3.9/site-packages/airflow/example_dags/example_sensors.py
[2024-04-21T20:46:15.069+0000] {logging_mixin.py:188} INFO - [2024-04-21T20:46:15.069+0000] {dag.py:3047} INFO - Sync 1 DAGs
[2024-04-21T20:46:15.089+0000] {logging_mixin.py:188} INFO - [2024-04-21T20:46:15.088+0000] {dag.py:3834} INFO - Setting next_dagrun for example_sensors to None, run_after=None
[2024-04-21T20:46:15.143+0000] {processor.py:183} INFO - Processing /home/airflow/.local/lib/python3.9/site-packages/airflow/example_dags/example_sensors.py took 0.212 seconds
[2024-04-21T20:46:45.943+0000] {processor.py:161} INFO - Started process (PID=512) to work on /home/airflow/.local/lib/python3.9/site-packages/airflow/example_dags/example_sensors.py
[2024-04-21T20:46:45.944+0000] {processor.py:830} INFO - Processing file /home/airflow/.local/lib/python3.9/site-packages/airflow/example_dags/example_sensors.py for tasks to queue
[2024-04-21T20:46:45.946+0000] {logging_mixin.py:188} INFO - [2024-04-21T20:46:45.945+0000] {dagbag.py:540} INFO - Filling up the DagBag from /home/airflow/.local/lib/python3.9/site-packages/airflow/example_dags/example_sensors.py
[2024-04-21T20:46:45.955+0000] {processor.py:840} INFO - DAG(s) 'example_sensors' retrieved from /home/airflow/.local/lib/python3.9/site-packages/airflow/example_dags/example_sensors.py
[2024-04-21T20:46:46.024+0000] {logging_mixin.py:188} INFO - [2024-04-21T20:46:46.024+0000] {dag.py:3047} INFO - Sync 1 DAGs
[2024-04-21T20:46:46.041+0000] {logging_mixin.py:188} INFO - [2024-04-21T20:46:46.040+0000] {dag.py:3834} INFO - Setting next_dagrun for example_sensors to None, run_after=None
[2024-04-21T20:46:46.076+0000] {processor.py:183} INFO - Processing /home/airflow/.local/lib/python3.9/site-packages/airflow/example_dags/example_sensors.py took 0.137 seconds
[2024-04-21T20:47:16.543+0000] {processor.py:161} INFO - Started process (PID=568) to work on /home/airflow/.local/lib/python3.9/site-packages/airflow/example_dags/example_sensors.py
[2024-04-21T20:47:16.544+0000] {processor.py:830} INFO - Processing file /home/airflow/.local/lib/python3.9/site-packages/airflow/example_dags/example_sensors.py for tasks to queue
[2024-04-21T20:47:16.546+0000] {logging_mixin.py:188} INFO - [2024-04-21T20:47:16.546+0000] {dagbag.py:540} INFO - Filling up the DagBag from /home/airflow/.local/lib/python3.9/site-packages/airflow/example_dags/example_sensors.py
[2024-04-21T20:47:16.555+0000] {processor.py:840} INFO - DAG(s) 'example_sensors' retrieved from /home/airflow/.local/lib/python3.9/site-packages/airflow/example_dags/example_sensors.py
[2024-04-21T20:47:16.611+0000] {logging_mixin.py:188} INFO - [2024-04-21T20:47:16.611+0000] {dag.py:3047} INFO - Sync 1 DAGs
[2024-04-21T20:47:16.624+0000] {logging_mixin.py:188} INFO - [2024-04-21T20:47:16.623+0000] {dag.py:3834} INFO - Setting next_dagrun for example_sensors to None, run_after=None
[2024-04-21T20:47:16.656+0000] {processor.py:183} INFO - Processing /home/airflow/.local/lib/python3.9/site-packages/airflow/example_dags/example_sensors.py took 0.116 seconds
[2024-04-21T20:47:47.448+0000] {processor.py:161} INFO - Started process (PID=625) to work on /home/airflow/.local/lib/python3.9/site-packages/airflow/example_dags/example_sensors.py
[2024-04-21T20:47:47.450+0000] {processor.py:830} INFO - Processing file /home/airflow/.local/lib/python3.9/site-packages/airflow/example_dags/example_sensors.py for tasks to queue
[2024-04-21T20:47:47.452+0000] {logging_mixin.py:188} INFO - [2024-04-21T20:47:47.452+0000] {dagbag.py:540} INFO - Filling up the DagBag from /home/airflow/.local/lib/python3.9/site-packages/airflow/example_dags/example_sensors.py
[2024-04-21T20:47:47.461+0000] {processor.py:840} INFO - DAG(s) 'example_sensors' retrieved from /home/airflow/.local/lib/python3.9/site-packages/airflow/example_dags/example_sensors.py
[2024-04-21T20:47:47.520+0000] {logging_mixin.py:188} INFO - [2024-04-21T20:47:47.519+0000] {dag.py:3047} INFO - Sync 1 DAGs
[2024-04-21T20:47:47.534+0000] {logging_mixin.py:188} INFO - [2024-04-21T20:47:47.533+0000] {dag.py:3834} INFO - Setting next_dagrun for example_sensors to None, run_after=None
[2024-04-21T20:47:47.570+0000] {processor.py:183} INFO - Processing /home/airflow/.local/lib/python3.9/site-packages/airflow/example_dags/example_sensors.py took 0.124 seconds
[2024-04-21T21:00:48.355+0000] {processor.py:161} INFO - Started process (PID=57) to work on /home/airflow/.local/lib/python3.9/site-packages/airflow/example_dags/example_sensors.py
[2024-04-21T21:00:48.369+0000] {processor.py:830} INFO - Processing file /home/airflow/.local/lib/python3.9/site-packages/airflow/example_dags/example_sensors.py for tasks to queue
[2024-04-21T21:00:48.379+0000] {logging_mixin.py:188} INFO - [2024-04-21T21:00:48.378+0000] {dagbag.py:540} INFO - Filling up the DagBag from /home/airflow/.local/lib/python3.9/site-packages/airflow/example_dags/example_sensors.py
[2024-04-21T21:00:48.443+0000] {processor.py:840} INFO - DAG(s) 'example_sensors' retrieved from /home/airflow/.local/lib/python3.9/site-packages/airflow/example_dags/example_sensors.py
[2024-04-21T21:00:48.710+0000] {logging_mixin.py:188} INFO - [2024-04-21T21:00:48.710+0000] {dag.py:3047} INFO - Sync 1 DAGs
[2024-04-21T21:00:48.766+0000] {logging_mixin.py:188} INFO - [2024-04-21T21:00:48.765+0000] {dag.py:3834} INFO - Setting next_dagrun for example_sensors to None, run_after=None
[2024-04-21T21:00:48.831+0000] {processor.py:183} INFO - Processing /home/airflow/.local/lib/python3.9/site-packages/airflow/example_dags/example_sensors.py took 0.504 seconds
[2024-04-21T21:01:18.895+0000] {processor.py:161} INFO - Started process (PID=115) to work on /home/airflow/.local/lib/python3.9/site-packages/airflow/example_dags/example_sensors.py
[2024-04-21T21:01:18.897+0000] {processor.py:830} INFO - Processing file /home/airflow/.local/lib/python3.9/site-packages/airflow/example_dags/example_sensors.py for tasks to queue
[2024-04-21T21:01:18.899+0000] {logging_mixin.py:188} INFO - [2024-04-21T21:01:18.899+0000] {dagbag.py:540} INFO - Filling up the DagBag from /home/airflow/.local/lib/python3.9/site-packages/airflow/example_dags/example_sensors.py
[2024-04-21T21:01:18.909+0000] {processor.py:840} INFO - DAG(s) 'example_sensors' retrieved from /home/airflow/.local/lib/python3.9/site-packages/airflow/example_dags/example_sensors.py
[2024-04-21T21:01:18.975+0000] {logging_mixin.py:188} INFO - [2024-04-21T21:01:18.974+0000] {dag.py:3047} INFO - Sync 1 DAGs
[2024-04-21T21:01:18.990+0000] {logging_mixin.py:188} INFO - [2024-04-21T21:01:18.990+0000] {dag.py:3834} INFO - Setting next_dagrun for example_sensors to None, run_after=None
[2024-04-21T21:01:19.027+0000] {processor.py:183} INFO - Processing /home/airflow/.local/lib/python3.9/site-packages/airflow/example_dags/example_sensors.py took 0.134 seconds
[2024-04-21T21:04:39.833+0000] {processor.py:161} INFO - Started process (PID=69) to work on /home/airflow/.local/lib/python3.9/site-packages/airflow/example_dags/example_sensors.py
[2024-04-21T21:04:39.835+0000] {processor.py:830} INFO - Processing file /home/airflow/.local/lib/python3.9/site-packages/airflow/example_dags/example_sensors.py for tasks to queue
[2024-04-21T21:04:39.837+0000] {logging_mixin.py:188} INFO - [2024-04-21T21:04:39.837+0000] {dagbag.py:540} INFO - Filling up the DagBag from /home/airflow/.local/lib/python3.9/site-packages/airflow/example_dags/example_sensors.py
[2024-04-21T21:04:39.854+0000] {processor.py:840} INFO - DAG(s) 'example_sensors' retrieved from /home/airflow/.local/lib/python3.9/site-packages/airflow/example_dags/example_sensors.py
[2024-04-21T21:04:39.952+0000] {logging_mixin.py:188} INFO - [2024-04-21T21:04:39.951+0000] {dag.py:3047} INFO - Sync 1 DAGs
[2024-04-21T21:04:39.970+0000] {logging_mixin.py:188} INFO - [2024-04-21T21:04:39.970+0000] {dag.py:3834} INFO - Setting next_dagrun for example_sensors to None, run_after=None
[2024-04-21T21:04:40.011+0000] {processor.py:183} INFO - Processing /home/airflow/.local/lib/python3.9/site-packages/airflow/example_dags/example_sensors.py took 0.183 seconds
[2024-04-21T21:05:10.150+0000] {processor.py:161} INFO - Started process (PID=126) to work on /home/airflow/.local/lib/python3.9/site-packages/airflow/example_dags/example_sensors.py
[2024-04-21T21:05:10.152+0000] {processor.py:830} INFO - Processing file /home/airflow/.local/lib/python3.9/site-packages/airflow/example_dags/example_sensors.py for tasks to queue
[2024-04-21T21:05:10.155+0000] {logging_mixin.py:188} INFO - [2024-04-21T21:05:10.155+0000] {dagbag.py:540} INFO - Filling up the DagBag from /home/airflow/.local/lib/python3.9/site-packages/airflow/example_dags/example_sensors.py
[2024-04-21T21:05:10.167+0000] {processor.py:840} INFO - DAG(s) 'example_sensors' retrieved from /home/airflow/.local/lib/python3.9/site-packages/airflow/example_dags/example_sensors.py
[2024-04-21T21:05:10.234+0000] {logging_mixin.py:188} INFO - [2024-04-21T21:05:10.233+0000] {dag.py:3047} INFO - Sync 1 DAGs
[2024-04-21T21:05:10.249+0000] {logging_mixin.py:188} INFO - [2024-04-21T21:05:10.248+0000] {dag.py:3834} INFO - Setting next_dagrun for example_sensors to None, run_after=None
[2024-04-21T21:05:10.287+0000] {processor.py:183} INFO - Processing /home/airflow/.local/lib/python3.9/site-packages/airflow/example_dags/example_sensors.py took 0.140 seconds
[2024-04-21T21:05:41.227+0000] {processor.py:161} INFO - Started process (PID=187) to work on /home/airflow/.local/lib/python3.9/site-packages/airflow/example_dags/example_sensors.py
[2024-04-21T21:05:41.229+0000] {processor.py:830} INFO - Processing file /home/airflow/.local/lib/python3.9/site-packages/airflow/example_dags/example_sensors.py for tasks to queue
[2024-04-21T21:05:41.231+0000] {logging_mixin.py:188} INFO - [2024-04-21T21:05:41.231+0000] {dagbag.py:540} INFO - Filling up the DagBag from /home/airflow/.local/lib/python3.9/site-packages/airflow/example_dags/example_sensors.py
[2024-04-21T21:05:41.240+0000] {processor.py:840} INFO - DAG(s) 'example_sensors' retrieved from /home/airflow/.local/lib/python3.9/site-packages/airflow/example_dags/example_sensors.py
[2024-04-21T21:05:41.309+0000] {logging_mixin.py:188} INFO - [2024-04-21T21:05:41.308+0000] {dag.py:3047} INFO - Sync 1 DAGs
[2024-04-21T21:05:41.322+0000] {logging_mixin.py:188} INFO - [2024-04-21T21:05:41.322+0000] {dag.py:3834} INFO - Setting next_dagrun for example_sensors to None, run_after=None
[2024-04-21T21:05:41.356+0000] {processor.py:183} INFO - Processing /home/airflow/.local/lib/python3.9/site-packages/airflow/example_dags/example_sensors.py took 0.131 seconds
