[2024-04-21T19:51:56.945+0000] {processor.py:161} INFO - Started process (PID=49) to work on /home/airflow/.local/lib/python3.9/site-packages/airflow/example_dags/example_branch_operator.py
[2024-04-21T19:51:56.953+0000] {processor.py:830} INFO - Processing file /home/airflow/.local/lib/python3.9/site-packages/airflow/example_dags/example_branch_operator.py for tasks to queue
[2024-04-21T19:51:56.986+0000] {logging_mixin.py:188} INFO - [2024-04-21T19:51:56.984+0000] {dagbag.py:540} INFO - Filling up the DagBag from /home/airflow/.local/lib/python3.9/site-packages/airflow/example_dags/example_branch_operator.py
[2024-04-21T19:51:57.100+0000] {processor.py:840} INFO - DAG(s) 'example_branch_operator' retrieved from /home/airflow/.local/lib/python3.9/site-packages/airflow/example_dags/example_branch_operator.py
[2024-04-21T19:51:57.481+0000] {logging_mixin.py:188} INFO - [2024-04-21T19:51:57.481+0000] {dag.py:3047} INFO - Sync 1 DAGs
[2024-04-21T19:51:57.578+0000] {logging_mixin.py:188} INFO - [2024-04-21T19:51:57.578+0000] {dag.py:3834} INFO - Setting next_dagrun for example_branch_operator to 2024-04-20 00:00:00+00:00, run_after=2024-04-21 00:00:00+00:00
[2024-04-21T19:51:57.652+0000] {processor.py:183} INFO - Processing /home/airflow/.local/lib/python3.9/site-packages/airflow/example_dags/example_branch_operator.py took 0.716 seconds
[2024-04-21T19:52:28.289+0000] {processor.py:161} INFO - Started process (PID=106) to work on /home/airflow/.local/lib/python3.9/site-packages/airflow/example_dags/example_branch_operator.py
[2024-04-21T19:52:28.291+0000] {processor.py:830} INFO - Processing file /home/airflow/.local/lib/python3.9/site-packages/airflow/example_dags/example_branch_operator.py for tasks to queue
[2024-04-21T19:52:28.296+0000] {logging_mixin.py:188} INFO - [2024-04-21T19:52:28.295+0000] {dagbag.py:540} INFO - Filling up the DagBag from /home/airflow/.local/lib/python3.9/site-packages/airflow/example_dags/example_branch_operator.py
[2024-04-21T19:52:28.327+0000] {processor.py:840} INFO - DAG(s) 'example_branch_operator' retrieved from /home/airflow/.local/lib/python3.9/site-packages/airflow/example_dags/example_branch_operator.py
[2024-04-21T19:52:28.464+0000] {logging_mixin.py:188} INFO - [2024-04-21T19:52:28.464+0000] {dag.py:3047} INFO - Sync 1 DAGs
[2024-04-21T19:52:28.515+0000] {logging_mixin.py:188} INFO - [2024-04-21T19:52:28.514+0000] {dag.py:3834} INFO - Setting next_dagrun for example_branch_operator to 2024-04-20 00:00:00+00:00, run_after=2024-04-21 00:00:00+00:00
[2024-04-21T19:52:28.572+0000] {processor.py:183} INFO - Processing /home/airflow/.local/lib/python3.9/site-packages/airflow/example_dags/example_branch_operator.py took 0.287 seconds
[2024-04-21T19:52:59.778+0000] {processor.py:161} INFO - Started process (PID=163) to work on /home/airflow/.local/lib/python3.9/site-packages/airflow/example_dags/example_branch_operator.py
[2024-04-21T19:52:59.780+0000] {processor.py:830} INFO - Processing file /home/airflow/.local/lib/python3.9/site-packages/airflow/example_dags/example_branch_operator.py for tasks to queue
[2024-04-21T19:52:59.784+0000] {logging_mixin.py:188} INFO - [2024-04-21T19:52:59.783+0000] {dagbag.py:540} INFO - Filling up the DagBag from /home/airflow/.local/lib/python3.9/site-packages/airflow/example_dags/example_branch_operator.py
[2024-04-21T19:52:59.842+0000] {processor.py:840} INFO - DAG(s) 'example_branch_operator' retrieved from /home/airflow/.local/lib/python3.9/site-packages/airflow/example_dags/example_branch_operator.py
[2024-04-21T19:53:00.022+0000] {logging_mixin.py:188} INFO - [2024-04-21T19:53:00.021+0000] {dag.py:3047} INFO - Sync 1 DAGs
[2024-04-21T19:53:00.069+0000] {logging_mixin.py:188} INFO - [2024-04-21T19:53:00.068+0000] {dag.py:3834} INFO - Setting next_dagrun for example_branch_operator to 2024-04-20 00:00:00+00:00, run_after=2024-04-21 00:00:00+00:00
[2024-04-21T19:53:00.125+0000] {processor.py:183} INFO - Processing /home/airflow/.local/lib/python3.9/site-packages/airflow/example_dags/example_branch_operator.py took 0.353 seconds
[2024-04-21T19:53:30.679+0000] {processor.py:161} INFO - Started process (PID=220) to work on /home/airflow/.local/lib/python3.9/site-packages/airflow/example_dags/example_branch_operator.py
[2024-04-21T19:53:30.680+0000] {processor.py:830} INFO - Processing file /home/airflow/.local/lib/python3.9/site-packages/airflow/example_dags/example_branch_operator.py for tasks to queue
[2024-04-21T19:53:30.684+0000] {logging_mixin.py:188} INFO - [2024-04-21T19:53:30.683+0000] {dagbag.py:540} INFO - Filling up the DagBag from /home/airflow/.local/lib/python3.9/site-packages/airflow/example_dags/example_branch_operator.py
[2024-04-21T19:53:30.733+0000] {processor.py:840} INFO - DAG(s) 'example_branch_operator' retrieved from /home/airflow/.local/lib/python3.9/site-packages/airflow/example_dags/example_branch_operator.py
[2024-04-21T19:53:30.955+0000] {logging_mixin.py:188} INFO - [2024-04-21T19:53:30.954+0000] {dag.py:3047} INFO - Sync 1 DAGs
[2024-04-21T19:53:31.020+0000] {logging_mixin.py:188} INFO - [2024-04-21T19:53:31.020+0000] {dag.py:3834} INFO - Setting next_dagrun for example_branch_operator to 2024-04-20 00:00:00+00:00, run_after=2024-04-21 00:00:00+00:00
[2024-04-21T19:53:31.089+0000] {processor.py:183} INFO - Processing /home/airflow/.local/lib/python3.9/site-packages/airflow/example_dags/example_branch_operator.py took 0.415 seconds
[2024-04-21T19:54:34.235+0000] {processor.py:161} INFO - Started process (PID=49) to work on /home/airflow/.local/lib/python3.9/site-packages/airflow/example_dags/example_branch_operator.py
[2024-04-21T19:54:34.237+0000] {processor.py:830} INFO - Processing file /home/airflow/.local/lib/python3.9/site-packages/airflow/example_dags/example_branch_operator.py for tasks to queue
[2024-04-21T19:54:34.240+0000] {logging_mixin.py:188} INFO - [2024-04-21T19:54:34.239+0000] {dagbag.py:540} INFO - Filling up the DagBag from /home/airflow/.local/lib/python3.9/site-packages/airflow/example_dags/example_branch_operator.py
[2024-04-21T19:54:34.261+0000] {processor.py:840} INFO - DAG(s) 'example_branch_operator' retrieved from /home/airflow/.local/lib/python3.9/site-packages/airflow/example_dags/example_branch_operator.py
[2024-04-21T19:54:34.461+0000] {logging_mixin.py:188} INFO - [2024-04-21T19:54:34.461+0000] {dag.py:3047} INFO - Sync 1 DAGs
[2024-04-21T19:54:34.489+0000] {logging_mixin.py:188} INFO - [2024-04-21T19:54:34.489+0000] {dag.py:3834} INFO - Setting next_dagrun for example_branch_operator to 2024-04-20 00:00:00+00:00, run_after=2024-04-21 00:00:00+00:00
[2024-04-21T19:54:34.536+0000] {processor.py:183} INFO - Processing /home/airflow/.local/lib/python3.9/site-packages/airflow/example_dags/example_branch_operator.py took 0.304 seconds
[2024-04-21T19:55:19.704+0000] {processor.py:161} INFO - Started process (PID=116) to work on /home/airflow/.local/lib/python3.9/site-packages/airflow/example_dags/example_branch_operator.py
[2024-04-21T19:55:19.709+0000] {processor.py:830} INFO - Processing file /home/airflow/.local/lib/python3.9/site-packages/airflow/example_dags/example_branch_operator.py for tasks to queue
[2024-04-21T19:55:19.725+0000] {logging_mixin.py:188} INFO - [2024-04-21T19:55:19.725+0000] {dagbag.py:540} INFO - Filling up the DagBag from /home/airflow/.local/lib/python3.9/site-packages/airflow/example_dags/example_branch_operator.py
[2024-04-21T19:55:19.754+0000] {processor.py:840} INFO - DAG(s) 'example_branch_operator' retrieved from /home/airflow/.local/lib/python3.9/site-packages/airflow/example_dags/example_branch_operator.py
[2024-04-21T19:55:19.831+0000] {logging_mixin.py:188} INFO - [2024-04-21T19:55:19.831+0000] {dag.py:3047} INFO - Sync 1 DAGs
[2024-04-21T19:55:19.861+0000] {logging_mixin.py:188} INFO - [2024-04-21T19:55:19.861+0000] {dag.py:3834} INFO - Setting next_dagrun for example_branch_operator to 2024-04-20 00:00:00+00:00, run_after=2024-04-21 00:00:00+00:00
[2024-04-21T19:55:19.900+0000] {processor.py:183} INFO - Processing /home/airflow/.local/lib/python3.9/site-packages/airflow/example_dags/example_branch_operator.py took 0.202 seconds
[2024-04-21T19:57:34.051+0000] {processor.py:161} INFO - Started process (PID=190) to work on /home/airflow/.local/lib/python3.9/site-packages/airflow/example_dags/example_branch_operator.py
[2024-04-21T19:57:34.053+0000] {processor.py:830} INFO - Processing file /home/airflow/.local/lib/python3.9/site-packages/airflow/example_dags/example_branch_operator.py for tasks to queue
[2024-04-21T19:57:34.056+0000] {logging_mixin.py:188} INFO - [2024-04-21T19:57:34.055+0000] {dagbag.py:540} INFO - Filling up the DagBag from /home/airflow/.local/lib/python3.9/site-packages/airflow/example_dags/example_branch_operator.py
[2024-04-21T19:57:34.079+0000] {processor.py:840} INFO - DAG(s) 'example_branch_operator' retrieved from /home/airflow/.local/lib/python3.9/site-packages/airflow/example_dags/example_branch_operator.py
[2024-04-21T19:57:34.217+0000] {logging_mixin.py:188} INFO - [2024-04-21T19:57:34.214+0000] {dag.py:3047} INFO - Sync 1 DAGs
[2024-04-21T19:57:34.280+0000] {logging_mixin.py:188} INFO - [2024-04-21T19:57:34.280+0000] {dag.py:3834} INFO - Setting next_dagrun for example_branch_operator to 2024-04-20 00:00:00+00:00, run_after=2024-04-21 00:00:00+00:00
[2024-04-21T19:57:34.354+0000] {processor.py:183} INFO - Processing /home/airflow/.local/lib/python3.9/site-packages/airflow/example_dags/example_branch_operator.py took 0.307 seconds
[2024-04-21T20:03:10.670+0000] {processor.py:161} INFO - Started process (PID=262) to work on /home/airflow/.local/lib/python3.9/site-packages/airflow/example_dags/example_branch_operator.py
[2024-04-21T20:03:10.671+0000] {processor.py:830} INFO - Processing file /home/airflow/.local/lib/python3.9/site-packages/airflow/example_dags/example_branch_operator.py for tasks to queue
[2024-04-21T20:03:10.673+0000] {logging_mixin.py:188} INFO - [2024-04-21T20:03:10.673+0000] {dagbag.py:540} INFO - Filling up the DagBag from /home/airflow/.local/lib/python3.9/site-packages/airflow/example_dags/example_branch_operator.py
[2024-04-21T20:03:10.693+0000] {processor.py:840} INFO - DAG(s) 'example_branch_operator' retrieved from /home/airflow/.local/lib/python3.9/site-packages/airflow/example_dags/example_branch_operator.py
[2024-04-21T20:03:10.785+0000] {logging_mixin.py:188} INFO - [2024-04-21T20:03:10.785+0000] {dag.py:3047} INFO - Sync 1 DAGs
[2024-04-21T20:03:10.808+0000] {logging_mixin.py:188} INFO - [2024-04-21T20:03:10.807+0000] {dag.py:3834} INFO - Setting next_dagrun for example_branch_operator to 2024-04-20 00:00:00+00:00, run_after=2024-04-21 00:00:00+00:00
[2024-04-21T20:03:10.839+0000] {processor.py:183} INFO - Processing /home/airflow/.local/lib/python3.9/site-packages/airflow/example_dags/example_branch_operator.py took 0.171 seconds
[2024-04-21T20:04:18.585+0000] {processor.py:161} INFO - Started process (PID=326) to work on /home/airflow/.local/lib/python3.9/site-packages/airflow/example_dags/example_branch_operator.py
[2024-04-21T20:04:18.587+0000] {processor.py:830} INFO - Processing file /home/airflow/.local/lib/python3.9/site-packages/airflow/example_dags/example_branch_operator.py for tasks to queue
[2024-04-21T20:04:18.589+0000] {logging_mixin.py:188} INFO - [2024-04-21T20:04:18.588+0000] {dagbag.py:540} INFO - Filling up the DagBag from /home/airflow/.local/lib/python3.9/site-packages/airflow/example_dags/example_branch_operator.py
[2024-04-21T20:04:18.658+0000] {processor.py:840} INFO - DAG(s) 'example_branch_operator' retrieved from /home/airflow/.local/lib/python3.9/site-packages/airflow/example_dags/example_branch_operator.py
[2024-04-21T20:04:18.738+0000] {logging_mixin.py:188} INFO - [2024-04-21T20:04:18.738+0000] {dag.py:3047} INFO - Sync 1 DAGs
[2024-04-21T20:04:18.765+0000] {logging_mixin.py:188} INFO - [2024-04-21T20:04:18.765+0000] {dag.py:3834} INFO - Setting next_dagrun for example_branch_operator to 2024-04-20 00:00:00+00:00, run_after=2024-04-21 00:00:00+00:00
[2024-04-21T20:04:18.876+0000] {processor.py:183} INFO - Processing /home/airflow/.local/lib/python3.9/site-packages/airflow/example_dags/example_branch_operator.py took 0.294 seconds
[2024-04-21T20:04:49.307+0000] {processor.py:161} INFO - Started process (PID=385) to work on /home/airflow/.local/lib/python3.9/site-packages/airflow/example_dags/example_branch_operator.py
[2024-04-21T20:04:49.309+0000] {processor.py:830} INFO - Processing file /home/airflow/.local/lib/python3.9/site-packages/airflow/example_dags/example_branch_operator.py for tasks to queue
[2024-04-21T20:04:49.311+0000] {logging_mixin.py:188} INFO - [2024-04-21T20:04:49.311+0000] {dagbag.py:540} INFO - Filling up the DagBag from /home/airflow/.local/lib/python3.9/site-packages/airflow/example_dags/example_branch_operator.py
[2024-04-21T20:04:49.349+0000] {processor.py:840} INFO - DAG(s) 'example_branch_operator' retrieved from /home/airflow/.local/lib/python3.9/site-packages/airflow/example_dags/example_branch_operator.py
[2024-04-21T20:04:49.492+0000] {logging_mixin.py:188} INFO - [2024-04-21T20:04:49.491+0000] {dag.py:3047} INFO - Sync 1 DAGs
[2024-04-21T20:04:49.540+0000] {logging_mixin.py:188} INFO - [2024-04-21T20:04:49.539+0000] {dag.py:3834} INFO - Setting next_dagrun for example_branch_operator to 2024-04-20 00:00:00+00:00, run_after=2024-04-21 00:00:00+00:00
[2024-04-21T20:04:49.601+0000] {processor.py:183} INFO - Processing /home/airflow/.local/lib/python3.9/site-packages/airflow/example_dags/example_branch_operator.py took 0.300 seconds
[2024-04-21T20:05:20.070+0000] {processor.py:161} INFO - Started process (PID=442) to work on /home/airflow/.local/lib/python3.9/site-packages/airflow/example_dags/example_branch_operator.py
[2024-04-21T20:05:20.072+0000] {processor.py:830} INFO - Processing file /home/airflow/.local/lib/python3.9/site-packages/airflow/example_dags/example_branch_operator.py for tasks to queue
[2024-04-21T20:05:20.073+0000] {logging_mixin.py:188} INFO - [2024-04-21T20:05:20.073+0000] {dagbag.py:540} INFO - Filling up the DagBag from /home/airflow/.local/lib/python3.9/site-packages/airflow/example_dags/example_branch_operator.py
[2024-04-21T20:05:20.103+0000] {processor.py:840} INFO - DAG(s) 'example_branch_operator' retrieved from /home/airflow/.local/lib/python3.9/site-packages/airflow/example_dags/example_branch_operator.py
[2024-04-21T20:05:20.206+0000] {logging_mixin.py:188} INFO - [2024-04-21T20:05:20.206+0000] {dag.py:3047} INFO - Sync 1 DAGs
[2024-04-21T20:05:20.239+0000] {logging_mixin.py:188} INFO - [2024-04-21T20:05:20.239+0000] {dag.py:3834} INFO - Setting next_dagrun for example_branch_operator to 2024-04-20 00:00:00+00:00, run_after=2024-04-21 00:00:00+00:00
[2024-04-21T20:05:20.290+0000] {processor.py:183} INFO - Processing /home/airflow/.local/lib/python3.9/site-packages/airflow/example_dags/example_branch_operator.py took 0.224 seconds
[2024-04-21T20:05:50.589+0000] {processor.py:161} INFO - Started process (PID=499) to work on /home/airflow/.local/lib/python3.9/site-packages/airflow/example_dags/example_branch_operator.py
[2024-04-21T20:05:50.591+0000] {processor.py:830} INFO - Processing file /home/airflow/.local/lib/python3.9/site-packages/airflow/example_dags/example_branch_operator.py for tasks to queue
[2024-04-21T20:05:50.593+0000] {logging_mixin.py:188} INFO - [2024-04-21T20:05:50.592+0000] {dagbag.py:540} INFO - Filling up the DagBag from /home/airflow/.local/lib/python3.9/site-packages/airflow/example_dags/example_branch_operator.py
[2024-04-21T20:05:50.624+0000] {processor.py:840} INFO - DAG(s) 'example_branch_operator' retrieved from /home/airflow/.local/lib/python3.9/site-packages/airflow/example_dags/example_branch_operator.py
[2024-04-21T20:05:50.744+0000] {logging_mixin.py:188} INFO - [2024-04-21T20:05:50.744+0000] {dag.py:3047} INFO - Sync 1 DAGs
[2024-04-21T20:05:50.785+0000] {logging_mixin.py:188} INFO - [2024-04-21T20:05:50.785+0000] {dag.py:3834} INFO - Setting next_dagrun for example_branch_operator to 2024-04-20 00:00:00+00:00, run_after=2024-04-21 00:00:00+00:00
[2024-04-21T20:05:50.851+0000] {processor.py:183} INFO - Processing /home/airflow/.local/lib/python3.9/site-packages/airflow/example_dags/example_branch_operator.py took 0.267 seconds
[2024-04-21T20:06:45.449+0000] {processor.py:161} INFO - Started process (PID=563) to work on /home/airflow/.local/lib/python3.9/site-packages/airflow/example_dags/example_branch_operator.py
[2024-04-21T20:06:45.451+0000] {processor.py:830} INFO - Processing file /home/airflow/.local/lib/python3.9/site-packages/airflow/example_dags/example_branch_operator.py for tasks to queue
[2024-04-21T20:06:45.452+0000] {logging_mixin.py:188} INFO - [2024-04-21T20:06:45.452+0000] {dagbag.py:540} INFO - Filling up the DagBag from /home/airflow/.local/lib/python3.9/site-packages/airflow/example_dags/example_branch_operator.py
[2024-04-21T20:06:45.476+0000] {processor.py:840} INFO - DAG(s) 'example_branch_operator' retrieved from /home/airflow/.local/lib/python3.9/site-packages/airflow/example_dags/example_branch_operator.py
[2024-04-21T20:06:45.550+0000] {logging_mixin.py:188} INFO - [2024-04-21T20:06:45.550+0000] {dag.py:3047} INFO - Sync 1 DAGs
[2024-04-21T20:06:45.573+0000] {logging_mixin.py:188} INFO - [2024-04-21T20:06:45.573+0000] {dag.py:3834} INFO - Setting next_dagrun for example_branch_operator to 2024-04-20 00:00:00+00:00, run_after=2024-04-21 00:00:00+00:00
[2024-04-21T20:06:45.612+0000] {processor.py:183} INFO - Processing /home/airflow/.local/lib/python3.9/site-packages/airflow/example_dags/example_branch_operator.py took 0.167 seconds
[2024-04-21T20:07:17.029+0000] {processor.py:161} INFO - Started process (PID=621) to work on /home/airflow/.local/lib/python3.9/site-packages/airflow/example_dags/example_branch_operator.py
[2024-04-21T20:07:17.032+0000] {processor.py:830} INFO - Processing file /home/airflow/.local/lib/python3.9/site-packages/airflow/example_dags/example_branch_operator.py for tasks to queue
[2024-04-21T20:07:17.037+0000] {logging_mixin.py:188} INFO - [2024-04-21T20:07:17.035+0000] {dagbag.py:540} INFO - Filling up the DagBag from /home/airflow/.local/lib/python3.9/site-packages/airflow/example_dags/example_branch_operator.py
[2024-04-21T20:07:17.084+0000] {processor.py:840} INFO - DAG(s) 'example_branch_operator' retrieved from /home/airflow/.local/lib/python3.9/site-packages/airflow/example_dags/example_branch_operator.py
[2024-04-21T20:07:17.211+0000] {logging_mixin.py:188} INFO - [2024-04-21T20:07:17.210+0000] {dag.py:3047} INFO - Sync 1 DAGs
[2024-04-21T20:07:17.255+0000] {logging_mixin.py:188} INFO - [2024-04-21T20:07:17.254+0000] {dag.py:3834} INFO - Setting next_dagrun for example_branch_operator to 2024-04-20 00:00:00+00:00, run_after=2024-04-21 00:00:00+00:00
[2024-04-21T20:07:17.310+0000] {processor.py:183} INFO - Processing /home/airflow/.local/lib/python3.9/site-packages/airflow/example_dags/example_branch_operator.py took 0.288 seconds
[2024-04-21T20:07:47.961+0000] {processor.py:161} INFO - Started process (PID=678) to work on /home/airflow/.local/lib/python3.9/site-packages/airflow/example_dags/example_branch_operator.py
[2024-04-21T20:07:47.963+0000] {processor.py:830} INFO - Processing file /home/airflow/.local/lib/python3.9/site-packages/airflow/example_dags/example_branch_operator.py for tasks to queue
[2024-04-21T20:07:47.965+0000] {logging_mixin.py:188} INFO - [2024-04-21T20:07:47.965+0000] {dagbag.py:540} INFO - Filling up the DagBag from /home/airflow/.local/lib/python3.9/site-packages/airflow/example_dags/example_branch_operator.py
[2024-04-21T20:07:47.992+0000] {processor.py:840} INFO - DAG(s) 'example_branch_operator' retrieved from /home/airflow/.local/lib/python3.9/site-packages/airflow/example_dags/example_branch_operator.py
[2024-04-21T20:07:48.118+0000] {logging_mixin.py:188} INFO - [2024-04-21T20:07:48.117+0000] {dag.py:3047} INFO - Sync 1 DAGs
[2024-04-21T20:07:48.154+0000] {logging_mixin.py:188} INFO - [2024-04-21T20:07:48.153+0000] {dag.py:3834} INFO - Setting next_dagrun for example_branch_operator to 2024-04-20 00:00:00+00:00, run_after=2024-04-21 00:00:00+00:00
[2024-04-21T20:07:48.205+0000] {processor.py:183} INFO - Processing /home/airflow/.local/lib/python3.9/site-packages/airflow/example_dags/example_branch_operator.py took 0.249 seconds
[2024-04-21T20:08:21.511+0000] {processor.py:161} INFO - Started process (PID=734) to work on /home/airflow/.local/lib/python3.9/site-packages/airflow/example_dags/example_branch_operator.py
[2024-04-21T20:08:21.513+0000] {processor.py:830} INFO - Processing file /home/airflow/.local/lib/python3.9/site-packages/airflow/example_dags/example_branch_operator.py for tasks to queue
[2024-04-21T20:08:21.514+0000] {logging_mixin.py:188} INFO - [2024-04-21T20:08:21.514+0000] {dagbag.py:540} INFO - Filling up the DagBag from /home/airflow/.local/lib/python3.9/site-packages/airflow/example_dags/example_branch_operator.py
[2024-04-21T20:08:21.543+0000] {processor.py:840} INFO - DAG(s) 'example_branch_operator' retrieved from /home/airflow/.local/lib/python3.9/site-packages/airflow/example_dags/example_branch_operator.py
[2024-04-21T20:08:21.635+0000] {logging_mixin.py:188} INFO - [2024-04-21T20:08:21.635+0000] {dag.py:3047} INFO - Sync 1 DAGs
[2024-04-21T20:08:21.657+0000] {logging_mixin.py:188} INFO - [2024-04-21T20:08:21.657+0000] {dag.py:3834} INFO - Setting next_dagrun for example_branch_operator to 2024-04-20 00:00:00+00:00, run_after=2024-04-21 00:00:00+00:00
[2024-04-21T20:08:21.692+0000] {processor.py:183} INFO - Processing /home/airflow/.local/lib/python3.9/site-packages/airflow/example_dags/example_branch_operator.py took 0.184 seconds
[2024-04-21T20:10:03.866+0000] {processor.py:161} INFO - Started process (PID=805) to work on /home/airflow/.local/lib/python3.9/site-packages/airflow/example_dags/example_branch_operator.py
[2024-04-21T20:10:03.868+0000] {processor.py:830} INFO - Processing file /home/airflow/.local/lib/python3.9/site-packages/airflow/example_dags/example_branch_operator.py for tasks to queue
[2024-04-21T20:10:03.870+0000] {logging_mixin.py:188} INFO - [2024-04-21T20:10:03.869+0000] {dagbag.py:540} INFO - Filling up the DagBag from /home/airflow/.local/lib/python3.9/site-packages/airflow/example_dags/example_branch_operator.py
[2024-04-21T20:10:03.892+0000] {processor.py:840} INFO - DAG(s) 'example_branch_operator' retrieved from /home/airflow/.local/lib/python3.9/site-packages/airflow/example_dags/example_branch_operator.py
[2024-04-21T20:10:03.956+0000] {logging_mixin.py:188} INFO - [2024-04-21T20:10:03.956+0000] {dag.py:3047} INFO - Sync 1 DAGs
[2024-04-21T20:10:03.982+0000] {logging_mixin.py:188} INFO - [2024-04-21T20:10:03.981+0000] {dag.py:3834} INFO - Setting next_dagrun for example_branch_operator to 2024-04-20 00:00:00+00:00, run_after=2024-04-21 00:00:00+00:00
[2024-04-21T20:10:04.019+0000] {processor.py:183} INFO - Processing /home/airflow/.local/lib/python3.9/site-packages/airflow/example_dags/example_branch_operator.py took 0.156 seconds
[2024-04-21T20:10:34.600+0000] {processor.py:161} INFO - Started process (PID=862) to work on /home/airflow/.local/lib/python3.9/site-packages/airflow/example_dags/example_branch_operator.py
[2024-04-21T20:10:34.602+0000] {processor.py:830} INFO - Processing file /home/airflow/.local/lib/python3.9/site-packages/airflow/example_dags/example_branch_operator.py for tasks to queue
[2024-04-21T20:10:34.603+0000] {logging_mixin.py:188} INFO - [2024-04-21T20:10:34.603+0000] {dagbag.py:540} INFO - Filling up the DagBag from /home/airflow/.local/lib/python3.9/site-packages/airflow/example_dags/example_branch_operator.py
[2024-04-21T20:10:34.621+0000] {processor.py:840} INFO - DAG(s) 'example_branch_operator' retrieved from /home/airflow/.local/lib/python3.9/site-packages/airflow/example_dags/example_branch_operator.py
[2024-04-21T20:10:34.692+0000] {logging_mixin.py:188} INFO - [2024-04-21T20:10:34.692+0000] {dag.py:3047} INFO - Sync 1 DAGs
[2024-04-21T20:10:34.723+0000] {logging_mixin.py:188} INFO - [2024-04-21T20:10:34.722+0000] {dag.py:3834} INFO - Setting next_dagrun for example_branch_operator to 2024-04-20 00:00:00+00:00, run_after=2024-04-21 00:00:00+00:00
[2024-04-21T20:10:34.766+0000] {processor.py:183} INFO - Processing /home/airflow/.local/lib/python3.9/site-packages/airflow/example_dags/example_branch_operator.py took 0.169 seconds
[2024-04-21T20:11:05.151+0000] {processor.py:161} INFO - Started process (PID=921) to work on /home/airflow/.local/lib/python3.9/site-packages/airflow/example_dags/example_branch_operator.py
[2024-04-21T20:11:05.152+0000] {processor.py:830} INFO - Processing file /home/airflow/.local/lib/python3.9/site-packages/airflow/example_dags/example_branch_operator.py for tasks to queue
[2024-04-21T20:11:05.154+0000] {logging_mixin.py:188} INFO - [2024-04-21T20:11:05.154+0000] {dagbag.py:540} INFO - Filling up the DagBag from /home/airflow/.local/lib/python3.9/site-packages/airflow/example_dags/example_branch_operator.py
[2024-04-21T20:11:05.187+0000] {processor.py:840} INFO - DAG(s) 'example_branch_operator' retrieved from /home/airflow/.local/lib/python3.9/site-packages/airflow/example_dags/example_branch_operator.py
[2024-04-21T20:11:05.264+0000] {logging_mixin.py:188} INFO - [2024-04-21T20:11:05.263+0000] {dag.py:3047} INFO - Sync 1 DAGs
[2024-04-21T20:11:05.288+0000] {logging_mixin.py:188} INFO - [2024-04-21T20:11:05.288+0000] {dag.py:3834} INFO - Setting next_dagrun for example_branch_operator to 2024-04-20 00:00:00+00:00, run_after=2024-04-21 00:00:00+00:00
[2024-04-21T20:11:05.323+0000] {processor.py:183} INFO - Processing /home/airflow/.local/lib/python3.9/site-packages/airflow/example_dags/example_branch_operator.py took 0.177 seconds
[2024-04-21T20:14:17.483+0000] {processor.py:161} INFO - Started process (PID=49) to work on /home/airflow/.local/lib/python3.9/site-packages/airflow/example_dags/example_branch_operator.py
[2024-04-21T20:14:17.487+0000] {processor.py:830} INFO - Processing file /home/airflow/.local/lib/python3.9/site-packages/airflow/example_dags/example_branch_operator.py for tasks to queue
[2024-04-21T20:14:17.493+0000] {logging_mixin.py:188} INFO - [2024-04-21T20:14:17.492+0000] {dagbag.py:540} INFO - Filling up the DagBag from /home/airflow/.local/lib/python3.9/site-packages/airflow/example_dags/example_branch_operator.py
[2024-04-21T20:14:17.615+0000] {processor.py:840} INFO - DAG(s) 'example_branch_operator' retrieved from /home/airflow/.local/lib/python3.9/site-packages/airflow/example_dags/example_branch_operator.py
[2024-04-21T20:14:17.777+0000] {logging_mixin.py:188} INFO - [2024-04-21T20:14:17.777+0000] {dag.py:3047} INFO - Sync 1 DAGs
[2024-04-21T20:14:17.942+0000] {logging_mixin.py:188} INFO - [2024-04-21T20:14:17.941+0000] {dag.py:3834} INFO - Setting next_dagrun for example_branch_operator to 2024-04-20 00:00:00+00:00, run_after=2024-04-21 00:00:00+00:00
[2024-04-21T20:14:18.104+0000] {processor.py:183} INFO - Processing /home/airflow/.local/lib/python3.9/site-packages/airflow/example_dags/example_branch_operator.py took 0.630 seconds
[2024-04-21T20:14:48.653+0000] {processor.py:161} INFO - Started process (PID=107) to work on /home/airflow/.local/lib/python3.9/site-packages/airflow/example_dags/example_branch_operator.py
[2024-04-21T20:14:48.658+0000] {processor.py:830} INFO - Processing file /home/airflow/.local/lib/python3.9/site-packages/airflow/example_dags/example_branch_operator.py for tasks to queue
[2024-04-21T20:14:48.662+0000] {logging_mixin.py:188} INFO - [2024-04-21T20:14:48.661+0000] {dagbag.py:540} INFO - Filling up the DagBag from /home/airflow/.local/lib/python3.9/site-packages/airflow/example_dags/example_branch_operator.py
[2024-04-21T20:14:48.697+0000] {processor.py:840} INFO - DAG(s) 'example_branch_operator' retrieved from /home/airflow/.local/lib/python3.9/site-packages/airflow/example_dags/example_branch_operator.py
[2024-04-21T20:14:49.029+0000] {logging_mixin.py:188} INFO - [2024-04-21T20:14:49.029+0000] {dag.py:3047} INFO - Sync 1 DAGs
[2024-04-21T20:14:49.056+0000] {logging_mixin.py:188} INFO - [2024-04-21T20:14:49.055+0000] {dag.py:3834} INFO - Setting next_dagrun for example_branch_operator to 2024-04-20 00:00:00+00:00, run_after=2024-04-21 00:00:00+00:00
[2024-04-21T20:14:49.098+0000] {processor.py:183} INFO - Processing /home/airflow/.local/lib/python3.9/site-packages/airflow/example_dags/example_branch_operator.py took 0.461 seconds
[2024-04-21T20:15:19.498+0000] {processor.py:161} INFO - Started process (PID=164) to work on /home/airflow/.local/lib/python3.9/site-packages/airflow/example_dags/example_branch_operator.py
[2024-04-21T20:15:19.499+0000] {processor.py:830} INFO - Processing file /home/airflow/.local/lib/python3.9/site-packages/airflow/example_dags/example_branch_operator.py for tasks to queue
[2024-04-21T20:15:19.501+0000] {logging_mixin.py:188} INFO - [2024-04-21T20:15:19.501+0000] {dagbag.py:540} INFO - Filling up the DagBag from /home/airflow/.local/lib/python3.9/site-packages/airflow/example_dags/example_branch_operator.py
[2024-04-21T20:15:19.521+0000] {processor.py:840} INFO - DAG(s) 'example_branch_operator' retrieved from /home/airflow/.local/lib/python3.9/site-packages/airflow/example_dags/example_branch_operator.py
[2024-04-21T20:15:19.595+0000] {logging_mixin.py:188} INFO - [2024-04-21T20:15:19.594+0000] {dag.py:3047} INFO - Sync 1 DAGs
[2024-04-21T20:15:19.622+0000] {logging_mixin.py:188} INFO - [2024-04-21T20:15:19.622+0000] {dag.py:3834} INFO - Setting next_dagrun for example_branch_operator to 2024-04-20 00:00:00+00:00, run_after=2024-04-21 00:00:00+00:00
[2024-04-21T20:15:19.657+0000] {processor.py:183} INFO - Processing /home/airflow/.local/lib/python3.9/site-packages/airflow/example_dags/example_branch_operator.py took 0.162 seconds
[2024-04-21T20:16:16.127+0000] {processor.py:161} INFO - Started process (PID=49) to work on /home/airflow/.local/lib/python3.9/site-packages/airflow/example_dags/example_branch_operator.py
[2024-04-21T20:16:16.128+0000] {processor.py:830} INFO - Processing file /home/airflow/.local/lib/python3.9/site-packages/airflow/example_dags/example_branch_operator.py for tasks to queue
[2024-04-21T20:16:16.131+0000] {logging_mixin.py:188} INFO - [2024-04-21T20:16:16.131+0000] {dagbag.py:540} INFO - Filling up the DagBag from /home/airflow/.local/lib/python3.9/site-packages/airflow/example_dags/example_branch_operator.py
[2024-04-21T20:16:16.150+0000] {processor.py:840} INFO - DAG(s) 'example_branch_operator' retrieved from /home/airflow/.local/lib/python3.9/site-packages/airflow/example_dags/example_branch_operator.py
[2024-04-21T20:16:16.299+0000] {logging_mixin.py:188} INFO - [2024-04-21T20:16:16.298+0000] {dag.py:3047} INFO - Sync 1 DAGs
[2024-04-21T20:16:16.321+0000] {logging_mixin.py:188} INFO - [2024-04-21T20:16:16.321+0000] {dag.py:3834} INFO - Setting next_dagrun for example_branch_operator to 2024-04-20 00:00:00+00:00, run_after=2024-04-21 00:00:00+00:00
[2024-04-21T20:16:16.359+0000] {processor.py:183} INFO - Processing /home/airflow/.local/lib/python3.9/site-packages/airflow/example_dags/example_branch_operator.py took 0.234 seconds
[2024-04-21T20:16:47.077+0000] {processor.py:161} INFO - Started process (PID=106) to work on /home/airflow/.local/lib/python3.9/site-packages/airflow/example_dags/example_branch_operator.py
[2024-04-21T20:16:47.078+0000] {processor.py:830} INFO - Processing file /home/airflow/.local/lib/python3.9/site-packages/airflow/example_dags/example_branch_operator.py for tasks to queue
[2024-04-21T20:16:47.081+0000] {logging_mixin.py:188} INFO - [2024-04-21T20:16:47.080+0000] {dagbag.py:540} INFO - Filling up the DagBag from /home/airflow/.local/lib/python3.9/site-packages/airflow/example_dags/example_branch_operator.py
[2024-04-21T20:16:47.105+0000] {processor.py:840} INFO - DAG(s) 'example_branch_operator' retrieved from /home/airflow/.local/lib/python3.9/site-packages/airflow/example_dags/example_branch_operator.py
[2024-04-21T20:16:47.173+0000] {logging_mixin.py:188} INFO - [2024-04-21T20:16:47.172+0000] {dag.py:3047} INFO - Sync 1 DAGs
[2024-04-21T20:16:47.202+0000] {logging_mixin.py:188} INFO - [2024-04-21T20:16:47.201+0000] {dag.py:3834} INFO - Setting next_dagrun for example_branch_operator to 2024-04-20 00:00:00+00:00, run_after=2024-04-21 00:00:00+00:00
[2024-04-21T20:16:47.238+0000] {processor.py:183} INFO - Processing /home/airflow/.local/lib/python3.9/site-packages/airflow/example_dags/example_branch_operator.py took 0.165 seconds
[2024-04-21T20:17:17.756+0000] {processor.py:161} INFO - Started process (PID=163) to work on /home/airflow/.local/lib/python3.9/site-packages/airflow/example_dags/example_branch_operator.py
[2024-04-21T20:17:17.757+0000] {processor.py:830} INFO - Processing file /home/airflow/.local/lib/python3.9/site-packages/airflow/example_dags/example_branch_operator.py for tasks to queue
[2024-04-21T20:17:17.760+0000] {logging_mixin.py:188} INFO - [2024-04-21T20:17:17.759+0000] {dagbag.py:540} INFO - Filling up the DagBag from /home/airflow/.local/lib/python3.9/site-packages/airflow/example_dags/example_branch_operator.py
[2024-04-21T20:17:17.791+0000] {processor.py:840} INFO - DAG(s) 'example_branch_operator' retrieved from /home/airflow/.local/lib/python3.9/site-packages/airflow/example_dags/example_branch_operator.py
[2024-04-21T20:17:17.869+0000] {logging_mixin.py:188} INFO - [2024-04-21T20:17:17.868+0000] {dag.py:3047} INFO - Sync 1 DAGs
[2024-04-21T20:17:17.899+0000] {logging_mixin.py:188} INFO - [2024-04-21T20:17:17.898+0000] {dag.py:3834} INFO - Setting next_dagrun for example_branch_operator to 2024-04-20 00:00:00+00:00, run_after=2024-04-21 00:00:00+00:00
[2024-04-21T20:17:17.949+0000] {processor.py:183} INFO - Processing /home/airflow/.local/lib/python3.9/site-packages/airflow/example_dags/example_branch_operator.py took 0.199 seconds
[2024-04-21T20:17:48.291+0000] {processor.py:161} INFO - Started process (PID=220) to work on /home/airflow/.local/lib/python3.9/site-packages/airflow/example_dags/example_branch_operator.py
[2024-04-21T20:17:48.292+0000] {processor.py:830} INFO - Processing file /home/airflow/.local/lib/python3.9/site-packages/airflow/example_dags/example_branch_operator.py for tasks to queue
[2024-04-21T20:17:48.294+0000] {logging_mixin.py:188} INFO - [2024-04-21T20:17:48.294+0000] {dagbag.py:540} INFO - Filling up the DagBag from /home/airflow/.local/lib/python3.9/site-packages/airflow/example_dags/example_branch_operator.py
[2024-04-21T20:17:48.312+0000] {processor.py:840} INFO - DAG(s) 'example_branch_operator' retrieved from /home/airflow/.local/lib/python3.9/site-packages/airflow/example_dags/example_branch_operator.py
[2024-04-21T20:17:48.390+0000] {logging_mixin.py:188} INFO - [2024-04-21T20:17:48.389+0000] {dag.py:3047} INFO - Sync 1 DAGs
[2024-04-21T20:17:48.424+0000] {logging_mixin.py:188} INFO - [2024-04-21T20:17:48.424+0000] {dag.py:3834} INFO - Setting next_dagrun for example_branch_operator to 2024-04-20 00:00:00+00:00, run_after=2024-04-21 00:00:00+00:00
[2024-04-21T20:17:48.467+0000] {processor.py:183} INFO - Processing /home/airflow/.local/lib/python3.9/site-packages/airflow/example_dags/example_branch_operator.py took 0.180 seconds
[2024-04-21T20:18:18.895+0000] {processor.py:161} INFO - Started process (PID=275) to work on /home/airflow/.local/lib/python3.9/site-packages/airflow/example_dags/example_branch_operator.py
[2024-04-21T20:18:18.897+0000] {processor.py:830} INFO - Processing file /home/airflow/.local/lib/python3.9/site-packages/airflow/example_dags/example_branch_operator.py for tasks to queue
[2024-04-21T20:18:18.900+0000] {logging_mixin.py:188} INFO - [2024-04-21T20:18:18.899+0000] {dagbag.py:540} INFO - Filling up the DagBag from /home/airflow/.local/lib/python3.9/site-packages/airflow/example_dags/example_branch_operator.py
[2024-04-21T20:18:18.918+0000] {processor.py:840} INFO - DAG(s) 'example_branch_operator' retrieved from /home/airflow/.local/lib/python3.9/site-packages/airflow/example_dags/example_branch_operator.py
[2024-04-21T20:18:18.988+0000] {logging_mixin.py:188} INFO - [2024-04-21T20:18:18.987+0000] {dag.py:3047} INFO - Sync 1 DAGs
[2024-04-21T20:18:19.019+0000] {logging_mixin.py:188} INFO - [2024-04-21T20:18:19.019+0000] {dag.py:3834} INFO - Setting next_dagrun for example_branch_operator to 2024-04-20 00:00:00+00:00, run_after=2024-04-21 00:00:00+00:00
[2024-04-21T20:18:19.060+0000] {processor.py:183} INFO - Processing /home/airflow/.local/lib/python3.9/site-packages/airflow/example_dags/example_branch_operator.py took 0.167 seconds
[2024-04-21T20:18:49.336+0000] {processor.py:161} INFO - Started process (PID=332) to work on /home/airflow/.local/lib/python3.9/site-packages/airflow/example_dags/example_branch_operator.py
[2024-04-21T20:18:49.337+0000] {processor.py:830} INFO - Processing file /home/airflow/.local/lib/python3.9/site-packages/airflow/example_dags/example_branch_operator.py for tasks to queue
[2024-04-21T20:18:49.339+0000] {logging_mixin.py:188} INFO - [2024-04-21T20:18:49.339+0000] {dagbag.py:540} INFO - Filling up the DagBag from /home/airflow/.local/lib/python3.9/site-packages/airflow/example_dags/example_branch_operator.py
[2024-04-21T20:18:49.357+0000] {processor.py:840} INFO - DAG(s) 'example_branch_operator' retrieved from /home/airflow/.local/lib/python3.9/site-packages/airflow/example_dags/example_branch_operator.py
[2024-04-21T20:18:49.423+0000] {logging_mixin.py:188} INFO - [2024-04-21T20:18:49.423+0000] {dag.py:3047} INFO - Sync 1 DAGs
[2024-04-21T20:18:49.451+0000] {logging_mixin.py:188} INFO - [2024-04-21T20:18:49.451+0000] {dag.py:3834} INFO - Setting next_dagrun for example_branch_operator to 2024-04-20 00:00:00+00:00, run_after=2024-04-21 00:00:00+00:00
[2024-04-21T20:18:49.488+0000] {processor.py:183} INFO - Processing /home/airflow/.local/lib/python3.9/site-packages/airflow/example_dags/example_branch_operator.py took 0.155 seconds
[2024-04-21T20:32:47.398+0000] {processor.py:161} INFO - Started process (PID=49) to work on /home/airflow/.local/lib/python3.9/site-packages/airflow/example_dags/example_branch_operator.py
[2024-04-21T20:32:47.409+0000] {processor.py:830} INFO - Processing file /home/airflow/.local/lib/python3.9/site-packages/airflow/example_dags/example_branch_operator.py for tasks to queue
[2024-04-21T20:32:47.455+0000] {logging_mixin.py:188} INFO - [2024-04-21T20:32:47.452+0000] {dagbag.py:540} INFO - Filling up the DagBag from /home/airflow/.local/lib/python3.9/site-packages/airflow/example_dags/example_branch_operator.py
[2024-04-21T20:32:47.558+0000] {processor.py:840} INFO - DAG(s) 'example_branch_operator' retrieved from /home/airflow/.local/lib/python3.9/site-packages/airflow/example_dags/example_branch_operator.py
[2024-04-21T20:32:47.694+0000] {logging_mixin.py:188} INFO - [2024-04-21T20:32:47.694+0000] {dag.py:3047} INFO - Sync 1 DAGs
[2024-04-21T20:32:47.793+0000] {logging_mixin.py:188} INFO - [2024-04-21T20:32:47.793+0000] {dag.py:3834} INFO - Setting next_dagrun for example_branch_operator to 2024-04-20 00:00:00+00:00, run_after=2024-04-21 00:00:00+00:00
[2024-04-21T20:32:47.885+0000] {processor.py:183} INFO - Processing /home/airflow/.local/lib/python3.9/site-packages/airflow/example_dags/example_branch_operator.py took 0.573 seconds
[2024-04-21T20:33:21.906+0000] {processor.py:161} INFO - Started process (PID=49) to work on /home/airflow/.local/lib/python3.9/site-packages/airflow/example_dags/example_branch_operator.py
[2024-04-21T20:33:21.908+0000] {processor.py:830} INFO - Processing file /home/airflow/.local/lib/python3.9/site-packages/airflow/example_dags/example_branch_operator.py for tasks to queue
[2024-04-21T20:33:21.910+0000] {logging_mixin.py:188} INFO - [2024-04-21T20:33:21.910+0000] {dagbag.py:540} INFO - Filling up the DagBag from /home/airflow/.local/lib/python3.9/site-packages/airflow/example_dags/example_branch_operator.py
[2024-04-21T20:33:21.929+0000] {processor.py:840} INFO - DAG(s) 'example_branch_operator' retrieved from /home/airflow/.local/lib/python3.9/site-packages/airflow/example_dags/example_branch_operator.py
[2024-04-21T20:33:22.092+0000] {logging_mixin.py:188} INFO - [2024-04-21T20:33:22.092+0000] {dag.py:3047} INFO - Sync 1 DAGs
[2024-04-21T20:33:22.115+0000] {logging_mixin.py:188} INFO - [2024-04-21T20:33:22.114+0000] {dag.py:3834} INFO - Setting next_dagrun for example_branch_operator to 2024-04-20 00:00:00+00:00, run_after=2024-04-21 00:00:00+00:00
[2024-04-21T20:33:22.160+0000] {processor.py:183} INFO - Processing /home/airflow/.local/lib/python3.9/site-packages/airflow/example_dags/example_branch_operator.py took 0.256 seconds
[2024-04-21T20:33:52.338+0000] {processor.py:161} INFO - Started process (PID=106) to work on /home/airflow/.local/lib/python3.9/site-packages/airflow/example_dags/example_branch_operator.py
[2024-04-21T20:33:52.340+0000] {processor.py:830} INFO - Processing file /home/airflow/.local/lib/python3.9/site-packages/airflow/example_dags/example_branch_operator.py for tasks to queue
[2024-04-21T20:33:52.342+0000] {logging_mixin.py:188} INFO - [2024-04-21T20:33:52.342+0000] {dagbag.py:540} INFO - Filling up the DagBag from /home/airflow/.local/lib/python3.9/site-packages/airflow/example_dags/example_branch_operator.py
[2024-04-21T20:33:52.359+0000] {processor.py:840} INFO - DAG(s) 'example_branch_operator' retrieved from /home/airflow/.local/lib/python3.9/site-packages/airflow/example_dags/example_branch_operator.py
[2024-04-21T20:33:52.426+0000] {logging_mixin.py:188} INFO - [2024-04-21T20:33:52.425+0000] {dag.py:3047} INFO - Sync 1 DAGs
[2024-04-21T20:33:52.450+0000] {logging_mixin.py:188} INFO - [2024-04-21T20:33:52.450+0000] {dag.py:3834} INFO - Setting next_dagrun for example_branch_operator to 2024-04-20 00:00:00+00:00, run_after=2024-04-21 00:00:00+00:00
[2024-04-21T20:33:52.484+0000] {processor.py:183} INFO - Processing /home/airflow/.local/lib/python3.9/site-packages/airflow/example_dags/example_branch_operator.py took 0.149 seconds
[2024-04-21T20:34:29.747+0000] {processor.py:161} INFO - Started process (PID=49) to work on /home/airflow/.local/lib/python3.9/site-packages/airflow/example_dags/example_branch_operator.py
[2024-04-21T20:34:29.748+0000] {processor.py:830} INFO - Processing file /home/airflow/.local/lib/python3.9/site-packages/airflow/example_dags/example_branch_operator.py for tasks to queue
[2024-04-21T20:34:29.750+0000] {logging_mixin.py:188} INFO - [2024-04-21T20:34:29.750+0000] {dagbag.py:540} INFO - Filling up the DagBag from /home/airflow/.local/lib/python3.9/site-packages/airflow/example_dags/example_branch_operator.py
[2024-04-21T20:34:29.769+0000] {processor.py:840} INFO - DAG(s) 'example_branch_operator' retrieved from /home/airflow/.local/lib/python3.9/site-packages/airflow/example_dags/example_branch_operator.py
[2024-04-21T20:34:29.929+0000] {logging_mixin.py:188} INFO - [2024-04-21T20:34:29.929+0000] {dag.py:3047} INFO - Sync 1 DAGs
[2024-04-21T20:34:29.955+0000] {logging_mixin.py:188} INFO - [2024-04-21T20:34:29.955+0000] {dag.py:3834} INFO - Setting next_dagrun for example_branch_operator to 2024-04-20 00:00:00+00:00, run_after=2024-04-21 00:00:00+00:00
[2024-04-21T20:34:29.993+0000] {processor.py:183} INFO - Processing /home/airflow/.local/lib/python3.9/site-packages/airflow/example_dags/example_branch_operator.py took 0.249 seconds
[2024-04-21T20:35:00.960+0000] {processor.py:161} INFO - Started process (PID=106) to work on /home/airflow/.local/lib/python3.9/site-packages/airflow/example_dags/example_branch_operator.py
[2024-04-21T20:35:00.962+0000] {processor.py:830} INFO - Processing file /home/airflow/.local/lib/python3.9/site-packages/airflow/example_dags/example_branch_operator.py for tasks to queue
[2024-04-21T20:35:00.966+0000] {logging_mixin.py:188} INFO - [2024-04-21T20:35:00.965+0000] {dagbag.py:540} INFO - Filling up the DagBag from /home/airflow/.local/lib/python3.9/site-packages/airflow/example_dags/example_branch_operator.py
[2024-04-21T20:35:01.009+0000] {processor.py:840} INFO - DAG(s) 'example_branch_operator' retrieved from /home/airflow/.local/lib/python3.9/site-packages/airflow/example_dags/example_branch_operator.py
[2024-04-21T20:35:01.095+0000] {logging_mixin.py:188} INFO - [2024-04-21T20:35:01.095+0000] {dag.py:3047} INFO - Sync 1 DAGs
[2024-04-21T20:35:01.127+0000] {logging_mixin.py:188} INFO - [2024-04-21T20:35:01.126+0000] {dag.py:3834} INFO - Setting next_dagrun for example_branch_operator to 2024-04-20 00:00:00+00:00, run_after=2024-04-21 00:00:00+00:00
[2024-04-21T20:35:01.160+0000] {processor.py:183} INFO - Processing /home/airflow/.local/lib/python3.9/site-packages/airflow/example_dags/example_branch_operator.py took 0.208 seconds
[2024-04-21T20:35:31.937+0000] {processor.py:161} INFO - Started process (PID=163) to work on /home/airflow/.local/lib/python3.9/site-packages/airflow/example_dags/example_branch_operator.py
[2024-04-21T20:35:31.938+0000] {processor.py:830} INFO - Processing file /home/airflow/.local/lib/python3.9/site-packages/airflow/example_dags/example_branch_operator.py for tasks to queue
[2024-04-21T20:35:31.940+0000] {logging_mixin.py:188} INFO - [2024-04-21T20:35:31.940+0000] {dagbag.py:540} INFO - Filling up the DagBag from /home/airflow/.local/lib/python3.9/site-packages/airflow/example_dags/example_branch_operator.py
[2024-04-21T20:35:31.957+0000] {processor.py:840} INFO - DAG(s) 'example_branch_operator' retrieved from /home/airflow/.local/lib/python3.9/site-packages/airflow/example_dags/example_branch_operator.py
[2024-04-21T20:35:32.018+0000] {logging_mixin.py:188} INFO - [2024-04-21T20:35:32.018+0000] {dag.py:3047} INFO - Sync 1 DAGs
[2024-04-21T20:35:32.042+0000] {logging_mixin.py:188} INFO - [2024-04-21T20:35:32.041+0000] {dag.py:3834} INFO - Setting next_dagrun for example_branch_operator to 2024-04-20 00:00:00+00:00, run_after=2024-04-21 00:00:00+00:00
[2024-04-21T20:35:32.073+0000] {processor.py:183} INFO - Processing /home/airflow/.local/lib/python3.9/site-packages/airflow/example_dags/example_branch_operator.py took 0.139 seconds
[2024-04-21T20:36:03.059+0000] {processor.py:161} INFO - Started process (PID=220) to work on /home/airflow/.local/lib/python3.9/site-packages/airflow/example_dags/example_branch_operator.py
[2024-04-21T20:36:03.061+0000] {processor.py:830} INFO - Processing file /home/airflow/.local/lib/python3.9/site-packages/airflow/example_dags/example_branch_operator.py for tasks to queue
[2024-04-21T20:36:03.063+0000] {logging_mixin.py:188} INFO - [2024-04-21T20:36:03.063+0000] {dagbag.py:540} INFO - Filling up the DagBag from /home/airflow/.local/lib/python3.9/site-packages/airflow/example_dags/example_branch_operator.py
[2024-04-21T20:36:03.085+0000] {processor.py:840} INFO - DAG(s) 'example_branch_operator' retrieved from /home/airflow/.local/lib/python3.9/site-packages/airflow/example_dags/example_branch_operator.py
[2024-04-21T20:36:03.151+0000] {logging_mixin.py:188} INFO - [2024-04-21T20:36:03.150+0000] {dag.py:3047} INFO - Sync 1 DAGs
[2024-04-21T20:36:03.175+0000] {logging_mixin.py:188} INFO - [2024-04-21T20:36:03.175+0000] {dag.py:3834} INFO - Setting next_dagrun for example_branch_operator to 2024-04-20 00:00:00+00:00, run_after=2024-04-21 00:00:00+00:00
[2024-04-21T20:36:03.212+0000] {processor.py:183} INFO - Processing /home/airflow/.local/lib/python3.9/site-packages/airflow/example_dags/example_branch_operator.py took 0.155 seconds
[2024-04-21T20:36:33.757+0000] {processor.py:161} INFO - Started process (PID=277) to work on /home/airflow/.local/lib/python3.9/site-packages/airflow/example_dags/example_branch_operator.py
[2024-04-21T20:36:33.759+0000] {processor.py:830} INFO - Processing file /home/airflow/.local/lib/python3.9/site-packages/airflow/example_dags/example_branch_operator.py for tasks to queue
[2024-04-21T20:36:33.763+0000] {logging_mixin.py:188} INFO - [2024-04-21T20:36:33.762+0000] {dagbag.py:540} INFO - Filling up the DagBag from /home/airflow/.local/lib/python3.9/site-packages/airflow/example_dags/example_branch_operator.py
[2024-04-21T20:36:33.810+0000] {processor.py:840} INFO - DAG(s) 'example_branch_operator' retrieved from /home/airflow/.local/lib/python3.9/site-packages/airflow/example_dags/example_branch_operator.py
[2024-04-21T20:36:34.076+0000] {logging_mixin.py:188} INFO - [2024-04-21T20:36:34.072+0000] {dag.py:3047} INFO - Sync 1 DAGs
[2024-04-21T20:36:34.131+0000] {logging_mixin.py:188} INFO - [2024-04-21T20:36:34.131+0000] {dag.py:3834} INFO - Setting next_dagrun for example_branch_operator to 2024-04-20 00:00:00+00:00, run_after=2024-04-21 00:00:00+00:00
[2024-04-21T20:36:34.206+0000] {processor.py:183} INFO - Processing /home/airflow/.local/lib/python3.9/site-packages/airflow/example_dags/example_branch_operator.py took 0.452 seconds
[2024-04-21T20:37:04.784+0000] {processor.py:161} INFO - Started process (PID=333) to work on /home/airflow/.local/lib/python3.9/site-packages/airflow/example_dags/example_branch_operator.py
[2024-04-21T20:37:04.786+0000] {processor.py:830} INFO - Processing file /home/airflow/.local/lib/python3.9/site-packages/airflow/example_dags/example_branch_operator.py for tasks to queue
[2024-04-21T20:37:04.788+0000] {logging_mixin.py:188} INFO - [2024-04-21T20:37:04.787+0000] {dagbag.py:540} INFO - Filling up the DagBag from /home/airflow/.local/lib/python3.9/site-packages/airflow/example_dags/example_branch_operator.py
[2024-04-21T20:37:04.805+0000] {processor.py:840} INFO - DAG(s) 'example_branch_operator' retrieved from /home/airflow/.local/lib/python3.9/site-packages/airflow/example_dags/example_branch_operator.py
[2024-04-21T20:37:04.864+0000] {logging_mixin.py:188} INFO - [2024-04-21T20:37:04.864+0000] {dag.py:3047} INFO - Sync 1 DAGs
[2024-04-21T20:37:04.888+0000] {logging_mixin.py:188} INFO - [2024-04-21T20:37:04.887+0000] {dag.py:3834} INFO - Setting next_dagrun for example_branch_operator to 2024-04-20 00:00:00+00:00, run_after=2024-04-21 00:00:00+00:00
[2024-04-21T20:37:04.921+0000] {processor.py:183} INFO - Processing /home/airflow/.local/lib/python3.9/site-packages/airflow/example_dags/example_branch_operator.py took 0.140 seconds
[2024-04-21T20:37:35.221+0000] {processor.py:161} INFO - Started process (PID=389) to work on /home/airflow/.local/lib/python3.9/site-packages/airflow/example_dags/example_branch_operator.py
[2024-04-21T20:37:35.223+0000] {processor.py:830} INFO - Processing file /home/airflow/.local/lib/python3.9/site-packages/airflow/example_dags/example_branch_operator.py for tasks to queue
[2024-04-21T20:37:35.225+0000] {logging_mixin.py:188} INFO - [2024-04-21T20:37:35.225+0000] {dagbag.py:540} INFO - Filling up the DagBag from /home/airflow/.local/lib/python3.9/site-packages/airflow/example_dags/example_branch_operator.py
[2024-04-21T20:37:35.245+0000] {processor.py:840} INFO - DAG(s) 'example_branch_operator' retrieved from /home/airflow/.local/lib/python3.9/site-packages/airflow/example_dags/example_branch_operator.py
[2024-04-21T20:37:35.318+0000] {logging_mixin.py:188} INFO - [2024-04-21T20:37:35.317+0000] {dag.py:3047} INFO - Sync 1 DAGs
[2024-04-21T20:37:35.348+0000] {logging_mixin.py:188} INFO - [2024-04-21T20:37:35.347+0000] {dag.py:3834} INFO - Setting next_dagrun for example_branch_operator to 2024-04-20 00:00:00+00:00, run_after=2024-04-21 00:00:00+00:00
[2024-04-21T20:37:35.396+0000] {processor.py:183} INFO - Processing /home/airflow/.local/lib/python3.9/site-packages/airflow/example_dags/example_branch_operator.py took 0.177 seconds
[2024-04-21T20:38:06.223+0000] {processor.py:161} INFO - Started process (PID=446) to work on /home/airflow/.local/lib/python3.9/site-packages/airflow/example_dags/example_branch_operator.py
[2024-04-21T20:38:06.224+0000] {processor.py:830} INFO - Processing file /home/airflow/.local/lib/python3.9/site-packages/airflow/example_dags/example_branch_operator.py for tasks to queue
[2024-04-21T20:38:06.227+0000] {logging_mixin.py:188} INFO - [2024-04-21T20:38:06.227+0000] {dagbag.py:540} INFO - Filling up the DagBag from /home/airflow/.local/lib/python3.9/site-packages/airflow/example_dags/example_branch_operator.py
[2024-04-21T20:38:06.250+0000] {processor.py:840} INFO - DAG(s) 'example_branch_operator' retrieved from /home/airflow/.local/lib/python3.9/site-packages/airflow/example_dags/example_branch_operator.py
[2024-04-21T20:38:06.314+0000] {logging_mixin.py:188} INFO - [2024-04-21T20:38:06.314+0000] {dag.py:3047} INFO - Sync 1 DAGs
[2024-04-21T20:38:06.339+0000] {logging_mixin.py:188} INFO - [2024-04-21T20:38:06.339+0000] {dag.py:3834} INFO - Setting next_dagrun for example_branch_operator to 2024-04-20 00:00:00+00:00, run_after=2024-04-21 00:00:00+00:00
[2024-04-21T20:38:06.379+0000] {processor.py:183} INFO - Processing /home/airflow/.local/lib/python3.9/site-packages/airflow/example_dags/example_branch_operator.py took 0.160 seconds
[2024-04-21T20:38:36.651+0000] {processor.py:161} INFO - Started process (PID=503) to work on /home/airflow/.local/lib/python3.9/site-packages/airflow/example_dags/example_branch_operator.py
[2024-04-21T20:38:36.652+0000] {processor.py:830} INFO - Processing file /home/airflow/.local/lib/python3.9/site-packages/airflow/example_dags/example_branch_operator.py for tasks to queue
[2024-04-21T20:38:36.659+0000] {logging_mixin.py:188} INFO - [2024-04-21T20:38:36.656+0000] {dagbag.py:540} INFO - Filling up the DagBag from /home/airflow/.local/lib/python3.9/site-packages/airflow/example_dags/example_branch_operator.py
[2024-04-21T20:38:36.720+0000] {processor.py:840} INFO - DAG(s) 'example_branch_operator' retrieved from /home/airflow/.local/lib/python3.9/site-packages/airflow/example_dags/example_branch_operator.py
[2024-04-21T20:38:37.844+0000] {logging_mixin.py:188} INFO - [2024-04-21T20:38:37.838+0000] {dag.py:3047} INFO - Sync 1 DAGs
[2024-04-21T20:38:37.887+0000] {logging_mixin.py:188} INFO - [2024-04-21T20:38:37.887+0000] {dag.py:3834} INFO - Setting next_dagrun for example_branch_operator to 2024-04-20 00:00:00+00:00, run_after=2024-04-21 00:00:00+00:00
[2024-04-21T20:38:37.938+0000] {processor.py:183} INFO - Processing /home/airflow/.local/lib/python3.9/site-packages/airflow/example_dags/example_branch_operator.py took 1.298 seconds
[2024-04-21T20:39:08.151+0000] {processor.py:161} INFO - Started process (PID=560) to work on /home/airflow/.local/lib/python3.9/site-packages/airflow/example_dags/example_branch_operator.py
[2024-04-21T20:39:08.153+0000] {processor.py:830} INFO - Processing file /home/airflow/.local/lib/python3.9/site-packages/airflow/example_dags/example_branch_operator.py for tasks to queue
[2024-04-21T20:39:08.155+0000] {logging_mixin.py:188} INFO - [2024-04-21T20:39:08.155+0000] {dagbag.py:540} INFO - Filling up the DagBag from /home/airflow/.local/lib/python3.9/site-packages/airflow/example_dags/example_branch_operator.py
[2024-04-21T20:39:08.173+0000] {processor.py:840} INFO - DAG(s) 'example_branch_operator' retrieved from /home/airflow/.local/lib/python3.9/site-packages/airflow/example_dags/example_branch_operator.py
[2024-04-21T20:39:08.252+0000] {logging_mixin.py:188} INFO - [2024-04-21T20:39:08.252+0000] {dag.py:3047} INFO - Sync 1 DAGs
[2024-04-21T20:39:08.291+0000] {logging_mixin.py:188} INFO - [2024-04-21T20:39:08.291+0000] {dag.py:3834} INFO - Setting next_dagrun for example_branch_operator to 2024-04-20 00:00:00+00:00, run_after=2024-04-21 00:00:00+00:00
[2024-04-21T20:39:08.339+0000] {processor.py:183} INFO - Processing /home/airflow/.local/lib/python3.9/site-packages/airflow/example_dags/example_branch_operator.py took 0.191 seconds
[2024-04-21T20:40:40.992+0000] {processor.py:161} INFO - Started process (PID=593) to work on /home/airflow/.local/lib/python3.9/site-packages/airflow/example_dags/example_branch_operator.py
[2024-04-21T20:40:40.993+0000] {processor.py:830} INFO - Processing file /home/airflow/.local/lib/python3.9/site-packages/airflow/example_dags/example_branch_operator.py for tasks to queue
[2024-04-21T20:40:40.995+0000] {logging_mixin.py:188} INFO - [2024-04-21T20:40:40.995+0000] {dagbag.py:540} INFO - Filling up the DagBag from /home/airflow/.local/lib/python3.9/site-packages/airflow/example_dags/example_branch_operator.py
[2024-04-21T20:40:41.010+0000] {processor.py:840} INFO - DAG(s) 'example_branch_operator' retrieved from /home/airflow/.local/lib/python3.9/site-packages/airflow/example_dags/example_branch_operator.py
[2024-04-21T20:40:41.077+0000] {logging_mixin.py:188} INFO - [2024-04-21T20:40:41.077+0000] {dag.py:3047} INFO - Sync 1 DAGs
[2024-04-21T20:40:41.099+0000] {logging_mixin.py:188} INFO - [2024-04-21T20:40:41.099+0000] {dag.py:3834} INFO - Setting next_dagrun for example_branch_operator to 2024-04-20 00:00:00+00:00, run_after=2024-04-21 00:00:00+00:00
[2024-04-21T20:40:41.127+0000] {processor.py:183} INFO - Processing /home/airflow/.local/lib/python3.9/site-packages/airflow/example_dags/example_branch_operator.py took 0.138 seconds
[2024-04-21T20:41:11.601+0000] {processor.py:161} INFO - Started process (PID=652) to work on /home/airflow/.local/lib/python3.9/site-packages/airflow/example_dags/example_branch_operator.py
[2024-04-21T20:41:11.603+0000] {processor.py:830} INFO - Processing file /home/airflow/.local/lib/python3.9/site-packages/airflow/example_dags/example_branch_operator.py for tasks to queue
[2024-04-21T20:41:11.605+0000] {logging_mixin.py:188} INFO - [2024-04-21T20:41:11.605+0000] {dagbag.py:540} INFO - Filling up the DagBag from /home/airflow/.local/lib/python3.9/site-packages/airflow/example_dags/example_branch_operator.py
[2024-04-21T20:41:11.628+0000] {processor.py:840} INFO - DAG(s) 'example_branch_operator' retrieved from /home/airflow/.local/lib/python3.9/site-packages/airflow/example_dags/example_branch_operator.py
[2024-04-21T20:41:11.699+0000] {logging_mixin.py:188} INFO - [2024-04-21T20:41:11.698+0000] {dag.py:3047} INFO - Sync 1 DAGs
[2024-04-21T20:41:11.726+0000] {logging_mixin.py:188} INFO - [2024-04-21T20:41:11.726+0000] {dag.py:3834} INFO - Setting next_dagrun for example_branch_operator to 2024-04-20 00:00:00+00:00, run_after=2024-04-21 00:00:00+00:00
[2024-04-21T20:41:11.766+0000] {processor.py:183} INFO - Processing /home/airflow/.local/lib/python3.9/site-packages/airflow/example_dags/example_branch_operator.py took 0.168 seconds
[2024-04-21T20:41:41.863+0000] {processor.py:161} INFO - Started process (PID=709) to work on /home/airflow/.local/lib/python3.9/site-packages/airflow/example_dags/example_branch_operator.py
[2024-04-21T20:41:41.864+0000] {processor.py:830} INFO - Processing file /home/airflow/.local/lib/python3.9/site-packages/airflow/example_dags/example_branch_operator.py for tasks to queue
[2024-04-21T20:41:41.866+0000] {logging_mixin.py:188} INFO - [2024-04-21T20:41:41.866+0000] {dagbag.py:540} INFO - Filling up the DagBag from /home/airflow/.local/lib/python3.9/site-packages/airflow/example_dags/example_branch_operator.py
[2024-04-21T20:41:41.881+0000] {processor.py:840} INFO - DAG(s) 'example_branch_operator' retrieved from /home/airflow/.local/lib/python3.9/site-packages/airflow/example_dags/example_branch_operator.py
[2024-04-21T20:41:41.940+0000] {logging_mixin.py:188} INFO - [2024-04-21T20:41:41.940+0000] {dag.py:3047} INFO - Sync 1 DAGs
[2024-04-21T20:41:41.961+0000] {logging_mixin.py:188} INFO - [2024-04-21T20:41:41.961+0000] {dag.py:3834} INFO - Setting next_dagrun for example_branch_operator to 2024-04-20 00:00:00+00:00, run_after=2024-04-21 00:00:00+00:00
[2024-04-21T20:41:41.997+0000] {processor.py:183} INFO - Processing /home/airflow/.local/lib/python3.9/site-packages/airflow/example_dags/example_branch_operator.py took 0.136 seconds
[2024-04-21T20:42:36.422+0000] {processor.py:161} INFO - Started process (PID=49) to work on /home/airflow/.local/lib/python3.9/site-packages/airflow/example_dags/example_branch_operator.py
[2024-04-21T20:42:36.423+0000] {processor.py:830} INFO - Processing file /home/airflow/.local/lib/python3.9/site-packages/airflow/example_dags/example_branch_operator.py for tasks to queue
[2024-04-21T20:42:36.426+0000] {logging_mixin.py:188} INFO - [2024-04-21T20:42:36.425+0000] {dagbag.py:540} INFO - Filling up the DagBag from /home/airflow/.local/lib/python3.9/site-packages/airflow/example_dags/example_branch_operator.py
[2024-04-21T20:42:36.444+0000] {processor.py:840} INFO - DAG(s) 'example_branch_operator' retrieved from /home/airflow/.local/lib/python3.9/site-packages/airflow/example_dags/example_branch_operator.py
[2024-04-21T20:42:36.622+0000] {logging_mixin.py:188} INFO - [2024-04-21T20:42:36.621+0000] {dag.py:3047} INFO - Sync 1 DAGs
[2024-04-21T20:42:36.644+0000] {logging_mixin.py:188} INFO - [2024-04-21T20:42:36.644+0000] {dag.py:3834} INFO - Setting next_dagrun for example_branch_operator to 2024-04-20 00:00:00+00:00, run_after=2024-04-21 00:00:00+00:00
[2024-04-21T20:42:36.690+0000] {processor.py:183} INFO - Processing /home/airflow/.local/lib/python3.9/site-packages/airflow/example_dags/example_branch_operator.py took 0.271 seconds
[2024-04-21T20:43:07.779+0000] {processor.py:161} INFO - Started process (PID=106) to work on /home/airflow/.local/lib/python3.9/site-packages/airflow/example_dags/example_branch_operator.py
[2024-04-21T20:43:07.780+0000] {processor.py:830} INFO - Processing file /home/airflow/.local/lib/python3.9/site-packages/airflow/example_dags/example_branch_operator.py for tasks to queue
[2024-04-21T20:43:07.783+0000] {logging_mixin.py:188} INFO - [2024-04-21T20:43:07.783+0000] {dagbag.py:540} INFO - Filling up the DagBag from /home/airflow/.local/lib/python3.9/site-packages/airflow/example_dags/example_branch_operator.py
[2024-04-21T20:43:07.808+0000] {processor.py:840} INFO - DAG(s) 'example_branch_operator' retrieved from /home/airflow/.local/lib/python3.9/site-packages/airflow/example_dags/example_branch_operator.py
[2024-04-21T20:43:07.881+0000] {logging_mixin.py:188} INFO - [2024-04-21T20:43:07.881+0000] {dag.py:3047} INFO - Sync 1 DAGs
[2024-04-21T20:43:07.912+0000] {logging_mixin.py:188} INFO - [2024-04-21T20:43:07.911+0000] {dag.py:3834} INFO - Setting next_dagrun for example_branch_operator to 2024-04-20 00:00:00+00:00, run_after=2024-04-21 00:00:00+00:00
[2024-04-21T20:43:07.957+0000] {processor.py:183} INFO - Processing /home/airflow/.local/lib/python3.9/site-packages/airflow/example_dags/example_branch_operator.py took 0.181 seconds
[2024-04-21T20:43:38.354+0000] {processor.py:161} INFO - Started process (PID=163) to work on /home/airflow/.local/lib/python3.9/site-packages/airflow/example_dags/example_branch_operator.py
[2024-04-21T20:43:38.356+0000] {processor.py:830} INFO - Processing file /home/airflow/.local/lib/python3.9/site-packages/airflow/example_dags/example_branch_operator.py for tasks to queue
[2024-04-21T20:43:38.358+0000] {logging_mixin.py:188} INFO - [2024-04-21T20:43:38.358+0000] {dagbag.py:540} INFO - Filling up the DagBag from /home/airflow/.local/lib/python3.9/site-packages/airflow/example_dags/example_branch_operator.py
[2024-04-21T20:43:38.375+0000] {processor.py:840} INFO - DAG(s) 'example_branch_operator' retrieved from /home/airflow/.local/lib/python3.9/site-packages/airflow/example_dags/example_branch_operator.py
[2024-04-21T20:43:38.437+0000] {logging_mixin.py:188} INFO - [2024-04-21T20:43:38.436+0000] {dag.py:3047} INFO - Sync 1 DAGs
[2024-04-21T20:43:38.469+0000] {logging_mixin.py:188} INFO - [2024-04-21T20:43:38.469+0000] {dag.py:3834} INFO - Setting next_dagrun for example_branch_operator to 2024-04-20 00:00:00+00:00, run_after=2024-04-21 00:00:00+00:00
[2024-04-21T20:43:38.503+0000] {processor.py:183} INFO - Processing /home/airflow/.local/lib/python3.9/site-packages/airflow/example_dags/example_branch_operator.py took 0.153 seconds
[2024-04-21T20:44:09.633+0000] {processor.py:161} INFO - Started process (PID=220) to work on /home/airflow/.local/lib/python3.9/site-packages/airflow/example_dags/example_branch_operator.py
[2024-04-21T20:44:09.634+0000] {processor.py:830} INFO - Processing file /home/airflow/.local/lib/python3.9/site-packages/airflow/example_dags/example_branch_operator.py for tasks to queue
[2024-04-21T20:44:09.637+0000] {logging_mixin.py:188} INFO - [2024-04-21T20:44:09.637+0000] {dagbag.py:540} INFO - Filling up the DagBag from /home/airflow/.local/lib/python3.9/site-packages/airflow/example_dags/example_branch_operator.py
[2024-04-21T20:44:09.654+0000] {processor.py:840} INFO - DAG(s) 'example_branch_operator' retrieved from /home/airflow/.local/lib/python3.9/site-packages/airflow/example_dags/example_branch_operator.py
[2024-04-21T20:44:09.717+0000] {logging_mixin.py:188} INFO - [2024-04-21T20:44:09.716+0000] {dag.py:3047} INFO - Sync 1 DAGs
[2024-04-21T20:44:09.742+0000] {logging_mixin.py:188} INFO - [2024-04-21T20:44:09.742+0000] {dag.py:3834} INFO - Setting next_dagrun for example_branch_operator to 2024-04-20 00:00:00+00:00, run_after=2024-04-21 00:00:00+00:00
[2024-04-21T20:44:09.774+0000] {processor.py:183} INFO - Processing /home/airflow/.local/lib/python3.9/site-packages/airflow/example_dags/example_branch_operator.py took 0.144 seconds
[2024-04-21T20:44:40.946+0000] {processor.py:161} INFO - Started process (PID=277) to work on /home/airflow/.local/lib/python3.9/site-packages/airflow/example_dags/example_branch_operator.py
[2024-04-21T20:44:40.950+0000] {processor.py:830} INFO - Processing file /home/airflow/.local/lib/python3.9/site-packages/airflow/example_dags/example_branch_operator.py for tasks to queue
[2024-04-21T20:44:40.954+0000] {logging_mixin.py:188} INFO - [2024-04-21T20:44:40.953+0000] {dagbag.py:540} INFO - Filling up the DagBag from /home/airflow/.local/lib/python3.9/site-packages/airflow/example_dags/example_branch_operator.py
[2024-04-21T20:44:40.980+0000] {processor.py:840} INFO - DAG(s) 'example_branch_operator' retrieved from /home/airflow/.local/lib/python3.9/site-packages/airflow/example_dags/example_branch_operator.py
[2024-04-21T20:44:41.060+0000] {logging_mixin.py:188} INFO - [2024-04-21T20:44:41.060+0000] {dag.py:3047} INFO - Sync 1 DAGs
[2024-04-21T20:44:41.089+0000] {logging_mixin.py:188} INFO - [2024-04-21T20:44:41.089+0000] {dag.py:3834} INFO - Setting next_dagrun for example_branch_operator to 2024-04-20 00:00:00+00:00, run_after=2024-04-21 00:00:00+00:00
[2024-04-21T20:44:41.124+0000] {processor.py:183} INFO - Processing /home/airflow/.local/lib/python3.9/site-packages/airflow/example_dags/example_branch_operator.py took 0.188 seconds
[2024-04-21T20:45:11.723+0000] {processor.py:161} INFO - Started process (PID=333) to work on /home/airflow/.local/lib/python3.9/site-packages/airflow/example_dags/example_branch_operator.py
[2024-04-21T20:45:11.725+0000] {processor.py:830} INFO - Processing file /home/airflow/.local/lib/python3.9/site-packages/airflow/example_dags/example_branch_operator.py for tasks to queue
[2024-04-21T20:45:11.727+0000] {logging_mixin.py:188} INFO - [2024-04-21T20:45:11.727+0000] {dagbag.py:540} INFO - Filling up the DagBag from /home/airflow/.local/lib/python3.9/site-packages/airflow/example_dags/example_branch_operator.py
[2024-04-21T20:45:11.747+0000] {processor.py:840} INFO - DAG(s) 'example_branch_operator' retrieved from /home/airflow/.local/lib/python3.9/site-packages/airflow/example_dags/example_branch_operator.py
[2024-04-21T20:45:11.809+0000] {logging_mixin.py:188} INFO - [2024-04-21T20:45:11.808+0000] {dag.py:3047} INFO - Sync 1 DAGs
[2024-04-21T20:45:11.834+0000] {logging_mixin.py:188} INFO - [2024-04-21T20:45:11.834+0000] {dag.py:3834} INFO - Setting next_dagrun for example_branch_operator to 2024-04-20 00:00:00+00:00, run_after=2024-04-21 00:00:00+00:00
[2024-04-21T20:45:11.880+0000] {processor.py:183} INFO - Processing /home/airflow/.local/lib/python3.9/site-packages/airflow/example_dags/example_branch_operator.py took 0.160 seconds
[2024-04-21T20:45:42.657+0000] {processor.py:161} INFO - Started process (PID=389) to work on /home/airflow/.local/lib/python3.9/site-packages/airflow/example_dags/example_branch_operator.py
[2024-04-21T20:45:42.659+0000] {processor.py:830} INFO - Processing file /home/airflow/.local/lib/python3.9/site-packages/airflow/example_dags/example_branch_operator.py for tasks to queue
[2024-04-21T20:45:42.664+0000] {logging_mixin.py:188} INFO - [2024-04-21T20:45:42.663+0000] {dagbag.py:540} INFO - Filling up the DagBag from /home/airflow/.local/lib/python3.9/site-packages/airflow/example_dags/example_branch_operator.py
[2024-04-21T20:45:42.689+0000] {processor.py:840} INFO - DAG(s) 'example_branch_operator' retrieved from /home/airflow/.local/lib/python3.9/site-packages/airflow/example_dags/example_branch_operator.py
[2024-04-21T20:45:42.775+0000] {logging_mixin.py:188} INFO - [2024-04-21T20:45:42.775+0000] {dag.py:3047} INFO - Sync 1 DAGs
[2024-04-21T20:45:42.808+0000] {logging_mixin.py:188} INFO - [2024-04-21T20:45:42.808+0000] {dag.py:3834} INFO - Setting next_dagrun for example_branch_operator to 2024-04-20 00:00:00+00:00, run_after=2024-04-21 00:00:00+00:00
[2024-04-21T20:45:42.846+0000] {processor.py:183} INFO - Processing /home/airflow/.local/lib/python3.9/site-packages/airflow/example_dags/example_branch_operator.py took 0.195 seconds
[2024-04-21T20:46:13.612+0000] {processor.py:161} INFO - Started process (PID=446) to work on /home/airflow/.local/lib/python3.9/site-packages/airflow/example_dags/example_branch_operator.py
[2024-04-21T20:46:13.614+0000] {processor.py:830} INFO - Processing file /home/airflow/.local/lib/python3.9/site-packages/airflow/example_dags/example_branch_operator.py for tasks to queue
[2024-04-21T20:46:13.616+0000] {logging_mixin.py:188} INFO - [2024-04-21T20:46:13.615+0000] {dagbag.py:540} INFO - Filling up the DagBag from /home/airflow/.local/lib/python3.9/site-packages/airflow/example_dags/example_branch_operator.py
[2024-04-21T20:46:13.632+0000] {processor.py:840} INFO - DAG(s) 'example_branch_operator' retrieved from /home/airflow/.local/lib/python3.9/site-packages/airflow/example_dags/example_branch_operator.py
[2024-04-21T20:46:13.697+0000] {logging_mixin.py:188} INFO - [2024-04-21T20:46:13.696+0000] {dag.py:3047} INFO - Sync 1 DAGs
[2024-04-21T20:46:13.726+0000] {logging_mixin.py:188} INFO - [2024-04-21T20:46:13.726+0000] {dag.py:3834} INFO - Setting next_dagrun for example_branch_operator to 2024-04-20 00:00:00+00:00, run_after=2024-04-21 00:00:00+00:00
[2024-04-21T20:46:13.762+0000] {processor.py:183} INFO - Processing /home/airflow/.local/lib/python3.9/site-packages/airflow/example_dags/example_branch_operator.py took 0.153 seconds
[2024-04-21T20:46:44.045+0000] {processor.py:161} INFO - Started process (PID=503) to work on /home/airflow/.local/lib/python3.9/site-packages/airflow/example_dags/example_branch_operator.py
[2024-04-21T20:46:44.047+0000] {processor.py:830} INFO - Processing file /home/airflow/.local/lib/python3.9/site-packages/airflow/example_dags/example_branch_operator.py for tasks to queue
[2024-04-21T20:46:44.049+0000] {logging_mixin.py:188} INFO - [2024-04-21T20:46:44.049+0000] {dagbag.py:540} INFO - Filling up the DagBag from /home/airflow/.local/lib/python3.9/site-packages/airflow/example_dags/example_branch_operator.py
[2024-04-21T20:46:44.069+0000] {processor.py:840} INFO - DAG(s) 'example_branch_operator' retrieved from /home/airflow/.local/lib/python3.9/site-packages/airflow/example_dags/example_branch_operator.py
[2024-04-21T20:46:44.148+0000] {logging_mixin.py:188} INFO - [2024-04-21T20:46:44.147+0000] {dag.py:3047} INFO - Sync 1 DAGs
[2024-04-21T20:46:44.177+0000] {logging_mixin.py:188} INFO - [2024-04-21T20:46:44.177+0000] {dag.py:3834} INFO - Setting next_dagrun for example_branch_operator to 2024-04-20 00:00:00+00:00, run_after=2024-04-21 00:00:00+00:00
[2024-04-21T20:46:44.216+0000] {processor.py:183} INFO - Processing /home/airflow/.local/lib/python3.9/site-packages/airflow/example_dags/example_branch_operator.py took 0.175 seconds
[2024-04-21T20:47:14.781+0000] {processor.py:161} INFO - Started process (PID=560) to work on /home/airflow/.local/lib/python3.9/site-packages/airflow/example_dags/example_branch_operator.py
[2024-04-21T20:47:14.783+0000] {processor.py:830} INFO - Processing file /home/airflow/.local/lib/python3.9/site-packages/airflow/example_dags/example_branch_operator.py for tasks to queue
[2024-04-21T20:47:14.785+0000] {logging_mixin.py:188} INFO - [2024-04-21T20:47:14.784+0000] {dagbag.py:540} INFO - Filling up the DagBag from /home/airflow/.local/lib/python3.9/site-packages/airflow/example_dags/example_branch_operator.py
[2024-04-21T20:47:14.800+0000] {processor.py:840} INFO - DAG(s) 'example_branch_operator' retrieved from /home/airflow/.local/lib/python3.9/site-packages/airflow/example_dags/example_branch_operator.py
[2024-04-21T20:47:14.858+0000] {logging_mixin.py:188} INFO - [2024-04-21T20:47:14.858+0000] {dag.py:3047} INFO - Sync 1 DAGs
[2024-04-21T20:47:14.881+0000] {logging_mixin.py:188} INFO - [2024-04-21T20:47:14.880+0000] {dag.py:3834} INFO - Setting next_dagrun for example_branch_operator to 2024-04-20 00:00:00+00:00, run_after=2024-04-21 00:00:00+00:00
[2024-04-21T20:47:14.915+0000] {processor.py:183} INFO - Processing /home/airflow/.local/lib/python3.9/site-packages/airflow/example_dags/example_branch_operator.py took 0.137 seconds
[2024-04-21T20:47:45.688+0000] {processor.py:161} INFO - Started process (PID=617) to work on /home/airflow/.local/lib/python3.9/site-packages/airflow/example_dags/example_branch_operator.py
[2024-04-21T20:47:45.689+0000] {processor.py:830} INFO - Processing file /home/airflow/.local/lib/python3.9/site-packages/airflow/example_dags/example_branch_operator.py for tasks to queue
[2024-04-21T20:47:45.691+0000] {logging_mixin.py:188} INFO - [2024-04-21T20:47:45.691+0000] {dagbag.py:540} INFO - Filling up the DagBag from /home/airflow/.local/lib/python3.9/site-packages/airflow/example_dags/example_branch_operator.py
[2024-04-21T20:47:45.708+0000] {processor.py:840} INFO - DAG(s) 'example_branch_operator' retrieved from /home/airflow/.local/lib/python3.9/site-packages/airflow/example_dags/example_branch_operator.py
[2024-04-21T20:47:45.766+0000] {logging_mixin.py:188} INFO - [2024-04-21T20:47:45.766+0000] {dag.py:3047} INFO - Sync 1 DAGs
[2024-04-21T20:47:45.789+0000] {logging_mixin.py:188} INFO - [2024-04-21T20:47:45.789+0000] {dag.py:3834} INFO - Setting next_dagrun for example_branch_operator to 2024-04-20 00:00:00+00:00, run_after=2024-04-21 00:00:00+00:00
[2024-04-21T20:47:45.821+0000] {processor.py:183} INFO - Processing /home/airflow/.local/lib/python3.9/site-packages/airflow/example_dags/example_branch_operator.py took 0.136 seconds
[2024-04-21T21:00:45.346+0000] {processor.py:161} INFO - Started process (PID=49) to work on /home/airflow/.local/lib/python3.9/site-packages/airflow/example_dags/example_branch_operator.py
[2024-04-21T21:00:45.348+0000] {processor.py:830} INFO - Processing file /home/airflow/.local/lib/python3.9/site-packages/airflow/example_dags/example_branch_operator.py for tasks to queue
[2024-04-21T21:00:45.352+0000] {logging_mixin.py:188} INFO - [2024-04-21T21:00:45.351+0000] {dagbag.py:540} INFO - Filling up the DagBag from /home/airflow/.local/lib/python3.9/site-packages/airflow/example_dags/example_branch_operator.py
[2024-04-21T21:00:45.405+0000] {processor.py:840} INFO - DAG(s) 'example_branch_operator' retrieved from /home/airflow/.local/lib/python3.9/site-packages/airflow/example_dags/example_branch_operator.py
[2024-04-21T21:00:45.797+0000] {logging_mixin.py:188} INFO - [2024-04-21T21:00:45.796+0000] {dag.py:3047} INFO - Sync 1 DAGs
[2024-04-21T21:00:45.867+0000] {logging_mixin.py:188} INFO - [2024-04-21T21:00:45.866+0000] {dag.py:3834} INFO - Setting next_dagrun for example_branch_operator to 2024-04-20 00:00:00+00:00, run_after=2024-04-21 00:00:00+00:00
[2024-04-21T21:00:45.922+0000] {processor.py:183} INFO - Processing /home/airflow/.local/lib/python3.9/site-packages/airflow/example_dags/example_branch_operator.py took 0.579 seconds
[2024-04-21T21:01:15.983+0000] {processor.py:161} INFO - Started process (PID=107) to work on /home/airflow/.local/lib/python3.9/site-packages/airflow/example_dags/example_branch_operator.py
[2024-04-21T21:01:15.985+0000] {processor.py:830} INFO - Processing file /home/airflow/.local/lib/python3.9/site-packages/airflow/example_dags/example_branch_operator.py for tasks to queue
[2024-04-21T21:01:15.988+0000] {logging_mixin.py:188} INFO - [2024-04-21T21:01:15.987+0000] {dagbag.py:540} INFO - Filling up the DagBag from /home/airflow/.local/lib/python3.9/site-packages/airflow/example_dags/example_branch_operator.py
[2024-04-21T21:01:16.011+0000] {processor.py:840} INFO - DAG(s) 'example_branch_operator' retrieved from /home/airflow/.local/lib/python3.9/site-packages/airflow/example_dags/example_branch_operator.py
[2024-04-21T21:01:16.090+0000] {logging_mixin.py:188} INFO - [2024-04-21T21:01:16.090+0000] {dag.py:3047} INFO - Sync 1 DAGs
[2024-04-21T21:01:16.123+0000] {logging_mixin.py:188} INFO - [2024-04-21T21:01:16.122+0000] {dag.py:3834} INFO - Setting next_dagrun for example_branch_operator to 2024-04-20 00:00:00+00:00, run_after=2024-04-21 00:00:00+00:00
[2024-04-21T21:01:16.188+0000] {processor.py:183} INFO - Processing /home/airflow/.local/lib/python3.9/site-packages/airflow/example_dags/example_branch_operator.py took 0.208 seconds
[2024-04-21T21:04:16.190+0000] {processor.py:161} INFO - Started process (PID=61) to work on /home/airflow/.local/lib/python3.9/site-packages/airflow/example_dags/example_branch_operator.py
[2024-04-21T21:04:16.192+0000] {processor.py:830} INFO - Processing file /home/airflow/.local/lib/python3.9/site-packages/airflow/example_dags/example_branch_operator.py for tasks to queue
[2024-04-21T21:04:16.195+0000] {logging_mixin.py:188} INFO - [2024-04-21T21:04:16.195+0000] {dagbag.py:540} INFO - Filling up the DagBag from /home/airflow/.local/lib/python3.9/site-packages/airflow/example_dags/example_branch_operator.py
[2024-04-21T21:04:16.243+0000] {processor.py:840} INFO - DAG(s) 'example_branch_operator' retrieved from /home/airflow/.local/lib/python3.9/site-packages/airflow/example_dags/example_branch_operator.py
[2024-04-21T21:04:18.393+0000] {logging_mixin.py:188} INFO - [2024-04-21T21:04:18.392+0000] {dag.py:3047} INFO - Sync 1 DAGs
[2024-04-21T21:04:18.485+0000] {logging_mixin.py:188} INFO - [2024-04-21T21:04:18.475+0000] {dag.py:3834} INFO - Setting next_dagrun for example_branch_operator to 2024-04-20 00:00:00+00:00, run_after=2024-04-21 00:00:00+00:00
[2024-04-21T21:04:20.386+0000] {processor.py:183} INFO - Processing /home/airflow/.local/lib/python3.9/site-packages/airflow/example_dags/example_branch_operator.py took 4.202 seconds
[2024-04-21T21:04:51.179+0000] {processor.py:161} INFO - Started process (PID=119) to work on /home/airflow/.local/lib/python3.9/site-packages/airflow/example_dags/example_branch_operator.py
[2024-04-21T21:04:51.180+0000] {processor.py:830} INFO - Processing file /home/airflow/.local/lib/python3.9/site-packages/airflow/example_dags/example_branch_operator.py for tasks to queue
[2024-04-21T21:04:51.182+0000] {logging_mixin.py:188} INFO - [2024-04-21T21:04:51.182+0000] {dagbag.py:540} INFO - Filling up the DagBag from /home/airflow/.local/lib/python3.9/site-packages/airflow/example_dags/example_branch_operator.py
[2024-04-21T21:04:51.203+0000] {processor.py:840} INFO - DAG(s) 'example_branch_operator' retrieved from /home/airflow/.local/lib/python3.9/site-packages/airflow/example_dags/example_branch_operator.py
[2024-04-21T21:04:51.261+0000] {logging_mixin.py:188} INFO - [2024-04-21T21:04:51.261+0000] {dag.py:3047} INFO - Sync 1 DAGs
[2024-04-21T21:04:51.285+0000] {logging_mixin.py:188} INFO - [2024-04-21T21:04:51.285+0000] {dag.py:3834} INFO - Setting next_dagrun for example_branch_operator to 2024-04-20 00:00:00+00:00, run_after=2024-04-21 00:00:00+00:00
[2024-04-21T21:04:51.315+0000] {processor.py:183} INFO - Processing /home/airflow/.local/lib/python3.9/site-packages/airflow/example_dags/example_branch_operator.py took 0.139 seconds
[2024-04-21T21:05:21.585+0000] {processor.py:161} INFO - Started process (PID=180) to work on /home/airflow/.local/lib/python3.9/site-packages/airflow/example_dags/example_branch_operator.py
[2024-04-21T21:05:21.586+0000] {processor.py:830} INFO - Processing file /home/airflow/.local/lib/python3.9/site-packages/airflow/example_dags/example_branch_operator.py for tasks to queue
[2024-04-21T21:05:21.589+0000] {logging_mixin.py:188} INFO - [2024-04-21T21:05:21.588+0000] {dagbag.py:540} INFO - Filling up the DagBag from /home/airflow/.local/lib/python3.9/site-packages/airflow/example_dags/example_branch_operator.py
[2024-04-21T21:05:21.606+0000] {processor.py:840} INFO - DAG(s) 'example_branch_operator' retrieved from /home/airflow/.local/lib/python3.9/site-packages/airflow/example_dags/example_branch_operator.py
[2024-04-21T21:05:21.672+0000] {logging_mixin.py:188} INFO - [2024-04-21T21:05:21.672+0000] {dag.py:3047} INFO - Sync 1 DAGs
[2024-04-21T21:05:21.698+0000] {logging_mixin.py:188} INFO - [2024-04-21T21:05:21.698+0000] {dag.py:3834} INFO - Setting next_dagrun for example_branch_operator to 2024-04-20 00:00:00+00:00, run_after=2024-04-21 00:00:00+00:00
[2024-04-21T21:05:21.733+0000] {processor.py:183} INFO - Processing /home/airflow/.local/lib/python3.9/site-packages/airflow/example_dags/example_branch_operator.py took 0.151 seconds
[2024-04-21T21:05:51.799+0000] {processor.py:161} INFO - Started process (PID=241) to work on /home/airflow/.local/lib/python3.9/site-packages/airflow/example_dags/example_branch_operator.py
[2024-04-21T21:05:51.800+0000] {processor.py:830} INFO - Processing file /home/airflow/.local/lib/python3.9/site-packages/airflow/example_dags/example_branch_operator.py for tasks to queue
[2024-04-21T21:05:51.802+0000] {logging_mixin.py:188} INFO - [2024-04-21T21:05:51.802+0000] {dagbag.py:540} INFO - Filling up the DagBag from /home/airflow/.local/lib/python3.9/site-packages/airflow/example_dags/example_branch_operator.py
[2024-04-21T21:05:51.819+0000] {processor.py:840} INFO - DAG(s) 'example_branch_operator' retrieved from /home/airflow/.local/lib/python3.9/site-packages/airflow/example_dags/example_branch_operator.py
[2024-04-21T21:05:51.881+0000] {logging_mixin.py:188} INFO - [2024-04-21T21:05:51.881+0000] {dag.py:3047} INFO - Sync 1 DAGs
[2024-04-21T21:05:51.907+0000] {logging_mixin.py:188} INFO - [2024-04-21T21:05:51.907+0000] {dag.py:3834} INFO - Setting next_dagrun for example_branch_operator to 2024-04-20 00:00:00+00:00, run_after=2024-04-21 00:00:00+00:00
[2024-04-21T21:05:51.939+0000] {processor.py:183} INFO - Processing /home/airflow/.local/lib/python3.9/site-packages/airflow/example_dags/example_branch_operator.py took 0.144 seconds
