[2024-04-21T19:51:53.034+0000] {processor.py:161} INFO - Started process (PID=39) to work on /home/airflow/.local/lib/python3.9/site-packages/airflow/example_dags/example_dynamic_task_mapping.py
[2024-04-21T19:51:53.036+0000] {processor.py:830} INFO - Processing file /home/airflow/.local/lib/python3.9/site-packages/airflow/example_dags/example_dynamic_task_mapping.py for tasks to queue
[2024-04-21T19:51:53.039+0000] {logging_mixin.py:188} INFO - [2024-04-21T19:51:53.038+0000] {dagbag.py:540} INFO - Filling up the DagBag from /home/airflow/.local/lib/python3.9/site-packages/airflow/example_dags/example_dynamic_task_mapping.py
[2024-04-21T19:51:53.050+0000] {processor.py:840} INFO - DAG(s) 'example_dynamic_task_mapping' retrieved from /home/airflow/.local/lib/python3.9/site-packages/airflow/example_dags/example_dynamic_task_mapping.py
[2024-04-21T19:51:53.119+0000] {logging_mixin.py:188} INFO - [2024-04-21T19:51:53.118+0000] {dag.py:3047} INFO - Sync 1 DAGs
[2024-04-21T19:51:53.164+0000] {logging_mixin.py:188} INFO - [2024-04-21T19:51:53.164+0000] {dag.py:3834} INFO - Setting next_dagrun for example_dynamic_task_mapping to 2022-03-04 00:00:00+00:00, run_after=2022-03-05 00:00:00+00:00
[2024-04-21T19:51:53.205+0000] {processor.py:183} INFO - Processing /home/airflow/.local/lib/python3.9/site-packages/airflow/example_dags/example_dynamic_task_mapping.py took 0.174 seconds
[2024-04-21T19:52:24.352+0000] {processor.py:161} INFO - Started process (PID=95) to work on /home/airflow/.local/lib/python3.9/site-packages/airflow/example_dags/example_dynamic_task_mapping.py
[2024-04-21T19:52:24.354+0000] {processor.py:830} INFO - Processing file /home/airflow/.local/lib/python3.9/site-packages/airflow/example_dags/example_dynamic_task_mapping.py for tasks to queue
[2024-04-21T19:52:24.357+0000] {logging_mixin.py:188} INFO - [2024-04-21T19:52:24.357+0000] {dagbag.py:540} INFO - Filling up the DagBag from /home/airflow/.local/lib/python3.9/site-packages/airflow/example_dags/example_dynamic_task_mapping.py
[2024-04-21T19:52:24.368+0000] {processor.py:840} INFO - DAG(s) 'example_dynamic_task_mapping' retrieved from /home/airflow/.local/lib/python3.9/site-packages/airflow/example_dags/example_dynamic_task_mapping.py
[2024-04-21T19:52:24.670+0000] {logging_mixin.py:188} INFO - [2024-04-21T19:52:24.669+0000] {dag.py:3047} INFO - Sync 1 DAGs
[2024-04-21T19:52:24.737+0000] {logging_mixin.py:188} INFO - [2024-04-21T19:52:24.736+0000] {dag.py:3834} INFO - Setting next_dagrun for example_dynamic_task_mapping to 2022-03-04 00:00:00+00:00, run_after=2022-03-05 00:00:00+00:00
[2024-04-21T19:52:24.811+0000] {processor.py:183} INFO - Processing /home/airflow/.local/lib/python3.9/site-packages/airflow/example_dags/example_dynamic_task_mapping.py took 0.458 seconds
[2024-04-21T19:52:55.371+0000] {processor.py:161} INFO - Started process (PID=151) to work on /home/airflow/.local/lib/python3.9/site-packages/airflow/example_dags/example_dynamic_task_mapping.py
[2024-04-21T19:52:55.373+0000] {processor.py:830} INFO - Processing file /home/airflow/.local/lib/python3.9/site-packages/airflow/example_dags/example_dynamic_task_mapping.py for tasks to queue
[2024-04-21T19:52:55.376+0000] {logging_mixin.py:188} INFO - [2024-04-21T19:52:55.376+0000] {dagbag.py:540} INFO - Filling up the DagBag from /home/airflow/.local/lib/python3.9/site-packages/airflow/example_dags/example_dynamic_task_mapping.py
[2024-04-21T19:52:55.387+0000] {processor.py:840} INFO - DAG(s) 'example_dynamic_task_mapping' retrieved from /home/airflow/.local/lib/python3.9/site-packages/airflow/example_dags/example_dynamic_task_mapping.py
[2024-04-21T19:52:55.491+0000] {logging_mixin.py:188} INFO - [2024-04-21T19:52:55.490+0000] {dag.py:3047} INFO - Sync 1 DAGs
[2024-04-21T19:52:55.548+0000] {logging_mixin.py:188} INFO - [2024-04-21T19:52:55.548+0000] {dag.py:3834} INFO - Setting next_dagrun for example_dynamic_task_mapping to 2022-03-04 00:00:00+00:00, run_after=2022-03-05 00:00:00+00:00
[2024-04-21T19:52:55.603+0000] {processor.py:183} INFO - Processing /home/airflow/.local/lib/python3.9/site-packages/airflow/example_dags/example_dynamic_task_mapping.py took 0.237 seconds
[2024-04-21T19:53:26.636+0000] {processor.py:161} INFO - Started process (PID=208) to work on /home/airflow/.local/lib/python3.9/site-packages/airflow/example_dags/example_dynamic_task_mapping.py
[2024-04-21T19:53:26.638+0000] {processor.py:830} INFO - Processing file /home/airflow/.local/lib/python3.9/site-packages/airflow/example_dags/example_dynamic_task_mapping.py for tasks to queue
[2024-04-21T19:53:26.642+0000] {logging_mixin.py:188} INFO - [2024-04-21T19:53:26.641+0000] {dagbag.py:540} INFO - Filling up the DagBag from /home/airflow/.local/lib/python3.9/site-packages/airflow/example_dags/example_dynamic_task_mapping.py
[2024-04-21T19:53:26.658+0000] {processor.py:840} INFO - DAG(s) 'example_dynamic_task_mapping' retrieved from /home/airflow/.local/lib/python3.9/site-packages/airflow/example_dags/example_dynamic_task_mapping.py
[2024-04-21T19:53:27.166+0000] {logging_mixin.py:188} INFO - [2024-04-21T19:53:27.160+0000] {dag.py:3047} INFO - Sync 1 DAGs
[2024-04-21T19:53:27.213+0000] {logging_mixin.py:188} INFO - [2024-04-21T19:53:27.213+0000] {dag.py:3834} INFO - Setting next_dagrun for example_dynamic_task_mapping to 2022-03-04 00:00:00+00:00, run_after=2022-03-05 00:00:00+00:00
[2024-04-21T19:53:27.289+0000] {processor.py:183} INFO - Processing /home/airflow/.local/lib/python3.9/site-packages/airflow/example_dags/example_dynamic_task_mapping.py took 0.658 seconds
[2024-04-21T19:54:32.838+0000] {processor.py:161} INFO - Started process (PID=39) to work on /home/airflow/.local/lib/python3.9/site-packages/airflow/example_dags/example_dynamic_task_mapping.py
[2024-04-21T19:54:32.840+0000] {processor.py:830} INFO - Processing file /home/airflow/.local/lib/python3.9/site-packages/airflow/example_dags/example_dynamic_task_mapping.py for tasks to queue
[2024-04-21T19:54:32.842+0000] {logging_mixin.py:188} INFO - [2024-04-21T19:54:32.841+0000] {dagbag.py:540} INFO - Filling up the DagBag from /home/airflow/.local/lib/python3.9/site-packages/airflow/example_dags/example_dynamic_task_mapping.py
[2024-04-21T19:54:32.850+0000] {processor.py:840} INFO - DAG(s) 'example_dynamic_task_mapping' retrieved from /home/airflow/.local/lib/python3.9/site-packages/airflow/example_dags/example_dynamic_task_mapping.py
[2024-04-21T19:54:32.913+0000] {logging_mixin.py:188} INFO - [2024-04-21T19:54:32.912+0000] {dag.py:3047} INFO - Sync 1 DAGs
[2024-04-21T19:54:32.936+0000] {logging_mixin.py:188} INFO - [2024-04-21T19:54:32.936+0000] {dag.py:3834} INFO - Setting next_dagrun for example_dynamic_task_mapping to 2022-03-04 00:00:00+00:00, run_after=2022-03-05 00:00:00+00:00
[2024-04-21T19:54:32.972+0000] {processor.py:183} INFO - Processing /home/airflow/.local/lib/python3.9/site-packages/airflow/example_dags/example_dynamic_task_mapping.py took 0.137 seconds
[2024-04-21T19:55:17.544+0000] {processor.py:161} INFO - Started process (PID=105) to work on /home/airflow/.local/lib/python3.9/site-packages/airflow/example_dags/example_dynamic_task_mapping.py
[2024-04-21T19:55:17.546+0000] {processor.py:830} INFO - Processing file /home/airflow/.local/lib/python3.9/site-packages/airflow/example_dags/example_dynamic_task_mapping.py for tasks to queue
[2024-04-21T19:55:17.555+0000] {logging_mixin.py:188} INFO - [2024-04-21T19:55:17.549+0000] {dagbag.py:540} INFO - Filling up the DagBag from /home/airflow/.local/lib/python3.9/site-packages/airflow/example_dags/example_dynamic_task_mapping.py
[2024-04-21T19:55:17.574+0000] {processor.py:840} INFO - DAG(s) 'example_dynamic_task_mapping' retrieved from /home/airflow/.local/lib/python3.9/site-packages/airflow/example_dags/example_dynamic_task_mapping.py
[2024-04-21T19:55:17.699+0000] {logging_mixin.py:188} INFO - [2024-04-21T19:55:17.698+0000] {dag.py:3047} INFO - Sync 1 DAGs
[2024-04-21T19:55:17.739+0000] {logging_mixin.py:188} INFO - [2024-04-21T19:55:17.739+0000] {dag.py:3834} INFO - Setting next_dagrun for example_dynamic_task_mapping to 2022-03-04 00:00:00+00:00, run_after=2022-03-05 00:00:00+00:00
[2024-04-21T19:55:17.783+0000] {processor.py:183} INFO - Processing /home/airflow/.local/lib/python3.9/site-packages/airflow/example_dags/example_dynamic_task_mapping.py took 0.245 seconds
[2024-04-21T19:55:48.656+0000] {processor.py:161} INFO - Started process (PID=163) to work on /home/airflow/.local/lib/python3.9/site-packages/airflow/example_dags/example_dynamic_task_mapping.py
[2024-04-21T19:55:48.658+0000] {processor.py:830} INFO - Processing file /home/airflow/.local/lib/python3.9/site-packages/airflow/example_dags/example_dynamic_task_mapping.py for tasks to queue
[2024-04-21T19:55:48.662+0000] {logging_mixin.py:188} INFO - [2024-04-21T19:55:48.661+0000] {dagbag.py:540} INFO - Filling up the DagBag from /home/airflow/.local/lib/python3.9/site-packages/airflow/example_dags/example_dynamic_task_mapping.py
[2024-04-21T19:55:48.693+0000] {processor.py:840} INFO - DAG(s) 'example_dynamic_task_mapping' retrieved from /home/airflow/.local/lib/python3.9/site-packages/airflow/example_dags/example_dynamic_task_mapping.py
[2024-04-21T19:55:48.886+0000] {logging_mixin.py:188} INFO - [2024-04-21T19:55:48.885+0000] {dag.py:3047} INFO - Sync 1 DAGs
[2024-04-21T19:55:48.953+0000] {logging_mixin.py:188} INFO - [2024-04-21T19:55:48.952+0000] {dag.py:3834} INFO - Setting next_dagrun for example_dynamic_task_mapping to 2022-03-04 00:00:00+00:00, run_after=2022-03-05 00:00:00+00:00
[2024-04-21T19:55:49.065+0000] {processor.py:183} INFO - Processing /home/airflow/.local/lib/python3.9/site-packages/airflow/example_dags/example_dynamic_task_mapping.py took 0.416 seconds
[2024-04-21T19:57:33.156+0000] {processor.py:161} INFO - Started process (PID=184) to work on /home/airflow/.local/lib/python3.9/site-packages/airflow/example_dags/example_dynamic_task_mapping.py
[2024-04-21T19:57:33.158+0000] {processor.py:830} INFO - Processing file /home/airflow/.local/lib/python3.9/site-packages/airflow/example_dags/example_dynamic_task_mapping.py for tasks to queue
[2024-04-21T19:57:33.163+0000] {logging_mixin.py:188} INFO - [2024-04-21T19:57:33.162+0000] {dagbag.py:540} INFO - Filling up the DagBag from /home/airflow/.local/lib/python3.9/site-packages/airflow/example_dags/example_dynamic_task_mapping.py
[2024-04-21T19:57:33.177+0000] {processor.py:840} INFO - DAG(s) 'example_dynamic_task_mapping' retrieved from /home/airflow/.local/lib/python3.9/site-packages/airflow/example_dags/example_dynamic_task_mapping.py
[2024-04-21T19:57:33.269+0000] {logging_mixin.py:188} INFO - [2024-04-21T19:57:33.268+0000] {dag.py:3047} INFO - Sync 1 DAGs
[2024-04-21T19:57:33.308+0000] {logging_mixin.py:188} INFO - [2024-04-21T19:57:33.308+0000] {dag.py:3834} INFO - Setting next_dagrun for example_dynamic_task_mapping to 2022-03-04 00:00:00+00:00, run_after=2022-03-05 00:00:00+00:00
[2024-04-21T19:57:33.355+0000] {processor.py:183} INFO - Processing /home/airflow/.local/lib/python3.9/site-packages/airflow/example_dags/example_dynamic_task_mapping.py took 0.204 seconds
[2024-04-21T20:03:08.999+0000] {processor.py:161} INFO - Started process (PID=252) to work on /home/airflow/.local/lib/python3.9/site-packages/airflow/example_dags/example_dynamic_task_mapping.py
[2024-04-21T20:03:09.000+0000] {processor.py:830} INFO - Processing file /home/airflow/.local/lib/python3.9/site-packages/airflow/example_dags/example_dynamic_task_mapping.py for tasks to queue
[2024-04-21T20:03:09.002+0000] {logging_mixin.py:188} INFO - [2024-04-21T20:03:09.001+0000] {dagbag.py:540} INFO - Filling up the DagBag from /home/airflow/.local/lib/python3.9/site-packages/airflow/example_dags/example_dynamic_task_mapping.py
[2024-04-21T20:03:09.009+0000] {processor.py:840} INFO - DAG(s) 'example_dynamic_task_mapping' retrieved from /home/airflow/.local/lib/python3.9/site-packages/airflow/example_dags/example_dynamic_task_mapping.py
[2024-04-21T20:03:09.080+0000] {logging_mixin.py:188} INFO - [2024-04-21T20:03:09.080+0000] {dag.py:3047} INFO - Sync 1 DAGs
[2024-04-21T20:03:09.106+0000] {logging_mixin.py:188} INFO - [2024-04-21T20:03:09.105+0000] {dag.py:3834} INFO - Setting next_dagrun for example_dynamic_task_mapping to 2022-03-04 00:00:00+00:00, run_after=2022-03-05 00:00:00+00:00
[2024-04-21T20:03:09.151+0000] {processor.py:183} INFO - Processing /home/airflow/.local/lib/python3.9/site-packages/airflow/example_dags/example_dynamic_task_mapping.py took 0.156 seconds
[2024-04-21T20:04:16.489+0000] {processor.py:161} INFO - Started process (PID=309) to work on /home/airflow/.local/lib/python3.9/site-packages/airflow/example_dags/example_dynamic_task_mapping.py
[2024-04-21T20:04:16.492+0000] {processor.py:830} INFO - Processing file /home/airflow/.local/lib/python3.9/site-packages/airflow/example_dags/example_dynamic_task_mapping.py for tasks to queue
[2024-04-21T20:04:16.495+0000] {logging_mixin.py:188} INFO - [2024-04-21T20:04:16.494+0000] {dagbag.py:540} INFO - Filling up the DagBag from /home/airflow/.local/lib/python3.9/site-packages/airflow/example_dags/example_dynamic_task_mapping.py
[2024-04-21T20:04:16.530+0000] {processor.py:840} INFO - DAG(s) 'example_dynamic_task_mapping' retrieved from /home/airflow/.local/lib/python3.9/site-packages/airflow/example_dags/example_dynamic_task_mapping.py
[2024-04-21T20:04:16.735+0000] {logging_mixin.py:188} INFO - [2024-04-21T20:04:16.735+0000] {dag.py:3047} INFO - Sync 1 DAGs
[2024-04-21T20:04:16.792+0000] {logging_mixin.py:188} INFO - [2024-04-21T20:04:16.791+0000] {dag.py:3834} INFO - Setting next_dagrun for example_dynamic_task_mapping to 2022-03-04 00:00:00+00:00, run_after=2022-03-05 00:00:00+00:00
[2024-04-21T20:04:16.861+0000] {processor.py:183} INFO - Processing /home/airflow/.local/lib/python3.9/site-packages/airflow/example_dags/example_dynamic_task_mapping.py took 0.392 seconds
[2024-04-21T20:04:47.264+0000] {processor.py:161} INFO - Started process (PID=375) to work on /home/airflow/.local/lib/python3.9/site-packages/airflow/example_dags/example_dynamic_task_mapping.py
[2024-04-21T20:04:47.267+0000] {processor.py:830} INFO - Processing file /home/airflow/.local/lib/python3.9/site-packages/airflow/example_dags/example_dynamic_task_mapping.py for tasks to queue
[2024-04-21T20:04:47.270+0000] {logging_mixin.py:188} INFO - [2024-04-21T20:04:47.269+0000] {dagbag.py:540} INFO - Filling up the DagBag from /home/airflow/.local/lib/python3.9/site-packages/airflow/example_dags/example_dynamic_task_mapping.py
[2024-04-21T20:04:47.286+0000] {processor.py:840} INFO - DAG(s) 'example_dynamic_task_mapping' retrieved from /home/airflow/.local/lib/python3.9/site-packages/airflow/example_dags/example_dynamic_task_mapping.py
[2024-04-21T20:04:47.409+0000] {logging_mixin.py:188} INFO - [2024-04-21T20:04:47.408+0000] {dag.py:3047} INFO - Sync 1 DAGs
[2024-04-21T20:04:47.450+0000] {logging_mixin.py:188} INFO - [2024-04-21T20:04:47.449+0000] {dag.py:3834} INFO - Setting next_dagrun for example_dynamic_task_mapping to 2022-03-04 00:00:00+00:00, run_after=2022-03-05 00:00:00+00:00
[2024-04-21T20:04:47.504+0000] {processor.py:183} INFO - Processing /home/airflow/.local/lib/python3.9/site-packages/airflow/example_dags/example_dynamic_task_mapping.py took 0.247 seconds
[2024-04-21T20:05:18.280+0000] {processor.py:161} INFO - Started process (PID=432) to work on /home/airflow/.local/lib/python3.9/site-packages/airflow/example_dags/example_dynamic_task_mapping.py
[2024-04-21T20:05:18.282+0000] {processor.py:830} INFO - Processing file /home/airflow/.local/lib/python3.9/site-packages/airflow/example_dags/example_dynamic_task_mapping.py for tasks to queue
[2024-04-21T20:05:18.284+0000] {logging_mixin.py:188} INFO - [2024-04-21T20:05:18.283+0000] {dagbag.py:540} INFO - Filling up the DagBag from /home/airflow/.local/lib/python3.9/site-packages/airflow/example_dags/example_dynamic_task_mapping.py
[2024-04-21T20:05:18.296+0000] {processor.py:840} INFO - DAG(s) 'example_dynamic_task_mapping' retrieved from /home/airflow/.local/lib/python3.9/site-packages/airflow/example_dags/example_dynamic_task_mapping.py
[2024-04-21T20:05:18.412+0000] {logging_mixin.py:188} INFO - [2024-04-21T20:05:18.412+0000] {dag.py:3047} INFO - Sync 1 DAGs
[2024-04-21T20:05:18.445+0000] {logging_mixin.py:188} INFO - [2024-04-21T20:05:18.444+0000] {dag.py:3834} INFO - Setting next_dagrun for example_dynamic_task_mapping to 2022-03-04 00:00:00+00:00, run_after=2022-03-05 00:00:00+00:00
[2024-04-21T20:05:18.488+0000] {processor.py:183} INFO - Processing /home/airflow/.local/lib/python3.9/site-packages/airflow/example_dags/example_dynamic_task_mapping.py took 0.214 seconds
[2024-04-21T20:05:49.191+0000] {processor.py:161} INFO - Started process (PID=489) to work on /home/airflow/.local/lib/python3.9/site-packages/airflow/example_dags/example_dynamic_task_mapping.py
[2024-04-21T20:05:49.193+0000] {processor.py:830} INFO - Processing file /home/airflow/.local/lib/python3.9/site-packages/airflow/example_dags/example_dynamic_task_mapping.py for tasks to queue
[2024-04-21T20:05:49.194+0000] {logging_mixin.py:188} INFO - [2024-04-21T20:05:49.194+0000] {dagbag.py:540} INFO - Filling up the DagBag from /home/airflow/.local/lib/python3.9/site-packages/airflow/example_dags/example_dynamic_task_mapping.py
[2024-04-21T20:05:49.203+0000] {processor.py:840} INFO - DAG(s) 'example_dynamic_task_mapping' retrieved from /home/airflow/.local/lib/python3.9/site-packages/airflow/example_dags/example_dynamic_task_mapping.py
[2024-04-21T20:05:49.303+0000] {logging_mixin.py:188} INFO - [2024-04-21T20:05:49.302+0000] {dag.py:3047} INFO - Sync 1 DAGs
[2024-04-21T20:05:49.337+0000] {logging_mixin.py:188} INFO - [2024-04-21T20:05:49.337+0000] {dag.py:3834} INFO - Setting next_dagrun for example_dynamic_task_mapping to 2022-03-04 00:00:00+00:00, run_after=2022-03-05 00:00:00+00:00
[2024-04-21T20:05:49.383+0000] {processor.py:183} INFO - Processing /home/airflow/.local/lib/python3.9/site-packages/airflow/example_dags/example_dynamic_task_mapping.py took 0.197 seconds
[2024-04-21T20:06:43.844+0000] {processor.py:161} INFO - Started process (PID=553) to work on /home/airflow/.local/lib/python3.9/site-packages/airflow/example_dags/example_dynamic_task_mapping.py
[2024-04-21T20:06:43.845+0000] {processor.py:830} INFO - Processing file /home/airflow/.local/lib/python3.9/site-packages/airflow/example_dags/example_dynamic_task_mapping.py for tasks to queue
[2024-04-21T20:06:43.846+0000] {logging_mixin.py:188} INFO - [2024-04-21T20:06:43.846+0000] {dagbag.py:540} INFO - Filling up the DagBag from /home/airflow/.local/lib/python3.9/site-packages/airflow/example_dags/example_dynamic_task_mapping.py
[2024-04-21T20:06:43.863+0000] {processor.py:840} INFO - DAG(s) 'example_dynamic_task_mapping' retrieved from /home/airflow/.local/lib/python3.9/site-packages/airflow/example_dags/example_dynamic_task_mapping.py
[2024-04-21T20:06:43.936+0000] {logging_mixin.py:188} INFO - [2024-04-21T20:06:43.936+0000] {dag.py:3047} INFO - Sync 1 DAGs
[2024-04-21T20:06:43.965+0000] {logging_mixin.py:188} INFO - [2024-04-21T20:06:43.965+0000] {dag.py:3834} INFO - Setting next_dagrun for example_dynamic_task_mapping to 2022-03-04 00:00:00+00:00, run_after=2022-03-05 00:00:00+00:00
[2024-04-21T20:06:44.026+0000] {processor.py:183} INFO - Processing /home/airflow/.local/lib/python3.9/site-packages/airflow/example_dags/example_dynamic_task_mapping.py took 0.185 seconds
[2024-04-21T20:07:14.699+0000] {processor.py:161} INFO - Started process (PID=610) to work on /home/airflow/.local/lib/python3.9/site-packages/airflow/example_dags/example_dynamic_task_mapping.py
[2024-04-21T20:07:14.701+0000] {processor.py:830} INFO - Processing file /home/airflow/.local/lib/python3.9/site-packages/airflow/example_dags/example_dynamic_task_mapping.py for tasks to queue
[2024-04-21T20:07:14.703+0000] {logging_mixin.py:188} INFO - [2024-04-21T20:07:14.703+0000] {dagbag.py:540} INFO - Filling up the DagBag from /home/airflow/.local/lib/python3.9/site-packages/airflow/example_dags/example_dynamic_task_mapping.py
[2024-04-21T20:07:14.718+0000] {processor.py:840} INFO - DAG(s) 'example_dynamic_task_mapping' retrieved from /home/airflow/.local/lib/python3.9/site-packages/airflow/example_dags/example_dynamic_task_mapping.py
[2024-04-21T20:07:14.823+0000] {logging_mixin.py:188} INFO - [2024-04-21T20:07:14.823+0000] {dag.py:3047} INFO - Sync 1 DAGs
[2024-04-21T20:07:14.859+0000] {logging_mixin.py:188} INFO - [2024-04-21T20:07:14.859+0000] {dag.py:3834} INFO - Setting next_dagrun for example_dynamic_task_mapping to 2022-03-04 00:00:00+00:00, run_after=2022-03-05 00:00:00+00:00
[2024-04-21T20:07:14.914+0000] {processor.py:183} INFO - Processing /home/airflow/.local/lib/python3.9/site-packages/airflow/example_dags/example_dynamic_task_mapping.py took 0.225 seconds
[2024-04-21T20:07:45.263+0000] {processor.py:161} INFO - Started process (PID=666) to work on /home/airflow/.local/lib/python3.9/site-packages/airflow/example_dags/example_dynamic_task_mapping.py
[2024-04-21T20:07:45.266+0000] {processor.py:830} INFO - Processing file /home/airflow/.local/lib/python3.9/site-packages/airflow/example_dags/example_dynamic_task_mapping.py for tasks to queue
[2024-04-21T20:07:45.268+0000] {logging_mixin.py:188} INFO - [2024-04-21T20:07:45.267+0000] {dagbag.py:540} INFO - Filling up the DagBag from /home/airflow/.local/lib/python3.9/site-packages/airflow/example_dags/example_dynamic_task_mapping.py
[2024-04-21T20:07:45.276+0000] {processor.py:840} INFO - DAG(s) 'example_dynamic_task_mapping' retrieved from /home/airflow/.local/lib/python3.9/site-packages/airflow/example_dags/example_dynamic_task_mapping.py
[2024-04-21T20:07:45.379+0000] {logging_mixin.py:188} INFO - [2024-04-21T20:07:45.379+0000] {dag.py:3047} INFO - Sync 1 DAGs
[2024-04-21T20:07:45.421+0000] {logging_mixin.py:188} INFO - [2024-04-21T20:07:45.420+0000] {dag.py:3834} INFO - Setting next_dagrun for example_dynamic_task_mapping to 2022-03-04 00:00:00+00:00, run_after=2022-03-05 00:00:00+00:00
[2024-04-21T20:07:45.479+0000] {processor.py:183} INFO - Processing /home/airflow/.local/lib/python3.9/site-packages/airflow/example_dags/example_dynamic_task_mapping.py took 0.220 seconds
[2024-04-21T20:08:19.623+0000] {processor.py:161} INFO - Started process (PID=722) to work on /home/airflow/.local/lib/python3.9/site-packages/airflow/example_dags/example_dynamic_task_mapping.py
[2024-04-21T20:08:19.624+0000] {processor.py:830} INFO - Processing file /home/airflow/.local/lib/python3.9/site-packages/airflow/example_dags/example_dynamic_task_mapping.py for tasks to queue
[2024-04-21T20:08:19.626+0000] {logging_mixin.py:188} INFO - [2024-04-21T20:08:19.625+0000] {dagbag.py:540} INFO - Filling up the DagBag from /home/airflow/.local/lib/python3.9/site-packages/airflow/example_dags/example_dynamic_task_mapping.py
[2024-04-21T20:08:19.632+0000] {processor.py:840} INFO - DAG(s) 'example_dynamic_task_mapping' retrieved from /home/airflow/.local/lib/python3.9/site-packages/airflow/example_dags/example_dynamic_task_mapping.py
[2024-04-21T20:08:19.696+0000] {logging_mixin.py:188} INFO - [2024-04-21T20:08:19.695+0000] {dag.py:3047} INFO - Sync 1 DAGs
[2024-04-21T20:08:19.720+0000] {logging_mixin.py:188} INFO - [2024-04-21T20:08:19.720+0000] {dag.py:3834} INFO - Setting next_dagrun for example_dynamic_task_mapping to 2022-03-04 00:00:00+00:00, run_after=2022-03-05 00:00:00+00:00
[2024-04-21T20:08:19.758+0000] {processor.py:183} INFO - Processing /home/airflow/.local/lib/python3.9/site-packages/airflow/example_dags/example_dynamic_task_mapping.py took 0.138 seconds
[2024-04-21T20:08:49.971+0000] {processor.py:161} INFO - Started process (PID=779) to work on /home/airflow/.local/lib/python3.9/site-packages/airflow/example_dags/example_dynamic_task_mapping.py
[2024-04-21T20:08:49.973+0000] {processor.py:830} INFO - Processing file /home/airflow/.local/lib/python3.9/site-packages/airflow/example_dags/example_dynamic_task_mapping.py for tasks to queue
[2024-04-21T20:08:49.976+0000] {logging_mixin.py:188} INFO - [2024-04-21T20:08:49.975+0000] {dagbag.py:540} INFO - Filling up the DagBag from /home/airflow/.local/lib/python3.9/site-packages/airflow/example_dags/example_dynamic_task_mapping.py
[2024-04-21T20:08:49.986+0000] {processor.py:840} INFO - DAG(s) 'example_dynamic_task_mapping' retrieved from /home/airflow/.local/lib/python3.9/site-packages/airflow/example_dags/example_dynamic_task_mapping.py
[2024-04-21T20:08:50.100+0000] {logging_mixin.py:188} INFO - [2024-04-21T20:08:50.099+0000] {dag.py:3047} INFO - Sync 1 DAGs
[2024-04-21T20:08:50.152+0000] {logging_mixin.py:188} INFO - [2024-04-21T20:08:50.151+0000] {dag.py:3834} INFO - Setting next_dagrun for example_dynamic_task_mapping to 2022-03-04 00:00:00+00:00, run_after=2022-03-05 00:00:00+00:00
[2024-04-21T20:08:50.205+0000] {processor.py:183} INFO - Processing /home/airflow/.local/lib/python3.9/site-packages/airflow/example_dags/example_dynamic_task_mapping.py took 0.239 seconds
[2024-04-21T20:10:02.551+0000] {processor.py:161} INFO - Started process (PID=793) to work on /home/airflow/.local/lib/python3.9/site-packages/airflow/example_dags/example_dynamic_task_mapping.py
[2024-04-21T20:10:02.556+0000] {processor.py:830} INFO - Processing file /home/airflow/.local/lib/python3.9/site-packages/airflow/example_dags/example_dynamic_task_mapping.py for tasks to queue
[2024-04-21T20:10:02.560+0000] {logging_mixin.py:188} INFO - [2024-04-21T20:10:02.558+0000] {dagbag.py:540} INFO - Filling up the DagBag from /home/airflow/.local/lib/python3.9/site-packages/airflow/example_dags/example_dynamic_task_mapping.py
[2024-04-21T20:10:02.572+0000] {processor.py:840} INFO - DAG(s) 'example_dynamic_task_mapping' retrieved from /home/airflow/.local/lib/python3.9/site-packages/airflow/example_dags/example_dynamic_task_mapping.py
[2024-04-21T20:10:02.818+0000] {logging_mixin.py:188} INFO - [2024-04-21T20:10:02.817+0000] {dag.py:3047} INFO - Sync 1 DAGs
[2024-04-21T20:10:02.893+0000] {logging_mixin.py:188} INFO - [2024-04-21T20:10:02.892+0000] {dag.py:3834} INFO - Setting next_dagrun for example_dynamic_task_mapping to 2022-03-04 00:00:00+00:00, run_after=2022-03-05 00:00:00+00:00
[2024-04-21T20:10:02.955+0000] {processor.py:183} INFO - Processing /home/airflow/.local/lib/python3.9/site-packages/airflow/example_dags/example_dynamic_task_mapping.py took 0.413 seconds
[2024-04-21T20:10:33.828+0000] {processor.py:161} INFO - Started process (PID=856) to work on /home/airflow/.local/lib/python3.9/site-packages/airflow/example_dags/example_dynamic_task_mapping.py
[2024-04-21T20:10:33.830+0000] {processor.py:830} INFO - Processing file /home/airflow/.local/lib/python3.9/site-packages/airflow/example_dags/example_dynamic_task_mapping.py for tasks to queue
[2024-04-21T20:10:33.831+0000] {logging_mixin.py:188} INFO - [2024-04-21T20:10:33.830+0000] {dagbag.py:540} INFO - Filling up the DagBag from /home/airflow/.local/lib/python3.9/site-packages/airflow/example_dags/example_dynamic_task_mapping.py
[2024-04-21T20:10:33.838+0000] {processor.py:840} INFO - DAG(s) 'example_dynamic_task_mapping' retrieved from /home/airflow/.local/lib/python3.9/site-packages/airflow/example_dags/example_dynamic_task_mapping.py
[2024-04-21T20:10:33.902+0000] {logging_mixin.py:188} INFO - [2024-04-21T20:10:33.901+0000] {dag.py:3047} INFO - Sync 1 DAGs
[2024-04-21T20:10:33.928+0000] {logging_mixin.py:188} INFO - [2024-04-21T20:10:33.927+0000] {dag.py:3834} INFO - Setting next_dagrun for example_dynamic_task_mapping to 2022-03-04 00:00:00+00:00, run_after=2022-03-05 00:00:00+00:00
[2024-04-21T20:10:33.963+0000] {processor.py:183} INFO - Processing /home/airflow/.local/lib/python3.9/site-packages/airflow/example_dags/example_dynamic_task_mapping.py took 0.139 seconds
[2024-04-21T20:11:04.339+0000] {processor.py:161} INFO - Started process (PID=915) to work on /home/airflow/.local/lib/python3.9/site-packages/airflow/example_dags/example_dynamic_task_mapping.py
[2024-04-21T20:11:04.341+0000] {processor.py:830} INFO - Processing file /home/airflow/.local/lib/python3.9/site-packages/airflow/example_dags/example_dynamic_task_mapping.py for tasks to queue
[2024-04-21T20:11:04.342+0000] {logging_mixin.py:188} INFO - [2024-04-21T20:11:04.342+0000] {dagbag.py:540} INFO - Filling up the DagBag from /home/airflow/.local/lib/python3.9/site-packages/airflow/example_dags/example_dynamic_task_mapping.py
[2024-04-21T20:11:04.348+0000] {processor.py:840} INFO - DAG(s) 'example_dynamic_task_mapping' retrieved from /home/airflow/.local/lib/python3.9/site-packages/airflow/example_dags/example_dynamic_task_mapping.py
[2024-04-21T20:11:04.421+0000] {logging_mixin.py:188} INFO - [2024-04-21T20:11:04.421+0000] {dag.py:3047} INFO - Sync 1 DAGs
[2024-04-21T20:11:04.452+0000] {logging_mixin.py:188} INFO - [2024-04-21T20:11:04.451+0000] {dag.py:3834} INFO - Setting next_dagrun for example_dynamic_task_mapping to 2022-03-04 00:00:00+00:00, run_after=2022-03-05 00:00:00+00:00
[2024-04-21T20:11:04.492+0000] {processor.py:183} INFO - Processing /home/airflow/.local/lib/python3.9/site-packages/airflow/example_dags/example_dynamic_task_mapping.py took 0.155 seconds
[2024-04-21T20:14:15.583+0000] {processor.py:161} INFO - Started process (PID=39) to work on /home/airflow/.local/lib/python3.9/site-packages/airflow/example_dags/example_dynamic_task_mapping.py
[2024-04-21T20:14:15.585+0000] {processor.py:830} INFO - Processing file /home/airflow/.local/lib/python3.9/site-packages/airflow/example_dags/example_dynamic_task_mapping.py for tasks to queue
[2024-04-21T20:14:15.587+0000] {logging_mixin.py:188} INFO - [2024-04-21T20:14:15.587+0000] {dagbag.py:540} INFO - Filling up the DagBag from /home/airflow/.local/lib/python3.9/site-packages/airflow/example_dags/example_dynamic_task_mapping.py
[2024-04-21T20:14:15.596+0000] {processor.py:840} INFO - DAG(s) 'example_dynamic_task_mapping' retrieved from /home/airflow/.local/lib/python3.9/site-packages/airflow/example_dags/example_dynamic_task_mapping.py
[2024-04-21T20:14:15.649+0000] {logging_mixin.py:188} INFO - [2024-04-21T20:14:15.648+0000] {dag.py:3047} INFO - Sync 1 DAGs
[2024-04-21T20:14:15.683+0000] {logging_mixin.py:188} INFO - [2024-04-21T20:14:15.683+0000] {dag.py:3834} INFO - Setting next_dagrun for example_dynamic_task_mapping to 2022-03-04 00:00:00+00:00, run_after=2022-03-05 00:00:00+00:00
[2024-04-21T20:14:15.726+0000] {processor.py:183} INFO - Processing /home/airflow/.local/lib/python3.9/site-packages/airflow/example_dags/example_dynamic_task_mapping.py took 0.146 seconds
[2024-04-21T20:14:46.001+0000] {processor.py:161} INFO - Started process (PID=95) to work on /home/airflow/.local/lib/python3.9/site-packages/airflow/example_dags/example_dynamic_task_mapping.py
[2024-04-21T20:14:46.002+0000] {processor.py:830} INFO - Processing file /home/airflow/.local/lib/python3.9/site-packages/airflow/example_dags/example_dynamic_task_mapping.py for tasks to queue
[2024-04-21T20:14:46.004+0000] {logging_mixin.py:188} INFO - [2024-04-21T20:14:46.004+0000] {dagbag.py:540} INFO - Filling up the DagBag from /home/airflow/.local/lib/python3.9/site-packages/airflow/example_dags/example_dynamic_task_mapping.py
[2024-04-21T20:14:46.011+0000] {processor.py:840} INFO - DAG(s) 'example_dynamic_task_mapping' retrieved from /home/airflow/.local/lib/python3.9/site-packages/airflow/example_dags/example_dynamic_task_mapping.py
[2024-04-21T20:14:46.143+0000] {logging_mixin.py:188} INFO - [2024-04-21T20:14:46.143+0000] {dag.py:3047} INFO - Sync 1 DAGs
[2024-04-21T20:14:46.164+0000] {logging_mixin.py:188} INFO - [2024-04-21T20:14:46.164+0000] {dag.py:3834} INFO - Setting next_dagrun for example_dynamic_task_mapping to 2022-03-04 00:00:00+00:00, run_after=2022-03-05 00:00:00+00:00
[2024-04-21T20:14:46.199+0000] {processor.py:183} INFO - Processing /home/airflow/.local/lib/python3.9/site-packages/airflow/example_dags/example_dynamic_task_mapping.py took 0.200 seconds
[2024-04-21T20:15:16.850+0000] {processor.py:161} INFO - Started process (PID=152) to work on /home/airflow/.local/lib/python3.9/site-packages/airflow/example_dags/example_dynamic_task_mapping.py
[2024-04-21T20:15:16.852+0000] {processor.py:830} INFO - Processing file /home/airflow/.local/lib/python3.9/site-packages/airflow/example_dags/example_dynamic_task_mapping.py for tasks to queue
[2024-04-21T20:15:16.855+0000] {logging_mixin.py:188} INFO - [2024-04-21T20:15:16.854+0000] {dagbag.py:540} INFO - Filling up the DagBag from /home/airflow/.local/lib/python3.9/site-packages/airflow/example_dags/example_dynamic_task_mapping.py
[2024-04-21T20:15:16.863+0000] {processor.py:840} INFO - DAG(s) 'example_dynamic_task_mapping' retrieved from /home/airflow/.local/lib/python3.9/site-packages/airflow/example_dags/example_dynamic_task_mapping.py
[2024-04-21T20:15:16.945+0000] {logging_mixin.py:188} INFO - [2024-04-21T20:15:16.945+0000] {dag.py:3047} INFO - Sync 1 DAGs
[2024-04-21T20:15:16.991+0000] {logging_mixin.py:188} INFO - [2024-04-21T20:15:16.991+0000] {dag.py:3834} INFO - Setting next_dagrun for example_dynamic_task_mapping to 2022-03-04 00:00:00+00:00, run_after=2022-03-05 00:00:00+00:00
[2024-04-21T20:15:17.064+0000] {processor.py:183} INFO - Processing /home/airflow/.local/lib/python3.9/site-packages/airflow/example_dags/example_dynamic_task_mapping.py took 0.218 seconds
[2024-04-21T20:16:14.635+0000] {processor.py:161} INFO - Started process (PID=39) to work on /home/airflow/.local/lib/python3.9/site-packages/airflow/example_dags/example_dynamic_task_mapping.py
[2024-04-21T20:16:14.637+0000] {processor.py:830} INFO - Processing file /home/airflow/.local/lib/python3.9/site-packages/airflow/example_dags/example_dynamic_task_mapping.py for tasks to queue
[2024-04-21T20:16:14.639+0000] {logging_mixin.py:188} INFO - [2024-04-21T20:16:14.639+0000] {dagbag.py:540} INFO - Filling up the DagBag from /home/airflow/.local/lib/python3.9/site-packages/airflow/example_dags/example_dynamic_task_mapping.py
[2024-04-21T20:16:14.652+0000] {processor.py:840} INFO - DAG(s) 'example_dynamic_task_mapping' retrieved from /home/airflow/.local/lib/python3.9/site-packages/airflow/example_dags/example_dynamic_task_mapping.py
[2024-04-21T20:16:14.726+0000] {logging_mixin.py:188} INFO - [2024-04-21T20:16:14.725+0000] {dag.py:3047} INFO - Sync 1 DAGs
[2024-04-21T20:16:14.752+0000] {logging_mixin.py:188} INFO - [2024-04-21T20:16:14.752+0000] {dag.py:3834} INFO - Setting next_dagrun for example_dynamic_task_mapping to 2022-03-04 00:00:00+00:00, run_after=2022-03-05 00:00:00+00:00
[2024-04-21T20:16:14.799+0000] {processor.py:183} INFO - Processing /home/airflow/.local/lib/python3.9/site-packages/airflow/example_dags/example_dynamic_task_mapping.py took 0.168 seconds
[2024-04-21T20:16:45.677+0000] {processor.py:161} INFO - Started process (PID=95) to work on /home/airflow/.local/lib/python3.9/site-packages/airflow/example_dags/example_dynamic_task_mapping.py
[2024-04-21T20:16:45.679+0000] {processor.py:830} INFO - Processing file /home/airflow/.local/lib/python3.9/site-packages/airflow/example_dags/example_dynamic_task_mapping.py for tasks to queue
[2024-04-21T20:16:45.682+0000] {logging_mixin.py:188} INFO - [2024-04-21T20:16:45.681+0000] {dagbag.py:540} INFO - Filling up the DagBag from /home/airflow/.local/lib/python3.9/site-packages/airflow/example_dags/example_dynamic_task_mapping.py
[2024-04-21T20:16:45.694+0000] {processor.py:840} INFO - DAG(s) 'example_dynamic_task_mapping' retrieved from /home/airflow/.local/lib/python3.9/site-packages/airflow/example_dags/example_dynamic_task_mapping.py
[2024-04-21T20:16:45.758+0000] {logging_mixin.py:188} INFO - [2024-04-21T20:16:45.758+0000] {dag.py:3047} INFO - Sync 1 DAGs
[2024-04-21T20:16:45.784+0000] {logging_mixin.py:188} INFO - [2024-04-21T20:16:45.784+0000] {dag.py:3834} INFO - Setting next_dagrun for example_dynamic_task_mapping to 2022-03-04 00:00:00+00:00, run_after=2022-03-05 00:00:00+00:00
[2024-04-21T20:16:45.818+0000] {processor.py:183} INFO - Processing /home/airflow/.local/lib/python3.9/site-packages/airflow/example_dags/example_dynamic_task_mapping.py took 0.149 seconds
[2024-04-21T20:17:15.897+0000] {processor.py:161} INFO - Started process (PID=151) to work on /home/airflow/.local/lib/python3.9/site-packages/airflow/example_dags/example_dynamic_task_mapping.py
[2024-04-21T20:17:15.898+0000] {processor.py:830} INFO - Processing file /home/airflow/.local/lib/python3.9/site-packages/airflow/example_dags/example_dynamic_task_mapping.py for tasks to queue
[2024-04-21T20:17:15.902+0000] {logging_mixin.py:188} INFO - [2024-04-21T20:17:15.900+0000] {dagbag.py:540} INFO - Filling up the DagBag from /home/airflow/.local/lib/python3.9/site-packages/airflow/example_dags/example_dynamic_task_mapping.py
[2024-04-21T20:17:15.909+0000] {processor.py:840} INFO - DAG(s) 'example_dynamic_task_mapping' retrieved from /home/airflow/.local/lib/python3.9/site-packages/airflow/example_dags/example_dynamic_task_mapping.py
[2024-04-21T20:17:15.971+0000] {logging_mixin.py:188} INFO - [2024-04-21T20:17:15.970+0000] {dag.py:3047} INFO - Sync 1 DAGs
[2024-04-21T20:17:16.001+0000] {logging_mixin.py:188} INFO - [2024-04-21T20:17:16.001+0000] {dag.py:3834} INFO - Setting next_dagrun for example_dynamic_task_mapping to 2022-03-04 00:00:00+00:00, run_after=2022-03-05 00:00:00+00:00
[2024-04-21T20:17:16.036+0000] {processor.py:183} INFO - Processing /home/airflow/.local/lib/python3.9/site-packages/airflow/example_dags/example_dynamic_task_mapping.py took 0.150 seconds
[2024-04-21T20:17:46.322+0000] {processor.py:161} INFO - Started process (PID=208) to work on /home/airflow/.local/lib/python3.9/site-packages/airflow/example_dags/example_dynamic_task_mapping.py
[2024-04-21T20:17:46.324+0000] {processor.py:830} INFO - Processing file /home/airflow/.local/lib/python3.9/site-packages/airflow/example_dags/example_dynamic_task_mapping.py for tasks to queue
[2024-04-21T20:17:46.326+0000] {logging_mixin.py:188} INFO - [2024-04-21T20:17:46.326+0000] {dagbag.py:540} INFO - Filling up the DagBag from /home/airflow/.local/lib/python3.9/site-packages/airflow/example_dags/example_dynamic_task_mapping.py
[2024-04-21T20:17:46.334+0000] {processor.py:840} INFO - DAG(s) 'example_dynamic_task_mapping' retrieved from /home/airflow/.local/lib/python3.9/site-packages/airflow/example_dags/example_dynamic_task_mapping.py
[2024-04-21T20:17:46.392+0000] {logging_mixin.py:188} INFO - [2024-04-21T20:17:46.392+0000] {dag.py:3047} INFO - Sync 1 DAGs
[2024-04-21T20:17:46.429+0000] {logging_mixin.py:188} INFO - [2024-04-21T20:17:46.429+0000] {dag.py:3834} INFO - Setting next_dagrun for example_dynamic_task_mapping to 2022-03-04 00:00:00+00:00, run_after=2022-03-05 00:00:00+00:00
[2024-04-21T20:17:46.462+0000] {processor.py:183} INFO - Processing /home/airflow/.local/lib/python3.9/site-packages/airflow/example_dags/example_dynamic_task_mapping.py took 0.144 seconds
[2024-04-21T20:18:16.997+0000] {processor.py:161} INFO - Started process (PID=265) to work on /home/airflow/.local/lib/python3.9/site-packages/airflow/example_dags/example_dynamic_task_mapping.py
[2024-04-21T20:18:16.998+0000] {processor.py:830} INFO - Processing file /home/airflow/.local/lib/python3.9/site-packages/airflow/example_dags/example_dynamic_task_mapping.py for tasks to queue
[2024-04-21T20:18:17.000+0000] {logging_mixin.py:188} INFO - [2024-04-21T20:18:17.000+0000] {dagbag.py:540} INFO - Filling up the DagBag from /home/airflow/.local/lib/python3.9/site-packages/airflow/example_dags/example_dynamic_task_mapping.py
[2024-04-21T20:18:17.007+0000] {processor.py:840} INFO - DAG(s) 'example_dynamic_task_mapping' retrieved from /home/airflow/.local/lib/python3.9/site-packages/airflow/example_dags/example_dynamic_task_mapping.py
[2024-04-21T20:18:17.061+0000] {logging_mixin.py:188} INFO - [2024-04-21T20:18:17.061+0000] {dag.py:3047} INFO - Sync 1 DAGs
[2024-04-21T20:18:17.084+0000] {logging_mixin.py:188} INFO - [2024-04-21T20:18:17.083+0000] {dag.py:3834} INFO - Setting next_dagrun for example_dynamic_task_mapping to 2022-03-04 00:00:00+00:00, run_after=2022-03-05 00:00:00+00:00
[2024-04-21T20:18:17.117+0000] {processor.py:183} INFO - Processing /home/airflow/.local/lib/python3.9/site-packages/airflow/example_dags/example_dynamic_task_mapping.py took 0.123 seconds
[2024-04-21T20:18:47.356+0000] {processor.py:161} INFO - Started process (PID=322) to work on /home/airflow/.local/lib/python3.9/site-packages/airflow/example_dags/example_dynamic_task_mapping.py
[2024-04-21T20:18:47.357+0000] {processor.py:830} INFO - Processing file /home/airflow/.local/lib/python3.9/site-packages/airflow/example_dags/example_dynamic_task_mapping.py for tasks to queue
[2024-04-21T20:18:47.359+0000] {logging_mixin.py:188} INFO - [2024-04-21T20:18:47.359+0000] {dagbag.py:540} INFO - Filling up the DagBag from /home/airflow/.local/lib/python3.9/site-packages/airflow/example_dags/example_dynamic_task_mapping.py
[2024-04-21T20:18:47.367+0000] {processor.py:840} INFO - DAG(s) 'example_dynamic_task_mapping' retrieved from /home/airflow/.local/lib/python3.9/site-packages/airflow/example_dags/example_dynamic_task_mapping.py
[2024-04-21T20:18:47.427+0000] {logging_mixin.py:188} INFO - [2024-04-21T20:18:47.427+0000] {dag.py:3047} INFO - Sync 1 DAGs
[2024-04-21T20:18:47.454+0000] {logging_mixin.py:188} INFO - [2024-04-21T20:18:47.453+0000] {dag.py:3834} INFO - Setting next_dagrun for example_dynamic_task_mapping to 2022-03-04 00:00:00+00:00, run_after=2022-03-05 00:00:00+00:00
[2024-04-21T20:18:47.492+0000] {processor.py:183} INFO - Processing /home/airflow/.local/lib/python3.9/site-packages/airflow/example_dags/example_dynamic_task_mapping.py took 0.140 seconds
[2024-04-21T20:32:44.880+0000] {processor.py:161} INFO - Started process (PID=39) to work on /home/airflow/.local/lib/python3.9/site-packages/airflow/example_dags/example_dynamic_task_mapping.py
[2024-04-21T20:32:44.881+0000] {processor.py:830} INFO - Processing file /home/airflow/.local/lib/python3.9/site-packages/airflow/example_dags/example_dynamic_task_mapping.py for tasks to queue
[2024-04-21T20:32:44.884+0000] {logging_mixin.py:188} INFO - [2024-04-21T20:32:44.883+0000] {dagbag.py:540} INFO - Filling up the DagBag from /home/airflow/.local/lib/python3.9/site-packages/airflow/example_dags/example_dynamic_task_mapping.py
[2024-04-21T20:32:44.897+0000] {processor.py:840} INFO - DAG(s) 'example_dynamic_task_mapping' retrieved from /home/airflow/.local/lib/python3.9/site-packages/airflow/example_dags/example_dynamic_task_mapping.py
[2024-04-21T20:32:45.099+0000] {logging_mixin.py:188} INFO - [2024-04-21T20:32:45.097+0000] {dag.py:3047} INFO - Sync 1 DAGs
[2024-04-21T20:32:45.272+0000] {logging_mixin.py:188} INFO - [2024-04-21T20:32:45.272+0000] {dag.py:3834} INFO - Setting next_dagrun for example_dynamic_task_mapping to 2022-03-04 00:00:00+00:00, run_after=2022-03-05 00:00:00+00:00
[2024-04-21T20:32:45.368+0000] {processor.py:183} INFO - Processing /home/airflow/.local/lib/python3.9/site-packages/airflow/example_dags/example_dynamic_task_mapping.py took 0.491 seconds
[2024-04-21T20:33:20.014+0000] {processor.py:161} INFO - Started process (PID=39) to work on /home/airflow/.local/lib/python3.9/site-packages/airflow/example_dags/example_dynamic_task_mapping.py
[2024-04-21T20:33:20.015+0000] {processor.py:830} INFO - Processing file /home/airflow/.local/lib/python3.9/site-packages/airflow/example_dags/example_dynamic_task_mapping.py for tasks to queue
[2024-04-21T20:33:20.017+0000] {logging_mixin.py:188} INFO - [2024-04-21T20:33:20.017+0000] {dagbag.py:540} INFO - Filling up the DagBag from /home/airflow/.local/lib/python3.9/site-packages/airflow/example_dags/example_dynamic_task_mapping.py
[2024-04-21T20:33:20.026+0000] {processor.py:840} INFO - DAG(s) 'example_dynamic_task_mapping' retrieved from /home/airflow/.local/lib/python3.9/site-packages/airflow/example_dags/example_dynamic_task_mapping.py
[2024-04-21T20:33:20.177+0000] {logging_mixin.py:188} INFO - [2024-04-21T20:33:20.176+0000] {dag.py:3047} INFO - Sync 1 DAGs
[2024-04-21T20:33:20.200+0000] {logging_mixin.py:188} INFO - [2024-04-21T20:33:20.199+0000] {dag.py:3834} INFO - Setting next_dagrun for example_dynamic_task_mapping to 2022-03-04 00:00:00+00:00, run_after=2022-03-05 00:00:00+00:00
[2024-04-21T20:33:20.247+0000] {processor.py:183} INFO - Processing /home/airflow/.local/lib/python3.9/site-packages/airflow/example_dags/example_dynamic_task_mapping.py took 0.236 seconds
[2024-04-21T20:33:50.979+0000] {processor.py:161} INFO - Started process (PID=96) to work on /home/airflow/.local/lib/python3.9/site-packages/airflow/example_dags/example_dynamic_task_mapping.py
[2024-04-21T20:33:50.980+0000] {processor.py:830} INFO - Processing file /home/airflow/.local/lib/python3.9/site-packages/airflow/example_dags/example_dynamic_task_mapping.py for tasks to queue
[2024-04-21T20:33:50.982+0000] {logging_mixin.py:188} INFO - [2024-04-21T20:33:50.982+0000] {dagbag.py:540} INFO - Filling up the DagBag from /home/airflow/.local/lib/python3.9/site-packages/airflow/example_dags/example_dynamic_task_mapping.py
[2024-04-21T20:33:50.989+0000] {processor.py:840} INFO - DAG(s) 'example_dynamic_task_mapping' retrieved from /home/airflow/.local/lib/python3.9/site-packages/airflow/example_dags/example_dynamic_task_mapping.py
[2024-04-21T20:33:51.053+0000] {logging_mixin.py:188} INFO - [2024-04-21T20:33:51.052+0000] {dag.py:3047} INFO - Sync 1 DAGs
[2024-04-21T20:33:51.077+0000] {logging_mixin.py:188} INFO - [2024-04-21T20:33:51.076+0000] {dag.py:3834} INFO - Setting next_dagrun for example_dynamic_task_mapping to 2022-03-04 00:00:00+00:00, run_after=2022-03-05 00:00:00+00:00
[2024-04-21T20:33:51.113+0000] {processor.py:183} INFO - Processing /home/airflow/.local/lib/python3.9/site-packages/airflow/example_dags/example_dynamic_task_mapping.py took 0.137 seconds
[2024-04-21T20:34:28.286+0000] {processor.py:161} INFO - Started process (PID=39) to work on /home/airflow/.local/lib/python3.9/site-packages/airflow/example_dags/example_dynamic_task_mapping.py
[2024-04-21T20:34:28.288+0000] {processor.py:830} INFO - Processing file /home/airflow/.local/lib/python3.9/site-packages/airflow/example_dags/example_dynamic_task_mapping.py for tasks to queue
[2024-04-21T20:34:28.290+0000] {logging_mixin.py:188} INFO - [2024-04-21T20:34:28.289+0000] {dagbag.py:540} INFO - Filling up the DagBag from /home/airflow/.local/lib/python3.9/site-packages/airflow/example_dags/example_dynamic_task_mapping.py
[2024-04-21T20:34:28.299+0000] {processor.py:840} INFO - DAG(s) 'example_dynamic_task_mapping' retrieved from /home/airflow/.local/lib/python3.9/site-packages/airflow/example_dags/example_dynamic_task_mapping.py
[2024-04-21T20:34:28.372+0000] {logging_mixin.py:188} INFO - [2024-04-21T20:34:28.372+0000] {dag.py:3047} INFO - Sync 1 DAGs
[2024-04-21T20:34:28.401+0000] {logging_mixin.py:188} INFO - [2024-04-21T20:34:28.401+0000] {dag.py:3834} INFO - Setting next_dagrun for example_dynamic_task_mapping to 2022-03-04 00:00:00+00:00, run_after=2022-03-05 00:00:00+00:00
[2024-04-21T20:34:28.441+0000] {processor.py:183} INFO - Processing /home/airflow/.local/lib/python3.9/site-packages/airflow/example_dags/example_dynamic_task_mapping.py took 0.158 seconds
[2024-04-21T20:34:59.265+0000] {processor.py:161} INFO - Started process (PID=96) to work on /home/airflow/.local/lib/python3.9/site-packages/airflow/example_dags/example_dynamic_task_mapping.py
[2024-04-21T20:34:59.266+0000] {processor.py:830} INFO - Processing file /home/airflow/.local/lib/python3.9/site-packages/airflow/example_dags/example_dynamic_task_mapping.py for tasks to queue
[2024-04-21T20:34:59.268+0000] {logging_mixin.py:188} INFO - [2024-04-21T20:34:59.268+0000] {dagbag.py:540} INFO - Filling up the DagBag from /home/airflow/.local/lib/python3.9/site-packages/airflow/example_dags/example_dynamic_task_mapping.py
[2024-04-21T20:34:59.274+0000] {processor.py:840} INFO - DAG(s) 'example_dynamic_task_mapping' retrieved from /home/airflow/.local/lib/python3.9/site-packages/airflow/example_dags/example_dynamic_task_mapping.py
[2024-04-21T20:34:59.349+0000] {logging_mixin.py:188} INFO - [2024-04-21T20:34:59.348+0000] {dag.py:3047} INFO - Sync 1 DAGs
[2024-04-21T20:34:59.391+0000] {logging_mixin.py:188} INFO - [2024-04-21T20:34:59.390+0000] {dag.py:3834} INFO - Setting next_dagrun for example_dynamic_task_mapping to 2022-03-04 00:00:00+00:00, run_after=2022-03-05 00:00:00+00:00
[2024-04-21T20:34:59.436+0000] {processor.py:183} INFO - Processing /home/airflow/.local/lib/python3.9/site-packages/airflow/example_dags/example_dynamic_task_mapping.py took 0.174 seconds
[2024-04-21T20:35:29.561+0000] {processor.py:161} INFO - Started process (PID=151) to work on /home/airflow/.local/lib/python3.9/site-packages/airflow/example_dags/example_dynamic_task_mapping.py
[2024-04-21T20:35:29.563+0000] {processor.py:830} INFO - Processing file /home/airflow/.local/lib/python3.9/site-packages/airflow/example_dags/example_dynamic_task_mapping.py for tasks to queue
[2024-04-21T20:35:29.565+0000] {logging_mixin.py:188} INFO - [2024-04-21T20:35:29.565+0000] {dagbag.py:540} INFO - Filling up the DagBag from /home/airflow/.local/lib/python3.9/site-packages/airflow/example_dags/example_dynamic_task_mapping.py
[2024-04-21T20:35:29.572+0000] {processor.py:840} INFO - DAG(s) 'example_dynamic_task_mapping' retrieved from /home/airflow/.local/lib/python3.9/site-packages/airflow/example_dags/example_dynamic_task_mapping.py
[2024-04-21T20:35:29.627+0000] {logging_mixin.py:188} INFO - [2024-04-21T20:35:29.626+0000] {dag.py:3047} INFO - Sync 1 DAGs
[2024-04-21T20:35:29.649+0000] {logging_mixin.py:188} INFO - [2024-04-21T20:35:29.649+0000] {dag.py:3834} INFO - Setting next_dagrun for example_dynamic_task_mapping to 2022-03-04 00:00:00+00:00, run_after=2022-03-05 00:00:00+00:00
[2024-04-21T20:35:29.696+0000] {processor.py:183} INFO - Processing /home/airflow/.local/lib/python3.9/site-packages/airflow/example_dags/example_dynamic_task_mapping.py took 0.138 seconds
[2024-04-21T20:35:59.949+0000] {processor.py:161} INFO - Started process (PID=208) to work on /home/airflow/.local/lib/python3.9/site-packages/airflow/example_dags/example_dynamic_task_mapping.py
[2024-04-21T20:35:59.951+0000] {processor.py:830} INFO - Processing file /home/airflow/.local/lib/python3.9/site-packages/airflow/example_dags/example_dynamic_task_mapping.py for tasks to queue
[2024-04-21T20:35:59.955+0000] {logging_mixin.py:188} INFO - [2024-04-21T20:35:59.954+0000] {dagbag.py:540} INFO - Filling up the DagBag from /home/airflow/.local/lib/python3.9/site-packages/airflow/example_dags/example_dynamic_task_mapping.py
[2024-04-21T20:35:59.964+0000] {processor.py:840} INFO - DAG(s) 'example_dynamic_task_mapping' retrieved from /home/airflow/.local/lib/python3.9/site-packages/airflow/example_dags/example_dynamic_task_mapping.py
[2024-04-21T20:36:00.087+0000] {logging_mixin.py:188} INFO - [2024-04-21T20:36:00.086+0000] {dag.py:3047} INFO - Sync 1 DAGs
[2024-04-21T20:36:00.121+0000] {logging_mixin.py:188} INFO - [2024-04-21T20:36:00.121+0000] {dag.py:3834} INFO - Setting next_dagrun for example_dynamic_task_mapping to 2022-03-04 00:00:00+00:00, run_after=2022-03-05 00:00:00+00:00
[2024-04-21T20:36:00.168+0000] {processor.py:183} INFO - Processing /home/airflow/.local/lib/python3.9/site-packages/airflow/example_dags/example_dynamic_task_mapping.py took 0.224 seconds
[2024-04-21T20:36:30.378+0000] {processor.py:161} INFO - Started process (PID=265) to work on /home/airflow/.local/lib/python3.9/site-packages/airflow/example_dags/example_dynamic_task_mapping.py
[2024-04-21T20:36:30.380+0000] {processor.py:830} INFO - Processing file /home/airflow/.local/lib/python3.9/site-packages/airflow/example_dags/example_dynamic_task_mapping.py for tasks to queue
[2024-04-21T20:36:30.383+0000] {logging_mixin.py:188} INFO - [2024-04-21T20:36:30.383+0000] {dagbag.py:540} INFO - Filling up the DagBag from /home/airflow/.local/lib/python3.9/site-packages/airflow/example_dags/example_dynamic_task_mapping.py
[2024-04-21T20:36:30.389+0000] {processor.py:840} INFO - DAG(s) 'example_dynamic_task_mapping' retrieved from /home/airflow/.local/lib/python3.9/site-packages/airflow/example_dags/example_dynamic_task_mapping.py
[2024-04-21T20:36:30.444+0000] {logging_mixin.py:188} INFO - [2024-04-21T20:36:30.444+0000] {dag.py:3047} INFO - Sync 1 DAGs
[2024-04-21T20:36:30.469+0000] {logging_mixin.py:188} INFO - [2024-04-21T20:36:30.469+0000] {dag.py:3834} INFO - Setting next_dagrun for example_dynamic_task_mapping to 2022-03-04 00:00:00+00:00, run_after=2022-03-05 00:00:00+00:00
[2024-04-21T20:36:30.501+0000] {processor.py:183} INFO - Processing /home/airflow/.local/lib/python3.9/site-packages/airflow/example_dags/example_dynamic_task_mapping.py took 0.127 seconds
[2024-04-21T20:37:00.537+0000] {processor.py:161} INFO - Started process (PID=321) to work on /home/airflow/.local/lib/python3.9/site-packages/airflow/example_dags/example_dynamic_task_mapping.py
[2024-04-21T20:37:00.538+0000] {processor.py:830} INFO - Processing file /home/airflow/.local/lib/python3.9/site-packages/airflow/example_dags/example_dynamic_task_mapping.py for tasks to queue
[2024-04-21T20:37:00.541+0000] {logging_mixin.py:188} INFO - [2024-04-21T20:37:00.540+0000] {dagbag.py:540} INFO - Filling up the DagBag from /home/airflow/.local/lib/python3.9/site-packages/airflow/example_dags/example_dynamic_task_mapping.py
[2024-04-21T20:37:00.547+0000] {processor.py:840} INFO - DAG(s) 'example_dynamic_task_mapping' retrieved from /home/airflow/.local/lib/python3.9/site-packages/airflow/example_dags/example_dynamic_task_mapping.py
[2024-04-21T20:37:00.602+0000] {logging_mixin.py:188} INFO - [2024-04-21T20:37:00.601+0000] {dag.py:3047} INFO - Sync 1 DAGs
[2024-04-21T20:37:00.624+0000] {logging_mixin.py:188} INFO - [2024-04-21T20:37:00.623+0000] {dag.py:3834} INFO - Setting next_dagrun for example_dynamic_task_mapping to 2022-03-04 00:00:00+00:00, run_after=2022-03-05 00:00:00+00:00
[2024-04-21T20:37:00.653+0000] {processor.py:183} INFO - Processing /home/airflow/.local/lib/python3.9/site-packages/airflow/example_dags/example_dynamic_task_mapping.py took 0.118 seconds
[2024-04-21T20:37:31.342+0000] {processor.py:161} INFO - Started process (PID=379) to work on /home/airflow/.local/lib/python3.9/site-packages/airflow/example_dags/example_dynamic_task_mapping.py
[2024-04-21T20:37:31.343+0000] {processor.py:830} INFO - Processing file /home/airflow/.local/lib/python3.9/site-packages/airflow/example_dags/example_dynamic_task_mapping.py for tasks to queue
[2024-04-21T20:37:31.346+0000] {logging_mixin.py:188} INFO - [2024-04-21T20:37:31.345+0000] {dagbag.py:540} INFO - Filling up the DagBag from /home/airflow/.local/lib/python3.9/site-packages/airflow/example_dags/example_dynamic_task_mapping.py
[2024-04-21T20:37:31.352+0000] {processor.py:840} INFO - DAG(s) 'example_dynamic_task_mapping' retrieved from /home/airflow/.local/lib/python3.9/site-packages/airflow/example_dags/example_dynamic_task_mapping.py
[2024-04-21T20:37:31.410+0000] {logging_mixin.py:188} INFO - [2024-04-21T20:37:31.410+0000] {dag.py:3047} INFO - Sync 1 DAGs
[2024-04-21T20:37:31.433+0000] {logging_mixin.py:188} INFO - [2024-04-21T20:37:31.433+0000] {dag.py:3834} INFO - Setting next_dagrun for example_dynamic_task_mapping to 2022-03-04 00:00:00+00:00, run_after=2022-03-05 00:00:00+00:00
[2024-04-21T20:37:31.465+0000] {processor.py:183} INFO - Processing /home/airflow/.local/lib/python3.9/site-packages/airflow/example_dags/example_dynamic_task_mapping.py took 0.125 seconds
[2024-04-21T20:38:02.481+0000] {processor.py:161} INFO - Started process (PID=436) to work on /home/airflow/.local/lib/python3.9/site-packages/airflow/example_dags/example_dynamic_task_mapping.py
[2024-04-21T20:38:02.482+0000] {processor.py:830} INFO - Processing file /home/airflow/.local/lib/python3.9/site-packages/airflow/example_dags/example_dynamic_task_mapping.py for tasks to queue
[2024-04-21T20:38:02.484+0000] {logging_mixin.py:188} INFO - [2024-04-21T20:38:02.484+0000] {dagbag.py:540} INFO - Filling up the DagBag from /home/airflow/.local/lib/python3.9/site-packages/airflow/example_dags/example_dynamic_task_mapping.py
[2024-04-21T20:38:02.490+0000] {processor.py:840} INFO - DAG(s) 'example_dynamic_task_mapping' retrieved from /home/airflow/.local/lib/python3.9/site-packages/airflow/example_dags/example_dynamic_task_mapping.py
[2024-04-21T20:38:02.545+0000] {logging_mixin.py:188} INFO - [2024-04-21T20:38:02.544+0000] {dag.py:3047} INFO - Sync 1 DAGs
[2024-04-21T20:38:02.567+0000] {logging_mixin.py:188} INFO - [2024-04-21T20:38:02.567+0000] {dag.py:3834} INFO - Setting next_dagrun for example_dynamic_task_mapping to 2022-03-04 00:00:00+00:00, run_after=2022-03-05 00:00:00+00:00
[2024-04-21T20:38:02.599+0000] {processor.py:183} INFO - Processing /home/airflow/.local/lib/python3.9/site-packages/airflow/example_dags/example_dynamic_task_mapping.py took 0.121 seconds
[2024-04-21T20:38:33.081+0000] {processor.py:161} INFO - Started process (PID=493) to work on /home/airflow/.local/lib/python3.9/site-packages/airflow/example_dags/example_dynamic_task_mapping.py
[2024-04-21T20:38:33.082+0000] {processor.py:830} INFO - Processing file /home/airflow/.local/lib/python3.9/site-packages/airflow/example_dags/example_dynamic_task_mapping.py for tasks to queue
[2024-04-21T20:38:33.087+0000] {logging_mixin.py:188} INFO - [2024-04-21T20:38:33.086+0000] {dagbag.py:540} INFO - Filling up the DagBag from /home/airflow/.local/lib/python3.9/site-packages/airflow/example_dags/example_dynamic_task_mapping.py
[2024-04-21T20:38:33.097+0000] {processor.py:840} INFO - DAG(s) 'example_dynamic_task_mapping' retrieved from /home/airflow/.local/lib/python3.9/site-packages/airflow/example_dags/example_dynamic_task_mapping.py
[2024-04-21T20:38:33.173+0000] {logging_mixin.py:188} INFO - [2024-04-21T20:38:33.172+0000] {dag.py:3047} INFO - Sync 1 DAGs
[2024-04-21T20:38:33.205+0000] {logging_mixin.py:188} INFO - [2024-04-21T20:38:33.204+0000] {dag.py:3834} INFO - Setting next_dagrun for example_dynamic_task_mapping to 2022-03-04 00:00:00+00:00, run_after=2022-03-05 00:00:00+00:00
[2024-04-21T20:38:33.255+0000] {processor.py:183} INFO - Processing /home/airflow/.local/lib/python3.9/site-packages/airflow/example_dags/example_dynamic_task_mapping.py took 0.179 seconds
[2024-04-21T20:39:03.406+0000] {processor.py:161} INFO - Started process (PID=550) to work on /home/airflow/.local/lib/python3.9/site-packages/airflow/example_dags/example_dynamic_task_mapping.py
[2024-04-21T20:39:03.407+0000] {processor.py:830} INFO - Processing file /home/airflow/.local/lib/python3.9/site-packages/airflow/example_dags/example_dynamic_task_mapping.py for tasks to queue
[2024-04-21T20:39:03.410+0000] {logging_mixin.py:188} INFO - [2024-04-21T20:39:03.409+0000] {dagbag.py:540} INFO - Filling up the DagBag from /home/airflow/.local/lib/python3.9/site-packages/airflow/example_dags/example_dynamic_task_mapping.py
[2024-04-21T20:39:03.416+0000] {processor.py:840} INFO - DAG(s) 'example_dynamic_task_mapping' retrieved from /home/airflow/.local/lib/python3.9/site-packages/airflow/example_dags/example_dynamic_task_mapping.py
[2024-04-21T20:39:03.469+0000] {logging_mixin.py:188} INFO - [2024-04-21T20:39:03.469+0000] {dag.py:3047} INFO - Sync 1 DAGs
[2024-04-21T20:39:03.493+0000] {logging_mixin.py:188} INFO - [2024-04-21T20:39:03.493+0000] {dag.py:3834} INFO - Setting next_dagrun for example_dynamic_task_mapping to 2022-03-04 00:00:00+00:00, run_after=2022-03-05 00:00:00+00:00
[2024-04-21T20:39:03.525+0000] {processor.py:183} INFO - Processing /home/airflow/.local/lib/python3.9/site-packages/airflow/example_dags/example_dynamic_task_mapping.py took 0.123 seconds
[2024-04-21T20:40:39.518+0000] {processor.py:161} INFO - Started process (PID=583) to work on /home/airflow/.local/lib/python3.9/site-packages/airflow/example_dags/example_dynamic_task_mapping.py
[2024-04-21T20:40:39.520+0000] {processor.py:830} INFO - Processing file /home/airflow/.local/lib/python3.9/site-packages/airflow/example_dags/example_dynamic_task_mapping.py for tasks to queue
[2024-04-21T20:40:39.525+0000] {logging_mixin.py:188} INFO - [2024-04-21T20:40:39.524+0000] {dagbag.py:540} INFO - Filling up the DagBag from /home/airflow/.local/lib/python3.9/site-packages/airflow/example_dags/example_dynamic_task_mapping.py
[2024-04-21T20:40:39.539+0000] {processor.py:840} INFO - DAG(s) 'example_dynamic_task_mapping' retrieved from /home/airflow/.local/lib/python3.9/site-packages/airflow/example_dags/example_dynamic_task_mapping.py
[2024-04-21T20:40:39.661+0000] {logging_mixin.py:188} INFO - [2024-04-21T20:40:39.661+0000] {dag.py:3047} INFO - Sync 1 DAGs
[2024-04-21T20:40:39.681+0000] {logging_mixin.py:188} INFO - [2024-04-21T20:40:39.681+0000] {dag.py:3834} INFO - Setting next_dagrun for example_dynamic_task_mapping to 2022-03-04 00:00:00+00:00, run_after=2022-03-05 00:00:00+00:00
[2024-04-21T20:40:39.712+0000] {processor.py:183} INFO - Processing /home/airflow/.local/lib/python3.9/site-packages/airflow/example_dags/example_dynamic_task_mapping.py took 0.201 seconds
[2024-04-21T20:41:10.461+0000] {processor.py:161} INFO - Started process (PID=642) to work on /home/airflow/.local/lib/python3.9/site-packages/airflow/example_dags/example_dynamic_task_mapping.py
[2024-04-21T20:41:10.463+0000] {processor.py:830} INFO - Processing file /home/airflow/.local/lib/python3.9/site-packages/airflow/example_dags/example_dynamic_task_mapping.py for tasks to queue
[2024-04-21T20:41:10.466+0000] {logging_mixin.py:188} INFO - [2024-04-21T20:41:10.465+0000] {dagbag.py:540} INFO - Filling up the DagBag from /home/airflow/.local/lib/python3.9/site-packages/airflow/example_dags/example_dynamic_task_mapping.py
[2024-04-21T20:41:10.474+0000] {processor.py:840} INFO - DAG(s) 'example_dynamic_task_mapping' retrieved from /home/airflow/.local/lib/python3.9/site-packages/airflow/example_dags/example_dynamic_task_mapping.py
[2024-04-21T20:41:10.541+0000] {logging_mixin.py:188} INFO - [2024-04-21T20:41:10.540+0000] {dag.py:3047} INFO - Sync 1 DAGs
[2024-04-21T20:41:10.568+0000] {logging_mixin.py:188} INFO - [2024-04-21T20:41:10.567+0000] {dag.py:3834} INFO - Setting next_dagrun for example_dynamic_task_mapping to 2022-03-04 00:00:00+00:00, run_after=2022-03-05 00:00:00+00:00
[2024-04-21T20:41:10.607+0000] {processor.py:183} INFO - Processing /home/airflow/.local/lib/python3.9/site-packages/airflow/example_dags/example_dynamic_task_mapping.py took 0.150 seconds
[2024-04-21T20:41:40.901+0000] {processor.py:161} INFO - Started process (PID=699) to work on /home/airflow/.local/lib/python3.9/site-packages/airflow/example_dags/example_dynamic_task_mapping.py
[2024-04-21T20:41:40.902+0000] {processor.py:830} INFO - Processing file /home/airflow/.local/lib/python3.9/site-packages/airflow/example_dags/example_dynamic_task_mapping.py for tasks to queue
[2024-04-21T20:41:40.904+0000] {logging_mixin.py:188} INFO - [2024-04-21T20:41:40.904+0000] {dagbag.py:540} INFO - Filling up the DagBag from /home/airflow/.local/lib/python3.9/site-packages/airflow/example_dags/example_dynamic_task_mapping.py
[2024-04-21T20:41:40.912+0000] {processor.py:840} INFO - DAG(s) 'example_dynamic_task_mapping' retrieved from /home/airflow/.local/lib/python3.9/site-packages/airflow/example_dags/example_dynamic_task_mapping.py
[2024-04-21T20:41:40.963+0000] {logging_mixin.py:188} INFO - [2024-04-21T20:41:40.963+0000] {dag.py:3047} INFO - Sync 1 DAGs
[2024-04-21T20:41:40.982+0000] {logging_mixin.py:188} INFO - [2024-04-21T20:41:40.982+0000] {dag.py:3834} INFO - Setting next_dagrun for example_dynamic_task_mapping to 2022-03-04 00:00:00+00:00, run_after=2022-03-05 00:00:00+00:00
[2024-04-21T20:41:41.013+0000] {processor.py:183} INFO - Processing /home/airflow/.local/lib/python3.9/site-packages/airflow/example_dags/example_dynamic_task_mapping.py took 0.115 seconds
[2024-04-21T20:42:35.197+0000] {processor.py:161} INFO - Started process (PID=39) to work on /home/airflow/.local/lib/python3.9/site-packages/airflow/example_dags/example_dynamic_task_mapping.py
[2024-04-21T20:42:35.198+0000] {processor.py:830} INFO - Processing file /home/airflow/.local/lib/python3.9/site-packages/airflow/example_dags/example_dynamic_task_mapping.py for tasks to queue
[2024-04-21T20:42:35.200+0000] {logging_mixin.py:188} INFO - [2024-04-21T20:42:35.200+0000] {dagbag.py:540} INFO - Filling up the DagBag from /home/airflow/.local/lib/python3.9/site-packages/airflow/example_dags/example_dynamic_task_mapping.py
[2024-04-21T20:42:35.209+0000] {processor.py:840} INFO - DAG(s) 'example_dynamic_task_mapping' retrieved from /home/airflow/.local/lib/python3.9/site-packages/airflow/example_dags/example_dynamic_task_mapping.py
[2024-04-21T20:42:35.274+0000] {logging_mixin.py:188} INFO - [2024-04-21T20:42:35.274+0000] {dag.py:3047} INFO - Sync 1 DAGs
[2024-04-21T20:42:35.298+0000] {logging_mixin.py:188} INFO - [2024-04-21T20:42:35.298+0000] {dag.py:3834} INFO - Setting next_dagrun for example_dynamic_task_mapping to 2022-03-04 00:00:00+00:00, run_after=2022-03-05 00:00:00+00:00
[2024-04-21T20:42:35.331+0000] {processor.py:183} INFO - Processing /home/airflow/.local/lib/python3.9/site-packages/airflow/example_dags/example_dynamic_task_mapping.py took 0.137 seconds
[2024-04-21T20:43:05.405+0000] {processor.py:161} INFO - Started process (PID=94) to work on /home/airflow/.local/lib/python3.9/site-packages/airflow/example_dags/example_dynamic_task_mapping.py
[2024-04-21T20:43:05.406+0000] {processor.py:830} INFO - Processing file /home/airflow/.local/lib/python3.9/site-packages/airflow/example_dags/example_dynamic_task_mapping.py for tasks to queue
[2024-04-21T20:43:05.409+0000] {logging_mixin.py:188} INFO - [2024-04-21T20:43:05.408+0000] {dagbag.py:540} INFO - Filling up the DagBag from /home/airflow/.local/lib/python3.9/site-packages/airflow/example_dags/example_dynamic_task_mapping.py
[2024-04-21T20:43:05.415+0000] {processor.py:840} INFO - DAG(s) 'example_dynamic_task_mapping' retrieved from /home/airflow/.local/lib/python3.9/site-packages/airflow/example_dags/example_dynamic_task_mapping.py
[2024-04-21T20:43:05.471+0000] {logging_mixin.py:188} INFO - [2024-04-21T20:43:05.471+0000] {dag.py:3047} INFO - Sync 1 DAGs
[2024-04-21T20:43:05.495+0000] {logging_mixin.py:188} INFO - [2024-04-21T20:43:05.494+0000] {dag.py:3834} INFO - Setting next_dagrun for example_dynamic_task_mapping to 2022-03-04 00:00:00+00:00, run_after=2022-03-05 00:00:00+00:00
[2024-04-21T20:43:05.526+0000] {processor.py:183} INFO - Processing /home/airflow/.local/lib/python3.9/site-packages/airflow/example_dags/example_dynamic_task_mapping.py took 0.123 seconds
[2024-04-21T20:43:35.781+0000] {processor.py:161} INFO - Started process (PID=151) to work on /home/airflow/.local/lib/python3.9/site-packages/airflow/example_dags/example_dynamic_task_mapping.py
[2024-04-21T20:43:35.782+0000] {processor.py:830} INFO - Processing file /home/airflow/.local/lib/python3.9/site-packages/airflow/example_dags/example_dynamic_task_mapping.py for tasks to queue
[2024-04-21T20:43:35.784+0000] {logging_mixin.py:188} INFO - [2024-04-21T20:43:35.784+0000] {dagbag.py:540} INFO - Filling up the DagBag from /home/airflow/.local/lib/python3.9/site-packages/airflow/example_dags/example_dynamic_task_mapping.py
[2024-04-21T20:43:35.791+0000] {processor.py:840} INFO - DAG(s) 'example_dynamic_task_mapping' retrieved from /home/airflow/.local/lib/python3.9/site-packages/airflow/example_dags/example_dynamic_task_mapping.py
[2024-04-21T20:43:35.843+0000] {logging_mixin.py:188} INFO - [2024-04-21T20:43:35.843+0000] {dag.py:3047} INFO - Sync 1 DAGs
[2024-04-21T20:43:35.866+0000] {logging_mixin.py:188} INFO - [2024-04-21T20:43:35.865+0000] {dag.py:3834} INFO - Setting next_dagrun for example_dynamic_task_mapping to 2022-03-04 00:00:00+00:00, run_after=2022-03-05 00:00:00+00:00
[2024-04-21T20:43:35.896+0000] {processor.py:183} INFO - Processing /home/airflow/.local/lib/python3.9/site-packages/airflow/example_dags/example_dynamic_task_mapping.py took 0.118 seconds
[2024-04-21T20:44:06.270+0000] {processor.py:161} INFO - Started process (PID=208) to work on /home/airflow/.local/lib/python3.9/site-packages/airflow/example_dags/example_dynamic_task_mapping.py
[2024-04-21T20:44:06.272+0000] {processor.py:830} INFO - Processing file /home/airflow/.local/lib/python3.9/site-packages/airflow/example_dags/example_dynamic_task_mapping.py for tasks to queue
[2024-04-21T20:44:06.274+0000] {logging_mixin.py:188} INFO - [2024-04-21T20:44:06.273+0000] {dagbag.py:540} INFO - Filling up the DagBag from /home/airflow/.local/lib/python3.9/site-packages/airflow/example_dags/example_dynamic_task_mapping.py
[2024-04-21T20:44:06.279+0000] {processor.py:840} INFO - DAG(s) 'example_dynamic_task_mapping' retrieved from /home/airflow/.local/lib/python3.9/site-packages/airflow/example_dags/example_dynamic_task_mapping.py
[2024-04-21T20:44:06.331+0000] {logging_mixin.py:188} INFO - [2024-04-21T20:44:06.331+0000] {dag.py:3047} INFO - Sync 1 DAGs
[2024-04-21T20:44:06.354+0000] {logging_mixin.py:188} INFO - [2024-04-21T20:44:06.354+0000] {dag.py:3834} INFO - Setting next_dagrun for example_dynamic_task_mapping to 2022-03-04 00:00:00+00:00, run_after=2022-03-05 00:00:00+00:00
[2024-04-21T20:44:06.385+0000] {processor.py:183} INFO - Processing /home/airflow/.local/lib/python3.9/site-packages/airflow/example_dags/example_dynamic_task_mapping.py took 0.118 seconds
[2024-04-21T20:44:36.871+0000] {processor.py:161} INFO - Started process (PID=265) to work on /home/airflow/.local/lib/python3.9/site-packages/airflow/example_dags/example_dynamic_task_mapping.py
[2024-04-21T20:44:36.872+0000] {processor.py:830} INFO - Processing file /home/airflow/.local/lib/python3.9/site-packages/airflow/example_dags/example_dynamic_task_mapping.py for tasks to queue
[2024-04-21T20:44:36.875+0000] {logging_mixin.py:188} INFO - [2024-04-21T20:44:36.875+0000] {dagbag.py:540} INFO - Filling up the DagBag from /home/airflow/.local/lib/python3.9/site-packages/airflow/example_dags/example_dynamic_task_mapping.py
[2024-04-21T20:44:36.883+0000] {processor.py:840} INFO - DAG(s) 'example_dynamic_task_mapping' retrieved from /home/airflow/.local/lib/python3.9/site-packages/airflow/example_dags/example_dynamic_task_mapping.py
[2024-04-21T20:44:36.942+0000] {logging_mixin.py:188} INFO - [2024-04-21T20:44:36.942+0000] {dag.py:3047} INFO - Sync 1 DAGs
[2024-04-21T20:44:36.967+0000] {logging_mixin.py:188} INFO - [2024-04-21T20:44:36.967+0000] {dag.py:3834} INFO - Setting next_dagrun for example_dynamic_task_mapping to 2022-03-04 00:00:00+00:00, run_after=2022-03-05 00:00:00+00:00
[2024-04-21T20:44:37.002+0000] {processor.py:183} INFO - Processing /home/airflow/.local/lib/python3.9/site-packages/airflow/example_dags/example_dynamic_task_mapping.py took 0.135 seconds
[2024-04-21T20:45:07.661+0000] {processor.py:161} INFO - Started process (PID=322) to work on /home/airflow/.local/lib/python3.9/site-packages/airflow/example_dags/example_dynamic_task_mapping.py
[2024-04-21T20:45:07.662+0000] {processor.py:830} INFO - Processing file /home/airflow/.local/lib/python3.9/site-packages/airflow/example_dags/example_dynamic_task_mapping.py for tasks to queue
[2024-04-21T20:45:07.665+0000] {logging_mixin.py:188} INFO - [2024-04-21T20:45:07.664+0000] {dagbag.py:540} INFO - Filling up the DagBag from /home/airflow/.local/lib/python3.9/site-packages/airflow/example_dags/example_dynamic_task_mapping.py
[2024-04-21T20:45:07.672+0000] {processor.py:840} INFO - DAG(s) 'example_dynamic_task_mapping' retrieved from /home/airflow/.local/lib/python3.9/site-packages/airflow/example_dags/example_dynamic_task_mapping.py
[2024-04-21T20:45:07.729+0000] {logging_mixin.py:188} INFO - [2024-04-21T20:45:07.728+0000] {dag.py:3047} INFO - Sync 1 DAGs
[2024-04-21T20:45:07.752+0000] {logging_mixin.py:188} INFO - [2024-04-21T20:45:07.751+0000] {dag.py:3834} INFO - Setting next_dagrun for example_dynamic_task_mapping to 2022-03-04 00:00:00+00:00, run_after=2022-03-05 00:00:00+00:00
[2024-04-21T20:45:07.791+0000] {processor.py:183} INFO - Processing /home/airflow/.local/lib/python3.9/site-packages/airflow/example_dags/example_dynamic_task_mapping.py took 0.133 seconds
[2024-04-21T20:45:37.904+0000] {processor.py:161} INFO - Started process (PID=379) to work on /home/airflow/.local/lib/python3.9/site-packages/airflow/example_dags/example_dynamic_task_mapping.py
[2024-04-21T20:45:37.905+0000] {processor.py:830} INFO - Processing file /home/airflow/.local/lib/python3.9/site-packages/airflow/example_dags/example_dynamic_task_mapping.py for tasks to queue
[2024-04-21T20:45:37.908+0000] {logging_mixin.py:188} INFO - [2024-04-21T20:45:37.907+0000] {dagbag.py:540} INFO - Filling up the DagBag from /home/airflow/.local/lib/python3.9/site-packages/airflow/example_dags/example_dynamic_task_mapping.py
[2024-04-21T20:45:37.914+0000] {processor.py:840} INFO - DAG(s) 'example_dynamic_task_mapping' retrieved from /home/airflow/.local/lib/python3.9/site-packages/airflow/example_dags/example_dynamic_task_mapping.py
[2024-04-21T20:45:37.975+0000] {logging_mixin.py:188} INFO - [2024-04-21T20:45:37.975+0000] {dag.py:3047} INFO - Sync 1 DAGs
[2024-04-21T20:45:38.002+0000] {logging_mixin.py:188} INFO - [2024-04-21T20:45:38.002+0000] {dag.py:3834} INFO - Setting next_dagrun for example_dynamic_task_mapping to 2022-03-04 00:00:00+00:00, run_after=2022-03-05 00:00:00+00:00
[2024-04-21T20:45:38.039+0000] {processor.py:183} INFO - Processing /home/airflow/.local/lib/python3.9/site-packages/airflow/example_dags/example_dynamic_task_mapping.py took 0.138 seconds
[2024-04-21T20:46:08.637+0000] {processor.py:161} INFO - Started process (PID=436) to work on /home/airflow/.local/lib/python3.9/site-packages/airflow/example_dags/example_dynamic_task_mapping.py
[2024-04-21T20:46:08.638+0000] {processor.py:830} INFO - Processing file /home/airflow/.local/lib/python3.9/site-packages/airflow/example_dags/example_dynamic_task_mapping.py for tasks to queue
[2024-04-21T20:46:08.641+0000] {logging_mixin.py:188} INFO - [2024-04-21T20:46:08.641+0000] {dagbag.py:540} INFO - Filling up the DagBag from /home/airflow/.local/lib/python3.9/site-packages/airflow/example_dags/example_dynamic_task_mapping.py
[2024-04-21T20:46:08.650+0000] {processor.py:840} INFO - DAG(s) 'example_dynamic_task_mapping' retrieved from /home/airflow/.local/lib/python3.9/site-packages/airflow/example_dags/example_dynamic_task_mapping.py
[2024-04-21T20:46:08.708+0000] {logging_mixin.py:188} INFO - [2024-04-21T20:46:08.708+0000] {dag.py:3047} INFO - Sync 1 DAGs
[2024-04-21T20:46:08.734+0000] {logging_mixin.py:188} INFO - [2024-04-21T20:46:08.734+0000] {dag.py:3834} INFO - Setting next_dagrun for example_dynamic_task_mapping to 2022-03-04 00:00:00+00:00, run_after=2022-03-05 00:00:00+00:00
[2024-04-21T20:46:08.769+0000] {processor.py:183} INFO - Processing /home/airflow/.local/lib/python3.9/site-packages/airflow/example_dags/example_dynamic_task_mapping.py took 0.137 seconds
[2024-04-21T20:46:39.300+0000] {processor.py:161} INFO - Started process (PID=493) to work on /home/airflow/.local/lib/python3.9/site-packages/airflow/example_dags/example_dynamic_task_mapping.py
[2024-04-21T20:46:39.301+0000] {processor.py:830} INFO - Processing file /home/airflow/.local/lib/python3.9/site-packages/airflow/example_dags/example_dynamic_task_mapping.py for tasks to queue
[2024-04-21T20:46:39.303+0000] {logging_mixin.py:188} INFO - [2024-04-21T20:46:39.303+0000] {dagbag.py:540} INFO - Filling up the DagBag from /home/airflow/.local/lib/python3.9/site-packages/airflow/example_dags/example_dynamic_task_mapping.py
[2024-04-21T20:46:39.310+0000] {processor.py:840} INFO - DAG(s) 'example_dynamic_task_mapping' retrieved from /home/airflow/.local/lib/python3.9/site-packages/airflow/example_dags/example_dynamic_task_mapping.py
[2024-04-21T20:46:39.364+0000] {logging_mixin.py:188} INFO - [2024-04-21T20:46:39.364+0000] {dag.py:3047} INFO - Sync 1 DAGs
[2024-04-21T20:46:39.388+0000] {logging_mixin.py:188} INFO - [2024-04-21T20:46:39.387+0000] {dag.py:3834} INFO - Setting next_dagrun for example_dynamic_task_mapping to 2022-03-04 00:00:00+00:00, run_after=2022-03-05 00:00:00+00:00
[2024-04-21T20:46:39.421+0000] {processor.py:183} INFO - Processing /home/airflow/.local/lib/python3.9/site-packages/airflow/example_dags/example_dynamic_task_mapping.py took 0.123 seconds
[2024-04-21T20:47:09.942+0000] {processor.py:161} INFO - Started process (PID=550) to work on /home/airflow/.local/lib/python3.9/site-packages/airflow/example_dags/example_dynamic_task_mapping.py
[2024-04-21T20:47:09.943+0000] {processor.py:830} INFO - Processing file /home/airflow/.local/lib/python3.9/site-packages/airflow/example_dags/example_dynamic_task_mapping.py for tasks to queue
[2024-04-21T20:47:09.945+0000] {logging_mixin.py:188} INFO - [2024-04-21T20:47:09.945+0000] {dagbag.py:540} INFO - Filling up the DagBag from /home/airflow/.local/lib/python3.9/site-packages/airflow/example_dags/example_dynamic_task_mapping.py
[2024-04-21T20:47:09.951+0000] {processor.py:840} INFO - DAG(s) 'example_dynamic_task_mapping' retrieved from /home/airflow/.local/lib/python3.9/site-packages/airflow/example_dags/example_dynamic_task_mapping.py
[2024-04-21T20:47:10.007+0000] {logging_mixin.py:188} INFO - [2024-04-21T20:47:10.007+0000] {dag.py:3047} INFO - Sync 1 DAGs
[2024-04-21T20:47:10.031+0000] {logging_mixin.py:188} INFO - [2024-04-21T20:47:10.030+0000] {dag.py:3834} INFO - Setting next_dagrun for example_dynamic_task_mapping to 2022-03-04 00:00:00+00:00, run_after=2022-03-05 00:00:00+00:00
[2024-04-21T20:47:10.065+0000] {processor.py:183} INFO - Processing /home/airflow/.local/lib/python3.9/site-packages/airflow/example_dags/example_dynamic_task_mapping.py took 0.125 seconds
[2024-04-21T20:47:40.857+0000] {processor.py:161} INFO - Started process (PID=607) to work on /home/airflow/.local/lib/python3.9/site-packages/airflow/example_dags/example_dynamic_task_mapping.py
[2024-04-21T20:47:40.859+0000] {processor.py:830} INFO - Processing file /home/airflow/.local/lib/python3.9/site-packages/airflow/example_dags/example_dynamic_task_mapping.py for tasks to queue
[2024-04-21T20:47:40.862+0000] {logging_mixin.py:188} INFO - [2024-04-21T20:47:40.861+0000] {dagbag.py:540} INFO - Filling up the DagBag from /home/airflow/.local/lib/python3.9/site-packages/airflow/example_dags/example_dynamic_task_mapping.py
[2024-04-21T20:47:40.868+0000] {processor.py:840} INFO - DAG(s) 'example_dynamic_task_mapping' retrieved from /home/airflow/.local/lib/python3.9/site-packages/airflow/example_dags/example_dynamic_task_mapping.py
[2024-04-21T20:47:40.920+0000] {logging_mixin.py:188} INFO - [2024-04-21T20:47:40.920+0000] {dag.py:3047} INFO - Sync 1 DAGs
[2024-04-21T20:47:40.942+0000] {logging_mixin.py:188} INFO - [2024-04-21T20:47:40.941+0000] {dag.py:3834} INFO - Setting next_dagrun for example_dynamic_task_mapping to 2022-03-04 00:00:00+00:00, run_after=2022-03-05 00:00:00+00:00
[2024-04-21T20:47:40.973+0000] {processor.py:183} INFO - Processing /home/airflow/.local/lib/python3.9/site-packages/airflow/example_dags/example_dynamic_task_mapping.py took 0.118 seconds
[2024-04-21T21:00:41.197+0000] {processor.py:161} INFO - Started process (PID=39) to work on /home/airflow/.local/lib/python3.9/site-packages/airflow/example_dags/example_dynamic_task_mapping.py
[2024-04-21T21:00:41.200+0000] {processor.py:830} INFO - Processing file /home/airflow/.local/lib/python3.9/site-packages/airflow/example_dags/example_dynamic_task_mapping.py for tasks to queue
[2024-04-21T21:00:41.202+0000] {logging_mixin.py:188} INFO - [2024-04-21T21:00:41.202+0000] {dagbag.py:540} INFO - Filling up the DagBag from /home/airflow/.local/lib/python3.9/site-packages/airflow/example_dags/example_dynamic_task_mapping.py
[2024-04-21T21:00:41.220+0000] {processor.py:840} INFO - DAG(s) 'example_dynamic_task_mapping' retrieved from /home/airflow/.local/lib/python3.9/site-packages/airflow/example_dags/example_dynamic_task_mapping.py
[2024-04-21T21:00:41.298+0000] {logging_mixin.py:188} INFO - [2024-04-21T21:00:41.297+0000] {dag.py:3047} INFO - Sync 1 DAGs
[2024-04-21T21:00:41.337+0000] {logging_mixin.py:188} INFO - [2024-04-21T21:00:41.337+0000] {dag.py:3834} INFO - Setting next_dagrun for example_dynamic_task_mapping to 2022-03-04 00:00:00+00:00, run_after=2022-03-05 00:00:00+00:00
[2024-04-21T21:00:41.388+0000] {processor.py:183} INFO - Processing /home/airflow/.local/lib/python3.9/site-packages/airflow/example_dags/example_dynamic_task_mapping.py took 0.194 seconds
[2024-04-21T21:01:11.896+0000] {processor.py:161} INFO - Started process (PID=95) to work on /home/airflow/.local/lib/python3.9/site-packages/airflow/example_dags/example_dynamic_task_mapping.py
[2024-04-21T21:01:11.898+0000] {processor.py:830} INFO - Processing file /home/airflow/.local/lib/python3.9/site-packages/airflow/example_dags/example_dynamic_task_mapping.py for tasks to queue
[2024-04-21T21:01:11.900+0000] {logging_mixin.py:188} INFO - [2024-04-21T21:01:11.900+0000] {dagbag.py:540} INFO - Filling up the DagBag from /home/airflow/.local/lib/python3.9/site-packages/airflow/example_dags/example_dynamic_task_mapping.py
[2024-04-21T21:01:11.907+0000] {processor.py:840} INFO - DAG(s) 'example_dynamic_task_mapping' retrieved from /home/airflow/.local/lib/python3.9/site-packages/airflow/example_dags/example_dynamic_task_mapping.py
[2024-04-21T21:01:12.048+0000] {logging_mixin.py:188} INFO - [2024-04-21T21:01:12.048+0000] {dag.py:3047} INFO - Sync 1 DAGs
[2024-04-21T21:01:12.074+0000] {logging_mixin.py:188} INFO - [2024-04-21T21:01:12.074+0000] {dag.py:3834} INFO - Setting next_dagrun for example_dynamic_task_mapping to 2022-03-04 00:00:00+00:00, run_after=2022-03-05 00:00:00+00:00
[2024-04-21T21:01:12.113+0000] {processor.py:183} INFO - Processing /home/airflow/.local/lib/python3.9/site-packages/airflow/example_dags/example_dynamic_task_mapping.py took 0.220 seconds
[2024-04-21T21:03:14.959+0000] {processor.py:161} INFO - Started process (PID=45) to work on /home/airflow/.local/lib/python3.9/site-packages/airflow/example_dags/example_dynamic_task_mapping.py
[2024-04-21T21:03:14.960+0000] {processor.py:830} INFO - Processing file /home/airflow/.local/lib/python3.9/site-packages/airflow/example_dags/example_dynamic_task_mapping.py for tasks to queue
[2024-04-21T21:03:14.963+0000] {logging_mixin.py:188} INFO - [2024-04-21T21:03:14.962+0000] {dagbag.py:540} INFO - Filling up the DagBag from /home/airflow/.local/lib/python3.9/site-packages/airflow/example_dags/example_dynamic_task_mapping.py
[2024-04-21T21:03:14.975+0000] {processor.py:840} INFO - DAG(s) 'example_dynamic_task_mapping' retrieved from /home/airflow/.local/lib/python3.9/site-packages/airflow/example_dags/example_dynamic_task_mapping.py
[2024-04-21T21:03:15.127+0000] {logging_mixin.py:188} INFO - [2024-04-21T21:03:15.126+0000] {dag.py:3047} INFO - Sync 1 DAGs
[2024-04-21T21:03:15.179+0000] {logging_mixin.py:188} INFO - [2024-04-21T21:03:15.179+0000] {dag.py:3834} INFO - Setting next_dagrun for example_dynamic_task_mapping to 2022-03-04 00:00:00+00:00, run_after=2022-03-05 00:00:00+00:00
[2024-04-21T21:03:15.245+0000] {processor.py:183} INFO - Processing /home/airflow/.local/lib/python3.9/site-packages/airflow/example_dags/example_dynamic_task_mapping.py took 0.290 seconds
[2024-04-21T21:04:44.961+0000] {processor.py:161} INFO - Started process (PID=102) to work on /home/airflow/.local/lib/python3.9/site-packages/airflow/example_dags/example_dynamic_task_mapping.py
[2024-04-21T21:04:44.963+0000] {processor.py:830} INFO - Processing file /home/airflow/.local/lib/python3.9/site-packages/airflow/example_dags/example_dynamic_task_mapping.py for tasks to queue
[2024-04-21T21:04:44.968+0000] {logging_mixin.py:188} INFO - [2024-04-21T21:04:44.967+0000] {dagbag.py:540} INFO - Filling up the DagBag from /home/airflow/.local/lib/python3.9/site-packages/airflow/example_dags/example_dynamic_task_mapping.py
[2024-04-21T21:04:44.977+0000] {processor.py:840} INFO - DAG(s) 'example_dynamic_task_mapping' retrieved from /home/airflow/.local/lib/python3.9/site-packages/airflow/example_dags/example_dynamic_task_mapping.py
[2024-04-21T21:04:45.043+0000] {logging_mixin.py:188} INFO - [2024-04-21T21:04:45.043+0000] {dag.py:3047} INFO - Sync 1 DAGs
[2024-04-21T21:04:45.073+0000] {logging_mixin.py:188} INFO - [2024-04-21T21:04:45.073+0000] {dag.py:3834} INFO - Setting next_dagrun for example_dynamic_task_mapping to 2022-03-04 00:00:00+00:00, run_after=2022-03-05 00:00:00+00:00
[2024-04-21T21:04:45.114+0000] {processor.py:183} INFO - Processing /home/airflow/.local/lib/python3.9/site-packages/airflow/example_dags/example_dynamic_task_mapping.py took 0.157 seconds
[2024-04-21T21:05:16.211+0000] {processor.py:161} INFO - Started process (PID=169) to work on /home/airflow/.local/lib/python3.9/site-packages/airflow/example_dags/example_dynamic_task_mapping.py
[2024-04-21T21:05:16.213+0000] {processor.py:830} INFO - Processing file /home/airflow/.local/lib/python3.9/site-packages/airflow/example_dags/example_dynamic_task_mapping.py for tasks to queue
[2024-04-21T21:05:16.216+0000] {logging_mixin.py:188} INFO - [2024-04-21T21:05:16.216+0000] {dagbag.py:540} INFO - Filling up the DagBag from /home/airflow/.local/lib/python3.9/site-packages/airflow/example_dags/example_dynamic_task_mapping.py
[2024-04-21T21:05:16.228+0000] {processor.py:840} INFO - DAG(s) 'example_dynamic_task_mapping' retrieved from /home/airflow/.local/lib/python3.9/site-packages/airflow/example_dags/example_dynamic_task_mapping.py
[2024-04-21T21:05:16.339+0000] {logging_mixin.py:188} INFO - [2024-04-21T21:05:16.338+0000] {dag.py:3047} INFO - Sync 1 DAGs
[2024-04-21T21:05:16.377+0000] {logging_mixin.py:188} INFO - [2024-04-21T21:05:16.377+0000] {dag.py:3834} INFO - Setting next_dagrun for example_dynamic_task_mapping to 2022-03-04 00:00:00+00:00, run_after=2022-03-05 00:00:00+00:00
[2024-04-21T21:05:16.413+0000] {processor.py:183} INFO - Processing /home/airflow/.local/lib/python3.9/site-packages/airflow/example_dags/example_dynamic_task_mapping.py took 0.206 seconds
[2024-04-21T21:05:47.689+0000] {processor.py:161} INFO - Started process (PID=230) to work on /home/airflow/.local/lib/python3.9/site-packages/airflow/example_dags/example_dynamic_task_mapping.py
[2024-04-21T21:05:47.691+0000] {processor.py:830} INFO - Processing file /home/airflow/.local/lib/python3.9/site-packages/airflow/example_dags/example_dynamic_task_mapping.py for tasks to queue
[2024-04-21T21:05:47.693+0000] {logging_mixin.py:188} INFO - [2024-04-21T21:05:47.693+0000] {dagbag.py:540} INFO - Filling up the DagBag from /home/airflow/.local/lib/python3.9/site-packages/airflow/example_dags/example_dynamic_task_mapping.py
[2024-04-21T21:05:47.702+0000] {processor.py:840} INFO - DAG(s) 'example_dynamic_task_mapping' retrieved from /home/airflow/.local/lib/python3.9/site-packages/airflow/example_dags/example_dynamic_task_mapping.py
[2024-04-21T21:05:47.776+0000] {logging_mixin.py:188} INFO - [2024-04-21T21:05:47.775+0000] {dag.py:3047} INFO - Sync 1 DAGs
[2024-04-21T21:05:47.809+0000] {logging_mixin.py:188} INFO - [2024-04-21T21:05:47.809+0000] {dag.py:3834} INFO - Setting next_dagrun for example_dynamic_task_mapping to 2022-03-04 00:00:00+00:00, run_after=2022-03-05 00:00:00+00:00
[2024-04-21T21:05:47.856+0000] {processor.py:183} INFO - Processing /home/airflow/.local/lib/python3.9/site-packages/airflow/example_dags/example_dynamic_task_mapping.py took 0.170 seconds
