[2024-04-21T19:52:08.082+0000] {processor.py:161} INFO - Started process (PID=83) to work on /home/airflow/.local/lib/python3.9/site-packages/airflow/example_dags/example_skip_dag.py
[2024-04-21T19:52:08.083+0000] {processor.py:830} INFO - Processing file /home/airflow/.local/lib/python3.9/site-packages/airflow/example_dags/example_skip_dag.py for tasks to queue
[2024-04-21T19:52:08.086+0000] {logging_mixin.py:188} INFO - [2024-04-21T19:52:08.085+0000] {dagbag.py:540} INFO - Filling up the DagBag from /home/airflow/.local/lib/python3.9/site-packages/airflow/example_dags/example_skip_dag.py
[2024-04-21T19:52:08.095+0000] {processor.py:840} INFO - DAG(s) 'example_skip_dag' retrieved from /home/airflow/.local/lib/python3.9/site-packages/airflow/example_dags/example_skip_dag.py
[2024-04-21T19:52:08.339+0000] {logging_mixin.py:188} INFO - [2024-04-21T19:52:08.339+0000] {dag.py:3047} INFO - Sync 1 DAGs
[2024-04-21T19:52:08.373+0000] {logging_mixin.py:188} INFO - [2024-04-21T19:52:08.373+0000] {dag.py:3834} INFO - Setting next_dagrun for example_skip_dag to 2024-04-20 00:00:00+00:00, run_after=2024-04-21 00:00:00+00:00
[2024-04-21T19:52:08.433+0000] {processor.py:183} INFO - Processing /home/airflow/.local/lib/python3.9/site-packages/airflow/example_dags/example_skip_dag.py took 0.356 seconds
[2024-04-21T19:52:39.190+0000] {processor.py:161} INFO - Started process (PID=140) to work on /home/airflow/.local/lib/python3.9/site-packages/airflow/example_dags/example_skip_dag.py
[2024-04-21T19:52:39.192+0000] {processor.py:830} INFO - Processing file /home/airflow/.local/lib/python3.9/site-packages/airflow/example_dags/example_skip_dag.py for tasks to queue
[2024-04-21T19:52:39.198+0000] {logging_mixin.py:188} INFO - [2024-04-21T19:52:39.197+0000] {dagbag.py:540} INFO - Filling up the DagBag from /home/airflow/.local/lib/python3.9/site-packages/airflow/example_dags/example_skip_dag.py
[2024-04-21T19:52:39.226+0000] {processor.py:840} INFO - DAG(s) 'example_skip_dag' retrieved from /home/airflow/.local/lib/python3.9/site-packages/airflow/example_dags/example_skip_dag.py
[2024-04-21T19:52:39.393+0000] {logging_mixin.py:188} INFO - [2024-04-21T19:52:39.392+0000] {dag.py:3047} INFO - Sync 1 DAGs
[2024-04-21T19:52:39.470+0000] {logging_mixin.py:188} INFO - [2024-04-21T19:52:39.470+0000] {dag.py:3834} INFO - Setting next_dagrun for example_skip_dag to 2024-04-20 00:00:00+00:00, run_after=2024-04-21 00:00:00+00:00
[2024-04-21T19:52:39.555+0000] {processor.py:183} INFO - Processing /home/airflow/.local/lib/python3.9/site-packages/airflow/example_dags/example_skip_dag.py took 0.371 seconds
[2024-04-21T19:53:10.263+0000] {processor.py:161} INFO - Started process (PID=197) to work on /home/airflow/.local/lib/python3.9/site-packages/airflow/example_dags/example_skip_dag.py
[2024-04-21T19:53:10.265+0000] {processor.py:830} INFO - Processing file /home/airflow/.local/lib/python3.9/site-packages/airflow/example_dags/example_skip_dag.py for tasks to queue
[2024-04-21T19:53:10.270+0000] {logging_mixin.py:188} INFO - [2024-04-21T19:53:10.269+0000] {dagbag.py:540} INFO - Filling up the DagBag from /home/airflow/.local/lib/python3.9/site-packages/airflow/example_dags/example_skip_dag.py
[2024-04-21T19:53:10.294+0000] {processor.py:840} INFO - DAG(s) 'example_skip_dag' retrieved from /home/airflow/.local/lib/python3.9/site-packages/airflow/example_dags/example_skip_dag.py
[2024-04-21T19:53:10.444+0000] {logging_mixin.py:188} INFO - [2024-04-21T19:53:10.444+0000] {dag.py:3047} INFO - Sync 1 DAGs
[2024-04-21T19:53:10.493+0000] {logging_mixin.py:188} INFO - [2024-04-21T19:53:10.493+0000] {dag.py:3834} INFO - Setting next_dagrun for example_skip_dag to 2024-04-20 00:00:00+00:00, run_after=2024-04-21 00:00:00+00:00
[2024-04-21T19:53:10.576+0000] {processor.py:183} INFO - Processing /home/airflow/.local/lib/python3.9/site-packages/airflow/example_dags/example_skip_dag.py took 0.319 seconds
[2024-04-21T19:53:40.739+0000] {processor.py:161} INFO - Started process (PID=257) to work on /home/airflow/.local/lib/python3.9/site-packages/airflow/example_dags/example_skip_dag.py
[2024-04-21T19:53:40.742+0000] {processor.py:830} INFO - Processing file /home/airflow/.local/lib/python3.9/site-packages/airflow/example_dags/example_skip_dag.py for tasks to queue
[2024-04-21T19:53:40.746+0000] {logging_mixin.py:188} INFO - [2024-04-21T19:53:40.745+0000] {dagbag.py:540} INFO - Filling up the DagBag from /home/airflow/.local/lib/python3.9/site-packages/airflow/example_dags/example_skip_dag.py
[2024-04-21T19:53:40.756+0000] {processor.py:840} INFO - DAG(s) 'example_skip_dag' retrieved from /home/airflow/.local/lib/python3.9/site-packages/airflow/example_dags/example_skip_dag.py
[2024-04-21T19:53:40.891+0000] {logging_mixin.py:188} INFO - [2024-04-21T19:53:40.890+0000] {dag.py:3047} INFO - Sync 1 DAGs
[2024-04-21T19:53:40.948+0000] {logging_mixin.py:188} INFO - [2024-04-21T19:53:40.947+0000] {dag.py:3834} INFO - Setting next_dagrun for example_skip_dag to 2024-04-20 00:00:00+00:00, run_after=2024-04-21 00:00:00+00:00
[2024-04-21T19:53:41.007+0000] {processor.py:183} INFO - Processing /home/airflow/.local/lib/python3.9/site-packages/airflow/example_dags/example_skip_dag.py took 0.274 seconds
[2024-04-21T19:54:37.433+0000] {processor.py:161} INFO - Started process (PID=77) to work on /home/airflow/.local/lib/python3.9/site-packages/airflow/example_dags/example_skip_dag.py
[2024-04-21T19:54:37.434+0000] {processor.py:830} INFO - Processing file /home/airflow/.local/lib/python3.9/site-packages/airflow/example_dags/example_skip_dag.py for tasks to queue
[2024-04-21T19:54:37.437+0000] {logging_mixin.py:188} INFO - [2024-04-21T19:54:37.436+0000] {dagbag.py:540} INFO - Filling up the DagBag from /home/airflow/.local/lib/python3.9/site-packages/airflow/example_dags/example_skip_dag.py
[2024-04-21T19:54:37.443+0000] {processor.py:840} INFO - DAG(s) 'example_skip_dag' retrieved from /home/airflow/.local/lib/python3.9/site-packages/airflow/example_dags/example_skip_dag.py
[2024-04-21T19:54:37.499+0000] {logging_mixin.py:188} INFO - [2024-04-21T19:54:37.498+0000] {dag.py:3047} INFO - Sync 1 DAGs
[2024-04-21T19:54:37.522+0000] {logging_mixin.py:188} INFO - [2024-04-21T19:54:37.522+0000] {dag.py:3834} INFO - Setting next_dagrun for example_skip_dag to 2024-04-20 00:00:00+00:00, run_after=2024-04-21 00:00:00+00:00
[2024-04-21T19:54:37.555+0000] {processor.py:183} INFO - Processing /home/airflow/.local/lib/python3.9/site-packages/airflow/example_dags/example_skip_dag.py took 0.125 seconds
[2024-04-21T19:55:23.024+0000] {processor.py:161} INFO - Started process (PID=144) to work on /home/airflow/.local/lib/python3.9/site-packages/airflow/example_dags/example_skip_dag.py
[2024-04-21T19:55:23.025+0000] {processor.py:830} INFO - Processing file /home/airflow/.local/lib/python3.9/site-packages/airflow/example_dags/example_skip_dag.py for tasks to queue
[2024-04-21T19:55:23.028+0000] {logging_mixin.py:188} INFO - [2024-04-21T19:55:23.027+0000] {dagbag.py:540} INFO - Filling up the DagBag from /home/airflow/.local/lib/python3.9/site-packages/airflow/example_dags/example_skip_dag.py
[2024-04-21T19:55:23.037+0000] {processor.py:840} INFO - DAG(s) 'example_skip_dag' retrieved from /home/airflow/.local/lib/python3.9/site-packages/airflow/example_dags/example_skip_dag.py
[2024-04-21T19:55:23.104+0000] {logging_mixin.py:188} INFO - [2024-04-21T19:55:23.103+0000] {dag.py:3047} INFO - Sync 1 DAGs
[2024-04-21T19:55:23.133+0000] {logging_mixin.py:188} INFO - [2024-04-21T19:55:23.132+0000] {dag.py:3834} INFO - Setting next_dagrun for example_skip_dag to 2024-04-20 00:00:00+00:00, run_after=2024-04-21 00:00:00+00:00
[2024-04-21T19:55:23.170+0000] {processor.py:183} INFO - Processing /home/airflow/.local/lib/python3.9/site-packages/airflow/example_dags/example_skip_dag.py took 0.150 seconds
[2024-04-21T19:59:02.961+0000] {processor.py:161} INFO - Started process (PID=218) to work on /home/airflow/.local/lib/python3.9/site-packages/airflow/example_dags/example_skip_dag.py
[2024-04-21T19:59:02.963+0000] {processor.py:830} INFO - Processing file /home/airflow/.local/lib/python3.9/site-packages/airflow/example_dags/example_skip_dag.py for tasks to queue
[2024-04-21T19:59:02.965+0000] {logging_mixin.py:188} INFO - [2024-04-21T19:59:02.964+0000] {dagbag.py:540} INFO - Filling up the DagBag from /home/airflow/.local/lib/python3.9/site-packages/airflow/example_dags/example_skip_dag.py
[2024-04-21T19:59:02.975+0000] {processor.py:840} INFO - DAG(s) 'example_skip_dag' retrieved from /home/airflow/.local/lib/python3.9/site-packages/airflow/example_dags/example_skip_dag.py
[2024-04-21T19:59:03.053+0000] {logging_mixin.py:188} INFO - [2024-04-21T19:59:03.053+0000] {dag.py:3047} INFO - Sync 1 DAGs
[2024-04-21T19:59:03.083+0000] {logging_mixin.py:188} INFO - [2024-04-21T19:59:03.082+0000] {dag.py:3834} INFO - Setting next_dagrun for example_skip_dag to 2024-04-20 00:00:00+00:00, run_after=2024-04-21 00:00:00+00:00
[2024-04-21T19:59:03.122+0000] {processor.py:183} INFO - Processing /home/airflow/.local/lib/python3.9/site-packages/airflow/example_dags/example_skip_dag.py took 0.165 seconds
[2024-04-21T20:03:13.711+0000] {processor.py:161} INFO - Started process (PID=290) to work on /home/airflow/.local/lib/python3.9/site-packages/airflow/example_dags/example_skip_dag.py
[2024-04-21T20:03:13.712+0000] {processor.py:830} INFO - Processing file /home/airflow/.local/lib/python3.9/site-packages/airflow/example_dags/example_skip_dag.py for tasks to queue
[2024-04-21T20:03:13.714+0000] {logging_mixin.py:188} INFO - [2024-04-21T20:03:13.713+0000] {dagbag.py:540} INFO - Filling up the DagBag from /home/airflow/.local/lib/python3.9/site-packages/airflow/example_dags/example_skip_dag.py
[2024-04-21T20:03:13.720+0000] {processor.py:840} INFO - DAG(s) 'example_skip_dag' retrieved from /home/airflow/.local/lib/python3.9/site-packages/airflow/example_dags/example_skip_dag.py
[2024-04-21T20:03:13.783+0000] {logging_mixin.py:188} INFO - [2024-04-21T20:03:13.782+0000] {dag.py:3047} INFO - Sync 1 DAGs
[2024-04-21T20:03:13.805+0000] {logging_mixin.py:188} INFO - [2024-04-21T20:03:13.805+0000] {dag.py:3834} INFO - Setting next_dagrun for example_skip_dag to 2024-04-20 00:00:00+00:00, run_after=2024-04-21 00:00:00+00:00
[2024-04-21T20:03:13.840+0000] {processor.py:183} INFO - Processing /home/airflow/.local/lib/python3.9/site-packages/airflow/example_dags/example_skip_dag.py took 0.132 seconds
[2024-04-21T20:04:22.854+0000] {processor.py:161} INFO - Started process (PID=357) to work on /home/airflow/.local/lib/python3.9/site-packages/airflow/example_dags/example_skip_dag.py
[2024-04-21T20:04:22.856+0000] {processor.py:830} INFO - Processing file /home/airflow/.local/lib/python3.9/site-packages/airflow/example_dags/example_skip_dag.py for tasks to queue
[2024-04-21T20:04:22.857+0000] {logging_mixin.py:188} INFO - [2024-04-21T20:04:22.857+0000] {dagbag.py:540} INFO - Filling up the DagBag from /home/airflow/.local/lib/python3.9/site-packages/airflow/example_dags/example_skip_dag.py
[2024-04-21T20:04:22.863+0000] {processor.py:840} INFO - DAG(s) 'example_skip_dag' retrieved from /home/airflow/.local/lib/python3.9/site-packages/airflow/example_dags/example_skip_dag.py
[2024-04-21T20:04:22.920+0000] {logging_mixin.py:188} INFO - [2024-04-21T20:04:22.920+0000] {dag.py:3047} INFO - Sync 1 DAGs
[2024-04-21T20:04:22.942+0000] {logging_mixin.py:188} INFO - [2024-04-21T20:04:22.942+0000] {dag.py:3834} INFO - Setting next_dagrun for example_skip_dag to 2024-04-20 00:00:00+00:00, run_after=2024-04-21 00:00:00+00:00
[2024-04-21T20:04:22.975+0000] {processor.py:183} INFO - Processing /home/airflow/.local/lib/python3.9/site-packages/airflow/example_dags/example_skip_dag.py took 0.124 seconds
[2024-04-21T20:04:54.416+0000] {processor.py:161} INFO - Started process (PID=414) to work on /home/airflow/.local/lib/python3.9/site-packages/airflow/example_dags/example_skip_dag.py
[2024-04-21T20:04:54.418+0000] {processor.py:830} INFO - Processing file /home/airflow/.local/lib/python3.9/site-packages/airflow/example_dags/example_skip_dag.py for tasks to queue
[2024-04-21T20:04:54.420+0000] {logging_mixin.py:188} INFO - [2024-04-21T20:04:54.419+0000] {dagbag.py:540} INFO - Filling up the DagBag from /home/airflow/.local/lib/python3.9/site-packages/airflow/example_dags/example_skip_dag.py
[2024-04-21T20:04:54.429+0000] {processor.py:840} INFO - DAG(s) 'example_skip_dag' retrieved from /home/airflow/.local/lib/python3.9/site-packages/airflow/example_dags/example_skip_dag.py
[2024-04-21T20:04:54.509+0000] {logging_mixin.py:188} INFO - [2024-04-21T20:04:54.509+0000] {dag.py:3047} INFO - Sync 1 DAGs
[2024-04-21T20:04:54.544+0000] {logging_mixin.py:188} INFO - [2024-04-21T20:04:54.543+0000] {dag.py:3834} INFO - Setting next_dagrun for example_skip_dag to 2024-04-20 00:00:00+00:00, run_after=2024-04-21 00:00:00+00:00
[2024-04-21T20:04:54.590+0000] {processor.py:183} INFO - Processing /home/airflow/.local/lib/python3.9/site-packages/airflow/example_dags/example_skip_dag.py took 0.178 seconds
[2024-04-21T20:05:24.858+0000] {processor.py:161} INFO - Started process (PID=471) to work on /home/airflow/.local/lib/python3.9/site-packages/airflow/example_dags/example_skip_dag.py
[2024-04-21T20:05:24.860+0000] {processor.py:830} INFO - Processing file /home/airflow/.local/lib/python3.9/site-packages/airflow/example_dags/example_skip_dag.py for tasks to queue
[2024-04-21T20:05:24.862+0000] {logging_mixin.py:188} INFO - [2024-04-21T20:05:24.862+0000] {dagbag.py:540} INFO - Filling up the DagBag from /home/airflow/.local/lib/python3.9/site-packages/airflow/example_dags/example_skip_dag.py
[2024-04-21T20:05:24.873+0000] {processor.py:840} INFO - DAG(s) 'example_skip_dag' retrieved from /home/airflow/.local/lib/python3.9/site-packages/airflow/example_dags/example_skip_dag.py
[2024-04-21T20:05:24.991+0000] {logging_mixin.py:188} INFO - [2024-04-21T20:05:24.991+0000] {dag.py:3047} INFO - Sync 1 DAGs
[2024-04-21T20:05:25.033+0000] {logging_mixin.py:188} INFO - [2024-04-21T20:05:25.033+0000] {dag.py:3834} INFO - Setting next_dagrun for example_skip_dag to 2024-04-20 00:00:00+00:00, run_after=2024-04-21 00:00:00+00:00
[2024-04-21T20:05:25.087+0000] {processor.py:183} INFO - Processing /home/airflow/.local/lib/python3.9/site-packages/airflow/example_dags/example_skip_dag.py took 0.235 seconds
[2024-04-21T20:05:57.197+0000] {processor.py:161} INFO - Started process (PID=528) to work on /home/airflow/.local/lib/python3.9/site-packages/airflow/example_dags/example_skip_dag.py
[2024-04-21T20:05:57.199+0000] {processor.py:830} INFO - Processing file /home/airflow/.local/lib/python3.9/site-packages/airflow/example_dags/example_skip_dag.py for tasks to queue
[2024-04-21T20:05:57.201+0000] {logging_mixin.py:188} INFO - [2024-04-21T20:05:57.201+0000] {dagbag.py:540} INFO - Filling up the DagBag from /home/airflow/.local/lib/python3.9/site-packages/airflow/example_dags/example_skip_dag.py
[2024-04-21T20:05:57.212+0000] {processor.py:840} INFO - DAG(s) 'example_skip_dag' retrieved from /home/airflow/.local/lib/python3.9/site-packages/airflow/example_dags/example_skip_dag.py
[2024-04-21T20:05:57.345+0000] {logging_mixin.py:188} INFO - [2024-04-21T20:05:57.344+0000] {dag.py:3047} INFO - Sync 1 DAGs
[2024-04-21T20:05:57.405+0000] {logging_mixin.py:188} INFO - [2024-04-21T20:05:57.404+0000] {dag.py:3834} INFO - Setting next_dagrun for example_skip_dag to 2024-04-20 00:00:00+00:00, run_after=2024-04-21 00:00:00+00:00
[2024-04-21T20:05:57.535+0000] {processor.py:183} INFO - Processing /home/airflow/.local/lib/python3.9/site-packages/airflow/example_dags/example_skip_dag.py took 0.346 seconds
[2024-04-21T20:06:50.019+0000] {processor.py:161} INFO - Started process (PID=591) to work on /home/airflow/.local/lib/python3.9/site-packages/airflow/example_dags/example_skip_dag.py
[2024-04-21T20:06:50.022+0000] {processor.py:830} INFO - Processing file /home/airflow/.local/lib/python3.9/site-packages/airflow/example_dags/example_skip_dag.py for tasks to queue
[2024-04-21T20:06:50.025+0000] {logging_mixin.py:188} INFO - [2024-04-21T20:06:50.024+0000] {dagbag.py:540} INFO - Filling up the DagBag from /home/airflow/.local/lib/python3.9/site-packages/airflow/example_dags/example_skip_dag.py
[2024-04-21T20:06:50.036+0000] {processor.py:840} INFO - DAG(s) 'example_skip_dag' retrieved from /home/airflow/.local/lib/python3.9/site-packages/airflow/example_dags/example_skip_dag.py
[2024-04-21T20:06:50.105+0000] {logging_mixin.py:188} INFO - [2024-04-21T20:06:50.104+0000] {dag.py:3047} INFO - Sync 1 DAGs
[2024-04-21T20:06:50.132+0000] {logging_mixin.py:188} INFO - [2024-04-21T20:06:50.131+0000] {dag.py:3834} INFO - Setting next_dagrun for example_skip_dag to 2024-04-20 00:00:00+00:00, run_after=2024-04-21 00:00:00+00:00
[2024-04-21T20:06:50.169+0000] {processor.py:183} INFO - Processing /home/airflow/.local/lib/python3.9/site-packages/airflow/example_dags/example_skip_dag.py took 0.158 seconds
[2024-04-21T20:07:21.652+0000] {processor.py:161} INFO - Started process (PID=649) to work on /home/airflow/.local/lib/python3.9/site-packages/airflow/example_dags/example_skip_dag.py
[2024-04-21T20:07:21.654+0000] {processor.py:830} INFO - Processing file /home/airflow/.local/lib/python3.9/site-packages/airflow/example_dags/example_skip_dag.py for tasks to queue
[2024-04-21T20:07:21.656+0000] {logging_mixin.py:188} INFO - [2024-04-21T20:07:21.655+0000] {dagbag.py:540} INFO - Filling up the DagBag from /home/airflow/.local/lib/python3.9/site-packages/airflow/example_dags/example_skip_dag.py
[2024-04-21T20:07:21.672+0000] {processor.py:840} INFO - DAG(s) 'example_skip_dag' retrieved from /home/airflow/.local/lib/python3.9/site-packages/airflow/example_dags/example_skip_dag.py
[2024-04-21T20:07:22.218+0000] {logging_mixin.py:188} INFO - [2024-04-21T20:07:22.210+0000] {dag.py:3047} INFO - Sync 1 DAGs
[2024-04-21T20:07:22.278+0000] {logging_mixin.py:188} INFO - [2024-04-21T20:07:22.278+0000] {dag.py:3834} INFO - Setting next_dagrun for example_skip_dag to 2024-04-20 00:00:00+00:00, run_after=2024-04-21 00:00:00+00:00
[2024-04-21T20:07:22.331+0000] {processor.py:183} INFO - Processing /home/airflow/.local/lib/python3.9/site-packages/airflow/example_dags/example_skip_dag.py took 0.687 seconds
[2024-04-21T20:07:52.417+0000] {processor.py:161} INFO - Started process (PID=706) to work on /home/airflow/.local/lib/python3.9/site-packages/airflow/example_dags/example_skip_dag.py
[2024-04-21T20:07:52.418+0000] {processor.py:830} INFO - Processing file /home/airflow/.local/lib/python3.9/site-packages/airflow/example_dags/example_skip_dag.py for tasks to queue
[2024-04-21T20:07:52.420+0000] {logging_mixin.py:188} INFO - [2024-04-21T20:07:52.420+0000] {dagbag.py:540} INFO - Filling up the DagBag from /home/airflow/.local/lib/python3.9/site-packages/airflow/example_dags/example_skip_dag.py
[2024-04-21T20:07:52.430+0000] {processor.py:840} INFO - DAG(s) 'example_skip_dag' retrieved from /home/airflow/.local/lib/python3.9/site-packages/airflow/example_dags/example_skip_dag.py
[2024-04-21T20:07:52.506+0000] {logging_mixin.py:188} INFO - [2024-04-21T20:07:52.506+0000] {dag.py:3047} INFO - Sync 1 DAGs
[2024-04-21T20:07:52.533+0000] {logging_mixin.py:188} INFO - [2024-04-21T20:07:52.532+0000] {dag.py:3834} INFO - Setting next_dagrun for example_skip_dag to 2024-04-20 00:00:00+00:00, run_after=2024-04-21 00:00:00+00:00
[2024-04-21T20:07:52.571+0000] {processor.py:183} INFO - Processing /home/airflow/.local/lib/python3.9/site-packages/airflow/example_dags/example_skip_dag.py took 0.158 seconds
[2024-04-21T20:08:24.356+0000] {processor.py:161} INFO - Started process (PID=762) to work on /home/airflow/.local/lib/python3.9/site-packages/airflow/example_dags/example_skip_dag.py
[2024-04-21T20:08:24.358+0000] {processor.py:830} INFO - Processing file /home/airflow/.local/lib/python3.9/site-packages/airflow/example_dags/example_skip_dag.py for tasks to queue
[2024-04-21T20:08:24.360+0000] {logging_mixin.py:188} INFO - [2024-04-21T20:08:24.359+0000] {dagbag.py:540} INFO - Filling up the DagBag from /home/airflow/.local/lib/python3.9/site-packages/airflow/example_dags/example_skip_dag.py
[2024-04-21T20:08:24.368+0000] {processor.py:840} INFO - DAG(s) 'example_skip_dag' retrieved from /home/airflow/.local/lib/python3.9/site-packages/airflow/example_dags/example_skip_dag.py
[2024-04-21T20:08:24.429+0000] {logging_mixin.py:188} INFO - [2024-04-21T20:08:24.428+0000] {dag.py:3047} INFO - Sync 1 DAGs
[2024-04-21T20:08:24.450+0000] {logging_mixin.py:188} INFO - [2024-04-21T20:08:24.450+0000] {dag.py:3834} INFO - Setting next_dagrun for example_skip_dag to 2024-04-20 00:00:00+00:00, run_after=2024-04-21 00:00:00+00:00
[2024-04-21T20:08:24.487+0000] {processor.py:183} INFO - Processing /home/airflow/.local/lib/python3.9/site-packages/airflow/example_dags/example_skip_dag.py took 0.136 seconds
[2024-04-21T20:10:06.971+0000] {processor.py:161} INFO - Started process (PID=833) to work on /home/airflow/.local/lib/python3.9/site-packages/airflow/example_dags/example_skip_dag.py
[2024-04-21T20:10:06.973+0000] {processor.py:830} INFO - Processing file /home/airflow/.local/lib/python3.9/site-packages/airflow/example_dags/example_skip_dag.py for tasks to queue
[2024-04-21T20:10:06.974+0000] {logging_mixin.py:188} INFO - [2024-04-21T20:10:06.974+0000] {dagbag.py:540} INFO - Filling up the DagBag from /home/airflow/.local/lib/python3.9/site-packages/airflow/example_dags/example_skip_dag.py
[2024-04-21T20:10:06.979+0000] {processor.py:840} INFO - DAG(s) 'example_skip_dag' retrieved from /home/airflow/.local/lib/python3.9/site-packages/airflow/example_dags/example_skip_dag.py
[2024-04-21T20:10:07.040+0000] {logging_mixin.py:188} INFO - [2024-04-21T20:10:07.040+0000] {dag.py:3047} INFO - Sync 1 DAGs
[2024-04-21T20:10:07.064+0000] {logging_mixin.py:188} INFO - [2024-04-21T20:10:07.064+0000] {dag.py:3834} INFO - Setting next_dagrun for example_skip_dag to 2024-04-20 00:00:00+00:00, run_after=2024-04-21 00:00:00+00:00
[2024-04-21T20:10:07.100+0000] {processor.py:183} INFO - Processing /home/airflow/.local/lib/python3.9/site-packages/airflow/example_dags/example_skip_dag.py took 0.132 seconds
[2024-04-21T20:10:42.094+0000] {processor.py:161} INFO - Started process (PID=890) to work on /home/airflow/.local/lib/python3.9/site-packages/airflow/example_dags/example_skip_dag.py
[2024-04-21T20:10:42.098+0000] {processor.py:830} INFO - Processing file /home/airflow/.local/lib/python3.9/site-packages/airflow/example_dags/example_skip_dag.py for tasks to queue
[2024-04-21T20:10:42.100+0000] {logging_mixin.py:188} INFO - [2024-04-21T20:10:42.099+0000] {dagbag.py:540} INFO - Filling up the DagBag from /home/airflow/.local/lib/python3.9/site-packages/airflow/example_dags/example_skip_dag.py
[2024-04-21T20:10:42.119+0000] {processor.py:840} INFO - DAG(s) 'example_skip_dag' retrieved from /home/airflow/.local/lib/python3.9/site-packages/airflow/example_dags/example_skip_dag.py
[2024-04-21T20:10:42.667+0000] {logging_mixin.py:188} INFO - [2024-04-21T20:10:42.663+0000] {dag.py:3047} INFO - Sync 1 DAGs
[2024-04-21T20:10:42.700+0000] {logging_mixin.py:188} INFO - [2024-04-21T20:10:42.699+0000] {dag.py:3834} INFO - Setting next_dagrun for example_skip_dag to 2024-04-20 00:00:00+00:00, run_after=2024-04-21 00:00:00+00:00
[2024-04-21T20:10:42.765+0000] {processor.py:183} INFO - Processing /home/airflow/.local/lib/python3.9/site-packages/airflow/example_dags/example_skip_dag.py took 0.679 seconds
[2024-04-21T20:11:13.458+0000] {processor.py:161} INFO - Started process (PID=949) to work on /home/airflow/.local/lib/python3.9/site-packages/airflow/example_dags/example_skip_dag.py
[2024-04-21T20:11:13.462+0000] {processor.py:830} INFO - Processing file /home/airflow/.local/lib/python3.9/site-packages/airflow/example_dags/example_skip_dag.py for tasks to queue
[2024-04-21T20:11:13.468+0000] {logging_mixin.py:188} INFO - [2024-04-21T20:11:13.467+0000] {dagbag.py:540} INFO - Filling up the DagBag from /home/airflow/.local/lib/python3.9/site-packages/airflow/example_dags/example_skip_dag.py
[2024-04-21T20:11:13.486+0000] {processor.py:840} INFO - DAG(s) 'example_skip_dag' retrieved from /home/airflow/.local/lib/python3.9/site-packages/airflow/example_dags/example_skip_dag.py
[2024-04-21T20:11:13.777+0000] {logging_mixin.py:188} INFO - [2024-04-21T20:11:13.775+0000] {dag.py:3047} INFO - Sync 1 DAGs
[2024-04-21T20:11:13.893+0000] {logging_mixin.py:188} INFO - [2024-04-21T20:11:13.893+0000] {dag.py:3834} INFO - Setting next_dagrun for example_skip_dag to 2024-04-20 00:00:00+00:00, run_after=2024-04-21 00:00:00+00:00
[2024-04-21T20:11:13.949+0000] {processor.py:183} INFO - Processing /home/airflow/.local/lib/python3.9/site-packages/airflow/example_dags/example_skip_dag.py took 0.508 seconds
[2024-04-21T20:14:25.423+0000] {processor.py:161} INFO - Started process (PID=77) to work on /home/airflow/.local/lib/python3.9/site-packages/airflow/example_dags/example_skip_dag.py
[2024-04-21T20:14:25.424+0000] {processor.py:830} INFO - Processing file /home/airflow/.local/lib/python3.9/site-packages/airflow/example_dags/example_skip_dag.py for tasks to queue
[2024-04-21T20:14:25.426+0000] {logging_mixin.py:188} INFO - [2024-04-21T20:14:25.426+0000] {dagbag.py:540} INFO - Filling up the DagBag from /home/airflow/.local/lib/python3.9/site-packages/airflow/example_dags/example_skip_dag.py
[2024-04-21T20:14:25.434+0000] {processor.py:840} INFO - DAG(s) 'example_skip_dag' retrieved from /home/airflow/.local/lib/python3.9/site-packages/airflow/example_dags/example_skip_dag.py
[2024-04-21T20:14:25.589+0000] {logging_mixin.py:188} INFO - [2024-04-21T20:14:25.589+0000] {dag.py:3047} INFO - Sync 1 DAGs
[2024-04-21T20:14:25.614+0000] {logging_mixin.py:188} INFO - [2024-04-21T20:14:25.613+0000] {dag.py:3834} INFO - Setting next_dagrun for example_skip_dag to 2024-04-20 00:00:00+00:00, run_after=2024-04-21 00:00:00+00:00
[2024-04-21T20:14:25.656+0000] {processor.py:183} INFO - Processing /home/airflow/.local/lib/python3.9/site-packages/airflow/example_dags/example_skip_dag.py took 0.237 seconds
[2024-04-21T20:14:56.586+0000] {processor.py:161} INFO - Started process (PID=135) to work on /home/airflow/.local/lib/python3.9/site-packages/airflow/example_dags/example_skip_dag.py
[2024-04-21T20:14:56.589+0000] {processor.py:830} INFO - Processing file /home/airflow/.local/lib/python3.9/site-packages/airflow/example_dags/example_skip_dag.py for tasks to queue
[2024-04-21T20:14:56.593+0000] {logging_mixin.py:188} INFO - [2024-04-21T20:14:56.593+0000] {dagbag.py:540} INFO - Filling up the DagBag from /home/airflow/.local/lib/python3.9/site-packages/airflow/example_dags/example_skip_dag.py
[2024-04-21T20:14:56.602+0000] {processor.py:840} INFO - DAG(s) 'example_skip_dag' retrieved from /home/airflow/.local/lib/python3.9/site-packages/airflow/example_dags/example_skip_dag.py
[2024-04-21T20:14:56.746+0000] {logging_mixin.py:188} INFO - [2024-04-21T20:14:56.746+0000] {dag.py:3047} INFO - Sync 1 DAGs
[2024-04-21T20:14:56.780+0000] {logging_mixin.py:188} INFO - [2024-04-21T20:14:56.780+0000] {dag.py:3834} INFO - Setting next_dagrun for example_skip_dag to 2024-04-20 00:00:00+00:00, run_after=2024-04-21 00:00:00+00:00
[2024-04-21T20:14:56.850+0000] {processor.py:183} INFO - Processing /home/airflow/.local/lib/python3.9/site-packages/airflow/example_dags/example_skip_dag.py took 0.269 seconds
[2024-04-21T20:15:27.494+0000] {processor.py:161} INFO - Started process (PID=192) to work on /home/airflow/.local/lib/python3.9/site-packages/airflow/example_dags/example_skip_dag.py
[2024-04-21T20:15:27.495+0000] {processor.py:830} INFO - Processing file /home/airflow/.local/lib/python3.9/site-packages/airflow/example_dags/example_skip_dag.py for tasks to queue
[2024-04-21T20:15:27.497+0000] {logging_mixin.py:188} INFO - [2024-04-21T20:15:27.497+0000] {dagbag.py:540} INFO - Filling up the DagBag from /home/airflow/.local/lib/python3.9/site-packages/airflow/example_dags/example_skip_dag.py
[2024-04-21T20:15:27.504+0000] {processor.py:840} INFO - DAG(s) 'example_skip_dag' retrieved from /home/airflow/.local/lib/python3.9/site-packages/airflow/example_dags/example_skip_dag.py
[2024-04-21T20:15:27.567+0000] {logging_mixin.py:188} INFO - [2024-04-21T20:15:27.567+0000] {dag.py:3047} INFO - Sync 1 DAGs
[2024-04-21T20:15:27.591+0000] {logging_mixin.py:188} INFO - [2024-04-21T20:15:27.591+0000] {dag.py:3834} INFO - Setting next_dagrun for example_skip_dag to 2024-04-20 00:00:00+00:00, run_after=2024-04-21 00:00:00+00:00
[2024-04-21T20:15:27.627+0000] {processor.py:183} INFO - Processing /home/airflow/.local/lib/python3.9/site-packages/airflow/example_dags/example_skip_dag.py took 0.136 seconds
[2024-04-21T20:16:19.678+0000] {processor.py:161} INFO - Started process (PID=77) to work on /home/airflow/.local/lib/python3.9/site-packages/airflow/example_dags/example_skip_dag.py
[2024-04-21T20:16:19.679+0000] {processor.py:830} INFO - Processing file /home/airflow/.local/lib/python3.9/site-packages/airflow/example_dags/example_skip_dag.py for tasks to queue
[2024-04-21T20:16:19.683+0000] {logging_mixin.py:188} INFO - [2024-04-21T20:16:19.682+0000] {dagbag.py:540} INFO - Filling up the DagBag from /home/airflow/.local/lib/python3.9/site-packages/airflow/example_dags/example_skip_dag.py
[2024-04-21T20:16:19.691+0000] {processor.py:840} INFO - DAG(s) 'example_skip_dag' retrieved from /home/airflow/.local/lib/python3.9/site-packages/airflow/example_dags/example_skip_dag.py
[2024-04-21T20:16:19.760+0000] {logging_mixin.py:188} INFO - [2024-04-21T20:16:19.760+0000] {dag.py:3047} INFO - Sync 1 DAGs
[2024-04-21T20:16:19.789+0000] {logging_mixin.py:188} INFO - [2024-04-21T20:16:19.789+0000] {dag.py:3834} INFO - Setting next_dagrun for example_skip_dag to 2024-04-20 00:00:00+00:00, run_after=2024-04-21 00:00:00+00:00
[2024-04-21T20:16:19.828+0000] {processor.py:183} INFO - Processing /home/airflow/.local/lib/python3.9/site-packages/airflow/example_dags/example_skip_dag.py took 0.154 seconds
[2024-04-21T20:16:50.491+0000] {processor.py:161} INFO - Started process (PID=134) to work on /home/airflow/.local/lib/python3.9/site-packages/airflow/example_dags/example_skip_dag.py
[2024-04-21T20:16:50.493+0000] {processor.py:830} INFO - Processing file /home/airflow/.local/lib/python3.9/site-packages/airflow/example_dags/example_skip_dag.py for tasks to queue
[2024-04-21T20:16:50.495+0000] {logging_mixin.py:188} INFO - [2024-04-21T20:16:50.495+0000] {dagbag.py:540} INFO - Filling up the DagBag from /home/airflow/.local/lib/python3.9/site-packages/airflow/example_dags/example_skip_dag.py
[2024-04-21T20:16:50.502+0000] {processor.py:840} INFO - DAG(s) 'example_skip_dag' retrieved from /home/airflow/.local/lib/python3.9/site-packages/airflow/example_dags/example_skip_dag.py
[2024-04-21T20:16:50.562+0000] {logging_mixin.py:188} INFO - [2024-04-21T20:16:50.562+0000] {dag.py:3047} INFO - Sync 1 DAGs
[2024-04-21T20:16:50.584+0000] {logging_mixin.py:188} INFO - [2024-04-21T20:16:50.584+0000] {dag.py:3834} INFO - Setting next_dagrun for example_skip_dag to 2024-04-20 00:00:00+00:00, run_after=2024-04-21 00:00:00+00:00
[2024-04-21T20:16:50.620+0000] {processor.py:183} INFO - Processing /home/airflow/.local/lib/python3.9/site-packages/airflow/example_dags/example_skip_dag.py took 0.132 seconds
[2024-04-21T20:17:21.300+0000] {processor.py:161} INFO - Started process (PID=191) to work on /home/airflow/.local/lib/python3.9/site-packages/airflow/example_dags/example_skip_dag.py
[2024-04-21T20:17:21.302+0000] {processor.py:830} INFO - Processing file /home/airflow/.local/lib/python3.9/site-packages/airflow/example_dags/example_skip_dag.py for tasks to queue
[2024-04-21T20:17:21.304+0000] {logging_mixin.py:188} INFO - [2024-04-21T20:17:21.304+0000] {dagbag.py:540} INFO - Filling up the DagBag from /home/airflow/.local/lib/python3.9/site-packages/airflow/example_dags/example_skip_dag.py
[2024-04-21T20:17:21.311+0000] {processor.py:840} INFO - DAG(s) 'example_skip_dag' retrieved from /home/airflow/.local/lib/python3.9/site-packages/airflow/example_dags/example_skip_dag.py
[2024-04-21T20:17:21.369+0000] {logging_mixin.py:188} INFO - [2024-04-21T20:17:21.369+0000] {dag.py:3047} INFO - Sync 1 DAGs
[2024-04-21T20:17:21.394+0000] {logging_mixin.py:188} INFO - [2024-04-21T20:17:21.394+0000] {dag.py:3834} INFO - Setting next_dagrun for example_skip_dag to 2024-04-20 00:00:00+00:00, run_after=2024-04-21 00:00:00+00:00
[2024-04-21T20:17:21.428+0000] {processor.py:183} INFO - Processing /home/airflow/.local/lib/python3.9/site-packages/airflow/example_dags/example_skip_dag.py took 0.131 seconds
[2024-04-21T20:17:51.911+0000] {processor.py:161} INFO - Started process (PID=247) to work on /home/airflow/.local/lib/python3.9/site-packages/airflow/example_dags/example_skip_dag.py
[2024-04-21T20:17:51.913+0000] {processor.py:830} INFO - Processing file /home/airflow/.local/lib/python3.9/site-packages/airflow/example_dags/example_skip_dag.py for tasks to queue
[2024-04-21T20:17:51.915+0000] {logging_mixin.py:188} INFO - [2024-04-21T20:17:51.914+0000] {dagbag.py:540} INFO - Filling up the DagBag from /home/airflow/.local/lib/python3.9/site-packages/airflow/example_dags/example_skip_dag.py
[2024-04-21T20:17:51.922+0000] {processor.py:840} INFO - DAG(s) 'example_skip_dag' retrieved from /home/airflow/.local/lib/python3.9/site-packages/airflow/example_dags/example_skip_dag.py
[2024-04-21T20:17:51.983+0000] {logging_mixin.py:188} INFO - [2024-04-21T20:17:51.983+0000] {dag.py:3047} INFO - Sync 1 DAGs
[2024-04-21T20:17:52.010+0000] {logging_mixin.py:188} INFO - [2024-04-21T20:17:52.009+0000] {dag.py:3834} INFO - Setting next_dagrun for example_skip_dag to 2024-04-20 00:00:00+00:00, run_after=2024-04-21 00:00:00+00:00
[2024-04-21T20:17:52.042+0000] {processor.py:183} INFO - Processing /home/airflow/.local/lib/python3.9/site-packages/airflow/example_dags/example_skip_dag.py took 0.134 seconds
[2024-04-21T20:18:22.099+0000] {processor.py:161} INFO - Started process (PID=304) to work on /home/airflow/.local/lib/python3.9/site-packages/airflow/example_dags/example_skip_dag.py
[2024-04-21T20:18:22.100+0000] {processor.py:830} INFO - Processing file /home/airflow/.local/lib/python3.9/site-packages/airflow/example_dags/example_skip_dag.py for tasks to queue
[2024-04-21T20:18:22.102+0000] {logging_mixin.py:188} INFO - [2024-04-21T20:18:22.102+0000] {dagbag.py:540} INFO - Filling up the DagBag from /home/airflow/.local/lib/python3.9/site-packages/airflow/example_dags/example_skip_dag.py
[2024-04-21T20:18:22.109+0000] {processor.py:840} INFO - DAG(s) 'example_skip_dag' retrieved from /home/airflow/.local/lib/python3.9/site-packages/airflow/example_dags/example_skip_dag.py
[2024-04-21T20:18:22.167+0000] {logging_mixin.py:188} INFO - [2024-04-21T20:18:22.167+0000] {dag.py:3047} INFO - Sync 1 DAGs
[2024-04-21T20:18:22.194+0000] {logging_mixin.py:188} INFO - [2024-04-21T20:18:22.194+0000] {dag.py:3834} INFO - Setting next_dagrun for example_skip_dag to 2024-04-20 00:00:00+00:00, run_after=2024-04-21 00:00:00+00:00
[2024-04-21T20:18:22.231+0000] {processor.py:183} INFO - Processing /home/airflow/.local/lib/python3.9/site-packages/airflow/example_dags/example_skip_dag.py took 0.132 seconds
[2024-04-21T20:18:53.902+0000] {processor.py:161} INFO - Started process (PID=361) to work on /home/airflow/.local/lib/python3.9/site-packages/airflow/example_dags/example_skip_dag.py
[2024-04-21T20:18:53.903+0000] {processor.py:830} INFO - Processing file /home/airflow/.local/lib/python3.9/site-packages/airflow/example_dags/example_skip_dag.py for tasks to queue
[2024-04-21T20:18:53.905+0000] {logging_mixin.py:188} INFO - [2024-04-21T20:18:53.905+0000] {dagbag.py:540} INFO - Filling up the DagBag from /home/airflow/.local/lib/python3.9/site-packages/airflow/example_dags/example_skip_dag.py
[2024-04-21T20:18:53.913+0000] {processor.py:840} INFO - DAG(s) 'example_skip_dag' retrieved from /home/airflow/.local/lib/python3.9/site-packages/airflow/example_dags/example_skip_dag.py
[2024-04-21T20:18:53.986+0000] {logging_mixin.py:188} INFO - [2024-04-21T20:18:53.986+0000] {dag.py:3047} INFO - Sync 1 DAGs
[2024-04-21T20:18:54.034+0000] {logging_mixin.py:188} INFO - [2024-04-21T20:18:54.034+0000] {dag.py:3834} INFO - Setting next_dagrun for example_skip_dag to 2024-04-20 00:00:00+00:00, run_after=2024-04-21 00:00:00+00:00
[2024-04-21T20:18:54.067+0000] {processor.py:183} INFO - Processing /home/airflow/.local/lib/python3.9/site-packages/airflow/example_dags/example_skip_dag.py took 0.168 seconds
[2024-04-21T20:32:57.919+0000] {processor.py:161} INFO - Started process (PID=79) to work on /home/airflow/.local/lib/python3.9/site-packages/airflow/example_dags/example_skip_dag.py
[2024-04-21T20:32:57.921+0000] {processor.py:830} INFO - Processing file /home/airflow/.local/lib/python3.9/site-packages/airflow/example_dags/example_skip_dag.py for tasks to queue
[2024-04-21T20:32:57.923+0000] {logging_mixin.py:188} INFO - [2024-04-21T20:32:57.922+0000] {dagbag.py:540} INFO - Filling up the DagBag from /home/airflow/.local/lib/python3.9/site-packages/airflow/example_dags/example_skip_dag.py
[2024-04-21T20:32:57.930+0000] {processor.py:840} INFO - DAG(s) 'example_skip_dag' retrieved from /home/airflow/.local/lib/python3.9/site-packages/airflow/example_dags/example_skip_dag.py
[2024-04-21T20:32:58.111+0000] {logging_mixin.py:188} INFO - [2024-04-21T20:32:58.110+0000] {dag.py:3047} INFO - Sync 1 DAGs
[2024-04-21T20:32:58.157+0000] {logging_mixin.py:188} INFO - [2024-04-21T20:32:58.157+0000] {dag.py:3834} INFO - Setting next_dagrun for example_skip_dag to 2024-04-20 00:00:00+00:00, run_after=2024-04-21 00:00:00+00:00
[2024-04-21T20:32:58.222+0000] {processor.py:183} INFO - Processing /home/airflow/.local/lib/python3.9/site-packages/airflow/example_dags/example_skip_dag.py took 0.305 seconds
[2024-04-21T20:33:25.027+0000] {processor.py:161} INFO - Started process (PID=77) to work on /home/airflow/.local/lib/python3.9/site-packages/airflow/example_dags/example_skip_dag.py
[2024-04-21T20:33:25.028+0000] {processor.py:830} INFO - Processing file /home/airflow/.local/lib/python3.9/site-packages/airflow/example_dags/example_skip_dag.py for tasks to queue
[2024-04-21T20:33:25.031+0000] {logging_mixin.py:188} INFO - [2024-04-21T20:33:25.030+0000] {dagbag.py:540} INFO - Filling up the DagBag from /home/airflow/.local/lib/python3.9/site-packages/airflow/example_dags/example_skip_dag.py
[2024-04-21T20:33:25.038+0000] {processor.py:840} INFO - DAG(s) 'example_skip_dag' retrieved from /home/airflow/.local/lib/python3.9/site-packages/airflow/example_dags/example_skip_dag.py
[2024-04-21T20:33:25.088+0000] {logging_mixin.py:188} INFO - [2024-04-21T20:33:25.087+0000] {dag.py:3047} INFO - Sync 1 DAGs
[2024-04-21T20:33:25.113+0000] {logging_mixin.py:188} INFO - [2024-04-21T20:33:25.113+0000] {dag.py:3834} INFO - Setting next_dagrun for example_skip_dag to 2024-04-20 00:00:00+00:00, run_after=2024-04-21 00:00:00+00:00
[2024-04-21T20:33:25.147+0000] {processor.py:183} INFO - Processing /home/airflow/.local/lib/python3.9/site-packages/airflow/example_dags/example_skip_dag.py took 0.123 seconds
[2024-04-21T20:33:56.138+0000] {processor.py:161} INFO - Started process (PID=134) to work on /home/airflow/.local/lib/python3.9/site-packages/airflow/example_dags/example_skip_dag.py
[2024-04-21T20:33:56.140+0000] {processor.py:830} INFO - Processing file /home/airflow/.local/lib/python3.9/site-packages/airflow/example_dags/example_skip_dag.py for tasks to queue
[2024-04-21T20:33:56.144+0000] {logging_mixin.py:188} INFO - [2024-04-21T20:33:56.143+0000] {dagbag.py:540} INFO - Filling up the DagBag from /home/airflow/.local/lib/python3.9/site-packages/airflow/example_dags/example_skip_dag.py
[2024-04-21T20:33:56.155+0000] {processor.py:840} INFO - DAG(s) 'example_skip_dag' retrieved from /home/airflow/.local/lib/python3.9/site-packages/airflow/example_dags/example_skip_dag.py
[2024-04-21T20:33:56.246+0000] {logging_mixin.py:188} INFO - [2024-04-21T20:33:56.246+0000] {dag.py:3047} INFO - Sync 1 DAGs
[2024-04-21T20:33:56.290+0000] {logging_mixin.py:188} INFO - [2024-04-21T20:33:56.290+0000] {dag.py:3834} INFO - Setting next_dagrun for example_skip_dag to 2024-04-20 00:00:00+00:00, run_after=2024-04-21 00:00:00+00:00
[2024-04-21T20:33:56.344+0000] {processor.py:183} INFO - Processing /home/airflow/.local/lib/python3.9/site-packages/airflow/example_dags/example_skip_dag.py took 0.211 seconds
[2024-04-21T20:34:32.818+0000] {processor.py:161} INFO - Started process (PID=77) to work on /home/airflow/.local/lib/python3.9/site-packages/airflow/example_dags/example_skip_dag.py
[2024-04-21T20:34:32.819+0000] {processor.py:830} INFO - Processing file /home/airflow/.local/lib/python3.9/site-packages/airflow/example_dags/example_skip_dag.py for tasks to queue
[2024-04-21T20:34:32.822+0000] {logging_mixin.py:188} INFO - [2024-04-21T20:34:32.821+0000] {dagbag.py:540} INFO - Filling up the DagBag from /home/airflow/.local/lib/python3.9/site-packages/airflow/example_dags/example_skip_dag.py
[2024-04-21T20:34:32.829+0000] {processor.py:840} INFO - DAG(s) 'example_skip_dag' retrieved from /home/airflow/.local/lib/python3.9/site-packages/airflow/example_dags/example_skip_dag.py
[2024-04-21T20:34:32.885+0000] {logging_mixin.py:188} INFO - [2024-04-21T20:34:32.885+0000] {dag.py:3047} INFO - Sync 1 DAGs
[2024-04-21T20:34:32.909+0000] {logging_mixin.py:188} INFO - [2024-04-21T20:34:32.909+0000] {dag.py:3834} INFO - Setting next_dagrun for example_skip_dag to 2024-04-20 00:00:00+00:00, run_after=2024-04-21 00:00:00+00:00
[2024-04-21T20:34:32.942+0000] {processor.py:183} INFO - Processing /home/airflow/.local/lib/python3.9/site-packages/airflow/example_dags/example_skip_dag.py took 0.128 seconds
[2024-04-21T20:35:04.106+0000] {processor.py:161} INFO - Started process (PID=134) to work on /home/airflow/.local/lib/python3.9/site-packages/airflow/example_dags/example_skip_dag.py
[2024-04-21T20:35:04.107+0000] {processor.py:830} INFO - Processing file /home/airflow/.local/lib/python3.9/site-packages/airflow/example_dags/example_skip_dag.py for tasks to queue
[2024-04-21T20:35:04.110+0000] {logging_mixin.py:188} INFO - [2024-04-21T20:35:04.109+0000] {dagbag.py:540} INFO - Filling up the DagBag from /home/airflow/.local/lib/python3.9/site-packages/airflow/example_dags/example_skip_dag.py
[2024-04-21T20:35:04.117+0000] {processor.py:840} INFO - DAG(s) 'example_skip_dag' retrieved from /home/airflow/.local/lib/python3.9/site-packages/airflow/example_dags/example_skip_dag.py
[2024-04-21T20:35:04.174+0000] {logging_mixin.py:188} INFO - [2024-04-21T20:35:04.174+0000] {dag.py:3047} INFO - Sync 1 DAGs
[2024-04-21T20:35:04.199+0000] {logging_mixin.py:188} INFO - [2024-04-21T20:35:04.199+0000] {dag.py:3834} INFO - Setting next_dagrun for example_skip_dag to 2024-04-20 00:00:00+00:00, run_after=2024-04-21 00:00:00+00:00
[2024-04-21T20:35:04.236+0000] {processor.py:183} INFO - Processing /home/airflow/.local/lib/python3.9/site-packages/airflow/example_dags/example_skip_dag.py took 0.134 seconds
[2024-04-21T20:35:34.613+0000] {processor.py:161} INFO - Started process (PID=191) to work on /home/airflow/.local/lib/python3.9/site-packages/airflow/example_dags/example_skip_dag.py
[2024-04-21T20:35:34.614+0000] {processor.py:830} INFO - Processing file /home/airflow/.local/lib/python3.9/site-packages/airflow/example_dags/example_skip_dag.py for tasks to queue
[2024-04-21T20:35:34.616+0000] {logging_mixin.py:188} INFO - [2024-04-21T20:35:34.616+0000] {dagbag.py:540} INFO - Filling up the DagBag from /home/airflow/.local/lib/python3.9/site-packages/airflow/example_dags/example_skip_dag.py
[2024-04-21T20:35:34.624+0000] {processor.py:840} INFO - DAG(s) 'example_skip_dag' retrieved from /home/airflow/.local/lib/python3.9/site-packages/airflow/example_dags/example_skip_dag.py
[2024-04-21T20:35:34.687+0000] {logging_mixin.py:188} INFO - [2024-04-21T20:35:34.686+0000] {dag.py:3047} INFO - Sync 1 DAGs
[2024-04-21T20:35:34.710+0000] {logging_mixin.py:188} INFO - [2024-04-21T20:35:34.710+0000] {dag.py:3834} INFO - Setting next_dagrun for example_skip_dag to 2024-04-20 00:00:00+00:00, run_after=2024-04-21 00:00:00+00:00
[2024-04-21T20:35:34.744+0000] {processor.py:183} INFO - Processing /home/airflow/.local/lib/python3.9/site-packages/airflow/example_dags/example_skip_dag.py took 0.135 seconds
[2024-04-21T20:36:05.623+0000] {processor.py:161} INFO - Started process (PID=248) to work on /home/airflow/.local/lib/python3.9/site-packages/airflow/example_dags/example_skip_dag.py
[2024-04-21T20:36:05.625+0000] {processor.py:830} INFO - Processing file /home/airflow/.local/lib/python3.9/site-packages/airflow/example_dags/example_skip_dag.py for tasks to queue
[2024-04-21T20:36:05.627+0000] {logging_mixin.py:188} INFO - [2024-04-21T20:36:05.627+0000] {dagbag.py:540} INFO - Filling up the DagBag from /home/airflow/.local/lib/python3.9/site-packages/airflow/example_dags/example_skip_dag.py
[2024-04-21T20:36:05.634+0000] {processor.py:840} INFO - DAG(s) 'example_skip_dag' retrieved from /home/airflow/.local/lib/python3.9/site-packages/airflow/example_dags/example_skip_dag.py
[2024-04-21T20:36:05.691+0000] {logging_mixin.py:188} INFO - [2024-04-21T20:36:05.691+0000] {dag.py:3047} INFO - Sync 1 DAGs
[2024-04-21T20:36:05.718+0000] {logging_mixin.py:188} INFO - [2024-04-21T20:36:05.718+0000] {dag.py:3834} INFO - Setting next_dagrun for example_skip_dag to 2024-04-20 00:00:00+00:00, run_after=2024-04-21 00:00:00+00:00
[2024-04-21T20:36:05.752+0000] {processor.py:183} INFO - Processing /home/airflow/.local/lib/python3.9/site-packages/airflow/example_dags/example_skip_dag.py took 0.132 seconds
[2024-04-21T20:36:37.655+0000] {processor.py:161} INFO - Started process (PID=305) to work on /home/airflow/.local/lib/python3.9/site-packages/airflow/example_dags/example_skip_dag.py
[2024-04-21T20:36:37.656+0000] {processor.py:830} INFO - Processing file /home/airflow/.local/lib/python3.9/site-packages/airflow/example_dags/example_skip_dag.py for tasks to queue
[2024-04-21T20:36:37.659+0000] {logging_mixin.py:188} INFO - [2024-04-21T20:36:37.658+0000] {dagbag.py:540} INFO - Filling up the DagBag from /home/airflow/.local/lib/python3.9/site-packages/airflow/example_dags/example_skip_dag.py
[2024-04-21T20:36:37.666+0000] {processor.py:840} INFO - DAG(s) 'example_skip_dag' retrieved from /home/airflow/.local/lib/python3.9/site-packages/airflow/example_dags/example_skip_dag.py
[2024-04-21T20:36:37.725+0000] {logging_mixin.py:188} INFO - [2024-04-21T20:36:37.725+0000] {dag.py:3047} INFO - Sync 1 DAGs
[2024-04-21T20:36:37.752+0000] {logging_mixin.py:188} INFO - [2024-04-21T20:36:37.751+0000] {dag.py:3834} INFO - Setting next_dagrun for example_skip_dag to 2024-04-20 00:00:00+00:00, run_after=2024-04-21 00:00:00+00:00
[2024-04-21T20:36:37.792+0000] {processor.py:183} INFO - Processing /home/airflow/.local/lib/python3.9/site-packages/airflow/example_dags/example_skip_dag.py took 0.140 seconds
[2024-04-21T20:37:08.266+0000] {processor.py:161} INFO - Started process (PID=362) to work on /home/airflow/.local/lib/python3.9/site-packages/airflow/example_dags/example_skip_dag.py
[2024-04-21T20:37:08.270+0000] {processor.py:830} INFO - Processing file /home/airflow/.local/lib/python3.9/site-packages/airflow/example_dags/example_skip_dag.py for tasks to queue
[2024-04-21T20:37:08.278+0000] {logging_mixin.py:188} INFO - [2024-04-21T20:37:08.277+0000] {dagbag.py:540} INFO - Filling up the DagBag from /home/airflow/.local/lib/python3.9/site-packages/airflow/example_dags/example_skip_dag.py
[2024-04-21T20:37:08.304+0000] {processor.py:840} INFO - DAG(s) 'example_skip_dag' retrieved from /home/airflow/.local/lib/python3.9/site-packages/airflow/example_dags/example_skip_dag.py
[2024-04-21T20:37:08.433+0000] {logging_mixin.py:188} INFO - [2024-04-21T20:37:08.433+0000] {dag.py:3047} INFO - Sync 1 DAGs
[2024-04-21T20:37:08.479+0000] {logging_mixin.py:188} INFO - [2024-04-21T20:37:08.479+0000] {dag.py:3834} INFO - Setting next_dagrun for example_skip_dag to 2024-04-20 00:00:00+00:00, run_after=2024-04-21 00:00:00+00:00
[2024-04-21T20:37:08.516+0000] {processor.py:183} INFO - Processing /home/airflow/.local/lib/python3.9/site-packages/airflow/example_dags/example_skip_dag.py took 0.259 seconds
[2024-04-21T20:37:39.321+0000] {processor.py:161} INFO - Started process (PID=419) to work on /home/airflow/.local/lib/python3.9/site-packages/airflow/example_dags/example_skip_dag.py
[2024-04-21T20:37:39.322+0000] {processor.py:830} INFO - Processing file /home/airflow/.local/lib/python3.9/site-packages/airflow/example_dags/example_skip_dag.py for tasks to queue
[2024-04-21T20:37:39.324+0000] {logging_mixin.py:188} INFO - [2024-04-21T20:37:39.324+0000] {dagbag.py:540} INFO - Filling up the DagBag from /home/airflow/.local/lib/python3.9/site-packages/airflow/example_dags/example_skip_dag.py
[2024-04-21T20:37:39.331+0000] {processor.py:840} INFO - DAG(s) 'example_skip_dag' retrieved from /home/airflow/.local/lib/python3.9/site-packages/airflow/example_dags/example_skip_dag.py
[2024-04-21T20:37:39.387+0000] {logging_mixin.py:188} INFO - [2024-04-21T20:37:39.387+0000] {dag.py:3047} INFO - Sync 1 DAGs
[2024-04-21T20:37:39.412+0000] {logging_mixin.py:188} INFO - [2024-04-21T20:37:39.412+0000] {dag.py:3834} INFO - Setting next_dagrun for example_skip_dag to 2024-04-20 00:00:00+00:00, run_after=2024-04-21 00:00:00+00:00
[2024-04-21T20:37:39.446+0000] {processor.py:183} INFO - Processing /home/airflow/.local/lib/python3.9/site-packages/airflow/example_dags/example_skip_dag.py took 0.128 seconds
[2024-04-21T20:38:10.166+0000] {processor.py:161} INFO - Started process (PID=475) to work on /home/airflow/.local/lib/python3.9/site-packages/airflow/example_dags/example_skip_dag.py
[2024-04-21T20:38:10.167+0000] {processor.py:830} INFO - Processing file /home/airflow/.local/lib/python3.9/site-packages/airflow/example_dags/example_skip_dag.py for tasks to queue
[2024-04-21T20:38:10.169+0000] {logging_mixin.py:188} INFO - [2024-04-21T20:38:10.169+0000] {dagbag.py:540} INFO - Filling up the DagBag from /home/airflow/.local/lib/python3.9/site-packages/airflow/example_dags/example_skip_dag.py
[2024-04-21T20:38:10.176+0000] {processor.py:840} INFO - DAG(s) 'example_skip_dag' retrieved from /home/airflow/.local/lib/python3.9/site-packages/airflow/example_dags/example_skip_dag.py
[2024-04-21T20:38:10.226+0000] {logging_mixin.py:188} INFO - [2024-04-21T20:38:10.226+0000] {dag.py:3047} INFO - Sync 1 DAGs
[2024-04-21T20:38:10.248+0000] {logging_mixin.py:188} INFO - [2024-04-21T20:38:10.248+0000] {dag.py:3834} INFO - Setting next_dagrun for example_skip_dag to 2024-04-20 00:00:00+00:00, run_after=2024-04-21 00:00:00+00:00
[2024-04-21T20:38:10.274+0000] {processor.py:183} INFO - Processing /home/airflow/.local/lib/python3.9/site-packages/airflow/example_dags/example_skip_dag.py took 0.111 seconds
[2024-04-21T20:38:42.340+0000] {processor.py:161} INFO - Started process (PID=532) to work on /home/airflow/.local/lib/python3.9/site-packages/airflow/example_dags/example_skip_dag.py
[2024-04-21T20:38:42.341+0000] {processor.py:830} INFO - Processing file /home/airflow/.local/lib/python3.9/site-packages/airflow/example_dags/example_skip_dag.py for tasks to queue
[2024-04-21T20:38:42.343+0000] {logging_mixin.py:188} INFO - [2024-04-21T20:38:42.343+0000] {dagbag.py:540} INFO - Filling up the DagBag from /home/airflow/.local/lib/python3.9/site-packages/airflow/example_dags/example_skip_dag.py
[2024-04-21T20:38:42.349+0000] {processor.py:840} INFO - DAG(s) 'example_skip_dag' retrieved from /home/airflow/.local/lib/python3.9/site-packages/airflow/example_dags/example_skip_dag.py
[2024-04-21T20:38:42.400+0000] {logging_mixin.py:188} INFO - [2024-04-21T20:38:42.400+0000] {dag.py:3047} INFO - Sync 1 DAGs
[2024-04-21T20:38:42.423+0000] {logging_mixin.py:188} INFO - [2024-04-21T20:38:42.423+0000] {dag.py:3834} INFO - Setting next_dagrun for example_skip_dag to 2024-04-20 00:00:00+00:00, run_after=2024-04-21 00:00:00+00:00
[2024-04-21T20:38:42.453+0000] {processor.py:183} INFO - Processing /home/airflow/.local/lib/python3.9/site-packages/airflow/example_dags/example_skip_dag.py took 0.116 seconds
[2024-04-21T20:40:43.999+0000] {processor.py:161} INFO - Started process (PID=621) to work on /home/airflow/.local/lib/python3.9/site-packages/airflow/example_dags/example_skip_dag.py
[2024-04-21T20:40:44.001+0000] {processor.py:830} INFO - Processing file /home/airflow/.local/lib/python3.9/site-packages/airflow/example_dags/example_skip_dag.py for tasks to queue
[2024-04-21T20:40:44.003+0000] {logging_mixin.py:188} INFO - [2024-04-21T20:40:44.002+0000] {dagbag.py:540} INFO - Filling up the DagBag from /home/airflow/.local/lib/python3.9/site-packages/airflow/example_dags/example_skip_dag.py
[2024-04-21T20:40:44.009+0000] {processor.py:840} INFO - DAG(s) 'example_skip_dag' retrieved from /home/airflow/.local/lib/python3.9/site-packages/airflow/example_dags/example_skip_dag.py
[2024-04-21T20:40:44.065+0000] {logging_mixin.py:188} INFO - [2024-04-21T20:40:44.065+0000] {dag.py:3047} INFO - Sync 1 DAGs
[2024-04-21T20:40:44.087+0000] {logging_mixin.py:188} INFO - [2024-04-21T20:40:44.087+0000] {dag.py:3834} INFO - Setting next_dagrun for example_skip_dag to 2024-04-20 00:00:00+00:00, run_after=2024-04-21 00:00:00+00:00
[2024-04-21T20:40:44.116+0000] {processor.py:183} INFO - Processing /home/airflow/.local/lib/python3.9/site-packages/airflow/example_dags/example_skip_dag.py took 0.120 seconds
[2024-04-21T20:41:17.073+0000] {processor.py:161} INFO - Started process (PID=680) to work on /home/airflow/.local/lib/python3.9/site-packages/airflow/example_dags/example_skip_dag.py
[2024-04-21T20:41:17.075+0000] {processor.py:830} INFO - Processing file /home/airflow/.local/lib/python3.9/site-packages/airflow/example_dags/example_skip_dag.py for tasks to queue
[2024-04-21T20:41:17.077+0000] {logging_mixin.py:188} INFO - [2024-04-21T20:41:17.076+0000] {dagbag.py:540} INFO - Filling up the DagBag from /home/airflow/.local/lib/python3.9/site-packages/airflow/example_dags/example_skip_dag.py
[2024-04-21T20:41:17.084+0000] {processor.py:840} INFO - DAG(s) 'example_skip_dag' retrieved from /home/airflow/.local/lib/python3.9/site-packages/airflow/example_dags/example_skip_dag.py
[2024-04-21T20:41:17.138+0000] {logging_mixin.py:188} INFO - [2024-04-21T20:41:17.138+0000] {dag.py:3047} INFO - Sync 1 DAGs
[2024-04-21T20:41:17.158+0000] {logging_mixin.py:188} INFO - [2024-04-21T20:41:17.158+0000] {dag.py:3834} INFO - Setting next_dagrun for example_skip_dag to 2024-04-20 00:00:00+00:00, run_after=2024-04-21 00:00:00+00:00
[2024-04-21T20:41:17.193+0000] {processor.py:183} INFO - Processing /home/airflow/.local/lib/python3.9/site-packages/airflow/example_dags/example_skip_dag.py took 0.123 seconds
[2024-04-21T20:41:47.391+0000] {processor.py:161} INFO - Started process (PID=737) to work on /home/airflow/.local/lib/python3.9/site-packages/airflow/example_dags/example_skip_dag.py
[2024-04-21T20:41:47.392+0000] {processor.py:830} INFO - Processing file /home/airflow/.local/lib/python3.9/site-packages/airflow/example_dags/example_skip_dag.py for tasks to queue
[2024-04-21T20:41:47.395+0000] {logging_mixin.py:188} INFO - [2024-04-21T20:41:47.395+0000] {dagbag.py:540} INFO - Filling up the DagBag from /home/airflow/.local/lib/python3.9/site-packages/airflow/example_dags/example_skip_dag.py
[2024-04-21T20:41:47.404+0000] {processor.py:840} INFO - DAG(s) 'example_skip_dag' retrieved from /home/airflow/.local/lib/python3.9/site-packages/airflow/example_dags/example_skip_dag.py
[2024-04-21T20:41:47.469+0000] {logging_mixin.py:188} INFO - [2024-04-21T20:41:47.468+0000] {dag.py:3047} INFO - Sync 1 DAGs
[2024-04-21T20:41:47.494+0000] {logging_mixin.py:188} INFO - [2024-04-21T20:41:47.494+0000] {dag.py:3834} INFO - Setting next_dagrun for example_skip_dag to 2024-04-20 00:00:00+00:00, run_after=2024-04-21 00:00:00+00:00
[2024-04-21T20:41:47.536+0000] {processor.py:183} INFO - Processing /home/airflow/.local/lib/python3.9/site-packages/airflow/example_dags/example_skip_dag.py took 0.149 seconds
[2024-04-21T20:42:39.353+0000] {processor.py:161} INFO - Started process (PID=77) to work on /home/airflow/.local/lib/python3.9/site-packages/airflow/example_dags/example_skip_dag.py
[2024-04-21T20:42:39.355+0000] {processor.py:830} INFO - Processing file /home/airflow/.local/lib/python3.9/site-packages/airflow/example_dags/example_skip_dag.py for tasks to queue
[2024-04-21T20:42:39.357+0000] {logging_mixin.py:188} INFO - [2024-04-21T20:42:39.357+0000] {dagbag.py:540} INFO - Filling up the DagBag from /home/airflow/.local/lib/python3.9/site-packages/airflow/example_dags/example_skip_dag.py
[2024-04-21T20:42:39.364+0000] {processor.py:840} INFO - DAG(s) 'example_skip_dag' retrieved from /home/airflow/.local/lib/python3.9/site-packages/airflow/example_dags/example_skip_dag.py
[2024-04-21T20:42:39.419+0000] {logging_mixin.py:188} INFO - [2024-04-21T20:42:39.419+0000] {dag.py:3047} INFO - Sync 1 DAGs
[2024-04-21T20:42:39.443+0000] {logging_mixin.py:188} INFO - [2024-04-21T20:42:39.443+0000] {dag.py:3834} INFO - Setting next_dagrun for example_skip_dag to 2024-04-20 00:00:00+00:00, run_after=2024-04-21 00:00:00+00:00
[2024-04-21T20:42:39.476+0000] {processor.py:183} INFO - Processing /home/airflow/.local/lib/python3.9/site-packages/airflow/example_dags/example_skip_dag.py took 0.125 seconds
[2024-04-21T20:43:10.782+0000] {processor.py:161} INFO - Started process (PID=134) to work on /home/airflow/.local/lib/python3.9/site-packages/airflow/example_dags/example_skip_dag.py
[2024-04-21T20:43:10.783+0000] {processor.py:830} INFO - Processing file /home/airflow/.local/lib/python3.9/site-packages/airflow/example_dags/example_skip_dag.py for tasks to queue
[2024-04-21T20:43:10.785+0000] {logging_mixin.py:188} INFO - [2024-04-21T20:43:10.785+0000] {dagbag.py:540} INFO - Filling up the DagBag from /home/airflow/.local/lib/python3.9/site-packages/airflow/example_dags/example_skip_dag.py
[2024-04-21T20:43:10.793+0000] {processor.py:840} INFO - DAG(s) 'example_skip_dag' retrieved from /home/airflow/.local/lib/python3.9/site-packages/airflow/example_dags/example_skip_dag.py
[2024-04-21T20:43:10.853+0000] {logging_mixin.py:188} INFO - [2024-04-21T20:43:10.853+0000] {dag.py:3047} INFO - Sync 1 DAGs
[2024-04-21T20:43:10.879+0000] {logging_mixin.py:188} INFO - [2024-04-21T20:43:10.879+0000] {dag.py:3834} INFO - Setting next_dagrun for example_skip_dag to 2024-04-20 00:00:00+00:00, run_after=2024-04-21 00:00:00+00:00
[2024-04-21T20:43:10.914+0000] {processor.py:183} INFO - Processing /home/airflow/.local/lib/python3.9/site-packages/airflow/example_dags/example_skip_dag.py took 0.136 seconds
[2024-04-21T20:43:41.780+0000] {processor.py:161} INFO - Started process (PID=191) to work on /home/airflow/.local/lib/python3.9/site-packages/airflow/example_dags/example_skip_dag.py
[2024-04-21T20:43:41.781+0000] {processor.py:830} INFO - Processing file /home/airflow/.local/lib/python3.9/site-packages/airflow/example_dags/example_skip_dag.py for tasks to queue
[2024-04-21T20:43:41.783+0000] {logging_mixin.py:188} INFO - [2024-04-21T20:43:41.783+0000] {dagbag.py:540} INFO - Filling up the DagBag from /home/airflow/.local/lib/python3.9/site-packages/airflow/example_dags/example_skip_dag.py
[2024-04-21T20:43:41.789+0000] {processor.py:840} INFO - DAG(s) 'example_skip_dag' retrieved from /home/airflow/.local/lib/python3.9/site-packages/airflow/example_dags/example_skip_dag.py
[2024-04-21T20:43:41.842+0000] {logging_mixin.py:188} INFO - [2024-04-21T20:43:41.842+0000] {dag.py:3047} INFO - Sync 1 DAGs
[2024-04-21T20:43:41.865+0000] {logging_mixin.py:188} INFO - [2024-04-21T20:43:41.865+0000] {dag.py:3834} INFO - Setting next_dagrun for example_skip_dag to 2024-04-20 00:00:00+00:00, run_after=2024-04-21 00:00:00+00:00
[2024-04-21T20:43:41.898+0000] {processor.py:183} INFO - Processing /home/airflow/.local/lib/python3.9/site-packages/airflow/example_dags/example_skip_dag.py took 0.121 seconds
[2024-04-21T20:44:12.382+0000] {processor.py:161} INFO - Started process (PID=248) to work on /home/airflow/.local/lib/python3.9/site-packages/airflow/example_dags/example_skip_dag.py
[2024-04-21T20:44:12.383+0000] {processor.py:830} INFO - Processing file /home/airflow/.local/lib/python3.9/site-packages/airflow/example_dags/example_skip_dag.py for tasks to queue
[2024-04-21T20:44:12.385+0000] {logging_mixin.py:188} INFO - [2024-04-21T20:44:12.385+0000] {dagbag.py:540} INFO - Filling up the DagBag from /home/airflow/.local/lib/python3.9/site-packages/airflow/example_dags/example_skip_dag.py
[2024-04-21T20:44:12.391+0000] {processor.py:840} INFO - DAG(s) 'example_skip_dag' retrieved from /home/airflow/.local/lib/python3.9/site-packages/airflow/example_dags/example_skip_dag.py
[2024-04-21T20:44:12.449+0000] {logging_mixin.py:188} INFO - [2024-04-21T20:44:12.448+0000] {dag.py:3047} INFO - Sync 1 DAGs
[2024-04-21T20:44:12.473+0000] {logging_mixin.py:188} INFO - [2024-04-21T20:44:12.473+0000] {dag.py:3834} INFO - Setting next_dagrun for example_skip_dag to 2024-04-20 00:00:00+00:00, run_after=2024-04-21 00:00:00+00:00
[2024-04-21T20:44:12.507+0000] {processor.py:183} INFO - Processing /home/airflow/.local/lib/python3.9/site-packages/airflow/example_dags/example_skip_dag.py took 0.128 seconds
[2024-04-21T20:44:44.771+0000] {processor.py:161} INFO - Started process (PID=305) to work on /home/airflow/.local/lib/python3.9/site-packages/airflow/example_dags/example_skip_dag.py
[2024-04-21T20:44:44.773+0000] {processor.py:830} INFO - Processing file /home/airflow/.local/lib/python3.9/site-packages/airflow/example_dags/example_skip_dag.py for tasks to queue
[2024-04-21T20:44:44.775+0000] {logging_mixin.py:188} INFO - [2024-04-21T20:44:44.775+0000] {dagbag.py:540} INFO - Filling up the DagBag from /home/airflow/.local/lib/python3.9/site-packages/airflow/example_dags/example_skip_dag.py
[2024-04-21T20:44:44.785+0000] {processor.py:840} INFO - DAG(s) 'example_skip_dag' retrieved from /home/airflow/.local/lib/python3.9/site-packages/airflow/example_dags/example_skip_dag.py
[2024-04-21T20:44:44.890+0000] {logging_mixin.py:188} INFO - [2024-04-21T20:44:44.889+0000] {dag.py:3047} INFO - Sync 1 DAGs
[2024-04-21T20:44:44.919+0000] {logging_mixin.py:188} INFO - [2024-04-21T20:44:44.918+0000] {dag.py:3834} INFO - Setting next_dagrun for example_skip_dag to 2024-04-20 00:00:00+00:00, run_after=2024-04-21 00:00:00+00:00
[2024-04-21T20:44:44.953+0000] {processor.py:183} INFO - Processing /home/airflow/.local/lib/python3.9/site-packages/airflow/example_dags/example_skip_dag.py took 0.186 seconds
[2024-04-21T20:45:15.014+0000] {processor.py:161} INFO - Started process (PID=362) to work on /home/airflow/.local/lib/python3.9/site-packages/airflow/example_dags/example_skip_dag.py
[2024-04-21T20:45:15.016+0000] {processor.py:830} INFO - Processing file /home/airflow/.local/lib/python3.9/site-packages/airflow/example_dags/example_skip_dag.py for tasks to queue
[2024-04-21T20:45:15.019+0000] {logging_mixin.py:188} INFO - [2024-04-21T20:45:15.018+0000] {dagbag.py:540} INFO - Filling up the DagBag from /home/airflow/.local/lib/python3.9/site-packages/airflow/example_dags/example_skip_dag.py
[2024-04-21T20:45:15.026+0000] {processor.py:840} INFO - DAG(s) 'example_skip_dag' retrieved from /home/airflow/.local/lib/python3.9/site-packages/airflow/example_dags/example_skip_dag.py
[2024-04-21T20:45:15.091+0000] {logging_mixin.py:188} INFO - [2024-04-21T20:45:15.090+0000] {dag.py:3047} INFO - Sync 1 DAGs
[2024-04-21T20:45:15.119+0000] {logging_mixin.py:188} INFO - [2024-04-21T20:45:15.118+0000] {dag.py:3834} INFO - Setting next_dagrun for example_skip_dag to 2024-04-20 00:00:00+00:00, run_after=2024-04-21 00:00:00+00:00
[2024-04-21T20:45:15.158+0000] {processor.py:183} INFO - Processing /home/airflow/.local/lib/python3.9/site-packages/airflow/example_dags/example_skip_dag.py took 0.146 seconds
[2024-04-21T20:45:50.599+0000] {processor.py:161} INFO - Started process (PID=419) to work on /home/airflow/.local/lib/python3.9/site-packages/airflow/example_dags/example_skip_dag.py
[2024-04-21T20:45:50.601+0000] {processor.py:830} INFO - Processing file /home/airflow/.local/lib/python3.9/site-packages/airflow/example_dags/example_skip_dag.py for tasks to queue
[2024-04-21T20:45:50.604+0000] {logging_mixin.py:188} INFO - [2024-04-21T20:45:50.603+0000] {dagbag.py:540} INFO - Filling up the DagBag from /home/airflow/.local/lib/python3.9/site-packages/airflow/example_dags/example_skip_dag.py
[2024-04-21T20:45:50.615+0000] {processor.py:840} INFO - DAG(s) 'example_skip_dag' retrieved from /home/airflow/.local/lib/python3.9/site-packages/airflow/example_dags/example_skip_dag.py
[2024-04-21T20:45:50.706+0000] {logging_mixin.py:188} INFO - [2024-04-21T20:45:50.705+0000] {dag.py:3047} INFO - Sync 1 DAGs
[2024-04-21T20:45:50.748+0000] {logging_mixin.py:188} INFO - [2024-04-21T20:45:50.748+0000] {dag.py:3834} INFO - Setting next_dagrun for example_skip_dag to 2024-04-20 00:00:00+00:00, run_after=2024-04-21 00:00:00+00:00
[2024-04-21T20:45:50.818+0000] {processor.py:183} INFO - Processing /home/airflow/.local/lib/python3.9/site-packages/airflow/example_dags/example_skip_dag.py took 0.223 seconds
[2024-04-21T20:46:21.295+0000] {processor.py:161} INFO - Started process (PID=476) to work on /home/airflow/.local/lib/python3.9/site-packages/airflow/example_dags/example_skip_dag.py
[2024-04-21T20:46:21.297+0000] {processor.py:830} INFO - Processing file /home/airflow/.local/lib/python3.9/site-packages/airflow/example_dags/example_skip_dag.py for tasks to queue
[2024-04-21T20:46:21.299+0000] {logging_mixin.py:188} INFO - [2024-04-21T20:46:21.299+0000] {dagbag.py:540} INFO - Filling up the DagBag from /home/airflow/.local/lib/python3.9/site-packages/airflow/example_dags/example_skip_dag.py
[2024-04-21T20:46:21.307+0000] {processor.py:840} INFO - DAG(s) 'example_skip_dag' retrieved from /home/airflow/.local/lib/python3.9/site-packages/airflow/example_dags/example_skip_dag.py
[2024-04-21T20:46:21.376+0000] {logging_mixin.py:188} INFO - [2024-04-21T20:46:21.376+0000] {dag.py:3047} INFO - Sync 1 DAGs
[2024-04-21T20:46:21.407+0000] {logging_mixin.py:188} INFO - [2024-04-21T20:46:21.406+0000] {dag.py:3834} INFO - Setting next_dagrun for example_skip_dag to 2024-04-20 00:00:00+00:00, run_after=2024-04-21 00:00:00+00:00
[2024-04-21T20:46:21.457+0000] {processor.py:183} INFO - Processing /home/airflow/.local/lib/python3.9/site-packages/airflow/example_dags/example_skip_dag.py took 0.165 seconds
[2024-04-21T20:46:52.106+0000] {processor.py:161} INFO - Started process (PID=533) to work on /home/airflow/.local/lib/python3.9/site-packages/airflow/example_dags/example_skip_dag.py
[2024-04-21T20:46:52.107+0000] {processor.py:830} INFO - Processing file /home/airflow/.local/lib/python3.9/site-packages/airflow/example_dags/example_skip_dag.py for tasks to queue
[2024-04-21T20:46:52.111+0000] {logging_mixin.py:188} INFO - [2024-04-21T20:46:52.111+0000] {dagbag.py:540} INFO - Filling up the DagBag from /home/airflow/.local/lib/python3.9/site-packages/airflow/example_dags/example_skip_dag.py
[2024-04-21T20:46:52.121+0000] {processor.py:840} INFO - DAG(s) 'example_skip_dag' retrieved from /home/airflow/.local/lib/python3.9/site-packages/airflow/example_dags/example_skip_dag.py
[2024-04-21T20:46:52.204+0000] {logging_mixin.py:188} INFO - [2024-04-21T20:46:52.203+0000] {dag.py:3047} INFO - Sync 1 DAGs
[2024-04-21T20:46:52.236+0000] {logging_mixin.py:188} INFO - [2024-04-21T20:46:52.235+0000] {dag.py:3834} INFO - Setting next_dagrun for example_skip_dag to 2024-04-20 00:00:00+00:00, run_after=2024-04-21 00:00:00+00:00
[2024-04-21T20:46:52.283+0000] {processor.py:183} INFO - Processing /home/airflow/.local/lib/python3.9/site-packages/airflow/example_dags/example_skip_dag.py took 0.182 seconds
[2024-04-21T20:47:22.966+0000] {processor.py:161} INFO - Started process (PID=596) to work on /home/airflow/.local/lib/python3.9/site-packages/airflow/example_dags/example_skip_dag.py
[2024-04-21T20:47:22.967+0000] {processor.py:830} INFO - Processing file /home/airflow/.local/lib/python3.9/site-packages/airflow/example_dags/example_skip_dag.py for tasks to queue
[2024-04-21T20:47:22.969+0000] {logging_mixin.py:188} INFO - [2024-04-21T20:47:22.969+0000] {dagbag.py:540} INFO - Filling up the DagBag from /home/airflow/.local/lib/python3.9/site-packages/airflow/example_dags/example_skip_dag.py
[2024-04-21T20:47:22.976+0000] {processor.py:840} INFO - DAG(s) 'example_skip_dag' retrieved from /home/airflow/.local/lib/python3.9/site-packages/airflow/example_dags/example_skip_dag.py
[2024-04-21T20:47:23.036+0000] {logging_mixin.py:188} INFO - [2024-04-21T20:47:23.036+0000] {dag.py:3047} INFO - Sync 1 DAGs
[2024-04-21T20:47:23.063+0000] {logging_mixin.py:188} INFO - [2024-04-21T20:47:23.063+0000] {dag.py:3834} INFO - Setting next_dagrun for example_skip_dag to 2024-04-20 00:00:00+00:00, run_after=2024-04-21 00:00:00+00:00
[2024-04-21T20:47:23.096+0000] {processor.py:183} INFO - Processing /home/airflow/.local/lib/python3.9/site-packages/airflow/example_dags/example_skip_dag.py took 0.134 seconds
[2024-04-21T20:47:53.402+0000] {processor.py:161} INFO - Started process (PID=653) to work on /home/airflow/.local/lib/python3.9/site-packages/airflow/example_dags/example_skip_dag.py
[2024-04-21T20:47:53.403+0000] {processor.py:830} INFO - Processing file /home/airflow/.local/lib/python3.9/site-packages/airflow/example_dags/example_skip_dag.py for tasks to queue
[2024-04-21T20:47:53.405+0000] {logging_mixin.py:188} INFO - [2024-04-21T20:47:53.405+0000] {dagbag.py:540} INFO - Filling up the DagBag from /home/airflow/.local/lib/python3.9/site-packages/airflow/example_dags/example_skip_dag.py
[2024-04-21T20:47:53.412+0000] {processor.py:840} INFO - DAG(s) 'example_skip_dag' retrieved from /home/airflow/.local/lib/python3.9/site-packages/airflow/example_dags/example_skip_dag.py
[2024-04-21T20:47:53.465+0000] {logging_mixin.py:188} INFO - [2024-04-21T20:47:53.465+0000] {dag.py:3047} INFO - Sync 1 DAGs
[2024-04-21T20:47:53.487+0000] {logging_mixin.py:188} INFO - [2024-04-21T20:47:53.486+0000] {dag.py:3834} INFO - Setting next_dagrun for example_skip_dag to 2024-04-20 00:00:00+00:00, run_after=2024-04-21 00:00:00+00:00
[2024-04-21T20:47:53.517+0000] {processor.py:183} INFO - Processing /home/airflow/.local/lib/python3.9/site-packages/airflow/example_dags/example_skip_dag.py took 0.118 seconds
[2024-04-21T21:00:56.441+0000] {processor.py:161} INFO - Started process (PID=84) to work on /home/airflow/.local/lib/python3.9/site-packages/airflow/example_dags/example_skip_dag.py
[2024-04-21T21:00:56.443+0000] {processor.py:830} INFO - Processing file /home/airflow/.local/lib/python3.9/site-packages/airflow/example_dags/example_skip_dag.py for tasks to queue
[2024-04-21T21:00:56.446+0000] {logging_mixin.py:188} INFO - [2024-04-21T21:00:56.446+0000] {dagbag.py:540} INFO - Filling up the DagBag from /home/airflow/.local/lib/python3.9/site-packages/airflow/example_dags/example_skip_dag.py
[2024-04-21T21:00:56.455+0000] {processor.py:840} INFO - DAG(s) 'example_skip_dag' retrieved from /home/airflow/.local/lib/python3.9/site-packages/airflow/example_dags/example_skip_dag.py
[2024-04-21T21:00:56.751+0000] {logging_mixin.py:188} INFO - [2024-04-21T21:00:56.750+0000] {dag.py:3047} INFO - Sync 1 DAGs
[2024-04-21T21:00:56.798+0000] {logging_mixin.py:188} INFO - [2024-04-21T21:00:56.797+0000] {dag.py:3834} INFO - Setting next_dagrun for example_skip_dag to 2024-04-20 00:00:00+00:00, run_after=2024-04-21 00:00:00+00:00
[2024-04-21T21:00:56.860+0000] {processor.py:183} INFO - Processing /home/airflow/.local/lib/python3.9/site-packages/airflow/example_dags/example_skip_dag.py took 0.423 seconds
[2024-04-21T21:01:27.390+0000] {processor.py:161} INFO - Started process (PID=141) to work on /home/airflow/.local/lib/python3.9/site-packages/airflow/example_dags/example_skip_dag.py
[2024-04-21T21:01:27.392+0000] {processor.py:830} INFO - Processing file /home/airflow/.local/lib/python3.9/site-packages/airflow/example_dags/example_skip_dag.py for tasks to queue
[2024-04-21T21:01:27.394+0000] {logging_mixin.py:188} INFO - [2024-04-21T21:01:27.393+0000] {dagbag.py:540} INFO - Filling up the DagBag from /home/airflow/.local/lib/python3.9/site-packages/airflow/example_dags/example_skip_dag.py
[2024-04-21T21:01:27.402+0000] {processor.py:840} INFO - DAG(s) 'example_skip_dag' retrieved from /home/airflow/.local/lib/python3.9/site-packages/airflow/example_dags/example_skip_dag.py
[2024-04-21T21:01:27.470+0000] {logging_mixin.py:188} INFO - [2024-04-21T21:01:27.469+0000] {dag.py:3047} INFO - Sync 1 DAGs
[2024-04-21T21:01:27.500+0000] {logging_mixin.py:188} INFO - [2024-04-21T21:01:27.500+0000] {dag.py:3834} INFO - Setting next_dagrun for example_skip_dag to 2024-04-20 00:00:00+00:00, run_after=2024-04-21 00:00:00+00:00
[2024-04-21T21:01:27.542+0000] {processor.py:183} INFO - Processing /home/airflow/.local/lib/python3.9/site-packages/airflow/example_dags/example_skip_dag.py took 0.155 seconds
[2024-04-21T21:04:42.799+0000] {processor.py:161} INFO - Started process (PID=89) to work on /home/airflow/.local/lib/python3.9/site-packages/airflow/example_dags/example_skip_dag.py
[2024-04-21T21:04:42.801+0000] {processor.py:830} INFO - Processing file /home/airflow/.local/lib/python3.9/site-packages/airflow/example_dags/example_skip_dag.py for tasks to queue
[2024-04-21T21:04:42.804+0000] {logging_mixin.py:188} INFO - [2024-04-21T21:04:42.803+0000] {dagbag.py:540} INFO - Filling up the DagBag from /home/airflow/.local/lib/python3.9/site-packages/airflow/example_dags/example_skip_dag.py
[2024-04-21T21:04:42.812+0000] {processor.py:840} INFO - DAG(s) 'example_skip_dag' retrieved from /home/airflow/.local/lib/python3.9/site-packages/airflow/example_dags/example_skip_dag.py
[2024-04-21T21:04:42.882+0000] {logging_mixin.py:188} INFO - [2024-04-21T21:04:42.882+0000] {dag.py:3047} INFO - Sync 1 DAGs
[2024-04-21T21:04:42.910+0000] {logging_mixin.py:188} INFO - [2024-04-21T21:04:42.910+0000] {dag.py:3834} INFO - Setting next_dagrun for example_skip_dag to 2024-04-20 00:00:00+00:00, run_after=2024-04-21 00:00:00+00:00
[2024-04-21T21:04:42.948+0000] {processor.py:183} INFO - Processing /home/airflow/.local/lib/python3.9/site-packages/airflow/example_dags/example_skip_dag.py took 0.153 seconds
[2024-04-21T21:05:13.251+0000] {processor.py:161} INFO - Started process (PID=146) to work on /home/airflow/.local/lib/python3.9/site-packages/airflow/example_dags/example_skip_dag.py
[2024-04-21T21:05:13.253+0000] {processor.py:830} INFO - Processing file /home/airflow/.local/lib/python3.9/site-packages/airflow/example_dags/example_skip_dag.py for tasks to queue
[2024-04-21T21:05:13.255+0000] {logging_mixin.py:188} INFO - [2024-04-21T21:05:13.255+0000] {dagbag.py:540} INFO - Filling up the DagBag from /home/airflow/.local/lib/python3.9/site-packages/airflow/example_dags/example_skip_dag.py
[2024-04-21T21:05:13.262+0000] {processor.py:840} INFO - DAG(s) 'example_skip_dag' retrieved from /home/airflow/.local/lib/python3.9/site-packages/airflow/example_dags/example_skip_dag.py
[2024-04-21T21:05:13.327+0000] {logging_mixin.py:188} INFO - [2024-04-21T21:05:13.327+0000] {dag.py:3047} INFO - Sync 1 DAGs
[2024-04-21T21:05:13.360+0000] {logging_mixin.py:188} INFO - [2024-04-21T21:05:13.359+0000] {dag.py:3834} INFO - Setting next_dagrun for example_skip_dag to 2024-04-20 00:00:00+00:00, run_after=2024-04-21 00:00:00+00:00
[2024-04-21T21:05:13.396+0000] {processor.py:183} INFO - Processing /home/airflow/.local/lib/python3.9/site-packages/airflow/example_dags/example_skip_dag.py took 0.148 seconds
[2024-04-21T21:05:44.379+0000] {processor.py:161} INFO - Started process (PID=211) to work on /home/airflow/.local/lib/python3.9/site-packages/airflow/example_dags/example_skip_dag.py
[2024-04-21T21:05:44.382+0000] {processor.py:830} INFO - Processing file /home/airflow/.local/lib/python3.9/site-packages/airflow/example_dags/example_skip_dag.py for tasks to queue
[2024-04-21T21:05:44.389+0000] {logging_mixin.py:188} INFO - [2024-04-21T21:05:44.388+0000] {dagbag.py:540} INFO - Filling up the DagBag from /home/airflow/.local/lib/python3.9/site-packages/airflow/example_dags/example_skip_dag.py
[2024-04-21T21:05:44.411+0000] {processor.py:840} INFO - DAG(s) 'example_skip_dag' retrieved from /home/airflow/.local/lib/python3.9/site-packages/airflow/example_dags/example_skip_dag.py
[2024-04-21T21:05:44.702+0000] {logging_mixin.py:188} INFO - [2024-04-21T21:05:44.700+0000] {dag.py:3047} INFO - Sync 1 DAGs
[2024-04-21T21:05:44.783+0000] {logging_mixin.py:188} INFO - [2024-04-21T21:05:44.782+0000] {dag.py:3834} INFO - Setting next_dagrun for example_skip_dag to 2024-04-20 00:00:00+00:00, run_after=2024-04-21 00:00:00+00:00
[2024-04-21T21:05:44.885+0000] {processor.py:183} INFO - Processing /home/airflow/.local/lib/python3.9/site-packages/airflow/example_dags/example_skip_dag.py took 0.526 seconds
