[2024-04-21T19:52:07.927+0000] {processor.py:161} INFO - Started process (PID=82) to work on /home/airflow/.local/lib/python3.9/site-packages/airflow/example_dags/example_trigger_controller_dag.py
[2024-04-21T19:52:07.929+0000] {processor.py:830} INFO - Processing file /home/airflow/.local/lib/python3.9/site-packages/airflow/example_dags/example_trigger_controller_dag.py for tasks to queue
[2024-04-21T19:52:07.932+0000] {logging_mixin.py:188} INFO - [2024-04-21T19:52:07.932+0000] {dagbag.py:540} INFO - Filling up the DagBag from /home/airflow/.local/lib/python3.9/site-packages/airflow/example_dags/example_trigger_controller_dag.py
[2024-04-21T19:52:07.938+0000] {processor.py:840} INFO - DAG(s) 'example_trigger_controller_dag' retrieved from /home/airflow/.local/lib/python3.9/site-packages/airflow/example_dags/example_trigger_controller_dag.py
[2024-04-21T19:52:08.156+0000] {logging_mixin.py:188} INFO - [2024-04-21T19:52:08.155+0000] {dag.py:3047} INFO - Sync 1 DAGs
[2024-04-21T19:52:08.192+0000] {logging_mixin.py:188} INFO - [2024-04-21T19:52:08.192+0000] {dag.py:3834} INFO - Setting next_dagrun for example_trigger_controller_dag to 2021-01-01 00:00:00+00:00, run_after=2021-01-01 00:00:00+00:00
[2024-04-21T19:52:08.246+0000] {processor.py:183} INFO - Processing /home/airflow/.local/lib/python3.9/site-packages/airflow/example_dags/example_trigger_controller_dag.py took 0.323 seconds
[2024-04-21T19:52:38.830+0000] {processor.py:161} INFO - Started process (PID=139) to work on /home/airflow/.local/lib/python3.9/site-packages/airflow/example_dags/example_trigger_controller_dag.py
[2024-04-21T19:52:38.832+0000] {processor.py:830} INFO - Processing file /home/airflow/.local/lib/python3.9/site-packages/airflow/example_dags/example_trigger_controller_dag.py for tasks to queue
[2024-04-21T19:52:38.836+0000] {logging_mixin.py:188} INFO - [2024-04-21T19:52:38.835+0000] {dagbag.py:540} INFO - Filling up the DagBag from /home/airflow/.local/lib/python3.9/site-packages/airflow/example_dags/example_trigger_controller_dag.py
[2024-04-21T19:52:38.845+0000] {processor.py:840} INFO - DAG(s) 'example_trigger_controller_dag' retrieved from /home/airflow/.local/lib/python3.9/site-packages/airflow/example_dags/example_trigger_controller_dag.py
[2024-04-21T19:52:38.991+0000] {logging_mixin.py:188} INFO - [2024-04-21T19:52:38.990+0000] {dag.py:3047} INFO - Sync 1 DAGs
[2024-04-21T19:52:39.053+0000] {logging_mixin.py:188} INFO - [2024-04-21T19:52:39.052+0000] {dag.py:3834} INFO - Setting next_dagrun for example_trigger_controller_dag to 2021-01-01 00:00:00+00:00, run_after=2021-01-01 00:00:00+00:00
[2024-04-21T19:52:39.128+0000] {processor.py:183} INFO - Processing /home/airflow/.local/lib/python3.9/site-packages/airflow/example_dags/example_trigger_controller_dag.py took 0.303 seconds
[2024-04-21T19:53:09.220+0000] {processor.py:161} INFO - Started process (PID=195) to work on /home/airflow/.local/lib/python3.9/site-packages/airflow/example_dags/example_trigger_controller_dag.py
[2024-04-21T19:53:09.222+0000] {processor.py:830} INFO - Processing file /home/airflow/.local/lib/python3.9/site-packages/airflow/example_dags/example_trigger_controller_dag.py for tasks to queue
[2024-04-21T19:53:09.227+0000] {logging_mixin.py:188} INFO - [2024-04-21T19:53:09.226+0000] {dagbag.py:540} INFO - Filling up the DagBag from /home/airflow/.local/lib/python3.9/site-packages/airflow/example_dags/example_trigger_controller_dag.py
[2024-04-21T19:53:09.240+0000] {processor.py:840} INFO - DAG(s) 'example_trigger_controller_dag' retrieved from /home/airflow/.local/lib/python3.9/site-packages/airflow/example_dags/example_trigger_controller_dag.py
[2024-04-21T19:53:09.383+0000] {logging_mixin.py:188} INFO - [2024-04-21T19:53:09.382+0000] {dag.py:3047} INFO - Sync 1 DAGs
[2024-04-21T19:53:09.427+0000] {logging_mixin.py:188} INFO - [2024-04-21T19:53:09.426+0000] {dag.py:3834} INFO - Setting next_dagrun for example_trigger_controller_dag to 2021-01-01 00:00:00+00:00, run_after=2021-01-01 00:00:00+00:00
[2024-04-21T19:53:09.488+0000] {processor.py:183} INFO - Processing /home/airflow/.local/lib/python3.9/site-packages/airflow/example_dags/example_trigger_controller_dag.py took 0.277 seconds
[2024-04-21T19:53:40.371+0000] {processor.py:161} INFO - Started process (PID=256) to work on /home/airflow/.local/lib/python3.9/site-packages/airflow/example_dags/example_trigger_controller_dag.py
[2024-04-21T19:53:40.374+0000] {processor.py:830} INFO - Processing file /home/airflow/.local/lib/python3.9/site-packages/airflow/example_dags/example_trigger_controller_dag.py for tasks to queue
[2024-04-21T19:53:40.377+0000] {logging_mixin.py:188} INFO - [2024-04-21T19:53:40.376+0000] {dagbag.py:540} INFO - Filling up the DagBag from /home/airflow/.local/lib/python3.9/site-packages/airflow/example_dags/example_trigger_controller_dag.py
[2024-04-21T19:53:40.390+0000] {processor.py:840} INFO - DAG(s) 'example_trigger_controller_dag' retrieved from /home/airflow/.local/lib/python3.9/site-packages/airflow/example_dags/example_trigger_controller_dag.py
[2024-04-21T19:53:40.562+0000] {logging_mixin.py:188} INFO - [2024-04-21T19:53:40.561+0000] {dag.py:3047} INFO - Sync 1 DAGs
[2024-04-21T19:53:40.614+0000] {logging_mixin.py:188} INFO - [2024-04-21T19:53:40.613+0000] {dag.py:3834} INFO - Setting next_dagrun for example_trigger_controller_dag to 2021-01-01 00:00:00+00:00, run_after=2021-01-01 00:00:00+00:00
[2024-04-21T19:53:40.670+0000] {processor.py:183} INFO - Processing /home/airflow/.local/lib/python3.9/site-packages/airflow/example_dags/example_trigger_controller_dag.py took 0.307 seconds
[2024-04-21T19:54:37.313+0000] {processor.py:161} INFO - Started process (PID=76) to work on /home/airflow/.local/lib/python3.9/site-packages/airflow/example_dags/example_trigger_controller_dag.py
[2024-04-21T19:54:37.315+0000] {processor.py:830} INFO - Processing file /home/airflow/.local/lib/python3.9/site-packages/airflow/example_dags/example_trigger_controller_dag.py for tasks to queue
[2024-04-21T19:54:37.317+0000] {logging_mixin.py:188} INFO - [2024-04-21T19:54:37.317+0000] {dagbag.py:540} INFO - Filling up the DagBag from /home/airflow/.local/lib/python3.9/site-packages/airflow/example_dags/example_trigger_controller_dag.py
[2024-04-21T19:54:37.322+0000] {processor.py:840} INFO - DAG(s) 'example_trigger_controller_dag' retrieved from /home/airflow/.local/lib/python3.9/site-packages/airflow/example_dags/example_trigger_controller_dag.py
[2024-04-21T19:54:37.403+0000] {logging_mixin.py:188} INFO - [2024-04-21T19:54:37.402+0000] {dag.py:3047} INFO - Sync 1 DAGs
[2024-04-21T19:54:37.429+0000] {logging_mixin.py:188} INFO - [2024-04-21T19:54:37.429+0000] {dag.py:3834} INFO - Setting next_dagrun for example_trigger_controller_dag to 2021-01-01 00:00:00+00:00, run_after=2021-01-01 00:00:00+00:00
[2024-04-21T19:54:37.461+0000] {processor.py:183} INFO - Processing /home/airflow/.local/lib/python3.9/site-packages/airflow/example_dags/example_trigger_controller_dag.py took 0.151 seconds
[2024-04-21T19:55:22.780+0000] {processor.py:161} INFO - Started process (PID=143) to work on /home/airflow/.local/lib/python3.9/site-packages/airflow/example_dags/example_trigger_controller_dag.py
[2024-04-21T19:55:22.782+0000] {processor.py:830} INFO - Processing file /home/airflow/.local/lib/python3.9/site-packages/airflow/example_dags/example_trigger_controller_dag.py for tasks to queue
[2024-04-21T19:55:22.787+0000] {logging_mixin.py:188} INFO - [2024-04-21T19:55:22.786+0000] {dagbag.py:540} INFO - Filling up the DagBag from /home/airflow/.local/lib/python3.9/site-packages/airflow/example_dags/example_trigger_controller_dag.py
[2024-04-21T19:55:22.797+0000] {processor.py:840} INFO - DAG(s) 'example_trigger_controller_dag' retrieved from /home/airflow/.local/lib/python3.9/site-packages/airflow/example_dags/example_trigger_controller_dag.py
[2024-04-21T19:55:22.886+0000] {logging_mixin.py:188} INFO - [2024-04-21T19:55:22.885+0000] {dag.py:3047} INFO - Sync 1 DAGs
[2024-04-21T19:55:22.934+0000] {logging_mixin.py:188} INFO - [2024-04-21T19:55:22.934+0000] {dag.py:3834} INFO - Setting next_dagrun for example_trigger_controller_dag to 2021-01-01 00:00:00+00:00, run_after=2021-01-01 00:00:00+00:00
[2024-04-21T19:55:22.987+0000] {processor.py:183} INFO - Processing /home/airflow/.local/lib/python3.9/site-packages/airflow/example_dags/example_trigger_controller_dag.py took 0.213 seconds
[2024-04-21T19:59:02.700+0000] {processor.py:161} INFO - Started process (PID=217) to work on /home/airflow/.local/lib/python3.9/site-packages/airflow/example_dags/example_trigger_controller_dag.py
[2024-04-21T19:59:02.702+0000] {processor.py:830} INFO - Processing file /home/airflow/.local/lib/python3.9/site-packages/airflow/example_dags/example_trigger_controller_dag.py for tasks to queue
[2024-04-21T19:59:02.704+0000] {logging_mixin.py:188} INFO - [2024-04-21T19:59:02.703+0000] {dagbag.py:540} INFO - Filling up the DagBag from /home/airflow/.local/lib/python3.9/site-packages/airflow/example_dags/example_trigger_controller_dag.py
[2024-04-21T19:59:02.711+0000] {processor.py:840} INFO - DAG(s) 'example_trigger_controller_dag' retrieved from /home/airflow/.local/lib/python3.9/site-packages/airflow/example_dags/example_trigger_controller_dag.py
[2024-04-21T19:59:02.816+0000] {logging_mixin.py:188} INFO - [2024-04-21T19:59:02.815+0000] {dag.py:3047} INFO - Sync 1 DAGs
[2024-04-21T19:59:02.853+0000] {logging_mixin.py:188} INFO - [2024-04-21T19:59:02.853+0000] {dag.py:3834} INFO - Setting next_dagrun for example_trigger_controller_dag to 2021-01-01 00:00:00+00:00, run_after=2021-01-01 00:00:00+00:00
[2024-04-21T19:59:02.917+0000] {processor.py:183} INFO - Processing /home/airflow/.local/lib/python3.9/site-packages/airflow/example_dags/example_trigger_controller_dag.py took 0.224 seconds
[2024-04-21T20:03:13.530+0000] {processor.py:161} INFO - Started process (PID=289) to work on /home/airflow/.local/lib/python3.9/site-packages/airflow/example_dags/example_trigger_controller_dag.py
[2024-04-21T20:03:13.532+0000] {processor.py:830} INFO - Processing file /home/airflow/.local/lib/python3.9/site-packages/airflow/example_dags/example_trigger_controller_dag.py for tasks to queue
[2024-04-21T20:03:13.534+0000] {logging_mixin.py:188} INFO - [2024-04-21T20:03:13.533+0000] {dagbag.py:540} INFO - Filling up the DagBag from /home/airflow/.local/lib/python3.9/site-packages/airflow/example_dags/example_trigger_controller_dag.py
[2024-04-21T20:03:13.539+0000] {processor.py:840} INFO - DAG(s) 'example_trigger_controller_dag' retrieved from /home/airflow/.local/lib/python3.9/site-packages/airflow/example_dags/example_trigger_controller_dag.py
[2024-04-21T20:03:13.610+0000] {logging_mixin.py:188} INFO - [2024-04-21T20:03:13.610+0000] {dag.py:3047} INFO - Sync 1 DAGs
[2024-04-21T20:03:13.633+0000] {logging_mixin.py:188} INFO - [2024-04-21T20:03:13.632+0000] {dag.py:3834} INFO - Setting next_dagrun for example_trigger_controller_dag to 2021-01-01 00:00:00+00:00, run_after=2021-01-01 00:00:00+00:00
[2024-04-21T20:03:13.672+0000] {processor.py:183} INFO - Processing /home/airflow/.local/lib/python3.9/site-packages/airflow/example_dags/example_trigger_controller_dag.py took 0.145 seconds
[2024-04-21T20:04:22.682+0000] {processor.py:161} INFO - Started process (PID=356) to work on /home/airflow/.local/lib/python3.9/site-packages/airflow/example_dags/example_trigger_controller_dag.py
[2024-04-21T20:04:22.684+0000] {processor.py:830} INFO - Processing file /home/airflow/.local/lib/python3.9/site-packages/airflow/example_dags/example_trigger_controller_dag.py for tasks to queue
[2024-04-21T20:04:22.685+0000] {logging_mixin.py:188} INFO - [2024-04-21T20:04:22.685+0000] {dagbag.py:540} INFO - Filling up the DagBag from /home/airflow/.local/lib/python3.9/site-packages/airflow/example_dags/example_trigger_controller_dag.py
[2024-04-21T20:04:22.692+0000] {processor.py:840} INFO - DAG(s) 'example_trigger_controller_dag' retrieved from /home/airflow/.local/lib/python3.9/site-packages/airflow/example_dags/example_trigger_controller_dag.py
[2024-04-21T20:04:22.762+0000] {logging_mixin.py:188} INFO - [2024-04-21T20:04:22.761+0000] {dag.py:3047} INFO - Sync 1 DAGs
[2024-04-21T20:04:22.782+0000] {logging_mixin.py:188} INFO - [2024-04-21T20:04:22.782+0000] {dag.py:3834} INFO - Setting next_dagrun for example_trigger_controller_dag to 2021-01-01 00:00:00+00:00, run_after=2021-01-01 00:00:00+00:00
[2024-04-21T20:04:22.818+0000] {processor.py:183} INFO - Processing /home/airflow/.local/lib/python3.9/site-packages/airflow/example_dags/example_trigger_controller_dag.py took 0.140 seconds
[2024-04-21T20:04:53.846+0000] {processor.py:161} INFO - Started process (PID=412) to work on /home/airflow/.local/lib/python3.9/site-packages/airflow/example_dags/example_trigger_controller_dag.py
[2024-04-21T20:04:53.848+0000] {processor.py:830} INFO - Processing file /home/airflow/.local/lib/python3.9/site-packages/airflow/example_dags/example_trigger_controller_dag.py for tasks to queue
[2024-04-21T20:04:53.851+0000] {logging_mixin.py:188} INFO - [2024-04-21T20:04:53.850+0000] {dagbag.py:540} INFO - Filling up the DagBag from /home/airflow/.local/lib/python3.9/site-packages/airflow/example_dags/example_trigger_controller_dag.py
[2024-04-21T20:04:53.858+0000] {processor.py:840} INFO - DAG(s) 'example_trigger_controller_dag' retrieved from /home/airflow/.local/lib/python3.9/site-packages/airflow/example_dags/example_trigger_controller_dag.py
[2024-04-21T20:04:53.921+0000] {logging_mixin.py:188} INFO - [2024-04-21T20:04:53.921+0000] {dag.py:3047} INFO - Sync 1 DAGs
[2024-04-21T20:04:53.950+0000] {logging_mixin.py:188} INFO - [2024-04-21T20:04:53.949+0000] {dag.py:3834} INFO - Setting next_dagrun for example_trigger_controller_dag to 2021-01-01 00:00:00+00:00, run_after=2021-01-01 00:00:00+00:00
[2024-04-21T20:04:53.989+0000] {processor.py:183} INFO - Processing /home/airflow/.local/lib/python3.9/site-packages/airflow/example_dags/example_trigger_controller_dag.py took 0.147 seconds
[2024-04-21T20:05:24.576+0000] {processor.py:161} INFO - Started process (PID=469) to work on /home/airflow/.local/lib/python3.9/site-packages/airflow/example_dags/example_trigger_controller_dag.py
[2024-04-21T20:05:24.578+0000] {processor.py:830} INFO - Processing file /home/airflow/.local/lib/python3.9/site-packages/airflow/example_dags/example_trigger_controller_dag.py for tasks to queue
[2024-04-21T20:05:24.580+0000] {logging_mixin.py:188} INFO - [2024-04-21T20:05:24.580+0000] {dagbag.py:540} INFO - Filling up the DagBag from /home/airflow/.local/lib/python3.9/site-packages/airflow/example_dags/example_trigger_controller_dag.py
[2024-04-21T20:05:24.588+0000] {processor.py:840} INFO - DAG(s) 'example_trigger_controller_dag' retrieved from /home/airflow/.local/lib/python3.9/site-packages/airflow/example_dags/example_trigger_controller_dag.py
[2024-04-21T20:05:24.683+0000] {logging_mixin.py:188} INFO - [2024-04-21T20:05:24.683+0000] {dag.py:3047} INFO - Sync 1 DAGs
[2024-04-21T20:05:24.717+0000] {logging_mixin.py:188} INFO - [2024-04-21T20:05:24.716+0000] {dag.py:3834} INFO - Setting next_dagrun for example_trigger_controller_dag to 2021-01-01 00:00:00+00:00, run_after=2021-01-01 00:00:00+00:00
[2024-04-21T20:05:24.774+0000] {processor.py:183} INFO - Processing /home/airflow/.local/lib/python3.9/site-packages/airflow/example_dags/example_trigger_controller_dag.py took 0.202 seconds
[2024-04-21T20:05:57.010+0000] {processor.py:161} INFO - Started process (PID=527) to work on /home/airflow/.local/lib/python3.9/site-packages/airflow/example_dags/example_trigger_controller_dag.py
[2024-04-21T20:05:57.013+0000] {processor.py:830} INFO - Processing file /home/airflow/.local/lib/python3.9/site-packages/airflow/example_dags/example_trigger_controller_dag.py for tasks to queue
[2024-04-21T20:05:57.016+0000] {logging_mixin.py:188} INFO - [2024-04-21T20:05:57.015+0000] {dagbag.py:540} INFO - Filling up the DagBag from /home/airflow/.local/lib/python3.9/site-packages/airflow/example_dags/example_trigger_controller_dag.py
[2024-04-21T20:05:57.024+0000] {processor.py:840} INFO - DAG(s) 'example_trigger_controller_dag' retrieved from /home/airflow/.local/lib/python3.9/site-packages/airflow/example_dags/example_trigger_controller_dag.py
[2024-04-21T20:05:57.157+0000] {logging_mixin.py:188} INFO - [2024-04-21T20:05:57.157+0000] {dag.py:3047} INFO - Sync 1 DAGs
[2024-04-21T20:05:57.218+0000] {logging_mixin.py:188} INFO - [2024-04-21T20:05:57.217+0000] {dag.py:3834} INFO - Setting next_dagrun for example_trigger_controller_dag to 2021-01-01 00:00:00+00:00, run_after=2021-01-01 00:00:00+00:00
[2024-04-21T20:05:57.277+0000] {processor.py:183} INFO - Processing /home/airflow/.local/lib/python3.9/site-packages/airflow/example_dags/example_trigger_controller_dag.py took 0.271 seconds
[2024-04-21T20:06:49.803+0000] {processor.py:161} INFO - Started process (PID=590) to work on /home/airflow/.local/lib/python3.9/site-packages/airflow/example_dags/example_trigger_controller_dag.py
[2024-04-21T20:06:49.805+0000] {processor.py:830} INFO - Processing file /home/airflow/.local/lib/python3.9/site-packages/airflow/example_dags/example_trigger_controller_dag.py for tasks to queue
[2024-04-21T20:06:49.806+0000] {logging_mixin.py:188} INFO - [2024-04-21T20:06:49.806+0000] {dagbag.py:540} INFO - Filling up the DagBag from /home/airflow/.local/lib/python3.9/site-packages/airflow/example_dags/example_trigger_controller_dag.py
[2024-04-21T20:06:49.814+0000] {processor.py:840} INFO - DAG(s) 'example_trigger_controller_dag' retrieved from /home/airflow/.local/lib/python3.9/site-packages/airflow/example_dags/example_trigger_controller_dag.py
[2024-04-21T20:06:49.915+0000] {logging_mixin.py:188} INFO - [2024-04-21T20:06:49.914+0000] {dag.py:3047} INFO - Sync 1 DAGs
[2024-04-21T20:06:49.936+0000] {logging_mixin.py:188} INFO - [2024-04-21T20:06:49.935+0000] {dag.py:3834} INFO - Setting next_dagrun for example_trigger_controller_dag to 2021-01-01 00:00:00+00:00, run_after=2021-01-01 00:00:00+00:00
[2024-04-21T20:06:49.976+0000] {processor.py:183} INFO - Processing /home/airflow/.local/lib/python3.9/site-packages/airflow/example_dags/example_trigger_controller_dag.py took 0.177 seconds
[2024-04-21T20:07:21.189+0000] {processor.py:161} INFO - Started process (PID=648) to work on /home/airflow/.local/lib/python3.9/site-packages/airflow/example_dags/example_trigger_controller_dag.py
[2024-04-21T20:07:21.191+0000] {processor.py:830} INFO - Processing file /home/airflow/.local/lib/python3.9/site-packages/airflow/example_dags/example_trigger_controller_dag.py for tasks to queue
[2024-04-21T20:07:21.193+0000] {logging_mixin.py:188} INFO - [2024-04-21T20:07:21.192+0000] {dagbag.py:540} INFO - Filling up the DagBag from /home/airflow/.local/lib/python3.9/site-packages/airflow/example_dags/example_trigger_controller_dag.py
[2024-04-21T20:07:21.201+0000] {processor.py:840} INFO - DAG(s) 'example_trigger_controller_dag' retrieved from /home/airflow/.local/lib/python3.9/site-packages/airflow/example_dags/example_trigger_controller_dag.py
[2024-04-21T20:07:21.333+0000] {logging_mixin.py:188} INFO - [2024-04-21T20:07:21.332+0000] {dag.py:3047} INFO - Sync 1 DAGs
[2024-04-21T20:07:21.402+0000] {logging_mixin.py:188} INFO - [2024-04-21T20:07:21.398+0000] {dag.py:3834} INFO - Setting next_dagrun for example_trigger_controller_dag to 2021-01-01 00:00:00+00:00, run_after=2021-01-01 00:00:00+00:00
[2024-04-21T20:07:21.545+0000] {processor.py:183} INFO - Processing /home/airflow/.local/lib/python3.9/site-packages/airflow/example_dags/example_trigger_controller_dag.py took 0.360 seconds
[2024-04-21T20:07:52.182+0000] {processor.py:161} INFO - Started process (PID=704) to work on /home/airflow/.local/lib/python3.9/site-packages/airflow/example_dags/example_trigger_controller_dag.py
[2024-04-21T20:07:52.183+0000] {processor.py:830} INFO - Processing file /home/airflow/.local/lib/python3.9/site-packages/airflow/example_dags/example_trigger_controller_dag.py for tasks to queue
[2024-04-21T20:07:52.185+0000] {logging_mixin.py:188} INFO - [2024-04-21T20:07:52.185+0000] {dagbag.py:540} INFO - Filling up the DagBag from /home/airflow/.local/lib/python3.9/site-packages/airflow/example_dags/example_trigger_controller_dag.py
[2024-04-21T20:07:52.193+0000] {processor.py:840} INFO - DAG(s) 'example_trigger_controller_dag' retrieved from /home/airflow/.local/lib/python3.9/site-packages/airflow/example_dags/example_trigger_controller_dag.py
[2024-04-21T20:07:52.288+0000] {logging_mixin.py:188} INFO - [2024-04-21T20:07:52.288+0000] {dag.py:3047} INFO - Sync 1 DAGs
[2024-04-21T20:07:52.325+0000] {logging_mixin.py:188} INFO - [2024-04-21T20:07:52.324+0000] {dag.py:3834} INFO - Setting next_dagrun for example_trigger_controller_dag to 2021-01-01 00:00:00+00:00, run_after=2021-01-01 00:00:00+00:00
[2024-04-21T20:07:52.370+0000] {processor.py:183} INFO - Processing /home/airflow/.local/lib/python3.9/site-packages/airflow/example_dags/example_trigger_controller_dag.py took 0.192 seconds
[2024-04-21T20:08:24.118+0000] {processor.py:161} INFO - Started process (PID=760) to work on /home/airflow/.local/lib/python3.9/site-packages/airflow/example_dags/example_trigger_controller_dag.py
[2024-04-21T20:08:24.119+0000] {processor.py:830} INFO - Processing file /home/airflow/.local/lib/python3.9/site-packages/airflow/example_dags/example_trigger_controller_dag.py for tasks to queue
[2024-04-21T20:08:24.121+0000] {logging_mixin.py:188} INFO - [2024-04-21T20:08:24.121+0000] {dagbag.py:540} INFO - Filling up the DagBag from /home/airflow/.local/lib/python3.9/site-packages/airflow/example_dags/example_trigger_controller_dag.py
[2024-04-21T20:08:24.128+0000] {processor.py:840} INFO - DAG(s) 'example_trigger_controller_dag' retrieved from /home/airflow/.local/lib/python3.9/site-packages/airflow/example_dags/example_trigger_controller_dag.py
[2024-04-21T20:08:24.225+0000] {logging_mixin.py:188} INFO - [2024-04-21T20:08:24.225+0000] {dag.py:3047} INFO - Sync 1 DAGs
[2024-04-21T20:08:24.254+0000] {logging_mixin.py:188} INFO - [2024-04-21T20:08:24.253+0000] {dag.py:3834} INFO - Setting next_dagrun for example_trigger_controller_dag to 2021-01-01 00:00:00+00:00, run_after=2021-01-01 00:00:00+00:00
[2024-04-21T20:08:24.301+0000] {processor.py:183} INFO - Processing /home/airflow/.local/lib/python3.9/site-packages/airflow/example_dags/example_trigger_controller_dag.py took 0.187 seconds
[2024-04-21T20:10:06.785+0000] {processor.py:161} INFO - Started process (PID=832) to work on /home/airflow/.local/lib/python3.9/site-packages/airflow/example_dags/example_trigger_controller_dag.py
[2024-04-21T20:10:06.787+0000] {processor.py:830} INFO - Processing file /home/airflow/.local/lib/python3.9/site-packages/airflow/example_dags/example_trigger_controller_dag.py for tasks to queue
[2024-04-21T20:10:06.789+0000] {logging_mixin.py:188} INFO - [2024-04-21T20:10:06.788+0000] {dagbag.py:540} INFO - Filling up the DagBag from /home/airflow/.local/lib/python3.9/site-packages/airflow/example_dags/example_trigger_controller_dag.py
[2024-04-21T20:10:06.796+0000] {processor.py:840} INFO - DAG(s) 'example_trigger_controller_dag' retrieved from /home/airflow/.local/lib/python3.9/site-packages/airflow/example_dags/example_trigger_controller_dag.py
[2024-04-21T20:10:06.879+0000] {logging_mixin.py:188} INFO - [2024-04-21T20:10:06.879+0000] {dag.py:3047} INFO - Sync 1 DAGs
[2024-04-21T20:10:06.903+0000] {logging_mixin.py:188} INFO - [2024-04-21T20:10:06.903+0000] {dag.py:3834} INFO - Setting next_dagrun for example_trigger_controller_dag to 2021-01-01 00:00:00+00:00, run_after=2021-01-01 00:00:00+00:00
[2024-04-21T20:10:06.936+0000] {processor.py:183} INFO - Processing /home/airflow/.local/lib/python3.9/site-packages/airflow/example_dags/example_trigger_controller_dag.py took 0.154 seconds
[2024-04-21T20:10:37.982+0000] {processor.py:161} INFO - Started process (PID=889) to work on /home/airflow/.local/lib/python3.9/site-packages/airflow/example_dags/example_trigger_controller_dag.py
[2024-04-21T20:10:37.983+0000] {processor.py:830} INFO - Processing file /home/airflow/.local/lib/python3.9/site-packages/airflow/example_dags/example_trigger_controller_dag.py for tasks to queue
[2024-04-21T20:10:37.986+0000] {logging_mixin.py:188} INFO - [2024-04-21T20:10:37.984+0000] {dagbag.py:540} INFO - Filling up the DagBag from /home/airflow/.local/lib/python3.9/site-packages/airflow/example_dags/example_trigger_controller_dag.py
[2024-04-21T20:10:37.993+0000] {processor.py:840} INFO - DAG(s) 'example_trigger_controller_dag' retrieved from /home/airflow/.local/lib/python3.9/site-packages/airflow/example_dags/example_trigger_controller_dag.py
[2024-04-21T20:10:38.432+0000] {logging_mixin.py:188} INFO - [2024-04-21T20:10:38.420+0000] {dag.py:3047} INFO - Sync 1 DAGs
[2024-04-21T20:10:39.220+0000] {logging_mixin.py:188} INFO - [2024-04-21T20:10:39.204+0000] {dag.py:3834} INFO - Setting next_dagrun for example_trigger_controller_dag to 2021-01-01 00:00:00+00:00, run_after=2021-01-01 00:00:00+00:00
[2024-04-21T20:10:41.691+0000] {processor.py:183} INFO - Processing /home/airflow/.local/lib/python3.9/site-packages/airflow/example_dags/example_trigger_controller_dag.py took 3.714 seconds
[2024-04-21T20:11:12.157+0000] {processor.py:161} INFO - Started process (PID=948) to work on /home/airflow/.local/lib/python3.9/site-packages/airflow/example_dags/example_trigger_controller_dag.py
[2024-04-21T20:11:12.158+0000] {processor.py:830} INFO - Processing file /home/airflow/.local/lib/python3.9/site-packages/airflow/example_dags/example_trigger_controller_dag.py for tasks to queue
[2024-04-21T20:11:12.160+0000] {logging_mixin.py:188} INFO - [2024-04-21T20:11:12.160+0000] {dagbag.py:540} INFO - Filling up the DagBag from /home/airflow/.local/lib/python3.9/site-packages/airflow/example_dags/example_trigger_controller_dag.py
[2024-04-21T20:11:12.169+0000] {processor.py:840} INFO - DAG(s) 'example_trigger_controller_dag' retrieved from /home/airflow/.local/lib/python3.9/site-packages/airflow/example_dags/example_trigger_controller_dag.py
[2024-04-21T20:11:12.237+0000] {logging_mixin.py:188} INFO - [2024-04-21T20:11:12.237+0000] {dag.py:3047} INFO - Sync 1 DAGs
[2024-04-21T20:11:12.277+0000] {logging_mixin.py:188} INFO - [2024-04-21T20:11:12.276+0000] {dag.py:3834} INFO - Setting next_dagrun for example_trigger_controller_dag to 2021-01-01 00:00:00+00:00, run_after=2021-01-01 00:00:00+00:00
[2024-04-21T20:11:12.331+0000] {processor.py:183} INFO - Processing /home/airflow/.local/lib/python3.9/site-packages/airflow/example_dags/example_trigger_controller_dag.py took 0.179 seconds
[2024-04-21T20:14:25.375+0000] {processor.py:161} INFO - Started process (PID=76) to work on /home/airflow/.local/lib/python3.9/site-packages/airflow/example_dags/example_trigger_controller_dag.py
[2024-04-21T20:14:25.377+0000] {processor.py:830} INFO - Processing file /home/airflow/.local/lib/python3.9/site-packages/airflow/example_dags/example_trigger_controller_dag.py for tasks to queue
[2024-04-21T20:14:25.379+0000] {logging_mixin.py:188} INFO - [2024-04-21T20:14:25.378+0000] {dagbag.py:540} INFO - Filling up the DagBag from /home/airflow/.local/lib/python3.9/site-packages/airflow/example_dags/example_trigger_controller_dag.py
[2024-04-21T20:14:25.385+0000] {processor.py:840} INFO - DAG(s) 'example_trigger_controller_dag' retrieved from /home/airflow/.local/lib/python3.9/site-packages/airflow/example_dags/example_trigger_controller_dag.py
[2024-04-21T20:14:25.542+0000] {logging_mixin.py:188} INFO - [2024-04-21T20:14:25.542+0000] {dag.py:3047} INFO - Sync 1 DAGs
[2024-04-21T20:14:25.565+0000] {logging_mixin.py:188} INFO - [2024-04-21T20:14:25.565+0000] {dag.py:3834} INFO - Setting next_dagrun for example_trigger_controller_dag to 2021-01-01 00:00:00+00:00, run_after=2021-01-01 00:00:00+00:00
[2024-04-21T20:14:25.604+0000] {processor.py:183} INFO - Processing /home/airflow/.local/lib/python3.9/site-packages/airflow/example_dags/example_trigger_controller_dag.py took 0.232 seconds
[2024-04-21T20:14:56.306+0000] {processor.py:161} INFO - Started process (PID=134) to work on /home/airflow/.local/lib/python3.9/site-packages/airflow/example_dags/example_trigger_controller_dag.py
[2024-04-21T20:14:56.308+0000] {processor.py:830} INFO - Processing file /home/airflow/.local/lib/python3.9/site-packages/airflow/example_dags/example_trigger_controller_dag.py for tasks to queue
[2024-04-21T20:14:56.310+0000] {logging_mixin.py:188} INFO - [2024-04-21T20:14:56.309+0000] {dagbag.py:540} INFO - Filling up the DagBag from /home/airflow/.local/lib/python3.9/site-packages/airflow/example_dags/example_trigger_controller_dag.py
[2024-04-21T20:14:56.315+0000] {processor.py:840} INFO - DAG(s) 'example_trigger_controller_dag' retrieved from /home/airflow/.local/lib/python3.9/site-packages/airflow/example_dags/example_trigger_controller_dag.py
[2024-04-21T20:14:56.386+0000] {logging_mixin.py:188} INFO - [2024-04-21T20:14:56.386+0000] {dag.py:3047} INFO - Sync 1 DAGs
[2024-04-21T20:14:56.434+0000] {logging_mixin.py:188} INFO - [2024-04-21T20:14:56.433+0000] {dag.py:3834} INFO - Setting next_dagrun for example_trigger_controller_dag to 2021-01-01 00:00:00+00:00, run_after=2021-01-01 00:00:00+00:00
[2024-04-21T20:14:56.525+0000] {processor.py:183} INFO - Processing /home/airflow/.local/lib/python3.9/site-packages/airflow/example_dags/example_trigger_controller_dag.py took 0.222 seconds
[2024-04-21T20:15:27.343+0000] {processor.py:161} INFO - Started process (PID=191) to work on /home/airflow/.local/lib/python3.9/site-packages/airflow/example_dags/example_trigger_controller_dag.py
[2024-04-21T20:15:27.344+0000] {processor.py:830} INFO - Processing file /home/airflow/.local/lib/python3.9/site-packages/airflow/example_dags/example_trigger_controller_dag.py for tasks to queue
[2024-04-21T20:15:27.346+0000] {logging_mixin.py:188} INFO - [2024-04-21T20:15:27.346+0000] {dagbag.py:540} INFO - Filling up the DagBag from /home/airflow/.local/lib/python3.9/site-packages/airflow/example_dags/example_trigger_controller_dag.py
[2024-04-21T20:15:27.352+0000] {processor.py:840} INFO - DAG(s) 'example_trigger_controller_dag' retrieved from /home/airflow/.local/lib/python3.9/site-packages/airflow/example_dags/example_trigger_controller_dag.py
[2024-04-21T20:15:27.408+0000] {logging_mixin.py:188} INFO - [2024-04-21T20:15:27.408+0000] {dag.py:3047} INFO - Sync 1 DAGs
[2024-04-21T20:15:27.432+0000] {logging_mixin.py:188} INFO - [2024-04-21T20:15:27.432+0000] {dag.py:3834} INFO - Setting next_dagrun for example_trigger_controller_dag to 2021-01-01 00:00:00+00:00, run_after=2021-01-01 00:00:00+00:00
[2024-04-21T20:15:27.464+0000] {processor.py:183} INFO - Processing /home/airflow/.local/lib/python3.9/site-packages/airflow/example_dags/example_trigger_controller_dag.py took 0.125 seconds
[2024-04-21T20:16:19.430+0000] {processor.py:161} INFO - Started process (PID=76) to work on /home/airflow/.local/lib/python3.9/site-packages/airflow/example_dags/example_trigger_controller_dag.py
[2024-04-21T20:16:19.432+0000] {processor.py:830} INFO - Processing file /home/airflow/.local/lib/python3.9/site-packages/airflow/example_dags/example_trigger_controller_dag.py for tasks to queue
[2024-04-21T20:16:19.435+0000] {logging_mixin.py:188} INFO - [2024-04-21T20:16:19.434+0000] {dagbag.py:540} INFO - Filling up the DagBag from /home/airflow/.local/lib/python3.9/site-packages/airflow/example_dags/example_trigger_controller_dag.py
[2024-04-21T20:16:19.441+0000] {processor.py:840} INFO - DAG(s) 'example_trigger_controller_dag' retrieved from /home/airflow/.local/lib/python3.9/site-packages/airflow/example_dags/example_trigger_controller_dag.py
[2024-04-21T20:16:19.529+0000] {logging_mixin.py:188} INFO - [2024-04-21T20:16:19.528+0000] {dag.py:3047} INFO - Sync 1 DAGs
[2024-04-21T20:16:19.564+0000] {logging_mixin.py:188} INFO - [2024-04-21T20:16:19.563+0000] {dag.py:3834} INFO - Setting next_dagrun for example_trigger_controller_dag to 2021-01-01 00:00:00+00:00, run_after=2021-01-01 00:00:00+00:00
[2024-04-21T20:16:19.622+0000] {processor.py:183} INFO - Processing /home/airflow/.local/lib/python3.9/site-packages/airflow/example_dags/example_trigger_controller_dag.py took 0.195 seconds
[2024-04-21T20:16:49.901+0000] {processor.py:161} INFO - Started process (PID=132) to work on /home/airflow/.local/lib/python3.9/site-packages/airflow/example_dags/example_trigger_controller_dag.py
[2024-04-21T20:16:49.903+0000] {processor.py:830} INFO - Processing file /home/airflow/.local/lib/python3.9/site-packages/airflow/example_dags/example_trigger_controller_dag.py for tasks to queue
[2024-04-21T20:16:49.905+0000] {logging_mixin.py:188} INFO - [2024-04-21T20:16:49.904+0000] {dagbag.py:540} INFO - Filling up the DagBag from /home/airflow/.local/lib/python3.9/site-packages/airflow/example_dags/example_trigger_controller_dag.py
[2024-04-21T20:16:49.910+0000] {processor.py:840} INFO - DAG(s) 'example_trigger_controller_dag' retrieved from /home/airflow/.local/lib/python3.9/site-packages/airflow/example_dags/example_trigger_controller_dag.py
[2024-04-21T20:16:49.965+0000] {logging_mixin.py:188} INFO - [2024-04-21T20:16:49.965+0000] {dag.py:3047} INFO - Sync 1 DAGs
[2024-04-21T20:16:49.988+0000] {logging_mixin.py:188} INFO - [2024-04-21T20:16:49.987+0000] {dag.py:3834} INFO - Setting next_dagrun for example_trigger_controller_dag to 2021-01-01 00:00:00+00:00, run_after=2021-01-01 00:00:00+00:00
[2024-04-21T20:16:50.018+0000] {processor.py:183} INFO - Processing /home/airflow/.local/lib/python3.9/site-packages/airflow/example_dags/example_trigger_controller_dag.py took 0.120 seconds
[2024-04-21T20:17:20.216+0000] {processor.py:161} INFO - Started process (PID=189) to work on /home/airflow/.local/lib/python3.9/site-packages/airflow/example_dags/example_trigger_controller_dag.py
[2024-04-21T20:17:20.217+0000] {processor.py:830} INFO - Processing file /home/airflow/.local/lib/python3.9/site-packages/airflow/example_dags/example_trigger_controller_dag.py for tasks to queue
[2024-04-21T20:17:20.219+0000] {logging_mixin.py:188} INFO - [2024-04-21T20:17:20.219+0000] {dagbag.py:540} INFO - Filling up the DagBag from /home/airflow/.local/lib/python3.9/site-packages/airflow/example_dags/example_trigger_controller_dag.py
[2024-04-21T20:17:20.225+0000] {processor.py:840} INFO - DAG(s) 'example_trigger_controller_dag' retrieved from /home/airflow/.local/lib/python3.9/site-packages/airflow/example_dags/example_trigger_controller_dag.py
[2024-04-21T20:17:20.277+0000] {logging_mixin.py:188} INFO - [2024-04-21T20:17:20.276+0000] {dag.py:3047} INFO - Sync 1 DAGs
[2024-04-21T20:17:20.297+0000] {logging_mixin.py:188} INFO - [2024-04-21T20:17:20.297+0000] {dag.py:3834} INFO - Setting next_dagrun for example_trigger_controller_dag to 2021-01-01 00:00:00+00:00, run_after=2021-01-01 00:00:00+00:00
[2024-04-21T20:17:20.327+0000] {processor.py:183} INFO - Processing /home/airflow/.local/lib/python3.9/site-packages/airflow/example_dags/example_trigger_controller_dag.py took 0.114 seconds
[2024-04-21T20:17:50.851+0000] {processor.py:161} INFO - Started process (PID=246) to work on /home/airflow/.local/lib/python3.9/site-packages/airflow/example_dags/example_trigger_controller_dag.py
[2024-04-21T20:17:50.852+0000] {processor.py:830} INFO - Processing file /home/airflow/.local/lib/python3.9/site-packages/airflow/example_dags/example_trigger_controller_dag.py for tasks to queue
[2024-04-21T20:17:50.855+0000] {logging_mixin.py:188} INFO - [2024-04-21T20:17:50.854+0000] {dagbag.py:540} INFO - Filling up the DagBag from /home/airflow/.local/lib/python3.9/site-packages/airflow/example_dags/example_trigger_controller_dag.py
[2024-04-21T20:17:50.860+0000] {processor.py:840} INFO - DAG(s) 'example_trigger_controller_dag' retrieved from /home/airflow/.local/lib/python3.9/site-packages/airflow/example_dags/example_trigger_controller_dag.py
[2024-04-21T20:17:50.913+0000] {logging_mixin.py:188} INFO - [2024-04-21T20:17:50.912+0000] {dag.py:3047} INFO - Sync 1 DAGs
[2024-04-21T20:17:50.934+0000] {logging_mixin.py:188} INFO - [2024-04-21T20:17:50.934+0000] {dag.py:3834} INFO - Setting next_dagrun for example_trigger_controller_dag to 2021-01-01 00:00:00+00:00, run_after=2021-01-01 00:00:00+00:00
[2024-04-21T20:17:50.963+0000] {processor.py:183} INFO - Processing /home/airflow/.local/lib/python3.9/site-packages/airflow/example_dags/example_trigger_controller_dag.py took 0.115 seconds
[2024-04-21T20:18:21.925+0000] {processor.py:161} INFO - Started process (PID=303) to work on /home/airflow/.local/lib/python3.9/site-packages/airflow/example_dags/example_trigger_controller_dag.py
[2024-04-21T20:18:21.926+0000] {processor.py:830} INFO - Processing file /home/airflow/.local/lib/python3.9/site-packages/airflow/example_dags/example_trigger_controller_dag.py for tasks to queue
[2024-04-21T20:18:21.929+0000] {logging_mixin.py:188} INFO - [2024-04-21T20:18:21.928+0000] {dagbag.py:540} INFO - Filling up the DagBag from /home/airflow/.local/lib/python3.9/site-packages/airflow/example_dags/example_trigger_controller_dag.py
[2024-04-21T20:18:21.935+0000] {processor.py:840} INFO - DAG(s) 'example_trigger_controller_dag' retrieved from /home/airflow/.local/lib/python3.9/site-packages/airflow/example_dags/example_trigger_controller_dag.py
[2024-04-21T20:18:21.998+0000] {logging_mixin.py:188} INFO - [2024-04-21T20:18:21.998+0000] {dag.py:3047} INFO - Sync 1 DAGs
[2024-04-21T20:18:22.023+0000] {logging_mixin.py:188} INFO - [2024-04-21T20:18:22.023+0000] {dag.py:3834} INFO - Setting next_dagrun for example_trigger_controller_dag to 2021-01-01 00:00:00+00:00, run_after=2021-01-01 00:00:00+00:00
[2024-04-21T20:18:22.058+0000] {processor.py:183} INFO - Processing /home/airflow/.local/lib/python3.9/site-packages/airflow/example_dags/example_trigger_controller_dag.py took 0.136 seconds
[2024-04-21T20:18:53.704+0000] {processor.py:161} INFO - Started process (PID=360) to work on /home/airflow/.local/lib/python3.9/site-packages/airflow/example_dags/example_trigger_controller_dag.py
[2024-04-21T20:18:53.706+0000] {processor.py:830} INFO - Processing file /home/airflow/.local/lib/python3.9/site-packages/airflow/example_dags/example_trigger_controller_dag.py for tasks to queue
[2024-04-21T20:18:53.709+0000] {logging_mixin.py:188} INFO - [2024-04-21T20:18:53.708+0000] {dagbag.py:540} INFO - Filling up the DagBag from /home/airflow/.local/lib/python3.9/site-packages/airflow/example_dags/example_trigger_controller_dag.py
[2024-04-21T20:18:53.715+0000] {processor.py:840} INFO - DAG(s) 'example_trigger_controller_dag' retrieved from /home/airflow/.local/lib/python3.9/site-packages/airflow/example_dags/example_trigger_controller_dag.py
[2024-04-21T20:18:53.781+0000] {logging_mixin.py:188} INFO - [2024-04-21T20:18:53.780+0000] {dag.py:3047} INFO - Sync 1 DAGs
[2024-04-21T20:18:53.814+0000] {logging_mixin.py:188} INFO - [2024-04-21T20:18:53.813+0000] {dag.py:3834} INFO - Setting next_dagrun for example_trigger_controller_dag to 2021-01-01 00:00:00+00:00, run_after=2021-01-01 00:00:00+00:00
[2024-04-21T20:18:53.856+0000] {processor.py:183} INFO - Processing /home/airflow/.local/lib/python3.9/site-packages/airflow/example_dags/example_trigger_controller_dag.py took 0.155 seconds
[2024-04-21T20:32:57.854+0000] {processor.py:161} INFO - Started process (PID=78) to work on /home/airflow/.local/lib/python3.9/site-packages/airflow/example_dags/example_trigger_controller_dag.py
[2024-04-21T20:32:57.855+0000] {processor.py:830} INFO - Processing file /home/airflow/.local/lib/python3.9/site-packages/airflow/example_dags/example_trigger_controller_dag.py for tasks to queue
[2024-04-21T20:32:57.858+0000] {logging_mixin.py:188} INFO - [2024-04-21T20:32:57.857+0000] {dagbag.py:540} INFO - Filling up the DagBag from /home/airflow/.local/lib/python3.9/site-packages/airflow/example_dags/example_trigger_controller_dag.py
[2024-04-21T20:32:57.863+0000] {processor.py:840} INFO - DAG(s) 'example_trigger_controller_dag' retrieved from /home/airflow/.local/lib/python3.9/site-packages/airflow/example_dags/example_trigger_controller_dag.py
[2024-04-21T20:32:58.016+0000] {logging_mixin.py:188} INFO - [2024-04-21T20:32:58.016+0000] {dag.py:3047} INFO - Sync 1 DAGs
[2024-04-21T20:32:58.039+0000] {logging_mixin.py:188} INFO - [2024-04-21T20:32:58.039+0000] {dag.py:3834} INFO - Setting next_dagrun for example_trigger_controller_dag to 2021-01-01 00:00:00+00:00, run_after=2021-01-01 00:00:00+00:00
[2024-04-21T20:32:58.084+0000] {processor.py:183} INFO - Processing /home/airflow/.local/lib/python3.9/site-packages/airflow/example_dags/example_trigger_controller_dag.py took 0.234 seconds
[2024-04-21T20:33:24.933+0000] {processor.py:161} INFO - Started process (PID=76) to work on /home/airflow/.local/lib/python3.9/site-packages/airflow/example_dags/example_trigger_controller_dag.py
[2024-04-21T20:33:24.934+0000] {processor.py:830} INFO - Processing file /home/airflow/.local/lib/python3.9/site-packages/airflow/example_dags/example_trigger_controller_dag.py for tasks to queue
[2024-04-21T20:33:24.936+0000] {logging_mixin.py:188} INFO - [2024-04-21T20:33:24.936+0000] {dagbag.py:540} INFO - Filling up the DagBag from /home/airflow/.local/lib/python3.9/site-packages/airflow/example_dags/example_trigger_controller_dag.py
[2024-04-21T20:33:24.942+0000] {processor.py:840} INFO - DAG(s) 'example_trigger_controller_dag' retrieved from /home/airflow/.local/lib/python3.9/site-packages/airflow/example_dags/example_trigger_controller_dag.py
[2024-04-21T20:33:24.995+0000] {logging_mixin.py:188} INFO - [2024-04-21T20:33:24.995+0000] {dag.py:3047} INFO - Sync 1 DAGs
[2024-04-21T20:33:25.020+0000] {logging_mixin.py:188} INFO - [2024-04-21T20:33:25.020+0000] {dag.py:3834} INFO - Setting next_dagrun for example_trigger_controller_dag to 2021-01-01 00:00:00+00:00, run_after=2021-01-01 00:00:00+00:00
[2024-04-21T20:33:25.054+0000] {processor.py:183} INFO - Processing /home/airflow/.local/lib/python3.9/site-packages/airflow/example_dags/example_trigger_controller_dag.py took 0.125 seconds
[2024-04-21T20:33:55.931+0000] {processor.py:161} INFO - Started process (PID=133) to work on /home/airflow/.local/lib/python3.9/site-packages/airflow/example_dags/example_trigger_controller_dag.py
[2024-04-21T20:33:55.932+0000] {processor.py:830} INFO - Processing file /home/airflow/.local/lib/python3.9/site-packages/airflow/example_dags/example_trigger_controller_dag.py for tasks to queue
[2024-04-21T20:33:55.935+0000] {logging_mixin.py:188} INFO - [2024-04-21T20:33:55.934+0000] {dagbag.py:540} INFO - Filling up the DagBag from /home/airflow/.local/lib/python3.9/site-packages/airflow/example_dags/example_trigger_controller_dag.py
[2024-04-21T20:33:55.940+0000] {processor.py:840} INFO - DAG(s) 'example_trigger_controller_dag' retrieved from /home/airflow/.local/lib/python3.9/site-packages/airflow/example_dags/example_trigger_controller_dag.py
[2024-04-21T20:33:55.999+0000] {logging_mixin.py:188} INFO - [2024-04-21T20:33:55.999+0000] {dag.py:3047} INFO - Sync 1 DAGs
[2024-04-21T20:33:56.028+0000] {logging_mixin.py:188} INFO - [2024-04-21T20:33:56.028+0000] {dag.py:3834} INFO - Setting next_dagrun for example_trigger_controller_dag to 2021-01-01 00:00:00+00:00, run_after=2021-01-01 00:00:00+00:00
[2024-04-21T20:33:56.093+0000] {processor.py:183} INFO - Processing /home/airflow/.local/lib/python3.9/site-packages/airflow/example_dags/example_trigger_controller_dag.py took 0.162 seconds
[2024-04-21T20:34:32.716+0000] {processor.py:161} INFO - Started process (PID=76) to work on /home/airflow/.local/lib/python3.9/site-packages/airflow/example_dags/example_trigger_controller_dag.py
[2024-04-21T20:34:32.718+0000] {processor.py:830} INFO - Processing file /home/airflow/.local/lib/python3.9/site-packages/airflow/example_dags/example_trigger_controller_dag.py for tasks to queue
[2024-04-21T20:34:32.720+0000] {logging_mixin.py:188} INFO - [2024-04-21T20:34:32.720+0000] {dagbag.py:540} INFO - Filling up the DagBag from /home/airflow/.local/lib/python3.9/site-packages/airflow/example_dags/example_trigger_controller_dag.py
[2024-04-21T20:34:32.726+0000] {processor.py:840} INFO - DAG(s) 'example_trigger_controller_dag' retrieved from /home/airflow/.local/lib/python3.9/site-packages/airflow/example_dags/example_trigger_controller_dag.py
[2024-04-21T20:34:32.782+0000] {logging_mixin.py:188} INFO - [2024-04-21T20:34:32.781+0000] {dag.py:3047} INFO - Sync 1 DAGs
[2024-04-21T20:34:32.804+0000] {logging_mixin.py:188} INFO - [2024-04-21T20:34:32.804+0000] {dag.py:3834} INFO - Setting next_dagrun for example_trigger_controller_dag to 2021-01-01 00:00:00+00:00, run_after=2021-01-01 00:00:00+00:00
[2024-04-21T20:34:32.838+0000] {processor.py:183} INFO - Processing /home/airflow/.local/lib/python3.9/site-packages/airflow/example_dags/example_trigger_controller_dag.py took 0.125 seconds
[2024-04-21T20:35:03.916+0000] {processor.py:161} INFO - Started process (PID=133) to work on /home/airflow/.local/lib/python3.9/site-packages/airflow/example_dags/example_trigger_controller_dag.py
[2024-04-21T20:35:03.918+0000] {processor.py:830} INFO - Processing file /home/airflow/.local/lib/python3.9/site-packages/airflow/example_dags/example_trigger_controller_dag.py for tasks to queue
[2024-04-21T20:35:03.919+0000] {logging_mixin.py:188} INFO - [2024-04-21T20:35:03.919+0000] {dagbag.py:540} INFO - Filling up the DagBag from /home/airflow/.local/lib/python3.9/site-packages/airflow/example_dags/example_trigger_controller_dag.py
[2024-04-21T20:35:03.925+0000] {processor.py:840} INFO - DAG(s) 'example_trigger_controller_dag' retrieved from /home/airflow/.local/lib/python3.9/site-packages/airflow/example_dags/example_trigger_controller_dag.py
[2024-04-21T20:35:03.987+0000] {logging_mixin.py:188} INFO - [2024-04-21T20:35:03.987+0000] {dag.py:3047} INFO - Sync 1 DAGs
[2024-04-21T20:35:04.016+0000] {logging_mixin.py:188} INFO - [2024-04-21T20:35:04.015+0000] {dag.py:3834} INFO - Setting next_dagrun for example_trigger_controller_dag to 2021-01-01 00:00:00+00:00, run_after=2021-01-01 00:00:00+00:00
[2024-04-21T20:35:04.062+0000] {processor.py:183} INFO - Processing /home/airflow/.local/lib/python3.9/site-packages/airflow/example_dags/example_trigger_controller_dag.py took 0.148 seconds
[2024-04-21T20:35:34.443+0000] {processor.py:161} INFO - Started process (PID=190) to work on /home/airflow/.local/lib/python3.9/site-packages/airflow/example_dags/example_trigger_controller_dag.py
[2024-04-21T20:35:34.444+0000] {processor.py:830} INFO - Processing file /home/airflow/.local/lib/python3.9/site-packages/airflow/example_dags/example_trigger_controller_dag.py for tasks to queue
[2024-04-21T20:35:34.447+0000] {logging_mixin.py:188} INFO - [2024-04-21T20:35:34.447+0000] {dagbag.py:540} INFO - Filling up the DagBag from /home/airflow/.local/lib/python3.9/site-packages/airflow/example_dags/example_trigger_controller_dag.py
[2024-04-21T20:35:34.453+0000] {processor.py:840} INFO - DAG(s) 'example_trigger_controller_dag' retrieved from /home/airflow/.local/lib/python3.9/site-packages/airflow/example_dags/example_trigger_controller_dag.py
[2024-04-21T20:35:34.512+0000] {logging_mixin.py:188} INFO - [2024-04-21T20:35:34.512+0000] {dag.py:3047} INFO - Sync 1 DAGs
[2024-04-21T20:35:34.539+0000] {logging_mixin.py:188} INFO - [2024-04-21T20:35:34.539+0000] {dag.py:3834} INFO - Setting next_dagrun for example_trigger_controller_dag to 2021-01-01 00:00:00+00:00, run_after=2021-01-01 00:00:00+00:00
[2024-04-21T20:35:34.576+0000] {processor.py:183} INFO - Processing /home/airflow/.local/lib/python3.9/site-packages/airflow/example_dags/example_trigger_controller_dag.py took 0.136 seconds
[2024-04-21T20:36:05.467+0000] {processor.py:161} INFO - Started process (PID=247) to work on /home/airflow/.local/lib/python3.9/site-packages/airflow/example_dags/example_trigger_controller_dag.py
[2024-04-21T20:36:05.468+0000] {processor.py:830} INFO - Processing file /home/airflow/.local/lib/python3.9/site-packages/airflow/example_dags/example_trigger_controller_dag.py for tasks to queue
[2024-04-21T20:36:05.470+0000] {logging_mixin.py:188} INFO - [2024-04-21T20:36:05.470+0000] {dagbag.py:540} INFO - Filling up the DagBag from /home/airflow/.local/lib/python3.9/site-packages/airflow/example_dags/example_trigger_controller_dag.py
[2024-04-21T20:36:05.475+0000] {processor.py:840} INFO - DAG(s) 'example_trigger_controller_dag' retrieved from /home/airflow/.local/lib/python3.9/site-packages/airflow/example_dags/example_trigger_controller_dag.py
[2024-04-21T20:36:05.531+0000] {logging_mixin.py:188} INFO - [2024-04-21T20:36:05.531+0000] {dag.py:3047} INFO - Sync 1 DAGs
[2024-04-21T20:36:05.555+0000] {logging_mixin.py:188} INFO - [2024-04-21T20:36:05.554+0000] {dag.py:3834} INFO - Setting next_dagrun for example_trigger_controller_dag to 2021-01-01 00:00:00+00:00, run_after=2021-01-01 00:00:00+00:00
[2024-04-21T20:36:05.589+0000] {processor.py:183} INFO - Processing /home/airflow/.local/lib/python3.9/site-packages/airflow/example_dags/example_trigger_controller_dag.py took 0.126 seconds
[2024-04-21T20:36:37.450+0000] {processor.py:161} INFO - Started process (PID=304) to work on /home/airflow/.local/lib/python3.9/site-packages/airflow/example_dags/example_trigger_controller_dag.py
[2024-04-21T20:36:37.451+0000] {processor.py:830} INFO - Processing file /home/airflow/.local/lib/python3.9/site-packages/airflow/example_dags/example_trigger_controller_dag.py for tasks to queue
[2024-04-21T20:36:37.455+0000] {logging_mixin.py:188} INFO - [2024-04-21T20:36:37.454+0000] {dagbag.py:540} INFO - Filling up the DagBag from /home/airflow/.local/lib/python3.9/site-packages/airflow/example_dags/example_trigger_controller_dag.py
[2024-04-21T20:36:37.466+0000] {processor.py:840} INFO - DAG(s) 'example_trigger_controller_dag' retrieved from /home/airflow/.local/lib/python3.9/site-packages/airflow/example_dags/example_trigger_controller_dag.py
[2024-04-21T20:36:37.540+0000] {logging_mixin.py:188} INFO - [2024-04-21T20:36:37.540+0000] {dag.py:3047} INFO - Sync 1 DAGs
[2024-04-21T20:36:37.570+0000] {logging_mixin.py:188} INFO - [2024-04-21T20:36:37.570+0000] {dag.py:3834} INFO - Setting next_dagrun for example_trigger_controller_dag to 2021-01-01 00:00:00+00:00, run_after=2021-01-01 00:00:00+00:00
[2024-04-21T20:36:37.616+0000] {processor.py:183} INFO - Processing /home/airflow/.local/lib/python3.9/site-packages/airflow/example_dags/example_trigger_controller_dag.py took 0.171 seconds
[2024-04-21T20:37:08.045+0000] {processor.py:161} INFO - Started process (PID=361) to work on /home/airflow/.local/lib/python3.9/site-packages/airflow/example_dags/example_trigger_controller_dag.py
[2024-04-21T20:37:08.046+0000] {processor.py:830} INFO - Processing file /home/airflow/.local/lib/python3.9/site-packages/airflow/example_dags/example_trigger_controller_dag.py for tasks to queue
[2024-04-21T20:37:08.048+0000] {logging_mixin.py:188} INFO - [2024-04-21T20:37:08.048+0000] {dagbag.py:540} INFO - Filling up the DagBag from /home/airflow/.local/lib/python3.9/site-packages/airflow/example_dags/example_trigger_controller_dag.py
[2024-04-21T20:37:08.053+0000] {processor.py:840} INFO - DAG(s) 'example_trigger_controller_dag' retrieved from /home/airflow/.local/lib/python3.9/site-packages/airflow/example_dags/example_trigger_controller_dag.py
[2024-04-21T20:37:08.112+0000] {logging_mixin.py:188} INFO - [2024-04-21T20:37:08.111+0000] {dag.py:3047} INFO - Sync 1 DAGs
[2024-04-21T20:37:08.151+0000] {logging_mixin.py:188} INFO - [2024-04-21T20:37:08.151+0000] {dag.py:3834} INFO - Setting next_dagrun for example_trigger_controller_dag to 2021-01-01 00:00:00+00:00, run_after=2021-01-01 00:00:00+00:00
[2024-04-21T20:37:08.211+0000] {processor.py:183} INFO - Processing /home/airflow/.local/lib/python3.9/site-packages/airflow/example_dags/example_trigger_controller_dag.py took 0.169 seconds
[2024-04-21T20:37:39.174+0000] {processor.py:161} INFO - Started process (PID=418) to work on /home/airflow/.local/lib/python3.9/site-packages/airflow/example_dags/example_trigger_controller_dag.py
[2024-04-21T20:37:39.176+0000] {processor.py:830} INFO - Processing file /home/airflow/.local/lib/python3.9/site-packages/airflow/example_dags/example_trigger_controller_dag.py for tasks to queue
[2024-04-21T20:37:39.178+0000] {logging_mixin.py:188} INFO - [2024-04-21T20:37:39.178+0000] {dagbag.py:540} INFO - Filling up the DagBag from /home/airflow/.local/lib/python3.9/site-packages/airflow/example_dags/example_trigger_controller_dag.py
[2024-04-21T20:37:39.183+0000] {processor.py:840} INFO - DAG(s) 'example_trigger_controller_dag' retrieved from /home/airflow/.local/lib/python3.9/site-packages/airflow/example_dags/example_trigger_controller_dag.py
[2024-04-21T20:37:39.234+0000] {logging_mixin.py:188} INFO - [2024-04-21T20:37:39.233+0000] {dag.py:3047} INFO - Sync 1 DAGs
[2024-04-21T20:37:39.256+0000] {logging_mixin.py:188} INFO - [2024-04-21T20:37:39.256+0000] {dag.py:3834} INFO - Setting next_dagrun for example_trigger_controller_dag to 2021-01-01 00:00:00+00:00, run_after=2021-01-01 00:00:00+00:00
[2024-04-21T20:37:39.288+0000] {processor.py:183} INFO - Processing /home/airflow/.local/lib/python3.9/site-packages/airflow/example_dags/example_trigger_controller_dag.py took 0.117 seconds
[2024-04-21T20:38:10.016+0000] {processor.py:161} INFO - Started process (PID=474) to work on /home/airflow/.local/lib/python3.9/site-packages/airflow/example_dags/example_trigger_controller_dag.py
[2024-04-21T20:38:10.017+0000] {processor.py:830} INFO - Processing file /home/airflow/.local/lib/python3.9/site-packages/airflow/example_dags/example_trigger_controller_dag.py for tasks to queue
[2024-04-21T20:38:10.020+0000] {logging_mixin.py:188} INFO - [2024-04-21T20:38:10.019+0000] {dagbag.py:540} INFO - Filling up the DagBag from /home/airflow/.local/lib/python3.9/site-packages/airflow/example_dags/example_trigger_controller_dag.py
[2024-04-21T20:38:10.025+0000] {processor.py:840} INFO - DAG(s) 'example_trigger_controller_dag' retrieved from /home/airflow/.local/lib/python3.9/site-packages/airflow/example_dags/example_trigger_controller_dag.py
[2024-04-21T20:38:10.076+0000] {logging_mixin.py:188} INFO - [2024-04-21T20:38:10.076+0000] {dag.py:3047} INFO - Sync 1 DAGs
[2024-04-21T20:38:10.098+0000] {logging_mixin.py:188} INFO - [2024-04-21T20:38:10.098+0000] {dag.py:3834} INFO - Setting next_dagrun for example_trigger_controller_dag to 2021-01-01 00:00:00+00:00, run_after=2021-01-01 00:00:00+00:00
[2024-04-21T20:38:10.130+0000] {processor.py:183} INFO - Processing /home/airflow/.local/lib/python3.9/site-packages/airflow/example_dags/example_trigger_controller_dag.py took 0.117 seconds
[2024-04-21T20:38:42.191+0000] {processor.py:161} INFO - Started process (PID=531) to work on /home/airflow/.local/lib/python3.9/site-packages/airflow/example_dags/example_trigger_controller_dag.py
[2024-04-21T20:38:42.193+0000] {processor.py:830} INFO - Processing file /home/airflow/.local/lib/python3.9/site-packages/airflow/example_dags/example_trigger_controller_dag.py for tasks to queue
[2024-04-21T20:38:42.195+0000] {logging_mixin.py:188} INFO - [2024-04-21T20:38:42.194+0000] {dagbag.py:540} INFO - Filling up the DagBag from /home/airflow/.local/lib/python3.9/site-packages/airflow/example_dags/example_trigger_controller_dag.py
[2024-04-21T20:38:42.199+0000] {processor.py:840} INFO - DAG(s) 'example_trigger_controller_dag' retrieved from /home/airflow/.local/lib/python3.9/site-packages/airflow/example_dags/example_trigger_controller_dag.py
[2024-04-21T20:38:42.250+0000] {logging_mixin.py:188} INFO - [2024-04-21T20:38:42.250+0000] {dag.py:3047} INFO - Sync 1 DAGs
[2024-04-21T20:38:42.272+0000] {logging_mixin.py:188} INFO - [2024-04-21T20:38:42.271+0000] {dag.py:3834} INFO - Setting next_dagrun for example_trigger_controller_dag to 2021-01-01 00:00:00+00:00, run_after=2021-01-01 00:00:00+00:00
[2024-04-21T20:38:42.303+0000] {processor.py:183} INFO - Processing /home/airflow/.local/lib/python3.9/site-packages/airflow/example_dags/example_trigger_controller_dag.py took 0.114 seconds
[2024-04-21T20:40:43.844+0000] {processor.py:161} INFO - Started process (PID=620) to work on /home/airflow/.local/lib/python3.9/site-packages/airflow/example_dags/example_trigger_controller_dag.py
[2024-04-21T20:40:43.846+0000] {processor.py:830} INFO - Processing file /home/airflow/.local/lib/python3.9/site-packages/airflow/example_dags/example_trigger_controller_dag.py for tasks to queue
[2024-04-21T20:40:43.848+0000] {logging_mixin.py:188} INFO - [2024-04-21T20:40:43.848+0000] {dagbag.py:540} INFO - Filling up the DagBag from /home/airflow/.local/lib/python3.9/site-packages/airflow/example_dags/example_trigger_controller_dag.py
[2024-04-21T20:40:43.854+0000] {processor.py:840} INFO - DAG(s) 'example_trigger_controller_dag' retrieved from /home/airflow/.local/lib/python3.9/site-packages/airflow/example_dags/example_trigger_controller_dag.py
[2024-04-21T20:40:43.912+0000] {logging_mixin.py:188} INFO - [2024-04-21T20:40:43.912+0000] {dag.py:3047} INFO - Sync 1 DAGs
[2024-04-21T20:40:43.933+0000] {logging_mixin.py:188} INFO - [2024-04-21T20:40:43.933+0000] {dag.py:3834} INFO - Setting next_dagrun for example_trigger_controller_dag to 2021-01-01 00:00:00+00:00, run_after=2021-01-01 00:00:00+00:00
[2024-04-21T20:40:43.966+0000] {processor.py:183} INFO - Processing /home/airflow/.local/lib/python3.9/site-packages/airflow/example_dags/example_trigger_controller_dag.py took 0.125 seconds
[2024-04-21T20:41:16.926+0000] {processor.py:161} INFO - Started process (PID=679) to work on /home/airflow/.local/lib/python3.9/site-packages/airflow/example_dags/example_trigger_controller_dag.py
[2024-04-21T20:41:16.927+0000] {processor.py:830} INFO - Processing file /home/airflow/.local/lib/python3.9/site-packages/airflow/example_dags/example_trigger_controller_dag.py for tasks to queue
[2024-04-21T20:41:16.930+0000] {logging_mixin.py:188} INFO - [2024-04-21T20:41:16.929+0000] {dagbag.py:540} INFO - Filling up the DagBag from /home/airflow/.local/lib/python3.9/site-packages/airflow/example_dags/example_trigger_controller_dag.py
[2024-04-21T20:41:16.935+0000] {processor.py:840} INFO - DAG(s) 'example_trigger_controller_dag' retrieved from /home/airflow/.local/lib/python3.9/site-packages/airflow/example_dags/example_trigger_controller_dag.py
[2024-04-21T20:41:16.987+0000] {logging_mixin.py:188} INFO - [2024-04-21T20:41:16.987+0000] {dag.py:3047} INFO - Sync 1 DAGs
[2024-04-21T20:41:17.008+0000] {logging_mixin.py:188} INFO - [2024-04-21T20:41:17.008+0000] {dag.py:3834} INFO - Setting next_dagrun for example_trigger_controller_dag to 2021-01-01 00:00:00+00:00, run_after=2021-01-01 00:00:00+00:00
[2024-04-21T20:41:17.041+0000] {processor.py:183} INFO - Processing /home/airflow/.local/lib/python3.9/site-packages/airflow/example_dags/example_trigger_controller_dag.py took 0.118 seconds
[2024-04-21T20:41:47.204+0000] {processor.py:161} INFO - Started process (PID=736) to work on /home/airflow/.local/lib/python3.9/site-packages/airflow/example_dags/example_trigger_controller_dag.py
[2024-04-21T20:41:47.206+0000] {processor.py:830} INFO - Processing file /home/airflow/.local/lib/python3.9/site-packages/airflow/example_dags/example_trigger_controller_dag.py for tasks to queue
[2024-04-21T20:41:47.209+0000] {logging_mixin.py:188} INFO - [2024-04-21T20:41:47.208+0000] {dagbag.py:540} INFO - Filling up the DagBag from /home/airflow/.local/lib/python3.9/site-packages/airflow/example_dags/example_trigger_controller_dag.py
[2024-04-21T20:41:47.215+0000] {processor.py:840} INFO - DAG(s) 'example_trigger_controller_dag' retrieved from /home/airflow/.local/lib/python3.9/site-packages/airflow/example_dags/example_trigger_controller_dag.py
[2024-04-21T20:41:47.281+0000] {logging_mixin.py:188} INFO - [2024-04-21T20:41:47.281+0000] {dag.py:3047} INFO - Sync 1 DAGs
[2024-04-21T20:41:47.308+0000] {logging_mixin.py:188} INFO - [2024-04-21T20:41:47.308+0000] {dag.py:3834} INFO - Setting next_dagrun for example_trigger_controller_dag to 2021-01-01 00:00:00+00:00, run_after=2021-01-01 00:00:00+00:00
[2024-04-21T20:41:47.349+0000] {processor.py:183} INFO - Processing /home/airflow/.local/lib/python3.9/site-packages/airflow/example_dags/example_trigger_controller_dag.py took 0.150 seconds
[2024-04-21T20:42:39.273+0000] {processor.py:161} INFO - Started process (PID=76) to work on /home/airflow/.local/lib/python3.9/site-packages/airflow/example_dags/example_trigger_controller_dag.py
[2024-04-21T20:42:39.274+0000] {processor.py:830} INFO - Processing file /home/airflow/.local/lib/python3.9/site-packages/airflow/example_dags/example_trigger_controller_dag.py for tasks to queue
[2024-04-21T20:42:39.276+0000] {logging_mixin.py:188} INFO - [2024-04-21T20:42:39.276+0000] {dagbag.py:540} INFO - Filling up the DagBag from /home/airflow/.local/lib/python3.9/site-packages/airflow/example_dags/example_trigger_controller_dag.py
[2024-04-21T20:42:39.281+0000] {processor.py:840} INFO - DAG(s) 'example_trigger_controller_dag' retrieved from /home/airflow/.local/lib/python3.9/site-packages/airflow/example_dags/example_trigger_controller_dag.py
[2024-04-21T20:42:39.336+0000] {logging_mixin.py:188} INFO - [2024-04-21T20:42:39.336+0000] {dag.py:3047} INFO - Sync 1 DAGs
[2024-04-21T20:42:39.359+0000] {logging_mixin.py:188} INFO - [2024-04-21T20:42:39.359+0000] {dag.py:3834} INFO - Setting next_dagrun for example_trigger_controller_dag to 2021-01-01 00:00:00+00:00, run_after=2021-01-01 00:00:00+00:00
[2024-04-21T20:42:39.390+0000] {processor.py:183} INFO - Processing /home/airflow/.local/lib/python3.9/site-packages/airflow/example_dags/example_trigger_controller_dag.py took 0.120 seconds
[2024-04-21T20:43:10.612+0000] {processor.py:161} INFO - Started process (PID=133) to work on /home/airflow/.local/lib/python3.9/site-packages/airflow/example_dags/example_trigger_controller_dag.py
[2024-04-21T20:43:10.613+0000] {processor.py:830} INFO - Processing file /home/airflow/.local/lib/python3.9/site-packages/airflow/example_dags/example_trigger_controller_dag.py for tasks to queue
[2024-04-21T20:43:10.616+0000] {logging_mixin.py:188} INFO - [2024-04-21T20:43:10.616+0000] {dagbag.py:540} INFO - Filling up the DagBag from /home/airflow/.local/lib/python3.9/site-packages/airflow/example_dags/example_trigger_controller_dag.py
[2024-04-21T20:43:10.622+0000] {processor.py:840} INFO - DAG(s) 'example_trigger_controller_dag' retrieved from /home/airflow/.local/lib/python3.9/site-packages/airflow/example_dags/example_trigger_controller_dag.py
[2024-04-21T20:43:10.680+0000] {logging_mixin.py:188} INFO - [2024-04-21T20:43:10.679+0000] {dag.py:3047} INFO - Sync 1 DAGs
[2024-04-21T20:43:10.705+0000] {logging_mixin.py:188} INFO - [2024-04-21T20:43:10.704+0000] {dag.py:3834} INFO - Setting next_dagrun for example_trigger_controller_dag to 2021-01-01 00:00:00+00:00, run_after=2021-01-01 00:00:00+00:00
[2024-04-21T20:43:10.742+0000] {processor.py:183} INFO - Processing /home/airflow/.local/lib/python3.9/site-packages/airflow/example_dags/example_trigger_controller_dag.py took 0.133 seconds
[2024-04-21T20:43:41.634+0000] {processor.py:161} INFO - Started process (PID=190) to work on /home/airflow/.local/lib/python3.9/site-packages/airflow/example_dags/example_trigger_controller_dag.py
[2024-04-21T20:43:41.635+0000] {processor.py:830} INFO - Processing file /home/airflow/.local/lib/python3.9/site-packages/airflow/example_dags/example_trigger_controller_dag.py for tasks to queue
[2024-04-21T20:43:41.637+0000] {logging_mixin.py:188} INFO - [2024-04-21T20:43:41.637+0000] {dagbag.py:540} INFO - Filling up the DagBag from /home/airflow/.local/lib/python3.9/site-packages/airflow/example_dags/example_trigger_controller_dag.py
[2024-04-21T20:43:41.641+0000] {processor.py:840} INFO - DAG(s) 'example_trigger_controller_dag' retrieved from /home/airflow/.local/lib/python3.9/site-packages/airflow/example_dags/example_trigger_controller_dag.py
[2024-04-21T20:43:41.695+0000] {logging_mixin.py:188} INFO - [2024-04-21T20:43:41.694+0000] {dag.py:3047} INFO - Sync 1 DAGs
[2024-04-21T20:43:41.717+0000] {logging_mixin.py:188} INFO - [2024-04-21T20:43:41.717+0000] {dag.py:3834} INFO - Setting next_dagrun for example_trigger_controller_dag to 2021-01-01 00:00:00+00:00, run_after=2021-01-01 00:00:00+00:00
[2024-04-21T20:43:41.750+0000] {processor.py:183} INFO - Processing /home/airflow/.local/lib/python3.9/site-packages/airflow/example_dags/example_trigger_controller_dag.py took 0.119 seconds
[2024-04-21T20:44:12.203+0000] {processor.py:161} INFO - Started process (PID=247) to work on /home/airflow/.local/lib/python3.9/site-packages/airflow/example_dags/example_trigger_controller_dag.py
[2024-04-21T20:44:12.205+0000] {processor.py:830} INFO - Processing file /home/airflow/.local/lib/python3.9/site-packages/airflow/example_dags/example_trigger_controller_dag.py for tasks to queue
[2024-04-21T20:44:12.207+0000] {logging_mixin.py:188} INFO - [2024-04-21T20:44:12.207+0000] {dagbag.py:540} INFO - Filling up the DagBag from /home/airflow/.local/lib/python3.9/site-packages/airflow/example_dags/example_trigger_controller_dag.py
[2024-04-21T20:44:12.211+0000] {processor.py:840} INFO - DAG(s) 'example_trigger_controller_dag' retrieved from /home/airflow/.local/lib/python3.9/site-packages/airflow/example_dags/example_trigger_controller_dag.py
[2024-04-21T20:44:12.290+0000] {logging_mixin.py:188} INFO - [2024-04-21T20:44:12.290+0000] {dag.py:3047} INFO - Sync 1 DAGs
[2024-04-21T20:44:12.316+0000] {logging_mixin.py:188} INFO - [2024-04-21T20:44:12.316+0000] {dag.py:3834} INFO - Setting next_dagrun for example_trigger_controller_dag to 2021-01-01 00:00:00+00:00, run_after=2021-01-01 00:00:00+00:00
[2024-04-21T20:44:12.351+0000] {processor.py:183} INFO - Processing /home/airflow/.local/lib/python3.9/site-packages/airflow/example_dags/example_trigger_controller_dag.py took 0.150 seconds
[2024-04-21T20:44:44.596+0000] {processor.py:161} INFO - Started process (PID=304) to work on /home/airflow/.local/lib/python3.9/site-packages/airflow/example_dags/example_trigger_controller_dag.py
[2024-04-21T20:44:44.597+0000] {processor.py:830} INFO - Processing file /home/airflow/.local/lib/python3.9/site-packages/airflow/example_dags/example_trigger_controller_dag.py for tasks to queue
[2024-04-21T20:44:44.600+0000] {logging_mixin.py:188} INFO - [2024-04-21T20:44:44.600+0000] {dagbag.py:540} INFO - Filling up the DagBag from /home/airflow/.local/lib/python3.9/site-packages/airflow/example_dags/example_trigger_controller_dag.py
[2024-04-21T20:44:44.606+0000] {processor.py:840} INFO - DAG(s) 'example_trigger_controller_dag' retrieved from /home/airflow/.local/lib/python3.9/site-packages/airflow/example_dags/example_trigger_controller_dag.py
[2024-04-21T20:44:44.672+0000] {logging_mixin.py:188} INFO - [2024-04-21T20:44:44.671+0000] {dag.py:3047} INFO - Sync 1 DAGs
[2024-04-21T20:44:44.705+0000] {logging_mixin.py:188} INFO - [2024-04-21T20:44:44.704+0000] {dag.py:3834} INFO - Setting next_dagrun for example_trigger_controller_dag to 2021-01-01 00:00:00+00:00, run_after=2021-01-01 00:00:00+00:00
[2024-04-21T20:44:44.750+0000] {processor.py:183} INFO - Processing /home/airflow/.local/lib/python3.9/site-packages/airflow/example_dags/example_trigger_controller_dag.py took 0.158 seconds
[2024-04-21T20:45:14.816+0000] {processor.py:161} INFO - Started process (PID=361) to work on /home/airflow/.local/lib/python3.9/site-packages/airflow/example_dags/example_trigger_controller_dag.py
[2024-04-21T20:45:14.818+0000] {processor.py:830} INFO - Processing file /home/airflow/.local/lib/python3.9/site-packages/airflow/example_dags/example_trigger_controller_dag.py for tasks to queue
[2024-04-21T20:45:14.820+0000] {logging_mixin.py:188} INFO - [2024-04-21T20:45:14.820+0000] {dagbag.py:540} INFO - Filling up the DagBag from /home/airflow/.local/lib/python3.9/site-packages/airflow/example_dags/example_trigger_controller_dag.py
[2024-04-21T20:45:14.826+0000] {processor.py:840} INFO - DAG(s) 'example_trigger_controller_dag' retrieved from /home/airflow/.local/lib/python3.9/site-packages/airflow/example_dags/example_trigger_controller_dag.py
[2024-04-21T20:45:14.888+0000] {logging_mixin.py:188} INFO - [2024-04-21T20:45:14.887+0000] {dag.py:3047} INFO - Sync 1 DAGs
[2024-04-21T20:45:14.924+0000] {logging_mixin.py:188} INFO - [2024-04-21T20:45:14.923+0000] {dag.py:3834} INFO - Setting next_dagrun for example_trigger_controller_dag to 2021-01-01 00:00:00+00:00, run_after=2021-01-01 00:00:00+00:00
[2024-04-21T20:45:14.973+0000] {processor.py:183} INFO - Processing /home/airflow/.local/lib/python3.9/site-packages/airflow/example_dags/example_trigger_controller_dag.py took 0.160 seconds
[2024-04-21T20:45:50.458+0000] {processor.py:161} INFO - Started process (PID=418) to work on /home/airflow/.local/lib/python3.9/site-packages/airflow/example_dags/example_trigger_controller_dag.py
[2024-04-21T20:45:50.460+0000] {processor.py:830} INFO - Processing file /home/airflow/.local/lib/python3.9/site-packages/airflow/example_dags/example_trigger_controller_dag.py for tasks to queue
[2024-04-21T20:45:50.463+0000] {logging_mixin.py:188} INFO - [2024-04-21T20:45:50.462+0000] {dagbag.py:540} INFO - Filling up the DagBag from /home/airflow/.local/lib/python3.9/site-packages/airflow/example_dags/example_trigger_controller_dag.py
[2024-04-21T20:45:50.472+0000] {processor.py:840} INFO - DAG(s) 'example_trigger_controller_dag' retrieved from /home/airflow/.local/lib/python3.9/site-packages/airflow/example_dags/example_trigger_controller_dag.py
[2024-04-21T20:45:50.547+0000] {logging_mixin.py:188} INFO - [2024-04-21T20:45:50.546+0000] {dag.py:3047} INFO - Sync 1 DAGs
[2024-04-21T20:45:50.571+0000] {logging_mixin.py:188} INFO - [2024-04-21T20:45:50.571+0000] {dag.py:3834} INFO - Setting next_dagrun for example_trigger_controller_dag to 2021-01-01 00:00:00+00:00, run_after=2021-01-01 00:00:00+00:00
[2024-04-21T20:45:50.621+0000] {processor.py:183} INFO - Processing /home/airflow/.local/lib/python3.9/site-packages/airflow/example_dags/example_trigger_controller_dag.py took 0.167 seconds
[2024-04-21T20:46:21.063+0000] {processor.py:161} INFO - Started process (PID=475) to work on /home/airflow/.local/lib/python3.9/site-packages/airflow/example_dags/example_trigger_controller_dag.py
[2024-04-21T20:46:21.064+0000] {processor.py:830} INFO - Processing file /home/airflow/.local/lib/python3.9/site-packages/airflow/example_dags/example_trigger_controller_dag.py for tasks to queue
[2024-04-21T20:46:21.068+0000] {logging_mixin.py:188} INFO - [2024-04-21T20:46:21.067+0000] {dagbag.py:540} INFO - Filling up the DagBag from /home/airflow/.local/lib/python3.9/site-packages/airflow/example_dags/example_trigger_controller_dag.py
[2024-04-21T20:46:21.076+0000] {processor.py:840} INFO - DAG(s) 'example_trigger_controller_dag' retrieved from /home/airflow/.local/lib/python3.9/site-packages/airflow/example_dags/example_trigger_controller_dag.py
[2024-04-21T20:46:21.143+0000] {logging_mixin.py:188} INFO - [2024-04-21T20:46:21.142+0000] {dag.py:3047} INFO - Sync 1 DAGs
[2024-04-21T20:46:21.198+0000] {logging_mixin.py:188} INFO - [2024-04-21T20:46:21.197+0000] {dag.py:3834} INFO - Setting next_dagrun for example_trigger_controller_dag to 2021-01-01 00:00:00+00:00, run_after=2021-01-01 00:00:00+00:00
[2024-04-21T20:46:21.254+0000] {processor.py:183} INFO - Processing /home/airflow/.local/lib/python3.9/site-packages/airflow/example_dags/example_trigger_controller_dag.py took 0.195 seconds
[2024-04-21T20:46:51.924+0000] {processor.py:161} INFO - Started process (PID=532) to work on /home/airflow/.local/lib/python3.9/site-packages/airflow/example_dags/example_trigger_controller_dag.py
[2024-04-21T20:46:51.925+0000] {processor.py:830} INFO - Processing file /home/airflow/.local/lib/python3.9/site-packages/airflow/example_dags/example_trigger_controller_dag.py for tasks to queue
[2024-04-21T20:46:51.928+0000] {logging_mixin.py:188} INFO - [2024-04-21T20:46:51.927+0000] {dagbag.py:540} INFO - Filling up the DagBag from /home/airflow/.local/lib/python3.9/site-packages/airflow/example_dags/example_trigger_controller_dag.py
[2024-04-21T20:46:51.933+0000] {processor.py:840} INFO - DAG(s) 'example_trigger_controller_dag' retrieved from /home/airflow/.local/lib/python3.9/site-packages/airflow/example_dags/example_trigger_controller_dag.py
[2024-04-21T20:46:51.992+0000] {logging_mixin.py:188} INFO - [2024-04-21T20:46:51.991+0000] {dag.py:3047} INFO - Sync 1 DAGs
[2024-04-21T20:46:52.017+0000] {logging_mixin.py:188} INFO - [2024-04-21T20:46:52.017+0000] {dag.py:3834} INFO - Setting next_dagrun for example_trigger_controller_dag to 2021-01-01 00:00:00+00:00, run_after=2021-01-01 00:00:00+00:00
[2024-04-21T20:46:52.059+0000] {processor.py:183} INFO - Processing /home/airflow/.local/lib/python3.9/site-packages/airflow/example_dags/example_trigger_controller_dag.py took 0.138 seconds
[2024-04-21T20:47:22.806+0000] {processor.py:161} INFO - Started process (PID=595) to work on /home/airflow/.local/lib/python3.9/site-packages/airflow/example_dags/example_trigger_controller_dag.py
[2024-04-21T20:47:22.807+0000] {processor.py:830} INFO - Processing file /home/airflow/.local/lib/python3.9/site-packages/airflow/example_dags/example_trigger_controller_dag.py for tasks to queue
[2024-04-21T20:47:22.809+0000] {logging_mixin.py:188} INFO - [2024-04-21T20:47:22.809+0000] {dagbag.py:540} INFO - Filling up the DagBag from /home/airflow/.local/lib/python3.9/site-packages/airflow/example_dags/example_trigger_controller_dag.py
[2024-04-21T20:47:22.814+0000] {processor.py:840} INFO - DAG(s) 'example_trigger_controller_dag' retrieved from /home/airflow/.local/lib/python3.9/site-packages/airflow/example_dags/example_trigger_controller_dag.py
[2024-04-21T20:47:22.870+0000] {logging_mixin.py:188} INFO - [2024-04-21T20:47:22.869+0000] {dag.py:3047} INFO - Sync 1 DAGs
[2024-04-21T20:47:22.899+0000] {logging_mixin.py:188} INFO - [2024-04-21T20:47:22.899+0000] {dag.py:3834} INFO - Setting next_dagrun for example_trigger_controller_dag to 2021-01-01 00:00:00+00:00, run_after=2021-01-01 00:00:00+00:00
[2024-04-21T20:47:22.934+0000] {processor.py:183} INFO - Processing /home/airflow/.local/lib/python3.9/site-packages/airflow/example_dags/example_trigger_controller_dag.py took 0.131 seconds
[2024-04-21T20:47:53.245+0000] {processor.py:161} INFO - Started process (PID=652) to work on /home/airflow/.local/lib/python3.9/site-packages/airflow/example_dags/example_trigger_controller_dag.py
[2024-04-21T20:47:53.246+0000] {processor.py:830} INFO - Processing file /home/airflow/.local/lib/python3.9/site-packages/airflow/example_dags/example_trigger_controller_dag.py for tasks to queue
[2024-04-21T20:47:53.248+0000] {logging_mixin.py:188} INFO - [2024-04-21T20:47:53.247+0000] {dagbag.py:540} INFO - Filling up the DagBag from /home/airflow/.local/lib/python3.9/site-packages/airflow/example_dags/example_trigger_controller_dag.py
[2024-04-21T20:47:53.252+0000] {processor.py:840} INFO - DAG(s) 'example_trigger_controller_dag' retrieved from /home/airflow/.local/lib/python3.9/site-packages/airflow/example_dags/example_trigger_controller_dag.py
[2024-04-21T20:47:53.308+0000] {logging_mixin.py:188} INFO - [2024-04-21T20:47:53.308+0000] {dag.py:3047} INFO - Sync 1 DAGs
[2024-04-21T20:47:53.332+0000] {logging_mixin.py:188} INFO - [2024-04-21T20:47:53.332+0000] {dag.py:3834} INFO - Setting next_dagrun for example_trigger_controller_dag to 2021-01-01 00:00:00+00:00, run_after=2021-01-01 00:00:00+00:00
[2024-04-21T20:47:53.364+0000] {processor.py:183} INFO - Processing /home/airflow/.local/lib/python3.9/site-packages/airflow/example_dags/example_trigger_controller_dag.py took 0.122 seconds
[2024-04-21T21:00:56.229+0000] {processor.py:161} INFO - Started process (PID=83) to work on /home/airflow/.local/lib/python3.9/site-packages/airflow/example_dags/example_trigger_controller_dag.py
[2024-04-21T21:00:56.231+0000] {processor.py:830} INFO - Processing file /home/airflow/.local/lib/python3.9/site-packages/airflow/example_dags/example_trigger_controller_dag.py for tasks to queue
[2024-04-21T21:00:56.234+0000] {logging_mixin.py:188} INFO - [2024-04-21T21:00:56.234+0000] {dagbag.py:540} INFO - Filling up the DagBag from /home/airflow/.local/lib/python3.9/site-packages/airflow/example_dags/example_trigger_controller_dag.py
[2024-04-21T21:00:56.245+0000] {processor.py:840} INFO - DAG(s) 'example_trigger_controller_dag' retrieved from /home/airflow/.local/lib/python3.9/site-packages/airflow/example_dags/example_trigger_controller_dag.py
[2024-04-21T21:00:56.521+0000] {logging_mixin.py:188} INFO - [2024-04-21T21:00:56.520+0000] {dag.py:3047} INFO - Sync 1 DAGs
[2024-04-21T21:00:56.558+0000] {logging_mixin.py:188} INFO - [2024-04-21T21:00:56.558+0000] {dag.py:3834} INFO - Setting next_dagrun for example_trigger_controller_dag to 2021-01-01 00:00:00+00:00, run_after=2021-01-01 00:00:00+00:00
[2024-04-21T21:00:56.624+0000] {processor.py:183} INFO - Processing /home/airflow/.local/lib/python3.9/site-packages/airflow/example_dags/example_trigger_controller_dag.py took 0.399 seconds
[2024-04-21T21:01:27.205+0000] {processor.py:161} INFO - Started process (PID=140) to work on /home/airflow/.local/lib/python3.9/site-packages/airflow/example_dags/example_trigger_controller_dag.py
[2024-04-21T21:01:27.206+0000] {processor.py:830} INFO - Processing file /home/airflow/.local/lib/python3.9/site-packages/airflow/example_dags/example_trigger_controller_dag.py for tasks to queue
[2024-04-21T21:01:27.209+0000] {logging_mixin.py:188} INFO - [2024-04-21T21:01:27.208+0000] {dagbag.py:540} INFO - Filling up the DagBag from /home/airflow/.local/lib/python3.9/site-packages/airflow/example_dags/example_trigger_controller_dag.py
[2024-04-21T21:01:27.215+0000] {processor.py:840} INFO - DAG(s) 'example_trigger_controller_dag' retrieved from /home/airflow/.local/lib/python3.9/site-packages/airflow/example_dags/example_trigger_controller_dag.py
[2024-04-21T21:01:27.290+0000] {logging_mixin.py:188} INFO - [2024-04-21T21:01:27.289+0000] {dag.py:3047} INFO - Sync 1 DAGs
[2024-04-21T21:01:27.317+0000] {logging_mixin.py:188} INFO - [2024-04-21T21:01:27.317+0000] {dag.py:3834} INFO - Setting next_dagrun for example_trigger_controller_dag to 2021-01-01 00:00:00+00:00, run_after=2021-01-01 00:00:00+00:00
[2024-04-21T21:01:27.359+0000] {processor.py:183} INFO - Processing /home/airflow/.local/lib/python3.9/site-packages/airflow/example_dags/example_trigger_controller_dag.py took 0.158 seconds
[2024-04-21T21:04:42.653+0000] {processor.py:161} INFO - Started process (PID=88) to work on /home/airflow/.local/lib/python3.9/site-packages/airflow/example_dags/example_trigger_controller_dag.py
[2024-04-21T21:04:42.654+0000] {processor.py:830} INFO - Processing file /home/airflow/.local/lib/python3.9/site-packages/airflow/example_dags/example_trigger_controller_dag.py for tasks to queue
[2024-04-21T21:04:42.656+0000] {logging_mixin.py:188} INFO - [2024-04-21T21:04:42.656+0000] {dagbag.py:540} INFO - Filling up the DagBag from /home/airflow/.local/lib/python3.9/site-packages/airflow/example_dags/example_trigger_controller_dag.py
[2024-04-21T21:04:42.662+0000] {processor.py:840} INFO - DAG(s) 'example_trigger_controller_dag' retrieved from /home/airflow/.local/lib/python3.9/site-packages/airflow/example_dags/example_trigger_controller_dag.py
[2024-04-21T21:04:42.724+0000] {logging_mixin.py:188} INFO - [2024-04-21T21:04:42.724+0000] {dag.py:3047} INFO - Sync 1 DAGs
[2024-04-21T21:04:42.752+0000] {logging_mixin.py:188} INFO - [2024-04-21T21:04:42.752+0000] {dag.py:3834} INFO - Setting next_dagrun for example_trigger_controller_dag to 2021-01-01 00:00:00+00:00, run_after=2021-01-01 00:00:00+00:00
[2024-04-21T21:04:42.797+0000] {processor.py:183} INFO - Processing /home/airflow/.local/lib/python3.9/site-packages/airflow/example_dags/example_trigger_controller_dag.py took 0.147 seconds
[2024-04-21T21:05:13.087+0000] {processor.py:161} INFO - Started process (PID=145) to work on /home/airflow/.local/lib/python3.9/site-packages/airflow/example_dags/example_trigger_controller_dag.py
[2024-04-21T21:05:13.088+0000] {processor.py:830} INFO - Processing file /home/airflow/.local/lib/python3.9/site-packages/airflow/example_dags/example_trigger_controller_dag.py for tasks to queue
[2024-04-21T21:05:13.091+0000] {logging_mixin.py:188} INFO - [2024-04-21T21:05:13.090+0000] {dagbag.py:540} INFO - Filling up the DagBag from /home/airflow/.local/lib/python3.9/site-packages/airflow/example_dags/example_trigger_controller_dag.py
[2024-04-21T21:05:13.096+0000] {processor.py:840} INFO - DAG(s) 'example_trigger_controller_dag' retrieved from /home/airflow/.local/lib/python3.9/site-packages/airflow/example_dags/example_trigger_controller_dag.py
[2024-04-21T21:05:13.151+0000] {logging_mixin.py:188} INFO - [2024-04-21T21:05:13.151+0000] {dag.py:3047} INFO - Sync 1 DAGs
[2024-04-21T21:05:13.175+0000] {logging_mixin.py:188} INFO - [2024-04-21T21:05:13.175+0000] {dag.py:3834} INFO - Setting next_dagrun for example_trigger_controller_dag to 2021-01-01 00:00:00+00:00, run_after=2021-01-01 00:00:00+00:00
[2024-04-21T21:05:13.217+0000] {processor.py:183} INFO - Processing /home/airflow/.local/lib/python3.9/site-packages/airflow/example_dags/example_trigger_controller_dag.py took 0.133 seconds
[2024-04-21T21:05:43.986+0000] {processor.py:161} INFO - Started process (PID=210) to work on /home/airflow/.local/lib/python3.9/site-packages/airflow/example_dags/example_trigger_controller_dag.py
[2024-04-21T21:05:43.988+0000] {processor.py:830} INFO - Processing file /home/airflow/.local/lib/python3.9/site-packages/airflow/example_dags/example_trigger_controller_dag.py for tasks to queue
[2024-04-21T21:05:43.991+0000] {logging_mixin.py:188} INFO - [2024-04-21T21:05:43.991+0000] {dagbag.py:540} INFO - Filling up the DagBag from /home/airflow/.local/lib/python3.9/site-packages/airflow/example_dags/example_trigger_controller_dag.py
[2024-04-21T21:05:43.997+0000] {processor.py:840} INFO - DAG(s) 'example_trigger_controller_dag' retrieved from /home/airflow/.local/lib/python3.9/site-packages/airflow/example_dags/example_trigger_controller_dag.py
[2024-04-21T21:05:44.076+0000] {logging_mixin.py:188} INFO - [2024-04-21T21:05:44.076+0000] {dag.py:3047} INFO - Sync 1 DAGs
[2024-04-21T21:05:44.129+0000] {logging_mixin.py:188} INFO - [2024-04-21T21:05:44.128+0000] {dag.py:3834} INFO - Setting next_dagrun for example_trigger_controller_dag to 2021-01-01 00:00:00+00:00, run_after=2021-01-01 00:00:00+00:00
[2024-04-21T21:05:44.267+0000] {processor.py:183} INFO - Processing /home/airflow/.local/lib/python3.9/site-packages/airflow/example_dags/example_trigger_controller_dag.py took 0.285 seconds
