[2024-04-21T19:51:53.572+0000] {processor.py:161} INFO - Started process (PID=42) to work on /home/airflow/.local/lib/python3.9/site-packages/airflow/example_dags/example_sla_dag.py
[2024-04-21T19:51:53.574+0000] {processor.py:830} INFO - Processing file /home/airflow/.local/lib/python3.9/site-packages/airflow/example_dags/example_sla_dag.py for tasks to queue
[2024-04-21T19:51:53.578+0000] {logging_mixin.py:188} INFO - [2024-04-21T19:51:53.577+0000] {dagbag.py:540} INFO - Filling up the DagBag from /home/airflow/.local/lib/python3.9/site-packages/airflow/example_dags/example_sla_dag.py
[2024-04-21T19:51:53.593+0000] {processor.py:840} INFO - DAG(s) 'example_sla_dag' retrieved from /home/airflow/.local/lib/python3.9/site-packages/airflow/example_dags/example_sla_dag.py
[2024-04-21T19:51:53.652+0000] {logging_mixin.py:188} INFO - [2024-04-21T19:51:53.652+0000] {dag.py:3047} INFO - Sync 1 DAGs
[2024-04-21T19:51:53.693+0000] {logging_mixin.py:188} INFO - [2024-04-21T19:51:53.692+0000] {dag.py:3834} INFO - Setting next_dagrun for example_sla_dag to 2024-04-21 19:48:00+00:00, run_after=2024-04-21 19:50:00+00:00
[2024-04-21T19:51:53.767+0000] {processor.py:183} INFO - Processing /home/airflow/.local/lib/python3.9/site-packages/airflow/example_dags/example_sla_dag.py took 0.200 seconds
[2024-04-21T19:52:26.132+0000] {processor.py:161} INFO - Started process (PID=99) to work on /home/airflow/.local/lib/python3.9/site-packages/airflow/example_dags/example_sla_dag.py
[2024-04-21T19:52:26.134+0000] {processor.py:830} INFO - Processing file /home/airflow/.local/lib/python3.9/site-packages/airflow/example_dags/example_sla_dag.py for tasks to queue
[2024-04-21T19:52:26.138+0000] {logging_mixin.py:188} INFO - [2024-04-21T19:52:26.137+0000] {dagbag.py:540} INFO - Filling up the DagBag from /home/airflow/.local/lib/python3.9/site-packages/airflow/example_dags/example_sla_dag.py
[2024-04-21T19:52:26.151+0000] {processor.py:840} INFO - DAG(s) 'example_sla_dag' retrieved from /home/airflow/.local/lib/python3.9/site-packages/airflow/example_dags/example_sla_dag.py
[2024-04-21T19:52:26.504+0000] {logging_mixin.py:188} INFO - [2024-04-21T19:52:26.504+0000] {dag.py:3047} INFO - Sync 1 DAGs
[2024-04-21T19:52:26.553+0000] {logging_mixin.py:188} INFO - [2024-04-21T19:52:26.552+0000] {dag.py:3834} INFO - Setting next_dagrun for example_sla_dag to 2024-04-21 19:50:00+00:00, run_after=2024-04-21 19:52:00+00:00
[2024-04-21T19:52:26.605+0000] {processor.py:183} INFO - Processing /home/airflow/.local/lib/python3.9/site-packages/airflow/example_dags/example_sla_dag.py took 0.478 seconds
[2024-04-21T19:52:57.582+0000] {processor.py:161} INFO - Started process (PID=156) to work on /home/airflow/.local/lib/python3.9/site-packages/airflow/example_dags/example_sla_dag.py
[2024-04-21T19:52:57.585+0000] {processor.py:830} INFO - Processing file /home/airflow/.local/lib/python3.9/site-packages/airflow/example_dags/example_sla_dag.py for tasks to queue
[2024-04-21T19:52:57.593+0000] {logging_mixin.py:188} INFO - [2024-04-21T19:52:57.591+0000] {dagbag.py:540} INFO - Filling up the DagBag from /home/airflow/.local/lib/python3.9/site-packages/airflow/example_dags/example_sla_dag.py
[2024-04-21T19:52:57.631+0000] {processor.py:840} INFO - DAG(s) 'example_sla_dag' retrieved from /home/airflow/.local/lib/python3.9/site-packages/airflow/example_dags/example_sla_dag.py
[2024-04-21T19:52:58.089+0000] {logging_mixin.py:188} INFO - [2024-04-21T19:52:58.088+0000] {dag.py:3047} INFO - Sync 1 DAGs
[2024-04-21T19:52:58.198+0000] {logging_mixin.py:188} INFO - [2024-04-21T19:52:58.197+0000] {dag.py:3834} INFO - Setting next_dagrun for example_sla_dag to 2024-04-21 19:50:00+00:00, run_after=2024-04-21 19:52:00+00:00
[2024-04-21T19:52:58.266+0000] {processor.py:183} INFO - Processing /home/airflow/.local/lib/python3.9/site-packages/airflow/example_dags/example_sla_dag.py took 0.697 seconds
[2024-04-21T19:53:28.942+0000] {processor.py:161} INFO - Started process (PID=211) to work on /home/airflow/.local/lib/python3.9/site-packages/airflow/example_dags/example_sla_dag.py
[2024-04-21T19:53:28.945+0000] {processor.py:830} INFO - Processing file /home/airflow/.local/lib/python3.9/site-packages/airflow/example_dags/example_sla_dag.py for tasks to queue
[2024-04-21T19:53:28.950+0000] {logging_mixin.py:188} INFO - [2024-04-21T19:53:28.949+0000] {dagbag.py:540} INFO - Filling up the DagBag from /home/airflow/.local/lib/python3.9/site-packages/airflow/example_dags/example_sla_dag.py
[2024-04-21T19:53:28.968+0000] {processor.py:840} INFO - DAG(s) 'example_sla_dag' retrieved from /home/airflow/.local/lib/python3.9/site-packages/airflow/example_dags/example_sla_dag.py
[2024-04-21T19:53:29.079+0000] {logging_mixin.py:188} INFO - [2024-04-21T19:53:29.078+0000] {dag.py:3047} INFO - Sync 1 DAGs
[2024-04-21T19:53:29.127+0000] {logging_mixin.py:188} INFO - [2024-04-21T19:53:29.126+0000] {dag.py:3834} INFO - Setting next_dagrun for example_sla_dag to 2024-04-21 19:50:00+00:00, run_after=2024-04-21 19:52:00+00:00
[2024-04-21T19:53:29.178+0000] {processor.py:183} INFO - Processing /home/airflow/.local/lib/python3.9/site-packages/airflow/example_dags/example_sla_dag.py took 0.248 seconds
[2024-04-21T19:54:33.454+0000] {processor.py:161} INFO - Started process (PID=42) to work on /home/airflow/.local/lib/python3.9/site-packages/airflow/example_dags/example_sla_dag.py
[2024-04-21T19:54:33.456+0000] {processor.py:830} INFO - Processing file /home/airflow/.local/lib/python3.9/site-packages/airflow/example_dags/example_sla_dag.py for tasks to queue
[2024-04-21T19:54:33.458+0000] {logging_mixin.py:188} INFO - [2024-04-21T19:54:33.458+0000] {dagbag.py:540} INFO - Filling up the DagBag from /home/airflow/.local/lib/python3.9/site-packages/airflow/example_dags/example_sla_dag.py
[2024-04-21T19:54:33.471+0000] {processor.py:840} INFO - DAG(s) 'example_sla_dag' retrieved from /home/airflow/.local/lib/python3.9/site-packages/airflow/example_dags/example_sla_dag.py
[2024-04-21T19:54:33.538+0000] {logging_mixin.py:188} INFO - [2024-04-21T19:54:33.538+0000] {dag.py:3047} INFO - Sync 1 DAGs
[2024-04-21T19:54:33.565+0000] {logging_mixin.py:188} INFO - [2024-04-21T19:54:33.564+0000] {dag.py:3834} INFO - Setting next_dagrun for example_sla_dag to 2024-04-21 19:52:00+00:00, run_after=2024-04-21 19:54:00+00:00
[2024-04-21T19:54:33.601+0000] {processor.py:183} INFO - Processing /home/airflow/.local/lib/python3.9/site-packages/airflow/example_dags/example_sla_dag.py took 0.150 seconds
[2024-04-21T19:55:18.413+0000] {processor.py:161} INFO - Started process (PID=109) to work on /home/airflow/.local/lib/python3.9/site-packages/airflow/example_dags/example_sla_dag.py
[2024-04-21T19:55:18.415+0000] {processor.py:830} INFO - Processing file /home/airflow/.local/lib/python3.9/site-packages/airflow/example_dags/example_sla_dag.py for tasks to queue
[2024-04-21T19:55:18.419+0000] {logging_mixin.py:188} INFO - [2024-04-21T19:55:18.418+0000] {dagbag.py:540} INFO - Filling up the DagBag from /home/airflow/.local/lib/python3.9/site-packages/airflow/example_dags/example_sla_dag.py
[2024-04-21T19:55:18.436+0000] {processor.py:840} INFO - DAG(s) 'example_sla_dag' retrieved from /home/airflow/.local/lib/python3.9/site-packages/airflow/example_dags/example_sla_dag.py
[2024-04-21T19:55:18.528+0000] {logging_mixin.py:188} INFO - [2024-04-21T19:55:18.528+0000] {dag.py:3047} INFO - Sync 1 DAGs
[2024-04-21T19:55:18.582+0000] {logging_mixin.py:188} INFO - [2024-04-21T19:55:18.581+0000] {dag.py:3834} INFO - Setting next_dagrun for example_sla_dag to 2024-04-21 19:52:00+00:00, run_after=2024-04-21 19:54:00+00:00
[2024-04-21T19:55:18.657+0000] {processor.py:183} INFO - Processing /home/airflow/.local/lib/python3.9/site-packages/airflow/example_dags/example_sla_dag.py took 0.249 seconds
[2024-04-21T19:55:49.710+0000] {processor.py:161} INFO - Started process (PID=166) to work on /home/airflow/.local/lib/python3.9/site-packages/airflow/example_dags/example_sla_dag.py
[2024-04-21T19:55:49.714+0000] {processor.py:830} INFO - Processing file /home/airflow/.local/lib/python3.9/site-packages/airflow/example_dags/example_sla_dag.py for tasks to queue
[2024-04-21T19:55:49.724+0000] {logging_mixin.py:188} INFO - [2024-04-21T19:55:49.720+0000] {dagbag.py:540} INFO - Filling up the DagBag from /home/airflow/.local/lib/python3.9/site-packages/airflow/example_dags/example_sla_dag.py
[2024-04-21T19:55:49.763+0000] {processor.py:840} INFO - DAG(s) 'example_sla_dag' retrieved from /home/airflow/.local/lib/python3.9/site-packages/airflow/example_dags/example_sla_dag.py
[2024-04-21T19:55:50.568+0000] {logging_mixin.py:188} INFO - [2024-04-21T19:55:50.551+0000] {dag.py:3047} INFO - Sync 1 DAGs
[2024-04-21T19:55:50.769+0000] {logging_mixin.py:188} INFO - [2024-04-21T19:55:50.768+0000] {dag.py:3834} INFO - Setting next_dagrun for example_sla_dag to 2024-04-21 19:52:00+00:00, run_after=2024-04-21 19:54:00+00:00
[2024-04-21T19:55:51.462+0000] {processor.py:183} INFO - Processing /home/airflow/.local/lib/python3.9/site-packages/airflow/example_dags/example_sla_dag.py took 1.761 seconds
[2024-04-21T19:57:33.638+0000] {processor.py:161} INFO - Started process (PID=187) to work on /home/airflow/.local/lib/python3.9/site-packages/airflow/example_dags/example_sla_dag.py
[2024-04-21T19:57:33.639+0000] {processor.py:830} INFO - Processing file /home/airflow/.local/lib/python3.9/site-packages/airflow/example_dags/example_sla_dag.py for tasks to queue
[2024-04-21T19:57:33.642+0000] {logging_mixin.py:188} INFO - [2024-04-21T19:57:33.642+0000] {dagbag.py:540} INFO - Filling up the DagBag from /home/airflow/.local/lib/python3.9/site-packages/airflow/example_dags/example_sla_dag.py
[2024-04-21T19:57:33.652+0000] {processor.py:840} INFO - DAG(s) 'example_sla_dag' retrieved from /home/airflow/.local/lib/python3.9/site-packages/airflow/example_dags/example_sla_dag.py
[2024-04-21T19:57:33.717+0000] {logging_mixin.py:188} INFO - [2024-04-21T19:57:33.716+0000] {dag.py:3047} INFO - Sync 1 DAGs
[2024-04-21T19:57:33.757+0000] {logging_mixin.py:188} INFO - [2024-04-21T19:57:33.756+0000] {dag.py:3834} INFO - Setting next_dagrun for example_sla_dag to 2024-04-21 19:54:00+00:00, run_after=2024-04-21 19:56:00+00:00
[2024-04-21T19:57:33.800+0000] {processor.py:183} INFO - Processing /home/airflow/.local/lib/python3.9/site-packages/airflow/example_dags/example_sla_dag.py took 0.166 seconds
[2024-04-21T20:03:09.221+0000] {processor.py:161} INFO - Started process (PID=255) to work on /home/airflow/.local/lib/python3.9/site-packages/airflow/example_dags/example_sla_dag.py
[2024-04-21T20:03:09.223+0000] {processor.py:830} INFO - Processing file /home/airflow/.local/lib/python3.9/site-packages/airflow/example_dags/example_sla_dag.py for tasks to queue
[2024-04-21T20:03:09.225+0000] {logging_mixin.py:188} INFO - [2024-04-21T20:03:09.224+0000] {dagbag.py:540} INFO - Filling up the DagBag from /home/airflow/.local/lib/python3.9/site-packages/airflow/example_dags/example_sla_dag.py
[2024-04-21T20:03:09.232+0000] {processor.py:840} INFO - DAG(s) 'example_sla_dag' retrieved from /home/airflow/.local/lib/python3.9/site-packages/airflow/example_dags/example_sla_dag.py
[2024-04-21T20:03:09.298+0000] {logging_mixin.py:188} INFO - [2024-04-21T20:03:09.298+0000] {dag.py:3047} INFO - Sync 1 DAGs
[2024-04-21T20:03:09.325+0000] {logging_mixin.py:188} INFO - [2024-04-21T20:03:09.325+0000] {dag.py:3834} INFO - Setting next_dagrun for example_sla_dag to 2024-04-21 20:00:00+00:00, run_after=2024-04-21 20:02:00+00:00
[2024-04-21T20:03:09.360+0000] {processor.py:183} INFO - Processing /home/airflow/.local/lib/python3.9/site-packages/airflow/example_dags/example_sla_dag.py took 0.142 seconds
[2024-04-21T20:04:17.000+0000] {processor.py:161} INFO - Started process (PID=319) to work on /home/airflow/.local/lib/python3.9/site-packages/airflow/example_dags/example_sla_dag.py
[2024-04-21T20:04:17.002+0000] {processor.py:830} INFO - Processing file /home/airflow/.local/lib/python3.9/site-packages/airflow/example_dags/example_sla_dag.py for tasks to queue
[2024-04-21T20:04:17.004+0000] {logging_mixin.py:188} INFO - [2024-04-21T20:04:17.003+0000] {dagbag.py:540} INFO - Filling up the DagBag from /home/airflow/.local/lib/python3.9/site-packages/airflow/example_dags/example_sla_dag.py
[2024-04-21T20:04:17.016+0000] {processor.py:840} INFO - DAG(s) 'example_sla_dag' retrieved from /home/airflow/.local/lib/python3.9/site-packages/airflow/example_dags/example_sla_dag.py
[2024-04-21T20:04:17.101+0000] {logging_mixin.py:188} INFO - [2024-04-21T20:04:17.100+0000] {dag.py:3047} INFO - Sync 1 DAGs
[2024-04-21T20:04:17.135+0000] {logging_mixin.py:188} INFO - [2024-04-21T20:04:17.134+0000] {dag.py:3834} INFO - Setting next_dagrun for example_sla_dag to 2024-04-21 20:02:00+00:00, run_after=2024-04-21 20:04:00+00:00
[2024-04-21T20:04:17.175+0000] {processor.py:183} INFO - Processing /home/airflow/.local/lib/python3.9/site-packages/airflow/example_dags/example_sla_dag.py took 0.179 seconds
[2024-04-21T20:04:48.030+0000] {processor.py:161} INFO - Started process (PID=378) to work on /home/airflow/.local/lib/python3.9/site-packages/airflow/example_dags/example_sla_dag.py
[2024-04-21T20:04:48.032+0000] {processor.py:830} INFO - Processing file /home/airflow/.local/lib/python3.9/site-packages/airflow/example_dags/example_sla_dag.py for tasks to queue
[2024-04-21T20:04:48.034+0000] {logging_mixin.py:188} INFO - [2024-04-21T20:04:48.034+0000] {dagbag.py:540} INFO - Filling up the DagBag from /home/airflow/.local/lib/python3.9/site-packages/airflow/example_dags/example_sla_dag.py
[2024-04-21T20:04:48.047+0000] {processor.py:840} INFO - DAG(s) 'example_sla_dag' retrieved from /home/airflow/.local/lib/python3.9/site-packages/airflow/example_dags/example_sla_dag.py
[2024-04-21T20:04:48.143+0000] {logging_mixin.py:188} INFO - [2024-04-21T20:04:48.143+0000] {dag.py:3047} INFO - Sync 1 DAGs
[2024-04-21T20:04:48.187+0000] {logging_mixin.py:188} INFO - [2024-04-21T20:04:48.187+0000] {dag.py:3834} INFO - Setting next_dagrun for example_sla_dag to 2024-04-21 20:02:00+00:00, run_after=2024-04-21 20:04:00+00:00
[2024-04-21T20:04:48.243+0000] {processor.py:183} INFO - Processing /home/airflow/.local/lib/python3.9/site-packages/airflow/example_dags/example_sla_dag.py took 0.219 seconds
[2024-04-21T20:05:18.876+0000] {processor.py:161} INFO - Started process (PID=435) to work on /home/airflow/.local/lib/python3.9/site-packages/airflow/example_dags/example_sla_dag.py
[2024-04-21T20:05:18.879+0000] {processor.py:830} INFO - Processing file /home/airflow/.local/lib/python3.9/site-packages/airflow/example_dags/example_sla_dag.py for tasks to queue
[2024-04-21T20:05:18.882+0000] {logging_mixin.py:188} INFO - [2024-04-21T20:05:18.881+0000] {dagbag.py:540} INFO - Filling up the DagBag from /home/airflow/.local/lib/python3.9/site-packages/airflow/example_dags/example_sla_dag.py
[2024-04-21T20:05:18.898+0000] {processor.py:840} INFO - DAG(s) 'example_sla_dag' retrieved from /home/airflow/.local/lib/python3.9/site-packages/airflow/example_dags/example_sla_dag.py
[2024-04-21T20:05:19.017+0000] {logging_mixin.py:188} INFO - [2024-04-21T20:05:19.017+0000] {dag.py:3047} INFO - Sync 1 DAGs
[2024-04-21T20:05:19.054+0000] {logging_mixin.py:188} INFO - [2024-04-21T20:05:19.054+0000] {dag.py:3834} INFO - Setting next_dagrun for example_sla_dag to 2024-04-21 20:02:00+00:00, run_after=2024-04-21 20:04:00+00:00
[2024-04-21T20:05:19.109+0000] {processor.py:183} INFO - Processing /home/airflow/.local/lib/python3.9/site-packages/airflow/example_dags/example_sla_dag.py took 0.237 seconds
[2024-04-21T20:05:49.509+0000] {processor.py:161} INFO - Started process (PID=492) to work on /home/airflow/.local/lib/python3.9/site-packages/airflow/example_dags/example_sla_dag.py
[2024-04-21T20:05:49.511+0000] {processor.py:830} INFO - Processing file /home/airflow/.local/lib/python3.9/site-packages/airflow/example_dags/example_sla_dag.py for tasks to queue
[2024-04-21T20:05:49.513+0000] {logging_mixin.py:188} INFO - [2024-04-21T20:05:49.512+0000] {dagbag.py:540} INFO - Filling up the DagBag from /home/airflow/.local/lib/python3.9/site-packages/airflow/example_dags/example_sla_dag.py
[2024-04-21T20:05:49.525+0000] {processor.py:840} INFO - DAG(s) 'example_sla_dag' retrieved from /home/airflow/.local/lib/python3.9/site-packages/airflow/example_dags/example_sla_dag.py
[2024-04-21T20:05:49.619+0000] {logging_mixin.py:188} INFO - [2024-04-21T20:05:49.618+0000] {dag.py:3047} INFO - Sync 1 DAGs
[2024-04-21T20:05:49.661+0000] {logging_mixin.py:188} INFO - [2024-04-21T20:05:49.660+0000] {dag.py:3834} INFO - Setting next_dagrun for example_sla_dag to 2024-04-21 20:02:00+00:00, run_after=2024-04-21 20:04:00+00:00
[2024-04-21T20:05:49.710+0000] {processor.py:183} INFO - Processing /home/airflow/.local/lib/python3.9/site-packages/airflow/example_dags/example_sla_dag.py took 0.209 seconds
[2024-04-21T20:06:44.435+0000] {processor.py:161} INFO - Started process (PID=556) to work on /home/airflow/.local/lib/python3.9/site-packages/airflow/example_dags/example_sla_dag.py
[2024-04-21T20:06:44.440+0000] {processor.py:830} INFO - Processing file /home/airflow/.local/lib/python3.9/site-packages/airflow/example_dags/example_sla_dag.py for tasks to queue
[2024-04-21T20:06:44.451+0000] {logging_mixin.py:188} INFO - [2024-04-21T20:06:44.450+0000] {dagbag.py:540} INFO - Filling up the DagBag from /home/airflow/.local/lib/python3.9/site-packages/airflow/example_dags/example_sla_dag.py
[2024-04-21T20:06:44.480+0000] {processor.py:840} INFO - DAG(s) 'example_sla_dag' retrieved from /home/airflow/.local/lib/python3.9/site-packages/airflow/example_dags/example_sla_dag.py
[2024-04-21T20:06:44.718+0000] {logging_mixin.py:188} INFO - [2024-04-21T20:06:44.717+0000] {dag.py:3047} INFO - Sync 1 DAGs
[2024-04-21T20:06:44.755+0000] {logging_mixin.py:188} INFO - [2024-04-21T20:06:44.755+0000] {dag.py:3834} INFO - Setting next_dagrun for example_sla_dag to 2024-04-21 20:04:00+00:00, run_after=2024-04-21 20:06:00+00:00
[2024-04-21T20:06:44.806+0000] {processor.py:183} INFO - Processing /home/airflow/.local/lib/python3.9/site-packages/airflow/example_dags/example_sla_dag.py took 0.379 seconds
[2024-04-21T20:07:15.708+0000] {processor.py:161} INFO - Started process (PID=614) to work on /home/airflow/.local/lib/python3.9/site-packages/airflow/example_dags/example_sla_dag.py
[2024-04-21T20:07:15.710+0000] {processor.py:830} INFO - Processing file /home/airflow/.local/lib/python3.9/site-packages/airflow/example_dags/example_sla_dag.py for tasks to queue
[2024-04-21T20:07:15.712+0000] {logging_mixin.py:188} INFO - [2024-04-21T20:07:15.711+0000] {dagbag.py:540} INFO - Filling up the DagBag from /home/airflow/.local/lib/python3.9/site-packages/airflow/example_dags/example_sla_dag.py
[2024-04-21T20:07:15.724+0000] {processor.py:840} INFO - DAG(s) 'example_sla_dag' retrieved from /home/airflow/.local/lib/python3.9/site-packages/airflow/example_dags/example_sla_dag.py
[2024-04-21T20:07:15.845+0000] {logging_mixin.py:188} INFO - [2024-04-21T20:07:15.845+0000] {dag.py:3047} INFO - Sync 1 DAGs
[2024-04-21T20:07:15.892+0000] {logging_mixin.py:188} INFO - [2024-04-21T20:07:15.891+0000] {dag.py:3834} INFO - Setting next_dagrun for example_sla_dag to 2024-04-21 20:04:00+00:00, run_after=2024-04-21 20:06:00+00:00
[2024-04-21T20:07:15.949+0000] {processor.py:183} INFO - Processing /home/airflow/.local/lib/python3.9/site-packages/airflow/example_dags/example_sla_dag.py took 0.247 seconds
[2024-04-21T20:07:46.188+0000] {processor.py:161} INFO - Started process (PID=669) to work on /home/airflow/.local/lib/python3.9/site-packages/airflow/example_dags/example_sla_dag.py
[2024-04-21T20:07:46.190+0000] {processor.py:830} INFO - Processing file /home/airflow/.local/lib/python3.9/site-packages/airflow/example_dags/example_sla_dag.py for tasks to queue
[2024-04-21T20:07:46.192+0000] {logging_mixin.py:188} INFO - [2024-04-21T20:07:46.192+0000] {dagbag.py:540} INFO - Filling up the DagBag from /home/airflow/.local/lib/python3.9/site-packages/airflow/example_dags/example_sla_dag.py
[2024-04-21T20:07:46.204+0000] {processor.py:840} INFO - DAG(s) 'example_sla_dag' retrieved from /home/airflow/.local/lib/python3.9/site-packages/airflow/example_dags/example_sla_dag.py
[2024-04-21T20:07:46.298+0000] {logging_mixin.py:188} INFO - [2024-04-21T20:07:46.298+0000] {dag.py:3047} INFO - Sync 1 DAGs
[2024-04-21T20:07:46.336+0000] {logging_mixin.py:188} INFO - [2024-04-21T20:07:46.336+0000] {dag.py:3834} INFO - Setting next_dagrun for example_sla_dag to 2024-04-21 20:04:00+00:00, run_after=2024-04-21 20:06:00+00:00
[2024-04-21T20:07:46.395+0000] {processor.py:183} INFO - Processing /home/airflow/.local/lib/python3.9/site-packages/airflow/example_dags/example_sla_dag.py took 0.212 seconds
[2024-04-21T20:08:19.814+0000] {processor.py:161} INFO - Started process (PID=725) to work on /home/airflow/.local/lib/python3.9/site-packages/airflow/example_dags/example_sla_dag.py
[2024-04-21T20:08:19.816+0000] {processor.py:830} INFO - Processing file /home/airflow/.local/lib/python3.9/site-packages/airflow/example_dags/example_sla_dag.py for tasks to queue
[2024-04-21T20:08:19.818+0000] {logging_mixin.py:188} INFO - [2024-04-21T20:08:19.817+0000] {dagbag.py:540} INFO - Filling up the DagBag from /home/airflow/.local/lib/python3.9/site-packages/airflow/example_dags/example_sla_dag.py
[2024-04-21T20:08:19.827+0000] {processor.py:840} INFO - DAG(s) 'example_sla_dag' retrieved from /home/airflow/.local/lib/python3.9/site-packages/airflow/example_dags/example_sla_dag.py
[2024-04-21T20:08:19.885+0000] {logging_mixin.py:188} INFO - [2024-04-21T20:08:19.884+0000] {dag.py:3047} INFO - Sync 1 DAGs
[2024-04-21T20:08:19.913+0000] {logging_mixin.py:188} INFO - [2024-04-21T20:08:19.913+0000] {dag.py:3834} INFO - Setting next_dagrun for example_sla_dag to 2024-04-21 20:06:00+00:00, run_after=2024-04-21 20:08:00+00:00
[2024-04-21T20:08:19.949+0000] {processor.py:183} INFO - Processing /home/airflow/.local/lib/python3.9/site-packages/airflow/example_dags/example_sla_dag.py took 0.138 seconds
[2024-04-21T20:08:50.304+0000] {processor.py:161} INFO - Started process (PID=782) to work on /home/airflow/.local/lib/python3.9/site-packages/airflow/example_dags/example_sla_dag.py
[2024-04-21T20:08:50.305+0000] {processor.py:830} INFO - Processing file /home/airflow/.local/lib/python3.9/site-packages/airflow/example_dags/example_sla_dag.py for tasks to queue
[2024-04-21T20:08:50.307+0000] {logging_mixin.py:188} INFO - [2024-04-21T20:08:50.307+0000] {dagbag.py:540} INFO - Filling up the DagBag from /home/airflow/.local/lib/python3.9/site-packages/airflow/example_dags/example_sla_dag.py
[2024-04-21T20:08:50.321+0000] {processor.py:840} INFO - DAG(s) 'example_sla_dag' retrieved from /home/airflow/.local/lib/python3.9/site-packages/airflow/example_dags/example_sla_dag.py
[2024-04-21T20:08:50.411+0000] {logging_mixin.py:188} INFO - [2024-04-21T20:08:50.410+0000] {dag.py:3047} INFO - Sync 1 DAGs
[2024-04-21T20:08:50.453+0000] {logging_mixin.py:188} INFO - [2024-04-21T20:08:50.453+0000] {dag.py:3834} INFO - Setting next_dagrun for example_sla_dag to 2024-04-21 20:06:00+00:00, run_after=2024-04-21 20:08:00+00:00
[2024-04-21T20:08:50.504+0000] {processor.py:183} INFO - Processing /home/airflow/.local/lib/python3.9/site-packages/airflow/example_dags/example_sla_dag.py took 0.205 seconds
[2024-04-21T20:10:03.074+0000] {processor.py:161} INFO - Started process (PID=802) to work on /home/airflow/.local/lib/python3.9/site-packages/airflow/example_dags/example_sla_dag.py
[2024-04-21T20:10:03.076+0000] {processor.py:830} INFO - Processing file /home/airflow/.local/lib/python3.9/site-packages/airflow/example_dags/example_sla_dag.py for tasks to queue
[2024-04-21T20:10:03.079+0000] {logging_mixin.py:188} INFO - [2024-04-21T20:10:03.078+0000] {dagbag.py:540} INFO - Filling up the DagBag from /home/airflow/.local/lib/python3.9/site-packages/airflow/example_dags/example_sla_dag.py
[2024-04-21T20:10:03.092+0000] {processor.py:840} INFO - DAG(s) 'example_sla_dag' retrieved from /home/airflow/.local/lib/python3.9/site-packages/airflow/example_dags/example_sla_dag.py
[2024-04-21T20:10:03.566+0000] {logging_mixin.py:188} INFO - [2024-04-21T20:10:03.566+0000] {dag.py:3047} INFO - Sync 1 DAGs
[2024-04-21T20:10:03.605+0000] {logging_mixin.py:188} INFO - [2024-04-21T20:10:03.605+0000] {dag.py:3834} INFO - Setting next_dagrun for example_sla_dag to 2024-04-21 20:08:00+00:00, run_after=2024-04-21 20:10:00+00:00
[2024-04-21T20:10:03.649+0000] {processor.py:183} INFO - Processing /home/airflow/.local/lib/python3.9/site-packages/airflow/example_dags/example_sla_dag.py took 0.580 seconds
[2024-04-21T20:10:34.207+0000] {processor.py:161} INFO - Started process (PID=859) to work on /home/airflow/.local/lib/python3.9/site-packages/airflow/example_dags/example_sla_dag.py
[2024-04-21T20:10:34.209+0000] {processor.py:830} INFO - Processing file /home/airflow/.local/lib/python3.9/site-packages/airflow/example_dags/example_sla_dag.py for tasks to queue
[2024-04-21T20:10:34.210+0000] {logging_mixin.py:188} INFO - [2024-04-21T20:10:34.209+0000] {dagbag.py:540} INFO - Filling up the DagBag from /home/airflow/.local/lib/python3.9/site-packages/airflow/example_dags/example_sla_dag.py
[2024-04-21T20:10:34.218+0000] {processor.py:840} INFO - DAG(s) 'example_sla_dag' retrieved from /home/airflow/.local/lib/python3.9/site-packages/airflow/example_dags/example_sla_dag.py
[2024-04-21T20:10:34.276+0000] {logging_mixin.py:188} INFO - [2024-04-21T20:10:34.275+0000] {dag.py:3047} INFO - Sync 1 DAGs
[2024-04-21T20:10:34.302+0000] {logging_mixin.py:188} INFO - [2024-04-21T20:10:34.302+0000] {dag.py:3834} INFO - Setting next_dagrun for example_sla_dag to 2024-04-21 20:08:00+00:00, run_after=2024-04-21 20:10:00+00:00
[2024-04-21T20:10:34.336+0000] {processor.py:183} INFO - Processing /home/airflow/.local/lib/python3.9/site-packages/airflow/example_dags/example_sla_dag.py took 0.132 seconds
[2024-04-21T20:11:04.554+0000] {processor.py:161} INFO - Started process (PID=918) to work on /home/airflow/.local/lib/python3.9/site-packages/airflow/example_dags/example_sla_dag.py
[2024-04-21T20:11:04.556+0000] {processor.py:830} INFO - Processing file /home/airflow/.local/lib/python3.9/site-packages/airflow/example_dags/example_sla_dag.py for tasks to queue
[2024-04-21T20:11:04.557+0000] {logging_mixin.py:188} INFO - [2024-04-21T20:11:04.556+0000] {dagbag.py:540} INFO - Filling up the DagBag from /home/airflow/.local/lib/python3.9/site-packages/airflow/example_dags/example_sla_dag.py
[2024-04-21T20:11:04.565+0000] {processor.py:840} INFO - DAG(s) 'example_sla_dag' retrieved from /home/airflow/.local/lib/python3.9/site-packages/airflow/example_dags/example_sla_dag.py
[2024-04-21T20:11:04.625+0000] {logging_mixin.py:188} INFO - [2024-04-21T20:11:04.625+0000] {dag.py:3047} INFO - Sync 1 DAGs
[2024-04-21T20:11:04.656+0000] {logging_mixin.py:188} INFO - [2024-04-21T20:11:04.656+0000] {dag.py:3834} INFO - Setting next_dagrun for example_sla_dag to 2024-04-21 20:08:00+00:00, run_after=2024-04-21 20:10:00+00:00
[2024-04-21T20:11:04.705+0000] {processor.py:183} INFO - Processing /home/airflow/.local/lib/python3.9/site-packages/airflow/example_dags/example_sla_dag.py took 0.154 seconds
[2024-04-21T20:14:16.348+0000] {processor.py:161} INFO - Started process (PID=42) to work on /home/airflow/.local/lib/python3.9/site-packages/airflow/example_dags/example_sla_dag.py
[2024-04-21T20:14:16.350+0000] {processor.py:830} INFO - Processing file /home/airflow/.local/lib/python3.9/site-packages/airflow/example_dags/example_sla_dag.py for tasks to queue
[2024-04-21T20:14:16.353+0000] {logging_mixin.py:188} INFO - [2024-04-21T20:14:16.353+0000] {dagbag.py:540} INFO - Filling up the DagBag from /home/airflow/.local/lib/python3.9/site-packages/airflow/example_dags/example_sla_dag.py
[2024-04-21T20:14:16.386+0000] {processor.py:840} INFO - DAG(s) 'example_sla_dag' retrieved from /home/airflow/.local/lib/python3.9/site-packages/airflow/example_dags/example_sla_dag.py
[2024-04-21T20:14:16.463+0000] {logging_mixin.py:188} INFO - [2024-04-21T20:14:16.463+0000] {dag.py:3047} INFO - Sync 1 DAGs
[2024-04-21T20:14:16.515+0000] {logging_mixin.py:188} INFO - [2024-04-21T20:14:16.514+0000] {dag.py:3834} INFO - Setting next_dagrun for example_sla_dag to 2024-04-21 20:12:00+00:00, run_after=2024-04-21 20:14:00+00:00
[2024-04-21T20:14:16.590+0000] {processor.py:183} INFO - Processing /home/airflow/.local/lib/python3.9/site-packages/airflow/example_dags/example_sla_dag.py took 0.248 seconds
[2024-04-21T20:14:46.951+0000] {processor.py:161} INFO - Started process (PID=100) to work on /home/airflow/.local/lib/python3.9/site-packages/airflow/example_dags/example_sla_dag.py
[2024-04-21T20:14:46.953+0000] {processor.py:830} INFO - Processing file /home/airflow/.local/lib/python3.9/site-packages/airflow/example_dags/example_sla_dag.py for tasks to queue
[2024-04-21T20:14:46.955+0000] {logging_mixin.py:188} INFO - [2024-04-21T20:14:46.955+0000] {dagbag.py:540} INFO - Filling up the DagBag from /home/airflow/.local/lib/python3.9/site-packages/airflow/example_dags/example_sla_dag.py
[2024-04-21T20:14:46.963+0000] {processor.py:840} INFO - DAG(s) 'example_sla_dag' retrieved from /home/airflow/.local/lib/python3.9/site-packages/airflow/example_dags/example_sla_dag.py
[2024-04-21T20:14:47.161+0000] {logging_mixin.py:188} INFO - [2024-04-21T20:14:47.161+0000] {dag.py:3047} INFO - Sync 1 DAGs
[2024-04-21T20:14:47.194+0000] {logging_mixin.py:188} INFO - [2024-04-21T20:14:47.194+0000] {dag.py:3834} INFO - Setting next_dagrun for example_sla_dag to 2024-04-21 20:12:00+00:00, run_after=2024-04-21 20:14:00+00:00
[2024-04-21T20:14:47.230+0000] {processor.py:183} INFO - Processing /home/airflow/.local/lib/python3.9/site-packages/airflow/example_dags/example_sla_dag.py took 0.281 seconds
[2024-04-21T20:15:17.699+0000] {processor.py:161} INFO - Started process (PID=155) to work on /home/airflow/.local/lib/python3.9/site-packages/airflow/example_dags/example_sla_dag.py
[2024-04-21T20:15:17.700+0000] {processor.py:830} INFO - Processing file /home/airflow/.local/lib/python3.9/site-packages/airflow/example_dags/example_sla_dag.py for tasks to queue
[2024-04-21T20:15:17.702+0000] {logging_mixin.py:188} INFO - [2024-04-21T20:15:17.702+0000] {dagbag.py:540} INFO - Filling up the DagBag from /home/airflow/.local/lib/python3.9/site-packages/airflow/example_dags/example_sla_dag.py
[2024-04-21T20:15:17.711+0000] {processor.py:840} INFO - DAG(s) 'example_sla_dag' retrieved from /home/airflow/.local/lib/python3.9/site-packages/airflow/example_dags/example_sla_dag.py
[2024-04-21T20:15:17.772+0000] {logging_mixin.py:188} INFO - [2024-04-21T20:15:17.772+0000] {dag.py:3047} INFO - Sync 1 DAGs
[2024-04-21T20:15:17.800+0000] {logging_mixin.py:188} INFO - [2024-04-21T20:15:17.799+0000] {dag.py:3834} INFO - Setting next_dagrun for example_sla_dag to 2024-04-21 20:12:00+00:00, run_after=2024-04-21 20:14:00+00:00
[2024-04-21T20:15:17.840+0000] {processor.py:183} INFO - Processing /home/airflow/.local/lib/python3.9/site-packages/airflow/example_dags/example_sla_dag.py took 0.145 seconds
[2024-04-21T20:16:15.187+0000] {processor.py:161} INFO - Started process (PID=42) to work on /home/airflow/.local/lib/python3.9/site-packages/airflow/example_dags/example_sla_dag.py
[2024-04-21T20:16:15.188+0000] {processor.py:830} INFO - Processing file /home/airflow/.local/lib/python3.9/site-packages/airflow/example_dags/example_sla_dag.py for tasks to queue
[2024-04-21T20:16:15.190+0000] {logging_mixin.py:188} INFO - [2024-04-21T20:16:15.190+0000] {dagbag.py:540} INFO - Filling up the DagBag from /home/airflow/.local/lib/python3.9/site-packages/airflow/example_dags/example_sla_dag.py
[2024-04-21T20:16:15.201+0000] {processor.py:840} INFO - DAG(s) 'example_sla_dag' retrieved from /home/airflow/.local/lib/python3.9/site-packages/airflow/example_dags/example_sla_dag.py
[2024-04-21T20:16:15.264+0000] {logging_mixin.py:188} INFO - [2024-04-21T20:16:15.263+0000] {dag.py:3047} INFO - Sync 1 DAGs
[2024-04-21T20:16:15.291+0000] {logging_mixin.py:188} INFO - [2024-04-21T20:16:15.290+0000] {dag.py:3834} INFO - Setting next_dagrun for example_sla_dag to 2024-04-21 20:14:00+00:00, run_after=2024-04-21 20:16:00+00:00
[2024-04-21T20:16:15.326+0000] {processor.py:183} INFO - Processing /home/airflow/.local/lib/python3.9/site-packages/airflow/example_dags/example_sla_dag.py took 0.142 seconds
[2024-04-21T20:16:46.273+0000] {processor.py:161} INFO - Started process (PID=99) to work on /home/airflow/.local/lib/python3.9/site-packages/airflow/example_dags/example_sla_dag.py
[2024-04-21T20:16:46.274+0000] {processor.py:830} INFO - Processing file /home/airflow/.local/lib/python3.9/site-packages/airflow/example_dags/example_sla_dag.py for tasks to queue
[2024-04-21T20:16:46.277+0000] {logging_mixin.py:188} INFO - [2024-04-21T20:16:46.277+0000] {dagbag.py:540} INFO - Filling up the DagBag from /home/airflow/.local/lib/python3.9/site-packages/airflow/example_dags/example_sla_dag.py
[2024-04-21T20:16:46.285+0000] {processor.py:840} INFO - DAG(s) 'example_sla_dag' retrieved from /home/airflow/.local/lib/python3.9/site-packages/airflow/example_dags/example_sla_dag.py
[2024-04-21T20:16:46.339+0000] {logging_mixin.py:188} INFO - [2024-04-21T20:16:46.338+0000] {dag.py:3047} INFO - Sync 1 DAGs
[2024-04-21T20:16:46.366+0000] {logging_mixin.py:188} INFO - [2024-04-21T20:16:46.366+0000] {dag.py:3834} INFO - Setting next_dagrun for example_sla_dag to 2024-04-21 20:14:00+00:00, run_after=2024-04-21 20:16:00+00:00
[2024-04-21T20:16:46.399+0000] {processor.py:183} INFO - Processing /home/airflow/.local/lib/python3.9/site-packages/airflow/example_dags/example_sla_dag.py took 0.128 seconds
[2024-04-21T20:17:16.468+0000] {processor.py:161} INFO - Started process (PID=155) to work on /home/airflow/.local/lib/python3.9/site-packages/airflow/example_dags/example_sla_dag.py
[2024-04-21T20:17:16.469+0000] {processor.py:830} INFO - Processing file /home/airflow/.local/lib/python3.9/site-packages/airflow/example_dags/example_sla_dag.py for tasks to queue
[2024-04-21T20:17:16.472+0000] {logging_mixin.py:188} INFO - [2024-04-21T20:17:16.472+0000] {dagbag.py:540} INFO - Filling up the DagBag from /home/airflow/.local/lib/python3.9/site-packages/airflow/example_dags/example_sla_dag.py
[2024-04-21T20:17:16.483+0000] {processor.py:840} INFO - DAG(s) 'example_sla_dag' retrieved from /home/airflow/.local/lib/python3.9/site-packages/airflow/example_dags/example_sla_dag.py
[2024-04-21T20:17:16.552+0000] {logging_mixin.py:188} INFO - [2024-04-21T20:17:16.551+0000] {dag.py:3047} INFO - Sync 1 DAGs
[2024-04-21T20:17:16.583+0000] {logging_mixin.py:188} INFO - [2024-04-21T20:17:16.582+0000] {dag.py:3834} INFO - Setting next_dagrun for example_sla_dag to 2024-04-21 20:14:00+00:00, run_after=2024-04-21 20:16:00+00:00
[2024-04-21T20:17:16.618+0000] {processor.py:183} INFO - Processing /home/airflow/.local/lib/python3.9/site-packages/airflow/example_dags/example_sla_dag.py took 0.154 seconds
[2024-04-21T20:17:47.499+0000] {processor.py:161} INFO - Started process (PID=211) to work on /home/airflow/.local/lib/python3.9/site-packages/airflow/example_dags/example_sla_dag.py
[2024-04-21T20:17:47.500+0000] {processor.py:830} INFO - Processing file /home/airflow/.local/lib/python3.9/site-packages/airflow/example_dags/example_sla_dag.py for tasks to queue
[2024-04-21T20:17:47.502+0000] {logging_mixin.py:188} INFO - [2024-04-21T20:17:47.502+0000] {dagbag.py:540} INFO - Filling up the DagBag from /home/airflow/.local/lib/python3.9/site-packages/airflow/example_dags/example_sla_dag.py
[2024-04-21T20:17:47.511+0000] {processor.py:840} INFO - DAG(s) 'example_sla_dag' retrieved from /home/airflow/.local/lib/python3.9/site-packages/airflow/example_dags/example_sla_dag.py
[2024-04-21T20:17:47.563+0000] {logging_mixin.py:188} INFO - [2024-04-21T20:17:47.563+0000] {dag.py:3047} INFO - Sync 1 DAGs
[2024-04-21T20:17:47.590+0000] {logging_mixin.py:188} INFO - [2024-04-21T20:17:47.590+0000] {dag.py:3834} INFO - Setting next_dagrun for example_sla_dag to 2024-04-21 20:14:00+00:00, run_after=2024-04-21 20:16:00+00:00
[2024-04-21T20:17:47.625+0000] {processor.py:183} INFO - Processing /home/airflow/.local/lib/python3.9/site-packages/airflow/example_dags/example_sla_dag.py took 0.129 seconds
[2024-04-21T20:18:18.165+0000] {processor.py:161} INFO - Started process (PID=268) to work on /home/airflow/.local/lib/python3.9/site-packages/airflow/example_dags/example_sla_dag.py
[2024-04-21T20:18:18.166+0000] {processor.py:830} INFO - Processing file /home/airflow/.local/lib/python3.9/site-packages/airflow/example_dags/example_sla_dag.py for tasks to queue
[2024-04-21T20:18:18.169+0000] {logging_mixin.py:188} INFO - [2024-04-21T20:18:18.168+0000] {dagbag.py:540} INFO - Filling up the DagBag from /home/airflow/.local/lib/python3.9/site-packages/airflow/example_dags/example_sla_dag.py
[2024-04-21T20:18:18.178+0000] {processor.py:840} INFO - DAG(s) 'example_sla_dag' retrieved from /home/airflow/.local/lib/python3.9/site-packages/airflow/example_dags/example_sla_dag.py
[2024-04-21T20:18:18.235+0000] {logging_mixin.py:188} INFO - [2024-04-21T20:18:18.234+0000] {dag.py:3047} INFO - Sync 1 DAGs
[2024-04-21T20:18:18.265+0000] {logging_mixin.py:188} INFO - [2024-04-21T20:18:18.265+0000] {dag.py:3834} INFO - Setting next_dagrun for example_sla_dag to 2024-04-21 20:16:00+00:00, run_after=2024-04-21 20:18:00+00:00
[2024-04-21T20:18:18.306+0000] {processor.py:183} INFO - Processing /home/airflow/.local/lib/python3.9/site-packages/airflow/example_dags/example_sla_dag.py took 0.143 seconds
[2024-04-21T20:18:48.548+0000] {processor.py:161} INFO - Started process (PID=325) to work on /home/airflow/.local/lib/python3.9/site-packages/airflow/example_dags/example_sla_dag.py
[2024-04-21T20:18:48.549+0000] {processor.py:830} INFO - Processing file /home/airflow/.local/lib/python3.9/site-packages/airflow/example_dags/example_sla_dag.py for tasks to queue
[2024-04-21T20:18:48.551+0000] {logging_mixin.py:188} INFO - [2024-04-21T20:18:48.551+0000] {dagbag.py:540} INFO - Filling up the DagBag from /home/airflow/.local/lib/python3.9/site-packages/airflow/example_dags/example_sla_dag.py
[2024-04-21T20:18:48.561+0000] {processor.py:840} INFO - DAG(s) 'example_sla_dag' retrieved from /home/airflow/.local/lib/python3.9/site-packages/airflow/example_dags/example_sla_dag.py
[2024-04-21T20:18:48.617+0000] {logging_mixin.py:188} INFO - [2024-04-21T20:18:48.616+0000] {dag.py:3047} INFO - Sync 1 DAGs
[2024-04-21T20:18:48.644+0000] {logging_mixin.py:188} INFO - [2024-04-21T20:18:48.644+0000] {dag.py:3834} INFO - Setting next_dagrun for example_sla_dag to 2024-04-21 20:16:00+00:00, run_after=2024-04-21 20:18:00+00:00
[2024-04-21T20:18:48.691+0000] {processor.py:183} INFO - Processing /home/airflow/.local/lib/python3.9/site-packages/airflow/example_dags/example_sla_dag.py took 0.147 seconds
[2024-04-21T20:32:45.889+0000] {processor.py:161} INFO - Started process (PID=42) to work on /home/airflow/.local/lib/python3.9/site-packages/airflow/example_dags/example_sla_dag.py
[2024-04-21T20:32:45.891+0000] {processor.py:830} INFO - Processing file /home/airflow/.local/lib/python3.9/site-packages/airflow/example_dags/example_sla_dag.py for tasks to queue
[2024-04-21T20:32:45.893+0000] {logging_mixin.py:188} INFO - [2024-04-21T20:32:45.892+0000] {dagbag.py:540} INFO - Filling up the DagBag from /home/airflow/.local/lib/python3.9/site-packages/airflow/example_dags/example_sla_dag.py
[2024-04-21T20:32:45.903+0000] {processor.py:840} INFO - DAG(s) 'example_sla_dag' retrieved from /home/airflow/.local/lib/python3.9/site-packages/airflow/example_dags/example_sla_dag.py
[2024-04-21T20:32:45.963+0000] {logging_mixin.py:188} INFO - [2024-04-21T20:32:45.962+0000] {dag.py:3047} INFO - Sync 1 DAGs
[2024-04-21T20:32:46.001+0000] {logging_mixin.py:188} INFO - [2024-04-21T20:32:46.001+0000] {dag.py:3834} INFO - Setting next_dagrun for example_sla_dag to 2024-04-21 20:30:00+00:00, run_after=2024-04-21 20:32:00+00:00
[2024-04-21T20:32:46.095+0000] {processor.py:183} INFO - Processing /home/airflow/.local/lib/python3.9/site-packages/airflow/example_dags/example_sla_dag.py took 0.210 seconds
[2024-04-21T20:33:20.610+0000] {processor.py:161} INFO - Started process (PID=42) to work on /home/airflow/.local/lib/python3.9/site-packages/airflow/example_dags/example_sla_dag.py
[2024-04-21T20:33:20.612+0000] {processor.py:830} INFO - Processing file /home/airflow/.local/lib/python3.9/site-packages/airflow/example_dags/example_sla_dag.py for tasks to queue
[2024-04-21T20:33:20.614+0000] {logging_mixin.py:188} INFO - [2024-04-21T20:33:20.614+0000] {dagbag.py:540} INFO - Filling up the DagBag from /home/airflow/.local/lib/python3.9/site-packages/airflow/example_dags/example_sla_dag.py
[2024-04-21T20:33:20.625+0000] {processor.py:840} INFO - DAG(s) 'example_sla_dag' retrieved from /home/airflow/.local/lib/python3.9/site-packages/airflow/example_dags/example_sla_dag.py
[2024-04-21T20:33:20.771+0000] {logging_mixin.py:188} INFO - [2024-04-21T20:33:20.771+0000] {dag.py:3047} INFO - Sync 1 DAGs
[2024-04-21T20:33:20.797+0000] {logging_mixin.py:188} INFO - [2024-04-21T20:33:20.797+0000] {dag.py:3834} INFO - Setting next_dagrun for example_sla_dag to 2024-04-21 20:30:00+00:00, run_after=2024-04-21 20:32:00+00:00
[2024-04-21T20:33:20.831+0000] {processor.py:183} INFO - Processing /home/airflow/.local/lib/python3.9/site-packages/airflow/example_dags/example_sla_dag.py took 0.223 seconds
[2024-04-21T20:33:51.639+0000] {processor.py:161} INFO - Started process (PID=99) to work on /home/airflow/.local/lib/python3.9/site-packages/airflow/example_dags/example_sla_dag.py
[2024-04-21T20:33:51.640+0000] {processor.py:830} INFO - Processing file /home/airflow/.local/lib/python3.9/site-packages/airflow/example_dags/example_sla_dag.py for tasks to queue
[2024-04-21T20:33:51.642+0000] {logging_mixin.py:188} INFO - [2024-04-21T20:33:51.642+0000] {dagbag.py:540} INFO - Filling up the DagBag from /home/airflow/.local/lib/python3.9/site-packages/airflow/example_dags/example_sla_dag.py
[2024-04-21T20:33:51.652+0000] {processor.py:840} INFO - DAG(s) 'example_sla_dag' retrieved from /home/airflow/.local/lib/python3.9/site-packages/airflow/example_dags/example_sla_dag.py
[2024-04-21T20:33:51.720+0000] {logging_mixin.py:188} INFO - [2024-04-21T20:33:51.720+0000] {dag.py:3047} INFO - Sync 1 DAGs
[2024-04-21T20:33:51.755+0000] {logging_mixin.py:188} INFO - [2024-04-21T20:33:51.755+0000] {dag.py:3834} INFO - Setting next_dagrun for example_sla_dag to 2024-04-21 20:30:00+00:00, run_after=2024-04-21 20:32:00+00:00
[2024-04-21T20:33:51.791+0000] {processor.py:183} INFO - Processing /home/airflow/.local/lib/python3.9/site-packages/airflow/example_dags/example_sla_dag.py took 0.156 seconds
[2024-04-21T20:34:28.855+0000] {processor.py:161} INFO - Started process (PID=42) to work on /home/airflow/.local/lib/python3.9/site-packages/airflow/example_dags/example_sla_dag.py
[2024-04-21T20:34:28.856+0000] {processor.py:830} INFO - Processing file /home/airflow/.local/lib/python3.9/site-packages/airflow/example_dags/example_sla_dag.py for tasks to queue
[2024-04-21T20:34:28.859+0000] {logging_mixin.py:188} INFO - [2024-04-21T20:34:28.858+0000] {dagbag.py:540} INFO - Filling up the DagBag from /home/airflow/.local/lib/python3.9/site-packages/airflow/example_dags/example_sla_dag.py
[2024-04-21T20:34:28.869+0000] {processor.py:840} INFO - DAG(s) 'example_sla_dag' retrieved from /home/airflow/.local/lib/python3.9/site-packages/airflow/example_dags/example_sla_dag.py
[2024-04-21T20:34:28.931+0000] {logging_mixin.py:188} INFO - [2024-04-21T20:34:28.931+0000] {dag.py:3047} INFO - Sync 1 DAGs
[2024-04-21T20:34:28.958+0000] {logging_mixin.py:188} INFO - [2024-04-21T20:34:28.958+0000] {dag.py:3834} INFO - Setting next_dagrun for example_sla_dag to 2024-04-21 20:32:00+00:00, run_after=2024-04-21 20:34:00+00:00
[2024-04-21T20:34:28.993+0000] {processor.py:183} INFO - Processing /home/airflow/.local/lib/python3.9/site-packages/airflow/example_dags/example_sla_dag.py took 0.141 seconds
[2024-04-21T20:34:59.827+0000] {processor.py:161} INFO - Started process (PID=98) to work on /home/airflow/.local/lib/python3.9/site-packages/airflow/example_dags/example_sla_dag.py
[2024-04-21T20:34:59.829+0000] {processor.py:830} INFO - Processing file /home/airflow/.local/lib/python3.9/site-packages/airflow/example_dags/example_sla_dag.py for tasks to queue
[2024-04-21T20:34:59.834+0000] {logging_mixin.py:188} INFO - [2024-04-21T20:34:59.833+0000] {dagbag.py:540} INFO - Filling up the DagBag from /home/airflow/.local/lib/python3.9/site-packages/airflow/example_dags/example_sla_dag.py
[2024-04-21T20:34:59.851+0000] {processor.py:840} INFO - DAG(s) 'example_sla_dag' retrieved from /home/airflow/.local/lib/python3.9/site-packages/airflow/example_dags/example_sla_dag.py
[2024-04-21T20:34:59.934+0000] {logging_mixin.py:188} INFO - [2024-04-21T20:34:59.934+0000] {dag.py:3047} INFO - Sync 1 DAGs
[2024-04-21T20:34:59.966+0000] {logging_mixin.py:188} INFO - [2024-04-21T20:34:59.966+0000] {dag.py:3834} INFO - Setting next_dagrun for example_sla_dag to 2024-04-21 20:32:00+00:00, run_after=2024-04-21 20:34:00+00:00
[2024-04-21T20:35:00.007+0000] {processor.py:183} INFO - Processing /home/airflow/.local/lib/python3.9/site-packages/airflow/example_dags/example_sla_dag.py took 0.189 seconds
[2024-04-21T20:35:30.980+0000] {processor.py:161} INFO - Started process (PID=156) to work on /home/airflow/.local/lib/python3.9/site-packages/airflow/example_dags/example_sla_dag.py
[2024-04-21T20:35:30.981+0000] {processor.py:830} INFO - Processing file /home/airflow/.local/lib/python3.9/site-packages/airflow/example_dags/example_sla_dag.py for tasks to queue
[2024-04-21T20:35:30.983+0000] {logging_mixin.py:188} INFO - [2024-04-21T20:35:30.983+0000] {dagbag.py:540} INFO - Filling up the DagBag from /home/airflow/.local/lib/python3.9/site-packages/airflow/example_dags/example_sla_dag.py
[2024-04-21T20:35:30.993+0000] {processor.py:840} INFO - DAG(s) 'example_sla_dag' retrieved from /home/airflow/.local/lib/python3.9/site-packages/airflow/example_dags/example_sla_dag.py
[2024-04-21T20:35:31.063+0000] {logging_mixin.py:188} INFO - [2024-04-21T20:35:31.062+0000] {dag.py:3047} INFO - Sync 1 DAGs
[2024-04-21T20:35:31.098+0000] {logging_mixin.py:188} INFO - [2024-04-21T20:35:31.098+0000] {dag.py:3834} INFO - Setting next_dagrun for example_sla_dag to 2024-04-21 20:32:00+00:00, run_after=2024-04-21 20:34:00+00:00
[2024-04-21T20:35:31.134+0000] {processor.py:183} INFO - Processing /home/airflow/.local/lib/python3.9/site-packages/airflow/example_dags/example_sla_dag.py took 0.156 seconds
[2024-04-21T20:36:01.414+0000] {processor.py:161} INFO - Started process (PID=211) to work on /home/airflow/.local/lib/python3.9/site-packages/airflow/example_dags/example_sla_dag.py
[2024-04-21T20:36:01.415+0000] {processor.py:830} INFO - Processing file /home/airflow/.local/lib/python3.9/site-packages/airflow/example_dags/example_sla_dag.py for tasks to queue
[2024-04-21T20:36:01.417+0000] {logging_mixin.py:188} INFO - [2024-04-21T20:36:01.417+0000] {dagbag.py:540} INFO - Filling up the DagBag from /home/airflow/.local/lib/python3.9/site-packages/airflow/example_dags/example_sla_dag.py
[2024-04-21T20:36:01.429+0000] {processor.py:840} INFO - DAG(s) 'example_sla_dag' retrieved from /home/airflow/.local/lib/python3.9/site-packages/airflow/example_dags/example_sla_dag.py
[2024-04-21T20:36:01.497+0000] {logging_mixin.py:188} INFO - [2024-04-21T20:36:01.496+0000] {dag.py:3047} INFO - Sync 1 DAGs
[2024-04-21T20:36:01.529+0000] {logging_mixin.py:188} INFO - [2024-04-21T20:36:01.529+0000] {dag.py:3834} INFO - Setting next_dagrun for example_sla_dag to 2024-04-21 20:34:00+00:00, run_after=2024-04-21 20:36:00+00:00
[2024-04-21T20:36:01.568+0000] {processor.py:183} INFO - Processing /home/airflow/.local/lib/python3.9/site-packages/airflow/example_dags/example_sla_dag.py took 0.157 seconds
[2024-04-21T20:36:31.774+0000] {processor.py:161} INFO - Started process (PID=268) to work on /home/airflow/.local/lib/python3.9/site-packages/airflow/example_dags/example_sla_dag.py
[2024-04-21T20:36:31.776+0000] {processor.py:830} INFO - Processing file /home/airflow/.local/lib/python3.9/site-packages/airflow/example_dags/example_sla_dag.py for tasks to queue
[2024-04-21T20:36:31.778+0000] {logging_mixin.py:188} INFO - [2024-04-21T20:36:31.778+0000] {dagbag.py:540} INFO - Filling up the DagBag from /home/airflow/.local/lib/python3.9/site-packages/airflow/example_dags/example_sla_dag.py
[2024-04-21T20:36:31.787+0000] {processor.py:840} INFO - DAG(s) 'example_sla_dag' retrieved from /home/airflow/.local/lib/python3.9/site-packages/airflow/example_dags/example_sla_dag.py
[2024-04-21T20:36:31.847+0000] {logging_mixin.py:188} INFO - [2024-04-21T20:36:31.846+0000] {dag.py:3047} INFO - Sync 1 DAGs
[2024-04-21T20:36:31.877+0000] {logging_mixin.py:188} INFO - [2024-04-21T20:36:31.876+0000] {dag.py:3834} INFO - Setting next_dagrun for example_sla_dag to 2024-04-21 20:34:00+00:00, run_after=2024-04-21 20:36:00+00:00
[2024-04-21T20:36:31.910+0000] {processor.py:183} INFO - Processing /home/airflow/.local/lib/python3.9/site-packages/airflow/example_dags/example_sla_dag.py took 0.140 seconds
[2024-04-21T20:37:02.055+0000] {processor.py:161} INFO - Started process (PID=325) to work on /home/airflow/.local/lib/python3.9/site-packages/airflow/example_dags/example_sla_dag.py
[2024-04-21T20:37:02.057+0000] {processor.py:830} INFO - Processing file /home/airflow/.local/lib/python3.9/site-packages/airflow/example_dags/example_sla_dag.py for tasks to queue
[2024-04-21T20:37:02.059+0000] {logging_mixin.py:188} INFO - [2024-04-21T20:37:02.059+0000] {dagbag.py:540} INFO - Filling up the DagBag from /home/airflow/.local/lib/python3.9/site-packages/airflow/example_dags/example_sla_dag.py
[2024-04-21T20:37:02.069+0000] {processor.py:840} INFO - DAG(s) 'example_sla_dag' retrieved from /home/airflow/.local/lib/python3.9/site-packages/airflow/example_dags/example_sla_dag.py
[2024-04-21T20:37:02.154+0000] {logging_mixin.py:188} INFO - [2024-04-21T20:37:02.154+0000] {dag.py:3047} INFO - Sync 1 DAGs
[2024-04-21T20:37:02.197+0000] {logging_mixin.py:188} INFO - [2024-04-21T20:37:02.197+0000] {dag.py:3834} INFO - Setting next_dagrun for example_sla_dag to 2024-04-21 20:34:00+00:00, run_after=2024-04-21 20:36:00+00:00
[2024-04-21T20:37:02.244+0000] {processor.py:183} INFO - Processing /home/airflow/.local/lib/python3.9/site-packages/airflow/example_dags/example_sla_dag.py took 0.193 seconds
[2024-04-21T20:37:32.672+0000] {processor.py:161} INFO - Started process (PID=382) to work on /home/airflow/.local/lib/python3.9/site-packages/airflow/example_dags/example_sla_dag.py
[2024-04-21T20:37:32.673+0000] {processor.py:830} INFO - Processing file /home/airflow/.local/lib/python3.9/site-packages/airflow/example_dags/example_sla_dag.py for tasks to queue
[2024-04-21T20:37:32.675+0000] {logging_mixin.py:188} INFO - [2024-04-21T20:37:32.675+0000] {dagbag.py:540} INFO - Filling up the DagBag from /home/airflow/.local/lib/python3.9/site-packages/airflow/example_dags/example_sla_dag.py
[2024-04-21T20:37:32.684+0000] {processor.py:840} INFO - DAG(s) 'example_sla_dag' retrieved from /home/airflow/.local/lib/python3.9/site-packages/airflow/example_dags/example_sla_dag.py
[2024-04-21T20:37:32.738+0000] {logging_mixin.py:188} INFO - [2024-04-21T20:37:32.738+0000] {dag.py:3047} INFO - Sync 1 DAGs
[2024-04-21T20:37:32.765+0000] {logging_mixin.py:188} INFO - [2024-04-21T20:37:32.765+0000] {dag.py:3834} INFO - Setting next_dagrun for example_sla_dag to 2024-04-21 20:34:00+00:00, run_after=2024-04-21 20:36:00+00:00
[2024-04-21T20:37:32.798+0000] {processor.py:183} INFO - Processing /home/airflow/.local/lib/python3.9/site-packages/airflow/example_dags/example_sla_dag.py took 0.129 seconds
[2024-04-21T20:38:03.666+0000] {processor.py:161} INFO - Started process (PID=439) to work on /home/airflow/.local/lib/python3.9/site-packages/airflow/example_dags/example_sla_dag.py
[2024-04-21T20:38:03.668+0000] {processor.py:830} INFO - Processing file /home/airflow/.local/lib/python3.9/site-packages/airflow/example_dags/example_sla_dag.py for tasks to queue
[2024-04-21T20:38:03.670+0000] {logging_mixin.py:188} INFO - [2024-04-21T20:38:03.670+0000] {dagbag.py:540} INFO - Filling up the DagBag from /home/airflow/.local/lib/python3.9/site-packages/airflow/example_dags/example_sla_dag.py
[2024-04-21T20:38:03.679+0000] {processor.py:840} INFO - DAG(s) 'example_sla_dag' retrieved from /home/airflow/.local/lib/python3.9/site-packages/airflow/example_dags/example_sla_dag.py
[2024-04-21T20:38:03.737+0000] {logging_mixin.py:188} INFO - [2024-04-21T20:38:03.737+0000] {dag.py:3047} INFO - Sync 1 DAGs
[2024-04-21T20:38:03.764+0000] {logging_mixin.py:188} INFO - [2024-04-21T20:38:03.764+0000] {dag.py:3834} INFO - Setting next_dagrun for example_sla_dag to 2024-04-21 20:36:00+00:00, run_after=2024-04-21 20:38:00+00:00
[2024-04-21T20:38:03.798+0000] {processor.py:183} INFO - Processing /home/airflow/.local/lib/python3.9/site-packages/airflow/example_dags/example_sla_dag.py took 0.135 seconds
[2024-04-21T20:38:34.282+0000] {processor.py:161} INFO - Started process (PID=496) to work on /home/airflow/.local/lib/python3.9/site-packages/airflow/example_dags/example_sla_dag.py
[2024-04-21T20:38:34.283+0000] {processor.py:830} INFO - Processing file /home/airflow/.local/lib/python3.9/site-packages/airflow/example_dags/example_sla_dag.py for tasks to queue
[2024-04-21T20:38:34.286+0000] {logging_mixin.py:188} INFO - [2024-04-21T20:38:34.286+0000] {dagbag.py:540} INFO - Filling up the DagBag from /home/airflow/.local/lib/python3.9/site-packages/airflow/example_dags/example_sla_dag.py
[2024-04-21T20:38:34.298+0000] {processor.py:840} INFO - DAG(s) 'example_sla_dag' retrieved from /home/airflow/.local/lib/python3.9/site-packages/airflow/example_dags/example_sla_dag.py
[2024-04-21T20:38:34.362+0000] {logging_mixin.py:188} INFO - [2024-04-21T20:38:34.361+0000] {dag.py:3047} INFO - Sync 1 DAGs
[2024-04-21T20:38:34.395+0000] {logging_mixin.py:188} INFO - [2024-04-21T20:38:34.395+0000] {dag.py:3834} INFO - Setting next_dagrun for example_sla_dag to 2024-04-21 20:36:00+00:00, run_after=2024-04-21 20:38:00+00:00
[2024-04-21T20:38:34.438+0000] {processor.py:183} INFO - Processing /home/airflow/.local/lib/python3.9/site-packages/airflow/example_dags/example_sla_dag.py took 0.160 seconds
[2024-04-21T20:39:04.592+0000] {processor.py:161} INFO - Started process (PID=553) to work on /home/airflow/.local/lib/python3.9/site-packages/airflow/example_dags/example_sla_dag.py
[2024-04-21T20:39:04.593+0000] {processor.py:830} INFO - Processing file /home/airflow/.local/lib/python3.9/site-packages/airflow/example_dags/example_sla_dag.py for tasks to queue
[2024-04-21T20:39:04.596+0000] {logging_mixin.py:188} INFO - [2024-04-21T20:39:04.595+0000] {dagbag.py:540} INFO - Filling up the DagBag from /home/airflow/.local/lib/python3.9/site-packages/airflow/example_dags/example_sla_dag.py
[2024-04-21T20:39:04.604+0000] {processor.py:840} INFO - DAG(s) 'example_sla_dag' retrieved from /home/airflow/.local/lib/python3.9/site-packages/airflow/example_dags/example_sla_dag.py
[2024-04-21T20:39:04.658+0000] {logging_mixin.py:188} INFO - [2024-04-21T20:39:04.658+0000] {dag.py:3047} INFO - Sync 1 DAGs
[2024-04-21T20:39:04.688+0000] {logging_mixin.py:188} INFO - [2024-04-21T20:39:04.688+0000] {dag.py:3834} INFO - Setting next_dagrun for example_sla_dag to 2024-04-21 20:36:00+00:00, run_after=2024-04-21 20:38:00+00:00
[2024-04-21T20:39:04.723+0000] {processor.py:183} INFO - Processing /home/airflow/.local/lib/python3.9/site-packages/airflow/example_dags/example_sla_dag.py took 0.135 seconds
[2024-04-21T20:40:40.011+0000] {processor.py:161} INFO - Started process (PID=586) to work on /home/airflow/.local/lib/python3.9/site-packages/airflow/example_dags/example_sla_dag.py
[2024-04-21T20:40:40.013+0000] {processor.py:830} INFO - Processing file /home/airflow/.local/lib/python3.9/site-packages/airflow/example_dags/example_sla_dag.py for tasks to queue
[2024-04-21T20:40:40.015+0000] {logging_mixin.py:188} INFO - [2024-04-21T20:40:40.015+0000] {dagbag.py:540} INFO - Filling up the DagBag from /home/airflow/.local/lib/python3.9/site-packages/airflow/example_dags/example_sla_dag.py
[2024-04-21T20:40:40.022+0000] {processor.py:840} INFO - DAG(s) 'example_sla_dag' retrieved from /home/airflow/.local/lib/python3.9/site-packages/airflow/example_dags/example_sla_dag.py
[2024-04-21T20:40:40.086+0000] {logging_mixin.py:188} INFO - [2024-04-21T20:40:40.085+0000] {dag.py:3047} INFO - Sync 1 DAGs
[2024-04-21T20:40:40.109+0000] {logging_mixin.py:188} INFO - [2024-04-21T20:40:40.109+0000] {dag.py:3834} INFO - Setting next_dagrun for example_sla_dag to 2024-04-21 20:38:00+00:00, run_after=2024-04-21 20:40:00+00:00
[2024-04-21T20:40:40.142+0000] {processor.py:183} INFO - Processing /home/airflow/.local/lib/python3.9/site-packages/airflow/example_dags/example_sla_dag.py took 0.133 seconds
[2024-04-21T20:41:10.870+0000] {processor.py:161} INFO - Started process (PID=645) to work on /home/airflow/.local/lib/python3.9/site-packages/airflow/example_dags/example_sla_dag.py
[2024-04-21T20:41:10.871+0000] {processor.py:830} INFO - Processing file /home/airflow/.local/lib/python3.9/site-packages/airflow/example_dags/example_sla_dag.py for tasks to queue
[2024-04-21T20:41:10.874+0000] {logging_mixin.py:188} INFO - [2024-04-21T20:41:10.873+0000] {dagbag.py:540} INFO - Filling up the DagBag from /home/airflow/.local/lib/python3.9/site-packages/airflow/example_dags/example_sla_dag.py
[2024-04-21T20:41:10.882+0000] {processor.py:840} INFO - DAG(s) 'example_sla_dag' retrieved from /home/airflow/.local/lib/python3.9/site-packages/airflow/example_dags/example_sla_dag.py
[2024-04-21T20:41:10.944+0000] {logging_mixin.py:188} INFO - [2024-04-21T20:41:10.943+0000] {dag.py:3047} INFO - Sync 1 DAGs
[2024-04-21T20:41:10.972+0000] {logging_mixin.py:188} INFO - [2024-04-21T20:41:10.972+0000] {dag.py:3834} INFO - Setting next_dagrun for example_sla_dag to 2024-04-21 20:38:00+00:00, run_after=2024-04-21 20:40:00+00:00
[2024-04-21T20:41:11.011+0000] {processor.py:183} INFO - Processing /home/airflow/.local/lib/python3.9/site-packages/airflow/example_dags/example_sla_dag.py took 0.145 seconds
[2024-04-21T20:41:41.068+0000] {processor.py:161} INFO - Started process (PID=702) to work on /home/airflow/.local/lib/python3.9/site-packages/airflow/example_dags/example_sla_dag.py
[2024-04-21T20:41:41.069+0000] {processor.py:830} INFO - Processing file /home/airflow/.local/lib/python3.9/site-packages/airflow/example_dags/example_sla_dag.py for tasks to queue
[2024-04-21T20:41:41.071+0000] {logging_mixin.py:188} INFO - [2024-04-21T20:41:41.071+0000] {dagbag.py:540} INFO - Filling up the DagBag from /home/airflow/.local/lib/python3.9/site-packages/airflow/example_dags/example_sla_dag.py
[2024-04-21T20:41:41.078+0000] {processor.py:840} INFO - DAG(s) 'example_sla_dag' retrieved from /home/airflow/.local/lib/python3.9/site-packages/airflow/example_dags/example_sla_dag.py
[2024-04-21T20:41:41.130+0000] {logging_mixin.py:188} INFO - [2024-04-21T20:41:41.130+0000] {dag.py:3047} INFO - Sync 1 DAGs
[2024-04-21T20:41:41.153+0000] {logging_mixin.py:188} INFO - [2024-04-21T20:41:41.153+0000] {dag.py:3834} INFO - Setting next_dagrun for example_sla_dag to 2024-04-21 20:38:00+00:00, run_after=2024-04-21 20:40:00+00:00
[2024-04-21T20:41:41.184+0000] {processor.py:183} INFO - Processing /home/airflow/.local/lib/python3.9/site-packages/airflow/example_dags/example_sla_dag.py took 0.119 seconds
[2024-04-21T20:42:35.737+0000] {processor.py:161} INFO - Started process (PID=42) to work on /home/airflow/.local/lib/python3.9/site-packages/airflow/example_dags/example_sla_dag.py
[2024-04-21T20:42:35.738+0000] {processor.py:830} INFO - Processing file /home/airflow/.local/lib/python3.9/site-packages/airflow/example_dags/example_sla_dag.py for tasks to queue
[2024-04-21T20:42:35.740+0000] {logging_mixin.py:188} INFO - [2024-04-21T20:42:35.740+0000] {dagbag.py:540} INFO - Filling up the DagBag from /home/airflow/.local/lib/python3.9/site-packages/airflow/example_dags/example_sla_dag.py
[2024-04-21T20:42:35.750+0000] {processor.py:840} INFO - DAG(s) 'example_sla_dag' retrieved from /home/airflow/.local/lib/python3.9/site-packages/airflow/example_dags/example_sla_dag.py
[2024-04-21T20:42:35.813+0000] {logging_mixin.py:188} INFO - [2024-04-21T20:42:35.813+0000] {dag.py:3047} INFO - Sync 1 DAGs
[2024-04-21T20:42:35.839+0000] {logging_mixin.py:188} INFO - [2024-04-21T20:42:35.839+0000] {dag.py:3834} INFO - Setting next_dagrun for example_sla_dag to 2024-04-21 20:40:00+00:00, run_after=2024-04-21 20:42:00+00:00
[2024-04-21T20:42:35.877+0000] {processor.py:183} INFO - Processing /home/airflow/.local/lib/python3.9/site-packages/airflow/example_dags/example_sla_dag.py took 0.143 seconds
[2024-04-21T20:43:06.804+0000] {processor.py:161} INFO - Started process (PID=99) to work on /home/airflow/.local/lib/python3.9/site-packages/airflow/example_dags/example_sla_dag.py
[2024-04-21T20:43:06.806+0000] {processor.py:830} INFO - Processing file /home/airflow/.local/lib/python3.9/site-packages/airflow/example_dags/example_sla_dag.py for tasks to queue
[2024-04-21T20:43:06.808+0000] {logging_mixin.py:188} INFO - [2024-04-21T20:43:06.807+0000] {dagbag.py:540} INFO - Filling up the DagBag from /home/airflow/.local/lib/python3.9/site-packages/airflow/example_dags/example_sla_dag.py
[2024-04-21T20:43:06.818+0000] {processor.py:840} INFO - DAG(s) 'example_sla_dag' retrieved from /home/airflow/.local/lib/python3.9/site-packages/airflow/example_dags/example_sla_dag.py
[2024-04-21T20:43:06.877+0000] {logging_mixin.py:188} INFO - [2024-04-21T20:43:06.876+0000] {dag.py:3047} INFO - Sync 1 DAGs
[2024-04-21T20:43:06.905+0000] {logging_mixin.py:188} INFO - [2024-04-21T20:43:06.905+0000] {dag.py:3834} INFO - Setting next_dagrun for example_sla_dag to 2024-04-21 20:40:00+00:00, run_after=2024-04-21 20:42:00+00:00
[2024-04-21T20:43:06.942+0000] {processor.py:183} INFO - Processing /home/airflow/.local/lib/python3.9/site-packages/airflow/example_dags/example_sla_dag.py took 0.141 seconds
[2024-04-21T20:43:37.118+0000] {processor.py:161} INFO - Started process (PID=154) to work on /home/airflow/.local/lib/python3.9/site-packages/airflow/example_dags/example_sla_dag.py
[2024-04-21T20:43:37.119+0000] {processor.py:830} INFO - Processing file /home/airflow/.local/lib/python3.9/site-packages/airflow/example_dags/example_sla_dag.py for tasks to queue
[2024-04-21T20:43:37.122+0000] {logging_mixin.py:188} INFO - [2024-04-21T20:43:37.121+0000] {dagbag.py:540} INFO - Filling up the DagBag from /home/airflow/.local/lib/python3.9/site-packages/airflow/example_dags/example_sla_dag.py
[2024-04-21T20:43:37.130+0000] {processor.py:840} INFO - DAG(s) 'example_sla_dag' retrieved from /home/airflow/.local/lib/python3.9/site-packages/airflow/example_dags/example_sla_dag.py
[2024-04-21T20:43:37.183+0000] {logging_mixin.py:188} INFO - [2024-04-21T20:43:37.183+0000] {dag.py:3047} INFO - Sync 1 DAGs
[2024-04-21T20:43:37.210+0000] {logging_mixin.py:188} INFO - [2024-04-21T20:43:37.210+0000] {dag.py:3834} INFO - Setting next_dagrun for example_sla_dag to 2024-04-21 20:40:00+00:00, run_after=2024-04-21 20:42:00+00:00
[2024-04-21T20:43:37.243+0000] {processor.py:183} INFO - Processing /home/airflow/.local/lib/python3.9/site-packages/airflow/example_dags/example_sla_dag.py took 0.128 seconds
[2024-04-21T20:44:07.440+0000] {processor.py:161} INFO - Started process (PID=211) to work on /home/airflow/.local/lib/python3.9/site-packages/airflow/example_dags/example_sla_dag.py
[2024-04-21T20:44:07.442+0000] {processor.py:830} INFO - Processing file /home/airflow/.local/lib/python3.9/site-packages/airflow/example_dags/example_sla_dag.py for tasks to queue
[2024-04-21T20:44:07.443+0000] {logging_mixin.py:188} INFO - [2024-04-21T20:44:07.443+0000] {dagbag.py:540} INFO - Filling up the DagBag from /home/airflow/.local/lib/python3.9/site-packages/airflow/example_dags/example_sla_dag.py
[2024-04-21T20:44:07.451+0000] {processor.py:840} INFO - DAG(s) 'example_sla_dag' retrieved from /home/airflow/.local/lib/python3.9/site-packages/airflow/example_dags/example_sla_dag.py
[2024-04-21T20:44:07.503+0000] {logging_mixin.py:188} INFO - [2024-04-21T20:44:07.503+0000] {dag.py:3047} INFO - Sync 1 DAGs
[2024-04-21T20:44:07.529+0000] {logging_mixin.py:188} INFO - [2024-04-21T20:44:07.528+0000] {dag.py:3834} INFO - Setting next_dagrun for example_sla_dag to 2024-04-21 20:42:00+00:00, run_after=2024-04-21 20:44:00+00:00
[2024-04-21T20:44:07.563+0000] {processor.py:183} INFO - Processing /home/airflow/.local/lib/python3.9/site-packages/airflow/example_dags/example_sla_dag.py took 0.126 seconds
[2024-04-21T20:44:38.118+0000] {processor.py:161} INFO - Started process (PID=268) to work on /home/airflow/.local/lib/python3.9/site-packages/airflow/example_dags/example_sla_dag.py
[2024-04-21T20:44:38.121+0000] {processor.py:830} INFO - Processing file /home/airflow/.local/lib/python3.9/site-packages/airflow/example_dags/example_sla_dag.py for tasks to queue
[2024-04-21T20:44:38.125+0000] {logging_mixin.py:188} INFO - [2024-04-21T20:44:38.124+0000] {dagbag.py:540} INFO - Filling up the DagBag from /home/airflow/.local/lib/python3.9/site-packages/airflow/example_dags/example_sla_dag.py
[2024-04-21T20:44:38.141+0000] {processor.py:840} INFO - DAG(s) 'example_sla_dag' retrieved from /home/airflow/.local/lib/python3.9/site-packages/airflow/example_dags/example_sla_dag.py
[2024-04-21T20:44:38.209+0000] {logging_mixin.py:188} INFO - [2024-04-21T20:44:38.208+0000] {dag.py:3047} INFO - Sync 1 DAGs
[2024-04-21T20:44:38.246+0000] {logging_mixin.py:188} INFO - [2024-04-21T20:44:38.246+0000] {dag.py:3834} INFO - Setting next_dagrun for example_sla_dag to 2024-04-21 20:42:00+00:00, run_after=2024-04-21 20:44:00+00:00
[2024-04-21T20:44:38.293+0000] {processor.py:183} INFO - Processing /home/airflow/.local/lib/python3.9/site-packages/airflow/example_dags/example_sla_dag.py took 0.186 seconds
[2024-04-21T20:45:08.847+0000] {processor.py:161} INFO - Started process (PID=325) to work on /home/airflow/.local/lib/python3.9/site-packages/airflow/example_dags/example_sla_dag.py
[2024-04-21T20:45:08.849+0000] {processor.py:830} INFO - Processing file /home/airflow/.local/lib/python3.9/site-packages/airflow/example_dags/example_sla_dag.py for tasks to queue
[2024-04-21T20:45:08.852+0000] {logging_mixin.py:188} INFO - [2024-04-21T20:45:08.851+0000] {dagbag.py:540} INFO - Filling up the DagBag from /home/airflow/.local/lib/python3.9/site-packages/airflow/example_dags/example_sla_dag.py
[2024-04-21T20:45:08.863+0000] {processor.py:840} INFO - DAG(s) 'example_sla_dag' retrieved from /home/airflow/.local/lib/python3.9/site-packages/airflow/example_dags/example_sla_dag.py
[2024-04-21T20:45:08.959+0000] {logging_mixin.py:188} INFO - [2024-04-21T20:45:08.958+0000] {dag.py:3047} INFO - Sync 1 DAGs
[2024-04-21T20:45:09.005+0000] {logging_mixin.py:188} INFO - [2024-04-21T20:45:09.004+0000] {dag.py:3834} INFO - Setting next_dagrun for example_sla_dag to 2024-04-21 20:42:00+00:00, run_after=2024-04-21 20:44:00+00:00
[2024-04-21T20:45:09.070+0000] {processor.py:183} INFO - Processing /home/airflow/.local/lib/python3.9/site-packages/airflow/example_dags/example_sla_dag.py took 0.226 seconds
[2024-04-21T20:45:40.112+0000] {processor.py:161} INFO - Started process (PID=382) to work on /home/airflow/.local/lib/python3.9/site-packages/airflow/example_dags/example_sla_dag.py
[2024-04-21T20:45:40.114+0000] {processor.py:830} INFO - Processing file /home/airflow/.local/lib/python3.9/site-packages/airflow/example_dags/example_sla_dag.py for tasks to queue
[2024-04-21T20:45:40.116+0000] {logging_mixin.py:188} INFO - [2024-04-21T20:45:40.116+0000] {dagbag.py:540} INFO - Filling up the DagBag from /home/airflow/.local/lib/python3.9/site-packages/airflow/example_dags/example_sla_dag.py
[2024-04-21T20:45:40.127+0000] {processor.py:840} INFO - DAG(s) 'example_sla_dag' retrieved from /home/airflow/.local/lib/python3.9/site-packages/airflow/example_dags/example_sla_dag.py
[2024-04-21T20:45:40.195+0000] {logging_mixin.py:188} INFO - [2024-04-21T20:45:40.195+0000] {dag.py:3047} INFO - Sync 1 DAGs
[2024-04-21T20:45:40.227+0000] {logging_mixin.py:188} INFO - [2024-04-21T20:45:40.227+0000] {dag.py:3834} INFO - Setting next_dagrun for example_sla_dag to 2024-04-21 20:42:00+00:00, run_after=2024-04-21 20:44:00+00:00
[2024-04-21T20:45:40.272+0000] {processor.py:183} INFO - Processing /home/airflow/.local/lib/python3.9/site-packages/airflow/example_dags/example_sla_dag.py took 0.163 seconds
[2024-04-21T20:46:10.839+0000] {processor.py:161} INFO - Started process (PID=439) to work on /home/airflow/.local/lib/python3.9/site-packages/airflow/example_dags/example_sla_dag.py
[2024-04-21T20:46:10.841+0000] {processor.py:830} INFO - Processing file /home/airflow/.local/lib/python3.9/site-packages/airflow/example_dags/example_sla_dag.py for tasks to queue
[2024-04-21T20:46:10.843+0000] {logging_mixin.py:188} INFO - [2024-04-21T20:46:10.843+0000] {dagbag.py:540} INFO - Filling up the DagBag from /home/airflow/.local/lib/python3.9/site-packages/airflow/example_dags/example_sla_dag.py
[2024-04-21T20:46:10.852+0000] {processor.py:840} INFO - DAG(s) 'example_sla_dag' retrieved from /home/airflow/.local/lib/python3.9/site-packages/airflow/example_dags/example_sla_dag.py
[2024-04-21T20:46:10.908+0000] {logging_mixin.py:188} INFO - [2024-04-21T20:46:10.907+0000] {dag.py:3047} INFO - Sync 1 DAGs
[2024-04-21T20:46:10.938+0000] {logging_mixin.py:188} INFO - [2024-04-21T20:46:10.937+0000] {dag.py:3834} INFO - Setting next_dagrun for example_sla_dag to 2024-04-21 20:44:00+00:00, run_after=2024-04-21 20:46:00+00:00
[2024-04-21T20:46:10.977+0000] {processor.py:183} INFO - Processing /home/airflow/.local/lib/python3.9/site-packages/airflow/example_dags/example_sla_dag.py took 0.140 seconds
[2024-04-21T20:46:41.487+0000] {processor.py:161} INFO - Started process (PID=496) to work on /home/airflow/.local/lib/python3.9/site-packages/airflow/example_dags/example_sla_dag.py
[2024-04-21T20:46:41.488+0000] {processor.py:830} INFO - Processing file /home/airflow/.local/lib/python3.9/site-packages/airflow/example_dags/example_sla_dag.py for tasks to queue
[2024-04-21T20:46:41.490+0000] {logging_mixin.py:188} INFO - [2024-04-21T20:46:41.490+0000] {dagbag.py:540} INFO - Filling up the DagBag from /home/airflow/.local/lib/python3.9/site-packages/airflow/example_dags/example_sla_dag.py
[2024-04-21T20:46:41.500+0000] {processor.py:840} INFO - DAG(s) 'example_sla_dag' retrieved from /home/airflow/.local/lib/python3.9/site-packages/airflow/example_dags/example_sla_dag.py
[2024-04-21T20:46:41.562+0000] {logging_mixin.py:188} INFO - [2024-04-21T20:46:41.561+0000] {dag.py:3047} INFO - Sync 1 DAGs
[2024-04-21T20:46:41.596+0000] {logging_mixin.py:188} INFO - [2024-04-21T20:46:41.595+0000] {dag.py:3834} INFO - Setting next_dagrun for example_sla_dag to 2024-04-21 20:44:00+00:00, run_after=2024-04-21 20:46:00+00:00
[2024-04-21T20:46:41.638+0000] {processor.py:183} INFO - Processing /home/airflow/.local/lib/python3.9/site-packages/airflow/example_dags/example_sla_dag.py took 0.154 seconds
[2024-04-21T20:47:12.131+0000] {processor.py:161} INFO - Started process (PID=553) to work on /home/airflow/.local/lib/python3.9/site-packages/airflow/example_dags/example_sla_dag.py
[2024-04-21T20:47:12.132+0000] {processor.py:830} INFO - Processing file /home/airflow/.local/lib/python3.9/site-packages/airflow/example_dags/example_sla_dag.py for tasks to queue
[2024-04-21T20:47:12.135+0000] {logging_mixin.py:188} INFO - [2024-04-21T20:47:12.134+0000] {dagbag.py:540} INFO - Filling up the DagBag from /home/airflow/.local/lib/python3.9/site-packages/airflow/example_dags/example_sla_dag.py
[2024-04-21T20:47:12.143+0000] {processor.py:840} INFO - DAG(s) 'example_sla_dag' retrieved from /home/airflow/.local/lib/python3.9/site-packages/airflow/example_dags/example_sla_dag.py
[2024-04-21T20:47:12.198+0000] {logging_mixin.py:188} INFO - [2024-04-21T20:47:12.198+0000] {dag.py:3047} INFO - Sync 1 DAGs
[2024-04-21T20:47:12.227+0000] {logging_mixin.py:188} INFO - [2024-04-21T20:47:12.226+0000] {dag.py:3834} INFO - Setting next_dagrun for example_sla_dag to 2024-04-21 20:44:00+00:00, run_after=2024-04-21 20:46:00+00:00
[2024-04-21T20:47:12.262+0000] {processor.py:183} INFO - Processing /home/airflow/.local/lib/python3.9/site-packages/airflow/example_dags/example_sla_dag.py took 0.134 seconds
[2024-04-21T20:47:43.039+0000] {processor.py:161} INFO - Started process (PID=610) to work on /home/airflow/.local/lib/python3.9/site-packages/airflow/example_dags/example_sla_dag.py
[2024-04-21T20:47:43.040+0000] {processor.py:830} INFO - Processing file /home/airflow/.local/lib/python3.9/site-packages/airflow/example_dags/example_sla_dag.py for tasks to queue
[2024-04-21T20:47:43.042+0000] {logging_mixin.py:188} INFO - [2024-04-21T20:47:43.042+0000] {dagbag.py:540} INFO - Filling up the DagBag from /home/airflow/.local/lib/python3.9/site-packages/airflow/example_dags/example_sla_dag.py
[2024-04-21T20:47:43.050+0000] {processor.py:840} INFO - DAG(s) 'example_sla_dag' retrieved from /home/airflow/.local/lib/python3.9/site-packages/airflow/example_dags/example_sla_dag.py
[2024-04-21T20:47:43.101+0000] {logging_mixin.py:188} INFO - [2024-04-21T20:47:43.101+0000] {dag.py:3047} INFO - Sync 1 DAGs
[2024-04-21T20:47:43.128+0000] {logging_mixin.py:188} INFO - [2024-04-21T20:47:43.128+0000] {dag.py:3834} INFO - Setting next_dagrun for example_sla_dag to 2024-04-21 20:44:00+00:00, run_after=2024-04-21 20:46:00+00:00
[2024-04-21T20:47:43.160+0000] {processor.py:183} INFO - Processing /home/airflow/.local/lib/python3.9/site-packages/airflow/example_dags/example_sla_dag.py took 0.124 seconds
[2024-04-21T21:00:41.882+0000] {processor.py:161} INFO - Started process (PID=42) to work on /home/airflow/.local/lib/python3.9/site-packages/airflow/example_dags/example_sla_dag.py
[2024-04-21T21:00:41.883+0000] {processor.py:830} INFO - Processing file /home/airflow/.local/lib/python3.9/site-packages/airflow/example_dags/example_sla_dag.py for tasks to queue
[2024-04-21T21:00:41.886+0000] {logging_mixin.py:188} INFO - [2024-04-21T21:00:41.885+0000] {dagbag.py:540} INFO - Filling up the DagBag from /home/airflow/.local/lib/python3.9/site-packages/airflow/example_dags/example_sla_dag.py
[2024-04-21T21:00:41.899+0000] {processor.py:840} INFO - DAG(s) 'example_sla_dag' retrieved from /home/airflow/.local/lib/python3.9/site-packages/airflow/example_dags/example_sla_dag.py
[2024-04-21T21:00:42.077+0000] {logging_mixin.py:188} INFO - [2024-04-21T21:00:42.076+0000] {dag.py:3047} INFO - Sync 1 DAGs
[2024-04-21T21:00:42.114+0000] {logging_mixin.py:188} INFO - [2024-04-21T21:00:42.114+0000] {dag.py:3834} INFO - Setting next_dagrun for example_sla_dag to 2024-04-21 20:58:00+00:00, run_after=2024-04-21 21:00:00+00:00
[2024-04-21T21:00:42.183+0000] {processor.py:183} INFO - Processing /home/airflow/.local/lib/python3.9/site-packages/airflow/example_dags/example_sla_dag.py took 0.306 seconds
[2024-04-21T21:01:14.004+0000] {processor.py:161} INFO - Started process (PID=100) to work on /home/airflow/.local/lib/python3.9/site-packages/airflow/example_dags/example_sla_dag.py
[2024-04-21T21:01:14.006+0000] {processor.py:830} INFO - Processing file /home/airflow/.local/lib/python3.9/site-packages/airflow/example_dags/example_sla_dag.py for tasks to queue
[2024-04-21T21:01:14.008+0000] {logging_mixin.py:188} INFO - [2024-04-21T21:01:14.008+0000] {dagbag.py:540} INFO - Filling up the DagBag from /home/airflow/.local/lib/python3.9/site-packages/airflow/example_dags/example_sla_dag.py
[2024-04-21T21:01:14.023+0000] {processor.py:840} INFO - DAG(s) 'example_sla_dag' retrieved from /home/airflow/.local/lib/python3.9/site-packages/airflow/example_dags/example_sla_dag.py
[2024-04-21T21:01:14.143+0000] {logging_mixin.py:188} INFO - [2024-04-21T21:01:14.142+0000] {dag.py:3047} INFO - Sync 1 DAGs
[2024-04-21T21:01:14.195+0000] {logging_mixin.py:188} INFO - [2024-04-21T21:01:14.194+0000] {dag.py:3834} INFO - Setting next_dagrun for example_sla_dag to 2024-04-21 20:58:00+00:00, run_after=2024-04-21 21:00:00+00:00
[2024-04-21T21:01:14.231+0000] {processor.py:183} INFO - Processing /home/airflow/.local/lib/python3.9/site-packages/airflow/example_dags/example_sla_dag.py took 0.231 seconds
[2024-04-21T21:03:25.257+0000] {processor.py:161} INFO - Started process (PID=48) to work on /home/airflow/.local/lib/python3.9/site-packages/airflow/example_dags/example_sla_dag.py
[2024-04-21T21:03:25.258+0000] {processor.py:830} INFO - Processing file /home/airflow/.local/lib/python3.9/site-packages/airflow/example_dags/example_sla_dag.py for tasks to queue
[2024-04-21T21:03:25.265+0000] {logging_mixin.py:188} INFO - [2024-04-21T21:03:25.261+0000] {dagbag.py:540} INFO - Filling up the DagBag from /home/airflow/.local/lib/python3.9/site-packages/airflow/example_dags/example_sla_dag.py
[2024-04-21T21:03:25.318+0000] {processor.py:840} INFO - DAG(s) 'example_sla_dag' retrieved from /home/airflow/.local/lib/python3.9/site-packages/airflow/example_dags/example_sla_dag.py
[2024-04-21T21:03:26.208+0000] {logging_mixin.py:188} INFO - [2024-04-21T21:03:26.201+0000] {dag.py:3047} INFO - Sync 1 DAGs
[2024-04-21T21:03:26.270+0000] {logging_mixin.py:188} INFO - [2024-04-21T21:03:26.269+0000] {dag.py:3834} INFO - Setting next_dagrun for example_sla_dag to 2024-04-21 21:00:00+00:00, run_after=2024-04-21 21:02:00+00:00
[2024-04-21T21:03:26.385+0000] {processor.py:183} INFO - Processing /home/airflow/.local/lib/python3.9/site-packages/airflow/example_dags/example_sla_dag.py took 1.138 seconds
[2024-04-21T21:04:45.354+0000] {processor.py:161} INFO - Started process (PID=105) to work on /home/airflow/.local/lib/python3.9/site-packages/airflow/example_dags/example_sla_dag.py
[2024-04-21T21:04:45.356+0000] {processor.py:830} INFO - Processing file /home/airflow/.local/lib/python3.9/site-packages/airflow/example_dags/example_sla_dag.py for tasks to queue
[2024-04-21T21:04:45.359+0000] {logging_mixin.py:188} INFO - [2024-04-21T21:04:45.358+0000] {dagbag.py:540} INFO - Filling up the DagBag from /home/airflow/.local/lib/python3.9/site-packages/airflow/example_dags/example_sla_dag.py
[2024-04-21T21:04:45.370+0000] {processor.py:840} INFO - DAG(s) 'example_sla_dag' retrieved from /home/airflow/.local/lib/python3.9/site-packages/airflow/example_dags/example_sla_dag.py
[2024-04-21T21:04:45.444+0000] {logging_mixin.py:188} INFO - [2024-04-21T21:04:45.442+0000] {dag.py:3047} INFO - Sync 1 DAGs
[2024-04-21T21:04:45.502+0000] {logging_mixin.py:188} INFO - [2024-04-21T21:04:45.501+0000] {dag.py:3834} INFO - Setting next_dagrun for example_sla_dag to 2024-04-21 21:02:00+00:00, run_after=2024-04-21 21:04:00+00:00
[2024-04-21T21:04:45.543+0000] {processor.py:183} INFO - Processing /home/airflow/.local/lib/python3.9/site-packages/airflow/example_dags/example_sla_dag.py took 0.193 seconds
[2024-04-21T21:05:16.574+0000] {processor.py:161} INFO - Started process (PID=172) to work on /home/airflow/.local/lib/python3.9/site-packages/airflow/example_dags/example_sla_dag.py
[2024-04-21T21:05:16.576+0000] {processor.py:830} INFO - Processing file /home/airflow/.local/lib/python3.9/site-packages/airflow/example_dags/example_sla_dag.py for tasks to queue
[2024-04-21T21:05:16.578+0000] {logging_mixin.py:188} INFO - [2024-04-21T21:05:16.578+0000] {dagbag.py:540} INFO - Filling up the DagBag from /home/airflow/.local/lib/python3.9/site-packages/airflow/example_dags/example_sla_dag.py
[2024-04-21T21:05:16.588+0000] {processor.py:840} INFO - DAG(s) 'example_sla_dag' retrieved from /home/airflow/.local/lib/python3.9/site-packages/airflow/example_dags/example_sla_dag.py
[2024-04-21T21:05:16.645+0000] {logging_mixin.py:188} INFO - [2024-04-21T21:05:16.645+0000] {dag.py:3047} INFO - Sync 1 DAGs
[2024-04-21T21:05:16.673+0000] {logging_mixin.py:188} INFO - [2024-04-21T21:05:16.673+0000] {dag.py:3834} INFO - Setting next_dagrun for example_sla_dag to 2024-04-21 21:02:00+00:00, run_after=2024-04-21 21:04:00+00:00
[2024-04-21T21:05:16.706+0000] {processor.py:183} INFO - Processing /home/airflow/.local/lib/python3.9/site-packages/airflow/example_dags/example_sla_dag.py took 0.136 seconds
[2024-04-21T21:05:48.056+0000] {processor.py:161} INFO - Started process (PID=233) to work on /home/airflow/.local/lib/python3.9/site-packages/airflow/example_dags/example_sla_dag.py
[2024-04-21T21:05:48.058+0000] {processor.py:830} INFO - Processing file /home/airflow/.local/lib/python3.9/site-packages/airflow/example_dags/example_sla_dag.py for tasks to queue
[2024-04-21T21:05:48.060+0000] {logging_mixin.py:188} INFO - [2024-04-21T21:05:48.060+0000] {dagbag.py:540} INFO - Filling up the DagBag from /home/airflow/.local/lib/python3.9/site-packages/airflow/example_dags/example_sla_dag.py
[2024-04-21T21:05:48.071+0000] {processor.py:840} INFO - DAG(s) 'example_sla_dag' retrieved from /home/airflow/.local/lib/python3.9/site-packages/airflow/example_dags/example_sla_dag.py
[2024-04-21T21:05:48.133+0000] {logging_mixin.py:188} INFO - [2024-04-21T21:05:48.132+0000] {dag.py:3047} INFO - Sync 1 DAGs
[2024-04-21T21:05:48.169+0000] {logging_mixin.py:188} INFO - [2024-04-21T21:05:48.168+0000] {dag.py:3834} INFO - Setting next_dagrun for example_sla_dag to 2024-04-21 21:02:00+00:00, run_after=2024-04-21 21:04:00+00:00
[2024-04-21T21:05:48.208+0000] {processor.py:183} INFO - Processing /home/airflow/.local/lib/python3.9/site-packages/airflow/example_dags/example_sla_dag.py took 0.155 seconds
