[2024-04-21T19:52:08.297+0000] {processor.py:161} INFO - Started process (PID=84) to work on /home/airflow/.local/lib/python3.9/site-packages/airflow/example_dags/example_external_task_marker_dag.py
[2024-04-21T19:52:08.298+0000] {processor.py:830} INFO - Processing file /home/airflow/.local/lib/python3.9/site-packages/airflow/example_dags/example_external_task_marker_dag.py for tasks to queue
[2024-04-21T19:52:08.302+0000] {logging_mixin.py:188} INFO - [2024-04-21T19:52:08.301+0000] {dagbag.py:540} INFO - Filling up the DagBag from /home/airflow/.local/lib/python3.9/site-packages/airflow/example_dags/example_external_task_marker_dag.py
[2024-04-21T19:52:08.313+0000] {processor.py:840} INFO - DAG(s) 'example_external_task_marker_parent', 'example_external_task_marker_child' retrieved from /home/airflow/.local/lib/python3.9/site-packages/airflow/example_dags/example_external_task_marker_dag.py
[2024-04-21T19:52:08.596+0000] {logging_mixin.py:188} INFO - [2024-04-21T19:52:08.596+0000] {dag.py:3047} INFO - Sync 2 DAGs
[2024-04-21T19:52:08.623+0000] {logging_mixin.py:188} INFO - [2024-04-21T19:52:08.622+0000] {dag.py:3834} INFO - Setting next_dagrun for example_external_task_marker_child to None, run_after=None
[2024-04-21T19:52:08.629+0000] {logging_mixin.py:188} INFO - [2024-04-21T19:52:08.628+0000] {dag.py:3834} INFO - Setting next_dagrun for example_external_task_marker_parent to None, run_after=None
[2024-04-21T19:52:08.706+0000] {processor.py:183} INFO - Processing /home/airflow/.local/lib/python3.9/site-packages/airflow/example_dags/example_external_task_marker_dag.py took 0.413 seconds
[2024-04-21T19:52:39.598+0000] {processor.py:161} INFO - Started process (PID=141) to work on /home/airflow/.local/lib/python3.9/site-packages/airflow/example_dags/example_external_task_marker_dag.py
[2024-04-21T19:52:39.600+0000] {processor.py:830} INFO - Processing file /home/airflow/.local/lib/python3.9/site-packages/airflow/example_dags/example_external_task_marker_dag.py for tasks to queue
[2024-04-21T19:52:39.604+0000] {logging_mixin.py:188} INFO - [2024-04-21T19:52:39.603+0000] {dagbag.py:540} INFO - Filling up the DagBag from /home/airflow/.local/lib/python3.9/site-packages/airflow/example_dags/example_external_task_marker_dag.py
[2024-04-21T19:52:39.614+0000] {processor.py:840} INFO - DAG(s) 'example_external_task_marker_child', 'example_external_task_marker_parent' retrieved from /home/airflow/.local/lib/python3.9/site-packages/airflow/example_dags/example_external_task_marker_dag.py
[2024-04-21T19:52:39.753+0000] {logging_mixin.py:188} INFO - [2024-04-21T19:52:39.753+0000] {dag.py:3047} INFO - Sync 2 DAGs
[2024-04-21T19:52:39.775+0000] {logging_mixin.py:188} INFO - [2024-04-21T19:52:39.775+0000] {dag.py:3834} INFO - Setting next_dagrun for example_external_task_marker_child to None, run_after=None
[2024-04-21T19:52:39.783+0000] {logging_mixin.py:188} INFO - [2024-04-21T19:52:39.782+0000] {dag.py:3834} INFO - Setting next_dagrun for example_external_task_marker_parent to None, run_after=None
[2024-04-21T19:52:39.836+0000] {processor.py:183} INFO - Processing /home/airflow/.local/lib/python3.9/site-packages/airflow/example_dags/example_external_task_marker_dag.py took 0.242 seconds
[2024-04-21T19:53:10.642+0000] {processor.py:161} INFO - Started process (PID=198) to work on /home/airflow/.local/lib/python3.9/site-packages/airflow/example_dags/example_external_task_marker_dag.py
[2024-04-21T19:53:10.644+0000] {processor.py:830} INFO - Processing file /home/airflow/.local/lib/python3.9/site-packages/airflow/example_dags/example_external_task_marker_dag.py for tasks to queue
[2024-04-21T19:53:10.648+0000] {logging_mixin.py:188} INFO - [2024-04-21T19:53:10.647+0000] {dagbag.py:540} INFO - Filling up the DagBag from /home/airflow/.local/lib/python3.9/site-packages/airflow/example_dags/example_external_task_marker_dag.py
[2024-04-21T19:53:10.664+0000] {processor.py:840} INFO - DAG(s) 'example_external_task_marker_parent', 'example_external_task_marker_child' retrieved from /home/airflow/.local/lib/python3.9/site-packages/airflow/example_dags/example_external_task_marker_dag.py
[2024-04-21T19:53:10.784+0000] {logging_mixin.py:188} INFO - [2024-04-21T19:53:10.783+0000] {dag.py:3047} INFO - Sync 2 DAGs
[2024-04-21T19:53:10.804+0000] {logging_mixin.py:188} INFO - [2024-04-21T19:53:10.804+0000] {dag.py:3834} INFO - Setting next_dagrun for example_external_task_marker_child to None, run_after=None
[2024-04-21T19:53:10.811+0000] {logging_mixin.py:188} INFO - [2024-04-21T19:53:10.811+0000] {dag.py:3834} INFO - Setting next_dagrun for example_external_task_marker_parent to None, run_after=None
[2024-04-21T19:53:10.889+0000] {processor.py:183} INFO - Processing /home/airflow/.local/lib/python3.9/site-packages/airflow/example_dags/example_external_task_marker_dag.py took 0.253 seconds
[2024-04-21T19:53:41.067+0000] {processor.py:161} INFO - Started process (PID=258) to work on /home/airflow/.local/lib/python3.9/site-packages/airflow/example_dags/example_external_task_marker_dag.py
[2024-04-21T19:53:41.070+0000] {processor.py:830} INFO - Processing file /home/airflow/.local/lib/python3.9/site-packages/airflow/example_dags/example_external_task_marker_dag.py for tasks to queue
[2024-04-21T19:53:41.073+0000] {logging_mixin.py:188} INFO - [2024-04-21T19:53:41.073+0000] {dagbag.py:540} INFO - Filling up the DagBag from /home/airflow/.local/lib/python3.9/site-packages/airflow/example_dags/example_external_task_marker_dag.py
[2024-04-21T19:53:41.086+0000] {processor.py:840} INFO - DAG(s) 'example_external_task_marker_parent', 'example_external_task_marker_child' retrieved from /home/airflow/.local/lib/python3.9/site-packages/airflow/example_dags/example_external_task_marker_dag.py
[2024-04-21T19:53:41.182+0000] {logging_mixin.py:188} INFO - [2024-04-21T19:53:41.182+0000] {dag.py:3047} INFO - Sync 2 DAGs
[2024-04-21T19:53:41.204+0000] {logging_mixin.py:188} INFO - [2024-04-21T19:53:41.203+0000] {dag.py:3834} INFO - Setting next_dagrun for example_external_task_marker_child to None, run_after=None
[2024-04-21T19:53:41.210+0000] {logging_mixin.py:188} INFO - [2024-04-21T19:53:41.210+0000] {dag.py:3834} INFO - Setting next_dagrun for example_external_task_marker_parent to None, run_after=None
[2024-04-21T19:53:41.258+0000] {processor.py:183} INFO - Processing /home/airflow/.local/lib/python3.9/site-packages/airflow/example_dags/example_external_task_marker_dag.py took 0.196 seconds
[2024-04-21T19:54:37.493+0000] {processor.py:161} INFO - Started process (PID=78) to work on /home/airflow/.local/lib/python3.9/site-packages/airflow/example_dags/example_external_task_marker_dag.py
[2024-04-21T19:54:37.495+0000] {processor.py:830} INFO - Processing file /home/airflow/.local/lib/python3.9/site-packages/airflow/example_dags/example_external_task_marker_dag.py for tasks to queue
[2024-04-21T19:54:37.496+0000] {logging_mixin.py:188} INFO - [2024-04-21T19:54:37.496+0000] {dagbag.py:540} INFO - Filling up the DagBag from /home/airflow/.local/lib/python3.9/site-packages/airflow/example_dags/example_external_task_marker_dag.py
[2024-04-21T19:54:37.502+0000] {processor.py:840} INFO - DAG(s) 'example_external_task_marker_child', 'example_external_task_marker_parent' retrieved from /home/airflow/.local/lib/python3.9/site-packages/airflow/example_dags/example_external_task_marker_dag.py
[2024-04-21T19:54:37.563+0000] {logging_mixin.py:188} INFO - [2024-04-21T19:54:37.562+0000] {dag.py:3047} INFO - Sync 2 DAGs
[2024-04-21T19:54:37.575+0000] {logging_mixin.py:188} INFO - [2024-04-21T19:54:37.575+0000] {dag.py:3834} INFO - Setting next_dagrun for example_external_task_marker_child to None, run_after=None
[2024-04-21T19:54:37.581+0000] {logging_mixin.py:188} INFO - [2024-04-21T19:54:37.580+0000] {dag.py:3834} INFO - Setting next_dagrun for example_external_task_marker_parent to None, run_after=None
[2024-04-21T19:54:37.613+0000] {processor.py:183} INFO - Processing /home/airflow/.local/lib/python3.9/site-packages/airflow/example_dags/example_external_task_marker_dag.py took 0.123 seconds
[2024-04-21T19:55:23.087+0000] {processor.py:161} INFO - Started process (PID=145) to work on /home/airflow/.local/lib/python3.9/site-packages/airflow/example_dags/example_external_task_marker_dag.py
[2024-04-21T19:55:23.089+0000] {processor.py:830} INFO - Processing file /home/airflow/.local/lib/python3.9/site-packages/airflow/example_dags/example_external_task_marker_dag.py for tasks to queue
[2024-04-21T19:55:23.092+0000] {logging_mixin.py:188} INFO - [2024-04-21T19:55:23.091+0000] {dagbag.py:540} INFO - Filling up the DagBag from /home/airflow/.local/lib/python3.9/site-packages/airflow/example_dags/example_external_task_marker_dag.py
[2024-04-21T19:55:23.099+0000] {processor.py:840} INFO - DAG(s) 'example_external_task_marker_parent', 'example_external_task_marker_child' retrieved from /home/airflow/.local/lib/python3.9/site-packages/airflow/example_dags/example_external_task_marker_dag.py
[2024-04-21T19:55:23.166+0000] {logging_mixin.py:188} INFO - [2024-04-21T19:55:23.166+0000] {dag.py:3047} INFO - Sync 2 DAGs
[2024-04-21T19:55:23.181+0000] {logging_mixin.py:188} INFO - [2024-04-21T19:55:23.181+0000] {dag.py:3834} INFO - Setting next_dagrun for example_external_task_marker_child to None, run_after=None
[2024-04-21T19:55:23.186+0000] {logging_mixin.py:188} INFO - [2024-04-21T19:55:23.186+0000] {dag.py:3834} INFO - Setting next_dagrun for example_external_task_marker_parent to None, run_after=None
[2024-04-21T19:55:23.227+0000] {processor.py:183} INFO - Processing /home/airflow/.local/lib/python3.9/site-packages/airflow/example_dags/example_external_task_marker_dag.py took 0.144 seconds
[2024-04-21T19:59:02.992+0000] {processor.py:161} INFO - Started process (PID=219) to work on /home/airflow/.local/lib/python3.9/site-packages/airflow/example_dags/example_external_task_marker_dag.py
[2024-04-21T19:59:02.994+0000] {processor.py:830} INFO - Processing file /home/airflow/.local/lib/python3.9/site-packages/airflow/example_dags/example_external_task_marker_dag.py for tasks to queue
[2024-04-21T19:59:02.996+0000] {logging_mixin.py:188} INFO - [2024-04-21T19:59:02.995+0000] {dagbag.py:540} INFO - Filling up the DagBag from /home/airflow/.local/lib/python3.9/site-packages/airflow/example_dags/example_external_task_marker_dag.py
[2024-04-21T19:59:03.006+0000] {processor.py:840} INFO - DAG(s) 'example_external_task_marker_child', 'example_external_task_marker_parent' retrieved from /home/airflow/.local/lib/python3.9/site-packages/airflow/example_dags/example_external_task_marker_dag.py
[2024-04-21T19:59:03.087+0000] {logging_mixin.py:188} INFO - [2024-04-21T19:59:03.087+0000] {dag.py:3047} INFO - Sync 2 DAGs
[2024-04-21T19:59:03.103+0000] {logging_mixin.py:188} INFO - [2024-04-21T19:59:03.102+0000] {dag.py:3834} INFO - Setting next_dagrun for example_external_task_marker_child to None, run_after=None
[2024-04-21T19:59:03.108+0000] {logging_mixin.py:188} INFO - [2024-04-21T19:59:03.108+0000] {dag.py:3834} INFO - Setting next_dagrun for example_external_task_marker_parent to None, run_after=None
[2024-04-21T19:59:03.147+0000] {processor.py:183} INFO - Processing /home/airflow/.local/lib/python3.9/site-packages/airflow/example_dags/example_external_task_marker_dag.py took 0.159 seconds
[2024-04-21T20:03:13.887+0000] {processor.py:161} INFO - Started process (PID=291) to work on /home/airflow/.local/lib/python3.9/site-packages/airflow/example_dags/example_external_task_marker_dag.py
[2024-04-21T20:03:13.889+0000] {processor.py:830} INFO - Processing file /home/airflow/.local/lib/python3.9/site-packages/airflow/example_dags/example_external_task_marker_dag.py for tasks to queue
[2024-04-21T20:03:13.890+0000] {logging_mixin.py:188} INFO - [2024-04-21T20:03:13.890+0000] {dagbag.py:540} INFO - Filling up the DagBag from /home/airflow/.local/lib/python3.9/site-packages/airflow/example_dags/example_external_task_marker_dag.py
[2024-04-21T20:03:13.897+0000] {processor.py:840} INFO - DAG(s) 'example_external_task_marker_child', 'example_external_task_marker_parent' retrieved from /home/airflow/.local/lib/python3.9/site-packages/airflow/example_dags/example_external_task_marker_dag.py
[2024-04-21T20:03:13.961+0000] {logging_mixin.py:188} INFO - [2024-04-21T20:03:13.960+0000] {dag.py:3047} INFO - Sync 2 DAGs
[2024-04-21T20:03:13.973+0000] {logging_mixin.py:188} INFO - [2024-04-21T20:03:13.972+0000] {dag.py:3834} INFO - Setting next_dagrun for example_external_task_marker_child to None, run_after=None
[2024-04-21T20:03:13.978+0000] {logging_mixin.py:188} INFO - [2024-04-21T20:03:13.977+0000] {dag.py:3834} INFO - Setting next_dagrun for example_external_task_marker_parent to None, run_after=None
[2024-04-21T20:03:14.020+0000] {processor.py:183} INFO - Processing /home/airflow/.local/lib/python3.9/site-packages/airflow/example_dags/example_external_task_marker_dag.py took 0.136 seconds
[2024-04-21T20:04:22.958+0000] {processor.py:161} INFO - Started process (PID=358) to work on /home/airflow/.local/lib/python3.9/site-packages/airflow/example_dags/example_external_task_marker_dag.py
[2024-04-21T20:04:22.960+0000] {processor.py:830} INFO - Processing file /home/airflow/.local/lib/python3.9/site-packages/airflow/example_dags/example_external_task_marker_dag.py for tasks to queue
[2024-04-21T20:04:22.961+0000] {logging_mixin.py:188} INFO - [2024-04-21T20:04:22.960+0000] {dagbag.py:540} INFO - Filling up the DagBag from /home/airflow/.local/lib/python3.9/site-packages/airflow/example_dags/example_external_task_marker_dag.py
[2024-04-21T20:04:22.968+0000] {processor.py:840} INFO - DAG(s) 'example_external_task_marker_child', 'example_external_task_marker_parent' retrieved from /home/airflow/.local/lib/python3.9/site-packages/airflow/example_dags/example_external_task_marker_dag.py
[2024-04-21T20:04:23.028+0000] {logging_mixin.py:188} INFO - [2024-04-21T20:04:23.027+0000] {dag.py:3047} INFO - Sync 2 DAGs
[2024-04-21T20:04:23.039+0000] {logging_mixin.py:188} INFO - [2024-04-21T20:04:23.039+0000] {dag.py:3834} INFO - Setting next_dagrun for example_external_task_marker_child to None, run_after=None
[2024-04-21T20:04:23.043+0000] {logging_mixin.py:188} INFO - [2024-04-21T20:04:23.043+0000] {dag.py:3834} INFO - Setting next_dagrun for example_external_task_marker_parent to None, run_after=None
[2024-04-21T20:04:23.074+0000] {processor.py:183} INFO - Processing /home/airflow/.local/lib/python3.9/site-packages/airflow/example_dags/example_external_task_marker_dag.py took 0.119 seconds
[2024-04-21T20:04:54.421+0000] {processor.py:161} INFO - Started process (PID=415) to work on /home/airflow/.local/lib/python3.9/site-packages/airflow/example_dags/example_external_task_marker_dag.py
[2024-04-21T20:04:54.423+0000] {processor.py:830} INFO - Processing file /home/airflow/.local/lib/python3.9/site-packages/airflow/example_dags/example_external_task_marker_dag.py for tasks to queue
[2024-04-21T20:04:54.426+0000] {logging_mixin.py:188} INFO - [2024-04-21T20:04:54.425+0000] {dagbag.py:540} INFO - Filling up the DagBag from /home/airflow/.local/lib/python3.9/site-packages/airflow/example_dags/example_external_task_marker_dag.py
[2024-04-21T20:04:54.436+0000] {processor.py:840} INFO - DAG(s) 'example_external_task_marker_parent', 'example_external_task_marker_child' retrieved from /home/airflow/.local/lib/python3.9/site-packages/airflow/example_dags/example_external_task_marker_dag.py
[2024-04-21T20:04:54.517+0000] {logging_mixin.py:188} INFO - [2024-04-21T20:04:54.517+0000] {dag.py:3047} INFO - Sync 2 DAGs
[2024-04-21T20:04:54.534+0000] {logging_mixin.py:188} INFO - [2024-04-21T20:04:54.534+0000] {dag.py:3834} INFO - Setting next_dagrun for example_external_task_marker_child to None, run_after=None
[2024-04-21T20:04:54.541+0000] {logging_mixin.py:188} INFO - [2024-04-21T20:04:54.540+0000] {dag.py:3834} INFO - Setting next_dagrun for example_external_task_marker_parent to None, run_after=None
[2024-04-21T20:04:54.589+0000] {processor.py:183} INFO - Processing /home/airflow/.local/lib/python3.9/site-packages/airflow/example_dags/example_external_task_marker_dag.py took 0.172 seconds
[2024-04-21T20:05:25.148+0000] {processor.py:161} INFO - Started process (PID=472) to work on /home/airflow/.local/lib/python3.9/site-packages/airflow/example_dags/example_external_task_marker_dag.py
[2024-04-21T20:05:25.151+0000] {processor.py:830} INFO - Processing file /home/airflow/.local/lib/python3.9/site-packages/airflow/example_dags/example_external_task_marker_dag.py for tasks to queue
[2024-04-21T20:05:25.153+0000] {logging_mixin.py:188} INFO - [2024-04-21T20:05:25.152+0000] {dagbag.py:540} INFO - Filling up the DagBag from /home/airflow/.local/lib/python3.9/site-packages/airflow/example_dags/example_external_task_marker_dag.py
[2024-04-21T20:05:25.164+0000] {processor.py:840} INFO - DAG(s) 'example_external_task_marker_child', 'example_external_task_marker_parent' retrieved from /home/airflow/.local/lib/python3.9/site-packages/airflow/example_dags/example_external_task_marker_dag.py
[2024-04-21T20:05:25.273+0000] {logging_mixin.py:188} INFO - [2024-04-21T20:05:25.273+0000] {dag.py:3047} INFO - Sync 2 DAGs
[2024-04-21T20:05:25.294+0000] {logging_mixin.py:188} INFO - [2024-04-21T20:05:25.293+0000] {dag.py:3834} INFO - Setting next_dagrun for example_external_task_marker_child to None, run_after=None
[2024-04-21T20:05:25.300+0000] {logging_mixin.py:188} INFO - [2024-04-21T20:05:25.300+0000] {dag.py:3834} INFO - Setting next_dagrun for example_external_task_marker_parent to None, run_after=None
[2024-04-21T20:05:25.351+0000] {processor.py:183} INFO - Processing /home/airflow/.local/lib/python3.9/site-packages/airflow/example_dags/example_external_task_marker_dag.py took 0.208 seconds
[2024-04-21T20:05:57.342+0000] {processor.py:161} INFO - Started process (PID=529) to work on /home/airflow/.local/lib/python3.9/site-packages/airflow/example_dags/example_external_task_marker_dag.py
[2024-04-21T20:05:57.344+0000] {processor.py:830} INFO - Processing file /home/airflow/.local/lib/python3.9/site-packages/airflow/example_dags/example_external_task_marker_dag.py for tasks to queue
[2024-04-21T20:05:57.347+0000] {logging_mixin.py:188} INFO - [2024-04-21T20:05:57.346+0000] {dagbag.py:540} INFO - Filling up the DagBag from /home/airflow/.local/lib/python3.9/site-packages/airflow/example_dags/example_external_task_marker_dag.py
[2024-04-21T20:05:57.364+0000] {processor.py:840} INFO - DAG(s) 'example_external_task_marker_child', 'example_external_task_marker_parent' retrieved from /home/airflow/.local/lib/python3.9/site-packages/airflow/example_dags/example_external_task_marker_dag.py
[2024-04-21T20:05:57.598+0000] {logging_mixin.py:188} INFO - [2024-04-21T20:05:57.598+0000] {dag.py:3047} INFO - Sync 2 DAGs
[2024-04-21T20:05:57.628+0000] {logging_mixin.py:188} INFO - [2024-04-21T20:05:57.628+0000] {dag.py:3834} INFO - Setting next_dagrun for example_external_task_marker_child to None, run_after=None
[2024-04-21T20:05:57.638+0000] {logging_mixin.py:188} INFO - [2024-04-21T20:05:57.637+0000] {dag.py:3834} INFO - Setting next_dagrun for example_external_task_marker_parent to None, run_after=None
[2024-04-21T20:05:57.700+0000] {processor.py:183} INFO - Processing /home/airflow/.local/lib/python3.9/site-packages/airflow/example_dags/example_external_task_marker_dag.py took 0.363 seconds
[2024-04-21T20:06:50.209+0000] {processor.py:161} INFO - Started process (PID=592) to work on /home/airflow/.local/lib/python3.9/site-packages/airflow/example_dags/example_external_task_marker_dag.py
[2024-04-21T20:06:50.211+0000] {processor.py:830} INFO - Processing file /home/airflow/.local/lib/python3.9/site-packages/airflow/example_dags/example_external_task_marker_dag.py for tasks to queue
[2024-04-21T20:06:50.212+0000] {logging_mixin.py:188} INFO - [2024-04-21T20:06:50.212+0000] {dagbag.py:540} INFO - Filling up the DagBag from /home/airflow/.local/lib/python3.9/site-packages/airflow/example_dags/example_external_task_marker_dag.py
[2024-04-21T20:06:50.218+0000] {processor.py:840} INFO - DAG(s) 'example_external_task_marker_child', 'example_external_task_marker_parent' retrieved from /home/airflow/.local/lib/python3.9/site-packages/airflow/example_dags/example_external_task_marker_dag.py
[2024-04-21T20:06:50.279+0000] {logging_mixin.py:188} INFO - [2024-04-21T20:06:50.278+0000] {dag.py:3047} INFO - Sync 2 DAGs
[2024-04-21T20:06:50.299+0000] {logging_mixin.py:188} INFO - [2024-04-21T20:06:50.298+0000] {dag.py:3834} INFO - Setting next_dagrun for example_external_task_marker_child to None, run_after=None
[2024-04-21T20:06:50.305+0000] {logging_mixin.py:188} INFO - [2024-04-21T20:06:50.305+0000] {dag.py:3834} INFO - Setting next_dagrun for example_external_task_marker_parent to None, run_after=None
[2024-04-21T20:06:50.342+0000] {processor.py:183} INFO - Processing /home/airflow/.local/lib/python3.9/site-packages/airflow/example_dags/example_external_task_marker_dag.py took 0.135 seconds
[2024-04-21T20:07:21.919+0000] {processor.py:161} INFO - Started process (PID=650) to work on /home/airflow/.local/lib/python3.9/site-packages/airflow/example_dags/example_external_task_marker_dag.py
[2024-04-21T20:07:21.921+0000] {processor.py:830} INFO - Processing file /home/airflow/.local/lib/python3.9/site-packages/airflow/example_dags/example_external_task_marker_dag.py for tasks to queue
[2024-04-21T20:07:21.925+0000] {logging_mixin.py:188} INFO - [2024-04-21T20:07:21.922+0000] {dagbag.py:540} INFO - Filling up the DagBag from /home/airflow/.local/lib/python3.9/site-packages/airflow/example_dags/example_external_task_marker_dag.py
[2024-04-21T20:07:21.936+0000] {processor.py:840} INFO - DAG(s) 'example_external_task_marker_parent', 'example_external_task_marker_child' retrieved from /home/airflow/.local/lib/python3.9/site-packages/airflow/example_dags/example_external_task_marker_dag.py
[2024-04-21T20:07:22.220+0000] {logging_mixin.py:188} INFO - [2024-04-21T20:07:22.219+0000] {dag.py:3047} INFO - Sync 2 DAGs
[2024-04-21T20:07:22.248+0000] {logging_mixin.py:188} INFO - [2024-04-21T20:07:22.248+0000] {dag.py:3834} INFO - Setting next_dagrun for example_external_task_marker_child to None, run_after=None
[2024-04-21T20:07:22.257+0000] {logging_mixin.py:188} INFO - [2024-04-21T20:07:22.257+0000] {dag.py:3834} INFO - Setting next_dagrun for example_external_task_marker_parent to None, run_after=None
[2024-04-21T20:07:22.331+0000] {processor.py:183} INFO - Processing /home/airflow/.local/lib/python3.9/site-packages/airflow/example_dags/example_external_task_marker_dag.py took 0.419 seconds
[2024-04-21T20:07:52.614+0000] {processor.py:161} INFO - Started process (PID=707) to work on /home/airflow/.local/lib/python3.9/site-packages/airflow/example_dags/example_external_task_marker_dag.py
[2024-04-21T20:07:52.616+0000] {processor.py:830} INFO - Processing file /home/airflow/.local/lib/python3.9/site-packages/airflow/example_dags/example_external_task_marker_dag.py for tasks to queue
[2024-04-21T20:07:52.617+0000] {logging_mixin.py:188} INFO - [2024-04-21T20:07:52.617+0000] {dagbag.py:540} INFO - Filling up the DagBag from /home/airflow/.local/lib/python3.9/site-packages/airflow/example_dags/example_external_task_marker_dag.py
[2024-04-21T20:07:52.625+0000] {processor.py:840} INFO - DAG(s) 'example_external_task_marker_parent', 'example_external_task_marker_child' retrieved from /home/airflow/.local/lib/python3.9/site-packages/airflow/example_dags/example_external_task_marker_dag.py
[2024-04-21T20:07:52.705+0000] {logging_mixin.py:188} INFO - [2024-04-21T20:07:52.705+0000] {dag.py:3047} INFO - Sync 2 DAGs
[2024-04-21T20:07:52.721+0000] {logging_mixin.py:188} INFO - [2024-04-21T20:07:52.720+0000] {dag.py:3834} INFO - Setting next_dagrun for example_external_task_marker_child to None, run_after=None
[2024-04-21T20:07:52.727+0000] {logging_mixin.py:188} INFO - [2024-04-21T20:07:52.727+0000] {dag.py:3834} INFO - Setting next_dagrun for example_external_task_marker_parent to None, run_after=None
[2024-04-21T20:07:52.768+0000] {processor.py:183} INFO - Processing /home/airflow/.local/lib/python3.9/site-packages/airflow/example_dags/example_external_task_marker_dag.py took 0.157 seconds
[2024-04-21T20:08:24.523+0000] {processor.py:161} INFO - Started process (PID=763) to work on /home/airflow/.local/lib/python3.9/site-packages/airflow/example_dags/example_external_task_marker_dag.py
[2024-04-21T20:08:24.525+0000] {processor.py:830} INFO - Processing file /home/airflow/.local/lib/python3.9/site-packages/airflow/example_dags/example_external_task_marker_dag.py for tasks to queue
[2024-04-21T20:08:24.526+0000] {logging_mixin.py:188} INFO - [2024-04-21T20:08:24.526+0000] {dagbag.py:540} INFO - Filling up the DagBag from /home/airflow/.local/lib/python3.9/site-packages/airflow/example_dags/example_external_task_marker_dag.py
[2024-04-21T20:08:24.532+0000] {processor.py:840} INFO - DAG(s) 'example_external_task_marker_child', 'example_external_task_marker_parent' retrieved from /home/airflow/.local/lib/python3.9/site-packages/airflow/example_dags/example_external_task_marker_dag.py
[2024-04-21T20:08:24.593+0000] {logging_mixin.py:188} INFO - [2024-04-21T20:08:24.593+0000] {dag.py:3047} INFO - Sync 2 DAGs
[2024-04-21T20:08:24.606+0000] {logging_mixin.py:188} INFO - [2024-04-21T20:08:24.606+0000] {dag.py:3834} INFO - Setting next_dagrun for example_external_task_marker_child to None, run_after=None
[2024-04-21T20:08:24.610+0000] {logging_mixin.py:188} INFO - [2024-04-21T20:08:24.610+0000] {dag.py:3834} INFO - Setting next_dagrun for example_external_task_marker_parent to None, run_after=None
[2024-04-21T20:08:24.650+0000] {processor.py:183} INFO - Processing /home/airflow/.local/lib/python3.9/site-packages/airflow/example_dags/example_external_task_marker_dag.py took 0.130 seconds
[2024-04-21T20:10:07.090+0000] {processor.py:161} INFO - Started process (PID=834) to work on /home/airflow/.local/lib/python3.9/site-packages/airflow/example_dags/example_external_task_marker_dag.py
[2024-04-21T20:10:07.092+0000] {processor.py:830} INFO - Processing file /home/airflow/.local/lib/python3.9/site-packages/airflow/example_dags/example_external_task_marker_dag.py for tasks to queue
[2024-04-21T20:10:07.093+0000] {logging_mixin.py:188} INFO - [2024-04-21T20:10:07.093+0000] {dagbag.py:540} INFO - Filling up the DagBag from /home/airflow/.local/lib/python3.9/site-packages/airflow/example_dags/example_external_task_marker_dag.py
[2024-04-21T20:10:07.099+0000] {processor.py:840} INFO - DAG(s) 'example_external_task_marker_parent', 'example_external_task_marker_child' retrieved from /home/airflow/.local/lib/python3.9/site-packages/airflow/example_dags/example_external_task_marker_dag.py
[2024-04-21T20:10:07.159+0000] {logging_mixin.py:188} INFO - [2024-04-21T20:10:07.159+0000] {dag.py:3047} INFO - Sync 2 DAGs
[2024-04-21T20:10:07.171+0000] {logging_mixin.py:188} INFO - [2024-04-21T20:10:07.170+0000] {dag.py:3834} INFO - Setting next_dagrun for example_external_task_marker_child to None, run_after=None
[2024-04-21T20:10:07.175+0000] {logging_mixin.py:188} INFO - [2024-04-21T20:10:07.175+0000] {dag.py:3834} INFO - Setting next_dagrun for example_external_task_marker_parent to None, run_after=None
[2024-04-21T20:10:07.209+0000] {processor.py:183} INFO - Processing /home/airflow/.local/lib/python3.9/site-packages/airflow/example_dags/example_external_task_marker_dag.py took 0.122 seconds
[2024-04-21T20:10:42.094+0000] {processor.py:161} INFO - Started process (PID=891) to work on /home/airflow/.local/lib/python3.9/site-packages/airflow/example_dags/example_external_task_marker_dag.py
[2024-04-21T20:10:42.098+0000] {processor.py:830} INFO - Processing file /home/airflow/.local/lib/python3.9/site-packages/airflow/example_dags/example_external_task_marker_dag.py for tasks to queue
[2024-04-21T20:10:42.100+0000] {logging_mixin.py:188} INFO - [2024-04-21T20:10:42.099+0000] {dagbag.py:540} INFO - Filling up the DagBag from /home/airflow/.local/lib/python3.9/site-packages/airflow/example_dags/example_external_task_marker_dag.py
[2024-04-21T20:10:42.116+0000] {processor.py:840} INFO - DAG(s) 'example_external_task_marker_parent', 'example_external_task_marker_child' retrieved from /home/airflow/.local/lib/python3.9/site-packages/airflow/example_dags/example_external_task_marker_dag.py
[2024-04-21T20:10:42.672+0000] {logging_mixin.py:188} INFO - [2024-04-21T20:10:42.671+0000] {dag.py:3047} INFO - Sync 2 DAGs
[2024-04-21T20:10:42.688+0000] {logging_mixin.py:188} INFO - [2024-04-21T20:10:42.688+0000] {dag.py:3834} INFO - Setting next_dagrun for example_external_task_marker_child to None, run_after=None
[2024-04-21T20:10:42.695+0000] {logging_mixin.py:188} INFO - [2024-04-21T20:10:42.694+0000] {dag.py:3834} INFO - Setting next_dagrun for example_external_task_marker_parent to None, run_after=None
[2024-04-21T20:10:42.765+0000] {processor.py:183} INFO - Processing /home/airflow/.local/lib/python3.9/site-packages/airflow/example_dags/example_external_task_marker_dag.py took 0.678 seconds
[2024-04-21T20:11:13.466+0000] {processor.py:161} INFO - Started process (PID=950) to work on /home/airflow/.local/lib/python3.9/site-packages/airflow/example_dags/example_external_task_marker_dag.py
[2024-04-21T20:11:13.470+0000] {processor.py:830} INFO - Processing file /home/airflow/.local/lib/python3.9/site-packages/airflow/example_dags/example_external_task_marker_dag.py for tasks to queue
[2024-04-21T20:11:13.472+0000] {logging_mixin.py:188} INFO - [2024-04-21T20:11:13.471+0000] {dagbag.py:540} INFO - Filling up the DagBag from /home/airflow/.local/lib/python3.9/site-packages/airflow/example_dags/example_external_task_marker_dag.py
[2024-04-21T20:11:13.489+0000] {processor.py:840} INFO - DAG(s) 'example_external_task_marker_parent', 'example_external_task_marker_child' retrieved from /home/airflow/.local/lib/python3.9/site-packages/airflow/example_dags/example_external_task_marker_dag.py
[2024-04-21T20:11:13.853+0000] {logging_mixin.py:188} INFO - [2024-04-21T20:11:13.852+0000] {dag.py:3047} INFO - Sync 2 DAGs
[2024-04-21T20:11:13.900+0000] {logging_mixin.py:188} INFO - [2024-04-21T20:11:13.900+0000] {dag.py:3834} INFO - Setting next_dagrun for example_external_task_marker_child to None, run_after=None
[2024-04-21T20:11:13.907+0000] {logging_mixin.py:188} INFO - [2024-04-21T20:11:13.907+0000] {dag.py:3834} INFO - Setting next_dagrun for example_external_task_marker_parent to None, run_after=None
[2024-04-21T20:11:13.961+0000] {processor.py:183} INFO - Processing /home/airflow/.local/lib/python3.9/site-packages/airflow/example_dags/example_external_task_marker_dag.py took 0.511 seconds
[2024-04-21T20:14:25.638+0000] {processor.py:161} INFO - Started process (PID=78) to work on /home/airflow/.local/lib/python3.9/site-packages/airflow/example_dags/example_external_task_marker_dag.py
[2024-04-21T20:14:25.639+0000] {processor.py:830} INFO - Processing file /home/airflow/.local/lib/python3.9/site-packages/airflow/example_dags/example_external_task_marker_dag.py for tasks to queue
[2024-04-21T20:14:25.642+0000] {logging_mixin.py:188} INFO - [2024-04-21T20:14:25.642+0000] {dagbag.py:540} INFO - Filling up the DagBag from /home/airflow/.local/lib/python3.9/site-packages/airflow/example_dags/example_external_task_marker_dag.py
[2024-04-21T20:14:25.649+0000] {processor.py:840} INFO - DAG(s) 'example_external_task_marker_parent', 'example_external_task_marker_child' retrieved from /home/airflow/.local/lib/python3.9/site-packages/airflow/example_dags/example_external_task_marker_dag.py
[2024-04-21T20:14:25.903+0000] {logging_mixin.py:188} INFO - [2024-04-21T20:14:25.902+0000] {dag.py:3047} INFO - Sync 2 DAGs
[2024-04-21T20:14:25.925+0000] {logging_mixin.py:188} INFO - [2024-04-21T20:14:25.925+0000] {dag.py:3834} INFO - Setting next_dagrun for example_external_task_marker_child to None, run_after=None
[2024-04-21T20:14:25.932+0000] {logging_mixin.py:188} INFO - [2024-04-21T20:14:25.931+0000] {dag.py:3834} INFO - Setting next_dagrun for example_external_task_marker_parent to None, run_after=None
[2024-04-21T20:14:25.981+0000] {processor.py:183} INFO - Processing /home/airflow/.local/lib/python3.9/site-packages/airflow/example_dags/example_external_task_marker_dag.py took 0.346 seconds
[2024-04-21T20:14:56.748+0000] {processor.py:161} INFO - Started process (PID=136) to work on /home/airflow/.local/lib/python3.9/site-packages/airflow/example_dags/example_external_task_marker_dag.py
[2024-04-21T20:14:56.749+0000] {processor.py:830} INFO - Processing file /home/airflow/.local/lib/python3.9/site-packages/airflow/example_dags/example_external_task_marker_dag.py for tasks to queue
[2024-04-21T20:14:56.752+0000] {logging_mixin.py:188} INFO - [2024-04-21T20:14:56.752+0000] {dagbag.py:540} INFO - Filling up the DagBag from /home/airflow/.local/lib/python3.9/site-packages/airflow/example_dags/example_external_task_marker_dag.py
[2024-04-21T20:14:56.759+0000] {processor.py:840} INFO - DAG(s) 'example_external_task_marker_parent', 'example_external_task_marker_child' retrieved from /home/airflow/.local/lib/python3.9/site-packages/airflow/example_dags/example_external_task_marker_dag.py
[2024-04-21T20:14:56.885+0000] {logging_mixin.py:188} INFO - [2024-04-21T20:14:56.885+0000] {dag.py:3047} INFO - Sync 2 DAGs
[2024-04-21T20:14:56.920+0000] {logging_mixin.py:188} INFO - [2024-04-21T20:14:56.920+0000] {dag.py:3834} INFO - Setting next_dagrun for example_external_task_marker_child to None, run_after=None
[2024-04-21T20:14:56.934+0000] {logging_mixin.py:188} INFO - [2024-04-21T20:14:56.933+0000] {dag.py:3834} INFO - Setting next_dagrun for example_external_task_marker_parent to None, run_after=None
[2024-04-21T20:14:56.996+0000] {processor.py:183} INFO - Processing /home/airflow/.local/lib/python3.9/site-packages/airflow/example_dags/example_external_task_marker_dag.py took 0.252 seconds
[2024-04-21T20:15:27.673+0000] {processor.py:161} INFO - Started process (PID=193) to work on /home/airflow/.local/lib/python3.9/site-packages/airflow/example_dags/example_external_task_marker_dag.py
[2024-04-21T20:15:27.676+0000] {processor.py:830} INFO - Processing file /home/airflow/.local/lib/python3.9/site-packages/airflow/example_dags/example_external_task_marker_dag.py for tasks to queue
[2024-04-21T20:15:27.679+0000] {logging_mixin.py:188} INFO - [2024-04-21T20:15:27.678+0000] {dagbag.py:540} INFO - Filling up the DagBag from /home/airflow/.local/lib/python3.9/site-packages/airflow/example_dags/example_external_task_marker_dag.py
[2024-04-21T20:15:27.691+0000] {processor.py:840} INFO - DAG(s) 'example_external_task_marker_parent', 'example_external_task_marker_child' retrieved from /home/airflow/.local/lib/python3.9/site-packages/airflow/example_dags/example_external_task_marker_dag.py
[2024-04-21T20:15:27.786+0000] {logging_mixin.py:188} INFO - [2024-04-21T20:15:27.786+0000] {dag.py:3047} INFO - Sync 2 DAGs
[2024-04-21T20:15:27.802+0000] {logging_mixin.py:188} INFO - [2024-04-21T20:15:27.801+0000] {dag.py:3834} INFO - Setting next_dagrun for example_external_task_marker_child to None, run_after=None
[2024-04-21T20:15:27.808+0000] {logging_mixin.py:188} INFO - [2024-04-21T20:15:27.807+0000] {dag.py:3834} INFO - Setting next_dagrun for example_external_task_marker_parent to None, run_after=None
[2024-04-21T20:15:27.844+0000] {processor.py:183} INFO - Processing /home/airflow/.local/lib/python3.9/site-packages/airflow/example_dags/example_external_task_marker_dag.py took 0.177 seconds
[2024-04-21T20:16:19.774+0000] {processor.py:161} INFO - Started process (PID=78) to work on /home/airflow/.local/lib/python3.9/site-packages/airflow/example_dags/example_external_task_marker_dag.py
[2024-04-21T20:16:19.775+0000] {processor.py:830} INFO - Processing file /home/airflow/.local/lib/python3.9/site-packages/airflow/example_dags/example_external_task_marker_dag.py for tasks to queue
[2024-04-21T20:16:19.778+0000] {logging_mixin.py:188} INFO - [2024-04-21T20:16:19.777+0000] {dagbag.py:540} INFO - Filling up the DagBag from /home/airflow/.local/lib/python3.9/site-packages/airflow/example_dags/example_external_task_marker_dag.py
[2024-04-21T20:16:19.785+0000] {processor.py:840} INFO - DAG(s) 'example_external_task_marker_parent', 'example_external_task_marker_child' retrieved from /home/airflow/.local/lib/python3.9/site-packages/airflow/example_dags/example_external_task_marker_dag.py
[2024-04-21T20:16:19.857+0000] {logging_mixin.py:188} INFO - [2024-04-21T20:16:19.857+0000] {dag.py:3047} INFO - Sync 2 DAGs
[2024-04-21T20:16:19.875+0000] {logging_mixin.py:188} INFO - [2024-04-21T20:16:19.874+0000] {dag.py:3834} INFO - Setting next_dagrun for example_external_task_marker_child to None, run_after=None
[2024-04-21T20:16:19.882+0000] {logging_mixin.py:188} INFO - [2024-04-21T20:16:19.882+0000] {dag.py:3834} INFO - Setting next_dagrun for example_external_task_marker_parent to None, run_after=None
[2024-04-21T20:16:19.919+0000] {processor.py:183} INFO - Processing /home/airflow/.local/lib/python3.9/site-packages/airflow/example_dags/example_external_task_marker_dag.py took 0.149 seconds
[2024-04-21T20:16:50.492+0000] {processor.py:161} INFO - Started process (PID=135) to work on /home/airflow/.local/lib/python3.9/site-packages/airflow/example_dags/example_external_task_marker_dag.py
[2024-04-21T20:16:50.493+0000] {processor.py:830} INFO - Processing file /home/airflow/.local/lib/python3.9/site-packages/airflow/example_dags/example_external_task_marker_dag.py for tasks to queue
[2024-04-21T20:16:50.495+0000] {logging_mixin.py:188} INFO - [2024-04-21T20:16:50.495+0000] {dagbag.py:540} INFO - Filling up the DagBag from /home/airflow/.local/lib/python3.9/site-packages/airflow/example_dags/example_external_task_marker_dag.py
[2024-04-21T20:16:50.501+0000] {processor.py:840} INFO - DAG(s) 'example_external_task_marker_child', 'example_external_task_marker_parent' retrieved from /home/airflow/.local/lib/python3.9/site-packages/airflow/example_dags/example_external_task_marker_dag.py
[2024-04-21T20:16:50.568+0000] {logging_mixin.py:188} INFO - [2024-04-21T20:16:50.568+0000] {dag.py:3047} INFO - Sync 2 DAGs
[2024-04-21T20:16:50.580+0000] {logging_mixin.py:188} INFO - [2024-04-21T20:16:50.580+0000] {dag.py:3834} INFO - Setting next_dagrun for example_external_task_marker_child to None, run_after=None
[2024-04-21T20:16:50.585+0000] {logging_mixin.py:188} INFO - [2024-04-21T20:16:50.585+0000] {dag.py:3834} INFO - Setting next_dagrun for example_external_task_marker_parent to None, run_after=None
[2024-04-21T20:16:50.619+0000] {processor.py:183} INFO - Processing /home/airflow/.local/lib/python3.9/site-packages/airflow/example_dags/example_external_task_marker_dag.py took 0.130 seconds
[2024-04-21T20:17:21.460+0000] {processor.py:161} INFO - Started process (PID=192) to work on /home/airflow/.local/lib/python3.9/site-packages/airflow/example_dags/example_external_task_marker_dag.py
[2024-04-21T20:17:21.461+0000] {processor.py:830} INFO - Processing file /home/airflow/.local/lib/python3.9/site-packages/airflow/example_dags/example_external_task_marker_dag.py for tasks to queue
[2024-04-21T20:17:21.463+0000] {logging_mixin.py:188} INFO - [2024-04-21T20:17:21.463+0000] {dagbag.py:540} INFO - Filling up the DagBag from /home/airflow/.local/lib/python3.9/site-packages/airflow/example_dags/example_external_task_marker_dag.py
[2024-04-21T20:17:21.469+0000] {processor.py:840} INFO - DAG(s) 'example_external_task_marker_parent', 'example_external_task_marker_child' retrieved from /home/airflow/.local/lib/python3.9/site-packages/airflow/example_dags/example_external_task_marker_dag.py
[2024-04-21T20:17:21.537+0000] {logging_mixin.py:188} INFO - [2024-04-21T20:17:21.537+0000] {dag.py:3047} INFO - Sync 2 DAGs
[2024-04-21T20:17:21.554+0000] {logging_mixin.py:188} INFO - [2024-04-21T20:17:21.554+0000] {dag.py:3834} INFO - Setting next_dagrun for example_external_task_marker_child to None, run_after=None
[2024-04-21T20:17:21.562+0000] {logging_mixin.py:188} INFO - [2024-04-21T20:17:21.562+0000] {dag.py:3834} INFO - Setting next_dagrun for example_external_task_marker_parent to None, run_after=None
[2024-04-21T20:17:21.613+0000] {processor.py:183} INFO - Processing /home/airflow/.local/lib/python3.9/site-packages/airflow/example_dags/example_external_task_marker_dag.py took 0.156 seconds
[2024-04-21T20:17:51.913+0000] {processor.py:161} INFO - Started process (PID=248) to work on /home/airflow/.local/lib/python3.9/site-packages/airflow/example_dags/example_external_task_marker_dag.py
[2024-04-21T20:17:51.914+0000] {processor.py:830} INFO - Processing file /home/airflow/.local/lib/python3.9/site-packages/airflow/example_dags/example_external_task_marker_dag.py for tasks to queue
[2024-04-21T20:17:51.917+0000] {logging_mixin.py:188} INFO - [2024-04-21T20:17:51.917+0000] {dagbag.py:540} INFO - Filling up the DagBag from /home/airflow/.local/lib/python3.9/site-packages/airflow/example_dags/example_external_task_marker_dag.py
[2024-04-21T20:17:51.923+0000] {processor.py:840} INFO - DAG(s) 'example_external_task_marker_child', 'example_external_task_marker_parent' retrieved from /home/airflow/.local/lib/python3.9/site-packages/airflow/example_dags/example_external_task_marker_dag.py
[2024-04-21T20:17:51.983+0000] {logging_mixin.py:188} INFO - [2024-04-21T20:17:51.982+0000] {dag.py:3047} INFO - Sync 2 DAGs
[2024-04-21T20:17:51.998+0000] {logging_mixin.py:188} INFO - [2024-04-21T20:17:51.998+0000] {dag.py:3834} INFO - Setting next_dagrun for example_external_task_marker_child to None, run_after=None
[2024-04-21T20:17:52.003+0000] {logging_mixin.py:188} INFO - [2024-04-21T20:17:52.003+0000] {dag.py:3834} INFO - Setting next_dagrun for example_external_task_marker_parent to None, run_after=None
[2024-04-21T20:17:52.037+0000] {processor.py:183} INFO - Processing /home/airflow/.local/lib/python3.9/site-packages/airflow/example_dags/example_external_task_marker_dag.py took 0.127 seconds
[2024-04-21T20:18:22.101+0000] {processor.py:161} INFO - Started process (PID=305) to work on /home/airflow/.local/lib/python3.9/site-packages/airflow/example_dags/example_external_task_marker_dag.py
[2024-04-21T20:18:22.102+0000] {processor.py:830} INFO - Processing file /home/airflow/.local/lib/python3.9/site-packages/airflow/example_dags/example_external_task_marker_dag.py for tasks to queue
[2024-04-21T20:18:22.105+0000] {logging_mixin.py:188} INFO - [2024-04-21T20:18:22.105+0000] {dagbag.py:540} INFO - Filling up the DagBag from /home/airflow/.local/lib/python3.9/site-packages/airflow/example_dags/example_external_task_marker_dag.py
[2024-04-21T20:18:22.115+0000] {processor.py:840} INFO - DAG(s) 'example_external_task_marker_parent', 'example_external_task_marker_child' retrieved from /home/airflow/.local/lib/python3.9/site-packages/airflow/example_dags/example_external_task_marker_dag.py
[2024-04-21T20:18:22.176+0000] {logging_mixin.py:188} INFO - [2024-04-21T20:18:22.176+0000] {dag.py:3047} INFO - Sync 2 DAGs
[2024-04-21T20:18:22.193+0000] {logging_mixin.py:188} INFO - [2024-04-21T20:18:22.193+0000] {dag.py:3834} INFO - Setting next_dagrun for example_external_task_marker_child to None, run_after=None
[2024-04-21T20:18:22.203+0000] {logging_mixin.py:188} INFO - [2024-04-21T20:18:22.203+0000] {dag.py:3834} INFO - Setting next_dagrun for example_external_task_marker_parent to None, run_after=None
[2024-04-21T20:18:22.235+0000] {processor.py:183} INFO - Processing /home/airflow/.local/lib/python3.9/site-packages/airflow/example_dags/example_external_task_marker_dag.py took 0.134 seconds
[2024-04-21T20:18:54.107+0000] {processor.py:161} INFO - Started process (PID=362) to work on /home/airflow/.local/lib/python3.9/site-packages/airflow/example_dags/example_external_task_marker_dag.py
[2024-04-21T20:18:54.110+0000] {processor.py:830} INFO - Processing file /home/airflow/.local/lib/python3.9/site-packages/airflow/example_dags/example_external_task_marker_dag.py for tasks to queue
[2024-04-21T20:18:54.113+0000] {logging_mixin.py:188} INFO - [2024-04-21T20:18:54.113+0000] {dagbag.py:540} INFO - Filling up the DagBag from /home/airflow/.local/lib/python3.9/site-packages/airflow/example_dags/example_external_task_marker_dag.py
[2024-04-21T20:18:54.120+0000] {processor.py:840} INFO - DAG(s) 'example_external_task_marker_parent', 'example_external_task_marker_child' retrieved from /home/airflow/.local/lib/python3.9/site-packages/airflow/example_dags/example_external_task_marker_dag.py
[2024-04-21T20:18:54.181+0000] {logging_mixin.py:188} INFO - [2024-04-21T20:18:54.180+0000] {dag.py:3047} INFO - Sync 2 DAGs
[2024-04-21T20:18:54.203+0000] {logging_mixin.py:188} INFO - [2024-04-21T20:18:54.203+0000] {dag.py:3834} INFO - Setting next_dagrun for example_external_task_marker_child to None, run_after=None
[2024-04-21T20:18:54.209+0000] {logging_mixin.py:188} INFO - [2024-04-21T20:18:54.209+0000] {dag.py:3834} INFO - Setting next_dagrun for example_external_task_marker_parent to None, run_after=None
[2024-04-21T20:18:54.247+0000] {processor.py:183} INFO - Processing /home/airflow/.local/lib/python3.9/site-packages/airflow/example_dags/example_external_task_marker_dag.py took 0.143 seconds
[2024-04-21T20:32:58.146+0000] {processor.py:161} INFO - Started process (PID=80) to work on /home/airflow/.local/lib/python3.9/site-packages/airflow/example_dags/example_external_task_marker_dag.py
[2024-04-21T20:32:58.151+0000] {processor.py:830} INFO - Processing file /home/airflow/.local/lib/python3.9/site-packages/airflow/example_dags/example_external_task_marker_dag.py for tasks to queue
[2024-04-21T20:32:58.154+0000] {logging_mixin.py:188} INFO - [2024-04-21T20:32:58.153+0000] {dagbag.py:540} INFO - Filling up the DagBag from /home/airflow/.local/lib/python3.9/site-packages/airflow/example_dags/example_external_task_marker_dag.py
[2024-04-21T20:32:58.167+0000] {processor.py:840} INFO - DAG(s) 'example_external_task_marker_parent', 'example_external_task_marker_child' retrieved from /home/airflow/.local/lib/python3.9/site-packages/airflow/example_dags/example_external_task_marker_dag.py
[2024-04-21T20:32:58.355+0000] {logging_mixin.py:188} INFO - [2024-04-21T20:32:58.355+0000] {dag.py:3047} INFO - Sync 2 DAGs
[2024-04-21T20:32:58.366+0000] {logging_mixin.py:188} INFO - [2024-04-21T20:32:58.366+0000] {dag.py:3834} INFO - Setting next_dagrun for example_external_task_marker_child to None, run_after=None
[2024-04-21T20:32:58.371+0000] {logging_mixin.py:188} INFO - [2024-04-21T20:32:58.371+0000] {dag.py:3834} INFO - Setting next_dagrun for example_external_task_marker_parent to None, run_after=None
[2024-04-21T20:32:58.411+0000] {processor.py:183} INFO - Processing /home/airflow/.local/lib/python3.9/site-packages/airflow/example_dags/example_external_task_marker_dag.py took 0.271 seconds
[2024-04-21T20:33:25.087+0000] {processor.py:161} INFO - Started process (PID=78) to work on /home/airflow/.local/lib/python3.9/site-packages/airflow/example_dags/example_external_task_marker_dag.py
[2024-04-21T20:33:25.088+0000] {processor.py:830} INFO - Processing file /home/airflow/.local/lib/python3.9/site-packages/airflow/example_dags/example_external_task_marker_dag.py for tasks to queue
[2024-04-21T20:33:25.091+0000] {logging_mixin.py:188} INFO - [2024-04-21T20:33:25.091+0000] {dagbag.py:540} INFO - Filling up the DagBag from /home/airflow/.local/lib/python3.9/site-packages/airflow/example_dags/example_external_task_marker_dag.py
[2024-04-21T20:33:25.097+0000] {processor.py:840} INFO - DAG(s) 'example_external_task_marker_parent', 'example_external_task_marker_child' retrieved from /home/airflow/.local/lib/python3.9/site-packages/airflow/example_dags/example_external_task_marker_dag.py
[2024-04-21T20:33:25.147+0000] {logging_mixin.py:188} INFO - [2024-04-21T20:33:25.147+0000] {dag.py:3047} INFO - Sync 2 DAGs
[2024-04-21T20:33:25.160+0000] {logging_mixin.py:188} INFO - [2024-04-21T20:33:25.160+0000] {dag.py:3834} INFO - Setting next_dagrun for example_external_task_marker_child to None, run_after=None
[2024-04-21T20:33:25.165+0000] {logging_mixin.py:188} INFO - [2024-04-21T20:33:25.165+0000] {dag.py:3834} INFO - Setting next_dagrun for example_external_task_marker_parent to None, run_after=None
[2024-04-21T20:33:25.199+0000] {processor.py:183} INFO - Processing /home/airflow/.local/lib/python3.9/site-packages/airflow/example_dags/example_external_task_marker_dag.py took 0.115 seconds
[2024-04-21T20:33:56.380+0000] {processor.py:161} INFO - Started process (PID=135) to work on /home/airflow/.local/lib/python3.9/site-packages/airflow/example_dags/example_external_task_marker_dag.py
[2024-04-21T20:33:56.384+0000] {processor.py:830} INFO - Processing file /home/airflow/.local/lib/python3.9/site-packages/airflow/example_dags/example_external_task_marker_dag.py for tasks to queue
[2024-04-21T20:33:56.386+0000] {logging_mixin.py:188} INFO - [2024-04-21T20:33:56.386+0000] {dagbag.py:540} INFO - Filling up the DagBag from /home/airflow/.local/lib/python3.9/site-packages/airflow/example_dags/example_external_task_marker_dag.py
[2024-04-21T20:33:56.394+0000] {processor.py:840} INFO - DAG(s) 'example_external_task_marker_parent', 'example_external_task_marker_child' retrieved from /home/airflow/.local/lib/python3.9/site-packages/airflow/example_dags/example_external_task_marker_dag.py
[2024-04-21T20:33:56.526+0000] {logging_mixin.py:188} INFO - [2024-04-21T20:33:56.521+0000] {dag.py:3047} INFO - Sync 2 DAGs
[2024-04-21T20:33:56.587+0000] {logging_mixin.py:188} INFO - [2024-04-21T20:33:56.586+0000] {dag.py:3834} INFO - Setting next_dagrun for example_external_task_marker_child to None, run_after=None
[2024-04-21T20:33:56.606+0000] {logging_mixin.py:188} INFO - [2024-04-21T20:33:56.605+0000] {dag.py:3834} INFO - Setting next_dagrun for example_external_task_marker_parent to None, run_after=None
[2024-04-21T20:33:56.697+0000] {processor.py:183} INFO - Processing /home/airflow/.local/lib/python3.9/site-packages/airflow/example_dags/example_external_task_marker_dag.py took 0.321 seconds
[2024-04-21T20:34:32.872+0000] {processor.py:161} INFO - Started process (PID=78) to work on /home/airflow/.local/lib/python3.9/site-packages/airflow/example_dags/example_external_task_marker_dag.py
[2024-04-21T20:34:32.874+0000] {processor.py:830} INFO - Processing file /home/airflow/.local/lib/python3.9/site-packages/airflow/example_dags/example_external_task_marker_dag.py for tasks to queue
[2024-04-21T20:34:32.876+0000] {logging_mixin.py:188} INFO - [2024-04-21T20:34:32.876+0000] {dagbag.py:540} INFO - Filling up the DagBag from /home/airflow/.local/lib/python3.9/site-packages/airflow/example_dags/example_external_task_marker_dag.py
[2024-04-21T20:34:32.883+0000] {processor.py:840} INFO - DAG(s) 'example_external_task_marker_child', 'example_external_task_marker_parent' retrieved from /home/airflow/.local/lib/python3.9/site-packages/airflow/example_dags/example_external_task_marker_dag.py
[2024-04-21T20:34:32.945+0000] {logging_mixin.py:188} INFO - [2024-04-21T20:34:32.945+0000] {dag.py:3047} INFO - Sync 2 DAGs
[2024-04-21T20:34:32.957+0000] {logging_mixin.py:188} INFO - [2024-04-21T20:34:32.957+0000] {dag.py:3834} INFO - Setting next_dagrun for example_external_task_marker_child to None, run_after=None
[2024-04-21T20:34:32.963+0000] {logging_mixin.py:188} INFO - [2024-04-21T20:34:32.962+0000] {dag.py:3834} INFO - Setting next_dagrun for example_external_task_marker_parent to None, run_after=None
[2024-04-21T20:34:32.996+0000] {processor.py:183} INFO - Processing /home/airflow/.local/lib/python3.9/site-packages/airflow/example_dags/example_external_task_marker_dag.py took 0.127 seconds
[2024-04-21T20:35:04.161+0000] {processor.py:161} INFO - Started process (PID=135) to work on /home/airflow/.local/lib/python3.9/site-packages/airflow/example_dags/example_external_task_marker_dag.py
[2024-04-21T20:35:04.163+0000] {processor.py:830} INFO - Processing file /home/airflow/.local/lib/python3.9/site-packages/airflow/example_dags/example_external_task_marker_dag.py for tasks to queue
[2024-04-21T20:35:04.165+0000] {logging_mixin.py:188} INFO - [2024-04-21T20:35:04.164+0000] {dagbag.py:540} INFO - Filling up the DagBag from /home/airflow/.local/lib/python3.9/site-packages/airflow/example_dags/example_external_task_marker_dag.py
[2024-04-21T20:35:04.171+0000] {processor.py:840} INFO - DAG(s) 'example_external_task_marker_parent', 'example_external_task_marker_child' retrieved from /home/airflow/.local/lib/python3.9/site-packages/airflow/example_dags/example_external_task_marker_dag.py
[2024-04-21T20:35:04.233+0000] {logging_mixin.py:188} INFO - [2024-04-21T20:35:04.233+0000] {dag.py:3047} INFO - Sync 2 DAGs
[2024-04-21T20:35:04.246+0000] {logging_mixin.py:188} INFO - [2024-04-21T20:35:04.245+0000] {dag.py:3834} INFO - Setting next_dagrun for example_external_task_marker_child to None, run_after=None
[2024-04-21T20:35:04.251+0000] {logging_mixin.py:188} INFO - [2024-04-21T20:35:04.251+0000] {dag.py:3834} INFO - Setting next_dagrun for example_external_task_marker_parent to None, run_after=None
[2024-04-21T20:35:04.285+0000] {processor.py:183} INFO - Processing /home/airflow/.local/lib/python3.9/site-packages/airflow/example_dags/example_external_task_marker_dag.py took 0.127 seconds
[2024-04-21T20:35:34.655+0000] {processor.py:161} INFO - Started process (PID=192) to work on /home/airflow/.local/lib/python3.9/site-packages/airflow/example_dags/example_external_task_marker_dag.py
[2024-04-21T20:35:34.656+0000] {processor.py:830} INFO - Processing file /home/airflow/.local/lib/python3.9/site-packages/airflow/example_dags/example_external_task_marker_dag.py for tasks to queue
[2024-04-21T20:35:34.659+0000] {logging_mixin.py:188} INFO - [2024-04-21T20:35:34.658+0000] {dagbag.py:540} INFO - Filling up the DagBag from /home/airflow/.local/lib/python3.9/site-packages/airflow/example_dags/example_external_task_marker_dag.py
[2024-04-21T20:35:34.666+0000] {processor.py:840} INFO - DAG(s) 'example_external_task_marker_parent', 'example_external_task_marker_child' retrieved from /home/airflow/.local/lib/python3.9/site-packages/airflow/example_dags/example_external_task_marker_dag.py
[2024-04-21T20:35:34.730+0000] {logging_mixin.py:188} INFO - [2024-04-21T20:35:34.730+0000] {dag.py:3047} INFO - Sync 2 DAGs
[2024-04-21T20:35:34.744+0000] {logging_mixin.py:188} INFO - [2024-04-21T20:35:34.743+0000] {dag.py:3834} INFO - Setting next_dagrun for example_external_task_marker_child to None, run_after=None
[2024-04-21T20:35:34.749+0000] {logging_mixin.py:188} INFO - [2024-04-21T20:35:34.748+0000] {dag.py:3834} INFO - Setting next_dagrun for example_external_task_marker_parent to None, run_after=None
[2024-04-21T20:35:34.780+0000] {processor.py:183} INFO - Processing /home/airflow/.local/lib/python3.9/site-packages/airflow/example_dags/example_external_task_marker_dag.py took 0.128 seconds
[2024-04-21T20:36:05.701+0000] {processor.py:161} INFO - Started process (PID=249) to work on /home/airflow/.local/lib/python3.9/site-packages/airflow/example_dags/example_external_task_marker_dag.py
[2024-04-21T20:36:05.703+0000] {processor.py:830} INFO - Processing file /home/airflow/.local/lib/python3.9/site-packages/airflow/example_dags/example_external_task_marker_dag.py for tasks to queue
[2024-04-21T20:36:05.705+0000] {logging_mixin.py:188} INFO - [2024-04-21T20:36:05.704+0000] {dagbag.py:540} INFO - Filling up the DagBag from /home/airflow/.local/lib/python3.9/site-packages/airflow/example_dags/example_external_task_marker_dag.py
[2024-04-21T20:36:05.712+0000] {processor.py:840} INFO - DAG(s) 'example_external_task_marker_child', 'example_external_task_marker_parent' retrieved from /home/airflow/.local/lib/python3.9/site-packages/airflow/example_dags/example_external_task_marker_dag.py
[2024-04-21T20:36:05.778+0000] {logging_mixin.py:188} INFO - [2024-04-21T20:36:05.778+0000] {dag.py:3047} INFO - Sync 2 DAGs
[2024-04-21T20:36:05.791+0000] {logging_mixin.py:188} INFO - [2024-04-21T20:36:05.791+0000] {dag.py:3834} INFO - Setting next_dagrun for example_external_task_marker_child to None, run_after=None
[2024-04-21T20:36:05.796+0000] {logging_mixin.py:188} INFO - [2024-04-21T20:36:05.796+0000] {dag.py:3834} INFO - Setting next_dagrun for example_external_task_marker_parent to None, run_after=None
[2024-04-21T20:36:05.829+0000] {processor.py:183} INFO - Processing /home/airflow/.local/lib/python3.9/site-packages/airflow/example_dags/example_external_task_marker_dag.py took 0.131 seconds
[2024-04-21T20:36:37.772+0000] {processor.py:161} INFO - Started process (PID=306) to work on /home/airflow/.local/lib/python3.9/site-packages/airflow/example_dags/example_external_task_marker_dag.py
[2024-04-21T20:36:37.774+0000] {processor.py:830} INFO - Processing file /home/airflow/.local/lib/python3.9/site-packages/airflow/example_dags/example_external_task_marker_dag.py for tasks to queue
[2024-04-21T20:36:37.777+0000] {logging_mixin.py:188} INFO - [2024-04-21T20:36:37.776+0000] {dagbag.py:540} INFO - Filling up the DagBag from /home/airflow/.local/lib/python3.9/site-packages/airflow/example_dags/example_external_task_marker_dag.py
[2024-04-21T20:36:37.786+0000] {processor.py:840} INFO - DAG(s) 'example_external_task_marker_child', 'example_external_task_marker_parent' retrieved from /home/airflow/.local/lib/python3.9/site-packages/airflow/example_dags/example_external_task_marker_dag.py
[2024-04-21T20:36:37.853+0000] {logging_mixin.py:188} INFO - [2024-04-21T20:36:37.853+0000] {dag.py:3047} INFO - Sync 2 DAGs
[2024-04-21T20:36:37.866+0000] {logging_mixin.py:188} INFO - [2024-04-21T20:36:37.866+0000] {dag.py:3834} INFO - Setting next_dagrun for example_external_task_marker_child to None, run_after=None
[2024-04-21T20:36:37.872+0000] {logging_mixin.py:188} INFO - [2024-04-21T20:36:37.871+0000] {dag.py:3834} INFO - Setting next_dagrun for example_external_task_marker_parent to None, run_after=None
[2024-04-21T20:36:37.908+0000] {processor.py:183} INFO - Processing /home/airflow/.local/lib/python3.9/site-packages/airflow/example_dags/example_external_task_marker_dag.py took 0.140 seconds
[2024-04-21T20:37:08.483+0000] {processor.py:161} INFO - Started process (PID=363) to work on /home/airflow/.local/lib/python3.9/site-packages/airflow/example_dags/example_external_task_marker_dag.py
[2024-04-21T20:37:08.484+0000] {processor.py:830} INFO - Processing file /home/airflow/.local/lib/python3.9/site-packages/airflow/example_dags/example_external_task_marker_dag.py for tasks to queue
[2024-04-21T20:37:08.487+0000] {logging_mixin.py:188} INFO - [2024-04-21T20:37:08.487+0000] {dagbag.py:540} INFO - Filling up the DagBag from /home/airflow/.local/lib/python3.9/site-packages/airflow/example_dags/example_external_task_marker_dag.py
[2024-04-21T20:37:08.496+0000] {processor.py:840} INFO - DAG(s) 'example_external_task_marker_parent', 'example_external_task_marker_child' retrieved from /home/airflow/.local/lib/python3.9/site-packages/airflow/example_dags/example_external_task_marker_dag.py
[2024-04-21T20:37:08.560+0000] {logging_mixin.py:188} INFO - [2024-04-21T20:37:08.559+0000] {dag.py:3047} INFO - Sync 2 DAGs
[2024-04-21T20:37:08.573+0000] {logging_mixin.py:188} INFO - [2024-04-21T20:37:08.572+0000] {dag.py:3834} INFO - Setting next_dagrun for example_external_task_marker_child to None, run_after=None
[2024-04-21T20:37:08.578+0000] {logging_mixin.py:188} INFO - [2024-04-21T20:37:08.578+0000] {dag.py:3834} INFO - Setting next_dagrun for example_external_task_marker_parent to None, run_after=None
[2024-04-21T20:37:08.612+0000] {processor.py:183} INFO - Processing /home/airflow/.local/lib/python3.9/site-packages/airflow/example_dags/example_external_task_marker_dag.py took 0.132 seconds
[2024-04-21T20:37:39.477+0000] {processor.py:161} INFO - Started process (PID=420) to work on /home/airflow/.local/lib/python3.9/site-packages/airflow/example_dags/example_external_task_marker_dag.py
[2024-04-21T20:37:39.478+0000] {processor.py:830} INFO - Processing file /home/airflow/.local/lib/python3.9/site-packages/airflow/example_dags/example_external_task_marker_dag.py for tasks to queue
[2024-04-21T20:37:39.480+0000] {logging_mixin.py:188} INFO - [2024-04-21T20:37:39.480+0000] {dagbag.py:540} INFO - Filling up the DagBag from /home/airflow/.local/lib/python3.9/site-packages/airflow/example_dags/example_external_task_marker_dag.py
[2024-04-21T20:37:39.486+0000] {processor.py:840} INFO - DAG(s) 'example_external_task_marker_parent', 'example_external_task_marker_child' retrieved from /home/airflow/.local/lib/python3.9/site-packages/airflow/example_dags/example_external_task_marker_dag.py
[2024-04-21T20:37:39.542+0000] {logging_mixin.py:188} INFO - [2024-04-21T20:37:39.542+0000] {dag.py:3047} INFO - Sync 2 DAGs
[2024-04-21T20:37:39.557+0000] {logging_mixin.py:188} INFO - [2024-04-21T20:37:39.557+0000] {dag.py:3834} INFO - Setting next_dagrun for example_external_task_marker_child to None, run_after=None
[2024-04-21T20:37:39.562+0000] {logging_mixin.py:188} INFO - [2024-04-21T20:37:39.562+0000] {dag.py:3834} INFO - Setting next_dagrun for example_external_task_marker_parent to None, run_after=None
[2024-04-21T20:37:39.599+0000] {processor.py:183} INFO - Processing /home/airflow/.local/lib/python3.9/site-packages/airflow/example_dags/example_external_task_marker_dag.py took 0.124 seconds
[2024-04-21T20:38:10.315+0000] {processor.py:161} INFO - Started process (PID=477) to work on /home/airflow/.local/lib/python3.9/site-packages/airflow/example_dags/example_external_task_marker_dag.py
[2024-04-21T20:38:10.316+0000] {processor.py:830} INFO - Processing file /home/airflow/.local/lib/python3.9/site-packages/airflow/example_dags/example_external_task_marker_dag.py for tasks to queue
[2024-04-21T20:38:10.318+0000] {logging_mixin.py:188} INFO - [2024-04-21T20:38:10.318+0000] {dagbag.py:540} INFO - Filling up the DagBag from /home/airflow/.local/lib/python3.9/site-packages/airflow/example_dags/example_external_task_marker_dag.py
[2024-04-21T20:38:10.325+0000] {processor.py:840} INFO - DAG(s) 'example_external_task_marker_parent', 'example_external_task_marker_child' retrieved from /home/airflow/.local/lib/python3.9/site-packages/airflow/example_dags/example_external_task_marker_dag.py
[2024-04-21T20:38:10.384+0000] {logging_mixin.py:188} INFO - [2024-04-21T20:38:10.384+0000] {dag.py:3047} INFO - Sync 2 DAGs
[2024-04-21T20:38:10.398+0000] {logging_mixin.py:188} INFO - [2024-04-21T20:38:10.397+0000] {dag.py:3834} INFO - Setting next_dagrun for example_external_task_marker_child to None, run_after=None
[2024-04-21T20:38:10.403+0000] {logging_mixin.py:188} INFO - [2024-04-21T20:38:10.402+0000] {dag.py:3834} INFO - Setting next_dagrun for example_external_task_marker_parent to None, run_after=None
[2024-04-21T20:38:10.436+0000] {processor.py:183} INFO - Processing /home/airflow/.local/lib/python3.9/site-packages/airflow/example_dags/example_external_task_marker_dag.py took 0.124 seconds
[2024-04-21T20:38:42.490+0000] {processor.py:161} INFO - Started process (PID=533) to work on /home/airflow/.local/lib/python3.9/site-packages/airflow/example_dags/example_external_task_marker_dag.py
[2024-04-21T20:38:42.491+0000] {processor.py:830} INFO - Processing file /home/airflow/.local/lib/python3.9/site-packages/airflow/example_dags/example_external_task_marker_dag.py for tasks to queue
[2024-04-21T20:38:42.493+0000] {logging_mixin.py:188} INFO - [2024-04-21T20:38:42.493+0000] {dagbag.py:540} INFO - Filling up the DagBag from /home/airflow/.local/lib/python3.9/site-packages/airflow/example_dags/example_external_task_marker_dag.py
[2024-04-21T20:38:42.499+0000] {processor.py:840} INFO - DAG(s) 'example_external_task_marker_parent', 'example_external_task_marker_child' retrieved from /home/airflow/.local/lib/python3.9/site-packages/airflow/example_dags/example_external_task_marker_dag.py
[2024-04-21T20:38:42.554+0000] {logging_mixin.py:188} INFO - [2024-04-21T20:38:42.553+0000] {dag.py:3047} INFO - Sync 2 DAGs
[2024-04-21T20:38:42.565+0000] {logging_mixin.py:188} INFO - [2024-04-21T20:38:42.565+0000] {dag.py:3834} INFO - Setting next_dagrun for example_external_task_marker_child to None, run_after=None
[2024-04-21T20:38:42.570+0000] {logging_mixin.py:188} INFO - [2024-04-21T20:38:42.570+0000] {dag.py:3834} INFO - Setting next_dagrun for example_external_task_marker_parent to None, run_after=None
[2024-04-21T20:38:42.597+0000] {processor.py:183} INFO - Processing /home/airflow/.local/lib/python3.9/site-packages/airflow/example_dags/example_external_task_marker_dag.py took 0.109 seconds
[2024-04-21T20:40:44.035+0000] {processor.py:161} INFO - Started process (PID=622) to work on /home/airflow/.local/lib/python3.9/site-packages/airflow/example_dags/example_external_task_marker_dag.py
[2024-04-21T20:40:44.036+0000] {processor.py:830} INFO - Processing file /home/airflow/.local/lib/python3.9/site-packages/airflow/example_dags/example_external_task_marker_dag.py for tasks to queue
[2024-04-21T20:40:44.039+0000] {logging_mixin.py:188} INFO - [2024-04-21T20:40:44.038+0000] {dagbag.py:540} INFO - Filling up the DagBag from /home/airflow/.local/lib/python3.9/site-packages/airflow/example_dags/example_external_task_marker_dag.py
[2024-04-21T20:40:44.045+0000] {processor.py:840} INFO - DAG(s) 'example_external_task_marker_parent', 'example_external_task_marker_child' retrieved from /home/airflow/.local/lib/python3.9/site-packages/airflow/example_dags/example_external_task_marker_dag.py
[2024-04-21T20:40:44.103+0000] {logging_mixin.py:188} INFO - [2024-04-21T20:40:44.102+0000] {dag.py:3047} INFO - Sync 2 DAGs
[2024-04-21T20:40:44.114+0000] {logging_mixin.py:188} INFO - [2024-04-21T20:40:44.114+0000] {dag.py:3834} INFO - Setting next_dagrun for example_external_task_marker_child to None, run_after=None
[2024-04-21T20:40:44.119+0000] {logging_mixin.py:188} INFO - [2024-04-21T20:40:44.119+0000] {dag.py:3834} INFO - Setting next_dagrun for example_external_task_marker_parent to None, run_after=None
[2024-04-21T20:40:44.151+0000] {processor.py:183} INFO - Processing /home/airflow/.local/lib/python3.9/site-packages/airflow/example_dags/example_external_task_marker_dag.py took 0.119 seconds
[2024-04-21T20:41:17.101+0000] {processor.py:161} INFO - Started process (PID=681) to work on /home/airflow/.local/lib/python3.9/site-packages/airflow/example_dags/example_external_task_marker_dag.py
[2024-04-21T20:41:17.103+0000] {processor.py:830} INFO - Processing file /home/airflow/.local/lib/python3.9/site-packages/airflow/example_dags/example_external_task_marker_dag.py for tasks to queue
[2024-04-21T20:41:17.105+0000] {logging_mixin.py:188} INFO - [2024-04-21T20:41:17.104+0000] {dagbag.py:540} INFO - Filling up the DagBag from /home/airflow/.local/lib/python3.9/site-packages/airflow/example_dags/example_external_task_marker_dag.py
[2024-04-21T20:41:17.111+0000] {processor.py:840} INFO - DAG(s) 'example_external_task_marker_parent', 'example_external_task_marker_child' retrieved from /home/airflow/.local/lib/python3.9/site-packages/airflow/example_dags/example_external_task_marker_dag.py
[2024-04-21T20:41:17.170+0000] {logging_mixin.py:188} INFO - [2024-04-21T20:41:17.170+0000] {dag.py:3047} INFO - Sync 2 DAGs
[2024-04-21T20:41:17.184+0000] {logging_mixin.py:188} INFO - [2024-04-21T20:41:17.183+0000] {dag.py:3834} INFO - Setting next_dagrun for example_external_task_marker_child to None, run_after=None
[2024-04-21T20:41:17.189+0000] {logging_mixin.py:188} INFO - [2024-04-21T20:41:17.189+0000] {dag.py:3834} INFO - Setting next_dagrun for example_external_task_marker_parent to None, run_after=None
[2024-04-21T20:41:17.224+0000] {processor.py:183} INFO - Processing /home/airflow/.local/lib/python3.9/site-packages/airflow/example_dags/example_external_task_marker_dag.py took 0.126 seconds
[2024-04-21T20:41:47.576+0000] {processor.py:161} INFO - Started process (PID=738) to work on /home/airflow/.local/lib/python3.9/site-packages/airflow/example_dags/example_external_task_marker_dag.py
[2024-04-21T20:41:47.578+0000] {processor.py:830} INFO - Processing file /home/airflow/.local/lib/python3.9/site-packages/airflow/example_dags/example_external_task_marker_dag.py for tasks to queue
[2024-04-21T20:41:47.580+0000] {logging_mixin.py:188} INFO - [2024-04-21T20:41:47.580+0000] {dagbag.py:540} INFO - Filling up the DagBag from /home/airflow/.local/lib/python3.9/site-packages/airflow/example_dags/example_external_task_marker_dag.py
[2024-04-21T20:41:47.592+0000] {processor.py:840} INFO - DAG(s) 'example_external_task_marker_child', 'example_external_task_marker_parent' retrieved from /home/airflow/.local/lib/python3.9/site-packages/airflow/example_dags/example_external_task_marker_dag.py
[2024-04-21T20:41:47.661+0000] {logging_mixin.py:188} INFO - [2024-04-21T20:41:47.660+0000] {dag.py:3047} INFO - Sync 2 DAGs
[2024-04-21T20:41:47.678+0000] {logging_mixin.py:188} INFO - [2024-04-21T20:41:47.677+0000] {dag.py:3834} INFO - Setting next_dagrun for example_external_task_marker_child to None, run_after=None
[2024-04-21T20:41:47.684+0000] {logging_mixin.py:188} INFO - [2024-04-21T20:41:47.684+0000] {dag.py:3834} INFO - Setting next_dagrun for example_external_task_marker_parent to None, run_after=None
[2024-04-21T20:41:47.722+0000] {processor.py:183} INFO - Processing /home/airflow/.local/lib/python3.9/site-packages/airflow/example_dags/example_external_task_marker_dag.py took 0.149 seconds
[2024-04-21T20:42:39.424+0000] {processor.py:161} INFO - Started process (PID=78) to work on /home/airflow/.local/lib/python3.9/site-packages/airflow/example_dags/example_external_task_marker_dag.py
[2024-04-21T20:42:39.425+0000] {processor.py:830} INFO - Processing file /home/airflow/.local/lib/python3.9/site-packages/airflow/example_dags/example_external_task_marker_dag.py for tasks to queue
[2024-04-21T20:42:39.428+0000] {logging_mixin.py:188} INFO - [2024-04-21T20:42:39.427+0000] {dagbag.py:540} INFO - Filling up the DagBag from /home/airflow/.local/lib/python3.9/site-packages/airflow/example_dags/example_external_task_marker_dag.py
[2024-04-21T20:42:39.435+0000] {processor.py:840} INFO - DAG(s) 'example_external_task_marker_child', 'example_external_task_marker_parent' retrieved from /home/airflow/.local/lib/python3.9/site-packages/airflow/example_dags/example_external_task_marker_dag.py
[2024-04-21T20:42:39.495+0000] {logging_mixin.py:188} INFO - [2024-04-21T20:42:39.495+0000] {dag.py:3047} INFO - Sync 2 DAGs
[2024-04-21T20:42:39.509+0000] {logging_mixin.py:188} INFO - [2024-04-21T20:42:39.509+0000] {dag.py:3834} INFO - Setting next_dagrun for example_external_task_marker_child to None, run_after=None
[2024-04-21T20:42:39.515+0000] {logging_mixin.py:188} INFO - [2024-04-21T20:42:39.515+0000] {dag.py:3834} INFO - Setting next_dagrun for example_external_task_marker_parent to None, run_after=None
[2024-04-21T20:42:39.546+0000] {processor.py:183} INFO - Processing /home/airflow/.local/lib/python3.9/site-packages/airflow/example_dags/example_external_task_marker_dag.py took 0.125 seconds
[2024-04-21T20:43:10.824+0000] {processor.py:161} INFO - Started process (PID=135) to work on /home/airflow/.local/lib/python3.9/site-packages/airflow/example_dags/example_external_task_marker_dag.py
[2024-04-21T20:43:10.825+0000] {processor.py:830} INFO - Processing file /home/airflow/.local/lib/python3.9/site-packages/airflow/example_dags/example_external_task_marker_dag.py for tasks to queue
[2024-04-21T20:43:10.827+0000] {logging_mixin.py:188} INFO - [2024-04-21T20:43:10.827+0000] {dagbag.py:540} INFO - Filling up the DagBag from /home/airflow/.local/lib/python3.9/site-packages/airflow/example_dags/example_external_task_marker_dag.py
[2024-04-21T20:43:10.834+0000] {processor.py:840} INFO - DAG(s) 'example_external_task_marker_parent', 'example_external_task_marker_child' retrieved from /home/airflow/.local/lib/python3.9/site-packages/airflow/example_dags/example_external_task_marker_dag.py
[2024-04-21T20:43:10.899+0000] {logging_mixin.py:188} INFO - [2024-04-21T20:43:10.898+0000] {dag.py:3047} INFO - Sync 2 DAGs
[2024-04-21T20:43:10.914+0000] {logging_mixin.py:188} INFO - [2024-04-21T20:43:10.913+0000] {dag.py:3834} INFO - Setting next_dagrun for example_external_task_marker_child to None, run_after=None
[2024-04-21T20:43:10.919+0000] {logging_mixin.py:188} INFO - [2024-04-21T20:43:10.919+0000] {dag.py:3834} INFO - Setting next_dagrun for example_external_task_marker_parent to None, run_after=None
[2024-04-21T20:43:10.991+0000] {processor.py:183} INFO - Processing /home/airflow/.local/lib/python3.9/site-packages/airflow/example_dags/example_external_task_marker_dag.py took 0.170 seconds
[2024-04-21T20:43:41.934+0000] {processor.py:161} INFO - Started process (PID=192) to work on /home/airflow/.local/lib/python3.9/site-packages/airflow/example_dags/example_external_task_marker_dag.py
[2024-04-21T20:43:41.936+0000] {processor.py:830} INFO - Processing file /home/airflow/.local/lib/python3.9/site-packages/airflow/example_dags/example_external_task_marker_dag.py for tasks to queue
[2024-04-21T20:43:41.937+0000] {logging_mixin.py:188} INFO - [2024-04-21T20:43:41.937+0000] {dagbag.py:540} INFO - Filling up the DagBag from /home/airflow/.local/lib/python3.9/site-packages/airflow/example_dags/example_external_task_marker_dag.py
[2024-04-21T20:43:41.944+0000] {processor.py:840} INFO - DAG(s) 'example_external_task_marker_child', 'example_external_task_marker_parent' retrieved from /home/airflow/.local/lib/python3.9/site-packages/airflow/example_dags/example_external_task_marker_dag.py
[2024-04-21T20:43:41.998+0000] {logging_mixin.py:188} INFO - [2024-04-21T20:43:41.998+0000] {dag.py:3047} INFO - Sync 2 DAGs
[2024-04-21T20:43:42.010+0000] {logging_mixin.py:188} INFO - [2024-04-21T20:43:42.010+0000] {dag.py:3834} INFO - Setting next_dagrun for example_external_task_marker_child to None, run_after=None
[2024-04-21T20:43:42.015+0000] {logging_mixin.py:188} INFO - [2024-04-21T20:43:42.014+0000] {dag.py:3834} INFO - Setting next_dagrun for example_external_task_marker_parent to None, run_after=None
[2024-04-21T20:43:42.041+0000] {processor.py:183} INFO - Processing /home/airflow/.local/lib/python3.9/site-packages/airflow/example_dags/example_external_task_marker_dag.py took 0.109 seconds
[2024-04-21T20:44:12.506+0000] {processor.py:161} INFO - Started process (PID=249) to work on /home/airflow/.local/lib/python3.9/site-packages/airflow/example_dags/example_external_task_marker_dag.py
[2024-04-21T20:44:12.507+0000] {processor.py:830} INFO - Processing file /home/airflow/.local/lib/python3.9/site-packages/airflow/example_dags/example_external_task_marker_dag.py for tasks to queue
[2024-04-21T20:44:12.510+0000] {logging_mixin.py:188} INFO - [2024-04-21T20:44:12.510+0000] {dagbag.py:540} INFO - Filling up the DagBag from /home/airflow/.local/lib/python3.9/site-packages/airflow/example_dags/example_external_task_marker_dag.py
[2024-04-21T20:44:12.517+0000] {processor.py:840} INFO - DAG(s) 'example_external_task_marker_parent', 'example_external_task_marker_child' retrieved from /home/airflow/.local/lib/python3.9/site-packages/airflow/example_dags/example_external_task_marker_dag.py
[2024-04-21T20:44:12.588+0000] {logging_mixin.py:188} INFO - [2024-04-21T20:44:12.588+0000] {dag.py:3047} INFO - Sync 2 DAGs
[2024-04-21T20:44:12.604+0000] {logging_mixin.py:188} INFO - [2024-04-21T20:44:12.603+0000] {dag.py:3834} INFO - Setting next_dagrun for example_external_task_marker_child to None, run_after=None
[2024-04-21T20:44:12.610+0000] {logging_mixin.py:188} INFO - [2024-04-21T20:44:12.610+0000] {dag.py:3834} INFO - Setting next_dagrun for example_external_task_marker_parent to None, run_after=None
[2024-04-21T20:44:12.653+0000] {processor.py:183} INFO - Processing /home/airflow/.local/lib/python3.9/site-packages/airflow/example_dags/example_external_task_marker_dag.py took 0.150 seconds
[2024-04-21T20:44:44.797+0000] {processor.py:161} INFO - Started process (PID=306) to work on /home/airflow/.local/lib/python3.9/site-packages/airflow/example_dags/example_external_task_marker_dag.py
[2024-04-21T20:44:44.800+0000] {processor.py:830} INFO - Processing file /home/airflow/.local/lib/python3.9/site-packages/airflow/example_dags/example_external_task_marker_dag.py for tasks to queue
[2024-04-21T20:44:44.803+0000] {logging_mixin.py:188} INFO - [2024-04-21T20:44:44.802+0000] {dagbag.py:540} INFO - Filling up the DagBag from /home/airflow/.local/lib/python3.9/site-packages/airflow/example_dags/example_external_task_marker_dag.py
[2024-04-21T20:44:44.811+0000] {processor.py:840} INFO - DAG(s) 'example_external_task_marker_child', 'example_external_task_marker_parent' retrieved from /home/airflow/.local/lib/python3.9/site-packages/airflow/example_dags/example_external_task_marker_dag.py
[2024-04-21T20:44:44.919+0000] {logging_mixin.py:188} INFO - [2024-04-21T20:44:44.919+0000] {dag.py:3047} INFO - Sync 2 DAGs
[2024-04-21T20:44:44.935+0000] {logging_mixin.py:188} INFO - [2024-04-21T20:44:44.935+0000] {dag.py:3834} INFO - Setting next_dagrun for example_external_task_marker_child to None, run_after=None
[2024-04-21T20:44:44.941+0000] {logging_mixin.py:188} INFO - [2024-04-21T20:44:44.940+0000] {dag.py:3834} INFO - Setting next_dagrun for example_external_task_marker_parent to None, run_after=None
[2024-04-21T20:44:44.977+0000] {processor.py:183} INFO - Processing /home/airflow/.local/lib/python3.9/site-packages/airflow/example_dags/example_external_task_marker_dag.py took 0.185 seconds
[2024-04-21T20:45:15.194+0000] {processor.py:161} INFO - Started process (PID=363) to work on /home/airflow/.local/lib/python3.9/site-packages/airflow/example_dags/example_external_task_marker_dag.py
[2024-04-21T20:45:15.195+0000] {processor.py:830} INFO - Processing file /home/airflow/.local/lib/python3.9/site-packages/airflow/example_dags/example_external_task_marker_dag.py for tasks to queue
[2024-04-21T20:45:15.198+0000] {logging_mixin.py:188} INFO - [2024-04-21T20:45:15.197+0000] {dagbag.py:540} INFO - Filling up the DagBag from /home/airflow/.local/lib/python3.9/site-packages/airflow/example_dags/example_external_task_marker_dag.py
[2024-04-21T20:45:15.204+0000] {processor.py:840} INFO - DAG(s) 'example_external_task_marker_parent', 'example_external_task_marker_child' retrieved from /home/airflow/.local/lib/python3.9/site-packages/airflow/example_dags/example_external_task_marker_dag.py
[2024-04-21T20:45:15.264+0000] {logging_mixin.py:188} INFO - [2024-04-21T20:45:15.264+0000] {dag.py:3047} INFO - Sync 2 DAGs
[2024-04-21T20:45:15.277+0000] {logging_mixin.py:188} INFO - [2024-04-21T20:45:15.277+0000] {dag.py:3834} INFO - Setting next_dagrun for example_external_task_marker_child to None, run_after=None
[2024-04-21T20:45:15.282+0000] {logging_mixin.py:188} INFO - [2024-04-21T20:45:15.282+0000] {dag.py:3834} INFO - Setting next_dagrun for example_external_task_marker_parent to None, run_after=None
[2024-04-21T20:45:15.314+0000] {processor.py:183} INFO - Processing /home/airflow/.local/lib/python3.9/site-packages/airflow/example_dags/example_external_task_marker_dag.py took 0.124 seconds
[2024-04-21T20:45:50.666+0000] {processor.py:161} INFO - Started process (PID=420) to work on /home/airflow/.local/lib/python3.9/site-packages/airflow/example_dags/example_external_task_marker_dag.py
[2024-04-21T20:45:50.668+0000] {processor.py:830} INFO - Processing file /home/airflow/.local/lib/python3.9/site-packages/airflow/example_dags/example_external_task_marker_dag.py for tasks to queue
[2024-04-21T20:45:50.672+0000] {logging_mixin.py:188} INFO - [2024-04-21T20:45:50.671+0000] {dagbag.py:540} INFO - Filling up the DagBag from /home/airflow/.local/lib/python3.9/site-packages/airflow/example_dags/example_external_task_marker_dag.py
[2024-04-21T20:45:50.681+0000] {processor.py:840} INFO - DAG(s) 'example_external_task_marker_parent', 'example_external_task_marker_child' retrieved from /home/airflow/.local/lib/python3.9/site-packages/airflow/example_dags/example_external_task_marker_dag.py
[2024-04-21T20:45:50.787+0000] {logging_mixin.py:188} INFO - [2024-04-21T20:45:50.786+0000] {dag.py:3047} INFO - Sync 2 DAGs
[2024-04-21T20:45:50.810+0000] {logging_mixin.py:188} INFO - [2024-04-21T20:45:50.810+0000] {dag.py:3834} INFO - Setting next_dagrun for example_external_task_marker_child to None, run_after=None
[2024-04-21T20:45:50.819+0000] {logging_mixin.py:188} INFO - [2024-04-21T20:45:50.818+0000] {dag.py:3834} INFO - Setting next_dagrun for example_external_task_marker_parent to None, run_after=None
[2024-04-21T20:45:50.898+0000] {processor.py:183} INFO - Processing /home/airflow/.local/lib/python3.9/site-packages/airflow/example_dags/example_external_task_marker_dag.py took 0.235 seconds
[2024-04-21T20:46:21.462+0000] {processor.py:161} INFO - Started process (PID=477) to work on /home/airflow/.local/lib/python3.9/site-packages/airflow/example_dags/example_external_task_marker_dag.py
[2024-04-21T20:46:21.464+0000] {processor.py:830} INFO - Processing file /home/airflow/.local/lib/python3.9/site-packages/airflow/example_dags/example_external_task_marker_dag.py for tasks to queue
[2024-04-21T20:46:21.467+0000] {logging_mixin.py:188} INFO - [2024-04-21T20:46:21.466+0000] {dagbag.py:540} INFO - Filling up the DagBag from /home/airflow/.local/lib/python3.9/site-packages/airflow/example_dags/example_external_task_marker_dag.py
[2024-04-21T20:46:21.478+0000] {processor.py:840} INFO - DAG(s) 'example_external_task_marker_parent', 'example_external_task_marker_child' retrieved from /home/airflow/.local/lib/python3.9/site-packages/airflow/example_dags/example_external_task_marker_dag.py
[2024-04-21T20:46:21.570+0000] {logging_mixin.py:188} INFO - [2024-04-21T20:46:21.570+0000] {dag.py:3047} INFO - Sync 2 DAGs
[2024-04-21T20:46:21.621+0000] {logging_mixin.py:188} INFO - [2024-04-21T20:46:21.620+0000] {dag.py:3834} INFO - Setting next_dagrun for example_external_task_marker_child to None, run_after=None
[2024-04-21T20:46:21.637+0000] {logging_mixin.py:188} INFO - [2024-04-21T20:46:21.636+0000] {dag.py:3834} INFO - Setting next_dagrun for example_external_task_marker_parent to None, run_after=None
[2024-04-21T20:46:21.735+0000] {processor.py:183} INFO - Processing /home/airflow/.local/lib/python3.9/site-packages/airflow/example_dags/example_external_task_marker_dag.py took 0.279 seconds
[2024-04-21T20:46:52.291+0000] {processor.py:161} INFO - Started process (PID=534) to work on /home/airflow/.local/lib/python3.9/site-packages/airflow/example_dags/example_external_task_marker_dag.py
[2024-04-21T20:46:52.294+0000] {processor.py:830} INFO - Processing file /home/airflow/.local/lib/python3.9/site-packages/airflow/example_dags/example_external_task_marker_dag.py for tasks to queue
[2024-04-21T20:46:52.300+0000] {logging_mixin.py:188} INFO - [2024-04-21T20:46:52.297+0000] {dagbag.py:540} INFO - Filling up the DagBag from /home/airflow/.local/lib/python3.9/site-packages/airflow/example_dags/example_external_task_marker_dag.py
[2024-04-21T20:46:52.313+0000] {processor.py:840} INFO - DAG(s) 'example_external_task_marker_parent', 'example_external_task_marker_child' retrieved from /home/airflow/.local/lib/python3.9/site-packages/airflow/example_dags/example_external_task_marker_dag.py
[2024-04-21T20:46:52.415+0000] {logging_mixin.py:188} INFO - [2024-04-21T20:46:52.413+0000] {dag.py:3047} INFO - Sync 2 DAGs
[2024-04-21T20:46:52.443+0000] {logging_mixin.py:188} INFO - [2024-04-21T20:46:52.442+0000] {dag.py:3834} INFO - Setting next_dagrun for example_external_task_marker_child to None, run_after=None
[2024-04-21T20:46:52.452+0000] {logging_mixin.py:188} INFO - [2024-04-21T20:46:52.452+0000] {dag.py:3834} INFO - Setting next_dagrun for example_external_task_marker_parent to None, run_after=None
[2024-04-21T20:46:52.497+0000] {processor.py:183} INFO - Processing /home/airflow/.local/lib/python3.9/site-packages/airflow/example_dags/example_external_task_marker_dag.py took 0.212 seconds
[2024-04-21T20:47:23.130+0000] {processor.py:161} INFO - Started process (PID=597) to work on /home/airflow/.local/lib/python3.9/site-packages/airflow/example_dags/example_external_task_marker_dag.py
[2024-04-21T20:47:23.131+0000] {processor.py:830} INFO - Processing file /home/airflow/.local/lib/python3.9/site-packages/airflow/example_dags/example_external_task_marker_dag.py for tasks to queue
[2024-04-21T20:47:23.133+0000] {logging_mixin.py:188} INFO - [2024-04-21T20:47:23.133+0000] {dagbag.py:540} INFO - Filling up the DagBag from /home/airflow/.local/lib/python3.9/site-packages/airflow/example_dags/example_external_task_marker_dag.py
[2024-04-21T20:47:23.139+0000] {processor.py:840} INFO - DAG(s) 'example_external_task_marker_child', 'example_external_task_marker_parent' retrieved from /home/airflow/.local/lib/python3.9/site-packages/airflow/example_dags/example_external_task_marker_dag.py
[2024-04-21T20:47:23.201+0000] {logging_mixin.py:188} INFO - [2024-04-21T20:47:23.201+0000] {dag.py:3047} INFO - Sync 2 DAGs
[2024-04-21T20:47:23.213+0000] {logging_mixin.py:188} INFO - [2024-04-21T20:47:23.213+0000] {dag.py:3834} INFO - Setting next_dagrun for example_external_task_marker_child to None, run_after=None
[2024-04-21T20:47:23.219+0000] {logging_mixin.py:188} INFO - [2024-04-21T20:47:23.218+0000] {dag.py:3834} INFO - Setting next_dagrun for example_external_task_marker_parent to None, run_after=None
[2024-04-21T20:47:23.249+0000] {processor.py:183} INFO - Processing /home/airflow/.local/lib/python3.9/site-packages/airflow/example_dags/example_external_task_marker_dag.py took 0.122 seconds
[2024-04-21T20:47:53.560+0000] {processor.py:161} INFO - Started process (PID=655) to work on /home/airflow/.local/lib/python3.9/site-packages/airflow/example_dags/example_external_task_marker_dag.py
[2024-04-21T20:47:53.562+0000] {processor.py:830} INFO - Processing file /home/airflow/.local/lib/python3.9/site-packages/airflow/example_dags/example_external_task_marker_dag.py for tasks to queue
[2024-04-21T20:47:53.564+0000] {logging_mixin.py:188} INFO - [2024-04-21T20:47:53.563+0000] {dagbag.py:540} INFO - Filling up the DagBag from /home/airflow/.local/lib/python3.9/site-packages/airflow/example_dags/example_external_task_marker_dag.py
[2024-04-21T20:47:53.570+0000] {processor.py:840} INFO - DAG(s) 'example_external_task_marker_child', 'example_external_task_marker_parent' retrieved from /home/airflow/.local/lib/python3.9/site-packages/airflow/example_dags/example_external_task_marker_dag.py
[2024-04-21T20:47:53.630+0000] {logging_mixin.py:188} INFO - [2024-04-21T20:47:53.630+0000] {dag.py:3047} INFO - Sync 2 DAGs
[2024-04-21T20:47:53.644+0000] {logging_mixin.py:188} INFO - [2024-04-21T20:47:53.644+0000] {dag.py:3834} INFO - Setting next_dagrun for example_external_task_marker_child to None, run_after=None
[2024-04-21T20:47:53.650+0000] {logging_mixin.py:188} INFO - [2024-04-21T20:47:53.649+0000] {dag.py:3834} INFO - Setting next_dagrun for example_external_task_marker_parent to None, run_after=None
[2024-04-21T20:47:53.682+0000] {processor.py:183} INFO - Processing /home/airflow/.local/lib/python3.9/site-packages/airflow/example_dags/example_external_task_marker_dag.py took 0.125 seconds
[2024-04-21T21:00:56.678+0000] {processor.py:161} INFO - Started process (PID=85) to work on /home/airflow/.local/lib/python3.9/site-packages/airflow/example_dags/example_external_task_marker_dag.py
[2024-04-21T21:00:56.681+0000] {processor.py:830} INFO - Processing file /home/airflow/.local/lib/python3.9/site-packages/airflow/example_dags/example_external_task_marker_dag.py for tasks to queue
[2024-04-21T21:00:56.686+0000] {logging_mixin.py:188} INFO - [2024-04-21T21:00:56.685+0000] {dagbag.py:540} INFO - Filling up the DagBag from /home/airflow/.local/lib/python3.9/site-packages/airflow/example_dags/example_external_task_marker_dag.py
[2024-04-21T21:00:56.705+0000] {processor.py:840} INFO - DAG(s) 'example_external_task_marker_child', 'example_external_task_marker_parent' retrieved from /home/airflow/.local/lib/python3.9/site-packages/airflow/example_dags/example_external_task_marker_dag.py
[2024-04-21T21:00:57.006+0000] {logging_mixin.py:188} INFO - [2024-04-21T21:00:57.006+0000] {dag.py:3047} INFO - Sync 2 DAGs
[2024-04-21T21:00:57.028+0000] {logging_mixin.py:188} INFO - [2024-04-21T21:00:57.027+0000] {dag.py:3834} INFO - Setting next_dagrun for example_external_task_marker_child to None, run_after=None
[2024-04-21T21:00:57.037+0000] {logging_mixin.py:188} INFO - [2024-04-21T21:00:57.037+0000] {dag.py:3834} INFO - Setting next_dagrun for example_external_task_marker_parent to None, run_after=None
[2024-04-21T21:00:57.100+0000] {processor.py:183} INFO - Processing /home/airflow/.local/lib/python3.9/site-packages/airflow/example_dags/example_external_task_marker_dag.py took 0.427 seconds
[2024-04-21T21:01:27.577+0000] {processor.py:161} INFO - Started process (PID=142) to work on /home/airflow/.local/lib/python3.9/site-packages/airflow/example_dags/example_external_task_marker_dag.py
[2024-04-21T21:01:27.579+0000] {processor.py:830} INFO - Processing file /home/airflow/.local/lib/python3.9/site-packages/airflow/example_dags/example_external_task_marker_dag.py for tasks to queue
[2024-04-21T21:01:27.581+0000] {logging_mixin.py:188} INFO - [2024-04-21T21:01:27.580+0000] {dagbag.py:540} INFO - Filling up the DagBag from /home/airflow/.local/lib/python3.9/site-packages/airflow/example_dags/example_external_task_marker_dag.py
[2024-04-21T21:01:27.589+0000] {processor.py:840} INFO - DAG(s) 'example_external_task_marker_child', 'example_external_task_marker_parent' retrieved from /home/airflow/.local/lib/python3.9/site-packages/airflow/example_dags/example_external_task_marker_dag.py
[2024-04-21T21:01:27.687+0000] {logging_mixin.py:188} INFO - [2024-04-21T21:01:27.686+0000] {dag.py:3047} INFO - Sync 2 DAGs
[2024-04-21T21:01:27.702+0000] {logging_mixin.py:188} INFO - [2024-04-21T21:01:27.702+0000] {dag.py:3834} INFO - Setting next_dagrun for example_external_task_marker_child to None, run_after=None
[2024-04-21T21:01:27.707+0000] {logging_mixin.py:188} INFO - [2024-04-21T21:01:27.707+0000] {dag.py:3834} INFO - Setting next_dagrun for example_external_task_marker_parent to None, run_after=None
[2024-04-21T21:01:27.747+0000] {processor.py:183} INFO - Processing /home/airflow/.local/lib/python3.9/site-packages/airflow/example_dags/example_external_task_marker_dag.py took 0.173 seconds
[2024-04-21T21:04:42.842+0000] {processor.py:161} INFO - Started process (PID=90) to work on /home/airflow/.local/lib/python3.9/site-packages/airflow/example_dags/example_external_task_marker_dag.py
[2024-04-21T21:04:42.844+0000] {processor.py:830} INFO - Processing file /home/airflow/.local/lib/python3.9/site-packages/airflow/example_dags/example_external_task_marker_dag.py for tasks to queue
[2024-04-21T21:04:42.847+0000] {logging_mixin.py:188} INFO - [2024-04-21T21:04:42.847+0000] {dagbag.py:540} INFO - Filling up the DagBag from /home/airflow/.local/lib/python3.9/site-packages/airflow/example_dags/example_external_task_marker_dag.py
[2024-04-21T21:04:42.856+0000] {processor.py:840} INFO - DAG(s) 'example_external_task_marker_parent', 'example_external_task_marker_child' retrieved from /home/airflow/.local/lib/python3.9/site-packages/airflow/example_dags/example_external_task_marker_dag.py
[2024-04-21T21:04:42.923+0000] {logging_mixin.py:188} INFO - [2024-04-21T21:04:42.922+0000] {dag.py:3047} INFO - Sync 2 DAGs
[2024-04-21T21:04:42.937+0000] {logging_mixin.py:188} INFO - [2024-04-21T21:04:42.937+0000] {dag.py:3834} INFO - Setting next_dagrun for example_external_task_marker_child to None, run_after=None
[2024-04-21T21:04:42.942+0000] {logging_mixin.py:188} INFO - [2024-04-21T21:04:42.942+0000] {dag.py:3834} INFO - Setting next_dagrun for example_external_task_marker_parent to None, run_after=None
[2024-04-21T21:04:42.979+0000] {processor.py:183} INFO - Processing /home/airflow/.local/lib/python3.9/site-packages/airflow/example_dags/example_external_task_marker_dag.py took 0.142 seconds
[2024-04-21T21:05:13.428+0000] {processor.py:161} INFO - Started process (PID=147) to work on /home/airflow/.local/lib/python3.9/site-packages/airflow/example_dags/example_external_task_marker_dag.py
[2024-04-21T21:05:13.429+0000] {processor.py:830} INFO - Processing file /home/airflow/.local/lib/python3.9/site-packages/airflow/example_dags/example_external_task_marker_dag.py for tasks to queue
[2024-04-21T21:05:13.432+0000] {logging_mixin.py:188} INFO - [2024-04-21T21:05:13.431+0000] {dagbag.py:540} INFO - Filling up the DagBag from /home/airflow/.local/lib/python3.9/site-packages/airflow/example_dags/example_external_task_marker_dag.py
[2024-04-21T21:05:13.439+0000] {processor.py:840} INFO - DAG(s) 'example_external_task_marker_parent', 'example_external_task_marker_child' retrieved from /home/airflow/.local/lib/python3.9/site-packages/airflow/example_dags/example_external_task_marker_dag.py
[2024-04-21T21:05:13.502+0000] {logging_mixin.py:188} INFO - [2024-04-21T21:05:13.502+0000] {dag.py:3047} INFO - Sync 2 DAGs
[2024-04-21T21:05:13.516+0000] {logging_mixin.py:188} INFO - [2024-04-21T21:05:13.516+0000] {dag.py:3834} INFO - Setting next_dagrun for example_external_task_marker_child to None, run_after=None
[2024-04-21T21:05:13.522+0000] {logging_mixin.py:188} INFO - [2024-04-21T21:05:13.521+0000] {dag.py:3834} INFO - Setting next_dagrun for example_external_task_marker_parent to None, run_after=None
[2024-04-21T21:05:13.558+0000] {processor.py:183} INFO - Processing /home/airflow/.local/lib/python3.9/site-packages/airflow/example_dags/example_external_task_marker_dag.py took 0.133 seconds
[2024-04-21T21:05:44.667+0000] {processor.py:161} INFO - Started process (PID=212) to work on /home/airflow/.local/lib/python3.9/site-packages/airflow/example_dags/example_external_task_marker_dag.py
[2024-04-21T21:05:44.670+0000] {processor.py:830} INFO - Processing file /home/airflow/.local/lib/python3.9/site-packages/airflow/example_dags/example_external_task_marker_dag.py for tasks to queue
[2024-04-21T21:05:44.677+0000] {logging_mixin.py:188} INFO - [2024-04-21T21:05:44.675+0000] {dagbag.py:540} INFO - Filling up the DagBag from /home/airflow/.local/lib/python3.9/site-packages/airflow/example_dags/example_external_task_marker_dag.py
[2024-04-21T21:05:44.698+0000] {processor.py:840} INFO - DAG(s) 'example_external_task_marker_parent', 'example_external_task_marker_child' retrieved from /home/airflow/.local/lib/python3.9/site-packages/airflow/example_dags/example_external_task_marker_dag.py
[2024-04-21T21:05:44.925+0000] {logging_mixin.py:188} INFO - [2024-04-21T21:05:44.924+0000] {dag.py:3047} INFO - Sync 2 DAGs
[2024-04-21T21:05:44.988+0000] {logging_mixin.py:188} INFO - [2024-04-21T21:05:44.987+0000] {dag.py:3834} INFO - Setting next_dagrun for example_external_task_marker_child to None, run_after=None
[2024-04-21T21:05:45.010+0000] {logging_mixin.py:188} INFO - [2024-04-21T21:05:45.009+0000] {dag.py:3834} INFO - Setting next_dagrun for example_external_task_marker_parent to None, run_after=None
[2024-04-21T21:05:45.115+0000] {processor.py:183} INFO - Processing /home/airflow/.local/lib/python3.9/site-packages/airflow/example_dags/example_external_task_marker_dag.py took 0.459 seconds
