[2024-04-21T19:52:07.270+0000] {processor.py:161} INFO - Started process (PID=81) to work on /home/airflow/.local/lib/python3.9/site-packages/airflow/example_dags/example_setup_teardown_taskflow.py
[2024-04-21T19:52:07.271+0000] {processor.py:830} INFO - Processing file /home/airflow/.local/lib/python3.9/site-packages/airflow/example_dags/example_setup_teardown_taskflow.py for tasks to queue
[2024-04-21T19:52:07.275+0000] {logging_mixin.py:188} INFO - [2024-04-21T19:52:07.274+0000] {dagbag.py:540} INFO - Filling up the DagBag from /home/airflow/.local/lib/python3.9/site-packages/airflow/example_dags/example_setup_teardown_taskflow.py
[2024-04-21T19:52:07.297+0000] {processor.py:840} INFO - DAG(s) 'example_setup_teardown_taskflow' retrieved from /home/airflow/.local/lib/python3.9/site-packages/airflow/example_dags/example_setup_teardown_taskflow.py
[2024-04-21T19:52:07.750+0000] {logging_mixin.py:188} INFO - [2024-04-21T19:52:07.750+0000] {dag.py:3047} INFO - Sync 1 DAGs
[2024-04-21T19:52:07.809+0000] {logging_mixin.py:188} INFO - [2024-04-21T19:52:07.808+0000] {dag.py:3834} INFO - Setting next_dagrun for example_setup_teardown_taskflow to 2024-04-20 00:00:00+00:00, run_after=2024-04-21 00:00:00+00:00
[2024-04-21T19:52:07.872+0000] {processor.py:183} INFO - Processing /home/airflow/.local/lib/python3.9/site-packages/airflow/example_dags/example_setup_teardown_taskflow.py took 0.606 seconds
[2024-04-21T19:52:38.493+0000] {processor.py:161} INFO - Started process (PID=138) to work on /home/airflow/.local/lib/python3.9/site-packages/airflow/example_dags/example_setup_teardown_taskflow.py
[2024-04-21T19:52:38.497+0000] {processor.py:830} INFO - Processing file /home/airflow/.local/lib/python3.9/site-packages/airflow/example_dags/example_setup_teardown_taskflow.py for tasks to queue
[2024-04-21T19:52:38.503+0000] {logging_mixin.py:188} INFO - [2024-04-21T19:52:38.502+0000] {dagbag.py:540} INFO - Filling up the DagBag from /home/airflow/.local/lib/python3.9/site-packages/airflow/example_dags/example_setup_teardown_taskflow.py
[2024-04-21T19:52:38.525+0000] {processor.py:840} INFO - DAG(s) 'example_setup_teardown_taskflow' retrieved from /home/airflow/.local/lib/python3.9/site-packages/airflow/example_dags/example_setup_teardown_taskflow.py
[2024-04-21T19:52:38.648+0000] {logging_mixin.py:188} INFO - [2024-04-21T19:52:38.648+0000] {dag.py:3047} INFO - Sync 1 DAGs
[2024-04-21T19:52:38.699+0000] {logging_mixin.py:188} INFO - [2024-04-21T19:52:38.699+0000] {dag.py:3834} INFO - Setting next_dagrun for example_setup_teardown_taskflow to 2024-04-20 00:00:00+00:00, run_after=2024-04-21 00:00:00+00:00
[2024-04-21T19:52:38.777+0000] {processor.py:183} INFO - Processing /home/airflow/.local/lib/python3.9/site-packages/airflow/example_dags/example_setup_teardown_taskflow.py took 0.290 seconds
[2024-04-21T19:53:08.888+0000] {processor.py:161} INFO - Started process (PID=194) to work on /home/airflow/.local/lib/python3.9/site-packages/airflow/example_dags/example_setup_teardown_taskflow.py
[2024-04-21T19:53:08.891+0000] {processor.py:830} INFO - Processing file /home/airflow/.local/lib/python3.9/site-packages/airflow/example_dags/example_setup_teardown_taskflow.py for tasks to queue
[2024-04-21T19:53:08.894+0000] {logging_mixin.py:188} INFO - [2024-04-21T19:53:08.893+0000] {dagbag.py:540} INFO - Filling up the DagBag from /home/airflow/.local/lib/python3.9/site-packages/airflow/example_dags/example_setup_teardown_taskflow.py
[2024-04-21T19:53:08.912+0000] {processor.py:840} INFO - DAG(s) 'example_setup_teardown_taskflow' retrieved from /home/airflow/.local/lib/python3.9/site-packages/airflow/example_dags/example_setup_teardown_taskflow.py
[2024-04-21T19:53:09.038+0000] {logging_mixin.py:188} INFO - [2024-04-21T19:53:09.037+0000] {dag.py:3047} INFO - Sync 1 DAGs
[2024-04-21T19:53:09.084+0000] {logging_mixin.py:188} INFO - [2024-04-21T19:53:09.084+0000] {dag.py:3834} INFO - Setting next_dagrun for example_setup_teardown_taskflow to 2024-04-20 00:00:00+00:00, run_after=2024-04-21 00:00:00+00:00
[2024-04-21T19:53:09.160+0000] {processor.py:183} INFO - Processing /home/airflow/.local/lib/python3.9/site-packages/airflow/example_dags/example_setup_teardown_taskflow.py took 0.277 seconds
[2024-04-21T19:53:39.961+0000] {processor.py:161} INFO - Started process (PID=255) to work on /home/airflow/.local/lib/python3.9/site-packages/airflow/example_dags/example_setup_teardown_taskflow.py
[2024-04-21T19:53:39.964+0000] {processor.py:830} INFO - Processing file /home/airflow/.local/lib/python3.9/site-packages/airflow/example_dags/example_setup_teardown_taskflow.py for tasks to queue
[2024-04-21T19:53:39.970+0000] {logging_mixin.py:188} INFO - [2024-04-21T19:53:39.969+0000] {dagbag.py:540} INFO - Filling up the DagBag from /home/airflow/.local/lib/python3.9/site-packages/airflow/example_dags/example_setup_teardown_taskflow.py
[2024-04-21T19:53:40.005+0000] {processor.py:840} INFO - DAG(s) 'example_setup_teardown_taskflow' retrieved from /home/airflow/.local/lib/python3.9/site-packages/airflow/example_dags/example_setup_teardown_taskflow.py
[2024-04-21T19:53:40.183+0000] {logging_mixin.py:188} INFO - [2024-04-21T19:53:40.183+0000] {dag.py:3047} INFO - Sync 1 DAGs
[2024-04-21T19:53:40.232+0000] {logging_mixin.py:188} INFO - [2024-04-21T19:53:40.231+0000] {dag.py:3834} INFO - Setting next_dagrun for example_setup_teardown_taskflow to 2024-04-20 00:00:00+00:00, run_after=2024-04-21 00:00:00+00:00
[2024-04-21T19:53:40.306+0000] {processor.py:183} INFO - Processing /home/airflow/.local/lib/python3.9/site-packages/airflow/example_dags/example_setup_teardown_taskflow.py took 0.354 seconds
[2024-04-21T19:54:37.067+0000] {processor.py:161} INFO - Started process (PID=75) to work on /home/airflow/.local/lib/python3.9/site-packages/airflow/example_dags/example_setup_teardown_taskflow.py
[2024-04-21T19:54:37.069+0000] {processor.py:830} INFO - Processing file /home/airflow/.local/lib/python3.9/site-packages/airflow/example_dags/example_setup_teardown_taskflow.py for tasks to queue
[2024-04-21T19:54:37.071+0000] {logging_mixin.py:188} INFO - [2024-04-21T19:54:37.070+0000] {dagbag.py:540} INFO - Filling up the DagBag from /home/airflow/.local/lib/python3.9/site-packages/airflow/example_dags/example_setup_teardown_taskflow.py
[2024-04-21T19:54:37.080+0000] {processor.py:840} INFO - DAG(s) 'example_setup_teardown_taskflow' retrieved from /home/airflow/.local/lib/python3.9/site-packages/airflow/example_dags/example_setup_teardown_taskflow.py
[2024-04-21T19:54:37.155+0000] {logging_mixin.py:188} INFO - [2024-04-21T19:54:37.154+0000] {dag.py:3047} INFO - Sync 1 DAGs
[2024-04-21T19:54:37.189+0000] {logging_mixin.py:188} INFO - [2024-04-21T19:54:37.189+0000] {dag.py:3834} INFO - Setting next_dagrun for example_setup_teardown_taskflow to 2024-04-20 00:00:00+00:00, run_after=2024-04-21 00:00:00+00:00
[2024-04-21T19:54:37.251+0000] {processor.py:183} INFO - Processing /home/airflow/.local/lib/python3.9/site-packages/airflow/example_dags/example_setup_teardown_taskflow.py took 0.187 seconds
[2024-04-21T19:55:22.538+0000] {processor.py:161} INFO - Started process (PID=142) to work on /home/airflow/.local/lib/python3.9/site-packages/airflow/example_dags/example_setup_teardown_taskflow.py
[2024-04-21T19:55:22.539+0000] {processor.py:830} INFO - Processing file /home/airflow/.local/lib/python3.9/site-packages/airflow/example_dags/example_setup_teardown_taskflow.py for tasks to queue
[2024-04-21T19:55:22.542+0000] {logging_mixin.py:188} INFO - [2024-04-21T19:55:22.541+0000] {dagbag.py:540} INFO - Filling up the DagBag from /home/airflow/.local/lib/python3.9/site-packages/airflow/example_dags/example_setup_teardown_taskflow.py
[2024-04-21T19:55:22.552+0000] {processor.py:840} INFO - DAG(s) 'example_setup_teardown_taskflow' retrieved from /home/airflow/.local/lib/python3.9/site-packages/airflow/example_dags/example_setup_teardown_taskflow.py
[2024-04-21T19:55:22.635+0000] {logging_mixin.py:188} INFO - [2024-04-21T19:55:22.634+0000] {dag.py:3047} INFO - Sync 1 DAGs
[2024-04-21T19:55:22.675+0000] {logging_mixin.py:188} INFO - [2024-04-21T19:55:22.675+0000] {dag.py:3834} INFO - Setting next_dagrun for example_setup_teardown_taskflow to 2024-04-20 00:00:00+00:00, run_after=2024-04-21 00:00:00+00:00
[2024-04-21T19:55:22.724+0000] {processor.py:183} INFO - Processing /home/airflow/.local/lib/python3.9/site-packages/airflow/example_dags/example_setup_teardown_taskflow.py took 0.190 seconds
[2024-04-21T19:59:02.462+0000] {processor.py:161} INFO - Started process (PID=216) to work on /home/airflow/.local/lib/python3.9/site-packages/airflow/example_dags/example_setup_teardown_taskflow.py
[2024-04-21T19:59:02.464+0000] {processor.py:830} INFO - Processing file /home/airflow/.local/lib/python3.9/site-packages/airflow/example_dags/example_setup_teardown_taskflow.py for tasks to queue
[2024-04-21T19:59:02.466+0000] {logging_mixin.py:188} INFO - [2024-04-21T19:59:02.466+0000] {dagbag.py:540} INFO - Filling up the DagBag from /home/airflow/.local/lib/python3.9/site-packages/airflow/example_dags/example_setup_teardown_taskflow.py
[2024-04-21T19:59:02.478+0000] {processor.py:840} INFO - DAG(s) 'example_setup_teardown_taskflow' retrieved from /home/airflow/.local/lib/python3.9/site-packages/airflow/example_dags/example_setup_teardown_taskflow.py
[2024-04-21T19:59:02.566+0000] {logging_mixin.py:188} INFO - [2024-04-21T19:59:02.566+0000] {dag.py:3047} INFO - Sync 1 DAGs
[2024-04-21T19:59:02.606+0000] {logging_mixin.py:188} INFO - [2024-04-21T19:59:02.605+0000] {dag.py:3834} INFO - Setting next_dagrun for example_setup_teardown_taskflow to 2024-04-20 00:00:00+00:00, run_after=2024-04-21 00:00:00+00:00
[2024-04-21T19:59:02.656+0000] {processor.py:183} INFO - Processing /home/airflow/.local/lib/python3.9/site-packages/airflow/example_dags/example_setup_teardown_taskflow.py took 0.198 seconds
[2024-04-21T20:03:13.346+0000] {processor.py:161} INFO - Started process (PID=288) to work on /home/airflow/.local/lib/python3.9/site-packages/airflow/example_dags/example_setup_teardown_taskflow.py
[2024-04-21T20:03:13.347+0000] {processor.py:830} INFO - Processing file /home/airflow/.local/lib/python3.9/site-packages/airflow/example_dags/example_setup_teardown_taskflow.py for tasks to queue
[2024-04-21T20:03:13.349+0000] {logging_mixin.py:188} INFO - [2024-04-21T20:03:13.349+0000] {dagbag.py:540} INFO - Filling up the DagBag from /home/airflow/.local/lib/python3.9/site-packages/airflow/example_dags/example_setup_teardown_taskflow.py
[2024-04-21T20:03:13.362+0000] {processor.py:840} INFO - DAG(s) 'example_setup_teardown_taskflow' retrieved from /home/airflow/.local/lib/python3.9/site-packages/airflow/example_dags/example_setup_teardown_taskflow.py
[2024-04-21T20:03:13.430+0000] {logging_mixin.py:188} INFO - [2024-04-21T20:03:13.430+0000] {dag.py:3047} INFO - Sync 1 DAGs
[2024-04-21T20:03:13.452+0000] {logging_mixin.py:188} INFO - [2024-04-21T20:03:13.452+0000] {dag.py:3834} INFO - Setting next_dagrun for example_setup_teardown_taskflow to 2024-04-20 00:00:00+00:00, run_after=2024-04-21 00:00:00+00:00
[2024-04-21T20:03:13.487+0000] {processor.py:183} INFO - Processing /home/airflow/.local/lib/python3.9/site-packages/airflow/example_dags/example_setup_teardown_taskflow.py took 0.144 seconds
[2024-04-21T20:04:22.467+0000] {processor.py:161} INFO - Started process (PID=355) to work on /home/airflow/.local/lib/python3.9/site-packages/airflow/example_dags/example_setup_teardown_taskflow.py
[2024-04-21T20:04:22.469+0000] {processor.py:830} INFO - Processing file /home/airflow/.local/lib/python3.9/site-packages/airflow/example_dags/example_setup_teardown_taskflow.py for tasks to queue
[2024-04-21T20:04:22.471+0000] {logging_mixin.py:188} INFO - [2024-04-21T20:04:22.470+0000] {dagbag.py:540} INFO - Filling up the DagBag from /home/airflow/.local/lib/python3.9/site-packages/airflow/example_dags/example_setup_teardown_taskflow.py
[2024-04-21T20:04:22.484+0000] {processor.py:840} INFO - DAG(s) 'example_setup_teardown_taskflow' retrieved from /home/airflow/.local/lib/python3.9/site-packages/airflow/example_dags/example_setup_teardown_taskflow.py
[2024-04-21T20:04:22.568+0000] {logging_mixin.py:188} INFO - [2024-04-21T20:04:22.568+0000] {dag.py:3047} INFO - Sync 1 DAGs
[2024-04-21T20:04:22.599+0000] {logging_mixin.py:188} INFO - [2024-04-21T20:04:22.599+0000] {dag.py:3834} INFO - Setting next_dagrun for example_setup_teardown_taskflow to 2024-04-20 00:00:00+00:00, run_after=2024-04-21 00:00:00+00:00
[2024-04-21T20:04:22.640+0000] {processor.py:183} INFO - Processing /home/airflow/.local/lib/python3.9/site-packages/airflow/example_dags/example_setup_teardown_taskflow.py took 0.177 seconds
[2024-04-21T20:04:53.847+0000] {processor.py:161} INFO - Started process (PID=411) to work on /home/airflow/.local/lib/python3.9/site-packages/airflow/example_dags/example_setup_teardown_taskflow.py
[2024-04-21T20:04:53.849+0000] {processor.py:830} INFO - Processing file /home/airflow/.local/lib/python3.9/site-packages/airflow/example_dags/example_setup_teardown_taskflow.py for tasks to queue
[2024-04-21T20:04:53.851+0000] {logging_mixin.py:188} INFO - [2024-04-21T20:04:53.851+0000] {dagbag.py:540} INFO - Filling up the DagBag from /home/airflow/.local/lib/python3.9/site-packages/airflow/example_dags/example_setup_teardown_taskflow.py
[2024-04-21T20:04:53.865+0000] {processor.py:840} INFO - DAG(s) 'example_setup_teardown_taskflow' retrieved from /home/airflow/.local/lib/python3.9/site-packages/airflow/example_dags/example_setup_teardown_taskflow.py
[2024-04-21T20:04:53.930+0000] {logging_mixin.py:188} INFO - [2024-04-21T20:04:53.930+0000] {dag.py:3047} INFO - Sync 1 DAGs
[2024-04-21T20:04:53.957+0000] {logging_mixin.py:188} INFO - [2024-04-21T20:04:53.956+0000] {dag.py:3834} INFO - Setting next_dagrun for example_setup_teardown_taskflow to 2024-04-20 00:00:00+00:00, run_after=2024-04-21 00:00:00+00:00
[2024-04-21T20:04:53.996+0000] {processor.py:183} INFO - Processing /home/airflow/.local/lib/python3.9/site-packages/airflow/example_dags/example_setup_teardown_taskflow.py took 0.154 seconds
[2024-04-21T20:05:24.286+0000] {processor.py:161} INFO - Started process (PID=468) to work on /home/airflow/.local/lib/python3.9/site-packages/airflow/example_dags/example_setup_teardown_taskflow.py
[2024-04-21T20:05:24.288+0000] {processor.py:830} INFO - Processing file /home/airflow/.local/lib/python3.9/site-packages/airflow/example_dags/example_setup_teardown_taskflow.py for tasks to queue
[2024-04-21T20:05:24.290+0000] {logging_mixin.py:188} INFO - [2024-04-21T20:05:24.289+0000] {dagbag.py:540} INFO - Filling up the DagBag from /home/airflow/.local/lib/python3.9/site-packages/airflow/example_dags/example_setup_teardown_taskflow.py
[2024-04-21T20:05:24.310+0000] {processor.py:840} INFO - DAG(s) 'example_setup_teardown_taskflow' retrieved from /home/airflow/.local/lib/python3.9/site-packages/airflow/example_dags/example_setup_teardown_taskflow.py
[2024-04-21T20:05:24.421+0000] {logging_mixin.py:188} INFO - [2024-04-21T20:05:24.420+0000] {dag.py:3047} INFO - Sync 1 DAGs
[2024-04-21T20:05:24.458+0000] {logging_mixin.py:188} INFO - [2024-04-21T20:05:24.457+0000] {dag.py:3834} INFO - Setting next_dagrun for example_setup_teardown_taskflow to 2024-04-20 00:00:00+00:00, run_after=2024-04-21 00:00:00+00:00
[2024-04-21T20:05:24.515+0000] {processor.py:183} INFO - Processing /home/airflow/.local/lib/python3.9/site-packages/airflow/example_dags/example_setup_teardown_taskflow.py took 0.235 seconds
[2024-04-21T20:05:56.867+0000] {processor.py:161} INFO - Started process (PID=526) to work on /home/airflow/.local/lib/python3.9/site-packages/airflow/example_dags/example_setup_teardown_taskflow.py
[2024-04-21T20:05:56.869+0000] {processor.py:830} INFO - Processing file /home/airflow/.local/lib/python3.9/site-packages/airflow/example_dags/example_setup_teardown_taskflow.py for tasks to queue
[2024-04-21T20:05:56.871+0000] {logging_mixin.py:188} INFO - [2024-04-21T20:05:56.870+0000] {dagbag.py:540} INFO - Filling up the DagBag from /home/airflow/.local/lib/python3.9/site-packages/airflow/example_dags/example_setup_teardown_taskflow.py
[2024-04-21T20:05:56.888+0000] {processor.py:840} INFO - DAG(s) 'example_setup_teardown_taskflow' retrieved from /home/airflow/.local/lib/python3.9/site-packages/airflow/example_dags/example_setup_teardown_taskflow.py
[2024-04-21T20:05:57.017+0000] {logging_mixin.py:188} INFO - [2024-04-21T20:05:57.017+0000] {dag.py:3047} INFO - Sync 1 DAGs
[2024-04-21T20:05:57.056+0000] {logging_mixin.py:188} INFO - [2024-04-21T20:05:57.056+0000] {dag.py:3834} INFO - Setting next_dagrun for example_setup_teardown_taskflow to 2024-04-20 00:00:00+00:00, run_after=2024-04-21 00:00:00+00:00
[2024-04-21T20:05:57.106+0000] {processor.py:183} INFO - Processing /home/airflow/.local/lib/python3.9/site-packages/airflow/example_dags/example_setup_teardown_taskflow.py took 0.246 seconds
[2024-04-21T20:06:49.624+0000] {processor.py:161} INFO - Started process (PID=589) to work on /home/airflow/.local/lib/python3.9/site-packages/airflow/example_dags/example_setup_teardown_taskflow.py
[2024-04-21T20:06:49.626+0000] {processor.py:830} INFO - Processing file /home/airflow/.local/lib/python3.9/site-packages/airflow/example_dags/example_setup_teardown_taskflow.py for tasks to queue
[2024-04-21T20:06:49.627+0000] {logging_mixin.py:188} INFO - [2024-04-21T20:06:49.627+0000] {dagbag.py:540} INFO - Filling up the DagBag from /home/airflow/.local/lib/python3.9/site-packages/airflow/example_dags/example_setup_teardown_taskflow.py
[2024-04-21T20:06:49.637+0000] {processor.py:840} INFO - DAG(s) 'example_setup_teardown_taskflow' retrieved from /home/airflow/.local/lib/python3.9/site-packages/airflow/example_dags/example_setup_teardown_taskflow.py
[2024-04-21T20:06:49.697+0000] {logging_mixin.py:188} INFO - [2024-04-21T20:06:49.697+0000] {dag.py:3047} INFO - Sync 1 DAGs
[2024-04-21T20:06:49.720+0000] {logging_mixin.py:188} INFO - [2024-04-21T20:06:49.719+0000] {dag.py:3834} INFO - Setting next_dagrun for example_setup_teardown_taskflow to 2024-04-20 00:00:00+00:00, run_after=2024-04-21 00:00:00+00:00
[2024-04-21T20:06:49.763+0000] {processor.py:183} INFO - Processing /home/airflow/.local/lib/python3.9/site-packages/airflow/example_dags/example_setup_teardown_taskflow.py took 0.142 seconds
[2024-04-21T20:07:20.953+0000] {processor.py:161} INFO - Started process (PID=647) to work on /home/airflow/.local/lib/python3.9/site-packages/airflow/example_dags/example_setup_teardown_taskflow.py
[2024-04-21T20:07:20.955+0000] {processor.py:830} INFO - Processing file /home/airflow/.local/lib/python3.9/site-packages/airflow/example_dags/example_setup_teardown_taskflow.py for tasks to queue
[2024-04-21T20:07:20.956+0000] {logging_mixin.py:188} INFO - [2024-04-21T20:07:20.956+0000] {dagbag.py:540} INFO - Filling up the DagBag from /home/airflow/.local/lib/python3.9/site-packages/airflow/example_dags/example_setup_teardown_taskflow.py
[2024-04-21T20:07:20.970+0000] {processor.py:840} INFO - DAG(s) 'example_setup_teardown_taskflow' retrieved from /home/airflow/.local/lib/python3.9/site-packages/airflow/example_dags/example_setup_teardown_taskflow.py
[2024-04-21T20:07:21.053+0000] {logging_mixin.py:188} INFO - [2024-04-21T20:07:21.053+0000] {dag.py:3047} INFO - Sync 1 DAGs
[2024-04-21T20:07:21.087+0000] {logging_mixin.py:188} INFO - [2024-04-21T20:07:21.087+0000] {dag.py:3834} INFO - Setting next_dagrun for example_setup_teardown_taskflow to 2024-04-20 00:00:00+00:00, run_after=2024-04-21 00:00:00+00:00
[2024-04-21T20:07:21.137+0000] {processor.py:183} INFO - Processing /home/airflow/.local/lib/python3.9/site-packages/airflow/example_dags/example_setup_teardown_taskflow.py took 0.188 seconds
[2024-04-21T20:07:52.069+0000] {processor.py:161} INFO - Started process (PID=703) to work on /home/airflow/.local/lib/python3.9/site-packages/airflow/example_dags/example_setup_teardown_taskflow.py
[2024-04-21T20:07:52.071+0000] {processor.py:830} INFO - Processing file /home/airflow/.local/lib/python3.9/site-packages/airflow/example_dags/example_setup_teardown_taskflow.py for tasks to queue
[2024-04-21T20:07:52.073+0000] {logging_mixin.py:188} INFO - [2024-04-21T20:07:52.072+0000] {dagbag.py:540} INFO - Filling up the DagBag from /home/airflow/.local/lib/python3.9/site-packages/airflow/example_dags/example_setup_teardown_taskflow.py
[2024-04-21T20:07:52.085+0000] {processor.py:840} INFO - DAG(s) 'example_setup_teardown_taskflow' retrieved from /home/airflow/.local/lib/python3.9/site-packages/airflow/example_dags/example_setup_teardown_taskflow.py
[2024-04-21T20:07:52.180+0000] {logging_mixin.py:188} INFO - [2024-04-21T20:07:52.179+0000] {dag.py:3047} INFO - Sync 1 DAGs
[2024-04-21T20:07:52.211+0000] {logging_mixin.py:188} INFO - [2024-04-21T20:07:52.210+0000] {dag.py:3834} INFO - Setting next_dagrun for example_setup_teardown_taskflow to 2024-04-20 00:00:00+00:00, run_after=2024-04-21 00:00:00+00:00
[2024-04-21T20:07:52.256+0000] {processor.py:183} INFO - Processing /home/airflow/.local/lib/python3.9/site-packages/airflow/example_dags/example_setup_teardown_taskflow.py took 0.190 seconds
[2024-04-21T20:08:24.014+0000] {processor.py:161} INFO - Started process (PID=759) to work on /home/airflow/.local/lib/python3.9/site-packages/airflow/example_dags/example_setup_teardown_taskflow.py
[2024-04-21T20:08:24.015+0000] {processor.py:830} INFO - Processing file /home/airflow/.local/lib/python3.9/site-packages/airflow/example_dags/example_setup_teardown_taskflow.py for tasks to queue
[2024-04-21T20:08:24.017+0000] {logging_mixin.py:188} INFO - [2024-04-21T20:08:24.016+0000] {dagbag.py:540} INFO - Filling up the DagBag from /home/airflow/.local/lib/python3.9/site-packages/airflow/example_dags/example_setup_teardown_taskflow.py
[2024-04-21T20:08:24.028+0000] {processor.py:840} INFO - DAG(s) 'example_setup_teardown_taskflow' retrieved from /home/airflow/.local/lib/python3.9/site-packages/airflow/example_dags/example_setup_teardown_taskflow.py
[2024-04-21T20:08:24.124+0000] {logging_mixin.py:188} INFO - [2024-04-21T20:08:24.123+0000] {dag.py:3047} INFO - Sync 1 DAGs
[2024-04-21T20:08:24.163+0000] {logging_mixin.py:188} INFO - [2024-04-21T20:08:24.162+0000] {dag.py:3834} INFO - Setting next_dagrun for example_setup_teardown_taskflow to 2024-04-20 00:00:00+00:00, run_after=2024-04-21 00:00:00+00:00
[2024-04-21T20:08:24.212+0000] {processor.py:183} INFO - Processing /home/airflow/.local/lib/python3.9/site-packages/airflow/example_dags/example_setup_teardown_taskflow.py took 0.202 seconds
[2024-04-21T20:10:06.478+0000] {processor.py:161} INFO - Started process (PID=831) to work on /home/airflow/.local/lib/python3.9/site-packages/airflow/example_dags/example_setup_teardown_taskflow.py
[2024-04-21T20:10:06.479+0000] {processor.py:830} INFO - Processing file /home/airflow/.local/lib/python3.9/site-packages/airflow/example_dags/example_setup_teardown_taskflow.py for tasks to queue
[2024-04-21T20:10:06.481+0000] {logging_mixin.py:188} INFO - [2024-04-21T20:10:06.481+0000] {dagbag.py:540} INFO - Filling up the DagBag from /home/airflow/.local/lib/python3.9/site-packages/airflow/example_dags/example_setup_teardown_taskflow.py
[2024-04-21T20:10:06.492+0000] {processor.py:840} INFO - DAG(s) 'example_setup_teardown_taskflow' retrieved from /home/airflow/.local/lib/python3.9/site-packages/airflow/example_dags/example_setup_teardown_taskflow.py
[2024-04-21T20:10:06.649+0000] {logging_mixin.py:188} INFO - [2024-04-21T20:10:06.649+0000] {dag.py:3047} INFO - Sync 1 DAGs
[2024-04-21T20:10:06.687+0000] {logging_mixin.py:188} INFO - [2024-04-21T20:10:06.687+0000] {dag.py:3834} INFO - Setting next_dagrun for example_setup_teardown_taskflow to 2024-04-20 00:00:00+00:00, run_after=2024-04-21 00:00:00+00:00
[2024-04-21T20:10:06.737+0000] {processor.py:183} INFO - Processing /home/airflow/.local/lib/python3.9/site-packages/airflow/example_dags/example_setup_teardown_taskflow.py took 0.262 seconds
[2024-04-21T20:10:37.746+0000] {processor.py:161} INFO - Started process (PID=887) to work on /home/airflow/.local/lib/python3.9/site-packages/airflow/example_dags/example_setup_teardown_taskflow.py
[2024-04-21T20:10:37.747+0000] {processor.py:830} INFO - Processing file /home/airflow/.local/lib/python3.9/site-packages/airflow/example_dags/example_setup_teardown_taskflow.py for tasks to queue
[2024-04-21T20:10:37.749+0000] {logging_mixin.py:188} INFO - [2024-04-21T20:10:37.749+0000] {dagbag.py:540} INFO - Filling up the DagBag from /home/airflow/.local/lib/python3.9/site-packages/airflow/example_dags/example_setup_teardown_taskflow.py
[2024-04-21T20:10:37.761+0000] {processor.py:840} INFO - DAG(s) 'example_setup_teardown_taskflow' retrieved from /home/airflow/.local/lib/python3.9/site-packages/airflow/example_dags/example_setup_teardown_taskflow.py
[2024-04-21T20:10:37.824+0000] {logging_mixin.py:188} INFO - [2024-04-21T20:10:37.823+0000] {dag.py:3047} INFO - Sync 1 DAGs
[2024-04-21T20:10:37.868+0000] {logging_mixin.py:188} INFO - [2024-04-21T20:10:37.868+0000] {dag.py:3834} INFO - Setting next_dagrun for example_setup_teardown_taskflow to 2024-04-20 00:00:00+00:00, run_after=2024-04-21 00:00:00+00:00
[2024-04-21T20:10:37.914+0000] {processor.py:183} INFO - Processing /home/airflow/.local/lib/python3.9/site-packages/airflow/example_dags/example_setup_teardown_taskflow.py took 0.170 seconds
[2024-04-21T20:11:08.116+0000] {processor.py:161} INFO - Started process (PID=946) to work on /home/airflow/.local/lib/python3.9/site-packages/airflow/example_dags/example_setup_teardown_taskflow.py
[2024-04-21T20:11:08.117+0000] {processor.py:830} INFO - Processing file /home/airflow/.local/lib/python3.9/site-packages/airflow/example_dags/example_setup_teardown_taskflow.py for tasks to queue
[2024-04-21T20:11:08.119+0000] {logging_mixin.py:188} INFO - [2024-04-21T20:11:08.118+0000] {dagbag.py:540} INFO - Filling up the DagBag from /home/airflow/.local/lib/python3.9/site-packages/airflow/example_dags/example_setup_teardown_taskflow.py
[2024-04-21T20:11:08.127+0000] {processor.py:840} INFO - DAG(s) 'example_setup_teardown_taskflow' retrieved from /home/airflow/.local/lib/python3.9/site-packages/airflow/example_dags/example_setup_teardown_taskflow.py
[2024-04-21T20:11:08.183+0000] {logging_mixin.py:188} INFO - [2024-04-21T20:11:08.182+0000] {dag.py:3047} INFO - Sync 1 DAGs
[2024-04-21T20:11:08.203+0000] {logging_mixin.py:188} INFO - [2024-04-21T20:11:08.203+0000] {dag.py:3834} INFO - Setting next_dagrun for example_setup_teardown_taskflow to 2024-04-20 00:00:00+00:00, run_after=2024-04-21 00:00:00+00:00
[2024-04-21T20:11:08.238+0000] {processor.py:183} INFO - Processing /home/airflow/.local/lib/python3.9/site-packages/airflow/example_dags/example_setup_teardown_taskflow.py took 0.125 seconds
[2024-04-21T20:14:25.096+0000] {processor.py:161} INFO - Started process (PID=75) to work on /home/airflow/.local/lib/python3.9/site-packages/airflow/example_dags/example_setup_teardown_taskflow.py
[2024-04-21T20:14:25.098+0000] {processor.py:830} INFO - Processing file /home/airflow/.local/lib/python3.9/site-packages/airflow/example_dags/example_setup_teardown_taskflow.py for tasks to queue
[2024-04-21T20:14:25.100+0000] {logging_mixin.py:188} INFO - [2024-04-21T20:14:25.100+0000] {dagbag.py:540} INFO - Filling up the DagBag from /home/airflow/.local/lib/python3.9/site-packages/airflow/example_dags/example_setup_teardown_taskflow.py
[2024-04-21T20:14:25.110+0000] {processor.py:840} INFO - DAG(s) 'example_setup_teardown_taskflow' retrieved from /home/airflow/.local/lib/python3.9/site-packages/airflow/example_dags/example_setup_teardown_taskflow.py
[2024-04-21T20:14:25.319+0000] {logging_mixin.py:188} INFO - [2024-04-21T20:14:25.319+0000] {dag.py:3047} INFO - Sync 1 DAGs
[2024-04-21T20:14:25.352+0000] {logging_mixin.py:188} INFO - [2024-04-21T20:14:25.351+0000] {dag.py:3834} INFO - Setting next_dagrun for example_setup_teardown_taskflow to 2024-04-20 00:00:00+00:00, run_after=2024-04-21 00:00:00+00:00
[2024-04-21T20:14:25.393+0000] {processor.py:183} INFO - Processing /home/airflow/.local/lib/python3.9/site-packages/airflow/example_dags/example_setup_teardown_taskflow.py took 0.300 seconds
[2024-04-21T20:14:56.148+0000] {processor.py:161} INFO - Started process (PID=133) to work on /home/airflow/.local/lib/python3.9/site-packages/airflow/example_dags/example_setup_teardown_taskflow.py
[2024-04-21T20:14:56.149+0000] {processor.py:830} INFO - Processing file /home/airflow/.local/lib/python3.9/site-packages/airflow/example_dags/example_setup_teardown_taskflow.py for tasks to queue
[2024-04-21T20:14:56.151+0000] {logging_mixin.py:188} INFO - [2024-04-21T20:14:56.151+0000] {dagbag.py:540} INFO - Filling up the DagBag from /home/airflow/.local/lib/python3.9/site-packages/airflow/example_dags/example_setup_teardown_taskflow.py
[2024-04-21T20:14:56.161+0000] {processor.py:840} INFO - DAG(s) 'example_setup_teardown_taskflow' retrieved from /home/airflow/.local/lib/python3.9/site-packages/airflow/example_dags/example_setup_teardown_taskflow.py
[2024-04-21T20:14:56.217+0000] {logging_mixin.py:188} INFO - [2024-04-21T20:14:56.217+0000] {dag.py:3047} INFO - Sync 1 DAGs
[2024-04-21T20:14:56.241+0000] {logging_mixin.py:188} INFO - [2024-04-21T20:14:56.241+0000] {dag.py:3834} INFO - Setting next_dagrun for example_setup_teardown_taskflow to 2024-04-20 00:00:00+00:00, run_after=2024-04-21 00:00:00+00:00
[2024-04-21T20:14:56.274+0000] {processor.py:183} INFO - Processing /home/airflow/.local/lib/python3.9/site-packages/airflow/example_dags/example_setup_teardown_taskflow.py took 0.130 seconds
[2024-04-21T20:15:26.331+0000] {processor.py:161} INFO - Started process (PID=189) to work on /home/airflow/.local/lib/python3.9/site-packages/airflow/example_dags/example_setup_teardown_taskflow.py
[2024-04-21T20:15:26.333+0000] {processor.py:830} INFO - Processing file /home/airflow/.local/lib/python3.9/site-packages/airflow/example_dags/example_setup_teardown_taskflow.py for tasks to queue
[2024-04-21T20:15:26.336+0000] {logging_mixin.py:188} INFO - [2024-04-21T20:15:26.336+0000] {dagbag.py:540} INFO - Filling up the DagBag from /home/airflow/.local/lib/python3.9/site-packages/airflow/example_dags/example_setup_teardown_taskflow.py
[2024-04-21T20:15:26.349+0000] {processor.py:840} INFO - DAG(s) 'example_setup_teardown_taskflow' retrieved from /home/airflow/.local/lib/python3.9/site-packages/airflow/example_dags/example_setup_teardown_taskflow.py
[2024-04-21T20:15:26.417+0000] {logging_mixin.py:188} INFO - [2024-04-21T20:15:26.416+0000] {dag.py:3047} INFO - Sync 1 DAGs
[2024-04-21T20:15:26.449+0000] {logging_mixin.py:188} INFO - [2024-04-21T20:15:26.449+0000] {dag.py:3834} INFO - Setting next_dagrun for example_setup_teardown_taskflow to 2024-04-20 00:00:00+00:00, run_after=2024-04-21 00:00:00+00:00
[2024-04-21T20:15:26.497+0000] {processor.py:183} INFO - Processing /home/airflow/.local/lib/python3.9/site-packages/airflow/example_dags/example_setup_teardown_taskflow.py took 0.170 seconds
[2024-04-21T20:16:19.261+0000] {processor.py:161} INFO - Started process (PID=75) to work on /home/airflow/.local/lib/python3.9/site-packages/airflow/example_dags/example_setup_teardown_taskflow.py
[2024-04-21T20:16:19.263+0000] {processor.py:830} INFO - Processing file /home/airflow/.local/lib/python3.9/site-packages/airflow/example_dags/example_setup_teardown_taskflow.py for tasks to queue
[2024-04-21T20:16:19.265+0000] {logging_mixin.py:188} INFO - [2024-04-21T20:16:19.265+0000] {dagbag.py:540} INFO - Filling up the DagBag from /home/airflow/.local/lib/python3.9/site-packages/airflow/example_dags/example_setup_teardown_taskflow.py
[2024-04-21T20:16:19.276+0000] {processor.py:840} INFO - DAG(s) 'example_setup_teardown_taskflow' retrieved from /home/airflow/.local/lib/python3.9/site-packages/airflow/example_dags/example_setup_teardown_taskflow.py
[2024-04-21T20:16:19.338+0000] {logging_mixin.py:188} INFO - [2024-04-21T20:16:19.337+0000] {dag.py:3047} INFO - Sync 1 DAGs
[2024-04-21T20:16:19.360+0000] {logging_mixin.py:188} INFO - [2024-04-21T20:16:19.360+0000] {dag.py:3834} INFO - Setting next_dagrun for example_setup_teardown_taskflow to 2024-04-20 00:00:00+00:00, run_after=2024-04-21 00:00:00+00:00
[2024-04-21T20:16:19.392+0000] {processor.py:183} INFO - Processing /home/airflow/.local/lib/python3.9/site-packages/airflow/example_dags/example_setup_teardown_taskflow.py took 0.133 seconds
[2024-04-21T20:16:49.900+0000] {processor.py:161} INFO - Started process (PID=131) to work on /home/airflow/.local/lib/python3.9/site-packages/airflow/example_dags/example_setup_teardown_taskflow.py
[2024-04-21T20:16:49.902+0000] {processor.py:830} INFO - Processing file /home/airflow/.local/lib/python3.9/site-packages/airflow/example_dags/example_setup_teardown_taskflow.py for tasks to queue
[2024-04-21T20:16:49.904+0000] {logging_mixin.py:188} INFO - [2024-04-21T20:16:49.903+0000] {dagbag.py:540} INFO - Filling up the DagBag from /home/airflow/.local/lib/python3.9/site-packages/airflow/example_dags/example_setup_teardown_taskflow.py
[2024-04-21T20:16:49.914+0000] {processor.py:840} INFO - DAG(s) 'example_setup_teardown_taskflow' retrieved from /home/airflow/.local/lib/python3.9/site-packages/airflow/example_dags/example_setup_teardown_taskflow.py
[2024-04-21T20:16:49.968+0000] {logging_mixin.py:188} INFO - [2024-04-21T20:16:49.968+0000] {dag.py:3047} INFO - Sync 1 DAGs
[2024-04-21T20:16:49.992+0000] {logging_mixin.py:188} INFO - [2024-04-21T20:16:49.992+0000] {dag.py:3834} INFO - Setting next_dagrun for example_setup_teardown_taskflow to 2024-04-20 00:00:00+00:00, run_after=2024-04-21 00:00:00+00:00
[2024-04-21T20:16:50.025+0000] {processor.py:183} INFO - Processing /home/airflow/.local/lib/python3.9/site-packages/airflow/example_dags/example_setup_teardown_taskflow.py took 0.128 seconds
[2024-04-21T20:17:20.127+0000] {processor.py:161} INFO - Started process (PID=188) to work on /home/airflow/.local/lib/python3.9/site-packages/airflow/example_dags/example_setup_teardown_taskflow.py
[2024-04-21T20:17:20.128+0000] {processor.py:830} INFO - Processing file /home/airflow/.local/lib/python3.9/site-packages/airflow/example_dags/example_setup_teardown_taskflow.py for tasks to queue
[2024-04-21T20:17:20.130+0000] {logging_mixin.py:188} INFO - [2024-04-21T20:17:20.130+0000] {dagbag.py:540} INFO - Filling up the DagBag from /home/airflow/.local/lib/python3.9/site-packages/airflow/example_dags/example_setup_teardown_taskflow.py
[2024-04-21T20:17:20.140+0000] {processor.py:840} INFO - DAG(s) 'example_setup_teardown_taskflow' retrieved from /home/airflow/.local/lib/python3.9/site-packages/airflow/example_dags/example_setup_teardown_taskflow.py
[2024-04-21T20:17:20.195+0000] {logging_mixin.py:188} INFO - [2024-04-21T20:17:20.195+0000] {dag.py:3047} INFO - Sync 1 DAGs
[2024-04-21T20:17:20.218+0000] {logging_mixin.py:188} INFO - [2024-04-21T20:17:20.217+0000] {dag.py:3834} INFO - Setting next_dagrun for example_setup_teardown_taskflow to 2024-04-20 00:00:00+00:00, run_after=2024-04-21 00:00:00+00:00
[2024-04-21T20:17:20.251+0000] {processor.py:183} INFO - Processing /home/airflow/.local/lib/python3.9/site-packages/airflow/example_dags/example_setup_teardown_taskflow.py took 0.127 seconds
[2024-04-21T20:17:50.732+0000] {processor.py:161} INFO - Started process (PID=245) to work on /home/airflow/.local/lib/python3.9/site-packages/airflow/example_dags/example_setup_teardown_taskflow.py
[2024-04-21T20:17:50.734+0000] {processor.py:830} INFO - Processing file /home/airflow/.local/lib/python3.9/site-packages/airflow/example_dags/example_setup_teardown_taskflow.py for tasks to queue
[2024-04-21T20:17:50.736+0000] {logging_mixin.py:188} INFO - [2024-04-21T20:17:50.736+0000] {dagbag.py:540} INFO - Filling up the DagBag from /home/airflow/.local/lib/python3.9/site-packages/airflow/example_dags/example_setup_teardown_taskflow.py
[2024-04-21T20:17:50.747+0000] {processor.py:840} INFO - DAG(s) 'example_setup_teardown_taskflow' retrieved from /home/airflow/.local/lib/python3.9/site-packages/airflow/example_dags/example_setup_teardown_taskflow.py
[2024-04-21T20:17:50.800+0000] {logging_mixin.py:188} INFO - [2024-04-21T20:17:50.799+0000] {dag.py:3047} INFO - Sync 1 DAGs
[2024-04-21T20:17:50.824+0000] {logging_mixin.py:188} INFO - [2024-04-21T20:17:50.824+0000] {dag.py:3834} INFO - Setting next_dagrun for example_setup_teardown_taskflow to 2024-04-20 00:00:00+00:00, run_after=2024-04-21 00:00:00+00:00
[2024-04-21T20:17:50.862+0000] {processor.py:183} INFO - Processing /home/airflow/.local/lib/python3.9/site-packages/airflow/example_dags/example_setup_teardown_taskflow.py took 0.133 seconds
[2024-04-21T20:18:21.771+0000] {processor.py:161} INFO - Started process (PID=302) to work on /home/airflow/.local/lib/python3.9/site-packages/airflow/example_dags/example_setup_teardown_taskflow.py
[2024-04-21T20:18:21.774+0000] {processor.py:830} INFO - Processing file /home/airflow/.local/lib/python3.9/site-packages/airflow/example_dags/example_setup_teardown_taskflow.py for tasks to queue
[2024-04-21T20:18:21.776+0000] {logging_mixin.py:188} INFO - [2024-04-21T20:18:21.776+0000] {dagbag.py:540} INFO - Filling up the DagBag from /home/airflow/.local/lib/python3.9/site-packages/airflow/example_dags/example_setup_teardown_taskflow.py
[2024-04-21T20:18:21.791+0000] {processor.py:840} INFO - DAG(s) 'example_setup_teardown_taskflow' retrieved from /home/airflow/.local/lib/python3.9/site-packages/airflow/example_dags/example_setup_teardown_taskflow.py
[2024-04-21T20:18:21.879+0000] {logging_mixin.py:188} INFO - [2024-04-21T20:18:21.879+0000] {dag.py:3047} INFO - Sync 1 DAGs
[2024-04-21T20:18:21.907+0000] {logging_mixin.py:188} INFO - [2024-04-21T20:18:21.907+0000] {dag.py:3834} INFO - Setting next_dagrun for example_setup_teardown_taskflow to 2024-04-20 00:00:00+00:00, run_after=2024-04-21 00:00:00+00:00
[2024-04-21T20:18:21.947+0000] {processor.py:183} INFO - Processing /home/airflow/.local/lib/python3.9/site-packages/airflow/example_dags/example_setup_teardown_taskflow.py took 0.180 seconds
[2024-04-21T20:18:53.704+0000] {processor.py:161} INFO - Started process (PID=359) to work on /home/airflow/.local/lib/python3.9/site-packages/airflow/example_dags/example_setup_teardown_taskflow.py
[2024-04-21T20:18:53.706+0000] {processor.py:830} INFO - Processing file /home/airflow/.local/lib/python3.9/site-packages/airflow/example_dags/example_setup_teardown_taskflow.py for tasks to queue
[2024-04-21T20:18:53.709+0000] {logging_mixin.py:188} INFO - [2024-04-21T20:18:53.708+0000] {dagbag.py:540} INFO - Filling up the DagBag from /home/airflow/.local/lib/python3.9/site-packages/airflow/example_dags/example_setup_teardown_taskflow.py
[2024-04-21T20:18:53.720+0000] {processor.py:840} INFO - DAG(s) 'example_setup_teardown_taskflow' retrieved from /home/airflow/.local/lib/python3.9/site-packages/airflow/example_dags/example_setup_teardown_taskflow.py
[2024-04-21T20:18:53.788+0000] {logging_mixin.py:188} INFO - [2024-04-21T20:18:53.788+0000] {dag.py:3047} INFO - Sync 1 DAGs
[2024-04-21T20:18:53.823+0000] {logging_mixin.py:188} INFO - [2024-04-21T20:18:53.823+0000] {dag.py:3834} INFO - Setting next_dagrun for example_setup_teardown_taskflow to 2024-04-20 00:00:00+00:00, run_after=2024-04-21 00:00:00+00:00
[2024-04-21T20:18:53.861+0000] {processor.py:183} INFO - Processing /home/airflow/.local/lib/python3.9/site-packages/airflow/example_dags/example_setup_teardown_taskflow.py took 0.160 seconds
[2024-04-21T20:32:57.654+0000] {processor.py:161} INFO - Started process (PID=77) to work on /home/airflow/.local/lib/python3.9/site-packages/airflow/example_dags/example_setup_teardown_taskflow.py
[2024-04-21T20:32:57.655+0000] {processor.py:830} INFO - Processing file /home/airflow/.local/lib/python3.9/site-packages/airflow/example_dags/example_setup_teardown_taskflow.py for tasks to queue
[2024-04-21T20:32:57.658+0000] {logging_mixin.py:188} INFO - [2024-04-21T20:32:57.657+0000] {dagbag.py:540} INFO - Filling up the DagBag from /home/airflow/.local/lib/python3.9/site-packages/airflow/example_dags/example_setup_teardown_taskflow.py
[2024-04-21T20:32:57.667+0000] {processor.py:840} INFO - DAG(s) 'example_setup_teardown_taskflow' retrieved from /home/airflow/.local/lib/python3.9/site-packages/airflow/example_dags/example_setup_teardown_taskflow.py
[2024-04-21T20:32:57.825+0000] {logging_mixin.py:188} INFO - [2024-04-21T20:32:57.824+0000] {dag.py:3047} INFO - Sync 1 DAGs
[2024-04-21T20:32:57.848+0000] {logging_mixin.py:188} INFO - [2024-04-21T20:32:57.848+0000] {dag.py:3834} INFO - Setting next_dagrun for example_setup_teardown_taskflow to 2024-04-20 00:00:00+00:00, run_after=2024-04-21 00:00:00+00:00
[2024-04-21T20:32:57.887+0000] {processor.py:183} INFO - Processing /home/airflow/.local/lib/python3.9/site-packages/airflow/example_dags/example_setup_teardown_taskflow.py took 0.237 seconds
[2024-04-21T20:33:24.756+0000] {processor.py:161} INFO - Started process (PID=75) to work on /home/airflow/.local/lib/python3.9/site-packages/airflow/example_dags/example_setup_teardown_taskflow.py
[2024-04-21T20:33:24.757+0000] {processor.py:830} INFO - Processing file /home/airflow/.local/lib/python3.9/site-packages/airflow/example_dags/example_setup_teardown_taskflow.py for tasks to queue
[2024-04-21T20:33:24.760+0000] {logging_mixin.py:188} INFO - [2024-04-21T20:33:24.760+0000] {dagbag.py:540} INFO - Filling up the DagBag from /home/airflow/.local/lib/python3.9/site-packages/airflow/example_dags/example_setup_teardown_taskflow.py
[2024-04-21T20:33:24.772+0000] {processor.py:840} INFO - DAG(s) 'example_setup_teardown_taskflow' retrieved from /home/airflow/.local/lib/python3.9/site-packages/airflow/example_dags/example_setup_teardown_taskflow.py
[2024-04-21T20:33:24.826+0000] {logging_mixin.py:188} INFO - [2024-04-21T20:33:24.826+0000] {dag.py:3047} INFO - Sync 1 DAGs
[2024-04-21T20:33:24.853+0000] {logging_mixin.py:188} INFO - [2024-04-21T20:33:24.853+0000] {dag.py:3834} INFO - Setting next_dagrun for example_setup_teardown_taskflow to 2024-04-20 00:00:00+00:00, run_after=2024-04-21 00:00:00+00:00
[2024-04-21T20:33:24.894+0000] {processor.py:183} INFO - Processing /home/airflow/.local/lib/python3.9/site-packages/airflow/example_dags/example_setup_teardown_taskflow.py took 0.141 seconds
[2024-04-21T20:33:55.732+0000] {processor.py:161} INFO - Started process (PID=131) to work on /home/airflow/.local/lib/python3.9/site-packages/airflow/example_dags/example_setup_teardown_taskflow.py
[2024-04-21T20:33:55.734+0000] {processor.py:830} INFO - Processing file /home/airflow/.local/lib/python3.9/site-packages/airflow/example_dags/example_setup_teardown_taskflow.py for tasks to queue
[2024-04-21T20:33:55.735+0000] {logging_mixin.py:188} INFO - [2024-04-21T20:33:55.735+0000] {dagbag.py:540} INFO - Filling up the DagBag from /home/airflow/.local/lib/python3.9/site-packages/airflow/example_dags/example_setup_teardown_taskflow.py
[2024-04-21T20:33:55.746+0000] {processor.py:840} INFO - DAG(s) 'example_setup_teardown_taskflow' retrieved from /home/airflow/.local/lib/python3.9/site-packages/airflow/example_dags/example_setup_teardown_taskflow.py
[2024-04-21T20:33:55.824+0000] {logging_mixin.py:188} INFO - [2024-04-21T20:33:55.824+0000] {dag.py:3047} INFO - Sync 1 DAGs
[2024-04-21T20:33:55.857+0000] {logging_mixin.py:188} INFO - [2024-04-21T20:33:55.856+0000] {dag.py:3834} INFO - Setting next_dagrun for example_setup_teardown_taskflow to 2024-04-20 00:00:00+00:00, run_after=2024-04-21 00:00:00+00:00
[2024-04-21T20:33:55.897+0000] {processor.py:183} INFO - Processing /home/airflow/.local/lib/python3.9/site-packages/airflow/example_dags/example_setup_teardown_taskflow.py took 0.168 seconds
[2024-04-21T20:34:32.550+0000] {processor.py:161} INFO - Started process (PID=75) to work on /home/airflow/.local/lib/python3.9/site-packages/airflow/example_dags/example_setup_teardown_taskflow.py
[2024-04-21T20:34:32.551+0000] {processor.py:830} INFO - Processing file /home/airflow/.local/lib/python3.9/site-packages/airflow/example_dags/example_setup_teardown_taskflow.py for tasks to queue
[2024-04-21T20:34:32.553+0000] {logging_mixin.py:188} INFO - [2024-04-21T20:34:32.553+0000] {dagbag.py:540} INFO - Filling up the DagBag from /home/airflow/.local/lib/python3.9/site-packages/airflow/example_dags/example_setup_teardown_taskflow.py
[2024-04-21T20:34:32.563+0000] {processor.py:840} INFO - DAG(s) 'example_setup_teardown_taskflow' retrieved from /home/airflow/.local/lib/python3.9/site-packages/airflow/example_dags/example_setup_teardown_taskflow.py
[2024-04-21T20:34:32.623+0000] {logging_mixin.py:188} INFO - [2024-04-21T20:34:32.623+0000] {dag.py:3047} INFO - Sync 1 DAGs
[2024-04-21T20:34:32.647+0000] {logging_mixin.py:188} INFO - [2024-04-21T20:34:32.647+0000] {dag.py:3834} INFO - Setting next_dagrun for example_setup_teardown_taskflow to 2024-04-20 00:00:00+00:00, run_after=2024-04-21 00:00:00+00:00
[2024-04-21T20:34:32.680+0000] {processor.py:183} INFO - Processing /home/airflow/.local/lib/python3.9/site-packages/airflow/example_dags/example_setup_teardown_taskflow.py took 0.133 seconds
[2024-04-21T20:35:03.706+0000] {processor.py:161} INFO - Started process (PID=132) to work on /home/airflow/.local/lib/python3.9/site-packages/airflow/example_dags/example_setup_teardown_taskflow.py
[2024-04-21T20:35:03.707+0000] {processor.py:830} INFO - Processing file /home/airflow/.local/lib/python3.9/site-packages/airflow/example_dags/example_setup_teardown_taskflow.py for tasks to queue
[2024-04-21T20:35:03.711+0000] {logging_mixin.py:188} INFO - [2024-04-21T20:35:03.710+0000] {dagbag.py:540} INFO - Filling up the DagBag from /home/airflow/.local/lib/python3.9/site-packages/airflow/example_dags/example_setup_teardown_taskflow.py
[2024-04-21T20:35:03.721+0000] {processor.py:840} INFO - DAG(s) 'example_setup_teardown_taskflow' retrieved from /home/airflow/.local/lib/python3.9/site-packages/airflow/example_dags/example_setup_teardown_taskflow.py
[2024-04-21T20:35:03.819+0000] {logging_mixin.py:188} INFO - [2024-04-21T20:35:03.819+0000] {dag.py:3047} INFO - Sync 1 DAGs
[2024-04-21T20:35:03.844+0000] {logging_mixin.py:188} INFO - [2024-04-21T20:35:03.844+0000] {dag.py:3834} INFO - Setting next_dagrun for example_setup_teardown_taskflow to 2024-04-20 00:00:00+00:00, run_after=2024-04-21 00:00:00+00:00
[2024-04-21T20:35:03.885+0000] {processor.py:183} INFO - Processing /home/airflow/.local/lib/python3.9/site-packages/airflow/example_dags/example_setup_teardown_taskflow.py took 0.182 seconds
[2024-04-21T20:35:34.257+0000] {processor.py:161} INFO - Started process (PID=189) to work on /home/airflow/.local/lib/python3.9/site-packages/airflow/example_dags/example_setup_teardown_taskflow.py
[2024-04-21T20:35:34.259+0000] {processor.py:830} INFO - Processing file /home/airflow/.local/lib/python3.9/site-packages/airflow/example_dags/example_setup_teardown_taskflow.py for tasks to queue
[2024-04-21T20:35:34.261+0000] {logging_mixin.py:188} INFO - [2024-04-21T20:35:34.261+0000] {dagbag.py:540} INFO - Filling up the DagBag from /home/airflow/.local/lib/python3.9/site-packages/airflow/example_dags/example_setup_teardown_taskflow.py
[2024-04-21T20:35:34.271+0000] {processor.py:840} INFO - DAG(s) 'example_setup_teardown_taskflow' retrieved from /home/airflow/.local/lib/python3.9/site-packages/airflow/example_dags/example_setup_teardown_taskflow.py
[2024-04-21T20:35:34.343+0000] {logging_mixin.py:188} INFO - [2024-04-21T20:35:34.342+0000] {dag.py:3047} INFO - Sync 1 DAGs
[2024-04-21T20:35:34.368+0000] {logging_mixin.py:188} INFO - [2024-04-21T20:35:34.367+0000] {dag.py:3834} INFO - Setting next_dagrun for example_setup_teardown_taskflow to 2024-04-20 00:00:00+00:00, run_after=2024-04-21 00:00:00+00:00
[2024-04-21T20:35:34.408+0000] {processor.py:183} INFO - Processing /home/airflow/.local/lib/python3.9/site-packages/airflow/example_dags/example_setup_teardown_taskflow.py took 0.154 seconds
[2024-04-21T20:36:05.300+0000] {processor.py:161} INFO - Started process (PID=246) to work on /home/airflow/.local/lib/python3.9/site-packages/airflow/example_dags/example_setup_teardown_taskflow.py
[2024-04-21T20:36:05.302+0000] {processor.py:830} INFO - Processing file /home/airflow/.local/lib/python3.9/site-packages/airflow/example_dags/example_setup_teardown_taskflow.py for tasks to queue
[2024-04-21T20:36:05.304+0000] {logging_mixin.py:188} INFO - [2024-04-21T20:36:05.304+0000] {dagbag.py:540} INFO - Filling up the DagBag from /home/airflow/.local/lib/python3.9/site-packages/airflow/example_dags/example_setup_teardown_taskflow.py
[2024-04-21T20:36:05.314+0000] {processor.py:840} INFO - DAG(s) 'example_setup_teardown_taskflow' retrieved from /home/airflow/.local/lib/python3.9/site-packages/airflow/example_dags/example_setup_teardown_taskflow.py
[2024-04-21T20:36:05.374+0000] {logging_mixin.py:188} INFO - [2024-04-21T20:36:05.374+0000] {dag.py:3047} INFO - Sync 1 DAGs
[2024-04-21T20:36:05.399+0000] {logging_mixin.py:188} INFO - [2024-04-21T20:36:05.399+0000] {dag.py:3834} INFO - Setting next_dagrun for example_setup_teardown_taskflow to 2024-04-20 00:00:00+00:00, run_after=2024-04-21 00:00:00+00:00
[2024-04-21T20:36:05.433+0000] {processor.py:183} INFO - Processing /home/airflow/.local/lib/python3.9/site-packages/airflow/example_dags/example_setup_teardown_taskflow.py took 0.136 seconds
[2024-04-21T20:36:37.213+0000] {processor.py:161} INFO - Started process (PID=303) to work on /home/airflow/.local/lib/python3.9/site-packages/airflow/example_dags/example_setup_teardown_taskflow.py
[2024-04-21T20:36:37.214+0000] {processor.py:830} INFO - Processing file /home/airflow/.local/lib/python3.9/site-packages/airflow/example_dags/example_setup_teardown_taskflow.py for tasks to queue
[2024-04-21T20:36:37.217+0000] {logging_mixin.py:188} INFO - [2024-04-21T20:36:37.216+0000] {dagbag.py:540} INFO - Filling up the DagBag from /home/airflow/.local/lib/python3.9/site-packages/airflow/example_dags/example_setup_teardown_taskflow.py
[2024-04-21T20:36:37.227+0000] {processor.py:840} INFO - DAG(s) 'example_setup_teardown_taskflow' retrieved from /home/airflow/.local/lib/python3.9/site-packages/airflow/example_dags/example_setup_teardown_taskflow.py
[2024-04-21T20:36:37.297+0000] {logging_mixin.py:188} INFO - [2024-04-21T20:36:37.296+0000] {dag.py:3047} INFO - Sync 1 DAGs
[2024-04-21T20:36:37.332+0000] {logging_mixin.py:188} INFO - [2024-04-21T20:36:37.332+0000] {dag.py:3834} INFO - Setting next_dagrun for example_setup_teardown_taskflow to 2024-04-20 00:00:00+00:00, run_after=2024-04-21 00:00:00+00:00
[2024-04-21T20:36:37.396+0000] {processor.py:183} INFO - Processing /home/airflow/.local/lib/python3.9/site-packages/airflow/example_dags/example_setup_teardown_taskflow.py took 0.187 seconds
[2024-04-21T20:37:07.878+0000] {processor.py:161} INFO - Started process (PID=360) to work on /home/airflow/.local/lib/python3.9/site-packages/airflow/example_dags/example_setup_teardown_taskflow.py
[2024-04-21T20:37:07.880+0000] {processor.py:830} INFO - Processing file /home/airflow/.local/lib/python3.9/site-packages/airflow/example_dags/example_setup_teardown_taskflow.py for tasks to queue
[2024-04-21T20:37:07.882+0000] {logging_mixin.py:188} INFO - [2024-04-21T20:37:07.882+0000] {dagbag.py:540} INFO - Filling up the DagBag from /home/airflow/.local/lib/python3.9/site-packages/airflow/example_dags/example_setup_teardown_taskflow.py
[2024-04-21T20:37:07.892+0000] {processor.py:840} INFO - DAG(s) 'example_setup_teardown_taskflow' retrieved from /home/airflow/.local/lib/python3.9/site-packages/airflow/example_dags/example_setup_teardown_taskflow.py
[2024-04-21T20:37:07.951+0000] {logging_mixin.py:188} INFO - [2024-04-21T20:37:07.950+0000] {dag.py:3047} INFO - Sync 1 DAGs
[2024-04-21T20:37:07.976+0000] {logging_mixin.py:188} INFO - [2024-04-21T20:37:07.976+0000] {dag.py:3834} INFO - Setting next_dagrun for example_setup_teardown_taskflow to 2024-04-20 00:00:00+00:00, run_after=2024-04-21 00:00:00+00:00
[2024-04-21T20:37:08.012+0000] {processor.py:183} INFO - Processing /home/airflow/.local/lib/python3.9/site-packages/airflow/example_dags/example_setup_teardown_taskflow.py took 0.137 seconds
[2024-04-21T20:37:39.016+0000] {processor.py:161} INFO - Started process (PID=416) to work on /home/airflow/.local/lib/python3.9/site-packages/airflow/example_dags/example_setup_teardown_taskflow.py
[2024-04-21T20:37:39.017+0000] {processor.py:830} INFO - Processing file /home/airflow/.local/lib/python3.9/site-packages/airflow/example_dags/example_setup_teardown_taskflow.py for tasks to queue
[2024-04-21T20:37:39.019+0000] {logging_mixin.py:188} INFO - [2024-04-21T20:37:39.019+0000] {dagbag.py:540} INFO - Filling up the DagBag from /home/airflow/.local/lib/python3.9/site-packages/airflow/example_dags/example_setup_teardown_taskflow.py
[2024-04-21T20:37:39.028+0000] {processor.py:840} INFO - DAG(s) 'example_setup_teardown_taskflow' retrieved from /home/airflow/.local/lib/python3.9/site-packages/airflow/example_dags/example_setup_teardown_taskflow.py
[2024-04-21T20:37:39.081+0000] {logging_mixin.py:188} INFO - [2024-04-21T20:37:39.080+0000] {dag.py:3047} INFO - Sync 1 DAGs
[2024-04-21T20:37:39.104+0000] {logging_mixin.py:188} INFO - [2024-04-21T20:37:39.104+0000] {dag.py:3834} INFO - Setting next_dagrun for example_setup_teardown_taskflow to 2024-04-20 00:00:00+00:00, run_after=2024-04-21 00:00:00+00:00
[2024-04-21T20:37:39.133+0000] {processor.py:183} INFO - Processing /home/airflow/.local/lib/python3.9/site-packages/airflow/example_dags/example_setup_teardown_taskflow.py took 0.120 seconds
[2024-04-21T20:38:10.014+0000] {processor.py:161} INFO - Started process (PID=473) to work on /home/airflow/.local/lib/python3.9/site-packages/airflow/example_dags/example_setup_teardown_taskflow.py
[2024-04-21T20:38:10.016+0000] {processor.py:830} INFO - Processing file /home/airflow/.local/lib/python3.9/site-packages/airflow/example_dags/example_setup_teardown_taskflow.py for tasks to queue
[2024-04-21T20:38:10.018+0000] {logging_mixin.py:188} INFO - [2024-04-21T20:38:10.017+0000] {dagbag.py:540} INFO - Filling up the DagBag from /home/airflow/.local/lib/python3.9/site-packages/airflow/example_dags/example_setup_teardown_taskflow.py
[2024-04-21T20:38:10.027+0000] {processor.py:840} INFO - DAG(s) 'example_setup_teardown_taskflow' retrieved from /home/airflow/.local/lib/python3.9/site-packages/airflow/example_dags/example_setup_teardown_taskflow.py
[2024-04-21T20:38:10.081+0000] {logging_mixin.py:188} INFO - [2024-04-21T20:38:10.081+0000] {dag.py:3047} INFO - Sync 1 DAGs
[2024-04-21T20:38:10.103+0000] {logging_mixin.py:188} INFO - [2024-04-21T20:38:10.103+0000] {dag.py:3834} INFO - Setting next_dagrun for example_setup_teardown_taskflow to 2024-04-20 00:00:00+00:00, run_after=2024-04-21 00:00:00+00:00
[2024-04-21T20:38:10.136+0000] {processor.py:183} INFO - Processing /home/airflow/.local/lib/python3.9/site-packages/airflow/example_dags/example_setup_teardown_taskflow.py took 0.125 seconds
[2024-04-21T20:38:42.191+0000] {processor.py:161} INFO - Started process (PID=530) to work on /home/airflow/.local/lib/python3.9/site-packages/airflow/example_dags/example_setup_teardown_taskflow.py
[2024-04-21T20:38:42.192+0000] {processor.py:830} INFO - Processing file /home/airflow/.local/lib/python3.9/site-packages/airflow/example_dags/example_setup_teardown_taskflow.py for tasks to queue
[2024-04-21T20:38:42.194+0000] {logging_mixin.py:188} INFO - [2024-04-21T20:38:42.194+0000] {dagbag.py:540} INFO - Filling up the DagBag from /home/airflow/.local/lib/python3.9/site-packages/airflow/example_dags/example_setup_teardown_taskflow.py
[2024-04-21T20:38:42.203+0000] {processor.py:840} INFO - DAG(s) 'example_setup_teardown_taskflow' retrieved from /home/airflow/.local/lib/python3.9/site-packages/airflow/example_dags/example_setup_teardown_taskflow.py
[2024-04-21T20:38:42.258+0000] {logging_mixin.py:188} INFO - [2024-04-21T20:38:42.258+0000] {dag.py:3047} INFO - Sync 1 DAGs
[2024-04-21T20:38:42.280+0000] {logging_mixin.py:188} INFO - [2024-04-21T20:38:42.280+0000] {dag.py:3834} INFO - Setting next_dagrun for example_setup_teardown_taskflow to 2024-04-20 00:00:00+00:00, run_after=2024-04-21 00:00:00+00:00
[2024-04-21T20:38:42.311+0000] {processor.py:183} INFO - Processing /home/airflow/.local/lib/python3.9/site-packages/airflow/example_dags/example_setup_teardown_taskflow.py took 0.124 seconds
[2024-04-21T20:40:43.685+0000] {processor.py:161} INFO - Started process (PID=619) to work on /home/airflow/.local/lib/python3.9/site-packages/airflow/example_dags/example_setup_teardown_taskflow.py
[2024-04-21T20:40:43.686+0000] {processor.py:830} INFO - Processing file /home/airflow/.local/lib/python3.9/site-packages/airflow/example_dags/example_setup_teardown_taskflow.py for tasks to queue
[2024-04-21T20:40:43.688+0000] {logging_mixin.py:188} INFO - [2024-04-21T20:40:43.688+0000] {dagbag.py:540} INFO - Filling up the DagBag from /home/airflow/.local/lib/python3.9/site-packages/airflow/example_dags/example_setup_teardown_taskflow.py
[2024-04-21T20:40:43.698+0000] {processor.py:840} INFO - DAG(s) 'example_setup_teardown_taskflow' retrieved from /home/airflow/.local/lib/python3.9/site-packages/airflow/example_dags/example_setup_teardown_taskflow.py
[2024-04-21T20:40:43.757+0000] {logging_mixin.py:188} INFO - [2024-04-21T20:40:43.757+0000] {dag.py:3047} INFO - Sync 1 DAGs
[2024-04-21T20:40:43.777+0000] {logging_mixin.py:188} INFO - [2024-04-21T20:40:43.777+0000] {dag.py:3834} INFO - Setting next_dagrun for example_setup_teardown_taskflow to 2024-04-20 00:00:00+00:00, run_after=2024-04-21 00:00:00+00:00
[2024-04-21T20:40:43.809+0000] {processor.py:183} INFO - Processing /home/airflow/.local/lib/python3.9/site-packages/airflow/example_dags/example_setup_teardown_taskflow.py took 0.128 seconds
[2024-04-21T20:41:16.763+0000] {processor.py:161} INFO - Started process (PID=678) to work on /home/airflow/.local/lib/python3.9/site-packages/airflow/example_dags/example_setup_teardown_taskflow.py
[2024-04-21T20:41:16.764+0000] {processor.py:830} INFO - Processing file /home/airflow/.local/lib/python3.9/site-packages/airflow/example_dags/example_setup_teardown_taskflow.py for tasks to queue
[2024-04-21T20:41:16.766+0000] {logging_mixin.py:188} INFO - [2024-04-21T20:41:16.765+0000] {dagbag.py:540} INFO - Filling up the DagBag from /home/airflow/.local/lib/python3.9/site-packages/airflow/example_dags/example_setup_teardown_taskflow.py
[2024-04-21T20:41:16.775+0000] {processor.py:840} INFO - DAG(s) 'example_setup_teardown_taskflow' retrieved from /home/airflow/.local/lib/python3.9/site-packages/airflow/example_dags/example_setup_teardown_taskflow.py
[2024-04-21T20:41:16.838+0000] {logging_mixin.py:188} INFO - [2024-04-21T20:41:16.837+0000] {dag.py:3047} INFO - Sync 1 DAGs
[2024-04-21T20:41:16.859+0000] {logging_mixin.py:188} INFO - [2024-04-21T20:41:16.859+0000] {dag.py:3834} INFO - Setting next_dagrun for example_setup_teardown_taskflow to 2024-04-20 00:00:00+00:00, run_after=2024-04-21 00:00:00+00:00
[2024-04-21T20:41:16.892+0000] {processor.py:183} INFO - Processing /home/airflow/.local/lib/python3.9/site-packages/airflow/example_dags/example_setup_teardown_taskflow.py took 0.133 seconds
[2024-04-21T20:41:46.984+0000] {processor.py:161} INFO - Started process (PID=734) to work on /home/airflow/.local/lib/python3.9/site-packages/airflow/example_dags/example_setup_teardown_taskflow.py
[2024-04-21T20:41:46.986+0000] {processor.py:830} INFO - Processing file /home/airflow/.local/lib/python3.9/site-packages/airflow/example_dags/example_setup_teardown_taskflow.py for tasks to queue
[2024-04-21T20:41:46.988+0000] {logging_mixin.py:188} INFO - [2024-04-21T20:41:46.988+0000] {dagbag.py:540} INFO - Filling up the DagBag from /home/airflow/.local/lib/python3.9/site-packages/airflow/example_dags/example_setup_teardown_taskflow.py
[2024-04-21T20:41:47.001+0000] {processor.py:840} INFO - DAG(s) 'example_setup_teardown_taskflow' retrieved from /home/airflow/.local/lib/python3.9/site-packages/airflow/example_dags/example_setup_teardown_taskflow.py
[2024-04-21T20:41:47.076+0000] {logging_mixin.py:188} INFO - [2024-04-21T20:41:47.075+0000] {dag.py:3047} INFO - Sync 1 DAGs
[2024-04-21T20:41:47.107+0000] {logging_mixin.py:188} INFO - [2024-04-21T20:41:47.106+0000] {dag.py:3834} INFO - Setting next_dagrun for example_setup_teardown_taskflow to 2024-04-20 00:00:00+00:00, run_after=2024-04-21 00:00:00+00:00
[2024-04-21T20:41:47.156+0000] {processor.py:183} INFO - Processing /home/airflow/.local/lib/python3.9/site-packages/airflow/example_dags/example_setup_teardown_taskflow.py took 0.176 seconds
[2024-04-21T20:42:39.102+0000] {processor.py:161} INFO - Started process (PID=75) to work on /home/airflow/.local/lib/python3.9/site-packages/airflow/example_dags/example_setup_teardown_taskflow.py
[2024-04-21T20:42:39.103+0000] {processor.py:830} INFO - Processing file /home/airflow/.local/lib/python3.9/site-packages/airflow/example_dags/example_setup_teardown_taskflow.py for tasks to queue
[2024-04-21T20:42:39.106+0000] {logging_mixin.py:188} INFO - [2024-04-21T20:42:39.105+0000] {dagbag.py:540} INFO - Filling up the DagBag from /home/airflow/.local/lib/python3.9/site-packages/airflow/example_dags/example_setup_teardown_taskflow.py
[2024-04-21T20:42:39.116+0000] {processor.py:840} INFO - DAG(s) 'example_setup_teardown_taskflow' retrieved from /home/airflow/.local/lib/python3.9/site-packages/airflow/example_dags/example_setup_teardown_taskflow.py
[2024-04-21T20:42:39.178+0000] {logging_mixin.py:188} INFO - [2024-04-21T20:42:39.178+0000] {dag.py:3047} INFO - Sync 1 DAGs
[2024-04-21T20:42:39.202+0000] {logging_mixin.py:188} INFO - [2024-04-21T20:42:39.201+0000] {dag.py:3834} INFO - Setting next_dagrun for example_setup_teardown_taskflow to 2024-04-20 00:00:00+00:00, run_after=2024-04-21 00:00:00+00:00
[2024-04-21T20:42:39.234+0000] {processor.py:183} INFO - Processing /home/airflow/.local/lib/python3.9/site-packages/airflow/example_dags/example_setup_teardown_taskflow.py took 0.135 seconds
[2024-04-21T20:43:10.443+0000] {processor.py:161} INFO - Started process (PID=132) to work on /home/airflow/.local/lib/python3.9/site-packages/airflow/example_dags/example_setup_teardown_taskflow.py
[2024-04-21T20:43:10.445+0000] {processor.py:830} INFO - Processing file /home/airflow/.local/lib/python3.9/site-packages/airflow/example_dags/example_setup_teardown_taskflow.py for tasks to queue
[2024-04-21T20:43:10.447+0000] {logging_mixin.py:188} INFO - [2024-04-21T20:43:10.447+0000] {dagbag.py:540} INFO - Filling up the DagBag from /home/airflow/.local/lib/python3.9/site-packages/airflow/example_dags/example_setup_teardown_taskflow.py
[2024-04-21T20:43:10.459+0000] {processor.py:840} INFO - DAG(s) 'example_setup_teardown_taskflow' retrieved from /home/airflow/.local/lib/python3.9/site-packages/airflow/example_dags/example_setup_teardown_taskflow.py
[2024-04-21T20:43:10.517+0000] {logging_mixin.py:188} INFO - [2024-04-21T20:43:10.517+0000] {dag.py:3047} INFO - Sync 1 DAGs
[2024-04-21T20:43:10.543+0000] {logging_mixin.py:188} INFO - [2024-04-21T20:43:10.543+0000] {dag.py:3834} INFO - Setting next_dagrun for example_setup_teardown_taskflow to 2024-04-20 00:00:00+00:00, run_after=2024-04-21 00:00:00+00:00
[2024-04-21T20:43:10.580+0000] {processor.py:183} INFO - Processing /home/airflow/.local/lib/python3.9/site-packages/airflow/example_dags/example_setup_teardown_taskflow.py took 0.139 seconds
[2024-04-21T20:43:40.618+0000] {processor.py:161} INFO - Started process (PID=188) to work on /home/airflow/.local/lib/python3.9/site-packages/airflow/example_dags/example_setup_teardown_taskflow.py
[2024-04-21T20:43:40.620+0000] {processor.py:830} INFO - Processing file /home/airflow/.local/lib/python3.9/site-packages/airflow/example_dags/example_setup_teardown_taskflow.py for tasks to queue
[2024-04-21T20:43:40.622+0000] {logging_mixin.py:188} INFO - [2024-04-21T20:43:40.621+0000] {dagbag.py:540} INFO - Filling up the DagBag from /home/airflow/.local/lib/python3.9/site-packages/airflow/example_dags/example_setup_teardown_taskflow.py
[2024-04-21T20:43:40.630+0000] {processor.py:840} INFO - DAG(s) 'example_setup_teardown_taskflow' retrieved from /home/airflow/.local/lib/python3.9/site-packages/airflow/example_dags/example_setup_teardown_taskflow.py
[2024-04-21T20:43:40.683+0000] {logging_mixin.py:188} INFO - [2024-04-21T20:43:40.683+0000] {dag.py:3047} INFO - Sync 1 DAGs
[2024-04-21T20:43:40.704+0000] {logging_mixin.py:188} INFO - [2024-04-21T20:43:40.703+0000] {dag.py:3834} INFO - Setting next_dagrun for example_setup_teardown_taskflow to 2024-04-20 00:00:00+00:00, run_after=2024-04-21 00:00:00+00:00
[2024-04-21T20:43:40.734+0000] {processor.py:183} INFO - Processing /home/airflow/.local/lib/python3.9/site-packages/airflow/example_dags/example_setup_teardown_taskflow.py took 0.118 seconds
[2024-04-21T20:44:12.049+0000] {processor.py:161} INFO - Started process (PID=245) to work on /home/airflow/.local/lib/python3.9/site-packages/airflow/example_dags/example_setup_teardown_taskflow.py
[2024-04-21T20:44:12.050+0000] {processor.py:830} INFO - Processing file /home/airflow/.local/lib/python3.9/site-packages/airflow/example_dags/example_setup_teardown_taskflow.py for tasks to queue
[2024-04-21T20:44:12.053+0000] {logging_mixin.py:188} INFO - [2024-04-21T20:44:12.052+0000] {dagbag.py:540} INFO - Filling up the DagBag from /home/airflow/.local/lib/python3.9/site-packages/airflow/example_dags/example_setup_teardown_taskflow.py
[2024-04-21T20:44:12.062+0000] {processor.py:840} INFO - DAG(s) 'example_setup_teardown_taskflow' retrieved from /home/airflow/.local/lib/python3.9/site-packages/airflow/example_dags/example_setup_teardown_taskflow.py
[2024-04-21T20:44:12.116+0000] {logging_mixin.py:188} INFO - [2024-04-21T20:44:12.116+0000] {dag.py:3047} INFO - Sync 1 DAGs
[2024-04-21T20:44:12.141+0000] {logging_mixin.py:188} INFO - [2024-04-21T20:44:12.140+0000] {dag.py:3834} INFO - Setting next_dagrun for example_setup_teardown_taskflow to 2024-04-20 00:00:00+00:00, run_after=2024-04-21 00:00:00+00:00
[2024-04-21T20:44:12.173+0000] {processor.py:183} INFO - Processing /home/airflow/.local/lib/python3.9/site-packages/airflow/example_dags/example_setup_teardown_taskflow.py took 0.127 seconds
[2024-04-21T20:44:44.344+0000] {processor.py:161} INFO - Started process (PID=303) to work on /home/airflow/.local/lib/python3.9/site-packages/airflow/example_dags/example_setup_teardown_taskflow.py
[2024-04-21T20:44:44.345+0000] {processor.py:830} INFO - Processing file /home/airflow/.local/lib/python3.9/site-packages/airflow/example_dags/example_setup_teardown_taskflow.py for tasks to queue
[2024-04-21T20:44:44.347+0000] {logging_mixin.py:188} INFO - [2024-04-21T20:44:44.347+0000] {dagbag.py:540} INFO - Filling up the DagBag from /home/airflow/.local/lib/python3.9/site-packages/airflow/example_dags/example_setup_teardown_taskflow.py
[2024-04-21T20:44:44.357+0000] {processor.py:840} INFO - DAG(s) 'example_setup_teardown_taskflow' retrieved from /home/airflow/.local/lib/python3.9/site-packages/airflow/example_dags/example_setup_teardown_taskflow.py
[2024-04-21T20:44:44.461+0000] {logging_mixin.py:188} INFO - [2024-04-21T20:44:44.460+0000] {dag.py:3047} INFO - Sync 1 DAGs
[2024-04-21T20:44:44.520+0000] {logging_mixin.py:188} INFO - [2024-04-21T20:44:44.519+0000] {dag.py:3834} INFO - Setting next_dagrun for example_setup_teardown_taskflow to 2024-04-20 00:00:00+00:00, run_after=2024-04-21 00:00:00+00:00
[2024-04-21T20:44:44.560+0000] {processor.py:183} INFO - Processing /home/airflow/.local/lib/python3.9/site-packages/airflow/example_dags/example_setup_teardown_taskflow.py took 0.219 seconds
[2024-04-21T20:45:14.631+0000] {processor.py:161} INFO - Started process (PID=359) to work on /home/airflow/.local/lib/python3.9/site-packages/airflow/example_dags/example_setup_teardown_taskflow.py
[2024-04-21T20:45:14.632+0000] {processor.py:830} INFO - Processing file /home/airflow/.local/lib/python3.9/site-packages/airflow/example_dags/example_setup_teardown_taskflow.py for tasks to queue
[2024-04-21T20:45:14.634+0000] {logging_mixin.py:188} INFO - [2024-04-21T20:45:14.633+0000] {dagbag.py:540} INFO - Filling up the DagBag from /home/airflow/.local/lib/python3.9/site-packages/airflow/example_dags/example_setup_teardown_taskflow.py
[2024-04-21T20:45:14.643+0000] {processor.py:840} INFO - DAG(s) 'example_setup_teardown_taskflow' retrieved from /home/airflow/.local/lib/python3.9/site-packages/airflow/example_dags/example_setup_teardown_taskflow.py
[2024-04-21T20:45:14.701+0000] {logging_mixin.py:188} INFO - [2024-04-21T20:45:14.700+0000] {dag.py:3047} INFO - Sync 1 DAGs
[2024-04-21T20:45:14.725+0000] {logging_mixin.py:188} INFO - [2024-04-21T20:45:14.725+0000] {dag.py:3834} INFO - Setting next_dagrun for example_setup_teardown_taskflow to 2024-04-20 00:00:00+00:00, run_after=2024-04-21 00:00:00+00:00
[2024-04-21T20:45:14.758+0000] {processor.py:183} INFO - Processing /home/airflow/.local/lib/python3.9/site-packages/airflow/example_dags/example_setup_teardown_taskflow.py took 0.130 seconds
[2024-04-21T20:45:49.489+0000] {processor.py:161} INFO - Started process (PID=417) to work on /home/airflow/.local/lib/python3.9/site-packages/airflow/example_dags/example_setup_teardown_taskflow.py
[2024-04-21T20:45:49.492+0000] {processor.py:830} INFO - Processing file /home/airflow/.local/lib/python3.9/site-packages/airflow/example_dags/example_setup_teardown_taskflow.py for tasks to queue
[2024-04-21T20:45:49.499+0000] {logging_mixin.py:188} INFO - [2024-04-21T20:45:49.498+0000] {dagbag.py:540} INFO - Filling up the DagBag from /home/airflow/.local/lib/python3.9/site-packages/airflow/example_dags/example_setup_teardown_taskflow.py
[2024-04-21T20:45:49.528+0000] {processor.py:840} INFO - DAG(s) 'example_setup_teardown_taskflow' retrieved from /home/airflow/.local/lib/python3.9/site-packages/airflow/example_dags/example_setup_teardown_taskflow.py
[2024-04-21T20:45:49.984+0000] {logging_mixin.py:188} INFO - [2024-04-21T20:45:49.983+0000] {dag.py:3047} INFO - Sync 1 DAGs
[2024-04-21T20:45:50.082+0000] {logging_mixin.py:188} INFO - [2024-04-21T20:45:50.077+0000] {dag.py:3834} INFO - Setting next_dagrun for example_setup_teardown_taskflow to 2024-04-20 00:00:00+00:00, run_after=2024-04-21 00:00:00+00:00
[2024-04-21T20:45:50.202+0000] {processor.py:183} INFO - Processing /home/airflow/.local/lib/python3.9/site-packages/airflow/example_dags/example_setup_teardown_taskflow.py took 0.722 seconds
[2024-04-21T20:46:20.859+0000] {processor.py:161} INFO - Started process (PID=474) to work on /home/airflow/.local/lib/python3.9/site-packages/airflow/example_dags/example_setup_teardown_taskflow.py
[2024-04-21T20:46:20.860+0000] {processor.py:830} INFO - Processing file /home/airflow/.local/lib/python3.9/site-packages/airflow/example_dags/example_setup_teardown_taskflow.py for tasks to queue
[2024-04-21T20:46:20.862+0000] {logging_mixin.py:188} INFO - [2024-04-21T20:46:20.862+0000] {dagbag.py:540} INFO - Filling up the DagBag from /home/airflow/.local/lib/python3.9/site-packages/airflow/example_dags/example_setup_teardown_taskflow.py
[2024-04-21T20:46:20.875+0000] {processor.py:840} INFO - DAG(s) 'example_setup_teardown_taskflow' retrieved from /home/airflow/.local/lib/python3.9/site-packages/airflow/example_dags/example_setup_teardown_taskflow.py
[2024-04-21T20:46:20.942+0000] {logging_mixin.py:188} INFO - [2024-04-21T20:46:20.942+0000] {dag.py:3047} INFO - Sync 1 DAGs
[2024-04-21T20:46:20.973+0000] {logging_mixin.py:188} INFO - [2024-04-21T20:46:20.973+0000] {dag.py:3834} INFO - Setting next_dagrun for example_setup_teardown_taskflow to 2024-04-20 00:00:00+00:00, run_after=2024-04-21 00:00:00+00:00
[2024-04-21T20:46:21.022+0000] {processor.py:183} INFO - Processing /home/airflow/.local/lib/python3.9/site-packages/airflow/example_dags/example_setup_teardown_taskflow.py took 0.168 seconds
[2024-04-21T20:46:51.756+0000] {processor.py:161} INFO - Started process (PID=531) to work on /home/airflow/.local/lib/python3.9/site-packages/airflow/example_dags/example_setup_teardown_taskflow.py
[2024-04-21T20:46:51.758+0000] {processor.py:830} INFO - Processing file /home/airflow/.local/lib/python3.9/site-packages/airflow/example_dags/example_setup_teardown_taskflow.py for tasks to queue
[2024-04-21T20:46:51.760+0000] {logging_mixin.py:188} INFO - [2024-04-21T20:46:51.759+0000] {dagbag.py:540} INFO - Filling up the DagBag from /home/airflow/.local/lib/python3.9/site-packages/airflow/example_dags/example_setup_teardown_taskflow.py
[2024-04-21T20:46:51.770+0000] {processor.py:840} INFO - DAG(s) 'example_setup_teardown_taskflow' retrieved from /home/airflow/.local/lib/python3.9/site-packages/airflow/example_dags/example_setup_teardown_taskflow.py
[2024-04-21T20:46:51.831+0000] {logging_mixin.py:188} INFO - [2024-04-21T20:46:51.830+0000] {dag.py:3047} INFO - Sync 1 DAGs
[2024-04-21T20:46:51.858+0000] {logging_mixin.py:188} INFO - [2024-04-21T20:46:51.857+0000] {dag.py:3834} INFO - Setting next_dagrun for example_setup_teardown_taskflow to 2024-04-20 00:00:00+00:00, run_after=2024-04-21 00:00:00+00:00
[2024-04-21T20:46:51.893+0000] {processor.py:183} INFO - Processing /home/airflow/.local/lib/python3.9/site-packages/airflow/example_dags/example_setup_teardown_taskflow.py took 0.139 seconds
[2024-04-21T20:47:22.632+0000] {processor.py:161} INFO - Started process (PID=588) to work on /home/airflow/.local/lib/python3.9/site-packages/airflow/example_dags/example_setup_teardown_taskflow.py
[2024-04-21T20:47:22.633+0000] {processor.py:830} INFO - Processing file /home/airflow/.local/lib/python3.9/site-packages/airflow/example_dags/example_setup_teardown_taskflow.py for tasks to queue
[2024-04-21T20:47:22.635+0000] {logging_mixin.py:188} INFO - [2024-04-21T20:47:22.635+0000] {dagbag.py:540} INFO - Filling up the DagBag from /home/airflow/.local/lib/python3.9/site-packages/airflow/example_dags/example_setup_teardown_taskflow.py
[2024-04-21T20:47:22.647+0000] {processor.py:840} INFO - DAG(s) 'example_setup_teardown_taskflow' retrieved from /home/airflow/.local/lib/python3.9/site-packages/airflow/example_dags/example_setup_teardown_taskflow.py
[2024-04-21T20:47:22.707+0000] {logging_mixin.py:188} INFO - [2024-04-21T20:47:22.707+0000] {dag.py:3047} INFO - Sync 1 DAGs
[2024-04-21T20:47:22.742+0000] {logging_mixin.py:188} INFO - [2024-04-21T20:47:22.742+0000] {dag.py:3834} INFO - Setting next_dagrun for example_setup_teardown_taskflow to 2024-04-20 00:00:00+00:00, run_after=2024-04-21 00:00:00+00:00
[2024-04-21T20:47:22.775+0000] {processor.py:183} INFO - Processing /home/airflow/.local/lib/python3.9/site-packages/airflow/example_dags/example_setup_teardown_taskflow.py took 0.147 seconds
[2024-04-21T20:47:53.244+0000] {processor.py:161} INFO - Started process (PID=651) to work on /home/airflow/.local/lib/python3.9/site-packages/airflow/example_dags/example_setup_teardown_taskflow.py
[2024-04-21T20:47:53.246+0000] {processor.py:830} INFO - Processing file /home/airflow/.local/lib/python3.9/site-packages/airflow/example_dags/example_setup_teardown_taskflow.py for tasks to queue
[2024-04-21T20:47:53.248+0000] {logging_mixin.py:188} INFO - [2024-04-21T20:47:53.247+0000] {dagbag.py:540} INFO - Filling up the DagBag from /home/airflow/.local/lib/python3.9/site-packages/airflow/example_dags/example_setup_teardown_taskflow.py
[2024-04-21T20:47:53.256+0000] {processor.py:840} INFO - DAG(s) 'example_setup_teardown_taskflow' retrieved from /home/airflow/.local/lib/python3.9/site-packages/airflow/example_dags/example_setup_teardown_taskflow.py
[2024-04-21T20:47:53.311+0000] {logging_mixin.py:188} INFO - [2024-04-21T20:47:53.310+0000] {dag.py:3047} INFO - Sync 1 DAGs
[2024-04-21T20:47:53.334+0000] {logging_mixin.py:188} INFO - [2024-04-21T20:47:53.334+0000] {dag.py:3834} INFO - Setting next_dagrun for example_setup_teardown_taskflow to 2024-04-20 00:00:00+00:00, run_after=2024-04-21 00:00:00+00:00
[2024-04-21T20:47:53.367+0000] {processor.py:183} INFO - Processing /home/airflow/.local/lib/python3.9/site-packages/airflow/example_dags/example_setup_teardown_taskflow.py took 0.125 seconds
[2024-04-21T21:00:55.723+0000] {processor.py:161} INFO - Started process (PID=82) to work on /home/airflow/.local/lib/python3.9/site-packages/airflow/example_dags/example_setup_teardown_taskflow.py
[2024-04-21T21:00:55.725+0000] {processor.py:830} INFO - Processing file /home/airflow/.local/lib/python3.9/site-packages/airflow/example_dags/example_setup_teardown_taskflow.py for tasks to queue
[2024-04-21T21:00:55.727+0000] {logging_mixin.py:188} INFO - [2024-04-21T21:00:55.727+0000] {dagbag.py:540} INFO - Filling up the DagBag from /home/airflow/.local/lib/python3.9/site-packages/airflow/example_dags/example_setup_teardown_taskflow.py
[2024-04-21T21:00:55.743+0000] {processor.py:840} INFO - DAG(s) 'example_setup_teardown_taskflow' retrieved from /home/airflow/.local/lib/python3.9/site-packages/airflow/example_dags/example_setup_teardown_taskflow.py
[2024-04-21T21:00:56.055+0000] {logging_mixin.py:188} INFO - [2024-04-21T21:00:56.053+0000] {dag.py:3047} INFO - Sync 1 DAGs
[2024-04-21T21:00:56.116+0000] {logging_mixin.py:188} INFO - [2024-04-21T21:00:56.115+0000] {dag.py:3834} INFO - Setting next_dagrun for example_setup_teardown_taskflow to 2024-04-20 00:00:00+00:00, run_after=2024-04-21 00:00:00+00:00
[2024-04-21T21:00:56.176+0000] {processor.py:183} INFO - Processing /home/airflow/.local/lib/python3.9/site-packages/airflow/example_dags/example_setup_teardown_taskflow.py took 0.457 seconds
[2024-04-21T21:01:27.010+0000] {processor.py:161} INFO - Started process (PID=139) to work on /home/airflow/.local/lib/python3.9/site-packages/airflow/example_dags/example_setup_teardown_taskflow.py
[2024-04-21T21:01:27.012+0000] {processor.py:830} INFO - Processing file /home/airflow/.local/lib/python3.9/site-packages/airflow/example_dags/example_setup_teardown_taskflow.py for tasks to queue
[2024-04-21T21:01:27.014+0000] {logging_mixin.py:188} INFO - [2024-04-21T21:01:27.014+0000] {dagbag.py:540} INFO - Filling up the DagBag from /home/airflow/.local/lib/python3.9/site-packages/airflow/example_dags/example_setup_teardown_taskflow.py
[2024-04-21T21:01:27.026+0000] {processor.py:840} INFO - DAG(s) 'example_setup_teardown_taskflow' retrieved from /home/airflow/.local/lib/python3.9/site-packages/airflow/example_dags/example_setup_teardown_taskflow.py
[2024-04-21T21:01:27.101+0000] {logging_mixin.py:188} INFO - [2024-04-21T21:01:27.101+0000] {dag.py:3047} INFO - Sync 1 DAGs
[2024-04-21T21:01:27.130+0000] {logging_mixin.py:188} INFO - [2024-04-21T21:01:27.129+0000] {dag.py:3834} INFO - Setting next_dagrun for example_setup_teardown_taskflow to 2024-04-20 00:00:00+00:00, run_after=2024-04-21 00:00:00+00:00
[2024-04-21T21:01:27.169+0000] {processor.py:183} INFO - Processing /home/airflow/.local/lib/python3.9/site-packages/airflow/example_dags/example_setup_teardown_taskflow.py took 0.164 seconds
[2024-04-21T21:04:42.466+0000] {processor.py:161} INFO - Started process (PID=87) to work on /home/airflow/.local/lib/python3.9/site-packages/airflow/example_dags/example_setup_teardown_taskflow.py
[2024-04-21T21:04:42.467+0000] {processor.py:830} INFO - Processing file /home/airflow/.local/lib/python3.9/site-packages/airflow/example_dags/example_setup_teardown_taskflow.py for tasks to queue
[2024-04-21T21:04:42.469+0000] {logging_mixin.py:188} INFO - [2024-04-21T21:04:42.469+0000] {dagbag.py:540} INFO - Filling up the DagBag from /home/airflow/.local/lib/python3.9/site-packages/airflow/example_dags/example_setup_teardown_taskflow.py
[2024-04-21T21:04:42.481+0000] {processor.py:840} INFO - DAG(s) 'example_setup_teardown_taskflow' retrieved from /home/airflow/.local/lib/python3.9/site-packages/airflow/example_dags/example_setup_teardown_taskflow.py
[2024-04-21T21:04:42.551+0000] {logging_mixin.py:188} INFO - [2024-04-21T21:04:42.550+0000] {dag.py:3047} INFO - Sync 1 DAGs
[2024-04-21T21:04:42.575+0000] {logging_mixin.py:188} INFO - [2024-04-21T21:04:42.575+0000] {dag.py:3834} INFO - Setting next_dagrun for example_setup_teardown_taskflow to 2024-04-20 00:00:00+00:00, run_after=2024-04-21 00:00:00+00:00
[2024-04-21T21:04:42.616+0000] {processor.py:183} INFO - Processing /home/airflow/.local/lib/python3.9/site-packages/airflow/example_dags/example_setup_teardown_taskflow.py took 0.154 seconds
[2024-04-21T21:05:12.905+0000] {processor.py:161} INFO - Started process (PID=143) to work on /home/airflow/.local/lib/python3.9/site-packages/airflow/example_dags/example_setup_teardown_taskflow.py
[2024-04-21T21:05:12.906+0000] {processor.py:830} INFO - Processing file /home/airflow/.local/lib/python3.9/site-packages/airflow/example_dags/example_setup_teardown_taskflow.py for tasks to queue
[2024-04-21T21:05:12.909+0000] {logging_mixin.py:188} INFO - [2024-04-21T21:05:12.909+0000] {dagbag.py:540} INFO - Filling up the DagBag from /home/airflow/.local/lib/python3.9/site-packages/airflow/example_dags/example_setup_teardown_taskflow.py
[2024-04-21T21:05:12.920+0000] {processor.py:840} INFO - DAG(s) 'example_setup_teardown_taskflow' retrieved from /home/airflow/.local/lib/python3.9/site-packages/airflow/example_dags/example_setup_teardown_taskflow.py
[2024-04-21T21:05:12.986+0000] {logging_mixin.py:188} INFO - [2024-04-21T21:05:12.986+0000] {dag.py:3047} INFO - Sync 1 DAGs
[2024-04-21T21:05:13.017+0000] {logging_mixin.py:188} INFO - [2024-04-21T21:05:13.017+0000] {dag.py:3834} INFO - Setting next_dagrun for example_setup_teardown_taskflow to 2024-04-20 00:00:00+00:00, run_after=2024-04-21 00:00:00+00:00
[2024-04-21T21:05:13.056+0000] {processor.py:183} INFO - Processing /home/airflow/.local/lib/python3.9/site-packages/airflow/example_dags/example_setup_teardown_taskflow.py took 0.154 seconds
[2024-04-21T21:05:43.746+0000] {processor.py:161} INFO - Started process (PID=208) to work on /home/airflow/.local/lib/python3.9/site-packages/airflow/example_dags/example_setup_teardown_taskflow.py
[2024-04-21T21:05:43.748+0000] {processor.py:830} INFO - Processing file /home/airflow/.local/lib/python3.9/site-packages/airflow/example_dags/example_setup_teardown_taskflow.py for tasks to queue
[2024-04-21T21:05:43.750+0000] {logging_mixin.py:188} INFO - [2024-04-21T21:05:43.750+0000] {dagbag.py:540} INFO - Filling up the DagBag from /home/airflow/.local/lib/python3.9/site-packages/airflow/example_dags/example_setup_teardown_taskflow.py
[2024-04-21T21:05:43.763+0000] {processor.py:840} INFO - DAG(s) 'example_setup_teardown_taskflow' retrieved from /home/airflow/.local/lib/python3.9/site-packages/airflow/example_dags/example_setup_teardown_taskflow.py
[2024-04-21T21:05:43.851+0000] {logging_mixin.py:188} INFO - [2024-04-21T21:05:43.850+0000] {dag.py:3047} INFO - Sync 1 DAGs
[2024-04-21T21:05:43.886+0000] {logging_mixin.py:188} INFO - [2024-04-21T21:05:43.886+0000] {dag.py:3834} INFO - Setting next_dagrun for example_setup_teardown_taskflow to 2024-04-20 00:00:00+00:00, run_after=2024-04-21 00:00:00+00:00
[2024-04-21T21:05:43.936+0000] {processor.py:183} INFO - Processing /home/airflow/.local/lib/python3.9/site-packages/airflow/example_dags/example_setup_teardown_taskflow.py took 0.193 seconds
