[2024-04-21T19:51:56.142+0000] {processor.py:161} INFO - Started process (PID=47) to work on /home/airflow/.local/lib/python3.9/site-packages/airflow/example_dags/example_bash_operator.py
[2024-04-21T19:51:56.146+0000] {processor.py:830} INFO - Processing file /home/airflow/.local/lib/python3.9/site-packages/airflow/example_dags/example_bash_operator.py for tasks to queue
[2024-04-21T19:51:56.169+0000] {logging_mixin.py:188} INFO - [2024-04-21T19:51:56.166+0000] {dagbag.py:540} INFO - Filling up the DagBag from /home/airflow/.local/lib/python3.9/site-packages/airflow/example_dags/example_bash_operator.py
[2024-04-21T19:51:56.284+0000] {processor.py:840} INFO - DAG(s) 'example_bash_operator' retrieved from /home/airflow/.local/lib/python3.9/site-packages/airflow/example_dags/example_bash_operator.py
[2024-04-21T19:51:56.679+0000] {logging_mixin.py:188} INFO - [2024-04-21T19:51:56.678+0000] {dag.py:3047} INFO - Sync 1 DAGs
[2024-04-21T19:51:56.756+0000] {logging_mixin.py:188} INFO - [2024-04-21T19:51:56.755+0000] {dag.py:3834} INFO - Setting next_dagrun for example_bash_operator to 2024-04-20 00:00:00+00:00, run_after=2024-04-21 00:00:00+00:00
[2024-04-21T19:51:56.857+0000] {processor.py:183} INFO - Processing /home/airflow/.local/lib/python3.9/site-packages/airflow/example_dags/example_bash_operator.py took 0.748 seconds
[2024-04-21T19:52:26.929+0000] {processor.py:161} INFO - Started process (PID=104) to work on /home/airflow/.local/lib/python3.9/site-packages/airflow/example_dags/example_bash_operator.py
[2024-04-21T19:52:26.930+0000] {processor.py:830} INFO - Processing file /home/airflow/.local/lib/python3.9/site-packages/airflow/example_dags/example_bash_operator.py for tasks to queue
[2024-04-21T19:52:26.933+0000] {logging_mixin.py:188} INFO - [2024-04-21T19:52:26.933+0000] {dagbag.py:540} INFO - Filling up the DagBag from /home/airflow/.local/lib/python3.9/site-packages/airflow/example_dags/example_bash_operator.py
[2024-04-21T19:52:26.961+0000] {processor.py:840} INFO - DAG(s) 'example_bash_operator' retrieved from /home/airflow/.local/lib/python3.9/site-packages/airflow/example_dags/example_bash_operator.py
[2024-04-21T19:52:27.099+0000] {logging_mixin.py:188} INFO - [2024-04-21T19:52:27.098+0000] {dag.py:3047} INFO - Sync 1 DAGs
[2024-04-21T19:52:27.138+0000] {logging_mixin.py:188} INFO - [2024-04-21T19:52:27.138+0000] {dag.py:3834} INFO - Setting next_dagrun for example_bash_operator to 2024-04-20 00:00:00+00:00, run_after=2024-04-21 00:00:00+00:00
[2024-04-21T19:52:27.194+0000] {processor.py:183} INFO - Processing /home/airflow/.local/lib/python3.9/site-packages/airflow/example_dags/example_bash_operator.py took 0.271 seconds
[2024-04-21T19:52:59.428+0000] {processor.py:161} INFO - Started process (PID=161) to work on /home/airflow/.local/lib/python3.9/site-packages/airflow/example_dags/example_bash_operator.py
[2024-04-21T19:52:59.431+0000] {processor.py:830} INFO - Processing file /home/airflow/.local/lib/python3.9/site-packages/airflow/example_dags/example_bash_operator.py for tasks to queue
[2024-04-21T19:52:59.434+0000] {logging_mixin.py:188} INFO - [2024-04-21T19:52:59.434+0000] {dagbag.py:540} INFO - Filling up the DagBag from /home/airflow/.local/lib/python3.9/site-packages/airflow/example_dags/example_bash_operator.py
[2024-04-21T19:52:59.455+0000] {processor.py:840} INFO - DAG(s) 'example_bash_operator' retrieved from /home/airflow/.local/lib/python3.9/site-packages/airflow/example_dags/example_bash_operator.py
[2024-04-21T19:52:59.604+0000] {logging_mixin.py:188} INFO - [2024-04-21T19:52:59.604+0000] {dag.py:3047} INFO - Sync 1 DAGs
[2024-04-21T19:52:59.655+0000] {logging_mixin.py:188} INFO - [2024-04-21T19:52:59.654+0000] {dag.py:3834} INFO - Setting next_dagrun for example_bash_operator to 2024-04-20 00:00:00+00:00, run_after=2024-04-21 00:00:00+00:00
[2024-04-21T19:52:59.718+0000] {processor.py:183} INFO - Processing /home/airflow/.local/lib/python3.9/site-packages/airflow/example_dags/example_bash_operator.py took 0.295 seconds
[2024-04-21T19:53:30.009+0000] {processor.py:161} INFO - Started process (PID=218) to work on /home/airflow/.local/lib/python3.9/site-packages/airflow/example_dags/example_bash_operator.py
[2024-04-21T19:53:30.011+0000] {processor.py:830} INFO - Processing file /home/airflow/.local/lib/python3.9/site-packages/airflow/example_dags/example_bash_operator.py for tasks to queue
[2024-04-21T19:53:30.014+0000] {logging_mixin.py:188} INFO - [2024-04-21T19:53:30.014+0000] {dagbag.py:540} INFO - Filling up the DagBag from /home/airflow/.local/lib/python3.9/site-packages/airflow/example_dags/example_bash_operator.py
[2024-04-21T19:53:30.036+0000] {processor.py:840} INFO - DAG(s) 'example_bash_operator' retrieved from /home/airflow/.local/lib/python3.9/site-packages/airflow/example_dags/example_bash_operator.py
[2024-04-21T19:53:30.161+0000] {logging_mixin.py:188} INFO - [2024-04-21T19:53:30.161+0000] {dag.py:3047} INFO - Sync 1 DAGs
[2024-04-21T19:53:30.206+0000] {logging_mixin.py:188} INFO - [2024-04-21T19:53:30.205+0000] {dag.py:3834} INFO - Setting next_dagrun for example_bash_operator to 2024-04-20 00:00:00+00:00, run_after=2024-04-21 00:00:00+00:00
[2024-04-21T19:53:30.261+0000] {processor.py:183} INFO - Processing /home/airflow/.local/lib/python3.9/site-packages/airflow/example_dags/example_bash_operator.py took 0.257 seconds
[2024-04-21T19:54:33.995+0000] {processor.py:161} INFO - Started process (PID=47) to work on /home/airflow/.local/lib/python3.9/site-packages/airflow/example_dags/example_bash_operator.py
[2024-04-21T19:54:33.997+0000] {processor.py:830} INFO - Processing file /home/airflow/.local/lib/python3.9/site-packages/airflow/example_dags/example_bash_operator.py for tasks to queue
[2024-04-21T19:54:33.999+0000] {logging_mixin.py:188} INFO - [2024-04-21T19:54:33.999+0000] {dagbag.py:540} INFO - Filling up the DagBag from /home/airflow/.local/lib/python3.9/site-packages/airflow/example_dags/example_bash_operator.py
[2024-04-21T19:54:34.014+0000] {processor.py:840} INFO - DAG(s) 'example_bash_operator' retrieved from /home/airflow/.local/lib/python3.9/site-packages/airflow/example_dags/example_bash_operator.py
[2024-04-21T19:54:34.131+0000] {logging_mixin.py:188} INFO - [2024-04-21T19:54:34.130+0000] {dag.py:3047} INFO - Sync 1 DAGs
[2024-04-21T19:54:34.163+0000] {logging_mixin.py:188} INFO - [2024-04-21T19:54:34.162+0000] {dag.py:3834} INFO - Setting next_dagrun for example_bash_operator to 2024-04-20 00:00:00+00:00, run_after=2024-04-21 00:00:00+00:00
[2024-04-21T19:54:34.202+0000] {processor.py:183} INFO - Processing /home/airflow/.local/lib/python3.9/site-packages/airflow/example_dags/example_bash_operator.py took 0.210 seconds
[2024-04-21T19:55:19.439+0000] {processor.py:161} INFO - Started process (PID=114) to work on /home/airflow/.local/lib/python3.9/site-packages/airflow/example_dags/example_bash_operator.py
[2024-04-21T19:55:19.441+0000] {processor.py:830} INFO - Processing file /home/airflow/.local/lib/python3.9/site-packages/airflow/example_dags/example_bash_operator.py for tasks to queue
[2024-04-21T19:55:19.444+0000] {logging_mixin.py:188} INFO - [2024-04-21T19:55:19.444+0000] {dagbag.py:540} INFO - Filling up the DagBag from /home/airflow/.local/lib/python3.9/site-packages/airflow/example_dags/example_bash_operator.py
[2024-04-21T19:55:19.459+0000] {processor.py:840} INFO - DAG(s) 'example_bash_operator' retrieved from /home/airflow/.local/lib/python3.9/site-packages/airflow/example_dags/example_bash_operator.py
[2024-04-21T19:55:19.553+0000] {logging_mixin.py:188} INFO - [2024-04-21T19:55:19.552+0000] {dag.py:3047} INFO - Sync 1 DAGs
[2024-04-21T19:55:19.585+0000] {logging_mixin.py:188} INFO - [2024-04-21T19:55:19.584+0000] {dag.py:3834} INFO - Setting next_dagrun for example_bash_operator to 2024-04-20 00:00:00+00:00, run_after=2024-04-21 00:00:00+00:00
[2024-04-21T19:55:19.629+0000] {processor.py:183} INFO - Processing /home/airflow/.local/lib/python3.9/site-packages/airflow/example_dags/example_bash_operator.py took 0.194 seconds
[2024-04-21T19:57:33.840+0000] {processor.py:161} INFO - Started process (PID=188) to work on /home/airflow/.local/lib/python3.9/site-packages/airflow/example_dags/example_bash_operator.py
[2024-04-21T19:57:33.841+0000] {processor.py:830} INFO - Processing file /home/airflow/.local/lib/python3.9/site-packages/airflow/example_dags/example_bash_operator.py for tasks to queue
[2024-04-21T19:57:33.844+0000] {logging_mixin.py:188} INFO - [2024-04-21T19:57:33.843+0000] {dagbag.py:540} INFO - Filling up the DagBag from /home/airflow/.local/lib/python3.9/site-packages/airflow/example_dags/example_bash_operator.py
[2024-04-21T19:57:33.859+0000] {processor.py:840} INFO - DAG(s) 'example_bash_operator' retrieved from /home/airflow/.local/lib/python3.9/site-packages/airflow/example_dags/example_bash_operator.py
[2024-04-21T19:57:33.934+0000] {logging_mixin.py:188} INFO - [2024-04-21T19:57:33.934+0000] {dag.py:3047} INFO - Sync 1 DAGs
[2024-04-21T19:57:33.965+0000] {logging_mixin.py:188} INFO - [2024-04-21T19:57:33.965+0000] {dag.py:3834} INFO - Setting next_dagrun for example_bash_operator to 2024-04-20 00:00:00+00:00, run_after=2024-04-21 00:00:00+00:00
[2024-04-21T19:57:34.008+0000] {processor.py:183} INFO - Processing /home/airflow/.local/lib/python3.9/site-packages/airflow/example_dags/example_bash_operator.py took 0.172 seconds
[2024-04-21T20:03:10.463+0000] {processor.py:161} INFO - Started process (PID=260) to work on /home/airflow/.local/lib/python3.9/site-packages/airflow/example_dags/example_bash_operator.py
[2024-04-21T20:03:10.465+0000] {processor.py:830} INFO - Processing file /home/airflow/.local/lib/python3.9/site-packages/airflow/example_dags/example_bash_operator.py for tasks to queue
[2024-04-21T20:03:10.466+0000] {logging_mixin.py:188} INFO - [2024-04-21T20:03:10.466+0000] {dagbag.py:540} INFO - Filling up the DagBag from /home/airflow/.local/lib/python3.9/site-packages/airflow/example_dags/example_bash_operator.py
[2024-04-21T20:03:10.480+0000] {processor.py:840} INFO - DAG(s) 'example_bash_operator' retrieved from /home/airflow/.local/lib/python3.9/site-packages/airflow/example_dags/example_bash_operator.py
[2024-04-21T20:03:10.565+0000] {logging_mixin.py:188} INFO - [2024-04-21T20:03:10.564+0000] {dag.py:3047} INFO - Sync 1 DAGs
[2024-04-21T20:03:10.599+0000] {logging_mixin.py:188} INFO - [2024-04-21T20:03:10.599+0000] {dag.py:3834} INFO - Setting next_dagrun for example_bash_operator to 2024-04-20 00:00:00+00:00, run_after=2024-04-21 00:00:00+00:00
[2024-04-21T20:03:10.639+0000] {processor.py:183} INFO - Processing /home/airflow/.local/lib/python3.9/site-packages/airflow/example_dags/example_bash_operator.py took 0.179 seconds
[2024-04-21T20:04:17.706+0000] {processor.py:161} INFO - Started process (PID=324) to work on /home/airflow/.local/lib/python3.9/site-packages/airflow/example_dags/example_bash_operator.py
[2024-04-21T20:04:17.707+0000] {processor.py:830} INFO - Processing file /home/airflow/.local/lib/python3.9/site-packages/airflow/example_dags/example_bash_operator.py for tasks to queue
[2024-04-21T20:04:17.709+0000] {logging_mixin.py:188} INFO - [2024-04-21T20:04:17.708+0000] {dagbag.py:540} INFO - Filling up the DagBag from /home/airflow/.local/lib/python3.9/site-packages/airflow/example_dags/example_bash_operator.py
[2024-04-21T20:04:17.780+0000] {processor.py:840} INFO - DAG(s) 'example_bash_operator' retrieved from /home/airflow/.local/lib/python3.9/site-packages/airflow/example_dags/example_bash_operator.py
[2024-04-21T20:04:17.858+0000] {logging_mixin.py:188} INFO - [2024-04-21T20:04:17.858+0000] {dag.py:3047} INFO - Sync 1 DAGs
[2024-04-21T20:04:17.883+0000] {logging_mixin.py:188} INFO - [2024-04-21T20:04:17.883+0000] {dag.py:3834} INFO - Setting next_dagrun for example_bash_operator to 2024-04-20 00:00:00+00:00, run_after=2024-04-21 00:00:00+00:00
[2024-04-21T20:04:18.489+0000] {processor.py:183} INFO - Processing /home/airflow/.local/lib/python3.9/site-packages/airflow/example_dags/example_bash_operator.py took 0.787 seconds
[2024-04-21T20:04:48.931+0000] {processor.py:161} INFO - Started process (PID=383) to work on /home/airflow/.local/lib/python3.9/site-packages/airflow/example_dags/example_bash_operator.py
[2024-04-21T20:04:48.933+0000] {processor.py:830} INFO - Processing file /home/airflow/.local/lib/python3.9/site-packages/airflow/example_dags/example_bash_operator.py for tasks to queue
[2024-04-21T20:04:48.935+0000] {logging_mixin.py:188} INFO - [2024-04-21T20:04:48.934+0000] {dagbag.py:540} INFO - Filling up the DagBag from /home/airflow/.local/lib/python3.9/site-packages/airflow/example_dags/example_bash_operator.py
[2024-04-21T20:04:48.955+0000] {processor.py:840} INFO - DAG(s) 'example_bash_operator' retrieved from /home/airflow/.local/lib/python3.9/site-packages/airflow/example_dags/example_bash_operator.py
[2024-04-21T20:04:49.115+0000] {logging_mixin.py:188} INFO - [2024-04-21T20:04:49.115+0000] {dag.py:3047} INFO - Sync 1 DAGs
[2024-04-21T20:04:49.169+0000] {logging_mixin.py:188} INFO - [2024-04-21T20:04:49.169+0000] {dag.py:3834} INFO - Setting next_dagrun for example_bash_operator to 2024-04-20 00:00:00+00:00, run_after=2024-04-21 00:00:00+00:00
[2024-04-21T20:04:49.229+0000] {processor.py:183} INFO - Processing /home/airflow/.local/lib/python3.9/site-packages/airflow/example_dags/example_bash_operator.py took 0.304 seconds
[2024-04-21T20:05:19.736+0000] {processor.py:161} INFO - Started process (PID=440) to work on /home/airflow/.local/lib/python3.9/site-packages/airflow/example_dags/example_bash_operator.py
[2024-04-21T20:05:19.738+0000] {processor.py:830} INFO - Processing file /home/airflow/.local/lib/python3.9/site-packages/airflow/example_dags/example_bash_operator.py for tasks to queue
[2024-04-21T20:05:19.740+0000] {logging_mixin.py:188} INFO - [2024-04-21T20:05:19.739+0000] {dagbag.py:540} INFO - Filling up the DagBag from /home/airflow/.local/lib/python3.9/site-packages/airflow/example_dags/example_bash_operator.py
[2024-04-21T20:05:19.773+0000] {processor.py:840} INFO - DAG(s) 'example_bash_operator' retrieved from /home/airflow/.local/lib/python3.9/site-packages/airflow/example_dags/example_bash_operator.py
[2024-04-21T20:05:19.885+0000] {logging_mixin.py:188} INFO - [2024-04-21T20:05:19.885+0000] {dag.py:3047} INFO - Sync 1 DAGs
[2024-04-21T20:05:19.917+0000] {logging_mixin.py:188} INFO - [2024-04-21T20:05:19.916+0000] {dag.py:3834} INFO - Setting next_dagrun for example_bash_operator to 2024-04-20 00:00:00+00:00, run_after=2024-04-21 00:00:00+00:00
[2024-04-21T20:05:19.999+0000] {processor.py:183} INFO - Processing /home/airflow/.local/lib/python3.9/site-packages/airflow/example_dags/example_bash_operator.py took 0.268 seconds
[2024-04-21T20:05:50.300+0000] {processor.py:161} INFO - Started process (PID=497) to work on /home/airflow/.local/lib/python3.9/site-packages/airflow/example_dags/example_bash_operator.py
[2024-04-21T20:05:50.302+0000] {processor.py:830} INFO - Processing file /home/airflow/.local/lib/python3.9/site-packages/airflow/example_dags/example_bash_operator.py for tasks to queue
[2024-04-21T20:05:50.304+0000] {logging_mixin.py:188} INFO - [2024-04-21T20:05:50.303+0000] {dagbag.py:540} INFO - Filling up the DagBag from /home/airflow/.local/lib/python3.9/site-packages/airflow/example_dags/example_bash_operator.py
[2024-04-21T20:05:50.320+0000] {processor.py:840} INFO - DAG(s) 'example_bash_operator' retrieved from /home/airflow/.local/lib/python3.9/site-packages/airflow/example_dags/example_bash_operator.py
[2024-04-21T20:05:50.428+0000] {logging_mixin.py:188} INFO - [2024-04-21T20:05:50.428+0000] {dag.py:3047} INFO - Sync 1 DAGs
[2024-04-21T20:05:50.462+0000] {logging_mixin.py:188} INFO - [2024-04-21T20:05:50.462+0000] {dag.py:3834} INFO - Setting next_dagrun for example_bash_operator to 2024-04-20 00:00:00+00:00, run_after=2024-04-21 00:00:00+00:00
[2024-04-21T20:05:50.519+0000] {processor.py:183} INFO - Processing /home/airflow/.local/lib/python3.9/site-packages/airflow/example_dags/example_bash_operator.py took 0.224 seconds
[2024-04-21T20:06:45.196+0000] {processor.py:161} INFO - Started process (PID=561) to work on /home/airflow/.local/lib/python3.9/site-packages/airflow/example_dags/example_bash_operator.py
[2024-04-21T20:06:45.198+0000] {processor.py:830} INFO - Processing file /home/airflow/.local/lib/python3.9/site-packages/airflow/example_dags/example_bash_operator.py for tasks to queue
[2024-04-21T20:06:45.201+0000] {logging_mixin.py:188} INFO - [2024-04-21T20:06:45.200+0000] {dagbag.py:540} INFO - Filling up the DagBag from /home/airflow/.local/lib/python3.9/site-packages/airflow/example_dags/example_bash_operator.py
[2024-04-21T20:06:45.219+0000] {processor.py:840} INFO - DAG(s) 'example_bash_operator' retrieved from /home/airflow/.local/lib/python3.9/site-packages/airflow/example_dags/example_bash_operator.py
[2024-04-21T20:06:45.331+0000] {logging_mixin.py:188} INFO - [2024-04-21T20:06:45.330+0000] {dag.py:3047} INFO - Sync 1 DAGs
[2024-04-21T20:06:45.367+0000] {logging_mixin.py:188} INFO - [2024-04-21T20:06:45.367+0000] {dag.py:3834} INFO - Setting next_dagrun for example_bash_operator to 2024-04-20 00:00:00+00:00, run_after=2024-04-21 00:00:00+00:00
[2024-04-21T20:06:45.410+0000] {processor.py:183} INFO - Processing /home/airflow/.local/lib/python3.9/site-packages/airflow/example_dags/example_bash_operator.py took 0.220 seconds
[2024-04-21T20:07:16.647+0000] {processor.py:161} INFO - Started process (PID=619) to work on /home/airflow/.local/lib/python3.9/site-packages/airflow/example_dags/example_bash_operator.py
[2024-04-21T20:07:16.650+0000] {processor.py:830} INFO - Processing file /home/airflow/.local/lib/python3.9/site-packages/airflow/example_dags/example_bash_operator.py for tasks to queue
[2024-04-21T20:07:16.652+0000] {logging_mixin.py:188} INFO - [2024-04-21T20:07:16.651+0000] {dagbag.py:540} INFO - Filling up the DagBag from /home/airflow/.local/lib/python3.9/site-packages/airflow/example_dags/example_bash_operator.py
[2024-04-21T20:07:16.676+0000] {processor.py:840} INFO - DAG(s) 'example_bash_operator' retrieved from /home/airflow/.local/lib/python3.9/site-packages/airflow/example_dags/example_bash_operator.py
[2024-04-21T20:07:16.840+0000] {logging_mixin.py:188} INFO - [2024-04-21T20:07:16.839+0000] {dag.py:3047} INFO - Sync 1 DAGs
[2024-04-21T20:07:16.890+0000] {logging_mixin.py:188} INFO - [2024-04-21T20:07:16.890+0000] {dag.py:3834} INFO - Setting next_dagrun for example_bash_operator to 2024-04-20 00:00:00+00:00, run_after=2024-04-21 00:00:00+00:00
[2024-04-21T20:07:16.955+0000] {processor.py:183} INFO - Processing /home/airflow/.local/lib/python3.9/site-packages/airflow/example_dags/example_bash_operator.py took 0.313 seconds
[2024-04-21T20:07:47.642+0000] {processor.py:161} INFO - Started process (PID=676) to work on /home/airflow/.local/lib/python3.9/site-packages/airflow/example_dags/example_bash_operator.py
[2024-04-21T20:07:47.644+0000] {processor.py:830} INFO - Processing file /home/airflow/.local/lib/python3.9/site-packages/airflow/example_dags/example_bash_operator.py for tasks to queue
[2024-04-21T20:07:47.646+0000] {logging_mixin.py:188} INFO - [2024-04-21T20:07:47.646+0000] {dagbag.py:540} INFO - Filling up the DagBag from /home/airflow/.local/lib/python3.9/site-packages/airflow/example_dags/example_bash_operator.py
[2024-04-21T20:07:47.665+0000] {processor.py:840} INFO - DAG(s) 'example_bash_operator' retrieved from /home/airflow/.local/lib/python3.9/site-packages/airflow/example_dags/example_bash_operator.py
[2024-04-21T20:07:47.813+0000] {logging_mixin.py:188} INFO - [2024-04-21T20:07:47.813+0000] {dag.py:3047} INFO - Sync 1 DAGs
[2024-04-21T20:07:47.849+0000] {logging_mixin.py:188} INFO - [2024-04-21T20:07:47.849+0000] {dag.py:3834} INFO - Setting next_dagrun for example_bash_operator to 2024-04-20 00:00:00+00:00, run_after=2024-04-21 00:00:00+00:00
[2024-04-21T20:07:47.902+0000] {processor.py:183} INFO - Processing /home/airflow/.local/lib/python3.9/site-packages/airflow/example_dags/example_bash_operator.py took 0.265 seconds
[2024-04-21T20:08:21.316+0000] {processor.py:161} INFO - Started process (PID=732) to work on /home/airflow/.local/lib/python3.9/site-packages/airflow/example_dags/example_bash_operator.py
[2024-04-21T20:08:21.318+0000] {processor.py:830} INFO - Processing file /home/airflow/.local/lib/python3.9/site-packages/airflow/example_dags/example_bash_operator.py for tasks to queue
[2024-04-21T20:08:21.320+0000] {logging_mixin.py:188} INFO - [2024-04-21T20:08:21.319+0000] {dagbag.py:540} INFO - Filling up the DagBag from /home/airflow/.local/lib/python3.9/site-packages/airflow/example_dags/example_bash_operator.py
[2024-04-21T20:08:21.333+0000] {processor.py:840} INFO - DAG(s) 'example_bash_operator' retrieved from /home/airflow/.local/lib/python3.9/site-packages/airflow/example_dags/example_bash_operator.py
[2024-04-21T20:08:21.405+0000] {logging_mixin.py:188} INFO - [2024-04-21T20:08:21.405+0000] {dag.py:3047} INFO - Sync 1 DAGs
[2024-04-21T20:08:21.430+0000] {logging_mixin.py:188} INFO - [2024-04-21T20:08:21.430+0000] {dag.py:3834} INFO - Setting next_dagrun for example_bash_operator to 2024-04-20 00:00:00+00:00, run_after=2024-04-21 00:00:00+00:00
[2024-04-21T20:08:21.469+0000] {processor.py:183} INFO - Processing /home/airflow/.local/lib/python3.9/site-packages/airflow/example_dags/example_bash_operator.py took 0.157 seconds
[2024-04-21T20:09:52.426+0000] {processor.py:161} INFO - Started process (PID=789) to work on /home/airflow/.local/lib/python3.9/site-packages/airflow/example_dags/example_bash_operator.py
[2024-04-21T20:09:52.430+0000] {processor.py:830} INFO - Processing file /home/airflow/.local/lib/python3.9/site-packages/airflow/example_dags/example_bash_operator.py for tasks to queue
[2024-04-21T20:09:52.432+0000] {logging_mixin.py:188} INFO - [2024-04-21T20:09:52.431+0000] {dagbag.py:540} INFO - Filling up the DagBag from /home/airflow/.local/lib/python3.9/site-packages/airflow/example_dags/example_bash_operator.py
[2024-04-21T20:09:52.466+0000] {processor.py:840} INFO - DAG(s) 'example_bash_operator' retrieved from /home/airflow/.local/lib/python3.9/site-packages/airflow/example_dags/example_bash_operator.py
[2024-04-21T20:09:54.431+0000] {logging_mixin.py:188} INFO - [2024-04-21T20:09:54.429+0000] {dag.py:3047} INFO - Sync 1 DAGs
[2024-04-21T20:09:54.589+0000] {logging_mixin.py:188} INFO - [2024-04-21T20:09:54.584+0000] {dag.py:3834} INFO - Setting next_dagrun for example_bash_operator to 2024-04-20 00:00:00+00:00, run_after=2024-04-21 00:00:00+00:00
[2024-04-21T20:09:54.826+0000] {processor.py:183} INFO - Processing /home/airflow/.local/lib/python3.9/site-packages/airflow/example_dags/example_bash_operator.py took 2.406 seconds
[2024-04-21T20:10:25.486+0000] {processor.py:161} INFO - Started process (PID=847) to work on /home/airflow/.local/lib/python3.9/site-packages/airflow/example_dags/example_bash_operator.py
[2024-04-21T20:10:25.487+0000] {processor.py:830} INFO - Processing file /home/airflow/.local/lib/python3.9/site-packages/airflow/example_dags/example_bash_operator.py for tasks to queue
[2024-04-21T20:10:25.488+0000] {logging_mixin.py:188} INFO - [2024-04-21T20:10:25.488+0000] {dagbag.py:540} INFO - Filling up the DagBag from /home/airflow/.local/lib/python3.9/site-packages/airflow/example_dags/example_bash_operator.py
[2024-04-21T20:10:25.499+0000] {processor.py:840} INFO - DAG(s) 'example_bash_operator' retrieved from /home/airflow/.local/lib/python3.9/site-packages/airflow/example_dags/example_bash_operator.py
[2024-04-21T20:10:25.579+0000] {logging_mixin.py:188} INFO - [2024-04-21T20:10:25.578+0000] {dag.py:3047} INFO - Sync 1 DAGs
[2024-04-21T20:10:25.624+0000] {logging_mixin.py:188} INFO - [2024-04-21T20:10:25.624+0000] {dag.py:3834} INFO - Setting next_dagrun for example_bash_operator to 2024-04-20 00:00:00+00:00, run_after=2024-04-21 00:00:00+00:00
[2024-04-21T20:10:25.694+0000] {processor.py:183} INFO - Processing /home/airflow/.local/lib/python3.9/site-packages/airflow/example_dags/example_bash_operator.py took 0.212 seconds
[2024-04-21T20:10:55.857+0000] {processor.py:161} INFO - Started process (PID=904) to work on /home/airflow/.local/lib/python3.9/site-packages/airflow/example_dags/example_bash_operator.py
[2024-04-21T20:10:55.858+0000] {processor.py:830} INFO - Processing file /home/airflow/.local/lib/python3.9/site-packages/airflow/example_dags/example_bash_operator.py for tasks to queue
[2024-04-21T20:10:55.859+0000] {logging_mixin.py:188} INFO - [2024-04-21T20:10:55.858+0000] {dagbag.py:540} INFO - Filling up the DagBag from /home/airflow/.local/lib/python3.9/site-packages/airflow/example_dags/example_bash_operator.py
[2024-04-21T20:10:55.871+0000] {processor.py:840} INFO - DAG(s) 'example_bash_operator' retrieved from /home/airflow/.local/lib/python3.9/site-packages/airflow/example_dags/example_bash_operator.py
[2024-04-21T20:10:55.941+0000] {logging_mixin.py:188} INFO - [2024-04-21T20:10:55.941+0000] {dag.py:3047} INFO - Sync 1 DAGs
[2024-04-21T20:10:55.968+0000] {logging_mixin.py:188} INFO - [2024-04-21T20:10:55.968+0000] {dag.py:3834} INFO - Setting next_dagrun for example_bash_operator to 2024-04-20 00:00:00+00:00, run_after=2024-04-21 00:00:00+00:00
[2024-04-21T20:10:56.000+0000] {processor.py:183} INFO - Processing /home/airflow/.local/lib/python3.9/site-packages/airflow/example_dags/example_bash_operator.py took 0.147 seconds
[2024-04-21T20:14:17.146+0000] {processor.py:161} INFO - Started process (PID=47) to work on /home/airflow/.local/lib/python3.9/site-packages/airflow/example_dags/example_bash_operator.py
[2024-04-21T20:14:17.155+0000] {processor.py:830} INFO - Processing file /home/airflow/.local/lib/python3.9/site-packages/airflow/example_dags/example_bash_operator.py for tasks to queue
[2024-04-21T20:14:17.159+0000] {logging_mixin.py:188} INFO - [2024-04-21T20:14:17.159+0000] {dagbag.py:540} INFO - Filling up the DagBag from /home/airflow/.local/lib/python3.9/site-packages/airflow/example_dags/example_bash_operator.py
[2024-04-21T20:14:17.189+0000] {processor.py:840} INFO - DAG(s) 'example_bash_operator' retrieved from /home/airflow/.local/lib/python3.9/site-packages/airflow/example_dags/example_bash_operator.py
[2024-04-21T20:14:17.267+0000] {logging_mixin.py:188} INFO - [2024-04-21T20:14:17.266+0000] {dag.py:3047} INFO - Sync 1 DAGs
[2024-04-21T20:14:17.314+0000] {logging_mixin.py:188} INFO - [2024-04-21T20:14:17.313+0000] {dag.py:3834} INFO - Setting next_dagrun for example_bash_operator to 2024-04-20 00:00:00+00:00, run_after=2024-04-21 00:00:00+00:00
[2024-04-21T20:14:17.374+0000] {processor.py:183} INFO - Processing /home/airflow/.local/lib/python3.9/site-packages/airflow/example_dags/example_bash_operator.py took 0.244 seconds
[2024-04-21T20:14:48.099+0000] {processor.py:161} INFO - Started process (PID=105) to work on /home/airflow/.local/lib/python3.9/site-packages/airflow/example_dags/example_bash_operator.py
[2024-04-21T20:14:48.101+0000] {processor.py:830} INFO - Processing file /home/airflow/.local/lib/python3.9/site-packages/airflow/example_dags/example_bash_operator.py for tasks to queue
[2024-04-21T20:14:48.103+0000] {logging_mixin.py:188} INFO - [2024-04-21T20:14:48.103+0000] {dagbag.py:540} INFO - Filling up the DagBag from /home/airflow/.local/lib/python3.9/site-packages/airflow/example_dags/example_bash_operator.py
[2024-04-21T20:14:48.114+0000] {processor.py:840} INFO - DAG(s) 'example_bash_operator' retrieved from /home/airflow/.local/lib/python3.9/site-packages/airflow/example_dags/example_bash_operator.py
[2024-04-21T20:14:48.306+0000] {logging_mixin.py:188} INFO - [2024-04-21T20:14:48.304+0000] {dag.py:3047} INFO - Sync 1 DAGs
[2024-04-21T20:14:48.420+0000] {logging_mixin.py:188} INFO - [2024-04-21T20:14:48.419+0000] {dag.py:3834} INFO - Setting next_dagrun for example_bash_operator to 2024-04-20 00:00:00+00:00, run_after=2024-04-21 00:00:00+00:00
[2024-04-21T20:14:48.536+0000] {processor.py:183} INFO - Processing /home/airflow/.local/lib/python3.9/site-packages/airflow/example_dags/example_bash_operator.py took 0.440 seconds
[2024-04-21T20:15:19.309+0000] {processor.py:161} INFO - Started process (PID=162) to work on /home/airflow/.local/lib/python3.9/site-packages/airflow/example_dags/example_bash_operator.py
[2024-04-21T20:15:19.311+0000] {processor.py:830} INFO - Processing file /home/airflow/.local/lib/python3.9/site-packages/airflow/example_dags/example_bash_operator.py for tasks to queue
[2024-04-21T20:15:19.313+0000] {logging_mixin.py:188} INFO - [2024-04-21T20:15:19.312+0000] {dagbag.py:540} INFO - Filling up the DagBag from /home/airflow/.local/lib/python3.9/site-packages/airflow/example_dags/example_bash_operator.py
[2024-04-21T20:15:19.330+0000] {processor.py:840} INFO - DAG(s) 'example_bash_operator' retrieved from /home/airflow/.local/lib/python3.9/site-packages/airflow/example_dags/example_bash_operator.py
[2024-04-21T20:15:19.402+0000] {logging_mixin.py:188} INFO - [2024-04-21T20:15:19.402+0000] {dag.py:3047} INFO - Sync 1 DAGs
[2024-04-21T20:15:19.431+0000] {logging_mixin.py:188} INFO - [2024-04-21T20:15:19.430+0000] {dag.py:3834} INFO - Setting next_dagrun for example_bash_operator to 2024-04-20 00:00:00+00:00, run_after=2024-04-21 00:00:00+00:00
[2024-04-21T20:15:19.465+0000] {processor.py:183} INFO - Processing /home/airflow/.local/lib/python3.9/site-packages/airflow/example_dags/example_bash_operator.py took 0.160 seconds
[2024-04-21T20:16:15.935+0000] {processor.py:161} INFO - Started process (PID=47) to work on /home/airflow/.local/lib/python3.9/site-packages/airflow/example_dags/example_bash_operator.py
[2024-04-21T20:16:15.936+0000] {processor.py:830} INFO - Processing file /home/airflow/.local/lib/python3.9/site-packages/airflow/example_dags/example_bash_operator.py for tasks to queue
[2024-04-21T20:16:15.939+0000] {logging_mixin.py:188} INFO - [2024-04-21T20:16:15.939+0000] {dagbag.py:540} INFO - Filling up the DagBag from /home/airflow/.local/lib/python3.9/site-packages/airflow/example_dags/example_bash_operator.py
[2024-04-21T20:16:15.955+0000] {processor.py:840} INFO - DAG(s) 'example_bash_operator' retrieved from /home/airflow/.local/lib/python3.9/site-packages/airflow/example_dags/example_bash_operator.py
[2024-04-21T20:16:16.030+0000] {logging_mixin.py:188} INFO - [2024-04-21T20:16:16.030+0000] {dag.py:3047} INFO - Sync 1 DAGs
[2024-04-21T20:16:16.057+0000] {logging_mixin.py:188} INFO - [2024-04-21T20:16:16.057+0000] {dag.py:3834} INFO - Setting next_dagrun for example_bash_operator to 2024-04-20 00:00:00+00:00, run_after=2024-04-21 00:00:00+00:00
[2024-04-21T20:16:16.094+0000] {processor.py:183} INFO - Processing /home/airflow/.local/lib/python3.9/site-packages/airflow/example_dags/example_bash_operator.py took 0.162 seconds
[2024-04-21T20:16:46.910+0000] {processor.py:161} INFO - Started process (PID=104) to work on /home/airflow/.local/lib/python3.9/site-packages/airflow/example_dags/example_bash_operator.py
[2024-04-21T20:16:46.912+0000] {processor.py:830} INFO - Processing file /home/airflow/.local/lib/python3.9/site-packages/airflow/example_dags/example_bash_operator.py for tasks to queue
[2024-04-21T20:16:46.914+0000] {logging_mixin.py:188} INFO - [2024-04-21T20:16:46.914+0000] {dagbag.py:540} INFO - Filling up the DagBag from /home/airflow/.local/lib/python3.9/site-packages/airflow/example_dags/example_bash_operator.py
[2024-04-21T20:16:46.930+0000] {processor.py:840} INFO - DAG(s) 'example_bash_operator' retrieved from /home/airflow/.local/lib/python3.9/site-packages/airflow/example_dags/example_bash_operator.py
[2024-04-21T20:16:46.991+0000] {logging_mixin.py:188} INFO - [2024-04-21T20:16:46.991+0000] {dag.py:3047} INFO - Sync 1 DAGs
[2024-04-21T20:16:47.017+0000] {logging_mixin.py:188} INFO - [2024-04-21T20:16:47.017+0000] {dag.py:3834} INFO - Setting next_dagrun for example_bash_operator to 2024-04-20 00:00:00+00:00, run_after=2024-04-21 00:00:00+00:00
[2024-04-21T20:16:47.050+0000] {processor.py:183} INFO - Processing /home/airflow/.local/lib/python3.9/site-packages/airflow/example_dags/example_bash_operator.py took 0.144 seconds
[2024-04-21T20:17:17.513+0000] {processor.py:161} INFO - Started process (PID=161) to work on /home/airflow/.local/lib/python3.9/site-packages/airflow/example_dags/example_bash_operator.py
[2024-04-21T20:17:17.515+0000] {processor.py:830} INFO - Processing file /home/airflow/.local/lib/python3.9/site-packages/airflow/example_dags/example_bash_operator.py for tasks to queue
[2024-04-21T20:17:17.518+0000] {logging_mixin.py:188} INFO - [2024-04-21T20:17:17.517+0000] {dagbag.py:540} INFO - Filling up the DagBag from /home/airflow/.local/lib/python3.9/site-packages/airflow/example_dags/example_bash_operator.py
[2024-04-21T20:17:17.534+0000] {processor.py:840} INFO - DAG(s) 'example_bash_operator' retrieved from /home/airflow/.local/lib/python3.9/site-packages/airflow/example_dags/example_bash_operator.py
[2024-04-21T20:17:17.630+0000] {logging_mixin.py:188} INFO - [2024-04-21T20:17:17.630+0000] {dag.py:3047} INFO - Sync 1 DAGs
[2024-04-21T20:17:17.661+0000] {logging_mixin.py:188} INFO - [2024-04-21T20:17:17.661+0000] {dag.py:3834} INFO - Setting next_dagrun for example_bash_operator to 2024-04-20 00:00:00+00:00, run_after=2024-04-21 00:00:00+00:00
[2024-04-21T20:17:17.707+0000] {processor.py:183} INFO - Processing /home/airflow/.local/lib/python3.9/site-packages/airflow/example_dags/example_bash_operator.py took 0.199 seconds
[2024-04-21T20:17:47.953+0000] {processor.py:161} INFO - Started process (PID=217) to work on /home/airflow/.local/lib/python3.9/site-packages/airflow/example_dags/example_bash_operator.py
[2024-04-21T20:17:47.954+0000] {processor.py:830} INFO - Processing file /home/airflow/.local/lib/python3.9/site-packages/airflow/example_dags/example_bash_operator.py for tasks to queue
[2024-04-21T20:17:47.956+0000] {logging_mixin.py:188} INFO - [2024-04-21T20:17:47.956+0000] {dagbag.py:540} INFO - Filling up the DagBag from /home/airflow/.local/lib/python3.9/site-packages/airflow/example_dags/example_bash_operator.py
[2024-04-21T20:17:47.967+0000] {processor.py:840} INFO - DAG(s) 'example_bash_operator' retrieved from /home/airflow/.local/lib/python3.9/site-packages/airflow/example_dags/example_bash_operator.py
[2024-04-21T20:17:48.028+0000] {logging_mixin.py:188} INFO - [2024-04-21T20:17:48.028+0000] {dag.py:3047} INFO - Sync 1 DAGs
[2024-04-21T20:17:48.055+0000] {logging_mixin.py:188} INFO - [2024-04-21T20:17:48.054+0000] {dag.py:3834} INFO - Setting next_dagrun for example_bash_operator to 2024-04-20 00:00:00+00:00, run_after=2024-04-21 00:00:00+00:00
[2024-04-21T20:17:48.087+0000] {processor.py:183} INFO - Processing /home/airflow/.local/lib/python3.9/site-packages/airflow/example_dags/example_bash_operator.py took 0.138 seconds
[2024-04-21T20:18:18.695+0000] {processor.py:161} INFO - Started process (PID=273) to work on /home/airflow/.local/lib/python3.9/site-packages/airflow/example_dags/example_bash_operator.py
[2024-04-21T20:18:18.697+0000] {processor.py:830} INFO - Processing file /home/airflow/.local/lib/python3.9/site-packages/airflow/example_dags/example_bash_operator.py for tasks to queue
[2024-04-21T20:18:18.699+0000] {logging_mixin.py:188} INFO - [2024-04-21T20:18:18.699+0000] {dagbag.py:540} INFO - Filling up the DagBag from /home/airflow/.local/lib/python3.9/site-packages/airflow/example_dags/example_bash_operator.py
[2024-04-21T20:18:18.712+0000] {processor.py:840} INFO - DAG(s) 'example_bash_operator' retrieved from /home/airflow/.local/lib/python3.9/site-packages/airflow/example_dags/example_bash_operator.py
[2024-04-21T20:18:18.788+0000] {logging_mixin.py:188} INFO - [2024-04-21T20:18:18.787+0000] {dag.py:3047} INFO - Sync 1 DAGs
[2024-04-21T20:18:18.821+0000] {logging_mixin.py:188} INFO - [2024-04-21T20:18:18.821+0000] {dag.py:3834} INFO - Setting next_dagrun for example_bash_operator to 2024-04-20 00:00:00+00:00, run_after=2024-04-21 00:00:00+00:00
[2024-04-21T20:18:18.859+0000] {processor.py:183} INFO - Processing /home/airflow/.local/lib/python3.9/site-packages/airflow/example_dags/example_bash_operator.py took 0.167 seconds
[2024-04-21T20:18:49.138+0000] {processor.py:161} INFO - Started process (PID=330) to work on /home/airflow/.local/lib/python3.9/site-packages/airflow/example_dags/example_bash_operator.py
[2024-04-21T20:18:49.140+0000] {processor.py:830} INFO - Processing file /home/airflow/.local/lib/python3.9/site-packages/airflow/example_dags/example_bash_operator.py for tasks to queue
[2024-04-21T20:18:49.142+0000] {logging_mixin.py:188} INFO - [2024-04-21T20:18:49.142+0000] {dagbag.py:540} INFO - Filling up the DagBag from /home/airflow/.local/lib/python3.9/site-packages/airflow/example_dags/example_bash_operator.py
[2024-04-21T20:18:49.156+0000] {processor.py:840} INFO - DAG(s) 'example_bash_operator' retrieved from /home/airflow/.local/lib/python3.9/site-packages/airflow/example_dags/example_bash_operator.py
[2024-04-21T20:18:49.230+0000] {logging_mixin.py:188} INFO - [2024-04-21T20:18:49.230+0000] {dag.py:3047} INFO - Sync 1 DAGs
[2024-04-21T20:18:49.261+0000] {logging_mixin.py:188} INFO - [2024-04-21T20:18:49.261+0000] {dag.py:3834} INFO - Setting next_dagrun for example_bash_operator to 2024-04-20 00:00:00+00:00, run_after=2024-04-21 00:00:00+00:00
[2024-04-21T20:18:49.298+0000] {processor.py:183} INFO - Processing /home/airflow/.local/lib/python3.9/site-packages/airflow/example_dags/example_bash_operator.py took 0.163 seconds
[2024-04-21T20:32:46.861+0000] {processor.py:161} INFO - Started process (PID=47) to work on /home/airflow/.local/lib/python3.9/site-packages/airflow/example_dags/example_bash_operator.py
[2024-04-21T20:32:46.867+0000] {processor.py:830} INFO - Processing file /home/airflow/.local/lib/python3.9/site-packages/airflow/example_dags/example_bash_operator.py for tasks to queue
[2024-04-21T20:32:46.876+0000] {logging_mixin.py:188} INFO - [2024-04-21T20:32:46.876+0000] {dagbag.py:540} INFO - Filling up the DagBag from /home/airflow/.local/lib/python3.9/site-packages/airflow/example_dags/example_bash_operator.py
[2024-04-21T20:32:46.914+0000] {processor.py:840} INFO - DAG(s) 'example_bash_operator' retrieved from /home/airflow/.local/lib/python3.9/site-packages/airflow/example_dags/example_bash_operator.py
[2024-04-21T20:32:47.027+0000] {logging_mixin.py:188} INFO - [2024-04-21T20:32:47.027+0000] {dag.py:3047} INFO - Sync 1 DAGs
[2024-04-21T20:32:47.109+0000] {logging_mixin.py:188} INFO - [2024-04-21T20:32:47.108+0000] {dag.py:3834} INFO - Setting next_dagrun for example_bash_operator to 2024-04-20 00:00:00+00:00, run_after=2024-04-21 00:00:00+00:00
[2024-04-21T20:32:47.228+0000] {processor.py:183} INFO - Processing /home/airflow/.local/lib/python3.9/site-packages/airflow/example_dags/example_bash_operator.py took 0.381 seconds
[2024-04-21T20:33:21.494+0000] {processor.py:161} INFO - Started process (PID=47) to work on /home/airflow/.local/lib/python3.9/site-packages/airflow/example_dags/example_bash_operator.py
[2024-04-21T20:33:21.499+0000] {processor.py:830} INFO - Processing file /home/airflow/.local/lib/python3.9/site-packages/airflow/example_dags/example_bash_operator.py for tasks to queue
[2024-04-21T20:33:21.506+0000] {logging_mixin.py:188} INFO - [2024-04-21T20:33:21.504+0000] {dagbag.py:540} INFO - Filling up the DagBag from /home/airflow/.local/lib/python3.9/site-packages/airflow/example_dags/example_bash_operator.py
[2024-04-21T20:33:21.577+0000] {processor.py:840} INFO - DAG(s) 'example_bash_operator' retrieved from /home/airflow/.local/lib/python3.9/site-packages/airflow/example_dags/example_bash_operator.py
[2024-04-21T20:33:21.814+0000] {logging_mixin.py:188} INFO - [2024-04-21T20:33:21.813+0000] {dag.py:3047} INFO - Sync 1 DAGs
[2024-04-21T20:33:21.836+0000] {logging_mixin.py:188} INFO - [2024-04-21T20:33:21.836+0000] {dag.py:3834} INFO - Setting next_dagrun for example_bash_operator to 2024-04-20 00:00:00+00:00, run_after=2024-04-21 00:00:00+00:00
[2024-04-21T20:33:21.873+0000] {processor.py:183} INFO - Processing /home/airflow/.local/lib/python3.9/site-packages/airflow/example_dags/example_bash_operator.py took 0.395 seconds
[2024-04-21T20:33:52.153+0000] {processor.py:161} INFO - Started process (PID=104) to work on /home/airflow/.local/lib/python3.9/site-packages/airflow/example_dags/example_bash_operator.py
[2024-04-21T20:33:52.155+0000] {processor.py:830} INFO - Processing file /home/airflow/.local/lib/python3.9/site-packages/airflow/example_dags/example_bash_operator.py for tasks to queue
[2024-04-21T20:33:52.157+0000] {logging_mixin.py:188} INFO - [2024-04-21T20:33:52.157+0000] {dagbag.py:540} INFO - Filling up the DagBag from /home/airflow/.local/lib/python3.9/site-packages/airflow/example_dags/example_bash_operator.py
[2024-04-21T20:33:52.169+0000] {processor.py:840} INFO - DAG(s) 'example_bash_operator' retrieved from /home/airflow/.local/lib/python3.9/site-packages/airflow/example_dags/example_bash_operator.py
[2024-04-21T20:33:52.243+0000] {logging_mixin.py:188} INFO - [2024-04-21T20:33:52.242+0000] {dag.py:3047} INFO - Sync 1 DAGs
[2024-04-21T20:33:52.268+0000] {logging_mixin.py:188} INFO - [2024-04-21T20:33:52.268+0000] {dag.py:3834} INFO - Setting next_dagrun for example_bash_operator to 2024-04-20 00:00:00+00:00, run_after=2024-04-21 00:00:00+00:00
[2024-04-21T20:33:52.302+0000] {processor.py:183} INFO - Processing /home/airflow/.local/lib/python3.9/site-packages/airflow/example_dags/example_bash_operator.py took 0.152 seconds
[2024-04-21T20:34:29.556+0000] {processor.py:161} INFO - Started process (PID=47) to work on /home/airflow/.local/lib/python3.9/site-packages/airflow/example_dags/example_bash_operator.py
[2024-04-21T20:34:29.557+0000] {processor.py:830} INFO - Processing file /home/airflow/.local/lib/python3.9/site-packages/airflow/example_dags/example_bash_operator.py for tasks to queue
[2024-04-21T20:34:29.560+0000] {logging_mixin.py:188} INFO - [2024-04-21T20:34:29.559+0000] {dagbag.py:540} INFO - Filling up the DagBag from /home/airflow/.local/lib/python3.9/site-packages/airflow/example_dags/example_bash_operator.py
[2024-04-21T20:34:29.575+0000] {processor.py:840} INFO - DAG(s) 'example_bash_operator' retrieved from /home/airflow/.local/lib/python3.9/site-packages/airflow/example_dags/example_bash_operator.py
[2024-04-21T20:34:29.647+0000] {logging_mixin.py:188} INFO - [2024-04-21T20:34:29.647+0000] {dag.py:3047} INFO - Sync 1 DAGs
[2024-04-21T20:34:29.679+0000] {logging_mixin.py:188} INFO - [2024-04-21T20:34:29.679+0000] {dag.py:3834} INFO - Setting next_dagrun for example_bash_operator to 2024-04-20 00:00:00+00:00, run_after=2024-04-21 00:00:00+00:00
[2024-04-21T20:34:29.714+0000] {processor.py:183} INFO - Processing /home/airflow/.local/lib/python3.9/site-packages/airflow/example_dags/example_bash_operator.py took 0.162 seconds
[2024-04-21T20:35:00.746+0000] {processor.py:161} INFO - Started process (PID=104) to work on /home/airflow/.local/lib/python3.9/site-packages/airflow/example_dags/example_bash_operator.py
[2024-04-21T20:35:00.747+0000] {processor.py:830} INFO - Processing file /home/airflow/.local/lib/python3.9/site-packages/airflow/example_dags/example_bash_operator.py for tasks to queue
[2024-04-21T20:35:00.749+0000] {logging_mixin.py:188} INFO - [2024-04-21T20:35:00.749+0000] {dagbag.py:540} INFO - Filling up the DagBag from /home/airflow/.local/lib/python3.9/site-packages/airflow/example_dags/example_bash_operator.py
[2024-04-21T20:35:00.760+0000] {processor.py:840} INFO - DAG(s) 'example_bash_operator' retrieved from /home/airflow/.local/lib/python3.9/site-packages/airflow/example_dags/example_bash_operator.py
[2024-04-21T20:35:00.824+0000] {logging_mixin.py:188} INFO - [2024-04-21T20:35:00.824+0000] {dag.py:3047} INFO - Sync 1 DAGs
[2024-04-21T20:35:00.854+0000] {logging_mixin.py:188} INFO - [2024-04-21T20:35:00.853+0000] {dag.py:3834} INFO - Setting next_dagrun for example_bash_operator to 2024-04-20 00:00:00+00:00, run_after=2024-04-21 00:00:00+00:00
[2024-04-21T20:35:00.906+0000] {processor.py:183} INFO - Processing /home/airflow/.local/lib/python3.9/site-packages/airflow/example_dags/example_bash_operator.py took 0.163 seconds
[2024-04-21T20:35:31.762+0000] {processor.py:161} INFO - Started process (PID=161) to work on /home/airflow/.local/lib/python3.9/site-packages/airflow/example_dags/example_bash_operator.py
[2024-04-21T20:35:31.764+0000] {processor.py:830} INFO - Processing file /home/airflow/.local/lib/python3.9/site-packages/airflow/example_dags/example_bash_operator.py for tasks to queue
[2024-04-21T20:35:31.766+0000] {logging_mixin.py:188} INFO - [2024-04-21T20:35:31.765+0000] {dagbag.py:540} INFO - Filling up the DagBag from /home/airflow/.local/lib/python3.9/site-packages/airflow/example_dags/example_bash_operator.py
[2024-04-21T20:35:31.777+0000] {processor.py:840} INFO - DAG(s) 'example_bash_operator' retrieved from /home/airflow/.local/lib/python3.9/site-packages/airflow/example_dags/example_bash_operator.py
[2024-04-21T20:35:31.841+0000] {logging_mixin.py:188} INFO - [2024-04-21T20:35:31.841+0000] {dag.py:3047} INFO - Sync 1 DAGs
[2024-04-21T20:35:31.867+0000] {logging_mixin.py:188} INFO - [2024-04-21T20:35:31.866+0000] {dag.py:3834} INFO - Setting next_dagrun for example_bash_operator to 2024-04-20 00:00:00+00:00, run_after=2024-04-21 00:00:00+00:00
[2024-04-21T20:35:31.902+0000] {processor.py:183} INFO - Processing /home/airflow/.local/lib/python3.9/site-packages/airflow/example_dags/example_bash_operator.py took 0.143 seconds
[2024-04-21T20:36:02.882+0000] {processor.py:161} INFO - Started process (PID=218) to work on /home/airflow/.local/lib/python3.9/site-packages/airflow/example_dags/example_bash_operator.py
[2024-04-21T20:36:02.883+0000] {processor.py:830} INFO - Processing file /home/airflow/.local/lib/python3.9/site-packages/airflow/example_dags/example_bash_operator.py for tasks to queue
[2024-04-21T20:36:02.885+0000] {logging_mixin.py:188} INFO - [2024-04-21T20:36:02.885+0000] {dagbag.py:540} INFO - Filling up the DagBag from /home/airflow/.local/lib/python3.9/site-packages/airflow/example_dags/example_bash_operator.py
[2024-04-21T20:36:02.898+0000] {processor.py:840} INFO - DAG(s) 'example_bash_operator' retrieved from /home/airflow/.local/lib/python3.9/site-packages/airflow/example_dags/example_bash_operator.py
[2024-04-21T20:36:02.964+0000] {logging_mixin.py:188} INFO - [2024-04-21T20:36:02.964+0000] {dag.py:3047} INFO - Sync 1 DAGs
[2024-04-21T20:36:02.990+0000] {logging_mixin.py:188} INFO - [2024-04-21T20:36:02.990+0000] {dag.py:3834} INFO - Setting next_dagrun for example_bash_operator to 2024-04-20 00:00:00+00:00, run_after=2024-04-21 00:00:00+00:00
[2024-04-21T20:36:03.024+0000] {processor.py:183} INFO - Processing /home/airflow/.local/lib/python3.9/site-packages/airflow/example_dags/example_bash_operator.py took 0.145 seconds
[2024-04-21T20:36:33.341+0000] {processor.py:161} INFO - Started process (PID=275) to work on /home/airflow/.local/lib/python3.9/site-packages/airflow/example_dags/example_bash_operator.py
[2024-04-21T20:36:33.342+0000] {processor.py:830} INFO - Processing file /home/airflow/.local/lib/python3.9/site-packages/airflow/example_dags/example_bash_operator.py for tasks to queue
[2024-04-21T20:36:33.344+0000] {logging_mixin.py:188} INFO - [2024-04-21T20:36:33.344+0000] {dagbag.py:540} INFO - Filling up the DagBag from /home/airflow/.local/lib/python3.9/site-packages/airflow/example_dags/example_bash_operator.py
[2024-04-21T20:36:33.358+0000] {processor.py:840} INFO - DAG(s) 'example_bash_operator' retrieved from /home/airflow/.local/lib/python3.9/site-packages/airflow/example_dags/example_bash_operator.py
[2024-04-21T20:36:33.427+0000] {logging_mixin.py:188} INFO - [2024-04-21T20:36:33.426+0000] {dag.py:3047} INFO - Sync 1 DAGs
[2024-04-21T20:36:33.456+0000] {logging_mixin.py:188} INFO - [2024-04-21T20:36:33.456+0000] {dag.py:3834} INFO - Setting next_dagrun for example_bash_operator to 2024-04-20 00:00:00+00:00, run_after=2024-04-21 00:00:00+00:00
[2024-04-21T20:36:33.496+0000] {processor.py:183} INFO - Processing /home/airflow/.local/lib/python3.9/site-packages/airflow/example_dags/example_bash_operator.py took 0.159 seconds
[2024-04-21T20:37:03.591+0000] {processor.py:161} INFO - Started process (PID=330) to work on /home/airflow/.local/lib/python3.9/site-packages/airflow/example_dags/example_bash_operator.py
[2024-04-21T20:37:03.593+0000] {processor.py:830} INFO - Processing file /home/airflow/.local/lib/python3.9/site-packages/airflow/example_dags/example_bash_operator.py for tasks to queue
[2024-04-21T20:37:03.595+0000] {logging_mixin.py:188} INFO - [2024-04-21T20:37:03.595+0000] {dagbag.py:540} INFO - Filling up the DagBag from /home/airflow/.local/lib/python3.9/site-packages/airflow/example_dags/example_bash_operator.py
[2024-04-21T20:37:03.608+0000] {processor.py:840} INFO - DAG(s) 'example_bash_operator' retrieved from /home/airflow/.local/lib/python3.9/site-packages/airflow/example_dags/example_bash_operator.py
[2024-04-21T20:37:03.670+0000] {logging_mixin.py:188} INFO - [2024-04-21T20:37:03.670+0000] {dag.py:3047} INFO - Sync 1 DAGs
[2024-04-21T20:37:03.694+0000] {logging_mixin.py:188} INFO - [2024-04-21T20:37:03.694+0000] {dag.py:3834} INFO - Setting next_dagrun for example_bash_operator to 2024-04-20 00:00:00+00:00, run_after=2024-04-21 00:00:00+00:00
[2024-04-21T20:37:03.722+0000] {processor.py:183} INFO - Processing /home/airflow/.local/lib/python3.9/site-packages/airflow/example_dags/example_bash_operator.py took 0.135 seconds
[2024-04-21T20:37:34.027+0000] {processor.py:161} INFO - Started process (PID=387) to work on /home/airflow/.local/lib/python3.9/site-packages/airflow/example_dags/example_bash_operator.py
[2024-04-21T20:37:34.028+0000] {processor.py:830} INFO - Processing file /home/airflow/.local/lib/python3.9/site-packages/airflow/example_dags/example_bash_operator.py for tasks to queue
[2024-04-21T20:37:34.030+0000] {logging_mixin.py:188} INFO - [2024-04-21T20:37:34.030+0000] {dagbag.py:540} INFO - Filling up the DagBag from /home/airflow/.local/lib/python3.9/site-packages/airflow/example_dags/example_bash_operator.py
[2024-04-21T20:37:34.042+0000] {processor.py:840} INFO - DAG(s) 'example_bash_operator' retrieved from /home/airflow/.local/lib/python3.9/site-packages/airflow/example_dags/example_bash_operator.py
[2024-04-21T20:37:34.106+0000] {logging_mixin.py:188} INFO - [2024-04-21T20:37:34.106+0000] {dag.py:3047} INFO - Sync 1 DAGs
[2024-04-21T20:37:34.131+0000] {logging_mixin.py:188} INFO - [2024-04-21T20:37:34.130+0000] {dag.py:3834} INFO - Setting next_dagrun for example_bash_operator to 2024-04-20 00:00:00+00:00, run_after=2024-04-21 00:00:00+00:00
[2024-04-21T20:37:34.164+0000] {processor.py:183} INFO - Processing /home/airflow/.local/lib/python3.9/site-packages/airflow/example_dags/example_bash_operator.py took 0.140 seconds
[2024-04-21T20:38:05.035+0000] {processor.py:161} INFO - Started process (PID=444) to work on /home/airflow/.local/lib/python3.9/site-packages/airflow/example_dags/example_bash_operator.py
[2024-04-21T20:38:05.036+0000] {processor.py:830} INFO - Processing file /home/airflow/.local/lib/python3.9/site-packages/airflow/example_dags/example_bash_operator.py for tasks to queue
[2024-04-21T20:38:05.038+0000] {logging_mixin.py:188} INFO - [2024-04-21T20:38:05.037+0000] {dagbag.py:540} INFO - Filling up the DagBag from /home/airflow/.local/lib/python3.9/site-packages/airflow/example_dags/example_bash_operator.py
[2024-04-21T20:38:05.048+0000] {processor.py:840} INFO - DAG(s) 'example_bash_operator' retrieved from /home/airflow/.local/lib/python3.9/site-packages/airflow/example_dags/example_bash_operator.py
[2024-04-21T20:38:05.110+0000] {logging_mixin.py:188} INFO - [2024-04-21T20:38:05.110+0000] {dag.py:3047} INFO - Sync 1 DAGs
[2024-04-21T20:38:05.134+0000] {logging_mixin.py:188} INFO - [2024-04-21T20:38:05.133+0000] {dag.py:3834} INFO - Setting next_dagrun for example_bash_operator to 2024-04-20 00:00:00+00:00, run_after=2024-04-21 00:00:00+00:00
[2024-04-21T20:38:05.164+0000] {processor.py:183} INFO - Processing /home/airflow/.local/lib/python3.9/site-packages/airflow/example_dags/example_bash_operator.py took 0.132 seconds
[2024-04-21T20:38:35.767+0000] {processor.py:161} INFO - Started process (PID=501) to work on /home/airflow/.local/lib/python3.9/site-packages/airflow/example_dags/example_bash_operator.py
[2024-04-21T20:38:35.769+0000] {processor.py:830} INFO - Processing file /home/airflow/.local/lib/python3.9/site-packages/airflow/example_dags/example_bash_operator.py for tasks to queue
[2024-04-21T20:38:35.773+0000] {logging_mixin.py:188} INFO - [2024-04-21T20:38:35.771+0000] {dagbag.py:540} INFO - Filling up the DagBag from /home/airflow/.local/lib/python3.9/site-packages/airflow/example_dags/example_bash_operator.py
[2024-04-21T20:38:35.794+0000] {processor.py:840} INFO - DAG(s) 'example_bash_operator' retrieved from /home/airflow/.local/lib/python3.9/site-packages/airflow/example_dags/example_bash_operator.py
[2024-04-21T20:38:36.057+0000] {logging_mixin.py:188} INFO - [2024-04-21T20:38:36.057+0000] {dag.py:3047} INFO - Sync 1 DAGs
[2024-04-21T20:38:36.107+0000] {logging_mixin.py:188} INFO - [2024-04-21T20:38:36.106+0000] {dag.py:3834} INFO - Setting next_dagrun for example_bash_operator to 2024-04-20 00:00:00+00:00, run_after=2024-04-21 00:00:00+00:00
[2024-04-21T20:38:36.181+0000] {processor.py:183} INFO - Processing /home/airflow/.local/lib/python3.9/site-packages/airflow/example_dags/example_bash_operator.py took 0.418 seconds
[2024-04-21T20:39:06.978+0000] {processor.py:161} INFO - Started process (PID=558) to work on /home/airflow/.local/lib/python3.9/site-packages/airflow/example_dags/example_bash_operator.py
[2024-04-21T20:39:06.980+0000] {processor.py:830} INFO - Processing file /home/airflow/.local/lib/python3.9/site-packages/airflow/example_dags/example_bash_operator.py for tasks to queue
[2024-04-21T20:39:06.982+0000] {logging_mixin.py:188} INFO - [2024-04-21T20:39:06.982+0000] {dagbag.py:540} INFO - Filling up the DagBag from /home/airflow/.local/lib/python3.9/site-packages/airflow/example_dags/example_bash_operator.py
[2024-04-21T20:39:06.993+0000] {processor.py:840} INFO - DAG(s) 'example_bash_operator' retrieved from /home/airflow/.local/lib/python3.9/site-packages/airflow/example_dags/example_bash_operator.py
[2024-04-21T20:39:07.054+0000] {logging_mixin.py:188} INFO - [2024-04-21T20:39:07.054+0000] {dag.py:3047} INFO - Sync 1 DAGs
[2024-04-21T20:39:07.079+0000] {logging_mixin.py:188} INFO - [2024-04-21T20:39:07.078+0000] {dag.py:3834} INFO - Setting next_dagrun for example_bash_operator to 2024-04-20 00:00:00+00:00, run_after=2024-04-21 00:00:00+00:00
[2024-04-21T20:39:07.114+0000] {processor.py:183} INFO - Processing /home/airflow/.local/lib/python3.9/site-packages/airflow/example_dags/example_bash_operator.py took 0.138 seconds
[2024-04-21T20:40:40.826+0000] {processor.py:161} INFO - Started process (PID=591) to work on /home/airflow/.local/lib/python3.9/site-packages/airflow/example_dags/example_bash_operator.py
[2024-04-21T20:40:40.828+0000] {processor.py:830} INFO - Processing file /home/airflow/.local/lib/python3.9/site-packages/airflow/example_dags/example_bash_operator.py for tasks to queue
[2024-04-21T20:40:40.830+0000] {logging_mixin.py:188} INFO - [2024-04-21T20:40:40.830+0000] {dagbag.py:540} INFO - Filling up the DagBag from /home/airflow/.local/lib/python3.9/site-packages/airflow/example_dags/example_bash_operator.py
[2024-04-21T20:40:40.840+0000] {processor.py:840} INFO - DAG(s) 'example_bash_operator' retrieved from /home/airflow/.local/lib/python3.9/site-packages/airflow/example_dags/example_bash_operator.py
[2024-04-21T20:40:40.906+0000] {logging_mixin.py:188} INFO - [2024-04-21T20:40:40.906+0000] {dag.py:3047} INFO - Sync 1 DAGs
[2024-04-21T20:40:40.927+0000] {logging_mixin.py:188} INFO - [2024-04-21T20:40:40.927+0000] {dag.py:3834} INFO - Setting next_dagrun for example_bash_operator to 2024-04-20 00:00:00+00:00, run_after=2024-04-21 00:00:00+00:00
[2024-04-21T20:40:40.962+0000] {processor.py:183} INFO - Processing /home/airflow/.local/lib/python3.9/site-packages/airflow/example_dags/example_bash_operator.py took 0.138 seconds
[2024-04-21T20:41:11.409+0000] {processor.py:161} INFO - Started process (PID=650) to work on /home/airflow/.local/lib/python3.9/site-packages/airflow/example_dags/example_bash_operator.py
[2024-04-21T20:41:11.411+0000] {processor.py:830} INFO - Processing file /home/airflow/.local/lib/python3.9/site-packages/airflow/example_dags/example_bash_operator.py for tasks to queue
[2024-04-21T20:41:11.414+0000] {logging_mixin.py:188} INFO - [2024-04-21T20:41:11.413+0000] {dagbag.py:540} INFO - Filling up the DagBag from /home/airflow/.local/lib/python3.9/site-packages/airflow/example_dags/example_bash_operator.py
[2024-04-21T20:41:11.425+0000] {processor.py:840} INFO - DAG(s) 'example_bash_operator' retrieved from /home/airflow/.local/lib/python3.9/site-packages/airflow/example_dags/example_bash_operator.py
[2024-04-21T20:41:11.492+0000] {logging_mixin.py:188} INFO - [2024-04-21T20:41:11.492+0000] {dag.py:3047} INFO - Sync 1 DAGs
[2024-04-21T20:41:11.518+0000] {logging_mixin.py:188} INFO - [2024-04-21T20:41:11.518+0000] {dag.py:3834} INFO - Setting next_dagrun for example_bash_operator to 2024-04-20 00:00:00+00:00, run_after=2024-04-21 00:00:00+00:00
[2024-04-21T20:41:11.554+0000] {processor.py:183} INFO - Processing /home/airflow/.local/lib/python3.9/site-packages/airflow/example_dags/example_bash_operator.py took 0.147 seconds
[2024-04-21T20:41:41.707+0000] {processor.py:161} INFO - Started process (PID=707) to work on /home/airflow/.local/lib/python3.9/site-packages/airflow/example_dags/example_bash_operator.py
[2024-04-21T20:41:41.708+0000] {processor.py:830} INFO - Processing file /home/airflow/.local/lib/python3.9/site-packages/airflow/example_dags/example_bash_operator.py for tasks to queue
[2024-04-21T20:41:41.710+0000] {logging_mixin.py:188} INFO - [2024-04-21T20:41:41.710+0000] {dagbag.py:540} INFO - Filling up the DagBag from /home/airflow/.local/lib/python3.9/site-packages/airflow/example_dags/example_bash_operator.py
[2024-04-21T20:41:41.721+0000] {processor.py:840} INFO - DAG(s) 'example_bash_operator' retrieved from /home/airflow/.local/lib/python3.9/site-packages/airflow/example_dags/example_bash_operator.py
[2024-04-21T20:41:41.779+0000] {logging_mixin.py:188} INFO - [2024-04-21T20:41:41.779+0000] {dag.py:3047} INFO - Sync 1 DAGs
[2024-04-21T20:41:41.798+0000] {logging_mixin.py:188} INFO - [2024-04-21T20:41:41.798+0000] {dag.py:3834} INFO - Setting next_dagrun for example_bash_operator to 2024-04-20 00:00:00+00:00, run_after=2024-04-21 00:00:00+00:00
[2024-04-21T20:41:41.824+0000] {processor.py:183} INFO - Processing /home/airflow/.local/lib/python3.9/site-packages/airflow/example_dags/example_bash_operator.py took 0.120 seconds
[2024-04-21T20:42:36.246+0000] {processor.py:161} INFO - Started process (PID=47) to work on /home/airflow/.local/lib/python3.9/site-packages/airflow/example_dags/example_bash_operator.py
[2024-04-21T20:42:36.247+0000] {processor.py:830} INFO - Processing file /home/airflow/.local/lib/python3.9/site-packages/airflow/example_dags/example_bash_operator.py for tasks to queue
[2024-04-21T20:42:36.249+0000] {logging_mixin.py:188} INFO - [2024-04-21T20:42:36.249+0000] {dagbag.py:540} INFO - Filling up the DagBag from /home/airflow/.local/lib/python3.9/site-packages/airflow/example_dags/example_bash_operator.py
[2024-04-21T20:42:36.262+0000] {processor.py:840} INFO - DAG(s) 'example_bash_operator' retrieved from /home/airflow/.local/lib/python3.9/site-packages/airflow/example_dags/example_bash_operator.py
[2024-04-21T20:42:36.331+0000] {logging_mixin.py:188} INFO - [2024-04-21T20:42:36.331+0000] {dag.py:3047} INFO - Sync 1 DAGs
[2024-04-21T20:42:36.357+0000] {logging_mixin.py:188} INFO - [2024-04-21T20:42:36.357+0000] {dag.py:3834} INFO - Setting next_dagrun for example_bash_operator to 2024-04-20 00:00:00+00:00, run_after=2024-04-21 00:00:00+00:00
[2024-04-21T20:42:36.390+0000] {processor.py:183} INFO - Processing /home/airflow/.local/lib/python3.9/site-packages/airflow/example_dags/example_bash_operator.py took 0.146 seconds
[2024-04-21T20:43:07.581+0000] {processor.py:161} INFO - Started process (PID=104) to work on /home/airflow/.local/lib/python3.9/site-packages/airflow/example_dags/example_bash_operator.py
[2024-04-21T20:43:07.583+0000] {processor.py:830} INFO - Processing file /home/airflow/.local/lib/python3.9/site-packages/airflow/example_dags/example_bash_operator.py for tasks to queue
[2024-04-21T20:43:07.585+0000] {logging_mixin.py:188} INFO - [2024-04-21T20:43:07.584+0000] {dagbag.py:540} INFO - Filling up the DagBag from /home/airflow/.local/lib/python3.9/site-packages/airflow/example_dags/example_bash_operator.py
[2024-04-21T20:43:07.598+0000] {processor.py:840} INFO - DAG(s) 'example_bash_operator' retrieved from /home/airflow/.local/lib/python3.9/site-packages/airflow/example_dags/example_bash_operator.py
[2024-04-21T20:43:07.669+0000] {logging_mixin.py:188} INFO - [2024-04-21T20:43:07.669+0000] {dag.py:3047} INFO - Sync 1 DAGs
[2024-04-21T20:43:07.701+0000] {logging_mixin.py:188} INFO - [2024-04-21T20:43:07.700+0000] {dag.py:3834} INFO - Setting next_dagrun for example_bash_operator to 2024-04-20 00:00:00+00:00, run_after=2024-04-21 00:00:00+00:00
[2024-04-21T20:43:07.738+0000] {processor.py:183} INFO - Processing /home/airflow/.local/lib/python3.9/site-packages/airflow/example_dags/example_bash_operator.py took 0.159 seconds
[2024-04-21T20:43:37.919+0000] {processor.py:161} INFO - Started process (PID=161) to work on /home/airflow/.local/lib/python3.9/site-packages/airflow/example_dags/example_bash_operator.py
[2024-04-21T20:43:37.920+0000] {processor.py:830} INFO - Processing file /home/airflow/.local/lib/python3.9/site-packages/airflow/example_dags/example_bash_operator.py for tasks to queue
[2024-04-21T20:43:37.922+0000] {logging_mixin.py:188} INFO - [2024-04-21T20:43:37.922+0000] {dagbag.py:540} INFO - Filling up the DagBag from /home/airflow/.local/lib/python3.9/site-packages/airflow/example_dags/example_bash_operator.py
[2024-04-21T20:43:37.933+0000] {processor.py:840} INFO - DAG(s) 'example_bash_operator' retrieved from /home/airflow/.local/lib/python3.9/site-packages/airflow/example_dags/example_bash_operator.py
[2024-04-21T20:43:37.997+0000] {logging_mixin.py:188} INFO - [2024-04-21T20:43:37.997+0000] {dag.py:3047} INFO - Sync 1 DAGs
[2024-04-21T20:43:38.023+0000] {logging_mixin.py:188} INFO - [2024-04-21T20:43:38.023+0000] {dag.py:3834} INFO - Setting next_dagrun for example_bash_operator to 2024-04-20 00:00:00+00:00, run_after=2024-04-21 00:00:00+00:00
[2024-04-21T20:43:38.065+0000] {processor.py:183} INFO - Processing /home/airflow/.local/lib/python3.9/site-packages/airflow/example_dags/example_bash_operator.py took 0.150 seconds
[2024-04-21T20:44:09.210+0000] {processor.py:161} INFO - Started process (PID=218) to work on /home/airflow/.local/lib/python3.9/site-packages/airflow/example_dags/example_bash_operator.py
[2024-04-21T20:44:09.212+0000] {processor.py:830} INFO - Processing file /home/airflow/.local/lib/python3.9/site-packages/airflow/example_dags/example_bash_operator.py for tasks to queue
[2024-04-21T20:44:09.214+0000] {logging_mixin.py:188} INFO - [2024-04-21T20:44:09.214+0000] {dagbag.py:540} INFO - Filling up the DagBag from /home/airflow/.local/lib/python3.9/site-packages/airflow/example_dags/example_bash_operator.py
[2024-04-21T20:44:09.228+0000] {processor.py:840} INFO - DAG(s) 'example_bash_operator' retrieved from /home/airflow/.local/lib/python3.9/site-packages/airflow/example_dags/example_bash_operator.py
[2024-04-21T20:44:09.310+0000] {logging_mixin.py:188} INFO - [2024-04-21T20:44:09.309+0000] {dag.py:3047} INFO - Sync 1 DAGs
[2024-04-21T20:44:09.343+0000] {logging_mixin.py:188} INFO - [2024-04-21T20:44:09.342+0000] {dag.py:3834} INFO - Setting next_dagrun for example_bash_operator to 2024-04-20 00:00:00+00:00, run_after=2024-04-21 00:00:00+00:00
[2024-04-21T20:44:09.382+0000] {processor.py:183} INFO - Processing /home/airflow/.local/lib/python3.9/site-packages/airflow/example_dags/example_bash_operator.py took 0.176 seconds
[2024-04-21T20:44:39.863+0000] {processor.py:161} INFO - Started process (PID=273) to work on /home/airflow/.local/lib/python3.9/site-packages/airflow/example_dags/example_bash_operator.py
[2024-04-21T20:44:39.864+0000] {processor.py:830} INFO - Processing file /home/airflow/.local/lib/python3.9/site-packages/airflow/example_dags/example_bash_operator.py for tasks to queue
[2024-04-21T20:44:39.867+0000] {logging_mixin.py:188} INFO - [2024-04-21T20:44:39.867+0000] {dagbag.py:540} INFO - Filling up the DagBag from /home/airflow/.local/lib/python3.9/site-packages/airflow/example_dags/example_bash_operator.py
[2024-04-21T20:44:39.882+0000] {processor.py:840} INFO - DAG(s) 'example_bash_operator' retrieved from /home/airflow/.local/lib/python3.9/site-packages/airflow/example_dags/example_bash_operator.py
[2024-04-21T20:44:39.956+0000] {logging_mixin.py:188} INFO - [2024-04-21T20:44:39.956+0000] {dag.py:3047} INFO - Sync 1 DAGs
[2024-04-21T20:44:39.985+0000] {logging_mixin.py:188} INFO - [2024-04-21T20:44:39.985+0000] {dag.py:3834} INFO - Setting next_dagrun for example_bash_operator to 2024-04-20 00:00:00+00:00, run_after=2024-04-21 00:00:00+00:00
[2024-04-21T20:44:40.033+0000] {processor.py:183} INFO - Processing /home/airflow/.local/lib/python3.9/site-packages/airflow/example_dags/example_bash_operator.py took 0.173 seconds
[2024-04-21T20:45:10.524+0000] {processor.py:161} INFO - Started process (PID=330) to work on /home/airflow/.local/lib/python3.9/site-packages/airflow/example_dags/example_bash_operator.py
[2024-04-21T20:45:10.525+0000] {processor.py:830} INFO - Processing file /home/airflow/.local/lib/python3.9/site-packages/airflow/example_dags/example_bash_operator.py for tasks to queue
[2024-04-21T20:45:10.528+0000] {logging_mixin.py:188} INFO - [2024-04-21T20:45:10.527+0000] {dagbag.py:540} INFO - Filling up the DagBag from /home/airflow/.local/lib/python3.9/site-packages/airflow/example_dags/example_bash_operator.py
[2024-04-21T20:45:10.540+0000] {processor.py:840} INFO - DAG(s) 'example_bash_operator' retrieved from /home/airflow/.local/lib/python3.9/site-packages/airflow/example_dags/example_bash_operator.py
[2024-04-21T20:45:10.606+0000] {logging_mixin.py:188} INFO - [2024-04-21T20:45:10.606+0000] {dag.py:3047} INFO - Sync 1 DAGs
[2024-04-21T20:45:10.630+0000] {logging_mixin.py:188} INFO - [2024-04-21T20:45:10.629+0000] {dag.py:3834} INFO - Setting next_dagrun for example_bash_operator to 2024-04-20 00:00:00+00:00, run_after=2024-04-21 00:00:00+00:00
[2024-04-21T20:45:10.660+0000] {processor.py:183} INFO - Processing /home/airflow/.local/lib/python3.9/site-packages/airflow/example_dags/example_bash_operator.py took 0.139 seconds
[2024-04-21T20:45:41.293+0000] {processor.py:161} INFO - Started process (PID=387) to work on /home/airflow/.local/lib/python3.9/site-packages/airflow/example_dags/example_bash_operator.py
[2024-04-21T20:45:41.302+0000] {processor.py:830} INFO - Processing file /home/airflow/.local/lib/python3.9/site-packages/airflow/example_dags/example_bash_operator.py for tasks to queue
[2024-04-21T20:45:41.309+0000] {logging_mixin.py:188} INFO - [2024-04-21T20:45:41.308+0000] {dagbag.py:540} INFO - Filling up the DagBag from /home/airflow/.local/lib/python3.9/site-packages/airflow/example_dags/example_bash_operator.py
[2024-04-21T20:45:41.361+0000] {processor.py:840} INFO - DAG(s) 'example_bash_operator' retrieved from /home/airflow/.local/lib/python3.9/site-packages/airflow/example_dags/example_bash_operator.py
[2024-04-21T20:45:41.493+0000] {logging_mixin.py:188} INFO - [2024-04-21T20:45:41.492+0000] {dag.py:3047} INFO - Sync 1 DAGs
[2024-04-21T20:45:41.538+0000] {logging_mixin.py:188} INFO - [2024-04-21T20:45:41.538+0000] {dag.py:3834} INFO - Setting next_dagrun for example_bash_operator to 2024-04-20 00:00:00+00:00, run_after=2024-04-21 00:00:00+00:00
[2024-04-21T20:45:41.588+0000] {processor.py:183} INFO - Processing /home/airflow/.local/lib/python3.9/site-packages/airflow/example_dags/example_bash_operator.py took 0.309 seconds
[2024-04-21T20:46:12.443+0000] {processor.py:161} INFO - Started process (PID=444) to work on /home/airflow/.local/lib/python3.9/site-packages/airflow/example_dags/example_bash_operator.py
[2024-04-21T20:46:12.444+0000] {processor.py:830} INFO - Processing file /home/airflow/.local/lib/python3.9/site-packages/airflow/example_dags/example_bash_operator.py for tasks to queue
[2024-04-21T20:46:12.446+0000] {logging_mixin.py:188} INFO - [2024-04-21T20:46:12.446+0000] {dagbag.py:540} INFO - Filling up the DagBag from /home/airflow/.local/lib/python3.9/site-packages/airflow/example_dags/example_bash_operator.py
[2024-04-21T20:46:12.458+0000] {processor.py:840} INFO - DAG(s) 'example_bash_operator' retrieved from /home/airflow/.local/lib/python3.9/site-packages/airflow/example_dags/example_bash_operator.py
[2024-04-21T20:46:12.519+0000] {logging_mixin.py:188} INFO - [2024-04-21T20:46:12.519+0000] {dag.py:3047} INFO - Sync 1 DAGs
[2024-04-21T20:46:12.545+0000] {logging_mixin.py:188} INFO - [2024-04-21T20:46:12.544+0000] {dag.py:3834} INFO - Setting next_dagrun for example_bash_operator to 2024-04-20 00:00:00+00:00, run_after=2024-04-21 00:00:00+00:00
[2024-04-21T20:46:12.579+0000] {processor.py:183} INFO - Processing /home/airflow/.local/lib/python3.9/site-packages/airflow/example_dags/example_bash_operator.py took 0.139 seconds
[2024-04-21T20:46:42.995+0000] {processor.py:161} INFO - Started process (PID=501) to work on /home/airflow/.local/lib/python3.9/site-packages/airflow/example_dags/example_bash_operator.py
[2024-04-21T20:46:42.997+0000] {processor.py:830} INFO - Processing file /home/airflow/.local/lib/python3.9/site-packages/airflow/example_dags/example_bash_operator.py for tasks to queue
[2024-04-21T20:46:43.000+0000] {logging_mixin.py:188} INFO - [2024-04-21T20:46:43.000+0000] {dagbag.py:540} INFO - Filling up the DagBag from /home/airflow/.local/lib/python3.9/site-packages/airflow/example_dags/example_bash_operator.py
[2024-04-21T20:46:43.013+0000] {processor.py:840} INFO - DAG(s) 'example_bash_operator' retrieved from /home/airflow/.local/lib/python3.9/site-packages/airflow/example_dags/example_bash_operator.py
[2024-04-21T20:46:43.078+0000] {logging_mixin.py:188} INFO - [2024-04-21T20:46:43.078+0000] {dag.py:3047} INFO - Sync 1 DAGs
[2024-04-21T20:46:43.109+0000] {logging_mixin.py:188} INFO - [2024-04-21T20:46:43.108+0000] {dag.py:3834} INFO - Setting next_dagrun for example_bash_operator to 2024-04-20 00:00:00+00:00, run_after=2024-04-21 00:00:00+00:00
[2024-04-21T20:46:43.145+0000] {processor.py:183} INFO - Processing /home/airflow/.local/lib/python3.9/site-packages/airflow/example_dags/example_bash_operator.py took 0.153 seconds
[2024-04-21T20:47:13.612+0000] {processor.py:161} INFO - Started process (PID=558) to work on /home/airflow/.local/lib/python3.9/site-packages/airflow/example_dags/example_bash_operator.py
[2024-04-21T20:47:13.614+0000] {processor.py:830} INFO - Processing file /home/airflow/.local/lib/python3.9/site-packages/airflow/example_dags/example_bash_operator.py for tasks to queue
[2024-04-21T20:47:13.616+0000] {logging_mixin.py:188} INFO - [2024-04-21T20:47:13.616+0000] {dagbag.py:540} INFO - Filling up the DagBag from /home/airflow/.local/lib/python3.9/site-packages/airflow/example_dags/example_bash_operator.py
[2024-04-21T20:47:13.626+0000] {processor.py:840} INFO - DAG(s) 'example_bash_operator' retrieved from /home/airflow/.local/lib/python3.9/site-packages/airflow/example_dags/example_bash_operator.py
[2024-04-21T20:47:13.689+0000] {logging_mixin.py:188} INFO - [2024-04-21T20:47:13.689+0000] {dag.py:3047} INFO - Sync 1 DAGs
[2024-04-21T20:47:13.713+0000] {logging_mixin.py:188} INFO - [2024-04-21T20:47:13.713+0000] {dag.py:3834} INFO - Setting next_dagrun for example_bash_operator to 2024-04-20 00:00:00+00:00, run_after=2024-04-21 00:00:00+00:00
[2024-04-21T20:47:13.746+0000] {processor.py:183} INFO - Processing /home/airflow/.local/lib/python3.9/site-packages/airflow/example_dags/example_bash_operator.py took 0.137 seconds
[2024-04-21T20:47:44.516+0000] {processor.py:161} INFO - Started process (PID=615) to work on /home/airflow/.local/lib/python3.9/site-packages/airflow/example_dags/example_bash_operator.py
[2024-04-21T20:47:44.517+0000] {processor.py:830} INFO - Processing file /home/airflow/.local/lib/python3.9/site-packages/airflow/example_dags/example_bash_operator.py for tasks to queue
[2024-04-21T20:47:44.519+0000] {logging_mixin.py:188} INFO - [2024-04-21T20:47:44.519+0000] {dagbag.py:540} INFO - Filling up the DagBag from /home/airflow/.local/lib/python3.9/site-packages/airflow/example_dags/example_bash_operator.py
[2024-04-21T20:47:44.530+0000] {processor.py:840} INFO - DAG(s) 'example_bash_operator' retrieved from /home/airflow/.local/lib/python3.9/site-packages/airflow/example_dags/example_bash_operator.py
[2024-04-21T20:47:44.592+0000] {logging_mixin.py:188} INFO - [2024-04-21T20:47:44.592+0000] {dag.py:3047} INFO - Sync 1 DAGs
[2024-04-21T20:47:44.616+0000] {logging_mixin.py:188} INFO - [2024-04-21T20:47:44.616+0000] {dag.py:3834} INFO - Setting next_dagrun for example_bash_operator to 2024-04-20 00:00:00+00:00, run_after=2024-04-21 00:00:00+00:00
[2024-04-21T20:47:44.647+0000] {processor.py:183} INFO - Processing /home/airflow/.local/lib/python3.9/site-packages/airflow/example_dags/example_bash_operator.py took 0.135 seconds
[2024-04-21T21:00:44.737+0000] {processor.py:161} INFO - Started process (PID=47) to work on /home/airflow/.local/lib/python3.9/site-packages/airflow/example_dags/example_bash_operator.py
[2024-04-21T21:00:44.738+0000] {processor.py:830} INFO - Processing file /home/airflow/.local/lib/python3.9/site-packages/airflow/example_dags/example_bash_operator.py for tasks to queue
[2024-04-21T21:00:44.750+0000] {logging_mixin.py:188} INFO - [2024-04-21T21:00:44.748+0000] {dagbag.py:540} INFO - Filling up the DagBag from /home/airflow/.local/lib/python3.9/site-packages/airflow/example_dags/example_bash_operator.py
[2024-04-21T21:00:44.785+0000] {processor.py:840} INFO - DAG(s) 'example_bash_operator' retrieved from /home/airflow/.local/lib/python3.9/site-packages/airflow/example_dags/example_bash_operator.py
[2024-04-21T21:00:45.204+0000] {logging_mixin.py:188} INFO - [2024-04-21T21:00:45.204+0000] {dag.py:3047} INFO - Sync 1 DAGs
[2024-04-21T21:00:45.263+0000] {logging_mixin.py:188} INFO - [2024-04-21T21:00:45.262+0000] {dag.py:3834} INFO - Setting next_dagrun for example_bash_operator to 2024-04-20 00:00:00+00:00, run_after=2024-04-21 00:00:00+00:00
[2024-04-21T21:00:45.324+0000] {processor.py:183} INFO - Processing /home/airflow/.local/lib/python3.9/site-packages/airflow/example_dags/example_bash_operator.py took 0.593 seconds
[2024-04-21T21:01:15.478+0000] {processor.py:161} INFO - Started process (PID=105) to work on /home/airflow/.local/lib/python3.9/site-packages/airflow/example_dags/example_bash_operator.py
[2024-04-21T21:01:15.480+0000] {processor.py:830} INFO - Processing file /home/airflow/.local/lib/python3.9/site-packages/airflow/example_dags/example_bash_operator.py for tasks to queue
[2024-04-21T21:01:15.486+0000] {logging_mixin.py:188} INFO - [2024-04-21T21:01:15.485+0000] {dagbag.py:540} INFO - Filling up the DagBag from /home/airflow/.local/lib/python3.9/site-packages/airflow/example_dags/example_bash_operator.py
[2024-04-21T21:01:15.513+0000] {processor.py:840} INFO - DAG(s) 'example_bash_operator' retrieved from /home/airflow/.local/lib/python3.9/site-packages/airflow/example_dags/example_bash_operator.py
[2024-04-21T21:01:15.632+0000] {logging_mixin.py:188} INFO - [2024-04-21T21:01:15.632+0000] {dag.py:3047} INFO - Sync 1 DAGs
[2024-04-21T21:01:15.702+0000] {logging_mixin.py:188} INFO - [2024-04-21T21:01:15.701+0000] {dag.py:3834} INFO - Setting next_dagrun for example_bash_operator to 2024-04-20 00:00:00+00:00, run_after=2024-04-21 00:00:00+00:00
[2024-04-21T21:01:15.776+0000] {processor.py:183} INFO - Processing /home/airflow/.local/lib/python3.9/site-packages/airflow/example_dags/example_bash_operator.py took 0.306 seconds
[2024-04-21T21:04:15.846+0000] {processor.py:161} INFO - Started process (PID=59) to work on /home/airflow/.local/lib/python3.9/site-packages/airflow/example_dags/example_bash_operator.py
[2024-04-21T21:04:15.848+0000] {processor.py:830} INFO - Processing file /home/airflow/.local/lib/python3.9/site-packages/airflow/example_dags/example_bash_operator.py for tasks to queue
[2024-04-21T21:04:15.851+0000] {logging_mixin.py:188} INFO - [2024-04-21T21:04:15.850+0000] {dagbag.py:540} INFO - Filling up the DagBag from /home/airflow/.local/lib/python3.9/site-packages/airflow/example_dags/example_bash_operator.py
[2024-04-21T21:04:15.880+0000] {processor.py:840} INFO - DAG(s) 'example_bash_operator' retrieved from /home/airflow/.local/lib/python3.9/site-packages/airflow/example_dags/example_bash_operator.py
[2024-04-21T21:04:16.014+0000] {logging_mixin.py:188} INFO - [2024-04-21T21:04:16.013+0000] {dag.py:3047} INFO - Sync 1 DAGs
[2024-04-21T21:04:16.061+0000] {logging_mixin.py:188} INFO - [2024-04-21T21:04:16.061+0000] {dag.py:3834} INFO - Setting next_dagrun for example_bash_operator to 2024-04-20 00:00:00+00:00, run_after=2024-04-21 00:00:00+00:00
[2024-04-21T21:04:16.127+0000] {processor.py:183} INFO - Processing /home/airflow/.local/lib/python3.9/site-packages/airflow/example_dags/example_bash_operator.py took 0.286 seconds
[2024-04-21T21:04:46.927+0000] {processor.py:161} INFO - Started process (PID=116) to work on /home/airflow/.local/lib/python3.9/site-packages/airflow/example_dags/example_bash_operator.py
[2024-04-21T21:04:46.929+0000] {processor.py:830} INFO - Processing file /home/airflow/.local/lib/python3.9/site-packages/airflow/example_dags/example_bash_operator.py for tasks to queue
[2024-04-21T21:04:46.932+0000] {logging_mixin.py:188} INFO - [2024-04-21T21:04:46.931+0000] {dagbag.py:540} INFO - Filling up the DagBag from /home/airflow/.local/lib/python3.9/site-packages/airflow/example_dags/example_bash_operator.py
[2024-04-21T21:04:46.948+0000] {processor.py:840} INFO - DAG(s) 'example_bash_operator' retrieved from /home/airflow/.local/lib/python3.9/site-packages/airflow/example_dags/example_bash_operator.py
[2024-04-21T21:04:47.029+0000] {logging_mixin.py:188} INFO - [2024-04-21T21:04:47.028+0000] {dag.py:3047} INFO - Sync 1 DAGs
[2024-04-21T21:04:47.064+0000] {logging_mixin.py:188} INFO - [2024-04-21T21:04:47.063+0000] {dag.py:3834} INFO - Setting next_dagrun for example_bash_operator to 2024-04-20 00:00:00+00:00, run_after=2024-04-21 00:00:00+00:00
[2024-04-21T21:04:47.108+0000] {processor.py:183} INFO - Processing /home/airflow/.local/lib/python3.9/site-packages/airflow/example_dags/example_bash_operator.py took 0.186 seconds
[2024-04-21T21:05:18.107+0000] {processor.py:161} INFO - Started process (PID=177) to work on /home/airflow/.local/lib/python3.9/site-packages/airflow/example_dags/example_bash_operator.py
[2024-04-21T21:05:18.109+0000] {processor.py:830} INFO - Processing file /home/airflow/.local/lib/python3.9/site-packages/airflow/example_dags/example_bash_operator.py for tasks to queue
[2024-04-21T21:05:18.111+0000] {logging_mixin.py:188} INFO - [2024-04-21T21:05:18.111+0000] {dagbag.py:540} INFO - Filling up the DagBag from /home/airflow/.local/lib/python3.9/site-packages/airflow/example_dags/example_bash_operator.py
[2024-04-21T21:05:18.126+0000] {processor.py:840} INFO - DAG(s) 'example_bash_operator' retrieved from /home/airflow/.local/lib/python3.9/site-packages/airflow/example_dags/example_bash_operator.py
[2024-04-21T21:05:18.196+0000] {logging_mixin.py:188} INFO - [2024-04-21T21:05:18.195+0000] {dag.py:3047} INFO - Sync 1 DAGs
[2024-04-21T21:05:18.228+0000] {logging_mixin.py:188} INFO - [2024-04-21T21:05:18.227+0000] {dag.py:3834} INFO - Setting next_dagrun for example_bash_operator to 2024-04-20 00:00:00+00:00, run_after=2024-04-21 00:00:00+00:00
[2024-04-21T21:05:18.264+0000] {processor.py:183} INFO - Processing /home/airflow/.local/lib/python3.9/site-packages/airflow/example_dags/example_bash_operator.py took 0.161 seconds
[2024-04-21T21:05:48.478+0000] {processor.py:161} INFO - Started process (PID=238) to work on /home/airflow/.local/lib/python3.9/site-packages/airflow/example_dags/example_bash_operator.py
[2024-04-21T21:05:48.480+0000] {processor.py:830} INFO - Processing file /home/airflow/.local/lib/python3.9/site-packages/airflow/example_dags/example_bash_operator.py for tasks to queue
[2024-04-21T21:05:48.483+0000] {logging_mixin.py:188} INFO - [2024-04-21T21:05:48.482+0000] {dagbag.py:540} INFO - Filling up the DagBag from /home/airflow/.local/lib/python3.9/site-packages/airflow/example_dags/example_bash_operator.py
[2024-04-21T21:05:48.495+0000] {processor.py:840} INFO - DAG(s) 'example_bash_operator' retrieved from /home/airflow/.local/lib/python3.9/site-packages/airflow/example_dags/example_bash_operator.py
[2024-04-21T21:05:48.584+0000] {logging_mixin.py:188} INFO - [2024-04-21T21:05:48.584+0000] {dag.py:3047} INFO - Sync 1 DAGs
[2024-04-21T21:05:48.622+0000] {logging_mixin.py:188} INFO - [2024-04-21T21:05:48.622+0000] {dag.py:3834} INFO - Setting next_dagrun for example_bash_operator to 2024-04-20 00:00:00+00:00, run_after=2024-04-21 00:00:00+00:00
[2024-04-21T21:05:48.663+0000] {processor.py:183} INFO - Processing /home/airflow/.local/lib/python3.9/site-packages/airflow/example_dags/example_bash_operator.py took 0.188 seconds
