[2024-04-21T19:52:05.912+0000] {processor.py:161} INFO - Started process (PID=76) to work on /home/airflow/.local/lib/python3.9/site-packages/airflow/example_dags/example_nested_branch_dag.py
[2024-04-21T19:52:05.914+0000] {processor.py:830} INFO - Processing file /home/airflow/.local/lib/python3.9/site-packages/airflow/example_dags/example_nested_branch_dag.py for tasks to queue
[2024-04-21T19:52:05.917+0000] {logging_mixin.py:188} INFO - [2024-04-21T19:52:05.917+0000] {dagbag.py:540} INFO - Filling up the DagBag from /home/airflow/.local/lib/python3.9/site-packages/airflow/example_dags/example_nested_branch_dag.py
[2024-04-21T19:52:05.932+0000] {processor.py:840} INFO - DAG(s) 'example_nested_branch_dag' retrieved from /home/airflow/.local/lib/python3.9/site-packages/airflow/example_dags/example_nested_branch_dag.py
[2024-04-21T19:52:06.239+0000] {logging_mixin.py:188} INFO - [2024-04-21T19:52:06.239+0000] {dag.py:3047} INFO - Sync 1 DAGs
[2024-04-21T19:52:06.278+0000] {logging_mixin.py:188} INFO - [2024-04-21T19:52:06.278+0000] {dag.py:3834} INFO - Setting next_dagrun for example_nested_branch_dag to 2024-04-20 00:00:00+00:00, run_after=2024-04-21 00:00:00+00:00
[2024-04-21T19:52:06.330+0000] {processor.py:183} INFO - Processing /home/airflow/.local/lib/python3.9/site-packages/airflow/example_dags/example_nested_branch_dag.py took 0.423 seconds
[2024-04-21T19:52:36.921+0000] {processor.py:161} INFO - Started process (PID=133) to work on /home/airflow/.local/lib/python3.9/site-packages/airflow/example_dags/example_nested_branch_dag.py
[2024-04-21T19:52:36.923+0000] {processor.py:830} INFO - Processing file /home/airflow/.local/lib/python3.9/site-packages/airflow/example_dags/example_nested_branch_dag.py for tasks to queue
[2024-04-21T19:52:36.926+0000] {logging_mixin.py:188} INFO - [2024-04-21T19:52:36.925+0000] {dagbag.py:540} INFO - Filling up the DagBag from /home/airflow/.local/lib/python3.9/site-packages/airflow/example_dags/example_nested_branch_dag.py
[2024-04-21T19:52:36.943+0000] {processor.py:840} INFO - DAG(s) 'example_nested_branch_dag' retrieved from /home/airflow/.local/lib/python3.9/site-packages/airflow/example_dags/example_nested_branch_dag.py
[2024-04-21T19:52:37.048+0000] {logging_mixin.py:188} INFO - [2024-04-21T19:52:37.047+0000] {dag.py:3047} INFO - Sync 1 DAGs
[2024-04-21T19:52:37.091+0000] {logging_mixin.py:188} INFO - [2024-04-21T19:52:37.091+0000] {dag.py:3834} INFO - Setting next_dagrun for example_nested_branch_dag to 2024-04-20 00:00:00+00:00, run_after=2024-04-21 00:00:00+00:00
[2024-04-21T19:52:37.148+0000] {processor.py:183} INFO - Processing /home/airflow/.local/lib/python3.9/site-packages/airflow/example_dags/example_nested_branch_dag.py took 0.232 seconds
[2024-04-21T19:53:07.859+0000] {processor.py:161} INFO - Started process (PID=190) to work on /home/airflow/.local/lib/python3.9/site-packages/airflow/example_dags/example_nested_branch_dag.py
[2024-04-21T19:53:07.861+0000] {processor.py:830} INFO - Processing file /home/airflow/.local/lib/python3.9/site-packages/airflow/example_dags/example_nested_branch_dag.py for tasks to queue
[2024-04-21T19:53:07.865+0000] {logging_mixin.py:188} INFO - [2024-04-21T19:53:07.865+0000] {dagbag.py:540} INFO - Filling up the DagBag from /home/airflow/.local/lib/python3.9/site-packages/airflow/example_dags/example_nested_branch_dag.py
[2024-04-21T19:53:07.881+0000] {processor.py:840} INFO - DAG(s) 'example_nested_branch_dag' retrieved from /home/airflow/.local/lib/python3.9/site-packages/airflow/example_dags/example_nested_branch_dag.py
[2024-04-21T19:53:08.004+0000] {logging_mixin.py:188} INFO - [2024-04-21T19:53:08.003+0000] {dag.py:3047} INFO - Sync 1 DAGs
[2024-04-21T19:53:08.147+0000] {logging_mixin.py:188} INFO - [2024-04-21T19:53:08.146+0000] {dag.py:3834} INFO - Setting next_dagrun for example_nested_branch_dag to 2024-04-20 00:00:00+00:00, run_after=2024-04-21 00:00:00+00:00
[2024-04-21T19:53:08.302+0000] {processor.py:183} INFO - Processing /home/airflow/.local/lib/python3.9/site-packages/airflow/example_dags/example_nested_branch_dag.py took 0.447 seconds
[2024-04-21T19:53:39.105+0000] {processor.py:161} INFO - Started process (PID=251) to work on /home/airflow/.local/lib/python3.9/site-packages/airflow/example_dags/example_nested_branch_dag.py
[2024-04-21T19:53:39.110+0000] {processor.py:830} INFO - Processing file /home/airflow/.local/lib/python3.9/site-packages/airflow/example_dags/example_nested_branch_dag.py for tasks to queue
[2024-04-21T19:53:39.118+0000] {logging_mixin.py:188} INFO - [2024-04-21T19:53:39.117+0000] {dagbag.py:540} INFO - Filling up the DagBag from /home/airflow/.local/lib/python3.9/site-packages/airflow/example_dags/example_nested_branch_dag.py
[2024-04-21T19:53:39.150+0000] {processor.py:840} INFO - DAG(s) 'example_nested_branch_dag' retrieved from /home/airflow/.local/lib/python3.9/site-packages/airflow/example_dags/example_nested_branch_dag.py
[2024-04-21T19:53:39.370+0000] {logging_mixin.py:188} INFO - [2024-04-21T19:53:39.369+0000] {dag.py:3047} INFO - Sync 1 DAGs
[2024-04-21T19:53:39.457+0000] {logging_mixin.py:188} INFO - [2024-04-21T19:53:39.456+0000] {dag.py:3834} INFO - Setting next_dagrun for example_nested_branch_dag to 2024-04-20 00:00:00+00:00, run_after=2024-04-21 00:00:00+00:00
[2024-04-21T19:53:39.522+0000] {processor.py:183} INFO - Processing /home/airflow/.local/lib/python3.9/site-packages/airflow/example_dags/example_nested_branch_dag.py took 0.428 seconds
[2024-04-21T19:54:36.552+0000] {processor.py:161} INFO - Started process (PID=70) to work on /home/airflow/.local/lib/python3.9/site-packages/airflow/example_dags/example_nested_branch_dag.py
[2024-04-21T19:54:36.553+0000] {processor.py:830} INFO - Processing file /home/airflow/.local/lib/python3.9/site-packages/airflow/example_dags/example_nested_branch_dag.py for tasks to queue
[2024-04-21T19:54:36.556+0000] {logging_mixin.py:188} INFO - [2024-04-21T19:54:36.555+0000] {dagbag.py:540} INFO - Filling up the DagBag from /home/airflow/.local/lib/python3.9/site-packages/airflow/example_dags/example_nested_branch_dag.py
[2024-04-21T19:54:36.568+0000] {processor.py:840} INFO - DAG(s) 'example_nested_branch_dag' retrieved from /home/airflow/.local/lib/python3.9/site-packages/airflow/example_dags/example_nested_branch_dag.py
[2024-04-21T19:54:36.632+0000] {logging_mixin.py:188} INFO - [2024-04-21T19:54:36.632+0000] {dag.py:3047} INFO - Sync 1 DAGs
[2024-04-21T19:54:36.658+0000] {logging_mixin.py:188} INFO - [2024-04-21T19:54:36.658+0000] {dag.py:3834} INFO - Setting next_dagrun for example_nested_branch_dag to 2024-04-20 00:00:00+00:00, run_after=2024-04-21 00:00:00+00:00
[2024-04-21T19:54:36.693+0000] {processor.py:183} INFO - Processing /home/airflow/.local/lib/python3.9/site-packages/airflow/example_dags/example_nested_branch_dag.py took 0.144 seconds
[2024-04-21T19:55:22.051+0000] {processor.py:161} INFO - Started process (PID=137) to work on /home/airflow/.local/lib/python3.9/site-packages/airflow/example_dags/example_nested_branch_dag.py
[2024-04-21T19:55:22.053+0000] {processor.py:830} INFO - Processing file /home/airflow/.local/lib/python3.9/site-packages/airflow/example_dags/example_nested_branch_dag.py for tasks to queue
[2024-04-21T19:55:22.055+0000] {logging_mixin.py:188} INFO - [2024-04-21T19:55:22.054+0000] {dagbag.py:540} INFO - Filling up the DagBag from /home/airflow/.local/lib/python3.9/site-packages/airflow/example_dags/example_nested_branch_dag.py
[2024-04-21T19:55:22.067+0000] {processor.py:840} INFO - DAG(s) 'example_nested_branch_dag' retrieved from /home/airflow/.local/lib/python3.9/site-packages/airflow/example_dags/example_nested_branch_dag.py
[2024-04-21T19:55:22.130+0000] {logging_mixin.py:188} INFO - [2024-04-21T19:55:22.130+0000] {dag.py:3047} INFO - Sync 1 DAGs
[2024-04-21T19:55:22.156+0000] {logging_mixin.py:188} INFO - [2024-04-21T19:55:22.156+0000] {dag.py:3834} INFO - Setting next_dagrun for example_nested_branch_dag to 2024-04-20 00:00:00+00:00, run_after=2024-04-21 00:00:00+00:00
[2024-04-21T19:55:22.191+0000] {processor.py:183} INFO - Processing /home/airflow/.local/lib/python3.9/site-packages/airflow/example_dags/example_nested_branch_dag.py took 0.143 seconds
[2024-04-21T19:59:01.547+0000] {processor.py:161} INFO - Started process (PID=211) to work on /home/airflow/.local/lib/python3.9/site-packages/airflow/example_dags/example_nested_branch_dag.py
[2024-04-21T19:59:01.550+0000] {processor.py:830} INFO - Processing file /home/airflow/.local/lib/python3.9/site-packages/airflow/example_dags/example_nested_branch_dag.py for tasks to queue
[2024-04-21T19:59:01.552+0000] {logging_mixin.py:188} INFO - [2024-04-21T19:59:01.552+0000] {dagbag.py:540} INFO - Filling up the DagBag from /home/airflow/.local/lib/python3.9/site-packages/airflow/example_dags/example_nested_branch_dag.py
[2024-04-21T19:59:01.583+0000] {processor.py:840} INFO - DAG(s) 'example_nested_branch_dag' retrieved from /home/airflow/.local/lib/python3.9/site-packages/airflow/example_dags/example_nested_branch_dag.py
[2024-04-21T19:59:01.714+0000] {logging_mixin.py:188} INFO - [2024-04-21T19:59:01.714+0000] {dag.py:3047} INFO - Sync 1 DAGs
[2024-04-21T19:59:01.770+0000] {logging_mixin.py:188} INFO - [2024-04-21T19:59:01.769+0000] {dag.py:3834} INFO - Setting next_dagrun for example_nested_branch_dag to 2024-04-20 00:00:00+00:00, run_after=2024-04-21 00:00:00+00:00
[2024-04-21T19:59:01.833+0000] {processor.py:183} INFO - Processing /home/airflow/.local/lib/python3.9/site-packages/airflow/example_dags/example_nested_branch_dag.py took 0.291 seconds
[2024-04-21T20:03:12.873+0000] {processor.py:161} INFO - Started process (PID=283) to work on /home/airflow/.local/lib/python3.9/site-packages/airflow/example_dags/example_nested_branch_dag.py
[2024-04-21T20:03:12.875+0000] {processor.py:830} INFO - Processing file /home/airflow/.local/lib/python3.9/site-packages/airflow/example_dags/example_nested_branch_dag.py for tasks to queue
[2024-04-21T20:03:12.877+0000] {logging_mixin.py:188} INFO - [2024-04-21T20:03:12.876+0000] {dagbag.py:540} INFO - Filling up the DagBag from /home/airflow/.local/lib/python3.9/site-packages/airflow/example_dags/example_nested_branch_dag.py
[2024-04-21T20:03:12.887+0000] {processor.py:840} INFO - DAG(s) 'example_nested_branch_dag' retrieved from /home/airflow/.local/lib/python3.9/site-packages/airflow/example_dags/example_nested_branch_dag.py
[2024-04-21T20:03:12.957+0000] {logging_mixin.py:188} INFO - [2024-04-21T20:03:12.956+0000] {dag.py:3047} INFO - Sync 1 DAGs
[2024-04-21T20:03:12.982+0000] {logging_mixin.py:188} INFO - [2024-04-21T20:03:12.981+0000] {dag.py:3834} INFO - Setting next_dagrun for example_nested_branch_dag to 2024-04-20 00:00:00+00:00, run_after=2024-04-21 00:00:00+00:00
[2024-04-21T20:03:13.018+0000] {processor.py:183} INFO - Processing /home/airflow/.local/lib/python3.9/site-packages/airflow/example_dags/example_nested_branch_dag.py took 0.149 seconds
[2024-04-21T20:04:21.973+0000] {processor.py:161} INFO - Started process (PID=350) to work on /home/airflow/.local/lib/python3.9/site-packages/airflow/example_dags/example_nested_branch_dag.py
[2024-04-21T20:04:21.975+0000] {processor.py:830} INFO - Processing file /home/airflow/.local/lib/python3.9/site-packages/airflow/example_dags/example_nested_branch_dag.py for tasks to queue
[2024-04-21T20:04:21.976+0000] {logging_mixin.py:188} INFO - [2024-04-21T20:04:21.976+0000] {dagbag.py:540} INFO - Filling up the DagBag from /home/airflow/.local/lib/python3.9/site-packages/airflow/example_dags/example_nested_branch_dag.py
[2024-04-21T20:04:21.988+0000] {processor.py:840} INFO - DAG(s) 'example_nested_branch_dag' retrieved from /home/airflow/.local/lib/python3.9/site-packages/airflow/example_dags/example_nested_branch_dag.py
[2024-04-21T20:04:22.059+0000] {logging_mixin.py:188} INFO - [2024-04-21T20:04:22.058+0000] {dag.py:3047} INFO - Sync 1 DAGs
[2024-04-21T20:04:22.090+0000] {logging_mixin.py:188} INFO - [2024-04-21T20:04:22.089+0000] {dag.py:3834} INFO - Setting next_dagrun for example_nested_branch_dag to 2024-04-20 00:00:00+00:00, run_after=2024-04-21 00:00:00+00:00
[2024-04-21T20:04:22.127+0000] {processor.py:183} INFO - Processing /home/airflow/.local/lib/python3.9/site-packages/airflow/example_dags/example_nested_branch_dag.py took 0.157 seconds
[2024-04-21T20:04:53.181+0000] {processor.py:161} INFO - Started process (PID=407) to work on /home/airflow/.local/lib/python3.9/site-packages/airflow/example_dags/example_nested_branch_dag.py
[2024-04-21T20:04:53.182+0000] {processor.py:830} INFO - Processing file /home/airflow/.local/lib/python3.9/site-packages/airflow/example_dags/example_nested_branch_dag.py for tasks to queue
[2024-04-21T20:04:53.184+0000] {logging_mixin.py:188} INFO - [2024-04-21T20:04:53.183+0000] {dagbag.py:540} INFO - Filling up the DagBag from /home/airflow/.local/lib/python3.9/site-packages/airflow/example_dags/example_nested_branch_dag.py
[2024-04-21T20:04:53.195+0000] {processor.py:840} INFO - DAG(s) 'example_nested_branch_dag' retrieved from /home/airflow/.local/lib/python3.9/site-packages/airflow/example_dags/example_nested_branch_dag.py
[2024-04-21T20:04:53.271+0000] {logging_mixin.py:188} INFO - [2024-04-21T20:04:53.270+0000] {dag.py:3047} INFO - Sync 1 DAGs
[2024-04-21T20:04:53.299+0000] {logging_mixin.py:188} INFO - [2024-04-21T20:04:53.298+0000] {dag.py:3834} INFO - Setting next_dagrun for example_nested_branch_dag to 2024-04-20 00:00:00+00:00, run_after=2024-04-21 00:00:00+00:00
[2024-04-21T20:04:53.342+0000] {processor.py:183} INFO - Processing /home/airflow/.local/lib/python3.9/site-packages/airflow/example_dags/example_nested_branch_dag.py took 0.164 seconds
[2024-04-21T20:05:23.440+0000] {processor.py:161} INFO - Started process (PID=464) to work on /home/airflow/.local/lib/python3.9/site-packages/airflow/example_dags/example_nested_branch_dag.py
[2024-04-21T20:05:23.442+0000] {processor.py:830} INFO - Processing file /home/airflow/.local/lib/python3.9/site-packages/airflow/example_dags/example_nested_branch_dag.py for tasks to queue
[2024-04-21T20:05:23.445+0000] {logging_mixin.py:188} INFO - [2024-04-21T20:05:23.444+0000] {dagbag.py:540} INFO - Filling up the DagBag from /home/airflow/.local/lib/python3.9/site-packages/airflow/example_dags/example_nested_branch_dag.py
[2024-04-21T20:05:23.462+0000] {processor.py:840} INFO - DAG(s) 'example_nested_branch_dag' retrieved from /home/airflow/.local/lib/python3.9/site-packages/airflow/example_dags/example_nested_branch_dag.py
[2024-04-21T20:05:23.566+0000] {logging_mixin.py:188} INFO - [2024-04-21T20:05:23.565+0000] {dag.py:3047} INFO - Sync 1 DAGs
[2024-04-21T20:05:23.614+0000] {logging_mixin.py:188} INFO - [2024-04-21T20:05:23.613+0000] {dag.py:3834} INFO - Setting next_dagrun for example_nested_branch_dag to 2024-04-20 00:00:00+00:00, run_after=2024-04-21 00:00:00+00:00
[2024-04-21T20:05:23.665+0000] {processor.py:183} INFO - Processing /home/airflow/.local/lib/python3.9/site-packages/airflow/example_dags/example_nested_branch_dag.py took 0.230 seconds
[2024-04-21T20:05:55.225+0000] {processor.py:161} INFO - Started process (PID=521) to work on /home/airflow/.local/lib/python3.9/site-packages/airflow/example_dags/example_nested_branch_dag.py
[2024-04-21T20:05:55.227+0000] {processor.py:830} INFO - Processing file /home/airflow/.local/lib/python3.9/site-packages/airflow/example_dags/example_nested_branch_dag.py for tasks to queue
[2024-04-21T20:05:55.229+0000] {logging_mixin.py:188} INFO - [2024-04-21T20:05:55.228+0000] {dagbag.py:540} INFO - Filling up the DagBag from /home/airflow/.local/lib/python3.9/site-packages/airflow/example_dags/example_nested_branch_dag.py
[2024-04-21T20:05:55.246+0000] {processor.py:840} INFO - DAG(s) 'example_nested_branch_dag' retrieved from /home/airflow/.local/lib/python3.9/site-packages/airflow/example_dags/example_nested_branch_dag.py
[2024-04-21T20:05:55.364+0000] {logging_mixin.py:188} INFO - [2024-04-21T20:05:55.363+0000] {dag.py:3047} INFO - Sync 1 DAGs
[2024-04-21T20:05:55.406+0000] {logging_mixin.py:188} INFO - [2024-04-21T20:05:55.406+0000] {dag.py:3834} INFO - Setting next_dagrun for example_nested_branch_dag to 2024-04-20 00:00:00+00:00, run_after=2024-04-21 00:00:00+00:00
[2024-04-21T20:05:55.462+0000] {processor.py:183} INFO - Processing /home/airflow/.local/lib/python3.9/site-packages/airflow/example_dags/example_nested_branch_dag.py took 0.242 seconds
[2024-04-21T20:06:49.261+0000] {processor.py:161} INFO - Started process (PID=584) to work on /home/airflow/.local/lib/python3.9/site-packages/airflow/example_dags/example_nested_branch_dag.py
[2024-04-21T20:06:49.262+0000] {processor.py:830} INFO - Processing file /home/airflow/.local/lib/python3.9/site-packages/airflow/example_dags/example_nested_branch_dag.py for tasks to queue
[2024-04-21T20:06:49.265+0000] {logging_mixin.py:188} INFO - [2024-04-21T20:06:49.263+0000] {dagbag.py:540} INFO - Filling up the DagBag from /home/airflow/.local/lib/python3.9/site-packages/airflow/example_dags/example_nested_branch_dag.py
[2024-04-21T20:06:49.273+0000] {processor.py:840} INFO - DAG(s) 'example_nested_branch_dag' retrieved from /home/airflow/.local/lib/python3.9/site-packages/airflow/example_dags/example_nested_branch_dag.py
[2024-04-21T20:06:49.329+0000] {logging_mixin.py:188} INFO - [2024-04-21T20:06:49.329+0000] {dag.py:3047} INFO - Sync 1 DAGs
[2024-04-21T20:06:49.351+0000] {logging_mixin.py:188} INFO - [2024-04-21T20:06:49.350+0000] {dag.py:3834} INFO - Setting next_dagrun for example_nested_branch_dag to 2024-04-20 00:00:00+00:00, run_after=2024-04-21 00:00:00+00:00
[2024-04-21T20:06:49.384+0000] {processor.py:183} INFO - Processing /home/airflow/.local/lib/python3.9/site-packages/airflow/example_dags/example_nested_branch_dag.py took 0.126 seconds
[2024-04-21T20:07:20.334+0000] {processor.py:161} INFO - Started process (PID=642) to work on /home/airflow/.local/lib/python3.9/site-packages/airflow/example_dags/example_nested_branch_dag.py
[2024-04-21T20:07:20.336+0000] {processor.py:830} INFO - Processing file /home/airflow/.local/lib/python3.9/site-packages/airflow/example_dags/example_nested_branch_dag.py for tasks to queue
[2024-04-21T20:07:20.338+0000] {logging_mixin.py:188} INFO - [2024-04-21T20:07:20.337+0000] {dagbag.py:540} INFO - Filling up the DagBag from /home/airflow/.local/lib/python3.9/site-packages/airflow/example_dags/example_nested_branch_dag.py
[2024-04-21T20:07:20.351+0000] {processor.py:840} INFO - DAG(s) 'example_nested_branch_dag' retrieved from /home/airflow/.local/lib/python3.9/site-packages/airflow/example_dags/example_nested_branch_dag.py
[2024-04-21T20:07:20.465+0000] {logging_mixin.py:188} INFO - [2024-04-21T20:07:20.464+0000] {dag.py:3047} INFO - Sync 1 DAGs
[2024-04-21T20:07:20.496+0000] {logging_mixin.py:188} INFO - [2024-04-21T20:07:20.496+0000] {dag.py:3834} INFO - Setting next_dagrun for example_nested_branch_dag to 2024-04-20 00:00:00+00:00, run_after=2024-04-21 00:00:00+00:00
[2024-04-21T20:07:20.549+0000] {processor.py:183} INFO - Processing /home/airflow/.local/lib/python3.9/site-packages/airflow/example_dags/example_nested_branch_dag.py took 0.220 seconds
[2024-04-21T20:07:51.515+0000] {processor.py:161} INFO - Started process (PID=699) to work on /home/airflow/.local/lib/python3.9/site-packages/airflow/example_dags/example_nested_branch_dag.py
[2024-04-21T20:07:51.517+0000] {processor.py:830} INFO - Processing file /home/airflow/.local/lib/python3.9/site-packages/airflow/example_dags/example_nested_branch_dag.py for tasks to queue
[2024-04-21T20:07:51.520+0000] {logging_mixin.py:188} INFO - [2024-04-21T20:07:51.519+0000] {dagbag.py:540} INFO - Filling up the DagBag from /home/airflow/.local/lib/python3.9/site-packages/airflow/example_dags/example_nested_branch_dag.py
[2024-04-21T20:07:51.538+0000] {processor.py:840} INFO - DAG(s) 'example_nested_branch_dag' retrieved from /home/airflow/.local/lib/python3.9/site-packages/airflow/example_dags/example_nested_branch_dag.py
[2024-04-21T20:07:51.682+0000] {logging_mixin.py:188} INFO - [2024-04-21T20:07:51.681+0000] {dag.py:3047} INFO - Sync 1 DAGs
[2024-04-21T20:07:51.728+0000] {logging_mixin.py:188} INFO - [2024-04-21T20:07:51.727+0000] {dag.py:3834} INFO - Setting next_dagrun for example_nested_branch_dag to 2024-04-20 00:00:00+00:00, run_after=2024-04-21 00:00:00+00:00
[2024-04-21T20:07:51.786+0000] {processor.py:183} INFO - Processing /home/airflow/.local/lib/python3.9/site-packages/airflow/example_dags/example_nested_branch_dag.py took 0.278 seconds
[2024-04-21T20:08:23.608+0000] {processor.py:161} INFO - Started process (PID=755) to work on /home/airflow/.local/lib/python3.9/site-packages/airflow/example_dags/example_nested_branch_dag.py
[2024-04-21T20:08:23.609+0000] {processor.py:830} INFO - Processing file /home/airflow/.local/lib/python3.9/site-packages/airflow/example_dags/example_nested_branch_dag.py for tasks to queue
[2024-04-21T20:08:23.610+0000] {logging_mixin.py:188} INFO - [2024-04-21T20:08:23.610+0000] {dagbag.py:540} INFO - Filling up the DagBag from /home/airflow/.local/lib/python3.9/site-packages/airflow/example_dags/example_nested_branch_dag.py
[2024-04-21T20:08:23.621+0000] {processor.py:840} INFO - DAG(s) 'example_nested_branch_dag' retrieved from /home/airflow/.local/lib/python3.9/site-packages/airflow/example_dags/example_nested_branch_dag.py
[2024-04-21T20:08:23.699+0000] {logging_mixin.py:188} INFO - [2024-04-21T20:08:23.699+0000] {dag.py:3047} INFO - Sync 1 DAGs
[2024-04-21T20:08:23.731+0000] {logging_mixin.py:188} INFO - [2024-04-21T20:08:23.730+0000] {dag.py:3834} INFO - Setting next_dagrun for example_nested_branch_dag to 2024-04-20 00:00:00+00:00, run_after=2024-04-21 00:00:00+00:00
[2024-04-21T20:08:23.782+0000] {processor.py:183} INFO - Processing /home/airflow/.local/lib/python3.9/site-packages/airflow/example_dags/example_nested_branch_dag.py took 0.178 seconds
[2024-04-21T20:10:06.000+0000] {processor.py:161} INFO - Started process (PID=826) to work on /home/airflow/.local/lib/python3.9/site-packages/airflow/example_dags/example_nested_branch_dag.py
[2024-04-21T20:10:06.001+0000] {processor.py:830} INFO - Processing file /home/airflow/.local/lib/python3.9/site-packages/airflow/example_dags/example_nested_branch_dag.py for tasks to queue
[2024-04-21T20:10:06.003+0000] {logging_mixin.py:188} INFO - [2024-04-21T20:10:06.002+0000] {dagbag.py:540} INFO - Filling up the DagBag from /home/airflow/.local/lib/python3.9/site-packages/airflow/example_dags/example_nested_branch_dag.py
[2024-04-21T20:10:06.016+0000] {processor.py:840} INFO - DAG(s) 'example_nested_branch_dag' retrieved from /home/airflow/.local/lib/python3.9/site-packages/airflow/example_dags/example_nested_branch_dag.py
[2024-04-21T20:10:06.078+0000] {logging_mixin.py:188} INFO - [2024-04-21T20:10:06.077+0000] {dag.py:3047} INFO - Sync 1 DAGs
[2024-04-21T20:10:06.102+0000] {logging_mixin.py:188} INFO - [2024-04-21T20:10:06.101+0000] {dag.py:3834} INFO - Setting next_dagrun for example_nested_branch_dag to 2024-04-20 00:00:00+00:00, run_after=2024-04-21 00:00:00+00:00
[2024-04-21T20:10:06.139+0000] {processor.py:183} INFO - Processing /home/airflow/.local/lib/python3.9/site-packages/airflow/example_dags/example_nested_branch_dag.py took 0.142 seconds
[2024-04-21T20:10:37.148+0000] {processor.py:161} INFO - Started process (PID=883) to work on /home/airflow/.local/lib/python3.9/site-packages/airflow/example_dags/example_nested_branch_dag.py
[2024-04-21T20:10:37.149+0000] {processor.py:830} INFO - Processing file /home/airflow/.local/lib/python3.9/site-packages/airflow/example_dags/example_nested_branch_dag.py for tasks to queue
[2024-04-21T20:10:37.151+0000] {logging_mixin.py:188} INFO - [2024-04-21T20:10:37.150+0000] {dagbag.py:540} INFO - Filling up the DagBag from /home/airflow/.local/lib/python3.9/site-packages/airflow/example_dags/example_nested_branch_dag.py
[2024-04-21T20:10:37.160+0000] {processor.py:840} INFO - DAG(s) 'example_nested_branch_dag' retrieved from /home/airflow/.local/lib/python3.9/site-packages/airflow/example_dags/example_nested_branch_dag.py
[2024-04-21T20:10:37.236+0000] {logging_mixin.py:188} INFO - [2024-04-21T20:10:37.236+0000] {dag.py:3047} INFO - Sync 1 DAGs
[2024-04-21T20:10:37.263+0000] {logging_mixin.py:188} INFO - [2024-04-21T20:10:37.263+0000] {dag.py:3834} INFO - Setting next_dagrun for example_nested_branch_dag to 2024-04-20 00:00:00+00:00, run_after=2024-04-21 00:00:00+00:00
[2024-04-21T20:10:37.302+0000] {processor.py:183} INFO - Processing /home/airflow/.local/lib/python3.9/site-packages/airflow/example_dags/example_nested_branch_dag.py took 0.158 seconds
[2024-04-21T20:11:07.634+0000] {processor.py:161} INFO - Started process (PID=942) to work on /home/airflow/.local/lib/python3.9/site-packages/airflow/example_dags/example_nested_branch_dag.py
[2024-04-21T20:11:07.635+0000] {processor.py:830} INFO - Processing file /home/airflow/.local/lib/python3.9/site-packages/airflow/example_dags/example_nested_branch_dag.py for tasks to queue
[2024-04-21T20:11:07.637+0000] {logging_mixin.py:188} INFO - [2024-04-21T20:11:07.636+0000] {dagbag.py:540} INFO - Filling up the DagBag from /home/airflow/.local/lib/python3.9/site-packages/airflow/example_dags/example_nested_branch_dag.py
[2024-04-21T20:11:07.646+0000] {processor.py:840} INFO - DAG(s) 'example_nested_branch_dag' retrieved from /home/airflow/.local/lib/python3.9/site-packages/airflow/example_dags/example_nested_branch_dag.py
[2024-04-21T20:11:07.704+0000] {logging_mixin.py:188} INFO - [2024-04-21T20:11:07.703+0000] {dag.py:3047} INFO - Sync 1 DAGs
[2024-04-21T20:11:07.728+0000] {logging_mixin.py:188} INFO - [2024-04-21T20:11:07.728+0000] {dag.py:3834} INFO - Setting next_dagrun for example_nested_branch_dag to 2024-04-20 00:00:00+00:00, run_after=2024-04-21 00:00:00+00:00
[2024-04-21T20:11:07.759+0000] {processor.py:183} INFO - Processing /home/airflow/.local/lib/python3.9/site-packages/airflow/example_dags/example_nested_branch_dag.py took 0.129 seconds
[2024-04-21T20:14:24.261+0000] {processor.py:161} INFO - Started process (PID=70) to work on /home/airflow/.local/lib/python3.9/site-packages/airflow/example_dags/example_nested_branch_dag.py
[2024-04-21T20:14:24.263+0000] {processor.py:830} INFO - Processing file /home/airflow/.local/lib/python3.9/site-packages/airflow/example_dags/example_nested_branch_dag.py for tasks to queue
[2024-04-21T20:14:24.265+0000] {logging_mixin.py:188} INFO - [2024-04-21T20:14:24.265+0000] {dagbag.py:540} INFO - Filling up the DagBag from /home/airflow/.local/lib/python3.9/site-packages/airflow/example_dags/example_nested_branch_dag.py
[2024-04-21T20:14:24.276+0000] {processor.py:840} INFO - DAG(s) 'example_nested_branch_dag' retrieved from /home/airflow/.local/lib/python3.9/site-packages/airflow/example_dags/example_nested_branch_dag.py
[2024-04-21T20:14:24.468+0000] {logging_mixin.py:188} INFO - [2024-04-21T20:14:24.467+0000] {dag.py:3047} INFO - Sync 1 DAGs
[2024-04-21T20:14:24.492+0000] {logging_mixin.py:188} INFO - [2024-04-21T20:14:24.491+0000] {dag.py:3834} INFO - Setting next_dagrun for example_nested_branch_dag to 2024-04-20 00:00:00+00:00, run_after=2024-04-21 00:00:00+00:00
[2024-04-21T20:14:24.533+0000] {processor.py:183} INFO - Processing /home/airflow/.local/lib/python3.9/site-packages/airflow/example_dags/example_nested_branch_dag.py took 0.274 seconds
[2024-04-21T20:14:54.598+0000] {processor.py:161} INFO - Started process (PID=128) to work on /home/airflow/.local/lib/python3.9/site-packages/airflow/example_dags/example_nested_branch_dag.py
[2024-04-21T20:14:54.599+0000] {processor.py:830} INFO - Processing file /home/airflow/.local/lib/python3.9/site-packages/airflow/example_dags/example_nested_branch_dag.py for tasks to queue
[2024-04-21T20:14:54.602+0000] {logging_mixin.py:188} INFO - [2024-04-21T20:14:54.601+0000] {dagbag.py:540} INFO - Filling up the DagBag from /home/airflow/.local/lib/python3.9/site-packages/airflow/example_dags/example_nested_branch_dag.py
[2024-04-21T20:14:54.612+0000] {processor.py:840} INFO - DAG(s) 'example_nested_branch_dag' retrieved from /home/airflow/.local/lib/python3.9/site-packages/airflow/example_dags/example_nested_branch_dag.py
[2024-04-21T20:14:54.727+0000] {logging_mixin.py:188} INFO - [2024-04-21T20:14:54.727+0000] {dag.py:3047} INFO - Sync 1 DAGs
[2024-04-21T20:14:54.792+0000] {logging_mixin.py:188} INFO - [2024-04-21T20:14:54.791+0000] {dag.py:3834} INFO - Setting next_dagrun for example_nested_branch_dag to 2024-04-20 00:00:00+00:00, run_after=2024-04-21 00:00:00+00:00
[2024-04-21T20:14:54.860+0000] {processor.py:183} INFO - Processing /home/airflow/.local/lib/python3.9/site-packages/airflow/example_dags/example_nested_branch_dag.py took 0.265 seconds
[2024-04-21T20:15:25.139+0000] {processor.py:161} INFO - Started process (PID=185) to work on /home/airflow/.local/lib/python3.9/site-packages/airflow/example_dags/example_nested_branch_dag.py
[2024-04-21T20:15:25.141+0000] {processor.py:830} INFO - Processing file /home/airflow/.local/lib/python3.9/site-packages/airflow/example_dags/example_nested_branch_dag.py for tasks to queue
[2024-04-21T20:15:25.144+0000] {logging_mixin.py:188} INFO - [2024-04-21T20:15:25.143+0000] {dagbag.py:540} INFO - Filling up the DagBag from /home/airflow/.local/lib/python3.9/site-packages/airflow/example_dags/example_nested_branch_dag.py
[2024-04-21T20:15:25.155+0000] {processor.py:840} INFO - DAG(s) 'example_nested_branch_dag' retrieved from /home/airflow/.local/lib/python3.9/site-packages/airflow/example_dags/example_nested_branch_dag.py
[2024-04-21T20:15:25.216+0000] {logging_mixin.py:188} INFO - [2024-04-21T20:15:25.215+0000] {dag.py:3047} INFO - Sync 1 DAGs
[2024-04-21T20:15:25.242+0000] {logging_mixin.py:188} INFO - [2024-04-21T20:15:25.242+0000] {dag.py:3834} INFO - Setting next_dagrun for example_nested_branch_dag to 2024-04-20 00:00:00+00:00, run_after=2024-04-21 00:00:00+00:00
[2024-04-21T20:15:25.273+0000] {processor.py:183} INFO - Processing /home/airflow/.local/lib/python3.9/site-packages/airflow/example_dags/example_nested_branch_dag.py took 0.137 seconds
[2024-04-21T20:16:18.736+0000] {processor.py:161} INFO - Started process (PID=70) to work on /home/airflow/.local/lib/python3.9/site-packages/airflow/example_dags/example_nested_branch_dag.py
[2024-04-21T20:16:18.737+0000] {processor.py:830} INFO - Processing file /home/airflow/.local/lib/python3.9/site-packages/airflow/example_dags/example_nested_branch_dag.py for tasks to queue
[2024-04-21T20:16:18.739+0000] {logging_mixin.py:188} INFO - [2024-04-21T20:16:18.739+0000] {dagbag.py:540} INFO - Filling up the DagBag from /home/airflow/.local/lib/python3.9/site-packages/airflow/example_dags/example_nested_branch_dag.py
[2024-04-21T20:16:18.752+0000] {processor.py:840} INFO - DAG(s) 'example_nested_branch_dag' retrieved from /home/airflow/.local/lib/python3.9/site-packages/airflow/example_dags/example_nested_branch_dag.py
[2024-04-21T20:16:18.825+0000] {logging_mixin.py:188} INFO - [2024-04-21T20:16:18.824+0000] {dag.py:3047} INFO - Sync 1 DAGs
[2024-04-21T20:16:18.854+0000] {logging_mixin.py:188} INFO - [2024-04-21T20:16:18.852+0000] {dag.py:3834} INFO - Setting next_dagrun for example_nested_branch_dag to 2024-04-20 00:00:00+00:00, run_after=2024-04-21 00:00:00+00:00
[2024-04-21T20:16:18.889+0000] {processor.py:183} INFO - Processing /home/airflow/.local/lib/python3.9/site-packages/airflow/example_dags/example_nested_branch_dag.py took 0.157 seconds
[2024-04-21T20:16:49.378+0000] {processor.py:161} INFO - Started process (PID=127) to work on /home/airflow/.local/lib/python3.9/site-packages/airflow/example_dags/example_nested_branch_dag.py
[2024-04-21T20:16:49.379+0000] {processor.py:830} INFO - Processing file /home/airflow/.local/lib/python3.9/site-packages/airflow/example_dags/example_nested_branch_dag.py for tasks to queue
[2024-04-21T20:16:49.381+0000] {logging_mixin.py:188} INFO - [2024-04-21T20:16:49.381+0000] {dagbag.py:540} INFO - Filling up the DagBag from /home/airflow/.local/lib/python3.9/site-packages/airflow/example_dags/example_nested_branch_dag.py
[2024-04-21T20:16:49.391+0000] {processor.py:840} INFO - DAG(s) 'example_nested_branch_dag' retrieved from /home/airflow/.local/lib/python3.9/site-packages/airflow/example_dags/example_nested_branch_dag.py
[2024-04-21T20:16:49.447+0000] {logging_mixin.py:188} INFO - [2024-04-21T20:16:49.447+0000] {dag.py:3047} INFO - Sync 1 DAGs
[2024-04-21T20:16:49.471+0000] {logging_mixin.py:188} INFO - [2024-04-21T20:16:49.471+0000] {dag.py:3834} INFO - Setting next_dagrun for example_nested_branch_dag to 2024-04-20 00:00:00+00:00, run_after=2024-04-21 00:00:00+00:00
[2024-04-21T20:16:49.503+0000] {processor.py:183} INFO - Processing /home/airflow/.local/lib/python3.9/site-packages/airflow/example_dags/example_nested_branch_dag.py took 0.128 seconds
[2024-04-21T20:17:19.794+0000] {processor.py:161} INFO - Started process (PID=184) to work on /home/airflow/.local/lib/python3.9/site-packages/airflow/example_dags/example_nested_branch_dag.py
[2024-04-21T20:17:19.795+0000] {processor.py:830} INFO - Processing file /home/airflow/.local/lib/python3.9/site-packages/airflow/example_dags/example_nested_branch_dag.py for tasks to queue
[2024-04-21T20:17:19.797+0000] {logging_mixin.py:188} INFO - [2024-04-21T20:17:19.797+0000] {dagbag.py:540} INFO - Filling up the DagBag from /home/airflow/.local/lib/python3.9/site-packages/airflow/example_dags/example_nested_branch_dag.py
[2024-04-21T20:17:19.808+0000] {processor.py:840} INFO - DAG(s) 'example_nested_branch_dag' retrieved from /home/airflow/.local/lib/python3.9/site-packages/airflow/example_dags/example_nested_branch_dag.py
[2024-04-21T20:17:19.869+0000] {logging_mixin.py:188} INFO - [2024-04-21T20:17:19.869+0000] {dag.py:3047} INFO - Sync 1 DAGs
[2024-04-21T20:17:19.899+0000] {logging_mixin.py:188} INFO - [2024-04-21T20:17:19.899+0000] {dag.py:3834} INFO - Setting next_dagrun for example_nested_branch_dag to 2024-04-20 00:00:00+00:00, run_after=2024-04-21 00:00:00+00:00
[2024-04-21T20:17:19.937+0000] {processor.py:183} INFO - Processing /home/airflow/.local/lib/python3.9/site-packages/airflow/example_dags/example_nested_branch_dag.py took 0.146 seconds
[2024-04-21T20:17:50.413+0000] {processor.py:161} INFO - Started process (PID=241) to work on /home/airflow/.local/lib/python3.9/site-packages/airflow/example_dags/example_nested_branch_dag.py
[2024-04-21T20:17:50.414+0000] {processor.py:830} INFO - Processing file /home/airflow/.local/lib/python3.9/site-packages/airflow/example_dags/example_nested_branch_dag.py for tasks to queue
[2024-04-21T20:17:50.417+0000] {logging_mixin.py:188} INFO - [2024-04-21T20:17:50.416+0000] {dagbag.py:540} INFO - Filling up the DagBag from /home/airflow/.local/lib/python3.9/site-packages/airflow/example_dags/example_nested_branch_dag.py
[2024-04-21T20:17:50.429+0000] {processor.py:840} INFO - DAG(s) 'example_nested_branch_dag' retrieved from /home/airflow/.local/lib/python3.9/site-packages/airflow/example_dags/example_nested_branch_dag.py
[2024-04-21T20:17:50.491+0000] {logging_mixin.py:188} INFO - [2024-04-21T20:17:50.491+0000] {dag.py:3047} INFO - Sync 1 DAGs
[2024-04-21T20:17:50.517+0000] {logging_mixin.py:188} INFO - [2024-04-21T20:17:50.517+0000] {dag.py:3834} INFO - Setting next_dagrun for example_nested_branch_dag to 2024-04-20 00:00:00+00:00, run_after=2024-04-21 00:00:00+00:00
[2024-04-21T20:17:50.551+0000] {processor.py:183} INFO - Processing /home/airflow/.local/lib/python3.9/site-packages/airflow/example_dags/example_nested_branch_dag.py took 0.141 seconds
[2024-04-21T20:18:21.357+0000] {processor.py:161} INFO - Started process (PID=298) to work on /home/airflow/.local/lib/python3.9/site-packages/airflow/example_dags/example_nested_branch_dag.py
[2024-04-21T20:18:21.358+0000] {processor.py:830} INFO - Processing file /home/airflow/.local/lib/python3.9/site-packages/airflow/example_dags/example_nested_branch_dag.py for tasks to queue
[2024-04-21T20:18:21.360+0000] {logging_mixin.py:188} INFO - [2024-04-21T20:18:21.360+0000] {dagbag.py:540} INFO - Filling up the DagBag from /home/airflow/.local/lib/python3.9/site-packages/airflow/example_dags/example_nested_branch_dag.py
[2024-04-21T20:18:21.373+0000] {processor.py:840} INFO - DAG(s) 'example_nested_branch_dag' retrieved from /home/airflow/.local/lib/python3.9/site-packages/airflow/example_dags/example_nested_branch_dag.py
[2024-04-21T20:18:21.436+0000] {logging_mixin.py:188} INFO - [2024-04-21T20:18:21.435+0000] {dag.py:3047} INFO - Sync 1 DAGs
[2024-04-21T20:18:21.464+0000] {logging_mixin.py:188} INFO - [2024-04-21T20:18:21.464+0000] {dag.py:3834} INFO - Setting next_dagrun for example_nested_branch_dag to 2024-04-20 00:00:00+00:00, run_after=2024-04-21 00:00:00+00:00
[2024-04-21T20:18:21.502+0000] {processor.py:183} INFO - Processing /home/airflow/.local/lib/python3.9/site-packages/airflow/example_dags/example_nested_branch_dag.py took 0.149 seconds
[2024-04-21T20:18:53.211+0000] {processor.py:161} INFO - Started process (PID=355) to work on /home/airflow/.local/lib/python3.9/site-packages/airflow/example_dags/example_nested_branch_dag.py
[2024-04-21T20:18:53.212+0000] {processor.py:830} INFO - Processing file /home/airflow/.local/lib/python3.9/site-packages/airflow/example_dags/example_nested_branch_dag.py for tasks to queue
[2024-04-21T20:18:53.214+0000] {logging_mixin.py:188} INFO - [2024-04-21T20:18:53.214+0000] {dagbag.py:540} INFO - Filling up the DagBag from /home/airflow/.local/lib/python3.9/site-packages/airflow/example_dags/example_nested_branch_dag.py
[2024-04-21T20:18:53.224+0000] {processor.py:840} INFO - DAG(s) 'example_nested_branch_dag' retrieved from /home/airflow/.local/lib/python3.9/site-packages/airflow/example_dags/example_nested_branch_dag.py
[2024-04-21T20:18:53.277+0000] {logging_mixin.py:188} INFO - [2024-04-21T20:18:53.277+0000] {dag.py:3047} INFO - Sync 1 DAGs
[2024-04-21T20:18:53.304+0000] {logging_mixin.py:188} INFO - [2024-04-21T20:18:53.303+0000] {dag.py:3834} INFO - Setting next_dagrun for example_nested_branch_dag to 2024-04-20 00:00:00+00:00, run_after=2024-04-21 00:00:00+00:00
[2024-04-21T20:18:53.338+0000] {processor.py:183} INFO - Processing /home/airflow/.local/lib/python3.9/site-packages/airflow/example_dags/example_nested_branch_dag.py took 0.130 seconds
[2024-04-21T20:32:56.937+0000] {processor.py:161} INFO - Started process (PID=72) to work on /home/airflow/.local/lib/python3.9/site-packages/airflow/example_dags/example_nested_branch_dag.py
[2024-04-21T20:32:56.939+0000] {processor.py:830} INFO - Processing file /home/airflow/.local/lib/python3.9/site-packages/airflow/example_dags/example_nested_branch_dag.py for tasks to queue
[2024-04-21T20:32:56.942+0000] {logging_mixin.py:188} INFO - [2024-04-21T20:32:56.941+0000] {dagbag.py:540} INFO - Filling up the DagBag from /home/airflow/.local/lib/python3.9/site-packages/airflow/example_dags/example_nested_branch_dag.py
[2024-04-21T20:32:56.955+0000] {processor.py:840} INFO - DAG(s) 'example_nested_branch_dag' retrieved from /home/airflow/.local/lib/python3.9/site-packages/airflow/example_dags/example_nested_branch_dag.py
[2024-04-21T20:32:57.107+0000] {logging_mixin.py:188} INFO - [2024-04-21T20:32:57.106+0000] {dag.py:3047} INFO - Sync 1 DAGs
[2024-04-21T20:32:57.138+0000] {logging_mixin.py:188} INFO - [2024-04-21T20:32:57.138+0000] {dag.py:3834} INFO - Setting next_dagrun for example_nested_branch_dag to 2024-04-20 00:00:00+00:00, run_after=2024-04-21 00:00:00+00:00
[2024-04-21T20:32:57.175+0000] {processor.py:183} INFO - Processing /home/airflow/.local/lib/python3.9/site-packages/airflow/example_dags/example_nested_branch_dag.py took 0.241 seconds
[2024-04-21T20:33:24.386+0000] {processor.py:161} INFO - Started process (PID=70) to work on /home/airflow/.local/lib/python3.9/site-packages/airflow/example_dags/example_nested_branch_dag.py
[2024-04-21T20:33:24.387+0000] {processor.py:830} INFO - Processing file /home/airflow/.local/lib/python3.9/site-packages/airflow/example_dags/example_nested_branch_dag.py for tasks to queue
[2024-04-21T20:33:24.389+0000] {logging_mixin.py:188} INFO - [2024-04-21T20:33:24.389+0000] {dagbag.py:540} INFO - Filling up the DagBag from /home/airflow/.local/lib/python3.9/site-packages/airflow/example_dags/example_nested_branch_dag.py
[2024-04-21T20:33:24.400+0000] {processor.py:840} INFO - DAG(s) 'example_nested_branch_dag' retrieved from /home/airflow/.local/lib/python3.9/site-packages/airflow/example_dags/example_nested_branch_dag.py
[2024-04-21T20:33:24.450+0000] {logging_mixin.py:188} INFO - [2024-04-21T20:33:24.449+0000] {dag.py:3047} INFO - Sync 1 DAGs
[2024-04-21T20:33:24.474+0000] {logging_mixin.py:188} INFO - [2024-04-21T20:33:24.474+0000] {dag.py:3834} INFO - Setting next_dagrun for example_nested_branch_dag to 2024-04-20 00:00:00+00:00, run_after=2024-04-21 00:00:00+00:00
[2024-04-21T20:33:24.514+0000] {processor.py:183} INFO - Processing /home/airflow/.local/lib/python3.9/site-packages/airflow/example_dags/example_nested_branch_dag.py took 0.131 seconds
[2024-04-21T20:33:55.382+0000] {processor.py:161} INFO - Started process (PID=127) to work on /home/airflow/.local/lib/python3.9/site-packages/airflow/example_dags/example_nested_branch_dag.py
[2024-04-21T20:33:55.383+0000] {processor.py:830} INFO - Processing file /home/airflow/.local/lib/python3.9/site-packages/airflow/example_dags/example_nested_branch_dag.py for tasks to queue
[2024-04-21T20:33:55.385+0000] {logging_mixin.py:188} INFO - [2024-04-21T20:33:55.385+0000] {dagbag.py:540} INFO - Filling up the DagBag from /home/airflow/.local/lib/python3.9/site-packages/airflow/example_dags/example_nested_branch_dag.py
[2024-04-21T20:33:55.396+0000] {processor.py:840} INFO - DAG(s) 'example_nested_branch_dag' retrieved from /home/airflow/.local/lib/python3.9/site-packages/airflow/example_dags/example_nested_branch_dag.py
[2024-04-21T20:33:55.458+0000] {logging_mixin.py:188} INFO - [2024-04-21T20:33:55.458+0000] {dag.py:3047} INFO - Sync 1 DAGs
[2024-04-21T20:33:55.483+0000] {logging_mixin.py:188} INFO - [2024-04-21T20:33:55.483+0000] {dag.py:3834} INFO - Setting next_dagrun for example_nested_branch_dag to 2024-04-20 00:00:00+00:00, run_after=2024-04-21 00:00:00+00:00
[2024-04-21T20:33:55.519+0000] {processor.py:183} INFO - Processing /home/airflow/.local/lib/python3.9/site-packages/airflow/example_dags/example_nested_branch_dag.py took 0.141 seconds
[2024-04-21T20:34:32.063+0000] {processor.py:161} INFO - Started process (PID=70) to work on /home/airflow/.local/lib/python3.9/site-packages/airflow/example_dags/example_nested_branch_dag.py
[2024-04-21T20:34:32.064+0000] {processor.py:830} INFO - Processing file /home/airflow/.local/lib/python3.9/site-packages/airflow/example_dags/example_nested_branch_dag.py for tasks to queue
[2024-04-21T20:34:32.066+0000] {logging_mixin.py:188} INFO - [2024-04-21T20:34:32.066+0000] {dagbag.py:540} INFO - Filling up the DagBag from /home/airflow/.local/lib/python3.9/site-packages/airflow/example_dags/example_nested_branch_dag.py
[2024-04-21T20:34:32.077+0000] {processor.py:840} INFO - DAG(s) 'example_nested_branch_dag' retrieved from /home/airflow/.local/lib/python3.9/site-packages/airflow/example_dags/example_nested_branch_dag.py
[2024-04-21T20:34:32.138+0000] {logging_mixin.py:188} INFO - [2024-04-21T20:34:32.138+0000] {dag.py:3047} INFO - Sync 1 DAGs
[2024-04-21T20:34:32.162+0000] {logging_mixin.py:188} INFO - [2024-04-21T20:34:32.162+0000] {dag.py:3834} INFO - Setting next_dagrun for example_nested_branch_dag to 2024-04-20 00:00:00+00:00, run_after=2024-04-21 00:00:00+00:00
[2024-04-21T20:34:32.227+0000] {processor.py:183} INFO - Processing /home/airflow/.local/lib/python3.9/site-packages/airflow/example_dags/example_nested_branch_dag.py took 0.167 seconds
[2024-04-21T20:35:03.143+0000] {processor.py:161} INFO - Started process (PID=127) to work on /home/airflow/.local/lib/python3.9/site-packages/airflow/example_dags/example_nested_branch_dag.py
[2024-04-21T20:35:03.145+0000] {processor.py:830} INFO - Processing file /home/airflow/.local/lib/python3.9/site-packages/airflow/example_dags/example_nested_branch_dag.py for tasks to queue
[2024-04-21T20:35:03.150+0000] {logging_mixin.py:188} INFO - [2024-04-21T20:35:03.149+0000] {dagbag.py:540} INFO - Filling up the DagBag from /home/airflow/.local/lib/python3.9/site-packages/airflow/example_dags/example_nested_branch_dag.py
[2024-04-21T20:35:03.166+0000] {processor.py:840} INFO - DAG(s) 'example_nested_branch_dag' retrieved from /home/airflow/.local/lib/python3.9/site-packages/airflow/example_dags/example_nested_branch_dag.py
[2024-04-21T20:35:03.256+0000] {logging_mixin.py:188} INFO - [2024-04-21T20:35:03.255+0000] {dag.py:3047} INFO - Sync 1 DAGs
[2024-04-21T20:35:03.303+0000] {logging_mixin.py:188} INFO - [2024-04-21T20:35:03.302+0000] {dag.py:3834} INFO - Setting next_dagrun for example_nested_branch_dag to 2024-04-20 00:00:00+00:00, run_after=2024-04-21 00:00:00+00:00
[2024-04-21T20:35:03.350+0000] {processor.py:183} INFO - Processing /home/airflow/.local/lib/python3.9/site-packages/airflow/example_dags/example_nested_branch_dag.py took 0.212 seconds
[2024-04-21T20:35:33.831+0000] {processor.py:161} INFO - Started process (PID=184) to work on /home/airflow/.local/lib/python3.9/site-packages/airflow/example_dags/example_nested_branch_dag.py
[2024-04-21T20:35:33.832+0000] {processor.py:830} INFO - Processing file /home/airflow/.local/lib/python3.9/site-packages/airflow/example_dags/example_nested_branch_dag.py for tasks to queue
[2024-04-21T20:35:33.835+0000] {logging_mixin.py:188} INFO - [2024-04-21T20:35:33.835+0000] {dagbag.py:540} INFO - Filling up the DagBag from /home/airflow/.local/lib/python3.9/site-packages/airflow/example_dags/example_nested_branch_dag.py
[2024-04-21T20:35:33.845+0000] {processor.py:840} INFO - DAG(s) 'example_nested_branch_dag' retrieved from /home/airflow/.local/lib/python3.9/site-packages/airflow/example_dags/example_nested_branch_dag.py
[2024-04-21T20:35:33.906+0000] {logging_mixin.py:188} INFO - [2024-04-21T20:35:33.905+0000] {dag.py:3047} INFO - Sync 1 DAGs
[2024-04-21T20:35:33.932+0000] {logging_mixin.py:188} INFO - [2024-04-21T20:35:33.932+0000] {dag.py:3834} INFO - Setting next_dagrun for example_nested_branch_dag to 2024-04-20 00:00:00+00:00, run_after=2024-04-21 00:00:00+00:00
[2024-04-21T20:35:33.968+0000] {processor.py:183} INFO - Processing /home/airflow/.local/lib/python3.9/site-packages/airflow/example_dags/example_nested_branch_dag.py took 0.139 seconds
[2024-04-21T20:36:04.894+0000] {processor.py:161} INFO - Started process (PID=241) to work on /home/airflow/.local/lib/python3.9/site-packages/airflow/example_dags/example_nested_branch_dag.py
[2024-04-21T20:36:04.895+0000] {processor.py:830} INFO - Processing file /home/airflow/.local/lib/python3.9/site-packages/airflow/example_dags/example_nested_branch_dag.py for tasks to queue
[2024-04-21T20:36:04.898+0000] {logging_mixin.py:188} INFO - [2024-04-21T20:36:04.897+0000] {dagbag.py:540} INFO - Filling up the DagBag from /home/airflow/.local/lib/python3.9/site-packages/airflow/example_dags/example_nested_branch_dag.py
[2024-04-21T20:36:04.907+0000] {processor.py:840} INFO - DAG(s) 'example_nested_branch_dag' retrieved from /home/airflow/.local/lib/python3.9/site-packages/airflow/example_dags/example_nested_branch_dag.py
[2024-04-21T20:36:04.964+0000] {logging_mixin.py:188} INFO - [2024-04-21T20:36:04.964+0000] {dag.py:3047} INFO - Sync 1 DAGs
[2024-04-21T20:36:04.993+0000] {logging_mixin.py:188} INFO - [2024-04-21T20:36:04.993+0000] {dag.py:3834} INFO - Setting next_dagrun for example_nested_branch_dag to 2024-04-20 00:00:00+00:00, run_after=2024-04-21 00:00:00+00:00
[2024-04-21T20:36:05.027+0000] {processor.py:183} INFO - Processing /home/airflow/.local/lib/python3.9/site-packages/airflow/example_dags/example_nested_branch_dag.py took 0.136 seconds
[2024-04-21T20:36:36.637+0000] {processor.py:161} INFO - Started process (PID=298) to work on /home/airflow/.local/lib/python3.9/site-packages/airflow/example_dags/example_nested_branch_dag.py
[2024-04-21T20:36:36.639+0000] {processor.py:830} INFO - Processing file /home/airflow/.local/lib/python3.9/site-packages/airflow/example_dags/example_nested_branch_dag.py for tasks to queue
[2024-04-21T20:36:36.643+0000] {logging_mixin.py:188} INFO - [2024-04-21T20:36:36.642+0000] {dagbag.py:540} INFO - Filling up the DagBag from /home/airflow/.local/lib/python3.9/site-packages/airflow/example_dags/example_nested_branch_dag.py
[2024-04-21T20:36:36.660+0000] {processor.py:840} INFO - DAG(s) 'example_nested_branch_dag' retrieved from /home/airflow/.local/lib/python3.9/site-packages/airflow/example_dags/example_nested_branch_dag.py
[2024-04-21T20:36:36.750+0000] {logging_mixin.py:188} INFO - [2024-04-21T20:36:36.749+0000] {dag.py:3047} INFO - Sync 1 DAGs
[2024-04-21T20:36:36.802+0000] {logging_mixin.py:188} INFO - [2024-04-21T20:36:36.802+0000] {dag.py:3834} INFO - Setting next_dagrun for example_nested_branch_dag to 2024-04-20 00:00:00+00:00, run_after=2024-04-21 00:00:00+00:00
[2024-04-21T20:36:36.858+0000] {processor.py:183} INFO - Processing /home/airflow/.local/lib/python3.9/site-packages/airflow/example_dags/example_nested_branch_dag.py took 0.226 seconds
[2024-04-21T20:37:07.377+0000] {processor.py:161} INFO - Started process (PID=355) to work on /home/airflow/.local/lib/python3.9/site-packages/airflow/example_dags/example_nested_branch_dag.py
[2024-04-21T20:37:07.379+0000] {processor.py:830} INFO - Processing file /home/airflow/.local/lib/python3.9/site-packages/airflow/example_dags/example_nested_branch_dag.py for tasks to queue
[2024-04-21T20:37:07.382+0000] {logging_mixin.py:188} INFO - [2024-04-21T20:37:07.381+0000] {dagbag.py:540} INFO - Filling up the DagBag from /home/airflow/.local/lib/python3.9/site-packages/airflow/example_dags/example_nested_branch_dag.py
[2024-04-21T20:37:07.393+0000] {processor.py:840} INFO - DAG(s) 'example_nested_branch_dag' retrieved from /home/airflow/.local/lib/python3.9/site-packages/airflow/example_dags/example_nested_branch_dag.py
[2024-04-21T20:37:07.457+0000] {logging_mixin.py:188} INFO - [2024-04-21T20:37:07.457+0000] {dag.py:3047} INFO - Sync 1 DAGs
[2024-04-21T20:37:07.482+0000] {logging_mixin.py:188} INFO - [2024-04-21T20:37:07.482+0000] {dag.py:3834} INFO - Setting next_dagrun for example_nested_branch_dag to 2024-04-20 00:00:00+00:00, run_after=2024-04-21 00:00:00+00:00
[2024-04-21T20:37:07.516+0000] {processor.py:183} INFO - Processing /home/airflow/.local/lib/python3.9/site-packages/airflow/example_dags/example_nested_branch_dag.py took 0.142 seconds
[2024-04-21T20:37:38.392+0000] {processor.py:161} INFO - Started process (PID=412) to work on /home/airflow/.local/lib/python3.9/site-packages/airflow/example_dags/example_nested_branch_dag.py
[2024-04-21T20:37:38.395+0000] {processor.py:830} INFO - Processing file /home/airflow/.local/lib/python3.9/site-packages/airflow/example_dags/example_nested_branch_dag.py for tasks to queue
[2024-04-21T20:37:38.400+0000] {logging_mixin.py:188} INFO - [2024-04-21T20:37:38.399+0000] {dagbag.py:540} INFO - Filling up the DagBag from /home/airflow/.local/lib/python3.9/site-packages/airflow/example_dags/example_nested_branch_dag.py
[2024-04-21T20:37:38.421+0000] {processor.py:840} INFO - DAG(s) 'example_nested_branch_dag' retrieved from /home/airflow/.local/lib/python3.9/site-packages/airflow/example_dags/example_nested_branch_dag.py
[2024-04-21T20:37:38.546+0000] {logging_mixin.py:188} INFO - [2024-04-21T20:37:38.545+0000] {dag.py:3047} INFO - Sync 1 DAGs
[2024-04-21T20:37:38.580+0000] {logging_mixin.py:188} INFO - [2024-04-21T20:37:38.580+0000] {dag.py:3834} INFO - Setting next_dagrun for example_nested_branch_dag to 2024-04-20 00:00:00+00:00, run_after=2024-04-21 00:00:00+00:00
[2024-04-21T20:37:38.620+0000] {processor.py:183} INFO - Processing /home/airflow/.local/lib/python3.9/site-packages/airflow/example_dags/example_nested_branch_dag.py took 0.237 seconds
[2024-04-21T20:38:09.541+0000] {processor.py:161} INFO - Started process (PID=469) to work on /home/airflow/.local/lib/python3.9/site-packages/airflow/example_dags/example_nested_branch_dag.py
[2024-04-21T20:38:09.542+0000] {processor.py:830} INFO - Processing file /home/airflow/.local/lib/python3.9/site-packages/airflow/example_dags/example_nested_branch_dag.py for tasks to queue
[2024-04-21T20:38:09.544+0000] {logging_mixin.py:188} INFO - [2024-04-21T20:38:09.544+0000] {dagbag.py:540} INFO - Filling up the DagBag from /home/airflow/.local/lib/python3.9/site-packages/airflow/example_dags/example_nested_branch_dag.py
[2024-04-21T20:38:09.553+0000] {processor.py:840} INFO - DAG(s) 'example_nested_branch_dag' retrieved from /home/airflow/.local/lib/python3.9/site-packages/airflow/example_dags/example_nested_branch_dag.py
[2024-04-21T20:38:09.608+0000] {logging_mixin.py:188} INFO - [2024-04-21T20:38:09.608+0000] {dag.py:3047} INFO - Sync 1 DAGs
[2024-04-21T20:38:09.639+0000] {logging_mixin.py:188} INFO - [2024-04-21T20:38:09.639+0000] {dag.py:3834} INFO - Setting next_dagrun for example_nested_branch_dag to 2024-04-20 00:00:00+00:00, run_after=2024-04-21 00:00:00+00:00
[2024-04-21T20:38:09.670+0000] {processor.py:183} INFO - Processing /home/airflow/.local/lib/python3.9/site-packages/airflow/example_dags/example_nested_branch_dag.py took 0.132 seconds
[2024-04-21T20:38:41.722+0000] {processor.py:161} INFO - Started process (PID=526) to work on /home/airflow/.local/lib/python3.9/site-packages/airflow/example_dags/example_nested_branch_dag.py
[2024-04-21T20:38:41.723+0000] {processor.py:830} INFO - Processing file /home/airflow/.local/lib/python3.9/site-packages/airflow/example_dags/example_nested_branch_dag.py for tasks to queue
[2024-04-21T20:38:41.725+0000] {logging_mixin.py:188} INFO - [2024-04-21T20:38:41.724+0000] {dagbag.py:540} INFO - Filling up the DagBag from /home/airflow/.local/lib/python3.9/site-packages/airflow/example_dags/example_nested_branch_dag.py
[2024-04-21T20:38:41.734+0000] {processor.py:840} INFO - DAG(s) 'example_nested_branch_dag' retrieved from /home/airflow/.local/lib/python3.9/site-packages/airflow/example_dags/example_nested_branch_dag.py
[2024-04-21T20:38:41.788+0000] {logging_mixin.py:188} INFO - [2024-04-21T20:38:41.788+0000] {dag.py:3047} INFO - Sync 1 DAGs
[2024-04-21T20:38:41.811+0000] {logging_mixin.py:188} INFO - [2024-04-21T20:38:41.811+0000] {dag.py:3834} INFO - Setting next_dagrun for example_nested_branch_dag to 2024-04-20 00:00:00+00:00, run_after=2024-04-21 00:00:00+00:00
[2024-04-21T20:38:41.842+0000] {processor.py:183} INFO - Processing /home/airflow/.local/lib/python3.9/site-packages/airflow/example_dags/example_nested_branch_dag.py took 0.123 seconds
[2024-04-21T20:40:43.211+0000] {processor.py:161} INFO - Started process (PID=614) to work on /home/airflow/.local/lib/python3.9/site-packages/airflow/example_dags/example_nested_branch_dag.py
[2024-04-21T20:40:43.212+0000] {processor.py:830} INFO - Processing file /home/airflow/.local/lib/python3.9/site-packages/airflow/example_dags/example_nested_branch_dag.py for tasks to queue
[2024-04-21T20:40:43.214+0000] {logging_mixin.py:188} INFO - [2024-04-21T20:40:43.214+0000] {dagbag.py:540} INFO - Filling up the DagBag from /home/airflow/.local/lib/python3.9/site-packages/airflow/example_dags/example_nested_branch_dag.py
[2024-04-21T20:40:43.224+0000] {processor.py:840} INFO - DAG(s) 'example_nested_branch_dag' retrieved from /home/airflow/.local/lib/python3.9/site-packages/airflow/example_dags/example_nested_branch_dag.py
[2024-04-21T20:40:43.283+0000] {logging_mixin.py:188} INFO - [2024-04-21T20:40:43.283+0000] {dag.py:3047} INFO - Sync 1 DAGs
[2024-04-21T20:40:43.306+0000] {logging_mixin.py:188} INFO - [2024-04-21T20:40:43.306+0000] {dag.py:3834} INFO - Setting next_dagrun for example_nested_branch_dag to 2024-04-20 00:00:00+00:00, run_after=2024-04-21 00:00:00+00:00
[2024-04-21T20:40:43.335+0000] {processor.py:183} INFO - Processing /home/airflow/.local/lib/python3.9/site-packages/airflow/example_dags/example_nested_branch_dag.py took 0.127 seconds
[2024-04-21T20:41:15.481+0000] {processor.py:161} INFO - Started process (PID=673) to work on /home/airflow/.local/lib/python3.9/site-packages/airflow/example_dags/example_nested_branch_dag.py
[2024-04-21T20:41:15.483+0000] {processor.py:830} INFO - Processing file /home/airflow/.local/lib/python3.9/site-packages/airflow/example_dags/example_nested_branch_dag.py for tasks to queue
[2024-04-21T20:41:15.487+0000] {logging_mixin.py:188} INFO - [2024-04-21T20:41:15.485+0000] {dagbag.py:540} INFO - Filling up the DagBag from /home/airflow/.local/lib/python3.9/site-packages/airflow/example_dags/example_nested_branch_dag.py
[2024-04-21T20:41:15.507+0000] {processor.py:840} INFO - DAG(s) 'example_nested_branch_dag' retrieved from /home/airflow/.local/lib/python3.9/site-packages/airflow/example_dags/example_nested_branch_dag.py
[2024-04-21T20:41:16.066+0000] {logging_mixin.py:188} INFO - [2024-04-21T20:41:16.061+0000] {dag.py:3047} INFO - Sync 1 DAGs
[2024-04-21T20:41:16.097+0000] {logging_mixin.py:188} INFO - [2024-04-21T20:41:16.096+0000] {dag.py:3834} INFO - Setting next_dagrun for example_nested_branch_dag to 2024-04-20 00:00:00+00:00, run_after=2024-04-21 00:00:00+00:00
[2024-04-21T20:41:16.136+0000] {processor.py:183} INFO - Processing /home/airflow/.local/lib/python3.9/site-packages/airflow/example_dags/example_nested_branch_dag.py took 0.659 seconds
[2024-04-21T20:41:46.559+0000] {processor.py:161} INFO - Started process (PID=730) to work on /home/airflow/.local/lib/python3.9/site-packages/airflow/example_dags/example_nested_branch_dag.py
[2024-04-21T20:41:46.560+0000] {processor.py:830} INFO - Processing file /home/airflow/.local/lib/python3.9/site-packages/airflow/example_dags/example_nested_branch_dag.py for tasks to queue
[2024-04-21T20:41:46.563+0000] {logging_mixin.py:188} INFO - [2024-04-21T20:41:46.563+0000] {dagbag.py:540} INFO - Filling up the DagBag from /home/airflow/.local/lib/python3.9/site-packages/airflow/example_dags/example_nested_branch_dag.py
[2024-04-21T20:41:46.574+0000] {processor.py:840} INFO - DAG(s) 'example_nested_branch_dag' retrieved from /home/airflow/.local/lib/python3.9/site-packages/airflow/example_dags/example_nested_branch_dag.py
[2024-04-21T20:41:46.639+0000] {logging_mixin.py:188} INFO - [2024-04-21T20:41:46.639+0000] {dag.py:3047} INFO - Sync 1 DAGs
[2024-04-21T20:41:46.668+0000] {logging_mixin.py:188} INFO - [2024-04-21T20:41:46.667+0000] {dag.py:3834} INFO - Setting next_dagrun for example_nested_branch_dag to 2024-04-20 00:00:00+00:00, run_after=2024-04-21 00:00:00+00:00
[2024-04-21T20:41:46.712+0000] {processor.py:183} INFO - Processing /home/airflow/.local/lib/python3.9/site-packages/airflow/example_dags/example_nested_branch_dag.py took 0.157 seconds
[2024-04-21T20:42:38.546+0000] {processor.py:161} INFO - Started process (PID=70) to work on /home/airflow/.local/lib/python3.9/site-packages/airflow/example_dags/example_nested_branch_dag.py
[2024-04-21T20:42:38.547+0000] {processor.py:830} INFO - Processing file /home/airflow/.local/lib/python3.9/site-packages/airflow/example_dags/example_nested_branch_dag.py for tasks to queue
[2024-04-21T20:42:38.550+0000] {logging_mixin.py:188} INFO - [2024-04-21T20:42:38.550+0000] {dagbag.py:540} INFO - Filling up the DagBag from /home/airflow/.local/lib/python3.9/site-packages/airflow/example_dags/example_nested_branch_dag.py
[2024-04-21T20:42:38.561+0000] {processor.py:840} INFO - DAG(s) 'example_nested_branch_dag' retrieved from /home/airflow/.local/lib/python3.9/site-packages/airflow/example_dags/example_nested_branch_dag.py
[2024-04-21T20:42:38.624+0000] {logging_mixin.py:188} INFO - [2024-04-21T20:42:38.624+0000] {dag.py:3047} INFO - Sync 1 DAGs
[2024-04-21T20:42:38.648+0000] {logging_mixin.py:188} INFO - [2024-04-21T20:42:38.647+0000] {dag.py:3834} INFO - Setting next_dagrun for example_nested_branch_dag to 2024-04-20 00:00:00+00:00, run_after=2024-04-21 00:00:00+00:00
[2024-04-21T20:42:38.688+0000] {processor.py:183} INFO - Processing /home/airflow/.local/lib/python3.9/site-packages/airflow/example_dags/example_nested_branch_dag.py took 0.145 seconds
[2024-04-21T20:43:09.969+0000] {processor.py:161} INFO - Started process (PID=127) to work on /home/airflow/.local/lib/python3.9/site-packages/airflow/example_dags/example_nested_branch_dag.py
[2024-04-21T20:43:09.970+0000] {processor.py:830} INFO - Processing file /home/airflow/.local/lib/python3.9/site-packages/airflow/example_dags/example_nested_branch_dag.py for tasks to queue
[2024-04-21T20:43:09.972+0000] {logging_mixin.py:188} INFO - [2024-04-21T20:43:09.972+0000] {dagbag.py:540} INFO - Filling up the DagBag from /home/airflow/.local/lib/python3.9/site-packages/airflow/example_dags/example_nested_branch_dag.py
[2024-04-21T20:43:09.983+0000] {processor.py:840} INFO - DAG(s) 'example_nested_branch_dag' retrieved from /home/airflow/.local/lib/python3.9/site-packages/airflow/example_dags/example_nested_branch_dag.py
[2024-04-21T20:43:10.043+0000] {logging_mixin.py:188} INFO - [2024-04-21T20:43:10.043+0000] {dag.py:3047} INFO - Sync 1 DAGs
[2024-04-21T20:43:10.068+0000] {logging_mixin.py:188} INFO - [2024-04-21T20:43:10.068+0000] {dag.py:3834} INFO - Setting next_dagrun for example_nested_branch_dag to 2024-04-20 00:00:00+00:00, run_after=2024-04-21 00:00:00+00:00
[2024-04-21T20:43:10.106+0000] {processor.py:183} INFO - Processing /home/airflow/.local/lib/python3.9/site-packages/airflow/example_dags/example_nested_branch_dag.py took 0.140 seconds
[2024-04-21T20:43:40.151+0000] {processor.py:161} INFO - Started process (PID=184) to work on /home/airflow/.local/lib/python3.9/site-packages/airflow/example_dags/example_nested_branch_dag.py
[2024-04-21T20:43:40.153+0000] {processor.py:830} INFO - Processing file /home/airflow/.local/lib/python3.9/site-packages/airflow/example_dags/example_nested_branch_dag.py for tasks to queue
[2024-04-21T20:43:40.155+0000] {logging_mixin.py:188} INFO - [2024-04-21T20:43:40.155+0000] {dagbag.py:540} INFO - Filling up the DagBag from /home/airflow/.local/lib/python3.9/site-packages/airflow/example_dags/example_nested_branch_dag.py
[2024-04-21T20:43:40.164+0000] {processor.py:840} INFO - DAG(s) 'example_nested_branch_dag' retrieved from /home/airflow/.local/lib/python3.9/site-packages/airflow/example_dags/example_nested_branch_dag.py
[2024-04-21T20:43:40.220+0000] {logging_mixin.py:188} INFO - [2024-04-21T20:43:40.219+0000] {dag.py:3047} INFO - Sync 1 DAGs
[2024-04-21T20:43:40.246+0000] {logging_mixin.py:188} INFO - [2024-04-21T20:43:40.246+0000] {dag.py:3834} INFO - Setting next_dagrun for example_nested_branch_dag to 2024-04-20 00:00:00+00:00, run_after=2024-04-21 00:00:00+00:00
[2024-04-21T20:43:40.272+0000] {processor.py:183} INFO - Processing /home/airflow/.local/lib/python3.9/site-packages/airflow/example_dags/example_nested_branch_dag.py took 0.124 seconds
[2024-04-21T20:44:11.744+0000] {processor.py:161} INFO - Started process (PID=241) to work on /home/airflow/.local/lib/python3.9/site-packages/airflow/example_dags/example_nested_branch_dag.py
[2024-04-21T20:44:11.746+0000] {processor.py:830} INFO - Processing file /home/airflow/.local/lib/python3.9/site-packages/airflow/example_dags/example_nested_branch_dag.py for tasks to queue
[2024-04-21T20:44:11.748+0000] {logging_mixin.py:188} INFO - [2024-04-21T20:44:11.748+0000] {dagbag.py:540} INFO - Filling up the DagBag from /home/airflow/.local/lib/python3.9/site-packages/airflow/example_dags/example_nested_branch_dag.py
[2024-04-21T20:44:11.758+0000] {processor.py:840} INFO - DAG(s) 'example_nested_branch_dag' retrieved from /home/airflow/.local/lib/python3.9/site-packages/airflow/example_dags/example_nested_branch_dag.py
[2024-04-21T20:44:11.813+0000] {logging_mixin.py:188} INFO - [2024-04-21T20:44:11.812+0000] {dag.py:3047} INFO - Sync 1 DAGs
[2024-04-21T20:44:11.837+0000] {logging_mixin.py:188} INFO - [2024-04-21T20:44:11.837+0000] {dag.py:3834} INFO - Setting next_dagrun for example_nested_branch_dag to 2024-04-20 00:00:00+00:00, run_after=2024-04-21 00:00:00+00:00
[2024-04-21T20:44:11.869+0000] {processor.py:183} INFO - Processing /home/airflow/.local/lib/python3.9/site-packages/airflow/example_dags/example_nested_branch_dag.py took 0.129 seconds
[2024-04-21T20:44:43.877+0000] {processor.py:161} INFO - Started process (PID=298) to work on /home/airflow/.local/lib/python3.9/site-packages/airflow/example_dags/example_nested_branch_dag.py
[2024-04-21T20:44:43.879+0000] {processor.py:830} INFO - Processing file /home/airflow/.local/lib/python3.9/site-packages/airflow/example_dags/example_nested_branch_dag.py for tasks to queue
[2024-04-21T20:44:43.881+0000] {logging_mixin.py:188} INFO - [2024-04-21T20:44:43.881+0000] {dagbag.py:540} INFO - Filling up the DagBag from /home/airflow/.local/lib/python3.9/site-packages/airflow/example_dags/example_nested_branch_dag.py
[2024-04-21T20:44:43.891+0000] {processor.py:840} INFO - DAG(s) 'example_nested_branch_dag' retrieved from /home/airflow/.local/lib/python3.9/site-packages/airflow/example_dags/example_nested_branch_dag.py
[2024-04-21T20:44:43.943+0000] {logging_mixin.py:188} INFO - [2024-04-21T20:44:43.943+0000] {dag.py:3047} INFO - Sync 1 DAGs
[2024-04-21T20:44:43.967+0000] {logging_mixin.py:188} INFO - [2024-04-21T20:44:43.966+0000] {dag.py:3834} INFO - Setting next_dagrun for example_nested_branch_dag to 2024-04-20 00:00:00+00:00, run_after=2024-04-21 00:00:00+00:00
[2024-04-21T20:44:43.995+0000] {processor.py:183} INFO - Processing /home/airflow/.local/lib/python3.9/site-packages/airflow/example_dags/example_nested_branch_dag.py took 0.120 seconds
[2024-04-21T20:45:14.216+0000] {processor.py:161} INFO - Started process (PID=355) to work on /home/airflow/.local/lib/python3.9/site-packages/airflow/example_dags/example_nested_branch_dag.py
[2024-04-21T20:45:14.217+0000] {processor.py:830} INFO - Processing file /home/airflow/.local/lib/python3.9/site-packages/airflow/example_dags/example_nested_branch_dag.py for tasks to queue
[2024-04-21T20:45:14.219+0000] {logging_mixin.py:188} INFO - [2024-04-21T20:45:14.219+0000] {dagbag.py:540} INFO - Filling up the DagBag from /home/airflow/.local/lib/python3.9/site-packages/airflow/example_dags/example_nested_branch_dag.py
[2024-04-21T20:45:14.229+0000] {processor.py:840} INFO - DAG(s) 'example_nested_branch_dag' retrieved from /home/airflow/.local/lib/python3.9/site-packages/airflow/example_dags/example_nested_branch_dag.py
[2024-04-21T20:45:14.286+0000] {logging_mixin.py:188} INFO - [2024-04-21T20:45:14.286+0000] {dag.py:3047} INFO - Sync 1 DAGs
[2024-04-21T20:45:14.313+0000] {logging_mixin.py:188} INFO - [2024-04-21T20:45:14.313+0000] {dag.py:3834} INFO - Setting next_dagrun for example_nested_branch_dag to 2024-04-20 00:00:00+00:00, run_after=2024-04-21 00:00:00+00:00
[2024-04-21T20:45:14.347+0000] {processor.py:183} INFO - Processing /home/airflow/.local/lib/python3.9/site-packages/airflow/example_dags/example_nested_branch_dag.py took 0.134 seconds
[2024-04-21T20:45:46.383+0000] {processor.py:161} INFO - Started process (PID=412) to work on /home/airflow/.local/lib/python3.9/site-packages/airflow/example_dags/example_nested_branch_dag.py
[2024-04-21T20:45:46.384+0000] {processor.py:830} INFO - Processing file /home/airflow/.local/lib/python3.9/site-packages/airflow/example_dags/example_nested_branch_dag.py for tasks to queue
[2024-04-21T20:45:46.389+0000] {logging_mixin.py:188} INFO - [2024-04-21T20:45:46.386+0000] {dagbag.py:540} INFO - Filling up the DagBag from /home/airflow/.local/lib/python3.9/site-packages/airflow/example_dags/example_nested_branch_dag.py
[2024-04-21T20:45:46.407+0000] {processor.py:840} INFO - DAG(s) 'example_nested_branch_dag' retrieved from /home/airflow/.local/lib/python3.9/site-packages/airflow/example_dags/example_nested_branch_dag.py
[2024-04-21T20:45:47.476+0000] {logging_mixin.py:188} INFO - [2024-04-21T20:45:47.470+0000] {dag.py:3047} INFO - Sync 1 DAGs
[2024-04-21T20:45:47.520+0000] {logging_mixin.py:188} INFO - [2024-04-21T20:45:47.518+0000] {dag.py:3834} INFO - Setting next_dagrun for example_nested_branch_dag to 2024-04-20 00:00:00+00:00, run_after=2024-04-21 00:00:00+00:00
[2024-04-21T20:45:47.572+0000] {processor.py:183} INFO - Processing /home/airflow/.local/lib/python3.9/site-packages/airflow/example_dags/example_nested_branch_dag.py took 1.197 seconds
[2024-04-21T20:46:17.650+0000] {processor.py:161} INFO - Started process (PID=469) to work on /home/airflow/.local/lib/python3.9/site-packages/airflow/example_dags/example_nested_branch_dag.py
[2024-04-21T20:46:17.652+0000] {processor.py:830} INFO - Processing file /home/airflow/.local/lib/python3.9/site-packages/airflow/example_dags/example_nested_branch_dag.py for tasks to queue
[2024-04-21T20:46:17.654+0000] {logging_mixin.py:188} INFO - [2024-04-21T20:46:17.654+0000] {dagbag.py:540} INFO - Filling up the DagBag from /home/airflow/.local/lib/python3.9/site-packages/airflow/example_dags/example_nested_branch_dag.py
[2024-04-21T20:46:17.664+0000] {processor.py:840} INFO - DAG(s) 'example_nested_branch_dag' retrieved from /home/airflow/.local/lib/python3.9/site-packages/airflow/example_dags/example_nested_branch_dag.py
[2024-04-21T20:46:17.720+0000] {logging_mixin.py:188} INFO - [2024-04-21T20:46:17.720+0000] {dag.py:3047} INFO - Sync 1 DAGs
[2024-04-21T20:46:17.747+0000] {logging_mixin.py:188} INFO - [2024-04-21T20:46:17.747+0000] {dag.py:3834} INFO - Setting next_dagrun for example_nested_branch_dag to 2024-04-20 00:00:00+00:00, run_after=2024-04-21 00:00:00+00:00
[2024-04-21T20:46:17.781+0000] {processor.py:183} INFO - Processing /home/airflow/.local/lib/python3.9/site-packages/airflow/example_dags/example_nested_branch_dag.py took 0.134 seconds
[2024-04-21T20:46:48.543+0000] {processor.py:161} INFO - Started process (PID=526) to work on /home/airflow/.local/lib/python3.9/site-packages/airflow/example_dags/example_nested_branch_dag.py
[2024-04-21T20:46:48.544+0000] {processor.py:830} INFO - Processing file /home/airflow/.local/lib/python3.9/site-packages/airflow/example_dags/example_nested_branch_dag.py for tasks to queue
[2024-04-21T20:46:48.546+0000] {logging_mixin.py:188} INFO - [2024-04-21T20:46:48.546+0000] {dagbag.py:540} INFO - Filling up the DagBag from /home/airflow/.local/lib/python3.9/site-packages/airflow/example_dags/example_nested_branch_dag.py
[2024-04-21T20:46:48.555+0000] {processor.py:840} INFO - DAG(s) 'example_nested_branch_dag' retrieved from /home/airflow/.local/lib/python3.9/site-packages/airflow/example_dags/example_nested_branch_dag.py
[2024-04-21T20:46:48.610+0000] {logging_mixin.py:188} INFO - [2024-04-21T20:46:48.610+0000] {dag.py:3047} INFO - Sync 1 DAGs
[2024-04-21T20:46:48.634+0000] {logging_mixin.py:188} INFO - [2024-04-21T20:46:48.633+0000] {dag.py:3834} INFO - Setting next_dagrun for example_nested_branch_dag to 2024-04-20 00:00:00+00:00, run_after=2024-04-21 00:00:00+00:00
[2024-04-21T20:46:48.665+0000] {processor.py:183} INFO - Processing /home/airflow/.local/lib/python3.9/site-packages/airflow/example_dags/example_nested_branch_dag.py took 0.125 seconds
[2024-04-21T20:47:19.312+0000] {processor.py:161} INFO - Started process (PID=583) to work on /home/airflow/.local/lib/python3.9/site-packages/airflow/example_dags/example_nested_branch_dag.py
[2024-04-21T20:47:19.314+0000] {processor.py:830} INFO - Processing file /home/airflow/.local/lib/python3.9/site-packages/airflow/example_dags/example_nested_branch_dag.py for tasks to queue
[2024-04-21T20:47:19.320+0000] {logging_mixin.py:188} INFO - [2024-04-21T20:47:19.318+0000] {dagbag.py:540} INFO - Filling up the DagBag from /home/airflow/.local/lib/python3.9/site-packages/airflow/example_dags/example_nested_branch_dag.py
[2024-04-21T20:47:19.347+0000] {processor.py:840} INFO - DAG(s) 'example_nested_branch_dag' retrieved from /home/airflow/.local/lib/python3.9/site-packages/airflow/example_dags/example_nested_branch_dag.py
[2024-04-21T20:47:19.461+0000] {logging_mixin.py:188} INFO - [2024-04-21T20:47:19.461+0000] {dag.py:3047} INFO - Sync 1 DAGs
[2024-04-21T20:47:19.510+0000] {logging_mixin.py:188} INFO - [2024-04-21T20:47:19.509+0000] {dag.py:3834} INFO - Setting next_dagrun for example_nested_branch_dag to 2024-04-20 00:00:00+00:00, run_after=2024-04-21 00:00:00+00:00
[2024-04-21T20:47:19.547+0000] {processor.py:183} INFO - Processing /home/airflow/.local/lib/python3.9/site-packages/airflow/example_dags/example_nested_branch_dag.py took 0.242 seconds
[2024-04-21T20:47:50.059+0000] {processor.py:161} INFO - Started process (PID=640) to work on /home/airflow/.local/lib/python3.9/site-packages/airflow/example_dags/example_nested_branch_dag.py
[2024-04-21T20:47:50.060+0000] {processor.py:830} INFO - Processing file /home/airflow/.local/lib/python3.9/site-packages/airflow/example_dags/example_nested_branch_dag.py for tasks to queue
[2024-04-21T20:47:50.062+0000] {logging_mixin.py:188} INFO - [2024-04-21T20:47:50.062+0000] {dagbag.py:540} INFO - Filling up the DagBag from /home/airflow/.local/lib/python3.9/site-packages/airflow/example_dags/example_nested_branch_dag.py
[2024-04-21T20:47:50.071+0000] {processor.py:840} INFO - DAG(s) 'example_nested_branch_dag' retrieved from /home/airflow/.local/lib/python3.9/site-packages/airflow/example_dags/example_nested_branch_dag.py
[2024-04-21T20:47:50.125+0000] {logging_mixin.py:188} INFO - [2024-04-21T20:47:50.125+0000] {dag.py:3047} INFO - Sync 1 DAGs
[2024-04-21T20:47:50.149+0000] {logging_mixin.py:188} INFO - [2024-04-21T20:47:50.149+0000] {dag.py:3834} INFO - Setting next_dagrun for example_nested_branch_dag to 2024-04-20 00:00:00+00:00, run_after=2024-04-21 00:00:00+00:00
[2024-04-21T20:47:50.181+0000] {processor.py:183} INFO - Processing /home/airflow/.local/lib/python3.9/site-packages/airflow/example_dags/example_nested_branch_dag.py took 0.125 seconds
[2024-04-21T21:00:54.563+0000] {processor.py:161} INFO - Started process (PID=77) to work on /home/airflow/.local/lib/python3.9/site-packages/airflow/example_dags/example_nested_branch_dag.py
[2024-04-21T21:00:54.565+0000] {processor.py:830} INFO - Processing file /home/airflow/.local/lib/python3.9/site-packages/airflow/example_dags/example_nested_branch_dag.py for tasks to queue
[2024-04-21T21:00:54.567+0000] {logging_mixin.py:188} INFO - [2024-04-21T21:00:54.567+0000] {dagbag.py:540} INFO - Filling up the DagBag from /home/airflow/.local/lib/python3.9/site-packages/airflow/example_dags/example_nested_branch_dag.py
[2024-04-21T21:00:54.582+0000] {processor.py:840} INFO - DAG(s) 'example_nested_branch_dag' retrieved from /home/airflow/.local/lib/python3.9/site-packages/airflow/example_dags/example_nested_branch_dag.py
[2024-04-21T21:00:54.851+0000] {logging_mixin.py:188} INFO - [2024-04-21T21:00:54.851+0000] {dag.py:3047} INFO - Sync 1 DAGs
[2024-04-21T21:00:54.899+0000] {logging_mixin.py:188} INFO - [2024-04-21T21:00:54.899+0000] {dag.py:3834} INFO - Setting next_dagrun for example_nested_branch_dag to 2024-04-20 00:00:00+00:00, run_after=2024-04-21 00:00:00+00:00
[2024-04-21T21:00:54.962+0000] {processor.py:183} INFO - Processing /home/airflow/.local/lib/python3.9/site-packages/airflow/example_dags/example_nested_branch_dag.py took 0.402 seconds
[2024-04-21T21:01:25.392+0000] {processor.py:161} INFO - Started process (PID=134) to work on /home/airflow/.local/lib/python3.9/site-packages/airflow/example_dags/example_nested_branch_dag.py
[2024-04-21T21:01:25.395+0000] {processor.py:830} INFO - Processing file /home/airflow/.local/lib/python3.9/site-packages/airflow/example_dags/example_nested_branch_dag.py for tasks to queue
[2024-04-21T21:01:25.398+0000] {logging_mixin.py:188} INFO - [2024-04-21T21:01:25.398+0000] {dagbag.py:540} INFO - Filling up the DagBag from /home/airflow/.local/lib/python3.9/site-packages/airflow/example_dags/example_nested_branch_dag.py
[2024-04-21T21:01:25.413+0000] {processor.py:840} INFO - DAG(s) 'example_nested_branch_dag' retrieved from /home/airflow/.local/lib/python3.9/site-packages/airflow/example_dags/example_nested_branch_dag.py
[2024-04-21T21:01:25.527+0000] {logging_mixin.py:188} INFO - [2024-04-21T21:01:25.527+0000] {dag.py:3047} INFO - Sync 1 DAGs
[2024-04-21T21:01:25.582+0000] {logging_mixin.py:188} INFO - [2024-04-21T21:01:25.582+0000] {dag.py:3834} INFO - Setting next_dagrun for example_nested_branch_dag to 2024-04-20 00:00:00+00:00, run_after=2024-04-21 00:00:00+00:00
[2024-04-21T21:01:25.661+0000] {processor.py:183} INFO - Processing /home/airflow/.local/lib/python3.9/site-packages/airflow/example_dags/example_nested_branch_dag.py took 0.275 seconds
[2024-04-21T21:04:41.864+0000] {processor.py:161} INFO - Started process (PID=82) to work on /home/airflow/.local/lib/python3.9/site-packages/airflow/example_dags/example_nested_branch_dag.py
[2024-04-21T21:04:41.866+0000] {processor.py:830} INFO - Processing file /home/airflow/.local/lib/python3.9/site-packages/airflow/example_dags/example_nested_branch_dag.py for tasks to queue
[2024-04-21T21:04:41.870+0000] {logging_mixin.py:188} INFO - [2024-04-21T21:04:41.869+0000] {dagbag.py:540} INFO - Filling up the DagBag from /home/airflow/.local/lib/python3.9/site-packages/airflow/example_dags/example_nested_branch_dag.py
[2024-04-21T21:04:41.883+0000] {processor.py:840} INFO - DAG(s) 'example_nested_branch_dag' retrieved from /home/airflow/.local/lib/python3.9/site-packages/airflow/example_dags/example_nested_branch_dag.py
[2024-04-21T21:04:41.954+0000] {logging_mixin.py:188} INFO - [2024-04-21T21:04:41.954+0000] {dag.py:3047} INFO - Sync 1 DAGs
[2024-04-21T21:04:41.985+0000] {logging_mixin.py:188} INFO - [2024-04-21T21:04:41.984+0000] {dag.py:3834} INFO - Setting next_dagrun for example_nested_branch_dag to 2024-04-20 00:00:00+00:00, run_after=2024-04-21 00:00:00+00:00
[2024-04-21T21:04:42.026+0000] {processor.py:183} INFO - Processing /home/airflow/.local/lib/python3.9/site-packages/airflow/example_dags/example_nested_branch_dag.py took 0.165 seconds
[2024-04-21T21:05:12.529+0000] {processor.py:161} INFO - Started process (PID=139) to work on /home/airflow/.local/lib/python3.9/site-packages/airflow/example_dags/example_nested_branch_dag.py
[2024-04-21T21:05:12.530+0000] {processor.py:830} INFO - Processing file /home/airflow/.local/lib/python3.9/site-packages/airflow/example_dags/example_nested_branch_dag.py for tasks to queue
[2024-04-21T21:05:12.533+0000] {logging_mixin.py:188} INFO - [2024-04-21T21:05:12.532+0000] {dagbag.py:540} INFO - Filling up the DagBag from /home/airflow/.local/lib/python3.9/site-packages/airflow/example_dags/example_nested_branch_dag.py
[2024-04-21T21:05:12.544+0000] {processor.py:840} INFO - DAG(s) 'example_nested_branch_dag' retrieved from /home/airflow/.local/lib/python3.9/site-packages/airflow/example_dags/example_nested_branch_dag.py
[2024-04-21T21:05:12.605+0000] {logging_mixin.py:188} INFO - [2024-04-21T21:05:12.604+0000] {dag.py:3047} INFO - Sync 1 DAGs
[2024-04-21T21:05:12.632+0000] {logging_mixin.py:188} INFO - [2024-04-21T21:05:12.632+0000] {dag.py:3834} INFO - Setting next_dagrun for example_nested_branch_dag to 2024-04-20 00:00:00+00:00, run_after=2024-04-21 00:00:00+00:00
[2024-04-21T21:05:12.671+0000] {processor.py:183} INFO - Processing /home/airflow/.local/lib/python3.9/site-packages/airflow/example_dags/example_nested_branch_dag.py took 0.146 seconds
[2024-04-21T21:05:43.359+0000] {processor.py:161} INFO - Started process (PID=204) to work on /home/airflow/.local/lib/python3.9/site-packages/airflow/example_dags/example_nested_branch_dag.py
[2024-04-21T21:05:43.360+0000] {processor.py:830} INFO - Processing file /home/airflow/.local/lib/python3.9/site-packages/airflow/example_dags/example_nested_branch_dag.py for tasks to queue
[2024-04-21T21:05:43.363+0000] {logging_mixin.py:188} INFO - [2024-04-21T21:05:43.362+0000] {dagbag.py:540} INFO - Filling up the DagBag from /home/airflow/.local/lib/python3.9/site-packages/airflow/example_dags/example_nested_branch_dag.py
[2024-04-21T21:05:43.373+0000] {processor.py:840} INFO - DAG(s) 'example_nested_branch_dag' retrieved from /home/airflow/.local/lib/python3.9/site-packages/airflow/example_dags/example_nested_branch_dag.py
[2024-04-21T21:05:43.442+0000] {logging_mixin.py:188} INFO - [2024-04-21T21:05:43.442+0000] {dag.py:3047} INFO - Sync 1 DAGs
[2024-04-21T21:05:43.472+0000] {logging_mixin.py:188} INFO - [2024-04-21T21:05:43.472+0000] {dag.py:3834} INFO - Setting next_dagrun for example_nested_branch_dag to 2024-04-20 00:00:00+00:00, run_after=2024-04-21 00:00:00+00:00
[2024-04-21T21:05:43.510+0000] {processor.py:183} INFO - Processing /home/airflow/.local/lib/python3.9/site-packages/airflow/example_dags/example_nested_branch_dag.py took 0.158 seconds
