[2024-04-21T19:52:05.816+0000] {processor.py:161} INFO - Started process (PID=75) to work on /home/airflow/.local/lib/python3.9/site-packages/airflow/example_dags/example_trigger_target_dag.py
[2024-04-21T19:52:05.819+0000] {processor.py:830} INFO - Processing file /home/airflow/.local/lib/python3.9/site-packages/airflow/example_dags/example_trigger_target_dag.py for tasks to queue
[2024-04-21T19:52:05.823+0000] {logging_mixin.py:188} INFO - [2024-04-21T19:52:05.822+0000] {dagbag.py:540} INFO - Filling up the DagBag from /home/airflow/.local/lib/python3.9/site-packages/airflow/example_dags/example_trigger_target_dag.py
[2024-04-21T19:52:05.835+0000] {processor.py:840} INFO - DAG(s) 'example_trigger_target_dag' retrieved from /home/airflow/.local/lib/python3.9/site-packages/airflow/example_dags/example_trigger_target_dag.py
[2024-04-21T19:52:06.083+0000] {logging_mixin.py:188} INFO - [2024-04-21T19:52:06.083+0000] {dag.py:3047} INFO - Sync 1 DAGs
[2024-04-21T19:52:06.114+0000] {logging_mixin.py:188} INFO - [2024-04-21T19:52:06.113+0000] {dag.py:3834} INFO - Setting next_dagrun for example_trigger_target_dag to None, run_after=None
[2024-04-21T19:52:06.174+0000] {processor.py:183} INFO - Processing /home/airflow/.local/lib/python3.9/site-packages/airflow/example_dags/example_trigger_target_dag.py took 0.372 seconds
[2024-04-21T19:52:36.920+0000] {processor.py:161} INFO - Started process (PID=132) to work on /home/airflow/.local/lib/python3.9/site-packages/airflow/example_dags/example_trigger_target_dag.py
[2024-04-21T19:52:36.922+0000] {processor.py:830} INFO - Processing file /home/airflow/.local/lib/python3.9/site-packages/airflow/example_dags/example_trigger_target_dag.py for tasks to queue
[2024-04-21T19:52:36.926+0000] {logging_mixin.py:188} INFO - [2024-04-21T19:52:36.925+0000] {dagbag.py:540} INFO - Filling up the DagBag from /home/airflow/.local/lib/python3.9/site-packages/airflow/example_dags/example_trigger_target_dag.py
[2024-04-21T19:52:36.936+0000] {processor.py:840} INFO - DAG(s) 'example_trigger_target_dag' retrieved from /home/airflow/.local/lib/python3.9/site-packages/airflow/example_dags/example_trigger_target_dag.py
[2024-04-21T19:52:37.039+0000] {logging_mixin.py:188} INFO - [2024-04-21T19:52:37.039+0000] {dag.py:3047} INFO - Sync 1 DAGs
[2024-04-21T19:52:37.063+0000] {logging_mixin.py:188} INFO - [2024-04-21T19:52:37.063+0000] {dag.py:3834} INFO - Setting next_dagrun for example_trigger_target_dag to None, run_after=None
[2024-04-21T19:52:37.115+0000] {processor.py:183} INFO - Processing /home/airflow/.local/lib/python3.9/site-packages/airflow/example_dags/example_trigger_target_dag.py took 0.199 seconds
[2024-04-21T19:53:07.585+0000] {processor.py:161} INFO - Started process (PID=189) to work on /home/airflow/.local/lib/python3.9/site-packages/airflow/example_dags/example_trigger_target_dag.py
[2024-04-21T19:53:07.587+0000] {processor.py:830} INFO - Processing file /home/airflow/.local/lib/python3.9/site-packages/airflow/example_dags/example_trigger_target_dag.py for tasks to queue
[2024-04-21T19:53:07.590+0000] {logging_mixin.py:188} INFO - [2024-04-21T19:53:07.590+0000] {dagbag.py:540} INFO - Filling up the DagBag from /home/airflow/.local/lib/python3.9/site-packages/airflow/example_dags/example_trigger_target_dag.py
[2024-04-21T19:53:07.599+0000] {processor.py:840} INFO - DAG(s) 'example_trigger_target_dag' retrieved from /home/airflow/.local/lib/python3.9/site-packages/airflow/example_dags/example_trigger_target_dag.py
[2024-04-21T19:53:07.720+0000] {logging_mixin.py:188} INFO - [2024-04-21T19:53:07.719+0000] {dag.py:3047} INFO - Sync 1 DAGs
[2024-04-21T19:53:07.743+0000] {logging_mixin.py:188} INFO - [2024-04-21T19:53:07.743+0000] {dag.py:3834} INFO - Setting next_dagrun for example_trigger_target_dag to None, run_after=None
[2024-04-21T19:53:07.798+0000] {processor.py:183} INFO - Processing /home/airflow/.local/lib/python3.9/site-packages/airflow/example_dags/example_trigger_target_dag.py took 0.217 seconds
[2024-04-21T19:53:38.071+0000] {processor.py:161} INFO - Started process (PID=246) to work on /home/airflow/.local/lib/python3.9/site-packages/airflow/example_dags/example_trigger_target_dag.py
[2024-04-21T19:53:38.073+0000] {processor.py:830} INFO - Processing file /home/airflow/.local/lib/python3.9/site-packages/airflow/example_dags/example_trigger_target_dag.py for tasks to queue
[2024-04-21T19:53:38.077+0000] {logging_mixin.py:188} INFO - [2024-04-21T19:53:38.076+0000] {dagbag.py:540} INFO - Filling up the DagBag from /home/airflow/.local/lib/python3.9/site-packages/airflow/example_dags/example_trigger_target_dag.py
[2024-04-21T19:53:38.088+0000] {processor.py:840} INFO - DAG(s) 'example_trigger_target_dag' retrieved from /home/airflow/.local/lib/python3.9/site-packages/airflow/example_dags/example_trigger_target_dag.py
[2024-04-21T19:53:38.208+0000] {logging_mixin.py:188} INFO - [2024-04-21T19:53:38.207+0000] {dag.py:3047} INFO - Sync 1 DAGs
[2024-04-21T19:53:38.231+0000] {logging_mixin.py:188} INFO - [2024-04-21T19:53:38.230+0000] {dag.py:3834} INFO - Setting next_dagrun for example_trigger_target_dag to None, run_after=None
[2024-04-21T19:53:38.284+0000] {processor.py:183} INFO - Processing /home/airflow/.local/lib/python3.9/site-packages/airflow/example_dags/example_trigger_target_dag.py took 0.218 seconds
[2024-04-21T19:54:36.399+0000] {processor.py:161} INFO - Started process (PID=69) to work on /home/airflow/.local/lib/python3.9/site-packages/airflow/example_dags/example_trigger_target_dag.py
[2024-04-21T19:54:36.400+0000] {processor.py:830} INFO - Processing file /home/airflow/.local/lib/python3.9/site-packages/airflow/example_dags/example_trigger_target_dag.py for tasks to queue
[2024-04-21T19:54:36.402+0000] {logging_mixin.py:188} INFO - [2024-04-21T19:54:36.402+0000] {dagbag.py:540} INFO - Filling up the DagBag from /home/airflow/.local/lib/python3.9/site-packages/airflow/example_dags/example_trigger_target_dag.py
[2024-04-21T19:54:36.409+0000] {processor.py:840} INFO - DAG(s) 'example_trigger_target_dag' retrieved from /home/airflow/.local/lib/python3.9/site-packages/airflow/example_dags/example_trigger_target_dag.py
[2024-04-21T19:54:36.468+0000] {logging_mixin.py:188} INFO - [2024-04-21T19:54:36.468+0000] {dag.py:3047} INFO - Sync 1 DAGs
[2024-04-21T19:54:36.480+0000] {logging_mixin.py:188} INFO - [2024-04-21T19:54:36.480+0000] {dag.py:3834} INFO - Setting next_dagrun for example_trigger_target_dag to None, run_after=None
[2024-04-21T19:54:36.520+0000] {processor.py:183} INFO - Processing /home/airflow/.local/lib/python3.9/site-packages/airflow/example_dags/example_trigger_target_dag.py took 0.124 seconds
[2024-04-21T19:55:21.997+0000] {processor.py:161} INFO - Started process (PID=136) to work on /home/airflow/.local/lib/python3.9/site-packages/airflow/example_dags/example_trigger_target_dag.py
[2024-04-21T19:55:21.998+0000] {processor.py:830} INFO - Processing file /home/airflow/.local/lib/python3.9/site-packages/airflow/example_dags/example_trigger_target_dag.py for tasks to queue
[2024-04-21T19:55:22.002+0000] {logging_mixin.py:188} INFO - [2024-04-21T19:55:22.001+0000] {dagbag.py:540} INFO - Filling up the DagBag from /home/airflow/.local/lib/python3.9/site-packages/airflow/example_dags/example_trigger_target_dag.py
[2024-04-21T19:55:22.009+0000] {processor.py:840} INFO - DAG(s) 'example_trigger_target_dag' retrieved from /home/airflow/.local/lib/python3.9/site-packages/airflow/example_dags/example_trigger_target_dag.py
[2024-04-21T19:55:22.075+0000] {logging_mixin.py:188} INFO - [2024-04-21T19:55:22.075+0000] {dag.py:3047} INFO - Sync 1 DAGs
[2024-04-21T19:55:22.088+0000] {logging_mixin.py:188} INFO - [2024-04-21T19:55:22.088+0000] {dag.py:3834} INFO - Setting next_dagrun for example_trigger_target_dag to None, run_after=None
[2024-04-21T19:55:22.123+0000] {processor.py:183} INFO - Processing /home/airflow/.local/lib/python3.9/site-packages/airflow/example_dags/example_trigger_target_dag.py took 0.130 seconds
[2024-04-21T19:59:01.162+0000] {processor.py:161} INFO - Started process (PID=210) to work on /home/airflow/.local/lib/python3.9/site-packages/airflow/example_dags/example_trigger_target_dag.py
[2024-04-21T19:59:01.166+0000] {processor.py:830} INFO - Processing file /home/airflow/.local/lib/python3.9/site-packages/airflow/example_dags/example_trigger_target_dag.py for tasks to queue
[2024-04-21T19:59:01.171+0000] {logging_mixin.py:188} INFO - [2024-04-21T19:59:01.169+0000] {dagbag.py:540} INFO - Filling up the DagBag from /home/airflow/.local/lib/python3.9/site-packages/airflow/example_dags/example_trigger_target_dag.py
[2024-04-21T19:59:01.190+0000] {processor.py:840} INFO - DAG(s) 'example_trigger_target_dag' retrieved from /home/airflow/.local/lib/python3.9/site-packages/airflow/example_dags/example_trigger_target_dag.py
[2024-04-21T19:59:01.418+0000] {logging_mixin.py:188} INFO - [2024-04-21T19:59:01.418+0000] {dag.py:3047} INFO - Sync 1 DAGs
[2024-04-21T19:59:01.460+0000] {logging_mixin.py:188} INFO - [2024-04-21T19:59:01.459+0000] {dag.py:3834} INFO - Setting next_dagrun for example_trigger_target_dag to None, run_after=None
[2024-04-21T19:59:01.536+0000] {processor.py:183} INFO - Processing /home/airflow/.local/lib/python3.9/site-packages/airflow/example_dags/example_trigger_target_dag.py took 0.380 seconds
[2024-04-21T20:03:12.796+0000] {processor.py:161} INFO - Started process (PID=282) to work on /home/airflow/.local/lib/python3.9/site-packages/airflow/example_dags/example_trigger_target_dag.py
[2024-04-21T20:03:12.797+0000] {processor.py:830} INFO - Processing file /home/airflow/.local/lib/python3.9/site-packages/airflow/example_dags/example_trigger_target_dag.py for tasks to queue
[2024-04-21T20:03:12.799+0000] {logging_mixin.py:188} INFO - [2024-04-21T20:03:12.798+0000] {dagbag.py:540} INFO - Filling up the DagBag from /home/airflow/.local/lib/python3.9/site-packages/airflow/example_dags/example_trigger_target_dag.py
[2024-04-21T20:03:12.806+0000] {processor.py:840} INFO - DAG(s) 'example_trigger_target_dag' retrieved from /home/airflow/.local/lib/python3.9/site-packages/airflow/example_dags/example_trigger_target_dag.py
[2024-04-21T20:03:12.887+0000] {logging_mixin.py:188} INFO - [2024-04-21T20:03:12.886+0000] {dag.py:3047} INFO - Sync 1 DAGs
[2024-04-21T20:03:12.899+0000] {logging_mixin.py:188} INFO - [2024-04-21T20:03:12.898+0000] {dag.py:3834} INFO - Setting next_dagrun for example_trigger_target_dag to None, run_after=None
[2024-04-21T20:03:12.934+0000] {processor.py:183} INFO - Processing /home/airflow/.local/lib/python3.9/site-packages/airflow/example_dags/example_trigger_target_dag.py took 0.142 seconds
[2024-04-21T20:04:21.904+0000] {processor.py:161} INFO - Started process (PID=349) to work on /home/airflow/.local/lib/python3.9/site-packages/airflow/example_dags/example_trigger_target_dag.py
[2024-04-21T20:04:21.906+0000] {processor.py:830} INFO - Processing file /home/airflow/.local/lib/python3.9/site-packages/airflow/example_dags/example_trigger_target_dag.py for tasks to queue
[2024-04-21T20:04:21.907+0000] {logging_mixin.py:188} INFO - [2024-04-21T20:04:21.907+0000] {dagbag.py:540} INFO - Filling up the DagBag from /home/airflow/.local/lib/python3.9/site-packages/airflow/example_dags/example_trigger_target_dag.py
[2024-04-21T20:04:21.914+0000] {processor.py:840} INFO - DAG(s) 'example_trigger_target_dag' retrieved from /home/airflow/.local/lib/python3.9/site-packages/airflow/example_dags/example_trigger_target_dag.py
[2024-04-21T20:04:21.987+0000] {logging_mixin.py:188} INFO - [2024-04-21T20:04:21.986+0000] {dag.py:3047} INFO - Sync 1 DAGs
[2024-04-21T20:04:22.001+0000] {logging_mixin.py:188} INFO - [2024-04-21T20:04:22.001+0000] {dag.py:3834} INFO - Setting next_dagrun for example_trigger_target_dag to None, run_after=None
[2024-04-21T20:04:22.040+0000] {processor.py:183} INFO - Processing /home/airflow/.local/lib/python3.9/site-packages/airflow/example_dags/example_trigger_target_dag.py took 0.140 seconds
[2024-04-21T20:04:52.943+0000] {processor.py:161} INFO - Started process (PID=406) to work on /home/airflow/.local/lib/python3.9/site-packages/airflow/example_dags/example_trigger_target_dag.py
[2024-04-21T20:04:52.947+0000] {processor.py:830} INFO - Processing file /home/airflow/.local/lib/python3.9/site-packages/airflow/example_dags/example_trigger_target_dag.py for tasks to queue
[2024-04-21T20:04:52.950+0000] {logging_mixin.py:188} INFO - [2024-04-21T20:04:52.949+0000] {dagbag.py:540} INFO - Filling up the DagBag from /home/airflow/.local/lib/python3.9/site-packages/airflow/example_dags/example_trigger_target_dag.py
[2024-04-21T20:04:52.961+0000] {processor.py:840} INFO - DAG(s) 'example_trigger_target_dag' retrieved from /home/airflow/.local/lib/python3.9/site-packages/airflow/example_dags/example_trigger_target_dag.py
[2024-04-21T20:04:53.053+0000] {logging_mixin.py:188} INFO - [2024-04-21T20:04:53.053+0000] {dag.py:3047} INFO - Sync 1 DAGs
[2024-04-21T20:04:53.074+0000] {logging_mixin.py:188} INFO - [2024-04-21T20:04:53.074+0000] {dag.py:3834} INFO - Setting next_dagrun for example_trigger_target_dag to None, run_after=None
[2024-04-21T20:04:53.121+0000] {processor.py:183} INFO - Processing /home/airflow/.local/lib/python3.9/site-packages/airflow/example_dags/example_trigger_target_dag.py took 0.186 seconds
[2024-04-21T20:05:23.195+0000] {processor.py:161} INFO - Started process (PID=462) to work on /home/airflow/.local/lib/python3.9/site-packages/airflow/example_dags/example_trigger_target_dag.py
[2024-04-21T20:05:23.197+0000] {processor.py:830} INFO - Processing file /home/airflow/.local/lib/python3.9/site-packages/airflow/example_dags/example_trigger_target_dag.py for tasks to queue
[2024-04-21T20:05:23.199+0000] {logging_mixin.py:188} INFO - [2024-04-21T20:05:23.198+0000] {dagbag.py:540} INFO - Filling up the DagBag from /home/airflow/.local/lib/python3.9/site-packages/airflow/example_dags/example_trigger_target_dag.py
[2024-04-21T20:05:23.207+0000] {processor.py:840} INFO - DAG(s) 'example_trigger_target_dag' retrieved from /home/airflow/.local/lib/python3.9/site-packages/airflow/example_dags/example_trigger_target_dag.py
[2024-04-21T20:05:23.302+0000] {logging_mixin.py:188} INFO - [2024-04-21T20:05:23.301+0000] {dag.py:3047} INFO - Sync 1 DAGs
[2024-04-21T20:05:23.324+0000] {logging_mixin.py:188} INFO - [2024-04-21T20:05:23.324+0000] {dag.py:3834} INFO - Setting next_dagrun for example_trigger_target_dag to None, run_after=None
[2024-04-21T20:05:23.370+0000] {processor.py:183} INFO - Processing /home/airflow/.local/lib/python3.9/site-packages/airflow/example_dags/example_trigger_target_dag.py took 0.180 seconds
[2024-04-21T20:05:55.225+0000] {processor.py:161} INFO - Started process (PID=520) to work on /home/airflow/.local/lib/python3.9/site-packages/airflow/example_dags/example_trigger_target_dag.py
[2024-04-21T20:05:55.227+0000] {processor.py:830} INFO - Processing file /home/airflow/.local/lib/python3.9/site-packages/airflow/example_dags/example_trigger_target_dag.py for tasks to queue
[2024-04-21T20:05:55.229+0000] {logging_mixin.py:188} INFO - [2024-04-21T20:05:55.228+0000] {dagbag.py:540} INFO - Filling up the DagBag from /home/airflow/.local/lib/python3.9/site-packages/airflow/example_dags/example_trigger_target_dag.py
[2024-04-21T20:05:55.238+0000] {processor.py:840} INFO - DAG(s) 'example_trigger_target_dag' retrieved from /home/airflow/.local/lib/python3.9/site-packages/airflow/example_dags/example_trigger_target_dag.py
[2024-04-21T20:05:55.350+0000] {logging_mixin.py:188} INFO - [2024-04-21T20:05:55.349+0000] {dag.py:3047} INFO - Sync 1 DAGs
[2024-04-21T20:05:55.376+0000] {logging_mixin.py:188} INFO - [2024-04-21T20:05:55.375+0000] {dag.py:3834} INFO - Setting next_dagrun for example_trigger_target_dag to None, run_after=None
[2024-04-21T20:05:55.451+0000] {processor.py:183} INFO - Processing /home/airflow/.local/lib/python3.9/site-packages/airflow/example_dags/example_trigger_target_dag.py took 0.231 seconds
[2024-04-21T20:06:49.135+0000] {processor.py:161} INFO - Started process (PID=583) to work on /home/airflow/.local/lib/python3.9/site-packages/airflow/example_dags/example_trigger_target_dag.py
[2024-04-21T20:06:49.137+0000] {processor.py:830} INFO - Processing file /home/airflow/.local/lib/python3.9/site-packages/airflow/example_dags/example_trigger_target_dag.py for tasks to queue
[2024-04-21T20:06:49.138+0000] {logging_mixin.py:188} INFO - [2024-04-21T20:06:49.138+0000] {dagbag.py:540} INFO - Filling up the DagBag from /home/airflow/.local/lib/python3.9/site-packages/airflow/example_dags/example_trigger_target_dag.py
[2024-04-21T20:06:49.144+0000] {processor.py:840} INFO - DAG(s) 'example_trigger_target_dag' retrieved from /home/airflow/.local/lib/python3.9/site-packages/airflow/example_dags/example_trigger_target_dag.py
[2024-04-21T20:06:49.203+0000] {logging_mixin.py:188} INFO - [2024-04-21T20:06:49.203+0000] {dag.py:3047} INFO - Sync 1 DAGs
[2024-04-21T20:06:49.215+0000] {logging_mixin.py:188} INFO - [2024-04-21T20:06:49.215+0000] {dag.py:3834} INFO - Setting next_dagrun for example_trigger_target_dag to None, run_after=None
[2024-04-21T20:06:49.250+0000] {processor.py:183} INFO - Processing /home/airflow/.local/lib/python3.9/site-packages/airflow/example_dags/example_trigger_target_dag.py took 0.118 seconds
[2024-04-21T20:07:20.259+0000] {processor.py:161} INFO - Started process (PID=641) to work on /home/airflow/.local/lib/python3.9/site-packages/airflow/example_dags/example_trigger_target_dag.py
[2024-04-21T20:07:20.261+0000] {processor.py:830} INFO - Processing file /home/airflow/.local/lib/python3.9/site-packages/airflow/example_dags/example_trigger_target_dag.py for tasks to queue
[2024-04-21T20:07:20.264+0000] {logging_mixin.py:188} INFO - [2024-04-21T20:07:20.263+0000] {dagbag.py:540} INFO - Filling up the DagBag from /home/airflow/.local/lib/python3.9/site-packages/airflow/example_dags/example_trigger_target_dag.py
[2024-04-21T20:07:20.272+0000] {processor.py:840} INFO - DAG(s) 'example_trigger_target_dag' retrieved from /home/airflow/.local/lib/python3.9/site-packages/airflow/example_dags/example_trigger_target_dag.py
[2024-04-21T20:07:20.363+0000] {logging_mixin.py:188} INFO - [2024-04-21T20:07:20.363+0000] {dag.py:3047} INFO - Sync 1 DAGs
[2024-04-21T20:07:20.381+0000] {logging_mixin.py:188} INFO - [2024-04-21T20:07:20.381+0000] {dag.py:3834} INFO - Setting next_dagrun for example_trigger_target_dag to None, run_after=None
[2024-04-21T20:07:20.428+0000] {processor.py:183} INFO - Processing /home/airflow/.local/lib/python3.9/site-packages/airflow/example_dags/example_trigger_target_dag.py took 0.174 seconds
[2024-04-21T20:07:51.375+0000] {processor.py:161} INFO - Started process (PID=698) to work on /home/airflow/.local/lib/python3.9/site-packages/airflow/example_dags/example_trigger_target_dag.py
[2024-04-21T20:07:51.377+0000] {processor.py:830} INFO - Processing file /home/airflow/.local/lib/python3.9/site-packages/airflow/example_dags/example_trigger_target_dag.py for tasks to queue
[2024-04-21T20:07:51.380+0000] {logging_mixin.py:188} INFO - [2024-04-21T20:07:51.379+0000] {dagbag.py:540} INFO - Filling up the DagBag from /home/airflow/.local/lib/python3.9/site-packages/airflow/example_dags/example_trigger_target_dag.py
[2024-04-21T20:07:51.392+0000] {processor.py:840} INFO - DAG(s) 'example_trigger_target_dag' retrieved from /home/airflow/.local/lib/python3.9/site-packages/airflow/example_dags/example_trigger_target_dag.py
[2024-04-21T20:07:51.531+0000] {logging_mixin.py:188} INFO - [2024-04-21T20:07:51.530+0000] {dag.py:3047} INFO - Sync 1 DAGs
[2024-04-21T20:07:51.561+0000] {logging_mixin.py:188} INFO - [2024-04-21T20:07:51.561+0000] {dag.py:3834} INFO - Setting next_dagrun for example_trigger_target_dag to None, run_after=None
[2024-04-21T20:07:51.632+0000] {processor.py:183} INFO - Processing /home/airflow/.local/lib/python3.9/site-packages/airflow/example_dags/example_trigger_target_dag.py took 0.264 seconds
[2024-04-21T20:08:23.536+0000] {processor.py:161} INFO - Started process (PID=754) to work on /home/airflow/.local/lib/python3.9/site-packages/airflow/example_dags/example_trigger_target_dag.py
[2024-04-21T20:08:23.537+0000] {processor.py:830} INFO - Processing file /home/airflow/.local/lib/python3.9/site-packages/airflow/example_dags/example_trigger_target_dag.py for tasks to queue
[2024-04-21T20:08:23.539+0000] {logging_mixin.py:188} INFO - [2024-04-21T20:08:23.538+0000] {dagbag.py:540} INFO - Filling up the DagBag from /home/airflow/.local/lib/python3.9/site-packages/airflow/example_dags/example_trigger_target_dag.py
[2024-04-21T20:08:23.546+0000] {processor.py:840} INFO - DAG(s) 'example_trigger_target_dag' retrieved from /home/airflow/.local/lib/python3.9/site-packages/airflow/example_dags/example_trigger_target_dag.py
[2024-04-21T20:08:23.605+0000] {logging_mixin.py:188} INFO - [2024-04-21T20:08:23.605+0000] {dag.py:3047} INFO - Sync 1 DAGs
[2024-04-21T20:08:23.617+0000] {logging_mixin.py:188} INFO - [2024-04-21T20:08:23.617+0000] {dag.py:3834} INFO - Setting next_dagrun for example_trigger_target_dag to None, run_after=None
[2024-04-21T20:08:23.656+0000] {processor.py:183} INFO - Processing /home/airflow/.local/lib/python3.9/site-packages/airflow/example_dags/example_trigger_target_dag.py took 0.124 seconds
[2024-04-21T20:10:05.917+0000] {processor.py:161} INFO - Started process (PID=825) to work on /home/airflow/.local/lib/python3.9/site-packages/airflow/example_dags/example_trigger_target_dag.py
[2024-04-21T20:10:05.919+0000] {processor.py:830} INFO - Processing file /home/airflow/.local/lib/python3.9/site-packages/airflow/example_dags/example_trigger_target_dag.py for tasks to queue
[2024-04-21T20:10:05.921+0000] {logging_mixin.py:188} INFO - [2024-04-21T20:10:05.920+0000] {dagbag.py:540} INFO - Filling up the DagBag from /home/airflow/.local/lib/python3.9/site-packages/airflow/example_dags/example_trigger_target_dag.py
[2024-04-21T20:10:05.927+0000] {processor.py:840} INFO - DAG(s) 'example_trigger_target_dag' retrieved from /home/airflow/.local/lib/python3.9/site-packages/airflow/example_dags/example_trigger_target_dag.py
[2024-04-21T20:10:05.991+0000] {logging_mixin.py:188} INFO - [2024-04-21T20:10:05.991+0000] {dag.py:3047} INFO - Sync 1 DAGs
[2024-04-21T20:10:06.003+0000] {logging_mixin.py:188} INFO - [2024-04-21T20:10:06.003+0000] {dag.py:3834} INFO - Setting next_dagrun for example_trigger_target_dag to None, run_after=None
[2024-04-21T20:10:06.039+0000] {processor.py:183} INFO - Processing /home/airflow/.local/lib/python3.9/site-packages/airflow/example_dags/example_trigger_target_dag.py took 0.125 seconds
[2024-04-21T20:10:36.965+0000] {processor.py:161} INFO - Started process (PID=882) to work on /home/airflow/.local/lib/python3.9/site-packages/airflow/example_dags/example_trigger_target_dag.py
[2024-04-21T20:10:36.967+0000] {processor.py:830} INFO - Processing file /home/airflow/.local/lib/python3.9/site-packages/airflow/example_dags/example_trigger_target_dag.py for tasks to queue
[2024-04-21T20:10:36.968+0000] {logging_mixin.py:188} INFO - [2024-04-21T20:10:36.967+0000] {dagbag.py:540} INFO - Filling up the DagBag from /home/airflow/.local/lib/python3.9/site-packages/airflow/example_dags/example_trigger_target_dag.py
[2024-04-21T20:10:36.975+0000] {processor.py:840} INFO - DAG(s) 'example_trigger_target_dag' retrieved from /home/airflow/.local/lib/python3.9/site-packages/airflow/example_dags/example_trigger_target_dag.py
[2024-04-21T20:10:37.039+0000] {logging_mixin.py:188} INFO - [2024-04-21T20:10:37.039+0000] {dag.py:3047} INFO - Sync 1 DAGs
[2024-04-21T20:10:37.052+0000] {logging_mixin.py:188} INFO - [2024-04-21T20:10:37.052+0000] {dag.py:3834} INFO - Setting next_dagrun for example_trigger_target_dag to None, run_after=None
[2024-04-21T20:10:37.099+0000] {processor.py:183} INFO - Processing /home/airflow/.local/lib/python3.9/site-packages/airflow/example_dags/example_trigger_target_dag.py took 0.136 seconds
[2024-04-21T20:11:07.474+0000] {processor.py:161} INFO - Started process (PID=941) to work on /home/airflow/.local/lib/python3.9/site-packages/airflow/example_dags/example_trigger_target_dag.py
[2024-04-21T20:11:07.475+0000] {processor.py:830} INFO - Processing file /home/airflow/.local/lib/python3.9/site-packages/airflow/example_dags/example_trigger_target_dag.py for tasks to queue
[2024-04-21T20:11:07.477+0000] {logging_mixin.py:188} INFO - [2024-04-21T20:11:07.477+0000] {dagbag.py:540} INFO - Filling up the DagBag from /home/airflow/.local/lib/python3.9/site-packages/airflow/example_dags/example_trigger_target_dag.py
[2024-04-21T20:11:07.483+0000] {processor.py:840} INFO - DAG(s) 'example_trigger_target_dag' retrieved from /home/airflow/.local/lib/python3.9/site-packages/airflow/example_dags/example_trigger_target_dag.py
[2024-04-21T20:11:07.546+0000] {logging_mixin.py:188} INFO - [2024-04-21T20:11:07.546+0000] {dag.py:3047} INFO - Sync 1 DAGs
[2024-04-21T20:11:07.558+0000] {logging_mixin.py:188} INFO - [2024-04-21T20:11:07.558+0000] {dag.py:3834} INFO - Setting next_dagrun for example_trigger_target_dag to None, run_after=None
[2024-04-21T20:11:07.591+0000] {processor.py:183} INFO - Processing /home/airflow/.local/lib/python3.9/site-packages/airflow/example_dags/example_trigger_target_dag.py took 0.119 seconds
[2024-04-21T20:14:24.158+0000] {processor.py:161} INFO - Started process (PID=69) to work on /home/airflow/.local/lib/python3.9/site-packages/airflow/example_dags/example_trigger_target_dag.py
[2024-04-21T20:14:24.160+0000] {processor.py:830} INFO - Processing file /home/airflow/.local/lib/python3.9/site-packages/airflow/example_dags/example_trigger_target_dag.py for tasks to queue
[2024-04-21T20:14:24.162+0000] {logging_mixin.py:188} INFO - [2024-04-21T20:14:24.162+0000] {dagbag.py:540} INFO - Filling up the DagBag from /home/airflow/.local/lib/python3.9/site-packages/airflow/example_dags/example_trigger_target_dag.py
[2024-04-21T20:14:24.170+0000] {processor.py:840} INFO - DAG(s) 'example_trigger_target_dag' retrieved from /home/airflow/.local/lib/python3.9/site-packages/airflow/example_dags/example_trigger_target_dag.py
[2024-04-21T20:14:24.326+0000] {logging_mixin.py:188} INFO - [2024-04-21T20:14:24.326+0000] {dag.py:3047} INFO - Sync 1 DAGs
[2024-04-21T20:14:24.338+0000] {logging_mixin.py:188} INFO - [2024-04-21T20:14:24.338+0000] {dag.py:3834} INFO - Setting next_dagrun for example_trigger_target_dag to None, run_after=None
[2024-04-21T20:14:24.386+0000] {processor.py:183} INFO - Processing /home/airflow/.local/lib/python3.9/site-packages/airflow/example_dags/example_trigger_target_dag.py took 0.230 seconds
[2024-04-21T20:14:54.441+0000] {processor.py:161} INFO - Started process (PID=127) to work on /home/airflow/.local/lib/python3.9/site-packages/airflow/example_dags/example_trigger_target_dag.py
[2024-04-21T20:14:54.442+0000] {processor.py:830} INFO - Processing file /home/airflow/.local/lib/python3.9/site-packages/airflow/example_dags/example_trigger_target_dag.py for tasks to queue
[2024-04-21T20:14:54.444+0000] {logging_mixin.py:188} INFO - [2024-04-21T20:14:54.444+0000] {dagbag.py:540} INFO - Filling up the DagBag from /home/airflow/.local/lib/python3.9/site-packages/airflow/example_dags/example_trigger_target_dag.py
[2024-04-21T20:14:54.452+0000] {processor.py:840} INFO - DAG(s) 'example_trigger_target_dag' retrieved from /home/airflow/.local/lib/python3.9/site-packages/airflow/example_dags/example_trigger_target_dag.py
[2024-04-21T20:14:54.515+0000] {logging_mixin.py:188} INFO - [2024-04-21T20:14:54.514+0000] {dag.py:3047} INFO - Sync 1 DAGs
[2024-04-21T20:14:54.527+0000] {logging_mixin.py:188} INFO - [2024-04-21T20:14:54.526+0000] {dag.py:3834} INFO - Setting next_dagrun for example_trigger_target_dag to None, run_after=None
[2024-04-21T20:14:54.561+0000] {processor.py:183} INFO - Processing /home/airflow/.local/lib/python3.9/site-packages/airflow/example_dags/example_trigger_target_dag.py took 0.123 seconds
[2024-04-21T20:15:24.979+0000] {processor.py:161} INFO - Started process (PID=184) to work on /home/airflow/.local/lib/python3.9/site-packages/airflow/example_dags/example_trigger_target_dag.py
[2024-04-21T20:15:24.981+0000] {processor.py:830} INFO - Processing file /home/airflow/.local/lib/python3.9/site-packages/airflow/example_dags/example_trigger_target_dag.py for tasks to queue
[2024-04-21T20:15:24.983+0000] {logging_mixin.py:188} INFO - [2024-04-21T20:15:24.983+0000] {dagbag.py:540} INFO - Filling up the DagBag from /home/airflow/.local/lib/python3.9/site-packages/airflow/example_dags/example_trigger_target_dag.py
[2024-04-21T20:15:24.991+0000] {processor.py:840} INFO - DAG(s) 'example_trigger_target_dag' retrieved from /home/airflow/.local/lib/python3.9/site-packages/airflow/example_dags/example_trigger_target_dag.py
[2024-04-21T20:15:25.052+0000] {logging_mixin.py:188} INFO - [2024-04-21T20:15:25.052+0000] {dag.py:3047} INFO - Sync 1 DAGs
[2024-04-21T20:15:25.065+0000] {logging_mixin.py:188} INFO - [2024-04-21T20:15:25.064+0000] {dag.py:3834} INFO - Setting next_dagrun for example_trigger_target_dag to None, run_after=None
[2024-04-21T20:15:25.096+0000] {processor.py:183} INFO - Processing /home/airflow/.local/lib/python3.9/site-packages/airflow/example_dags/example_trigger_target_dag.py took 0.119 seconds
[2024-04-21T20:16:18.580+0000] {processor.py:161} INFO - Started process (PID=69) to work on /home/airflow/.local/lib/python3.9/site-packages/airflow/example_dags/example_trigger_target_dag.py
[2024-04-21T20:16:18.581+0000] {processor.py:830} INFO - Processing file /home/airflow/.local/lib/python3.9/site-packages/airflow/example_dags/example_trigger_target_dag.py for tasks to queue
[2024-04-21T20:16:18.584+0000] {logging_mixin.py:188} INFO - [2024-04-21T20:16:18.583+0000] {dagbag.py:540} INFO - Filling up the DagBag from /home/airflow/.local/lib/python3.9/site-packages/airflow/example_dags/example_trigger_target_dag.py
[2024-04-21T20:16:18.591+0000] {processor.py:840} INFO - DAG(s) 'example_trigger_target_dag' retrieved from /home/airflow/.local/lib/python3.9/site-packages/airflow/example_dags/example_trigger_target_dag.py
[2024-04-21T20:16:18.653+0000] {logging_mixin.py:188} INFO - [2024-04-21T20:16:18.653+0000] {dag.py:3047} INFO - Sync 1 DAGs
[2024-04-21T20:16:18.665+0000] {logging_mixin.py:188} INFO - [2024-04-21T20:16:18.665+0000] {dag.py:3834} INFO - Setting next_dagrun for example_trigger_target_dag to None, run_after=None
[2024-04-21T20:16:18.702+0000] {processor.py:183} INFO - Processing /home/airflow/.local/lib/python3.9/site-packages/airflow/example_dags/example_trigger_target_dag.py took 0.126 seconds
[2024-04-21T20:16:49.229+0000] {processor.py:161} INFO - Started process (PID=126) to work on /home/airflow/.local/lib/python3.9/site-packages/airflow/example_dags/example_trigger_target_dag.py
[2024-04-21T20:16:49.231+0000] {processor.py:830} INFO - Processing file /home/airflow/.local/lib/python3.9/site-packages/airflow/example_dags/example_trigger_target_dag.py for tasks to queue
[2024-04-21T20:16:49.232+0000] {logging_mixin.py:188} INFO - [2024-04-21T20:16:49.232+0000] {dagbag.py:540} INFO - Filling up the DagBag from /home/airflow/.local/lib/python3.9/site-packages/airflow/example_dags/example_trigger_target_dag.py
[2024-04-21T20:16:49.238+0000] {processor.py:840} INFO - DAG(s) 'example_trigger_target_dag' retrieved from /home/airflow/.local/lib/python3.9/site-packages/airflow/example_dags/example_trigger_target_dag.py
[2024-04-21T20:16:49.294+0000] {logging_mixin.py:188} INFO - [2024-04-21T20:16:49.294+0000] {dag.py:3047} INFO - Sync 1 DAGs
[2024-04-21T20:16:49.307+0000] {logging_mixin.py:188} INFO - [2024-04-21T20:16:49.307+0000] {dag.py:3834} INFO - Setting next_dagrun for example_trigger_target_dag to None, run_after=None
[2024-04-21T20:16:49.341+0000] {processor.py:183} INFO - Processing /home/airflow/.local/lib/python3.9/site-packages/airflow/example_dags/example_trigger_target_dag.py took 0.115 seconds
[2024-04-21T20:17:19.753+0000] {processor.py:161} INFO - Started process (PID=183) to work on /home/airflow/.local/lib/python3.9/site-packages/airflow/example_dags/example_trigger_target_dag.py
[2024-04-21T20:17:19.754+0000] {processor.py:830} INFO - Processing file /home/airflow/.local/lib/python3.9/site-packages/airflow/example_dags/example_trigger_target_dag.py for tasks to queue
[2024-04-21T20:17:19.757+0000] {logging_mixin.py:188} INFO - [2024-04-21T20:17:19.756+0000] {dagbag.py:540} INFO - Filling up the DagBag from /home/airflow/.local/lib/python3.9/site-packages/airflow/example_dags/example_trigger_target_dag.py
[2024-04-21T20:17:19.766+0000] {processor.py:840} INFO - DAG(s) 'example_trigger_target_dag' retrieved from /home/airflow/.local/lib/python3.9/site-packages/airflow/example_dags/example_trigger_target_dag.py
[2024-04-21T20:17:19.825+0000] {logging_mixin.py:188} INFO - [2024-04-21T20:17:19.825+0000] {dag.py:3047} INFO - Sync 1 DAGs
[2024-04-21T20:17:19.838+0000] {logging_mixin.py:188} INFO - [2024-04-21T20:17:19.837+0000] {dag.py:3834} INFO - Setting next_dagrun for example_trigger_target_dag to None, run_after=None
[2024-04-21T20:17:19.874+0000] {processor.py:183} INFO - Processing /home/airflow/.local/lib/python3.9/site-packages/airflow/example_dags/example_trigger_target_dag.py took 0.125 seconds
[2024-04-21T20:17:50.387+0000] {processor.py:161} INFO - Started process (PID=240) to work on /home/airflow/.local/lib/python3.9/site-packages/airflow/example_dags/example_trigger_target_dag.py
[2024-04-21T20:17:50.389+0000] {processor.py:830} INFO - Processing file /home/airflow/.local/lib/python3.9/site-packages/airflow/example_dags/example_trigger_target_dag.py for tasks to queue
[2024-04-21T20:17:50.391+0000] {logging_mixin.py:188} INFO - [2024-04-21T20:17:50.391+0000] {dagbag.py:540} INFO - Filling up the DagBag from /home/airflow/.local/lib/python3.9/site-packages/airflow/example_dags/example_trigger_target_dag.py
[2024-04-21T20:17:50.398+0000] {processor.py:840} INFO - DAG(s) 'example_trigger_target_dag' retrieved from /home/airflow/.local/lib/python3.9/site-packages/airflow/example_dags/example_trigger_target_dag.py
[2024-04-21T20:17:50.462+0000] {logging_mixin.py:188} INFO - [2024-04-21T20:17:50.461+0000] {dag.py:3047} INFO - Sync 1 DAGs
[2024-04-21T20:17:50.476+0000] {logging_mixin.py:188} INFO - [2024-04-21T20:17:50.475+0000] {dag.py:3834} INFO - Setting next_dagrun for example_trigger_target_dag to None, run_after=None
[2024-04-21T20:17:50.508+0000] {processor.py:183} INFO - Processing /home/airflow/.local/lib/python3.9/site-packages/airflow/example_dags/example_trigger_target_dag.py took 0.124 seconds
[2024-04-21T20:18:21.331+0000] {processor.py:161} INFO - Started process (PID=297) to work on /home/airflow/.local/lib/python3.9/site-packages/airflow/example_dags/example_trigger_target_dag.py
[2024-04-21T20:18:21.332+0000] {processor.py:830} INFO - Processing file /home/airflow/.local/lib/python3.9/site-packages/airflow/example_dags/example_trigger_target_dag.py for tasks to queue
[2024-04-21T20:18:21.334+0000] {logging_mixin.py:188} INFO - [2024-04-21T20:18:21.334+0000] {dagbag.py:540} INFO - Filling up the DagBag from /home/airflow/.local/lib/python3.9/site-packages/airflow/example_dags/example_trigger_target_dag.py
[2024-04-21T20:18:21.340+0000] {processor.py:840} INFO - DAG(s) 'example_trigger_target_dag' retrieved from /home/airflow/.local/lib/python3.9/site-packages/airflow/example_dags/example_trigger_target_dag.py
[2024-04-21T20:18:21.399+0000] {logging_mixin.py:188} INFO - [2024-04-21T20:18:21.399+0000] {dag.py:3047} INFO - Sync 1 DAGs
[2024-04-21T20:18:21.414+0000] {logging_mixin.py:188} INFO - [2024-04-21T20:18:21.414+0000] {dag.py:3834} INFO - Setting next_dagrun for example_trigger_target_dag to None, run_after=None
[2024-04-21T20:18:21.450+0000] {processor.py:183} INFO - Processing /home/airflow/.local/lib/python3.9/site-packages/airflow/example_dags/example_trigger_target_dag.py took 0.124 seconds
[2024-04-21T20:18:53.048+0000] {processor.py:161} INFO - Started process (PID=354) to work on /home/airflow/.local/lib/python3.9/site-packages/airflow/example_dags/example_trigger_target_dag.py
[2024-04-21T20:18:53.049+0000] {processor.py:830} INFO - Processing file /home/airflow/.local/lib/python3.9/site-packages/airflow/example_dags/example_trigger_target_dag.py for tasks to queue
[2024-04-21T20:18:53.051+0000] {logging_mixin.py:188} INFO - [2024-04-21T20:18:53.051+0000] {dagbag.py:540} INFO - Filling up the DagBag from /home/airflow/.local/lib/python3.9/site-packages/airflow/example_dags/example_trigger_target_dag.py
[2024-04-21T20:18:53.058+0000] {processor.py:840} INFO - DAG(s) 'example_trigger_target_dag' retrieved from /home/airflow/.local/lib/python3.9/site-packages/airflow/example_dags/example_trigger_target_dag.py
[2024-04-21T20:18:53.117+0000] {logging_mixin.py:188} INFO - [2024-04-21T20:18:53.117+0000] {dag.py:3047} INFO - Sync 1 DAGs
[2024-04-21T20:18:53.131+0000] {logging_mixin.py:188} INFO - [2024-04-21T20:18:53.131+0000] {dag.py:3834} INFO - Setting next_dagrun for example_trigger_target_dag to None, run_after=None
[2024-04-21T20:18:53.169+0000] {processor.py:183} INFO - Processing /home/airflow/.local/lib/python3.9/site-packages/airflow/example_dags/example_trigger_target_dag.py took 0.124 seconds
[2024-04-21T20:32:56.873+0000] {processor.py:161} INFO - Started process (PID=71) to work on /home/airflow/.local/lib/python3.9/site-packages/airflow/example_dags/example_trigger_target_dag.py
[2024-04-21T20:32:56.880+0000] {processor.py:830} INFO - Processing file /home/airflow/.local/lib/python3.9/site-packages/airflow/example_dags/example_trigger_target_dag.py for tasks to queue
[2024-04-21T20:32:56.887+0000] {logging_mixin.py:188} INFO - [2024-04-21T20:32:56.885+0000] {dagbag.py:540} INFO - Filling up the DagBag from /home/airflow/.local/lib/python3.9/site-packages/airflow/example_dags/example_trigger_target_dag.py
[2024-04-21T20:32:56.897+0000] {processor.py:840} INFO - DAG(s) 'example_trigger_target_dag' retrieved from /home/airflow/.local/lib/python3.9/site-packages/airflow/example_dags/example_trigger_target_dag.py
[2024-04-21T20:32:57.067+0000] {logging_mixin.py:188} INFO - [2024-04-21T20:32:57.067+0000] {dag.py:3047} INFO - Sync 1 DAGs
[2024-04-21T20:32:57.082+0000] {logging_mixin.py:188} INFO - [2024-04-21T20:32:57.082+0000] {dag.py:3834} INFO - Setting next_dagrun for example_trigger_target_dag to None, run_after=None
[2024-04-21T20:32:57.118+0000] {processor.py:183} INFO - Processing /home/airflow/.local/lib/python3.9/site-packages/airflow/example_dags/example_trigger_target_dag.py took 0.288 seconds
[2024-04-21T20:33:24.272+0000] {processor.py:161} INFO - Started process (PID=69) to work on /home/airflow/.local/lib/python3.9/site-packages/airflow/example_dags/example_trigger_target_dag.py
[2024-04-21T20:33:24.273+0000] {processor.py:830} INFO - Processing file /home/airflow/.local/lib/python3.9/site-packages/airflow/example_dags/example_trigger_target_dag.py for tasks to queue
[2024-04-21T20:33:24.276+0000] {logging_mixin.py:188} INFO - [2024-04-21T20:33:24.275+0000] {dagbag.py:540} INFO - Filling up the DagBag from /home/airflow/.local/lib/python3.9/site-packages/airflow/example_dags/example_trigger_target_dag.py
[2024-04-21T20:33:24.283+0000] {processor.py:840} INFO - DAG(s) 'example_trigger_target_dag' retrieved from /home/airflow/.local/lib/python3.9/site-packages/airflow/example_dags/example_trigger_target_dag.py
[2024-04-21T20:33:24.338+0000] {logging_mixin.py:188} INFO - [2024-04-21T20:33:24.338+0000] {dag.py:3047} INFO - Sync 1 DAGs
[2024-04-21T20:33:24.351+0000] {logging_mixin.py:188} INFO - [2024-04-21T20:33:24.351+0000] {dag.py:3834} INFO - Setting next_dagrun for example_trigger_target_dag to None, run_after=None
[2024-04-21T20:33:24.386+0000] {processor.py:183} INFO - Processing /home/airflow/.local/lib/python3.9/site-packages/airflow/example_dags/example_trigger_target_dag.py took 0.117 seconds
[2024-04-21T20:33:55.211+0000] {processor.py:161} INFO - Started process (PID=126) to work on /home/airflow/.local/lib/python3.9/site-packages/airflow/example_dags/example_trigger_target_dag.py
[2024-04-21T20:33:55.213+0000] {processor.py:830} INFO - Processing file /home/airflow/.local/lib/python3.9/site-packages/airflow/example_dags/example_trigger_target_dag.py for tasks to queue
[2024-04-21T20:33:55.215+0000] {logging_mixin.py:188} INFO - [2024-04-21T20:33:55.215+0000] {dagbag.py:540} INFO - Filling up the DagBag from /home/airflow/.local/lib/python3.9/site-packages/airflow/example_dags/example_trigger_target_dag.py
[2024-04-21T20:33:55.221+0000] {processor.py:840} INFO - DAG(s) 'example_trigger_target_dag' retrieved from /home/airflow/.local/lib/python3.9/site-packages/airflow/example_dags/example_trigger_target_dag.py
[2024-04-21T20:33:55.300+0000] {logging_mixin.py:188} INFO - [2024-04-21T20:33:55.299+0000] {dag.py:3047} INFO - Sync 1 DAGs
[2024-04-21T20:33:55.315+0000] {logging_mixin.py:188} INFO - [2024-04-21T20:33:55.315+0000] {dag.py:3834} INFO - Setting next_dagrun for example_trigger_target_dag to None, run_after=None
[2024-04-21T20:33:55.351+0000] {processor.py:183} INFO - Processing /home/airflow/.local/lib/python3.9/site-packages/airflow/example_dags/example_trigger_target_dag.py took 0.143 seconds
[2024-04-21T20:34:31.900+0000] {processor.py:161} INFO - Started process (PID=69) to work on /home/airflow/.local/lib/python3.9/site-packages/airflow/example_dags/example_trigger_target_dag.py
[2024-04-21T20:34:31.901+0000] {processor.py:830} INFO - Processing file /home/airflow/.local/lib/python3.9/site-packages/airflow/example_dags/example_trigger_target_dag.py for tasks to queue
[2024-04-21T20:34:31.904+0000] {logging_mixin.py:188} INFO - [2024-04-21T20:34:31.903+0000] {dagbag.py:540} INFO - Filling up the DagBag from /home/airflow/.local/lib/python3.9/site-packages/airflow/example_dags/example_trigger_target_dag.py
[2024-04-21T20:34:31.910+0000] {processor.py:840} INFO - DAG(s) 'example_trigger_target_dag' retrieved from /home/airflow/.local/lib/python3.9/site-packages/airflow/example_dags/example_trigger_target_dag.py
[2024-04-21T20:34:31.974+0000] {logging_mixin.py:188} INFO - [2024-04-21T20:34:31.973+0000] {dag.py:3047} INFO - Sync 1 DAGs
[2024-04-21T20:34:31.987+0000] {logging_mixin.py:188} INFO - [2024-04-21T20:34:31.987+0000] {dag.py:3834} INFO - Setting next_dagrun for example_trigger_target_dag to None, run_after=None
[2024-04-21T20:34:32.028+0000] {processor.py:183} INFO - Processing /home/airflow/.local/lib/python3.9/site-packages/airflow/example_dags/example_trigger_target_dag.py took 0.131 seconds
[2024-04-21T20:35:03.066+0000] {processor.py:161} INFO - Started process (PID=126) to work on /home/airflow/.local/lib/python3.9/site-packages/airflow/example_dags/example_trigger_target_dag.py
[2024-04-21T20:35:03.068+0000] {processor.py:830} INFO - Processing file /home/airflow/.local/lib/python3.9/site-packages/airflow/example_dags/example_trigger_target_dag.py for tasks to queue
[2024-04-21T20:35:03.071+0000] {logging_mixin.py:188} INFO - [2024-04-21T20:35:03.070+0000] {dagbag.py:540} INFO - Filling up the DagBag from /home/airflow/.local/lib/python3.9/site-packages/airflow/example_dags/example_trigger_target_dag.py
[2024-04-21T20:35:03.080+0000] {processor.py:840} INFO - DAG(s) 'example_trigger_target_dag' retrieved from /home/airflow/.local/lib/python3.9/site-packages/airflow/example_dags/example_trigger_target_dag.py
[2024-04-21T20:35:03.180+0000] {logging_mixin.py:188} INFO - [2024-04-21T20:35:03.180+0000] {dag.py:3047} INFO - Sync 1 DAGs
[2024-04-21T20:35:03.199+0000] {logging_mixin.py:188} INFO - [2024-04-21T20:35:03.198+0000] {dag.py:3834} INFO - Setting next_dagrun for example_trigger_target_dag to None, run_after=None
[2024-04-21T20:35:03.252+0000] {processor.py:183} INFO - Processing /home/airflow/.local/lib/python3.9/site-packages/airflow/example_dags/example_trigger_target_dag.py took 0.190 seconds
[2024-04-21T20:35:33.766+0000] {processor.py:161} INFO - Started process (PID=183) to work on /home/airflow/.local/lib/python3.9/site-packages/airflow/example_dags/example_trigger_target_dag.py
[2024-04-21T20:35:33.768+0000] {processor.py:830} INFO - Processing file /home/airflow/.local/lib/python3.9/site-packages/airflow/example_dags/example_trigger_target_dag.py for tasks to queue
[2024-04-21T20:35:33.770+0000] {logging_mixin.py:188} INFO - [2024-04-21T20:35:33.770+0000] {dagbag.py:540} INFO - Filling up the DagBag from /home/airflow/.local/lib/python3.9/site-packages/airflow/example_dags/example_trigger_target_dag.py
[2024-04-21T20:35:33.777+0000] {processor.py:840} INFO - DAG(s) 'example_trigger_target_dag' retrieved from /home/airflow/.local/lib/python3.9/site-packages/airflow/example_dags/example_trigger_target_dag.py
[2024-04-21T20:35:33.834+0000] {logging_mixin.py:188} INFO - [2024-04-21T20:35:33.833+0000] {dag.py:3047} INFO - Sync 1 DAGs
[2024-04-21T20:35:33.847+0000] {logging_mixin.py:188} INFO - [2024-04-21T20:35:33.847+0000] {dag.py:3834} INFO - Setting next_dagrun for example_trigger_target_dag to None, run_after=None
[2024-04-21T20:35:33.883+0000] {processor.py:183} INFO - Processing /home/airflow/.local/lib/python3.9/site-packages/airflow/example_dags/example_trigger_target_dag.py took 0.121 seconds
[2024-04-21T20:36:04.838+0000] {processor.py:161} INFO - Started process (PID=240) to work on /home/airflow/.local/lib/python3.9/site-packages/airflow/example_dags/example_trigger_target_dag.py
[2024-04-21T20:36:04.840+0000] {processor.py:830} INFO - Processing file /home/airflow/.local/lib/python3.9/site-packages/airflow/example_dags/example_trigger_target_dag.py for tasks to queue
[2024-04-21T20:36:04.842+0000] {logging_mixin.py:188} INFO - [2024-04-21T20:36:04.842+0000] {dagbag.py:540} INFO - Filling up the DagBag from /home/airflow/.local/lib/python3.9/site-packages/airflow/example_dags/example_trigger_target_dag.py
[2024-04-21T20:36:04.848+0000] {processor.py:840} INFO - DAG(s) 'example_trigger_target_dag' retrieved from /home/airflow/.local/lib/python3.9/site-packages/airflow/example_dags/example_trigger_target_dag.py
[2024-04-21T20:36:04.903+0000] {logging_mixin.py:188} INFO - [2024-04-21T20:36:04.902+0000] {dag.py:3047} INFO - Sync 1 DAGs
[2024-04-21T20:36:04.915+0000] {logging_mixin.py:188} INFO - [2024-04-21T20:36:04.915+0000] {dag.py:3834} INFO - Setting next_dagrun for example_trigger_target_dag to None, run_after=None
[2024-04-21T20:36:04.949+0000] {processor.py:183} INFO - Processing /home/airflow/.local/lib/python3.9/site-packages/airflow/example_dags/example_trigger_target_dag.py took 0.114 seconds
[2024-04-21T20:36:36.533+0000] {processor.py:161} INFO - Started process (PID=297) to work on /home/airflow/.local/lib/python3.9/site-packages/airflow/example_dags/example_trigger_target_dag.py
[2024-04-21T20:36:36.535+0000] {processor.py:830} INFO - Processing file /home/airflow/.local/lib/python3.9/site-packages/airflow/example_dags/example_trigger_target_dag.py for tasks to queue
[2024-04-21T20:36:36.538+0000] {logging_mixin.py:188} INFO - [2024-04-21T20:36:36.538+0000] {dagbag.py:540} INFO - Filling up the DagBag from /home/airflow/.local/lib/python3.9/site-packages/airflow/example_dags/example_trigger_target_dag.py
[2024-04-21T20:36:36.546+0000] {processor.py:840} INFO - DAG(s) 'example_trigger_target_dag' retrieved from /home/airflow/.local/lib/python3.9/site-packages/airflow/example_dags/example_trigger_target_dag.py
[2024-04-21T20:36:36.617+0000] {logging_mixin.py:188} INFO - [2024-04-21T20:36:36.616+0000] {dag.py:3047} INFO - Sync 1 DAGs
[2024-04-21T20:36:36.639+0000] {logging_mixin.py:188} INFO - [2024-04-21T20:36:36.638+0000] {dag.py:3834} INFO - Setting next_dagrun for example_trigger_target_dag to None, run_after=None
[2024-04-21T20:36:36.687+0000] {processor.py:183} INFO - Processing /home/airflow/.local/lib/python3.9/site-packages/airflow/example_dags/example_trigger_target_dag.py took 0.158 seconds
[2024-04-21T20:37:07.222+0000] {processor.py:161} INFO - Started process (PID=354) to work on /home/airflow/.local/lib/python3.9/site-packages/airflow/example_dags/example_trigger_target_dag.py
[2024-04-21T20:37:07.223+0000] {processor.py:830} INFO - Processing file /home/airflow/.local/lib/python3.9/site-packages/airflow/example_dags/example_trigger_target_dag.py for tasks to queue
[2024-04-21T20:37:07.225+0000] {logging_mixin.py:188} INFO - [2024-04-21T20:37:07.225+0000] {dagbag.py:540} INFO - Filling up the DagBag from /home/airflow/.local/lib/python3.9/site-packages/airflow/example_dags/example_trigger_target_dag.py
[2024-04-21T20:37:07.231+0000] {processor.py:840} INFO - DAG(s) 'example_trigger_target_dag' retrieved from /home/airflow/.local/lib/python3.9/site-packages/airflow/example_dags/example_trigger_target_dag.py
[2024-04-21T20:37:07.283+0000] {logging_mixin.py:188} INFO - [2024-04-21T20:37:07.283+0000] {dag.py:3047} INFO - Sync 1 DAGs
[2024-04-21T20:37:07.296+0000] {logging_mixin.py:188} INFO - [2024-04-21T20:37:07.295+0000] {dag.py:3834} INFO - Setting next_dagrun for example_trigger_target_dag to None, run_after=None
[2024-04-21T20:37:07.330+0000] {processor.py:183} INFO - Processing /home/airflow/.local/lib/python3.9/site-packages/airflow/example_dags/example_trigger_target_dag.py took 0.111 seconds
[2024-04-21T20:37:38.137+0000] {processor.py:161} INFO - Started process (PID=411) to work on /home/airflow/.local/lib/python3.9/site-packages/airflow/example_dags/example_trigger_target_dag.py
[2024-04-21T20:37:38.139+0000] {processor.py:830} INFO - Processing file /home/airflow/.local/lib/python3.9/site-packages/airflow/example_dags/example_trigger_target_dag.py for tasks to queue
[2024-04-21T20:37:38.142+0000] {logging_mixin.py:188} INFO - [2024-04-21T20:37:38.141+0000] {dagbag.py:540} INFO - Filling up the DagBag from /home/airflow/.local/lib/python3.9/site-packages/airflow/example_dags/example_trigger_target_dag.py
[2024-04-21T20:37:38.150+0000] {processor.py:840} INFO - DAG(s) 'example_trigger_target_dag' retrieved from /home/airflow/.local/lib/python3.9/site-packages/airflow/example_dags/example_trigger_target_dag.py
[2024-04-21T20:37:38.226+0000] {logging_mixin.py:188} INFO - [2024-04-21T20:37:38.226+0000] {dag.py:3047} INFO - Sync 1 DAGs
[2024-04-21T20:37:38.253+0000] {logging_mixin.py:188} INFO - [2024-04-21T20:37:38.252+0000] {dag.py:3834} INFO - Setting next_dagrun for example_trigger_target_dag to None, run_after=None
[2024-04-21T20:37:38.317+0000] {processor.py:183} INFO - Processing /home/airflow/.local/lib/python3.9/site-packages/airflow/example_dags/example_trigger_target_dag.py took 0.185 seconds
[2024-04-21T20:38:09.394+0000] {processor.py:161} INFO - Started process (PID=468) to work on /home/airflow/.local/lib/python3.9/site-packages/airflow/example_dags/example_trigger_target_dag.py
[2024-04-21T20:38:09.396+0000] {processor.py:830} INFO - Processing file /home/airflow/.local/lib/python3.9/site-packages/airflow/example_dags/example_trigger_target_dag.py for tasks to queue
[2024-04-21T20:38:09.398+0000] {logging_mixin.py:188} INFO - [2024-04-21T20:38:09.397+0000] {dagbag.py:540} INFO - Filling up the DagBag from /home/airflow/.local/lib/python3.9/site-packages/airflow/example_dags/example_trigger_target_dag.py
[2024-04-21T20:38:09.404+0000] {processor.py:840} INFO - DAG(s) 'example_trigger_target_dag' retrieved from /home/airflow/.local/lib/python3.9/site-packages/airflow/example_dags/example_trigger_target_dag.py
[2024-04-21T20:38:09.458+0000] {logging_mixin.py:188} INFO - [2024-04-21T20:38:09.458+0000] {dag.py:3047} INFO - Sync 1 DAGs
[2024-04-21T20:38:09.470+0000] {logging_mixin.py:188} INFO - [2024-04-21T20:38:09.469+0000] {dag.py:3834} INFO - Setting next_dagrun for example_trigger_target_dag to None, run_after=None
[2024-04-21T20:38:09.502+0000] {processor.py:183} INFO - Processing /home/airflow/.local/lib/python3.9/site-packages/airflow/example_dags/example_trigger_target_dag.py took 0.111 seconds
[2024-04-21T20:38:41.584+0000] {processor.py:161} INFO - Started process (PID=525) to work on /home/airflow/.local/lib/python3.9/site-packages/airflow/example_dags/example_trigger_target_dag.py
[2024-04-21T20:38:41.585+0000] {processor.py:830} INFO - Processing file /home/airflow/.local/lib/python3.9/site-packages/airflow/example_dags/example_trigger_target_dag.py for tasks to queue
[2024-04-21T20:38:41.587+0000] {logging_mixin.py:188} INFO - [2024-04-21T20:38:41.587+0000] {dagbag.py:540} INFO - Filling up the DagBag from /home/airflow/.local/lib/python3.9/site-packages/airflow/example_dags/example_trigger_target_dag.py
[2024-04-21T20:38:41.594+0000] {processor.py:840} INFO - DAG(s) 'example_trigger_target_dag' retrieved from /home/airflow/.local/lib/python3.9/site-packages/airflow/example_dags/example_trigger_target_dag.py
[2024-04-21T20:38:41.648+0000] {logging_mixin.py:188} INFO - [2024-04-21T20:38:41.648+0000] {dag.py:3047} INFO - Sync 1 DAGs
[2024-04-21T20:38:41.660+0000] {logging_mixin.py:188} INFO - [2024-04-21T20:38:41.660+0000] {dag.py:3834} INFO - Setting next_dagrun for example_trigger_target_dag to None, run_after=None
[2024-04-21T20:38:41.690+0000] {processor.py:183} INFO - Processing /home/airflow/.local/lib/python3.9/site-packages/airflow/example_dags/example_trigger_target_dag.py took 0.109 seconds
[2024-04-21T20:40:43.057+0000] {processor.py:161} INFO - Started process (PID=613) to work on /home/airflow/.local/lib/python3.9/site-packages/airflow/example_dags/example_trigger_target_dag.py
[2024-04-21T20:40:43.058+0000] {processor.py:830} INFO - Processing file /home/airflow/.local/lib/python3.9/site-packages/airflow/example_dags/example_trigger_target_dag.py for tasks to queue
[2024-04-21T20:40:43.060+0000] {logging_mixin.py:188} INFO - [2024-04-21T20:40:43.060+0000] {dagbag.py:540} INFO - Filling up the DagBag from /home/airflow/.local/lib/python3.9/site-packages/airflow/example_dags/example_trigger_target_dag.py
[2024-04-21T20:40:43.066+0000] {processor.py:840} INFO - DAG(s) 'example_trigger_target_dag' retrieved from /home/airflow/.local/lib/python3.9/site-packages/airflow/example_dags/example_trigger_target_dag.py
[2024-04-21T20:40:43.125+0000] {logging_mixin.py:188} INFO - [2024-04-21T20:40:43.125+0000] {dag.py:3047} INFO - Sync 1 DAGs
[2024-04-21T20:40:43.136+0000] {logging_mixin.py:188} INFO - [2024-04-21T20:40:43.136+0000] {dag.py:3834} INFO - Setting next_dagrun for example_trigger_target_dag to None, run_after=None
[2024-04-21T20:40:43.170+0000] {processor.py:183} INFO - Processing /home/airflow/.local/lib/python3.9/site-packages/airflow/example_dags/example_trigger_target_dag.py took 0.116 seconds
[2024-04-21T20:41:15.481+0000] {processor.py:161} INFO - Started process (PID=672) to work on /home/airflow/.local/lib/python3.9/site-packages/airflow/example_dags/example_trigger_target_dag.py
[2024-04-21T20:41:15.483+0000] {processor.py:830} INFO - Processing file /home/airflow/.local/lib/python3.9/site-packages/airflow/example_dags/example_trigger_target_dag.py for tasks to queue
[2024-04-21T20:41:15.487+0000] {logging_mixin.py:188} INFO - [2024-04-21T20:41:15.485+0000] {dagbag.py:540} INFO - Filling up the DagBag from /home/airflow/.local/lib/python3.9/site-packages/airflow/example_dags/example_trigger_target_dag.py
[2024-04-21T20:41:15.497+0000] {processor.py:840} INFO - DAG(s) 'example_trigger_target_dag' retrieved from /home/airflow/.local/lib/python3.9/site-packages/airflow/example_dags/example_trigger_target_dag.py
[2024-04-21T20:41:16.066+0000] {logging_mixin.py:188} INFO - [2024-04-21T20:41:16.063+0000] {dag.py:3047} INFO - Sync 1 DAGs
[2024-04-21T20:41:16.082+0000] {logging_mixin.py:188} INFO - [2024-04-21T20:41:16.081+0000] {dag.py:3834} INFO - Setting next_dagrun for example_trigger_target_dag to None, run_after=None
[2024-04-21T20:41:16.123+0000] {processor.py:183} INFO - Processing /home/airflow/.local/lib/python3.9/site-packages/airflow/example_dags/example_trigger_target_dag.py took 0.648 seconds
[2024-04-21T20:41:46.557+0000] {processor.py:161} INFO - Started process (PID=729) to work on /home/airflow/.local/lib/python3.9/site-packages/airflow/example_dags/example_trigger_target_dag.py
[2024-04-21T20:41:46.559+0000] {processor.py:830} INFO - Processing file /home/airflow/.local/lib/python3.9/site-packages/airflow/example_dags/example_trigger_target_dag.py for tasks to queue
[2024-04-21T20:41:46.562+0000] {logging_mixin.py:188} INFO - [2024-04-21T20:41:46.561+0000] {dagbag.py:540} INFO - Filling up the DagBag from /home/airflow/.local/lib/python3.9/site-packages/airflow/example_dags/example_trigger_target_dag.py
[2024-04-21T20:41:46.569+0000] {processor.py:840} INFO - DAG(s) 'example_trigger_target_dag' retrieved from /home/airflow/.local/lib/python3.9/site-packages/airflow/example_dags/example_trigger_target_dag.py
[2024-04-21T20:41:46.632+0000] {logging_mixin.py:188} INFO - [2024-04-21T20:41:46.632+0000] {dag.py:3047} INFO - Sync 1 DAGs
[2024-04-21T20:41:46.648+0000] {logging_mixin.py:188} INFO - [2024-04-21T20:41:46.648+0000] {dag.py:3834} INFO - Setting next_dagrun for example_trigger_target_dag to None, run_after=None
[2024-04-21T20:41:46.689+0000] {processor.py:183} INFO - Processing /home/airflow/.local/lib/python3.9/site-packages/airflow/example_dags/example_trigger_target_dag.py took 0.135 seconds
[2024-04-21T20:42:38.401+0000] {processor.py:161} INFO - Started process (PID=69) to work on /home/airflow/.local/lib/python3.9/site-packages/airflow/example_dags/example_trigger_target_dag.py
[2024-04-21T20:42:38.403+0000] {processor.py:830} INFO - Processing file /home/airflow/.local/lib/python3.9/site-packages/airflow/example_dags/example_trigger_target_dag.py for tasks to queue
[2024-04-21T20:42:38.405+0000] {logging_mixin.py:188} INFO - [2024-04-21T20:42:38.405+0000] {dagbag.py:540} INFO - Filling up the DagBag from /home/airflow/.local/lib/python3.9/site-packages/airflow/example_dags/example_trigger_target_dag.py
[2024-04-21T20:42:38.411+0000] {processor.py:840} INFO - DAG(s) 'example_trigger_target_dag' retrieved from /home/airflow/.local/lib/python3.9/site-packages/airflow/example_dags/example_trigger_target_dag.py
[2024-04-21T20:42:38.472+0000] {logging_mixin.py:188} INFO - [2024-04-21T20:42:38.471+0000] {dag.py:3047} INFO - Sync 1 DAGs
[2024-04-21T20:42:38.483+0000] {logging_mixin.py:188} INFO - [2024-04-21T20:42:38.483+0000] {dag.py:3834} INFO - Setting next_dagrun for example_trigger_target_dag to None, run_after=None
[2024-04-21T20:42:38.515+0000] {processor.py:183} INFO - Processing /home/airflow/.local/lib/python3.9/site-packages/airflow/example_dags/example_trigger_target_dag.py took 0.116 seconds
[2024-04-21T20:43:09.924+0000] {processor.py:161} INFO - Started process (PID=126) to work on /home/airflow/.local/lib/python3.9/site-packages/airflow/example_dags/example_trigger_target_dag.py
[2024-04-21T20:43:09.925+0000] {processor.py:830} INFO - Processing file /home/airflow/.local/lib/python3.9/site-packages/airflow/example_dags/example_trigger_target_dag.py for tasks to queue
[2024-04-21T20:43:09.928+0000] {logging_mixin.py:188} INFO - [2024-04-21T20:43:09.928+0000] {dagbag.py:540} INFO - Filling up the DagBag from /home/airflow/.local/lib/python3.9/site-packages/airflow/example_dags/example_trigger_target_dag.py
[2024-04-21T20:43:09.935+0000] {processor.py:840} INFO - DAG(s) 'example_trigger_target_dag' retrieved from /home/airflow/.local/lib/python3.9/site-packages/airflow/example_dags/example_trigger_target_dag.py
[2024-04-21T20:43:09.992+0000] {logging_mixin.py:188} INFO - [2024-04-21T20:43:09.991+0000] {dag.py:3047} INFO - Sync 1 DAGs
[2024-04-21T20:43:10.006+0000] {logging_mixin.py:188} INFO - [2024-04-21T20:43:10.006+0000] {dag.py:3834} INFO - Setting next_dagrun for example_trigger_target_dag to None, run_after=None
[2024-04-21T20:43:10.042+0000] {processor.py:183} INFO - Processing /home/airflow/.local/lib/python3.9/site-packages/airflow/example_dags/example_trigger_target_dag.py took 0.122 seconds
[2024-04-21T20:43:40.110+0000] {processor.py:161} INFO - Started process (PID=183) to work on /home/airflow/.local/lib/python3.9/site-packages/airflow/example_dags/example_trigger_target_dag.py
[2024-04-21T20:43:40.112+0000] {processor.py:830} INFO - Processing file /home/airflow/.local/lib/python3.9/site-packages/airflow/example_dags/example_trigger_target_dag.py for tasks to queue
[2024-04-21T20:43:40.115+0000] {logging_mixin.py:188} INFO - [2024-04-21T20:43:40.114+0000] {dagbag.py:540} INFO - Filling up the DagBag from /home/airflow/.local/lib/python3.9/site-packages/airflow/example_dags/example_trigger_target_dag.py
[2024-04-21T20:43:40.122+0000] {processor.py:840} INFO - DAG(s) 'example_trigger_target_dag' retrieved from /home/airflow/.local/lib/python3.9/site-packages/airflow/example_dags/example_trigger_target_dag.py
[2024-04-21T20:43:40.179+0000] {logging_mixin.py:188} INFO - [2024-04-21T20:43:40.179+0000] {dag.py:3047} INFO - Sync 1 DAGs
[2024-04-21T20:43:40.191+0000] {logging_mixin.py:188} INFO - [2024-04-21T20:43:40.190+0000] {dag.py:3834} INFO - Setting next_dagrun for example_trigger_target_dag to None, run_after=None
[2024-04-21T20:43:40.223+0000] {processor.py:183} INFO - Processing /home/airflow/.local/lib/python3.9/site-packages/airflow/example_dags/example_trigger_target_dag.py took 0.117 seconds
[2024-04-21T20:44:11.706+0000] {processor.py:161} INFO - Started process (PID=240) to work on /home/airflow/.local/lib/python3.9/site-packages/airflow/example_dags/example_trigger_target_dag.py
[2024-04-21T20:44:11.707+0000] {processor.py:830} INFO - Processing file /home/airflow/.local/lib/python3.9/site-packages/airflow/example_dags/example_trigger_target_dag.py for tasks to queue
[2024-04-21T20:44:11.709+0000] {logging_mixin.py:188} INFO - [2024-04-21T20:44:11.709+0000] {dagbag.py:540} INFO - Filling up the DagBag from /home/airflow/.local/lib/python3.9/site-packages/airflow/example_dags/example_trigger_target_dag.py
[2024-04-21T20:44:11.715+0000] {processor.py:840} INFO - DAG(s) 'example_trigger_target_dag' retrieved from /home/airflow/.local/lib/python3.9/site-packages/airflow/example_dags/example_trigger_target_dag.py
[2024-04-21T20:44:11.768+0000] {logging_mixin.py:188} INFO - [2024-04-21T20:44:11.768+0000] {dag.py:3047} INFO - Sync 1 DAGs
[2024-04-21T20:44:11.780+0000] {logging_mixin.py:188} INFO - [2024-04-21T20:44:11.780+0000] {dag.py:3834} INFO - Setting next_dagrun for example_trigger_target_dag to None, run_after=None
[2024-04-21T20:44:11.810+0000] {processor.py:183} INFO - Processing /home/airflow/.local/lib/python3.9/site-packages/airflow/example_dags/example_trigger_target_dag.py took 0.107 seconds
[2024-04-21T20:44:43.724+0000] {processor.py:161} INFO - Started process (PID=297) to work on /home/airflow/.local/lib/python3.9/site-packages/airflow/example_dags/example_trigger_target_dag.py
[2024-04-21T20:44:43.725+0000] {processor.py:830} INFO - Processing file /home/airflow/.local/lib/python3.9/site-packages/airflow/example_dags/example_trigger_target_dag.py for tasks to queue
[2024-04-21T20:44:43.727+0000] {logging_mixin.py:188} INFO - [2024-04-21T20:44:43.726+0000] {dagbag.py:540} INFO - Filling up the DagBag from /home/airflow/.local/lib/python3.9/site-packages/airflow/example_dags/example_trigger_target_dag.py
[2024-04-21T20:44:43.733+0000] {processor.py:840} INFO - DAG(s) 'example_trigger_target_dag' retrieved from /home/airflow/.local/lib/python3.9/site-packages/airflow/example_dags/example_trigger_target_dag.py
[2024-04-21T20:44:43.791+0000] {logging_mixin.py:188} INFO - [2024-04-21T20:44:43.790+0000] {dag.py:3047} INFO - Sync 1 DAGs
[2024-04-21T20:44:43.803+0000] {logging_mixin.py:188} INFO - [2024-04-21T20:44:43.803+0000] {dag.py:3834} INFO - Setting next_dagrun for example_trigger_target_dag to None, run_after=None
[2024-04-21T20:44:43.835+0000] {processor.py:183} INFO - Processing /home/airflow/.local/lib/python3.9/site-packages/airflow/example_dags/example_trigger_target_dag.py took 0.114 seconds
[2024-04-21T20:45:14.147+0000] {processor.py:161} INFO - Started process (PID=354) to work on /home/airflow/.local/lib/python3.9/site-packages/airflow/example_dags/example_trigger_target_dag.py
[2024-04-21T20:45:14.148+0000] {processor.py:830} INFO - Processing file /home/airflow/.local/lib/python3.9/site-packages/airflow/example_dags/example_trigger_target_dag.py for tasks to queue
[2024-04-21T20:45:14.150+0000] {logging_mixin.py:188} INFO - [2024-04-21T20:45:14.150+0000] {dagbag.py:540} INFO - Filling up the DagBag from /home/airflow/.local/lib/python3.9/site-packages/airflow/example_dags/example_trigger_target_dag.py
[2024-04-21T20:45:14.157+0000] {processor.py:840} INFO - DAG(s) 'example_trigger_target_dag' retrieved from /home/airflow/.local/lib/python3.9/site-packages/airflow/example_dags/example_trigger_target_dag.py
[2024-04-21T20:45:14.216+0000] {logging_mixin.py:188} INFO - [2024-04-21T20:45:14.216+0000] {dag.py:3047} INFO - Sync 1 DAGs
[2024-04-21T20:45:14.230+0000] {logging_mixin.py:188} INFO - [2024-04-21T20:45:14.230+0000] {dag.py:3834} INFO - Setting next_dagrun for example_trigger_target_dag to None, run_after=None
[2024-04-21T20:45:14.265+0000] {processor.py:183} INFO - Processing /home/airflow/.local/lib/python3.9/site-packages/airflow/example_dags/example_trigger_target_dag.py took 0.121 seconds
[2024-04-21T20:45:45.998+0000] {processor.py:161} INFO - Started process (PID=411) to work on /home/airflow/.local/lib/python3.9/site-packages/airflow/example_dags/example_trigger_target_dag.py
[2024-04-21T20:45:46.000+0000] {processor.py:830} INFO - Processing file /home/airflow/.local/lib/python3.9/site-packages/airflow/example_dags/example_trigger_target_dag.py for tasks to queue
[2024-04-21T20:45:46.004+0000] {logging_mixin.py:188} INFO - [2024-04-21T20:45:46.004+0000] {dagbag.py:540} INFO - Filling up the DagBag from /home/airflow/.local/lib/python3.9/site-packages/airflow/example_dags/example_trigger_target_dag.py
[2024-04-21T20:45:46.017+0000] {processor.py:840} INFO - DAG(s) 'example_trigger_target_dag' retrieved from /home/airflow/.local/lib/python3.9/site-packages/airflow/example_dags/example_trigger_target_dag.py
[2024-04-21T20:45:46.199+0000] {logging_mixin.py:188} INFO - [2024-04-21T20:45:46.192+0000] {dag.py:3047} INFO - Sync 1 DAGs
[2024-04-21T20:45:46.213+0000] {logging_mixin.py:188} INFO - [2024-04-21T20:45:46.213+0000] {dag.py:3834} INFO - Setting next_dagrun for example_trigger_target_dag to None, run_after=None
[2024-04-21T20:45:46.293+0000] {processor.py:183} INFO - Processing /home/airflow/.local/lib/python3.9/site-packages/airflow/example_dags/example_trigger_target_dag.py took 0.311 seconds
[2024-04-21T20:46:16.486+0000] {processor.py:161} INFO - Started process (PID=468) to work on /home/airflow/.local/lib/python3.9/site-packages/airflow/example_dags/example_trigger_target_dag.py
[2024-04-21T20:46:16.487+0000] {processor.py:830} INFO - Processing file /home/airflow/.local/lib/python3.9/site-packages/airflow/example_dags/example_trigger_target_dag.py for tasks to queue
[2024-04-21T20:46:16.489+0000] {logging_mixin.py:188} INFO - [2024-04-21T20:46:16.489+0000] {dagbag.py:540} INFO - Filling up the DagBag from /home/airflow/.local/lib/python3.9/site-packages/airflow/example_dags/example_trigger_target_dag.py
[2024-04-21T20:46:16.496+0000] {processor.py:840} INFO - DAG(s) 'example_trigger_target_dag' retrieved from /home/airflow/.local/lib/python3.9/site-packages/airflow/example_dags/example_trigger_target_dag.py
[2024-04-21T20:46:16.551+0000] {logging_mixin.py:188} INFO - [2024-04-21T20:46:16.551+0000] {dag.py:3047} INFO - Sync 1 DAGs
[2024-04-21T20:46:16.564+0000] {logging_mixin.py:188} INFO - [2024-04-21T20:46:16.564+0000] {dag.py:3834} INFO - Setting next_dagrun for example_trigger_target_dag to None, run_after=None
[2024-04-21T20:46:16.600+0000] {processor.py:183} INFO - Processing /home/airflow/.local/lib/python3.9/site-packages/airflow/example_dags/example_trigger_target_dag.py took 0.117 seconds
[2024-04-21T20:46:47.495+0000] {processor.py:161} INFO - Started process (PID=525) to work on /home/airflow/.local/lib/python3.9/site-packages/airflow/example_dags/example_trigger_target_dag.py
[2024-04-21T20:46:47.496+0000] {processor.py:830} INFO - Processing file /home/airflow/.local/lib/python3.9/site-packages/airflow/example_dags/example_trigger_target_dag.py for tasks to queue
[2024-04-21T20:46:47.498+0000] {logging_mixin.py:188} INFO - [2024-04-21T20:46:47.498+0000] {dagbag.py:540} INFO - Filling up the DagBag from /home/airflow/.local/lib/python3.9/site-packages/airflow/example_dags/example_trigger_target_dag.py
[2024-04-21T20:46:47.505+0000] {processor.py:840} INFO - DAG(s) 'example_trigger_target_dag' retrieved from /home/airflow/.local/lib/python3.9/site-packages/airflow/example_dags/example_trigger_target_dag.py
[2024-04-21T20:46:47.557+0000] {logging_mixin.py:188} INFO - [2024-04-21T20:46:47.556+0000] {dag.py:3047} INFO - Sync 1 DAGs
[2024-04-21T20:46:47.569+0000] {logging_mixin.py:188} INFO - [2024-04-21T20:46:47.568+0000] {dag.py:3834} INFO - Setting next_dagrun for example_trigger_target_dag to None, run_after=None
[2024-04-21T20:46:47.599+0000] {processor.py:183} INFO - Processing /home/airflow/.local/lib/python3.9/site-packages/airflow/example_dags/example_trigger_target_dag.py took 0.107 seconds
[2024-04-21T20:47:18.190+0000] {processor.py:161} INFO - Started process (PID=582) to work on /home/airflow/.local/lib/python3.9/site-packages/airflow/example_dags/example_trigger_target_dag.py
[2024-04-21T20:47:18.191+0000] {processor.py:830} INFO - Processing file /home/airflow/.local/lib/python3.9/site-packages/airflow/example_dags/example_trigger_target_dag.py for tasks to queue
[2024-04-21T20:47:18.194+0000] {logging_mixin.py:188} INFO - [2024-04-21T20:47:18.193+0000] {dagbag.py:540} INFO - Filling up the DagBag from /home/airflow/.local/lib/python3.9/site-packages/airflow/example_dags/example_trigger_target_dag.py
[2024-04-21T20:47:18.200+0000] {processor.py:840} INFO - DAG(s) 'example_trigger_target_dag' retrieved from /home/airflow/.local/lib/python3.9/site-packages/airflow/example_dags/example_trigger_target_dag.py
[2024-04-21T20:47:18.260+0000] {logging_mixin.py:188} INFO - [2024-04-21T20:47:18.259+0000] {dag.py:3047} INFO - Sync 1 DAGs
[2024-04-21T20:47:18.272+0000] {logging_mixin.py:188} INFO - [2024-04-21T20:47:18.272+0000] {dag.py:3834} INFO - Setting next_dagrun for example_trigger_target_dag to None, run_after=None
[2024-04-21T20:47:18.305+0000] {processor.py:183} INFO - Processing /home/airflow/.local/lib/python3.9/site-packages/airflow/example_dags/example_trigger_target_dag.py took 0.117 seconds
[2024-04-21T20:47:48.719+0000] {processor.py:161} INFO - Started process (PID=639) to work on /home/airflow/.local/lib/python3.9/site-packages/airflow/example_dags/example_trigger_target_dag.py
[2024-04-21T20:47:48.721+0000] {processor.py:830} INFO - Processing file /home/airflow/.local/lib/python3.9/site-packages/airflow/example_dags/example_trigger_target_dag.py for tasks to queue
[2024-04-21T20:47:48.723+0000] {logging_mixin.py:188} INFO - [2024-04-21T20:47:48.723+0000] {dagbag.py:540} INFO - Filling up the DagBag from /home/airflow/.local/lib/python3.9/site-packages/airflow/example_dags/example_trigger_target_dag.py
[2024-04-21T20:47:48.730+0000] {processor.py:840} INFO - DAG(s) 'example_trigger_target_dag' retrieved from /home/airflow/.local/lib/python3.9/site-packages/airflow/example_dags/example_trigger_target_dag.py
[2024-04-21T20:47:48.818+0000] {logging_mixin.py:188} INFO - [2024-04-21T20:47:48.816+0000] {dag.py:3047} INFO - Sync 1 DAGs
[2024-04-21T20:47:48.841+0000] {logging_mixin.py:188} INFO - [2024-04-21T20:47:48.840+0000] {dag.py:3834} INFO - Setting next_dagrun for example_trigger_target_dag to None, run_after=None
[2024-04-21T20:47:48.924+0000] {processor.py:183} INFO - Processing /home/airflow/.local/lib/python3.9/site-packages/airflow/example_dags/example_trigger_target_dag.py took 0.208 seconds
[2024-04-21T21:00:54.233+0000] {processor.py:161} INFO - Started process (PID=76) to work on /home/airflow/.local/lib/python3.9/site-packages/airflow/example_dags/example_trigger_target_dag.py
[2024-04-21T21:00:54.236+0000] {processor.py:830} INFO - Processing file /home/airflow/.local/lib/python3.9/site-packages/airflow/example_dags/example_trigger_target_dag.py for tasks to queue
[2024-04-21T21:00:54.241+0000] {logging_mixin.py:188} INFO - [2024-04-21T21:00:54.240+0000] {dagbag.py:540} INFO - Filling up the DagBag from /home/airflow/.local/lib/python3.9/site-packages/airflow/example_dags/example_trigger_target_dag.py
[2024-04-21T21:00:54.259+0000] {processor.py:840} INFO - DAG(s) 'example_trigger_target_dag' retrieved from /home/airflow/.local/lib/python3.9/site-packages/airflow/example_dags/example_trigger_target_dag.py
[2024-04-21T21:00:54.614+0000] {logging_mixin.py:188} INFO - [2024-04-21T21:00:54.613+0000] {dag.py:3047} INFO - Sync 1 DAGs
[2024-04-21T21:00:54.629+0000] {logging_mixin.py:188} INFO - [2024-04-21T21:00:54.629+0000] {dag.py:3834} INFO - Setting next_dagrun for example_trigger_target_dag to None, run_after=None
[2024-04-21T21:00:54.716+0000] {processor.py:183} INFO - Processing /home/airflow/.local/lib/python3.9/site-packages/airflow/example_dags/example_trigger_target_dag.py took 0.488 seconds
[2024-04-21T21:01:25.174+0000] {processor.py:161} INFO - Started process (PID=133) to work on /home/airflow/.local/lib/python3.9/site-packages/airflow/example_dags/example_trigger_target_dag.py
[2024-04-21T21:01:25.175+0000] {processor.py:830} INFO - Processing file /home/airflow/.local/lib/python3.9/site-packages/airflow/example_dags/example_trigger_target_dag.py for tasks to queue
[2024-04-21T21:01:25.178+0000] {logging_mixin.py:188} INFO - [2024-04-21T21:01:25.177+0000] {dagbag.py:540} INFO - Filling up the DagBag from /home/airflow/.local/lib/python3.9/site-packages/airflow/example_dags/example_trigger_target_dag.py
[2024-04-21T21:01:25.186+0000] {processor.py:840} INFO - DAG(s) 'example_trigger_target_dag' retrieved from /home/airflow/.local/lib/python3.9/site-packages/airflow/example_dags/example_trigger_target_dag.py
[2024-04-21T21:01:25.262+0000] {logging_mixin.py:188} INFO - [2024-04-21T21:01:25.262+0000] {dag.py:3047} INFO - Sync 1 DAGs
[2024-04-21T21:01:25.279+0000] {logging_mixin.py:188} INFO - [2024-04-21T21:01:25.279+0000] {dag.py:3834} INFO - Setting next_dagrun for example_trigger_target_dag to None, run_after=None
[2024-04-21T21:01:25.332+0000] {processor.py:183} INFO - Processing /home/airflow/.local/lib/python3.9/site-packages/airflow/example_dags/example_trigger_target_dag.py took 0.162 seconds
[2024-04-21T21:04:41.690+0000] {processor.py:161} INFO - Started process (PID=81) to work on /home/airflow/.local/lib/python3.9/site-packages/airflow/example_dags/example_trigger_target_dag.py
[2024-04-21T21:04:41.693+0000] {processor.py:830} INFO - Processing file /home/airflow/.local/lib/python3.9/site-packages/airflow/example_dags/example_trigger_target_dag.py for tasks to queue
[2024-04-21T21:04:41.696+0000] {logging_mixin.py:188} INFO - [2024-04-21T21:04:41.695+0000] {dagbag.py:540} INFO - Filling up the DagBag from /home/airflow/.local/lib/python3.9/site-packages/airflow/example_dags/example_trigger_target_dag.py
[2024-04-21T21:04:41.704+0000] {processor.py:840} INFO - DAG(s) 'example_trigger_target_dag' retrieved from /home/airflow/.local/lib/python3.9/site-packages/airflow/example_dags/example_trigger_target_dag.py
[2024-04-21T21:04:41.773+0000] {logging_mixin.py:188} INFO - [2024-04-21T21:04:41.773+0000] {dag.py:3047} INFO - Sync 1 DAGs
[2024-04-21T21:04:41.787+0000] {logging_mixin.py:188} INFO - [2024-04-21T21:04:41.787+0000] {dag.py:3834} INFO - Setting next_dagrun for example_trigger_target_dag to None, run_after=None
[2024-04-21T21:04:41.825+0000] {processor.py:183} INFO - Processing /home/airflow/.local/lib/python3.9/site-packages/airflow/example_dags/example_trigger_target_dag.py took 0.139 seconds
[2024-04-21T21:05:12.527+0000] {processor.py:161} INFO - Started process (PID=138) to work on /home/airflow/.local/lib/python3.9/site-packages/airflow/example_dags/example_trigger_target_dag.py
[2024-04-21T21:05:12.528+0000] {processor.py:830} INFO - Processing file /home/airflow/.local/lib/python3.9/site-packages/airflow/example_dags/example_trigger_target_dag.py for tasks to queue
[2024-04-21T21:05:12.530+0000] {logging_mixin.py:188} INFO - [2024-04-21T21:05:12.530+0000] {dagbag.py:540} INFO - Filling up the DagBag from /home/airflow/.local/lib/python3.9/site-packages/airflow/example_dags/example_trigger_target_dag.py
[2024-04-21T21:05:12.538+0000] {processor.py:840} INFO - DAG(s) 'example_trigger_target_dag' retrieved from /home/airflow/.local/lib/python3.9/site-packages/airflow/example_dags/example_trigger_target_dag.py
[2024-04-21T21:05:12.597+0000] {logging_mixin.py:188} INFO - [2024-04-21T21:05:12.597+0000] {dag.py:3047} INFO - Sync 1 DAGs
[2024-04-21T21:05:12.611+0000] {logging_mixin.py:188} INFO - [2024-04-21T21:05:12.611+0000] {dag.py:3834} INFO - Setting next_dagrun for example_trigger_target_dag to None, run_after=None
[2024-04-21T21:05:12.647+0000] {processor.py:183} INFO - Processing /home/airflow/.local/lib/python3.9/site-packages/airflow/example_dags/example_trigger_target_dag.py took 0.123 seconds
[2024-04-21T21:05:43.264+0000] {processor.py:161} INFO - Started process (PID=203) to work on /home/airflow/.local/lib/python3.9/site-packages/airflow/example_dags/example_trigger_target_dag.py
[2024-04-21T21:05:43.266+0000] {processor.py:830} INFO - Processing file /home/airflow/.local/lib/python3.9/site-packages/airflow/example_dags/example_trigger_target_dag.py for tasks to queue
[2024-04-21T21:05:43.268+0000] {logging_mixin.py:188} INFO - [2024-04-21T21:05:43.268+0000] {dagbag.py:540} INFO - Filling up the DagBag from /home/airflow/.local/lib/python3.9/site-packages/airflow/example_dags/example_trigger_target_dag.py
[2024-04-21T21:05:43.275+0000] {processor.py:840} INFO - DAG(s) 'example_trigger_target_dag' retrieved from /home/airflow/.local/lib/python3.9/site-packages/airflow/example_dags/example_trigger_target_dag.py
[2024-04-21T21:05:43.343+0000] {logging_mixin.py:188} INFO - [2024-04-21T21:05:43.342+0000] {dag.py:3047} INFO - Sync 1 DAGs
[2024-04-21T21:05:43.362+0000] {logging_mixin.py:188} INFO - [2024-04-21T21:05:43.362+0000] {dag.py:3834} INFO - Setting next_dagrun for example_trigger_target_dag to None, run_after=None
[2024-04-21T21:05:43.407+0000] {processor.py:183} INFO - Processing /home/airflow/.local/lib/python3.9/site-packages/airflow/example_dags/example_trigger_target_dag.py took 0.146 seconds
