[2024-04-21T19:51:56.501+0000] {processor.py:161} INFO - Started process (PID=48) to work on /home/airflow/.local/lib/python3.9/site-packages/airflow/example_dags/example_short_circuit_operator.py
[2024-04-21T19:51:56.503+0000] {processor.py:830} INFO - Processing file /home/airflow/.local/lib/python3.9/site-packages/airflow/example_dags/example_short_circuit_operator.py for tasks to queue
[2024-04-21T19:51:56.505+0000] {logging_mixin.py:188} INFO - [2024-04-21T19:51:56.505+0000] {dagbag.py:540} INFO - Filling up the DagBag from /home/airflow/.local/lib/python3.9/site-packages/airflow/example_dags/example_short_circuit_operator.py
[2024-04-21T19:51:56.517+0000] {processor.py:840} INFO - DAG(s) 'example_short_circuit_operator' retrieved from /home/airflow/.local/lib/python3.9/site-packages/airflow/example_dags/example_short_circuit_operator.py
[2024-04-21T19:51:57.005+0000] {logging_mixin.py:188} INFO - [2024-04-21T19:51:57.004+0000] {dag.py:3047} INFO - Sync 1 DAGs
[2024-04-21T19:51:57.060+0000] {logging_mixin.py:188} INFO - [2024-04-21T19:51:57.059+0000] {dag.py:3834} INFO - Setting next_dagrun for example_short_circuit_operator to 2024-04-20 00:00:00+00:00, run_after=2024-04-21 00:00:00+00:00
[2024-04-21T19:51:57.123+0000] {processor.py:183} INFO - Processing /home/airflow/.local/lib/python3.9/site-packages/airflow/example_dags/example_short_circuit_operator.py took 0.625 seconds
[2024-04-21T19:52:27.274+0000] {processor.py:161} INFO - Started process (PID=105) to work on /home/airflow/.local/lib/python3.9/site-packages/airflow/example_dags/example_short_circuit_operator.py
[2024-04-21T19:52:27.277+0000] {processor.py:830} INFO - Processing file /home/airflow/.local/lib/python3.9/site-packages/airflow/example_dags/example_short_circuit_operator.py for tasks to queue
[2024-04-21T19:52:27.281+0000] {logging_mixin.py:188} INFO - [2024-04-21T19:52:27.280+0000] {dagbag.py:540} INFO - Filling up the DagBag from /home/airflow/.local/lib/python3.9/site-packages/airflow/example_dags/example_short_circuit_operator.py
[2024-04-21T19:52:27.297+0000] {processor.py:840} INFO - DAG(s) 'example_short_circuit_operator' retrieved from /home/airflow/.local/lib/python3.9/site-packages/airflow/example_dags/example_short_circuit_operator.py
[2024-04-21T19:52:27.421+0000] {logging_mixin.py:188} INFO - [2024-04-21T19:52:27.420+0000] {dag.py:3047} INFO - Sync 1 DAGs
[2024-04-21T19:52:27.485+0000] {logging_mixin.py:188} INFO - [2024-04-21T19:52:27.485+0000] {dag.py:3834} INFO - Setting next_dagrun for example_short_circuit_operator to 2024-04-20 00:00:00+00:00, run_after=2024-04-21 00:00:00+00:00
[2024-04-21T19:52:27.562+0000] {processor.py:183} INFO - Processing /home/airflow/.local/lib/python3.9/site-packages/airflow/example_dags/example_short_circuit_operator.py took 0.292 seconds
[2024-04-21T19:52:59.619+0000] {processor.py:161} INFO - Started process (PID=162) to work on /home/airflow/.local/lib/python3.9/site-packages/airflow/example_dags/example_short_circuit_operator.py
[2024-04-21T19:52:59.621+0000] {processor.py:830} INFO - Processing file /home/airflow/.local/lib/python3.9/site-packages/airflow/example_dags/example_short_circuit_operator.py for tasks to queue
[2024-04-21T19:52:59.625+0000] {logging_mixin.py:188} INFO - [2024-04-21T19:52:59.624+0000] {dagbag.py:540} INFO - Filling up the DagBag from /home/airflow/.local/lib/python3.9/site-packages/airflow/example_dags/example_short_circuit_operator.py
[2024-04-21T19:52:59.639+0000] {processor.py:840} INFO - DAG(s) 'example_short_circuit_operator' retrieved from /home/airflow/.local/lib/python3.9/site-packages/airflow/example_dags/example_short_circuit_operator.py
[2024-04-21T19:52:59.777+0000] {logging_mixin.py:188} INFO - [2024-04-21T19:52:59.776+0000] {dag.py:3047} INFO - Sync 1 DAGs
[2024-04-21T19:52:59.826+0000] {logging_mixin.py:188} INFO - [2024-04-21T19:52:59.826+0000] {dag.py:3834} INFO - Setting next_dagrun for example_short_circuit_operator to 2024-04-20 00:00:00+00:00, run_after=2024-04-21 00:00:00+00:00
[2024-04-21T19:52:59.895+0000] {processor.py:183} INFO - Processing /home/airflow/.local/lib/python3.9/site-packages/airflow/example_dags/example_short_circuit_operator.py took 0.281 seconds
[2024-04-21T19:53:30.317+0000] {processor.py:161} INFO - Started process (PID=219) to work on /home/airflow/.local/lib/python3.9/site-packages/airflow/example_dags/example_short_circuit_operator.py
[2024-04-21T19:53:30.319+0000] {processor.py:830} INFO - Processing file /home/airflow/.local/lib/python3.9/site-packages/airflow/example_dags/example_short_circuit_operator.py for tasks to queue
[2024-04-21T19:53:30.325+0000] {logging_mixin.py:188} INFO - [2024-04-21T19:53:30.324+0000] {dagbag.py:540} INFO - Filling up the DagBag from /home/airflow/.local/lib/python3.9/site-packages/airflow/example_dags/example_short_circuit_operator.py
[2024-04-21T19:53:30.337+0000] {processor.py:840} INFO - DAG(s) 'example_short_circuit_operator' retrieved from /home/airflow/.local/lib/python3.9/site-packages/airflow/example_dags/example_short_circuit_operator.py
[2024-04-21T19:53:30.449+0000] {logging_mixin.py:188} INFO - [2024-04-21T19:53:30.449+0000] {dag.py:3047} INFO - Sync 1 DAGs
[2024-04-21T19:53:30.489+0000] {logging_mixin.py:188} INFO - [2024-04-21T19:53:30.489+0000] {dag.py:3834} INFO - Setting next_dagrun for example_short_circuit_operator to 2024-04-20 00:00:00+00:00, run_after=2024-04-21 00:00:00+00:00
[2024-04-21T19:53:30.543+0000] {processor.py:183} INFO - Processing /home/airflow/.local/lib/python3.9/site-packages/airflow/example_dags/example_short_circuit_operator.py took 0.230 seconds
[2024-04-21T19:54:34.132+0000] {processor.py:161} INFO - Started process (PID=48) to work on /home/airflow/.local/lib/python3.9/site-packages/airflow/example_dags/example_short_circuit_operator.py
[2024-04-21T19:54:34.133+0000] {processor.py:830} INFO - Processing file /home/airflow/.local/lib/python3.9/site-packages/airflow/example_dags/example_short_circuit_operator.py for tasks to queue
[2024-04-21T19:54:34.135+0000] {logging_mixin.py:188} INFO - [2024-04-21T19:54:34.135+0000] {dagbag.py:540} INFO - Filling up the DagBag from /home/airflow/.local/lib/python3.9/site-packages/airflow/example_dags/example_short_circuit_operator.py
[2024-04-21T19:54:34.147+0000] {processor.py:840} INFO - DAG(s) 'example_short_circuit_operator' retrieved from /home/airflow/.local/lib/python3.9/site-packages/airflow/example_dags/example_short_circuit_operator.py
[2024-04-21T19:54:34.220+0000] {logging_mixin.py:188} INFO - [2024-04-21T19:54:34.220+0000] {dag.py:3047} INFO - Sync 1 DAGs
[2024-04-21T19:54:34.250+0000] {logging_mixin.py:188} INFO - [2024-04-21T19:54:34.250+0000] {dag.py:3834} INFO - Setting next_dagrun for example_short_circuit_operator to 2024-04-20 00:00:00+00:00, run_after=2024-04-21 00:00:00+00:00
[2024-04-21T19:54:34.307+0000] {processor.py:183} INFO - Processing /home/airflow/.local/lib/python3.9/site-packages/airflow/example_dags/example_short_circuit_operator.py took 0.178 seconds
[2024-04-21T19:55:19.695+0000] {processor.py:161} INFO - Started process (PID=115) to work on /home/airflow/.local/lib/python3.9/site-packages/airflow/example_dags/example_short_circuit_operator.py
[2024-04-21T19:55:19.697+0000] {processor.py:830} INFO - Processing file /home/airflow/.local/lib/python3.9/site-packages/airflow/example_dags/example_short_circuit_operator.py for tasks to queue
[2024-04-21T19:55:19.701+0000] {logging_mixin.py:188} INFO - [2024-04-21T19:55:19.700+0000] {dagbag.py:540} INFO - Filling up the DagBag from /home/airflow/.local/lib/python3.9/site-packages/airflow/example_dags/example_short_circuit_operator.py
[2024-04-21T19:55:19.728+0000] {processor.py:840} INFO - DAG(s) 'example_short_circuit_operator' retrieved from /home/airflow/.local/lib/python3.9/site-packages/airflow/example_dags/example_short_circuit_operator.py
[2024-04-21T19:55:19.807+0000] {logging_mixin.py:188} INFO - [2024-04-21T19:55:19.807+0000] {dag.py:3047} INFO - Sync 1 DAGs
[2024-04-21T19:55:19.835+0000] {logging_mixin.py:188} INFO - [2024-04-21T19:55:19.835+0000] {dag.py:3834} INFO - Setting next_dagrun for example_short_circuit_operator to 2024-04-20 00:00:00+00:00, run_after=2024-04-21 00:00:00+00:00
[2024-04-21T19:55:19.876+0000] {processor.py:183} INFO - Processing /home/airflow/.local/lib/python3.9/site-packages/airflow/example_dags/example_short_circuit_operator.py took 0.185 seconds
[2024-04-21T19:57:33.864+0000] {processor.py:161} INFO - Started process (PID=189) to work on /home/airflow/.local/lib/python3.9/site-packages/airflow/example_dags/example_short_circuit_operator.py
[2024-04-21T19:57:33.866+0000] {processor.py:830} INFO - Processing file /home/airflow/.local/lib/python3.9/site-packages/airflow/example_dags/example_short_circuit_operator.py for tasks to queue
[2024-04-21T19:57:33.868+0000] {logging_mixin.py:188} INFO - [2024-04-21T19:57:33.868+0000] {dagbag.py:540} INFO - Filling up the DagBag from /home/airflow/.local/lib/python3.9/site-packages/airflow/example_dags/example_short_circuit_operator.py
[2024-04-21T19:57:33.876+0000] {processor.py:840} INFO - DAG(s) 'example_short_circuit_operator' retrieved from /home/airflow/.local/lib/python3.9/site-packages/airflow/example_dags/example_short_circuit_operator.py
[2024-04-21T19:57:33.951+0000] {logging_mixin.py:188} INFO - [2024-04-21T19:57:33.951+0000] {dag.py:3047} INFO - Sync 1 DAGs
[2024-04-21T19:57:33.988+0000] {logging_mixin.py:188} INFO - [2024-04-21T19:57:33.987+0000] {dag.py:3834} INFO - Setting next_dagrun for example_short_circuit_operator to 2024-04-20 00:00:00+00:00, run_after=2024-04-21 00:00:00+00:00
[2024-04-21T19:57:34.036+0000] {processor.py:183} INFO - Processing /home/airflow/.local/lib/python3.9/site-packages/airflow/example_dags/example_short_circuit_operator.py took 0.175 seconds
[2024-04-21T20:03:10.466+0000] {processor.py:161} INFO - Started process (PID=261) to work on /home/airflow/.local/lib/python3.9/site-packages/airflow/example_dags/example_short_circuit_operator.py
[2024-04-21T20:03:10.467+0000] {processor.py:830} INFO - Processing file /home/airflow/.local/lib/python3.9/site-packages/airflow/example_dags/example_short_circuit_operator.py for tasks to queue
[2024-04-21T20:03:10.468+0000] {logging_mixin.py:188} INFO - [2024-04-21T20:03:10.468+0000] {dagbag.py:540} INFO - Filling up the DagBag from /home/airflow/.local/lib/python3.9/site-packages/airflow/example_dags/example_short_circuit_operator.py
[2024-04-21T20:03:10.478+0000] {processor.py:840} INFO - DAG(s) 'example_short_circuit_operator' retrieved from /home/airflow/.local/lib/python3.9/site-packages/airflow/example_dags/example_short_circuit_operator.py
[2024-04-21T20:03:10.555+0000] {logging_mixin.py:188} INFO - [2024-04-21T20:03:10.555+0000] {dag.py:3047} INFO - Sync 1 DAGs
[2024-04-21T20:03:10.582+0000] {logging_mixin.py:188} INFO - [2024-04-21T20:03:10.582+0000] {dag.py:3834} INFO - Setting next_dagrun for example_short_circuit_operator to 2024-04-20 00:00:00+00:00, run_after=2024-04-21 00:00:00+00:00
[2024-04-21T20:03:10.621+0000] {processor.py:183} INFO - Processing /home/airflow/.local/lib/python3.9/site-packages/airflow/example_dags/example_short_circuit_operator.py took 0.159 seconds
[2024-04-21T20:04:18.493+0000] {processor.py:161} INFO - Started process (PID=325) to work on /home/airflow/.local/lib/python3.9/site-packages/airflow/example_dags/example_short_circuit_operator.py
[2024-04-21T20:04:18.495+0000] {processor.py:830} INFO - Processing file /home/airflow/.local/lib/python3.9/site-packages/airflow/example_dags/example_short_circuit_operator.py for tasks to queue
[2024-04-21T20:04:18.497+0000] {logging_mixin.py:188} INFO - [2024-04-21T20:04:18.496+0000] {dagbag.py:540} INFO - Filling up the DagBag from /home/airflow/.local/lib/python3.9/site-packages/airflow/example_dags/example_short_circuit_operator.py
[2024-04-21T20:04:18.533+0000] {processor.py:840} INFO - DAG(s) 'example_short_circuit_operator' retrieved from /home/airflow/.local/lib/python3.9/site-packages/airflow/example_dags/example_short_circuit_operator.py
[2024-04-21T20:04:18.619+0000] {logging_mixin.py:188} INFO - [2024-04-21T20:04:18.619+0000] {dag.py:3047} INFO - Sync 1 DAGs
[2024-04-21T20:04:18.646+0000] {logging_mixin.py:188} INFO - [2024-04-21T20:04:18.646+0000] {dag.py:3834} INFO - Setting next_dagrun for example_short_circuit_operator to 2024-04-20 00:00:00+00:00, run_after=2024-04-21 00:00:00+00:00
[2024-04-21T20:04:18.867+0000] {processor.py:183} INFO - Processing /home/airflow/.local/lib/python3.9/site-packages/airflow/example_dags/example_short_circuit_operator.py took 0.378 seconds
[2024-04-21T20:04:49.252+0000] {processor.py:161} INFO - Started process (PID=384) to work on /home/airflow/.local/lib/python3.9/site-packages/airflow/example_dags/example_short_circuit_operator.py
[2024-04-21T20:04:49.257+0000] {processor.py:830} INFO - Processing file /home/airflow/.local/lib/python3.9/site-packages/airflow/example_dags/example_short_circuit_operator.py for tasks to queue
[2024-04-21T20:04:49.261+0000] {logging_mixin.py:188} INFO - [2024-04-21T20:04:49.260+0000] {dagbag.py:540} INFO - Filling up the DagBag from /home/airflow/.local/lib/python3.9/site-packages/airflow/example_dags/example_short_circuit_operator.py
[2024-04-21T20:04:49.278+0000] {processor.py:840} INFO - DAG(s) 'example_short_circuit_operator' retrieved from /home/airflow/.local/lib/python3.9/site-packages/airflow/example_dags/example_short_circuit_operator.py
[2024-04-21T20:04:49.413+0000] {logging_mixin.py:188} INFO - [2024-04-21T20:04:49.412+0000] {dag.py:3047} INFO - Sync 1 DAGs
[2024-04-21T20:04:49.459+0000] {logging_mixin.py:188} INFO - [2024-04-21T20:04:49.458+0000] {dag.py:3834} INFO - Setting next_dagrun for example_short_circuit_operator to 2024-04-20 00:00:00+00:00, run_after=2024-04-21 00:00:00+00:00
[2024-04-21T20:04:49.517+0000] {processor.py:183} INFO - Processing /home/airflow/.local/lib/python3.9/site-packages/airflow/example_dags/example_short_circuit_operator.py took 0.274 seconds
[2024-04-21T20:05:20.068+0000] {processor.py:161} INFO - Started process (PID=441) to work on /home/airflow/.local/lib/python3.9/site-packages/airflow/example_dags/example_short_circuit_operator.py
[2024-04-21T20:05:20.070+0000] {processor.py:830} INFO - Processing file /home/airflow/.local/lib/python3.9/site-packages/airflow/example_dags/example_short_circuit_operator.py for tasks to queue
[2024-04-21T20:05:20.072+0000] {logging_mixin.py:188} INFO - [2024-04-21T20:05:20.071+0000] {dagbag.py:540} INFO - Filling up the DagBag from /home/airflow/.local/lib/python3.9/site-packages/airflow/example_dags/example_short_circuit_operator.py
[2024-04-21T20:05:20.083+0000] {processor.py:840} INFO - DAG(s) 'example_short_circuit_operator' retrieved from /home/airflow/.local/lib/python3.9/site-packages/airflow/example_dags/example_short_circuit_operator.py
[2024-04-21T20:05:20.185+0000] {logging_mixin.py:188} INFO - [2024-04-21T20:05:20.185+0000] {dag.py:3047} INFO - Sync 1 DAGs
[2024-04-21T20:05:20.216+0000] {logging_mixin.py:188} INFO - [2024-04-21T20:05:20.216+0000] {dag.py:3834} INFO - Setting next_dagrun for example_short_circuit_operator to 2024-04-20 00:00:00+00:00, run_after=2024-04-21 00:00:00+00:00
[2024-04-21T20:05:20.264+0000] {processor.py:183} INFO - Processing /home/airflow/.local/lib/python3.9/site-packages/airflow/example_dags/example_short_circuit_operator.py took 0.200 seconds
[2024-04-21T20:05:50.587+0000] {processor.py:161} INFO - Started process (PID=498) to work on /home/airflow/.local/lib/python3.9/site-packages/airflow/example_dags/example_short_circuit_operator.py
[2024-04-21T20:05:50.589+0000] {processor.py:830} INFO - Processing file /home/airflow/.local/lib/python3.9/site-packages/airflow/example_dags/example_short_circuit_operator.py for tasks to queue
[2024-04-21T20:05:50.591+0000] {logging_mixin.py:188} INFO - [2024-04-21T20:05:50.590+0000] {dagbag.py:540} INFO - Filling up the DagBag from /home/airflow/.local/lib/python3.9/site-packages/airflow/example_dags/example_short_circuit_operator.py
[2024-04-21T20:05:50.601+0000] {processor.py:840} INFO - DAG(s) 'example_short_circuit_operator' retrieved from /home/airflow/.local/lib/python3.9/site-packages/airflow/example_dags/example_short_circuit_operator.py
[2024-04-21T20:05:50.722+0000] {logging_mixin.py:188} INFO - [2024-04-21T20:05:50.722+0000] {dag.py:3047} INFO - Sync 1 DAGs
[2024-04-21T20:05:50.757+0000] {logging_mixin.py:188} INFO - [2024-04-21T20:05:50.757+0000] {dag.py:3834} INFO - Setting next_dagrun for example_short_circuit_operator to 2024-04-20 00:00:00+00:00, run_after=2024-04-21 00:00:00+00:00
[2024-04-21T20:05:50.822+0000] {processor.py:183} INFO - Processing /home/airflow/.local/lib/python3.9/site-packages/airflow/example_dags/example_short_circuit_operator.py took 0.240 seconds
[2024-04-21T20:06:45.245+0000] {processor.py:161} INFO - Started process (PID=562) to work on /home/airflow/.local/lib/python3.9/site-packages/airflow/example_dags/example_short_circuit_operator.py
[2024-04-21T20:06:45.247+0000] {processor.py:830} INFO - Processing file /home/airflow/.local/lib/python3.9/site-packages/airflow/example_dags/example_short_circuit_operator.py for tasks to queue
[2024-04-21T20:06:45.250+0000] {logging_mixin.py:188} INFO - [2024-04-21T20:06:45.249+0000] {dagbag.py:540} INFO - Filling up the DagBag from /home/airflow/.local/lib/python3.9/site-packages/airflow/example_dags/example_short_circuit_operator.py
[2024-04-21T20:06:45.261+0000] {processor.py:840} INFO - DAG(s) 'example_short_circuit_operator' retrieved from /home/airflow/.local/lib/python3.9/site-packages/airflow/example_dags/example_short_circuit_operator.py
[2024-04-21T20:06:45.360+0000] {logging_mixin.py:188} INFO - [2024-04-21T20:06:45.359+0000] {dag.py:3047} INFO - Sync 1 DAGs
[2024-04-21T20:06:45.392+0000] {logging_mixin.py:188} INFO - [2024-04-21T20:06:45.392+0000] {dag.py:3834} INFO - Setting next_dagrun for example_short_circuit_operator to 2024-04-20 00:00:00+00:00, run_after=2024-04-21 00:00:00+00:00
[2024-04-21T20:06:45.435+0000] {processor.py:183} INFO - Processing /home/airflow/.local/lib/python3.9/site-packages/airflow/example_dags/example_short_circuit_operator.py took 0.197 seconds
[2024-04-21T20:07:16.746+0000] {processor.py:161} INFO - Started process (PID=620) to work on /home/airflow/.local/lib/python3.9/site-packages/airflow/example_dags/example_short_circuit_operator.py
[2024-04-21T20:07:16.748+0000] {processor.py:830} INFO - Processing file /home/airflow/.local/lib/python3.9/site-packages/airflow/example_dags/example_short_circuit_operator.py for tasks to queue
[2024-04-21T20:07:16.751+0000] {logging_mixin.py:188} INFO - [2024-04-21T20:07:16.750+0000] {dagbag.py:540} INFO - Filling up the DagBag from /home/airflow/.local/lib/python3.9/site-packages/airflow/example_dags/example_short_circuit_operator.py
[2024-04-21T20:07:16.771+0000] {processor.py:840} INFO - DAG(s) 'example_short_circuit_operator' retrieved from /home/airflow/.local/lib/python3.9/site-packages/airflow/example_dags/example_short_circuit_operator.py
[2024-04-21T20:07:16.929+0000] {logging_mixin.py:188} INFO - [2024-04-21T20:07:16.928+0000] {dag.py:3047} INFO - Sync 1 DAGs
[2024-04-21T20:07:16.983+0000] {logging_mixin.py:188} INFO - [2024-04-21T20:07:16.983+0000] {dag.py:3834} INFO - Setting next_dagrun for example_short_circuit_operator to 2024-04-20 00:00:00+00:00, run_after=2024-04-21 00:00:00+00:00
[2024-04-21T20:07:17.053+0000] {processor.py:183} INFO - Processing /home/airflow/.local/lib/python3.9/site-packages/airflow/example_dags/example_short_circuit_operator.py took 0.314 seconds
[2024-04-21T20:07:47.812+0000] {processor.py:161} INFO - Started process (PID=677) to work on /home/airflow/.local/lib/python3.9/site-packages/airflow/example_dags/example_short_circuit_operator.py
[2024-04-21T20:07:47.814+0000] {processor.py:830} INFO - Processing file /home/airflow/.local/lib/python3.9/site-packages/airflow/example_dags/example_short_circuit_operator.py for tasks to queue
[2024-04-21T20:07:47.816+0000] {logging_mixin.py:188} INFO - [2024-04-21T20:07:47.815+0000] {dagbag.py:540} INFO - Filling up the DagBag from /home/airflow/.local/lib/python3.9/site-packages/airflow/example_dags/example_short_circuit_operator.py
[2024-04-21T20:07:47.828+0000] {processor.py:840} INFO - DAG(s) 'example_short_circuit_operator' retrieved from /home/airflow/.local/lib/python3.9/site-packages/airflow/example_dags/example_short_circuit_operator.py
[2024-04-21T20:07:47.940+0000] {logging_mixin.py:188} INFO - [2024-04-21T20:07:47.940+0000] {dag.py:3047} INFO - Sync 1 DAGs
[2024-04-21T20:07:47.979+0000] {logging_mixin.py:188} INFO - [2024-04-21T20:07:47.979+0000] {dag.py:3834} INFO - Setting next_dagrun for example_short_circuit_operator to 2024-04-20 00:00:00+00:00, run_after=2024-04-21 00:00:00+00:00
[2024-04-21T20:07:48.030+0000] {processor.py:183} INFO - Processing /home/airflow/.local/lib/python3.9/site-packages/airflow/example_dags/example_short_circuit_operator.py took 0.223 seconds
[2024-04-21T20:08:21.399+0000] {processor.py:161} INFO - Started process (PID=733) to work on /home/airflow/.local/lib/python3.9/site-packages/airflow/example_dags/example_short_circuit_operator.py
[2024-04-21T20:08:21.401+0000] {processor.py:830} INFO - Processing file /home/airflow/.local/lib/python3.9/site-packages/airflow/example_dags/example_short_circuit_operator.py for tasks to queue
[2024-04-21T20:08:21.402+0000] {logging_mixin.py:188} INFO - [2024-04-21T20:08:21.402+0000] {dagbag.py:540} INFO - Filling up the DagBag from /home/airflow/.local/lib/python3.9/site-packages/airflow/example_dags/example_short_circuit_operator.py
[2024-04-21T20:08:21.410+0000] {processor.py:840} INFO - DAG(s) 'example_short_circuit_operator' retrieved from /home/airflow/.local/lib/python3.9/site-packages/airflow/example_dags/example_short_circuit_operator.py
[2024-04-21T20:08:21.476+0000] {logging_mixin.py:188} INFO - [2024-04-21T20:08:21.476+0000] {dag.py:3047} INFO - Sync 1 DAGs
[2024-04-21T20:08:21.503+0000] {logging_mixin.py:188} INFO - [2024-04-21T20:08:21.502+0000] {dag.py:3834} INFO - Setting next_dagrun for example_short_circuit_operator to 2024-04-20 00:00:00+00:00, run_after=2024-04-21 00:00:00+00:00
[2024-04-21T20:08:21.548+0000] {processor.py:183} INFO - Processing /home/airflow/.local/lib/python3.9/site-packages/airflow/example_dags/example_short_circuit_operator.py took 0.151 seconds
[2024-04-21T20:10:03.860+0000] {processor.py:161} INFO - Started process (PID=804) to work on /home/airflow/.local/lib/python3.9/site-packages/airflow/example_dags/example_short_circuit_operator.py
[2024-04-21T20:10:03.862+0000] {processor.py:830} INFO - Processing file /home/airflow/.local/lib/python3.9/site-packages/airflow/example_dags/example_short_circuit_operator.py for tasks to queue
[2024-04-21T20:10:03.863+0000] {logging_mixin.py:188} INFO - [2024-04-21T20:10:03.863+0000] {dagbag.py:540} INFO - Filling up the DagBag from /home/airflow/.local/lib/python3.9/site-packages/airflow/example_dags/example_short_circuit_operator.py
[2024-04-21T20:10:03.872+0000] {processor.py:840} INFO - DAG(s) 'example_short_circuit_operator' retrieved from /home/airflow/.local/lib/python3.9/site-packages/airflow/example_dags/example_short_circuit_operator.py
[2024-04-21T20:10:03.933+0000] {logging_mixin.py:188} INFO - [2024-04-21T20:10:03.932+0000] {dag.py:3047} INFO - Sync 1 DAGs
[2024-04-21T20:10:03.958+0000] {logging_mixin.py:188} INFO - [2024-04-21T20:10:03.958+0000] {dag.py:3834} INFO - Setting next_dagrun for example_short_circuit_operator to 2024-04-20 00:00:00+00:00, run_after=2024-04-21 00:00:00+00:00
[2024-04-21T20:10:03.998+0000] {processor.py:183} INFO - Processing /home/airflow/.local/lib/python3.9/site-packages/airflow/example_dags/example_short_circuit_operator.py took 0.141 seconds
[2024-04-21T20:10:34.383+0000] {processor.py:161} INFO - Started process (PID=861) to work on /home/airflow/.local/lib/python3.9/site-packages/airflow/example_dags/example_short_circuit_operator.py
[2024-04-21T20:10:34.385+0000] {processor.py:830} INFO - Processing file /home/airflow/.local/lib/python3.9/site-packages/airflow/example_dags/example_short_circuit_operator.py for tasks to queue
[2024-04-21T20:10:34.386+0000] {logging_mixin.py:188} INFO - [2024-04-21T20:10:34.386+0000] {dagbag.py:540} INFO - Filling up the DagBag from /home/airflow/.local/lib/python3.9/site-packages/airflow/example_dags/example_short_circuit_operator.py
[2024-04-21T20:10:34.394+0000] {processor.py:840} INFO - DAG(s) 'example_short_circuit_operator' retrieved from /home/airflow/.local/lib/python3.9/site-packages/airflow/example_dags/example_short_circuit_operator.py
[2024-04-21T20:10:34.472+0000] {logging_mixin.py:188} INFO - [2024-04-21T20:10:34.471+0000] {dag.py:3047} INFO - Sync 1 DAGs
[2024-04-21T20:10:34.500+0000] {logging_mixin.py:188} INFO - [2024-04-21T20:10:34.500+0000] {dag.py:3834} INFO - Setting next_dagrun for example_short_circuit_operator to 2024-04-20 00:00:00+00:00, run_after=2024-04-21 00:00:00+00:00
[2024-04-21T20:10:34.544+0000] {processor.py:183} INFO - Processing /home/airflow/.local/lib/python3.9/site-packages/airflow/example_dags/example_short_circuit_operator.py took 0.165 seconds
[2024-04-21T20:11:04.952+0000] {processor.py:161} INFO - Started process (PID=920) to work on /home/airflow/.local/lib/python3.9/site-packages/airflow/example_dags/example_short_circuit_operator.py
[2024-04-21T20:11:04.954+0000] {processor.py:830} INFO - Processing file /home/airflow/.local/lib/python3.9/site-packages/airflow/example_dags/example_short_circuit_operator.py for tasks to queue
[2024-04-21T20:11:04.956+0000] {logging_mixin.py:188} INFO - [2024-04-21T20:11:04.955+0000] {dagbag.py:540} INFO - Filling up the DagBag from /home/airflow/.local/lib/python3.9/site-packages/airflow/example_dags/example_short_circuit_operator.py
[2024-04-21T20:11:04.968+0000] {processor.py:840} INFO - DAG(s) 'example_short_circuit_operator' retrieved from /home/airflow/.local/lib/python3.9/site-packages/airflow/example_dags/example_short_circuit_operator.py
[2024-04-21T20:11:05.034+0000] {logging_mixin.py:188} INFO - [2024-04-21T20:11:05.034+0000] {dag.py:3047} INFO - Sync 1 DAGs
[2024-04-21T20:11:05.062+0000] {logging_mixin.py:188} INFO - [2024-04-21T20:11:05.062+0000] {dag.py:3834} INFO - Setting next_dagrun for example_short_circuit_operator to 2024-04-20 00:00:00+00:00, run_after=2024-04-21 00:00:00+00:00
[2024-04-21T20:11:05.100+0000] {processor.py:183} INFO - Processing /home/airflow/.local/lib/python3.9/site-packages/airflow/example_dags/example_short_circuit_operator.py took 0.156 seconds
[2024-04-21T20:14:17.232+0000] {processor.py:161} INFO - Started process (PID=48) to work on /home/airflow/.local/lib/python3.9/site-packages/airflow/example_dags/example_short_circuit_operator.py
[2024-04-21T20:14:17.236+0000] {processor.py:830} INFO - Processing file /home/airflow/.local/lib/python3.9/site-packages/airflow/example_dags/example_short_circuit_operator.py for tasks to queue
[2024-04-21T20:14:17.239+0000] {logging_mixin.py:188} INFO - [2024-04-21T20:14:17.238+0000] {dagbag.py:540} INFO - Filling up the DagBag from /home/airflow/.local/lib/python3.9/site-packages/airflow/example_dags/example_short_circuit_operator.py
[2024-04-21T20:14:17.258+0000] {processor.py:840} INFO - DAG(s) 'example_short_circuit_operator' retrieved from /home/airflow/.local/lib/python3.9/site-packages/airflow/example_dags/example_short_circuit_operator.py
[2024-04-21T20:14:17.350+0000] {logging_mixin.py:188} INFO - [2024-04-21T20:14:17.350+0000] {dag.py:3047} INFO - Sync 1 DAGs
[2024-04-21T20:14:17.437+0000] {logging_mixin.py:188} INFO - [2024-04-21T20:14:17.437+0000] {dag.py:3834} INFO - Setting next_dagrun for example_short_circuit_operator to 2024-04-20 00:00:00+00:00, run_after=2024-04-21 00:00:00+00:00
[2024-04-21T20:14:17.517+0000] {processor.py:183} INFO - Processing /home/airflow/.local/lib/python3.9/site-packages/airflow/example_dags/example_short_circuit_operator.py took 0.290 seconds
[2024-04-21T20:14:48.120+0000] {processor.py:161} INFO - Started process (PID=106) to work on /home/airflow/.local/lib/python3.9/site-packages/airflow/example_dags/example_short_circuit_operator.py
[2024-04-21T20:14:48.121+0000] {processor.py:830} INFO - Processing file /home/airflow/.local/lib/python3.9/site-packages/airflow/example_dags/example_short_circuit_operator.py for tasks to queue
[2024-04-21T20:14:48.123+0000] {logging_mixin.py:188} INFO - [2024-04-21T20:14:48.123+0000] {dagbag.py:540} INFO - Filling up the DagBag from /home/airflow/.local/lib/python3.9/site-packages/airflow/example_dags/example_short_circuit_operator.py
[2024-04-21T20:14:48.131+0000] {processor.py:840} INFO - DAG(s) 'example_short_circuit_operator' retrieved from /home/airflow/.local/lib/python3.9/site-packages/airflow/example_dags/example_short_circuit_operator.py
[2024-04-21T20:14:48.334+0000] {logging_mixin.py:188} INFO - [2024-04-21T20:14:48.333+0000] {dag.py:3047} INFO - Sync 1 DAGs
[2024-04-21T20:14:48.444+0000] {logging_mixin.py:188} INFO - [2024-04-21T20:14:48.443+0000] {dag.py:3834} INFO - Setting next_dagrun for example_short_circuit_operator to 2024-04-20 00:00:00+00:00, run_after=2024-04-21 00:00:00+00:00
[2024-04-21T20:14:48.580+0000] {processor.py:183} INFO - Processing /home/airflow/.local/lib/python3.9/site-packages/airflow/example_dags/example_short_circuit_operator.py took 0.463 seconds
[2024-04-21T20:15:19.427+0000] {processor.py:161} INFO - Started process (PID=163) to work on /home/airflow/.local/lib/python3.9/site-packages/airflow/example_dags/example_short_circuit_operator.py
[2024-04-21T20:15:19.428+0000] {processor.py:830} INFO - Processing file /home/airflow/.local/lib/python3.9/site-packages/airflow/example_dags/example_short_circuit_operator.py for tasks to queue
[2024-04-21T20:15:19.430+0000] {logging_mixin.py:188} INFO - [2024-04-21T20:15:19.430+0000] {dagbag.py:540} INFO - Filling up the DagBag from /home/airflow/.local/lib/python3.9/site-packages/airflow/example_dags/example_short_circuit_operator.py
[2024-04-21T20:15:19.438+0000] {processor.py:840} INFO - DAG(s) 'example_short_circuit_operator' retrieved from /home/airflow/.local/lib/python3.9/site-packages/airflow/example_dags/example_short_circuit_operator.py
[2024-04-21T20:15:19.502+0000] {logging_mixin.py:188} INFO - [2024-04-21T20:15:19.502+0000] {dag.py:3047} INFO - Sync 1 DAGs
[2024-04-21T20:15:19.530+0000] {logging_mixin.py:188} INFO - [2024-04-21T20:15:19.530+0000] {dag.py:3834} INFO - Setting next_dagrun for example_short_circuit_operator to 2024-04-20 00:00:00+00:00, run_after=2024-04-21 00:00:00+00:00
[2024-04-21T20:15:19.567+0000] {processor.py:183} INFO - Processing /home/airflow/.local/lib/python3.9/site-packages/airflow/example_dags/example_short_circuit_operator.py took 0.144 seconds
[2024-04-21T20:16:15.939+0000] {processor.py:161} INFO - Started process (PID=48) to work on /home/airflow/.local/lib/python3.9/site-packages/airflow/example_dags/example_short_circuit_operator.py
[2024-04-21T20:16:15.940+0000] {processor.py:830} INFO - Processing file /home/airflow/.local/lib/python3.9/site-packages/airflow/example_dags/example_short_circuit_operator.py for tasks to queue
[2024-04-21T20:16:15.942+0000] {logging_mixin.py:188} INFO - [2024-04-21T20:16:15.942+0000] {dagbag.py:540} INFO - Filling up the DagBag from /home/airflow/.local/lib/python3.9/site-packages/airflow/example_dags/example_short_circuit_operator.py
[2024-04-21T20:16:15.955+0000] {processor.py:840} INFO - DAG(s) 'example_short_circuit_operator' retrieved from /home/airflow/.local/lib/python3.9/site-packages/airflow/example_dags/example_short_circuit_operator.py
[2024-04-21T20:16:16.026+0000] {logging_mixin.py:188} INFO - [2024-04-21T20:16:16.025+0000] {dag.py:3047} INFO - Sync 1 DAGs
[2024-04-21T20:16:16.052+0000] {logging_mixin.py:188} INFO - [2024-04-21T20:16:16.052+0000] {dag.py:3834} INFO - Setting next_dagrun for example_short_circuit_operator to 2024-04-20 00:00:00+00:00, run_after=2024-04-21 00:00:00+00:00
[2024-04-21T20:16:16.088+0000] {processor.py:183} INFO - Processing /home/airflow/.local/lib/python3.9/site-packages/airflow/example_dags/example_short_circuit_operator.py took 0.154 seconds
[2024-04-21T20:16:46.911+0000] {processor.py:161} INFO - Started process (PID=105) to work on /home/airflow/.local/lib/python3.9/site-packages/airflow/example_dags/example_short_circuit_operator.py
[2024-04-21T20:16:46.912+0000] {processor.py:830} INFO - Processing file /home/airflow/.local/lib/python3.9/site-packages/airflow/example_dags/example_short_circuit_operator.py for tasks to queue
[2024-04-21T20:16:46.914+0000] {logging_mixin.py:188} INFO - [2024-04-21T20:16:46.914+0000] {dagbag.py:540} INFO - Filling up the DagBag from /home/airflow/.local/lib/python3.9/site-packages/airflow/example_dags/example_short_circuit_operator.py
[2024-04-21T20:16:46.924+0000] {processor.py:840} INFO - DAG(s) 'example_short_circuit_operator' retrieved from /home/airflow/.local/lib/python3.9/site-packages/airflow/example_dags/example_short_circuit_operator.py
[2024-04-21T20:16:46.981+0000] {logging_mixin.py:188} INFO - [2024-04-21T20:16:46.980+0000] {dag.py:3047} INFO - Sync 1 DAGs
[2024-04-21T20:16:47.005+0000] {logging_mixin.py:188} INFO - [2024-04-21T20:16:47.005+0000] {dag.py:3834} INFO - Setting next_dagrun for example_short_circuit_operator to 2024-04-20 00:00:00+00:00, run_after=2024-04-21 00:00:00+00:00
[2024-04-21T20:16:47.038+0000] {processor.py:183} INFO - Processing /home/airflow/.local/lib/python3.9/site-packages/airflow/example_dags/example_short_circuit_operator.py took 0.130 seconds
[2024-04-21T20:17:17.617+0000] {processor.py:161} INFO - Started process (PID=162) to work on /home/airflow/.local/lib/python3.9/site-packages/airflow/example_dags/example_short_circuit_operator.py
[2024-04-21T20:17:17.619+0000] {processor.py:830} INFO - Processing file /home/airflow/.local/lib/python3.9/site-packages/airflow/example_dags/example_short_circuit_operator.py for tasks to queue
[2024-04-21T20:17:17.622+0000] {logging_mixin.py:188} INFO - [2024-04-21T20:17:17.621+0000] {dagbag.py:540} INFO - Filling up the DagBag from /home/airflow/.local/lib/python3.9/site-packages/airflow/example_dags/example_short_circuit_operator.py
[2024-04-21T20:17:17.630+0000] {processor.py:840} INFO - DAG(s) 'example_short_circuit_operator' retrieved from /home/airflow/.local/lib/python3.9/site-packages/airflow/example_dags/example_short_circuit_operator.py
[2024-04-21T20:17:17.704+0000] {logging_mixin.py:188} INFO - [2024-04-21T20:17:17.703+0000] {dag.py:3047} INFO - Sync 1 DAGs
[2024-04-21T20:17:17.738+0000] {logging_mixin.py:188} INFO - [2024-04-21T20:17:17.737+0000] {dag.py:3834} INFO - Setting next_dagrun for example_short_circuit_operator to 2024-04-20 00:00:00+00:00, run_after=2024-04-21 00:00:00+00:00
[2024-04-21T20:17:17.783+0000] {processor.py:183} INFO - Processing /home/airflow/.local/lib/python3.9/site-packages/airflow/example_dags/example_short_circuit_operator.py took 0.169 seconds
[2024-04-21T20:17:48.124+0000] {processor.py:161} INFO - Started process (PID=219) to work on /home/airflow/.local/lib/python3.9/site-packages/airflow/example_dags/example_short_circuit_operator.py
[2024-04-21T20:17:48.126+0000] {processor.py:830} INFO - Processing file /home/airflow/.local/lib/python3.9/site-packages/airflow/example_dags/example_short_circuit_operator.py for tasks to queue
[2024-04-21T20:17:48.128+0000] {logging_mixin.py:188} INFO - [2024-04-21T20:17:48.127+0000] {dagbag.py:540} INFO - Filling up the DagBag from /home/airflow/.local/lib/python3.9/site-packages/airflow/example_dags/example_short_circuit_operator.py
[2024-04-21T20:17:48.135+0000] {processor.py:840} INFO - DAG(s) 'example_short_circuit_operator' retrieved from /home/airflow/.local/lib/python3.9/site-packages/airflow/example_dags/example_short_circuit_operator.py
[2024-04-21T20:17:48.193+0000] {logging_mixin.py:188} INFO - [2024-04-21T20:17:48.192+0000] {dag.py:3047} INFO - Sync 1 DAGs
[2024-04-21T20:17:48.216+0000] {logging_mixin.py:188} INFO - [2024-04-21T20:17:48.216+0000] {dag.py:3834} INFO - Setting next_dagrun for example_short_circuit_operator to 2024-04-20 00:00:00+00:00, run_after=2024-04-21 00:00:00+00:00
[2024-04-21T20:17:48.253+0000] {processor.py:183} INFO - Processing /home/airflow/.local/lib/python3.9/site-packages/airflow/example_dags/example_short_circuit_operator.py took 0.132 seconds
[2024-04-21T20:18:18.860+0000] {processor.py:161} INFO - Started process (PID=274) to work on /home/airflow/.local/lib/python3.9/site-packages/airflow/example_dags/example_short_circuit_operator.py
[2024-04-21T20:18:18.862+0000] {processor.py:830} INFO - Processing file /home/airflow/.local/lib/python3.9/site-packages/airflow/example_dags/example_short_circuit_operator.py for tasks to queue
[2024-04-21T20:18:18.865+0000] {logging_mixin.py:188} INFO - [2024-04-21T20:18:18.864+0000] {dagbag.py:540} INFO - Filling up the DagBag from /home/airflow/.local/lib/python3.9/site-packages/airflow/example_dags/example_short_circuit_operator.py
[2024-04-21T20:18:18.873+0000] {processor.py:840} INFO - DAG(s) 'example_short_circuit_operator' retrieved from /home/airflow/.local/lib/python3.9/site-packages/airflow/example_dags/example_short_circuit_operator.py
[2024-04-21T20:18:18.936+0000] {logging_mixin.py:188} INFO - [2024-04-21T20:18:18.935+0000] {dag.py:3047} INFO - Sync 1 DAGs
[2024-04-21T20:18:18.964+0000] {logging_mixin.py:188} INFO - [2024-04-21T20:18:18.964+0000] {dag.py:3834} INFO - Setting next_dagrun for example_short_circuit_operator to 2024-04-20 00:00:00+00:00, run_after=2024-04-21 00:00:00+00:00
[2024-04-21T20:18:19.004+0000] {processor.py:183} INFO - Processing /home/airflow/.local/lib/python3.9/site-packages/airflow/example_dags/example_short_circuit_operator.py took 0.147 seconds
[2024-04-21T20:18:49.303+0000] {processor.py:161} INFO - Started process (PID=331) to work on /home/airflow/.local/lib/python3.9/site-packages/airflow/example_dags/example_short_circuit_operator.py
[2024-04-21T20:18:49.305+0000] {processor.py:830} INFO - Processing file /home/airflow/.local/lib/python3.9/site-packages/airflow/example_dags/example_short_circuit_operator.py for tasks to queue
[2024-04-21T20:18:49.308+0000] {logging_mixin.py:188} INFO - [2024-04-21T20:18:49.307+0000] {dagbag.py:540} INFO - Filling up the DagBag from /home/airflow/.local/lib/python3.9/site-packages/airflow/example_dags/example_short_circuit_operator.py
[2024-04-21T20:18:49.316+0000] {processor.py:840} INFO - DAG(s) 'example_short_circuit_operator' retrieved from /home/airflow/.local/lib/python3.9/site-packages/airflow/example_dags/example_short_circuit_operator.py
[2024-04-21T20:18:49.381+0000] {logging_mixin.py:188} INFO - [2024-04-21T20:18:49.381+0000] {dag.py:3047} INFO - Sync 1 DAGs
[2024-04-21T20:18:49.406+0000] {logging_mixin.py:188} INFO - [2024-04-21T20:18:49.406+0000] {dag.py:3834} INFO - Setting next_dagrun for example_short_circuit_operator to 2024-04-20 00:00:00+00:00, run_after=2024-04-21 00:00:00+00:00
[2024-04-21T20:18:49.440+0000] {processor.py:183} INFO - Processing /home/airflow/.local/lib/python3.9/site-packages/airflow/example_dags/example_short_circuit_operator.py took 0.140 seconds
[2024-04-21T20:32:47.089+0000] {processor.py:161} INFO - Started process (PID=48) to work on /home/airflow/.local/lib/python3.9/site-packages/airflow/example_dags/example_short_circuit_operator.py
[2024-04-21T20:32:47.090+0000] {processor.py:830} INFO - Processing file /home/airflow/.local/lib/python3.9/site-packages/airflow/example_dags/example_short_circuit_operator.py for tasks to queue
[2024-04-21T20:32:47.099+0000] {logging_mixin.py:188} INFO - [2024-04-21T20:32:47.095+0000] {dagbag.py:540} INFO - Filling up the DagBag from /home/airflow/.local/lib/python3.9/site-packages/airflow/example_dags/example_short_circuit_operator.py
[2024-04-21T20:32:47.206+0000] {processor.py:840} INFO - DAG(s) 'example_short_circuit_operator' retrieved from /home/airflow/.local/lib/python3.9/site-packages/airflow/example_dags/example_short_circuit_operator.py
[2024-04-21T20:32:47.303+0000] {logging_mixin.py:188} INFO - [2024-04-21T20:32:47.302+0000] {dag.py:3047} INFO - Sync 1 DAGs
[2024-04-21T20:32:47.476+0000] {logging_mixin.py:188} INFO - [2024-04-21T20:32:47.476+0000] {dag.py:3834} INFO - Setting next_dagrun for example_short_circuit_operator to 2024-04-20 00:00:00+00:00, run_after=2024-04-21 00:00:00+00:00
[2024-04-21T20:32:47.542+0000] {processor.py:183} INFO - Processing /home/airflow/.local/lib/python3.9/site-packages/airflow/example_dags/example_short_circuit_operator.py took 0.457 seconds
[2024-04-21T20:33:21.700+0000] {processor.py:161} INFO - Started process (PID=48) to work on /home/airflow/.local/lib/python3.9/site-packages/airflow/example_dags/example_short_circuit_operator.py
[2024-04-21T20:33:21.703+0000] {processor.py:830} INFO - Processing file /home/airflow/.local/lib/python3.9/site-packages/airflow/example_dags/example_short_circuit_operator.py for tasks to queue
[2024-04-21T20:33:21.706+0000] {logging_mixin.py:188} INFO - [2024-04-21T20:33:21.706+0000] {dagbag.py:540} INFO - Filling up the DagBag from /home/airflow/.local/lib/python3.9/site-packages/airflow/example_dags/example_short_circuit_operator.py
[2024-04-21T20:33:21.715+0000] {processor.py:840} INFO - DAG(s) 'example_short_circuit_operator' retrieved from /home/airflow/.local/lib/python3.9/site-packages/airflow/example_dags/example_short_circuit_operator.py
[2024-04-21T20:33:21.871+0000] {logging_mixin.py:188} INFO - [2024-04-21T20:33:21.870+0000] {dag.py:3047} INFO - Sync 1 DAGs
[2024-04-21T20:33:21.895+0000] {logging_mixin.py:188} INFO - [2024-04-21T20:33:21.895+0000] {dag.py:3834} INFO - Setting next_dagrun for example_short_circuit_operator to 2024-04-20 00:00:00+00:00, run_after=2024-04-21 00:00:00+00:00
[2024-04-21T20:33:21.930+0000] {processor.py:183} INFO - Processing /home/airflow/.local/lib/python3.9/site-packages/airflow/example_dags/example_short_circuit_operator.py took 0.235 seconds
[2024-04-21T20:33:52.249+0000] {processor.py:161} INFO - Started process (PID=105) to work on /home/airflow/.local/lib/python3.9/site-packages/airflow/example_dags/example_short_circuit_operator.py
[2024-04-21T20:33:52.250+0000] {processor.py:830} INFO - Processing file /home/airflow/.local/lib/python3.9/site-packages/airflow/example_dags/example_short_circuit_operator.py for tasks to queue
[2024-04-21T20:33:52.252+0000] {logging_mixin.py:188} INFO - [2024-04-21T20:33:52.252+0000] {dagbag.py:540} INFO - Filling up the DagBag from /home/airflow/.local/lib/python3.9/site-packages/airflow/example_dags/example_short_circuit_operator.py
[2024-04-21T20:33:52.260+0000] {processor.py:840} INFO - DAG(s) 'example_short_circuit_operator' retrieved from /home/airflow/.local/lib/python3.9/site-packages/airflow/example_dags/example_short_circuit_operator.py
[2024-04-21T20:33:52.324+0000] {logging_mixin.py:188} INFO - [2024-04-21T20:33:52.323+0000] {dag.py:3047} INFO - Sync 1 DAGs
[2024-04-21T20:33:52.349+0000] {logging_mixin.py:188} INFO - [2024-04-21T20:33:52.349+0000] {dag.py:3834} INFO - Setting next_dagrun for example_short_circuit_operator to 2024-04-20 00:00:00+00:00, run_after=2024-04-21 00:00:00+00:00
[2024-04-21T20:33:52.382+0000] {processor.py:183} INFO - Processing /home/airflow/.local/lib/python3.9/site-packages/airflow/example_dags/example_short_circuit_operator.py took 0.136 seconds
[2024-04-21T20:34:29.557+0000] {processor.py:161} INFO - Started process (PID=48) to work on /home/airflow/.local/lib/python3.9/site-packages/airflow/example_dags/example_short_circuit_operator.py
[2024-04-21T20:34:29.559+0000] {processor.py:830} INFO - Processing file /home/airflow/.local/lib/python3.9/site-packages/airflow/example_dags/example_short_circuit_operator.py for tasks to queue
[2024-04-21T20:34:29.561+0000] {logging_mixin.py:188} INFO - [2024-04-21T20:34:29.561+0000] {dagbag.py:540} INFO - Filling up the DagBag from /home/airflow/.local/lib/python3.9/site-packages/airflow/example_dags/example_short_circuit_operator.py
[2024-04-21T20:34:29.571+0000] {processor.py:840} INFO - DAG(s) 'example_short_circuit_operator' retrieved from /home/airflow/.local/lib/python3.9/site-packages/airflow/example_dags/example_short_circuit_operator.py
[2024-04-21T20:34:29.638+0000] {logging_mixin.py:188} INFO - [2024-04-21T20:34:29.637+0000] {dag.py:3047} INFO - Sync 1 DAGs
[2024-04-21T20:34:29.668+0000] {logging_mixin.py:188} INFO - [2024-04-21T20:34:29.668+0000] {dag.py:3834} INFO - Setting next_dagrun for example_short_circuit_operator to 2024-04-20 00:00:00+00:00, run_after=2024-04-21 00:00:00+00:00
[2024-04-21T20:34:29.706+0000] {processor.py:183} INFO - Processing /home/airflow/.local/lib/python3.9/site-packages/airflow/example_dags/example_short_circuit_operator.py took 0.152 seconds
[2024-04-21T20:35:00.834+0000] {processor.py:161} INFO - Started process (PID=105) to work on /home/airflow/.local/lib/python3.9/site-packages/airflow/example_dags/example_short_circuit_operator.py
[2024-04-21T20:35:00.835+0000] {processor.py:830} INFO - Processing file /home/airflow/.local/lib/python3.9/site-packages/airflow/example_dags/example_short_circuit_operator.py for tasks to queue
[2024-04-21T20:35:00.838+0000] {logging_mixin.py:188} INFO - [2024-04-21T20:35:00.837+0000] {dagbag.py:540} INFO - Filling up the DagBag from /home/airflow/.local/lib/python3.9/site-packages/airflow/example_dags/example_short_circuit_operator.py
[2024-04-21T20:35:00.845+0000] {processor.py:840} INFO - DAG(s) 'example_short_circuit_operator' retrieved from /home/airflow/.local/lib/python3.9/site-packages/airflow/example_dags/example_short_circuit_operator.py
[2024-04-21T20:35:00.935+0000] {logging_mixin.py:188} INFO - [2024-04-21T20:35:00.935+0000] {dag.py:3047} INFO - Sync 1 DAGs
[2024-04-21T20:35:00.978+0000] {logging_mixin.py:188} INFO - [2024-04-21T20:35:00.978+0000] {dag.py:3834} INFO - Setting next_dagrun for example_short_circuit_operator to 2024-04-20 00:00:00+00:00, run_after=2024-04-21 00:00:00+00:00
[2024-04-21T20:35:01.047+0000] {processor.py:183} INFO - Processing /home/airflow/.local/lib/python3.9/site-packages/airflow/example_dags/example_short_circuit_operator.py took 0.216 seconds
[2024-04-21T20:35:31.886+0000] {processor.py:161} INFO - Started process (PID=162) to work on /home/airflow/.local/lib/python3.9/site-packages/airflow/example_dags/example_short_circuit_operator.py
[2024-04-21T20:35:31.888+0000] {processor.py:830} INFO - Processing file /home/airflow/.local/lib/python3.9/site-packages/airflow/example_dags/example_short_circuit_operator.py for tasks to queue
[2024-04-21T20:35:31.890+0000] {logging_mixin.py:188} INFO - [2024-04-21T20:35:31.889+0000] {dagbag.py:540} INFO - Filling up the DagBag from /home/airflow/.local/lib/python3.9/site-packages/airflow/example_dags/example_short_circuit_operator.py
[2024-04-21T20:35:31.897+0000] {processor.py:840} INFO - DAG(s) 'example_short_circuit_operator' retrieved from /home/airflow/.local/lib/python3.9/site-packages/airflow/example_dags/example_short_circuit_operator.py
[2024-04-21T20:35:31.953+0000] {logging_mixin.py:188} INFO - [2024-04-21T20:35:31.953+0000] {dag.py:3047} INFO - Sync 1 DAGs
[2024-04-21T20:35:31.977+0000] {logging_mixin.py:188} INFO - [2024-04-21T20:35:31.976+0000] {dag.py:3834} INFO - Setting next_dagrun for example_short_circuit_operator to 2024-04-20 00:00:00+00:00, run_after=2024-04-21 00:00:00+00:00
[2024-04-21T20:35:32.007+0000] {processor.py:183} INFO - Processing /home/airflow/.local/lib/python3.9/site-packages/airflow/example_dags/example_short_circuit_operator.py took 0.124 seconds
[2024-04-21T20:36:02.994+0000] {processor.py:161} INFO - Started process (PID=219) to work on /home/airflow/.local/lib/python3.9/site-packages/airflow/example_dags/example_short_circuit_operator.py
[2024-04-21T20:36:02.995+0000] {processor.py:830} INFO - Processing file /home/airflow/.local/lib/python3.9/site-packages/airflow/example_dags/example_short_circuit_operator.py for tasks to queue
[2024-04-21T20:36:02.997+0000] {logging_mixin.py:188} INFO - [2024-04-21T20:36:02.997+0000] {dagbag.py:540} INFO - Filling up the DagBag from /home/airflow/.local/lib/python3.9/site-packages/airflow/example_dags/example_short_circuit_operator.py
[2024-04-21T20:36:03.005+0000] {processor.py:840} INFO - DAG(s) 'example_short_circuit_operator' retrieved from /home/airflow/.local/lib/python3.9/site-packages/airflow/example_dags/example_short_circuit_operator.py
[2024-04-21T20:36:03.067+0000] {logging_mixin.py:188} INFO - [2024-04-21T20:36:03.067+0000] {dag.py:3047} INFO - Sync 1 DAGs
[2024-04-21T20:36:03.091+0000] {logging_mixin.py:188} INFO - [2024-04-21T20:36:03.091+0000] {dag.py:3834} INFO - Setting next_dagrun for example_short_circuit_operator to 2024-04-20 00:00:00+00:00, run_after=2024-04-21 00:00:00+00:00
[2024-04-21T20:36:03.125+0000] {processor.py:183} INFO - Processing /home/airflow/.local/lib/python3.9/site-packages/airflow/example_dags/example_short_circuit_operator.py took 0.134 seconds
[2024-04-21T20:36:33.538+0000] {processor.py:161} INFO - Started process (PID=276) to work on /home/airflow/.local/lib/python3.9/site-packages/airflow/example_dags/example_short_circuit_operator.py
[2024-04-21T20:36:33.539+0000] {processor.py:830} INFO - Processing file /home/airflow/.local/lib/python3.9/site-packages/airflow/example_dags/example_short_circuit_operator.py for tasks to queue
[2024-04-21T20:36:33.542+0000] {logging_mixin.py:188} INFO - [2024-04-21T20:36:33.542+0000] {dagbag.py:540} INFO - Filling up the DagBag from /home/airflow/.local/lib/python3.9/site-packages/airflow/example_dags/example_short_circuit_operator.py
[2024-04-21T20:36:33.552+0000] {processor.py:840} INFO - DAG(s) 'example_short_circuit_operator' retrieved from /home/airflow/.local/lib/python3.9/site-packages/airflow/example_dags/example_short_circuit_operator.py
[2024-04-21T20:36:33.628+0000] {logging_mixin.py:188} INFO - [2024-04-21T20:36:33.627+0000] {dag.py:3047} INFO - Sync 1 DAGs
[2024-04-21T20:36:33.659+0000] {logging_mixin.py:188} INFO - [2024-04-21T20:36:33.658+0000] {dag.py:3834} INFO - Setting next_dagrun for example_short_circuit_operator to 2024-04-20 00:00:00+00:00, run_after=2024-04-21 00:00:00+00:00
[2024-04-21T20:36:33.701+0000] {processor.py:183} INFO - Processing /home/airflow/.local/lib/python3.9/site-packages/airflow/example_dags/example_short_circuit_operator.py took 0.167 seconds
[2024-04-21T20:37:03.760+0000] {processor.py:161} INFO - Started process (PID=331) to work on /home/airflow/.local/lib/python3.9/site-packages/airflow/example_dags/example_short_circuit_operator.py
[2024-04-21T20:37:03.762+0000] {processor.py:830} INFO - Processing file /home/airflow/.local/lib/python3.9/site-packages/airflow/example_dags/example_short_circuit_operator.py for tasks to queue
[2024-04-21T20:37:03.764+0000] {logging_mixin.py:188} INFO - [2024-04-21T20:37:03.763+0000] {dagbag.py:540} INFO - Filling up the DagBag from /home/airflow/.local/lib/python3.9/site-packages/airflow/example_dags/example_short_circuit_operator.py
[2024-04-21T20:37:03.772+0000] {processor.py:840} INFO - DAG(s) 'example_short_circuit_operator' retrieved from /home/airflow/.local/lib/python3.9/site-packages/airflow/example_dags/example_short_circuit_operator.py
[2024-04-21T20:37:03.826+0000] {logging_mixin.py:188} INFO - [2024-04-21T20:37:03.826+0000] {dag.py:3047} INFO - Sync 1 DAGs
[2024-04-21T20:37:03.848+0000] {logging_mixin.py:188} INFO - [2024-04-21T20:37:03.848+0000] {dag.py:3834} INFO - Setting next_dagrun for example_short_circuit_operator to 2024-04-20 00:00:00+00:00, run_after=2024-04-21 00:00:00+00:00
[2024-04-21T20:37:03.878+0000] {processor.py:183} INFO - Processing /home/airflow/.local/lib/python3.9/site-packages/airflow/example_dags/example_short_circuit_operator.py took 0.120 seconds
[2024-04-21T20:37:34.208+0000] {processor.py:161} INFO - Started process (PID=388) to work on /home/airflow/.local/lib/python3.9/site-packages/airflow/example_dags/example_short_circuit_operator.py
[2024-04-21T20:37:34.210+0000] {processor.py:830} INFO - Processing file /home/airflow/.local/lib/python3.9/site-packages/airflow/example_dags/example_short_circuit_operator.py for tasks to queue
[2024-04-21T20:37:34.213+0000] {logging_mixin.py:188} INFO - [2024-04-21T20:37:34.212+0000] {dagbag.py:540} INFO - Filling up the DagBag from /home/airflow/.local/lib/python3.9/site-packages/airflow/example_dags/example_short_circuit_operator.py
[2024-04-21T20:37:34.221+0000] {processor.py:840} INFO - DAG(s) 'example_short_circuit_operator' retrieved from /home/airflow/.local/lib/python3.9/site-packages/airflow/example_dags/example_short_circuit_operator.py
[2024-04-21T20:37:34.283+0000] {logging_mixin.py:188} INFO - [2024-04-21T20:37:34.283+0000] {dag.py:3047} INFO - Sync 1 DAGs
[2024-04-21T20:37:34.307+0000] {logging_mixin.py:188} INFO - [2024-04-21T20:37:34.307+0000] {dag.py:3834} INFO - Setting next_dagrun for example_short_circuit_operator to 2024-04-20 00:00:00+00:00, run_after=2024-04-21 00:00:00+00:00
[2024-04-21T20:37:34.341+0000] {processor.py:183} INFO - Processing /home/airflow/.local/lib/python3.9/site-packages/airflow/example_dags/example_short_circuit_operator.py took 0.135 seconds
[2024-04-21T20:38:05.207+0000] {processor.py:161} INFO - Started process (PID=445) to work on /home/airflow/.local/lib/python3.9/site-packages/airflow/example_dags/example_short_circuit_operator.py
[2024-04-21T20:38:05.209+0000] {processor.py:830} INFO - Processing file /home/airflow/.local/lib/python3.9/site-packages/airflow/example_dags/example_short_circuit_operator.py for tasks to queue
[2024-04-21T20:38:05.211+0000] {logging_mixin.py:188} INFO - [2024-04-21T20:38:05.211+0000] {dagbag.py:540} INFO - Filling up the DagBag from /home/airflow/.local/lib/python3.9/site-packages/airflow/example_dags/example_short_circuit_operator.py
[2024-04-21T20:38:05.221+0000] {processor.py:840} INFO - DAG(s) 'example_short_circuit_operator' retrieved from /home/airflow/.local/lib/python3.9/site-packages/airflow/example_dags/example_short_circuit_operator.py
[2024-04-21T20:38:05.301+0000] {logging_mixin.py:188} INFO - [2024-04-21T20:38:05.300+0000] {dag.py:3047} INFO - Sync 1 DAGs
[2024-04-21T20:38:05.327+0000] {logging_mixin.py:188} INFO - [2024-04-21T20:38:05.327+0000] {dag.py:3834} INFO - Setting next_dagrun for example_short_circuit_operator to 2024-04-20 00:00:00+00:00, run_after=2024-04-21 00:00:00+00:00
[2024-04-21T20:38:05.359+0000] {processor.py:183} INFO - Processing /home/airflow/.local/lib/python3.9/site-packages/airflow/example_dags/example_short_circuit_operator.py took 0.155 seconds
[2024-04-21T20:38:36.229+0000] {processor.py:161} INFO - Started process (PID=502) to work on /home/airflow/.local/lib/python3.9/site-packages/airflow/example_dags/example_short_circuit_operator.py
[2024-04-21T20:38:36.231+0000] {processor.py:830} INFO - Processing file /home/airflow/.local/lib/python3.9/site-packages/airflow/example_dags/example_short_circuit_operator.py for tasks to queue
[2024-04-21T20:38:36.235+0000] {logging_mixin.py:188} INFO - [2024-04-21T20:38:36.234+0000] {dagbag.py:540} INFO - Filling up the DagBag from /home/airflow/.local/lib/python3.9/site-packages/airflow/example_dags/example_short_circuit_operator.py
[2024-04-21T20:38:36.245+0000] {processor.py:840} INFO - DAG(s) 'example_short_circuit_operator' retrieved from /home/airflow/.local/lib/python3.9/site-packages/airflow/example_dags/example_short_circuit_operator.py
[2024-04-21T20:38:36.379+0000] {logging_mixin.py:188} INFO - [2024-04-21T20:38:36.378+0000] {dag.py:3047} INFO - Sync 1 DAGs
[2024-04-21T20:38:36.422+0000] {logging_mixin.py:188} INFO - [2024-04-21T20:38:36.422+0000] {dag.py:3834} INFO - Setting next_dagrun for example_short_circuit_operator to 2024-04-20 00:00:00+00:00, run_after=2024-04-21 00:00:00+00:00
[2024-04-21T20:38:36.526+0000] {processor.py:183} INFO - Processing /home/airflow/.local/lib/python3.9/site-packages/airflow/example_dags/example_short_circuit_operator.py took 0.301 seconds
[2024-04-21T20:39:06.979+0000] {processor.py:161} INFO - Started process (PID=559) to work on /home/airflow/.local/lib/python3.9/site-packages/airflow/example_dags/example_short_circuit_operator.py
[2024-04-21T20:39:06.980+0000] {processor.py:830} INFO - Processing file /home/airflow/.local/lib/python3.9/site-packages/airflow/example_dags/example_short_circuit_operator.py for tasks to queue
[2024-04-21T20:39:06.982+0000] {logging_mixin.py:188} INFO - [2024-04-21T20:39:06.982+0000] {dagbag.py:540} INFO - Filling up the DagBag from /home/airflow/.local/lib/python3.9/site-packages/airflow/example_dags/example_short_circuit_operator.py
[2024-04-21T20:39:06.990+0000] {processor.py:840} INFO - DAG(s) 'example_short_circuit_operator' retrieved from /home/airflow/.local/lib/python3.9/site-packages/airflow/example_dags/example_short_circuit_operator.py
[2024-04-21T20:39:07.047+0000] {logging_mixin.py:188} INFO - [2024-04-21T20:39:07.046+0000] {dag.py:3047} INFO - Sync 1 DAGs
[2024-04-21T20:39:07.070+0000] {logging_mixin.py:188} INFO - [2024-04-21T20:39:07.069+0000] {dag.py:3834} INFO - Setting next_dagrun for example_short_circuit_operator to 2024-04-20 00:00:00+00:00, run_after=2024-04-21 00:00:00+00:00
[2024-04-21T20:39:07.104+0000] {processor.py:183} INFO - Processing /home/airflow/.local/lib/python3.9/site-packages/airflow/example_dags/example_short_circuit_operator.py took 0.128 seconds
[2024-04-21T20:40:40.828+0000] {processor.py:161} INFO - Started process (PID=592) to work on /home/airflow/.local/lib/python3.9/site-packages/airflow/example_dags/example_short_circuit_operator.py
[2024-04-21T20:40:40.830+0000] {processor.py:830} INFO - Processing file /home/airflow/.local/lib/python3.9/site-packages/airflow/example_dags/example_short_circuit_operator.py for tasks to queue
[2024-04-21T20:40:40.832+0000] {logging_mixin.py:188} INFO - [2024-04-21T20:40:40.831+0000] {dagbag.py:540} INFO - Filling up the DagBag from /home/airflow/.local/lib/python3.9/site-packages/airflow/example_dags/example_short_circuit_operator.py
[2024-04-21T20:40:40.839+0000] {processor.py:840} INFO - DAG(s) 'example_short_circuit_operator' retrieved from /home/airflow/.local/lib/python3.9/site-packages/airflow/example_dags/example_short_circuit_operator.py
[2024-04-21T20:40:40.899+0000] {logging_mixin.py:188} INFO - [2024-04-21T20:40:40.898+0000] {dag.py:3047} INFO - Sync 1 DAGs
[2024-04-21T20:40:40.917+0000] {logging_mixin.py:188} INFO - [2024-04-21T20:40:40.917+0000] {dag.py:3834} INFO - Setting next_dagrun for example_short_circuit_operator to 2024-04-20 00:00:00+00:00, run_after=2024-04-21 00:00:00+00:00
[2024-04-21T20:40:40.951+0000] {processor.py:183} INFO - Processing /home/airflow/.local/lib/python3.9/site-packages/airflow/example_dags/example_short_circuit_operator.py took 0.126 seconds
[2024-04-21T20:41:11.597+0000] {processor.py:161} INFO - Started process (PID=651) to work on /home/airflow/.local/lib/python3.9/site-packages/airflow/example_dags/example_short_circuit_operator.py
[2024-04-21T20:41:11.598+0000] {processor.py:830} INFO - Processing file /home/airflow/.local/lib/python3.9/site-packages/airflow/example_dags/example_short_circuit_operator.py for tasks to queue
[2024-04-21T20:41:11.601+0000] {logging_mixin.py:188} INFO - [2024-04-21T20:41:11.600+0000] {dagbag.py:540} INFO - Filling up the DagBag from /home/airflow/.local/lib/python3.9/site-packages/airflow/example_dags/example_short_circuit_operator.py
[2024-04-21T20:41:11.609+0000] {processor.py:840} INFO - DAG(s) 'example_short_circuit_operator' retrieved from /home/airflow/.local/lib/python3.9/site-packages/airflow/example_dags/example_short_circuit_operator.py
[2024-04-21T20:41:11.672+0000] {logging_mixin.py:188} INFO - [2024-04-21T20:41:11.672+0000] {dag.py:3047} INFO - Sync 1 DAGs
[2024-04-21T20:41:11.697+0000] {logging_mixin.py:188} INFO - [2024-04-21T20:41:11.697+0000] {dag.py:3834} INFO - Setting next_dagrun for example_short_circuit_operator to 2024-04-20 00:00:00+00:00, run_after=2024-04-21 00:00:00+00:00
[2024-04-21T20:41:11.738+0000] {processor.py:183} INFO - Processing /home/airflow/.local/lib/python3.9/site-packages/airflow/example_dags/example_short_circuit_operator.py took 0.144 seconds
[2024-04-21T20:41:41.863+0000] {processor.py:161} INFO - Started process (PID=708) to work on /home/airflow/.local/lib/python3.9/site-packages/airflow/example_dags/example_short_circuit_operator.py
[2024-04-21T20:41:41.864+0000] {processor.py:830} INFO - Processing file /home/airflow/.local/lib/python3.9/site-packages/airflow/example_dags/example_short_circuit_operator.py for tasks to queue
[2024-04-21T20:41:41.866+0000] {logging_mixin.py:188} INFO - [2024-04-21T20:41:41.865+0000] {dagbag.py:540} INFO - Filling up the DagBag from /home/airflow/.local/lib/python3.9/site-packages/airflow/example_dags/example_short_circuit_operator.py
[2024-04-21T20:41:41.872+0000] {processor.py:840} INFO - DAG(s) 'example_short_circuit_operator' retrieved from /home/airflow/.local/lib/python3.9/site-packages/airflow/example_dags/example_short_circuit_operator.py
[2024-04-21T20:41:41.927+0000] {logging_mixin.py:188} INFO - [2024-04-21T20:41:41.927+0000] {dag.py:3047} INFO - Sync 1 DAGs
[2024-04-21T20:41:41.946+0000] {logging_mixin.py:188} INFO - [2024-04-21T20:41:41.946+0000] {dag.py:3834} INFO - Setting next_dagrun for example_short_circuit_operator to 2024-04-20 00:00:00+00:00, run_after=2024-04-21 00:00:00+00:00
[2024-04-21T20:41:41.979+0000] {processor.py:183} INFO - Processing /home/airflow/.local/lib/python3.9/site-packages/airflow/example_dags/example_short_circuit_operator.py took 0.120 seconds
[2024-04-21T20:42:36.356+0000] {processor.py:161} INFO - Started process (PID=48) to work on /home/airflow/.local/lib/python3.9/site-packages/airflow/example_dags/example_short_circuit_operator.py
[2024-04-21T20:42:36.358+0000] {processor.py:830} INFO - Processing file /home/airflow/.local/lib/python3.9/site-packages/airflow/example_dags/example_short_circuit_operator.py for tasks to queue
[2024-04-21T20:42:36.360+0000] {logging_mixin.py:188} INFO - [2024-04-21T20:42:36.359+0000] {dagbag.py:540} INFO - Filling up the DagBag from /home/airflow/.local/lib/python3.9/site-packages/airflow/example_dags/example_short_circuit_operator.py
[2024-04-21T20:42:36.370+0000] {processor.py:840} INFO - DAG(s) 'example_short_circuit_operator' retrieved from /home/airflow/.local/lib/python3.9/site-packages/airflow/example_dags/example_short_circuit_operator.py
[2024-04-21T20:42:36.435+0000] {logging_mixin.py:188} INFO - [2024-04-21T20:42:36.434+0000] {dag.py:3047} INFO - Sync 1 DAGs
[2024-04-21T20:42:36.458+0000] {logging_mixin.py:188} INFO - [2024-04-21T20:42:36.458+0000] {dag.py:3834} INFO - Setting next_dagrun for example_short_circuit_operator to 2024-04-20 00:00:00+00:00, run_after=2024-04-21 00:00:00+00:00
[2024-04-21T20:42:36.503+0000] {processor.py:183} INFO - Processing /home/airflow/.local/lib/python3.9/site-packages/airflow/example_dags/example_short_circuit_operator.py took 0.149 seconds
[2024-04-21T20:43:07.667+0000] {processor.py:161} INFO - Started process (PID=105) to work on /home/airflow/.local/lib/python3.9/site-packages/airflow/example_dags/example_short_circuit_operator.py
[2024-04-21T20:43:07.669+0000] {processor.py:830} INFO - Processing file /home/airflow/.local/lib/python3.9/site-packages/airflow/example_dags/example_short_circuit_operator.py for tasks to queue
[2024-04-21T20:43:07.672+0000] {logging_mixin.py:188} INFO - [2024-04-21T20:43:07.671+0000] {dagbag.py:540} INFO - Filling up the DagBag from /home/airflow/.local/lib/python3.9/site-packages/airflow/example_dags/example_short_circuit_operator.py
[2024-04-21T20:43:07.682+0000] {processor.py:840} INFO - DAG(s) 'example_short_circuit_operator' retrieved from /home/airflow/.local/lib/python3.9/site-packages/airflow/example_dags/example_short_circuit_operator.py
[2024-04-21T20:43:07.748+0000] {logging_mixin.py:188} INFO - [2024-04-21T20:43:07.748+0000] {dag.py:3047} INFO - Sync 1 DAGs
[2024-04-21T20:43:07.774+0000] {logging_mixin.py:188} INFO - [2024-04-21T20:43:07.774+0000] {dag.py:3834} INFO - Setting next_dagrun for example_short_circuit_operator to 2024-04-20 00:00:00+00:00, run_after=2024-04-21 00:00:00+00:00
[2024-04-21T20:43:07.824+0000] {processor.py:183} INFO - Processing /home/airflow/.local/lib/python3.9/site-packages/airflow/example_dags/example_short_circuit_operator.py took 0.160 seconds
[2024-04-21T20:43:38.102+0000] {processor.py:161} INFO - Started process (PID=162) to work on /home/airflow/.local/lib/python3.9/site-packages/airflow/example_dags/example_short_circuit_operator.py
[2024-04-21T20:43:38.104+0000] {processor.py:830} INFO - Processing file /home/airflow/.local/lib/python3.9/site-packages/airflow/example_dags/example_short_circuit_operator.py for tasks to queue
[2024-04-21T20:43:38.106+0000] {logging_mixin.py:188} INFO - [2024-04-21T20:43:38.105+0000] {dagbag.py:540} INFO - Filling up the DagBag from /home/airflow/.local/lib/python3.9/site-packages/airflow/example_dags/example_short_circuit_operator.py
[2024-04-21T20:43:38.114+0000] {processor.py:840} INFO - DAG(s) 'example_short_circuit_operator' retrieved from /home/airflow/.local/lib/python3.9/site-packages/airflow/example_dags/example_short_circuit_operator.py
[2024-04-21T20:43:38.179+0000] {logging_mixin.py:188} INFO - [2024-04-21T20:43:38.179+0000] {dag.py:3047} INFO - Sync 1 DAGs
[2024-04-21T20:43:38.220+0000] {logging_mixin.py:188} INFO - [2024-04-21T20:43:38.219+0000] {dag.py:3834} INFO - Setting next_dagrun for example_short_circuit_operator to 2024-04-20 00:00:00+00:00, run_after=2024-04-21 00:00:00+00:00
[2024-04-21T20:43:38.269+0000] {processor.py:183} INFO - Processing /home/airflow/.local/lib/python3.9/site-packages/airflow/example_dags/example_short_circuit_operator.py took 0.169 seconds
[2024-04-21T20:44:09.465+0000] {processor.py:161} INFO - Started process (PID=219) to work on /home/airflow/.local/lib/python3.9/site-packages/airflow/example_dags/example_short_circuit_operator.py
[2024-04-21T20:44:09.467+0000] {processor.py:830} INFO - Processing file /home/airflow/.local/lib/python3.9/site-packages/airflow/example_dags/example_short_circuit_operator.py for tasks to queue
[2024-04-21T20:44:09.469+0000] {logging_mixin.py:188} INFO - [2024-04-21T20:44:09.469+0000] {dagbag.py:540} INFO - Filling up the DagBag from /home/airflow/.local/lib/python3.9/site-packages/airflow/example_dags/example_short_circuit_operator.py
[2024-04-21T20:44:09.478+0000] {processor.py:840} INFO - DAG(s) 'example_short_circuit_operator' retrieved from /home/airflow/.local/lib/python3.9/site-packages/airflow/example_dags/example_short_circuit_operator.py
[2024-04-21T20:44:09.541+0000] {logging_mixin.py:188} INFO - [2024-04-21T20:44:09.540+0000] {dag.py:3047} INFO - Sync 1 DAGs
[2024-04-21T20:44:09.565+0000] {logging_mixin.py:188} INFO - [2024-04-21T20:44:09.564+0000] {dag.py:3834} INFO - Setting next_dagrun for example_short_circuit_operator to 2024-04-20 00:00:00+00:00, run_after=2024-04-21 00:00:00+00:00
[2024-04-21T20:44:09.596+0000] {processor.py:183} INFO - Processing /home/airflow/.local/lib/python3.9/site-packages/airflow/example_dags/example_short_circuit_operator.py took 0.133 seconds
[2024-04-21T20:44:39.878+0000] {processor.py:161} INFO - Started process (PID=274) to work on /home/airflow/.local/lib/python3.9/site-packages/airflow/example_dags/example_short_circuit_operator.py
[2024-04-21T20:44:39.879+0000] {processor.py:830} INFO - Processing file /home/airflow/.local/lib/python3.9/site-packages/airflow/example_dags/example_short_circuit_operator.py for tasks to queue
[2024-04-21T20:44:39.881+0000] {logging_mixin.py:188} INFO - [2024-04-21T20:44:39.881+0000] {dagbag.py:540} INFO - Filling up the DagBag from /home/airflow/.local/lib/python3.9/site-packages/airflow/example_dags/example_short_circuit_operator.py
[2024-04-21T20:44:39.891+0000] {processor.py:840} INFO - DAG(s) 'example_short_circuit_operator' retrieved from /home/airflow/.local/lib/python3.9/site-packages/airflow/example_dags/example_short_circuit_operator.py
[2024-04-21T20:44:39.961+0000] {logging_mixin.py:188} INFO - [2024-04-21T20:44:39.960+0000] {dag.py:3047} INFO - Sync 1 DAGs
[2024-04-21T20:44:39.989+0000] {logging_mixin.py:188} INFO - [2024-04-21T20:44:39.989+0000] {dag.py:3834} INFO - Setting next_dagrun for example_short_circuit_operator to 2024-04-20 00:00:00+00:00, run_after=2024-04-21 00:00:00+00:00
[2024-04-21T20:44:40.034+0000] {processor.py:183} INFO - Processing /home/airflow/.local/lib/python3.9/site-packages/airflow/example_dags/example_short_circuit_operator.py took 0.160 seconds
[2024-04-21T20:45:10.698+0000] {processor.py:161} INFO - Started process (PID=331) to work on /home/airflow/.local/lib/python3.9/site-packages/airflow/example_dags/example_short_circuit_operator.py
[2024-04-21T20:45:10.699+0000] {processor.py:830} INFO - Processing file /home/airflow/.local/lib/python3.9/site-packages/airflow/example_dags/example_short_circuit_operator.py for tasks to queue
[2024-04-21T20:45:10.701+0000] {logging_mixin.py:188} INFO - [2024-04-21T20:45:10.701+0000] {dagbag.py:540} INFO - Filling up the DagBag from /home/airflow/.local/lib/python3.9/site-packages/airflow/example_dags/example_short_circuit_operator.py
[2024-04-21T20:45:10.708+0000] {processor.py:840} INFO - DAG(s) 'example_short_circuit_operator' retrieved from /home/airflow/.local/lib/python3.9/site-packages/airflow/example_dags/example_short_circuit_operator.py
[2024-04-21T20:45:10.764+0000] {logging_mixin.py:188} INFO - [2024-04-21T20:45:10.764+0000] {dag.py:3047} INFO - Sync 1 DAGs
[2024-04-21T20:45:10.789+0000] {logging_mixin.py:188} INFO - [2024-04-21T20:45:10.789+0000] {dag.py:3834} INFO - Setting next_dagrun for example_short_circuit_operator to 2024-04-20 00:00:00+00:00, run_after=2024-04-21 00:00:00+00:00
[2024-04-21T20:45:10.820+0000] {processor.py:183} INFO - Processing /home/airflow/.local/lib/python3.9/site-packages/airflow/example_dags/example_short_circuit_operator.py took 0.125 seconds
[2024-04-21T20:45:41.368+0000] {processor.py:161} INFO - Started process (PID=388) to work on /home/airflow/.local/lib/python3.9/site-packages/airflow/example_dags/example_short_circuit_operator.py
[2024-04-21T20:45:41.371+0000] {processor.py:830} INFO - Processing file /home/airflow/.local/lib/python3.9/site-packages/airflow/example_dags/example_short_circuit_operator.py for tasks to queue
[2024-04-21T20:45:41.375+0000] {logging_mixin.py:188} INFO - [2024-04-21T20:45:41.374+0000] {dagbag.py:540} INFO - Filling up the DagBag from /home/airflow/.local/lib/python3.9/site-packages/airflow/example_dags/example_short_circuit_operator.py
[2024-04-21T20:45:41.391+0000] {processor.py:840} INFO - DAG(s) 'example_short_circuit_operator' retrieved from /home/airflow/.local/lib/python3.9/site-packages/airflow/example_dags/example_short_circuit_operator.py
[2024-04-21T20:45:41.486+0000] {logging_mixin.py:188} INFO - [2024-04-21T20:45:41.485+0000] {dag.py:3047} INFO - Sync 1 DAGs
[2024-04-21T20:45:41.526+0000] {logging_mixin.py:188} INFO - [2024-04-21T20:45:41.526+0000] {dag.py:3834} INFO - Setting next_dagrun for example_short_circuit_operator to 2024-04-20 00:00:00+00:00, run_after=2024-04-21 00:00:00+00:00
[2024-04-21T20:45:41.578+0000] {processor.py:183} INFO - Processing /home/airflow/.local/lib/python3.9/site-packages/airflow/example_dags/example_short_circuit_operator.py took 0.218 seconds
[2024-04-21T20:46:12.444+0000] {processor.py:161} INFO - Started process (PID=445) to work on /home/airflow/.local/lib/python3.9/site-packages/airflow/example_dags/example_short_circuit_operator.py
[2024-04-21T20:46:12.445+0000] {processor.py:830} INFO - Processing file /home/airflow/.local/lib/python3.9/site-packages/airflow/example_dags/example_short_circuit_operator.py for tasks to queue
[2024-04-21T20:46:12.447+0000] {logging_mixin.py:188} INFO - [2024-04-21T20:46:12.447+0000] {dagbag.py:540} INFO - Filling up the DagBag from /home/airflow/.local/lib/python3.9/site-packages/airflow/example_dags/example_short_circuit_operator.py
[2024-04-21T20:46:12.454+0000] {processor.py:840} INFO - DAG(s) 'example_short_circuit_operator' retrieved from /home/airflow/.local/lib/python3.9/site-packages/airflow/example_dags/example_short_circuit_operator.py
[2024-04-21T20:46:12.509+0000] {logging_mixin.py:188} INFO - [2024-04-21T20:46:12.509+0000] {dag.py:3047} INFO - Sync 1 DAGs
[2024-04-21T20:46:12.531+0000] {logging_mixin.py:188} INFO - [2024-04-21T20:46:12.531+0000] {dag.py:3834} INFO - Setting next_dagrun for example_short_circuit_operator to 2024-04-20 00:00:00+00:00, run_after=2024-04-21 00:00:00+00:00
[2024-04-21T20:46:12.563+0000] {processor.py:183} INFO - Processing /home/airflow/.local/lib/python3.9/site-packages/airflow/example_dags/example_short_circuit_operator.py took 0.122 seconds
[2024-04-21T20:46:42.998+0000] {processor.py:161} INFO - Started process (PID=502) to work on /home/airflow/.local/lib/python3.9/site-packages/airflow/example_dags/example_short_circuit_operator.py
[2024-04-21T20:46:42.999+0000] {processor.py:830} INFO - Processing file /home/airflow/.local/lib/python3.9/site-packages/airflow/example_dags/example_short_circuit_operator.py for tasks to queue
[2024-04-21T20:46:43.002+0000] {logging_mixin.py:188} INFO - [2024-04-21T20:46:43.002+0000] {dagbag.py:540} INFO - Filling up the DagBag from /home/airflow/.local/lib/python3.9/site-packages/airflow/example_dags/example_short_circuit_operator.py
[2024-04-21T20:46:43.011+0000] {processor.py:840} INFO - DAG(s) 'example_short_circuit_operator' retrieved from /home/airflow/.local/lib/python3.9/site-packages/airflow/example_dags/example_short_circuit_operator.py
[2024-04-21T20:46:43.073+0000] {logging_mixin.py:188} INFO - [2024-04-21T20:46:43.072+0000] {dag.py:3047} INFO - Sync 1 DAGs
[2024-04-21T20:46:43.103+0000] {logging_mixin.py:188} INFO - [2024-04-21T20:46:43.103+0000] {dag.py:3834} INFO - Setting next_dagrun for example_short_circuit_operator to 2024-04-20 00:00:00+00:00, run_after=2024-04-21 00:00:00+00:00
[2024-04-21T20:46:43.142+0000] {processor.py:183} INFO - Processing /home/airflow/.local/lib/python3.9/site-packages/airflow/example_dags/example_short_circuit_operator.py took 0.148 seconds
[2024-04-21T20:47:13.614+0000] {processor.py:161} INFO - Started process (PID=559) to work on /home/airflow/.local/lib/python3.9/site-packages/airflow/example_dags/example_short_circuit_operator.py
[2024-04-21T20:47:13.615+0000] {processor.py:830} INFO - Processing file /home/airflow/.local/lib/python3.9/site-packages/airflow/example_dags/example_short_circuit_operator.py for tasks to queue
[2024-04-21T20:47:13.617+0000] {logging_mixin.py:188} INFO - [2024-04-21T20:47:13.616+0000] {dagbag.py:540} INFO - Filling up the DagBag from /home/airflow/.local/lib/python3.9/site-packages/airflow/example_dags/example_short_circuit_operator.py
[2024-04-21T20:47:13.623+0000] {processor.py:840} INFO - DAG(s) 'example_short_circuit_operator' retrieved from /home/airflow/.local/lib/python3.9/site-packages/airflow/example_dags/example_short_circuit_operator.py
[2024-04-21T20:47:13.678+0000] {logging_mixin.py:188} INFO - [2024-04-21T20:47:13.678+0000] {dag.py:3047} INFO - Sync 1 DAGs
[2024-04-21T20:47:13.700+0000] {logging_mixin.py:188} INFO - [2024-04-21T20:47:13.700+0000] {dag.py:3834} INFO - Setting next_dagrun for example_short_circuit_operator to 2024-04-20 00:00:00+00:00, run_after=2024-04-21 00:00:00+00:00
[2024-04-21T20:47:13.734+0000] {processor.py:183} INFO - Processing /home/airflow/.local/lib/python3.9/site-packages/airflow/example_dags/example_short_circuit_operator.py took 0.123 seconds
[2024-04-21T20:47:44.516+0000] {processor.py:161} INFO - Started process (PID=616) to work on /home/airflow/.local/lib/python3.9/site-packages/airflow/example_dags/example_short_circuit_operator.py
[2024-04-21T20:47:44.517+0000] {processor.py:830} INFO - Processing file /home/airflow/.local/lib/python3.9/site-packages/airflow/example_dags/example_short_circuit_operator.py for tasks to queue
[2024-04-21T20:47:44.519+0000] {logging_mixin.py:188} INFO - [2024-04-21T20:47:44.519+0000] {dagbag.py:540} INFO - Filling up the DagBag from /home/airflow/.local/lib/python3.9/site-packages/airflow/example_dags/example_short_circuit_operator.py
[2024-04-21T20:47:44.526+0000] {processor.py:840} INFO - DAG(s) 'example_short_circuit_operator' retrieved from /home/airflow/.local/lib/python3.9/site-packages/airflow/example_dags/example_short_circuit_operator.py
[2024-04-21T20:47:44.583+0000] {logging_mixin.py:188} INFO - [2024-04-21T20:47:44.582+0000] {dag.py:3047} INFO - Sync 1 DAGs
[2024-04-21T20:47:44.606+0000] {logging_mixin.py:188} INFO - [2024-04-21T20:47:44.606+0000] {dag.py:3834} INFO - Setting next_dagrun for example_short_circuit_operator to 2024-04-20 00:00:00+00:00, run_after=2024-04-21 00:00:00+00:00
[2024-04-21T20:47:44.639+0000] {processor.py:183} INFO - Processing /home/airflow/.local/lib/python3.9/site-packages/airflow/example_dags/example_short_circuit_operator.py took 0.125 seconds
[2024-04-21T21:00:44.751+0000] {processor.py:161} INFO - Started process (PID=48) to work on /home/airflow/.local/lib/python3.9/site-packages/airflow/example_dags/example_short_circuit_operator.py
[2024-04-21T21:00:44.760+0000] {processor.py:830} INFO - Processing file /home/airflow/.local/lib/python3.9/site-packages/airflow/example_dags/example_short_circuit_operator.py for tasks to queue
[2024-04-21T21:00:44.763+0000] {logging_mixin.py:188} INFO - [2024-04-21T21:00:44.763+0000] {dagbag.py:540} INFO - Filling up the DagBag from /home/airflow/.local/lib/python3.9/site-packages/airflow/example_dags/example_short_circuit_operator.py
[2024-04-21T21:00:44.780+0000] {processor.py:840} INFO - DAG(s) 'example_short_circuit_operator' retrieved from /home/airflow/.local/lib/python3.9/site-packages/airflow/example_dags/example_short_circuit_operator.py
[2024-04-21T21:00:45.159+0000] {logging_mixin.py:188} INFO - [2024-04-21T21:00:45.158+0000] {dag.py:3047} INFO - Sync 1 DAGs
[2024-04-21T21:00:45.233+0000] {logging_mixin.py:188} INFO - [2024-04-21T21:00:45.232+0000] {dag.py:3834} INFO - Setting next_dagrun for example_short_circuit_operator to 2024-04-20 00:00:00+00:00, run_after=2024-04-21 00:00:00+00:00
[2024-04-21T21:00:45.302+0000] {processor.py:183} INFO - Processing /home/airflow/.local/lib/python3.9/site-packages/airflow/example_dags/example_short_circuit_operator.py took 0.572 seconds
[2024-04-21T21:01:15.756+0000] {processor.py:161} INFO - Started process (PID=106) to work on /home/airflow/.local/lib/python3.9/site-packages/airflow/example_dags/example_short_circuit_operator.py
[2024-04-21T21:01:15.758+0000] {processor.py:830} INFO - Processing file /home/airflow/.local/lib/python3.9/site-packages/airflow/example_dags/example_short_circuit_operator.py for tasks to queue
[2024-04-21T21:01:15.762+0000] {logging_mixin.py:188} INFO - [2024-04-21T21:01:15.761+0000] {dagbag.py:540} INFO - Filling up the DagBag from /home/airflow/.local/lib/python3.9/site-packages/airflow/example_dags/example_short_circuit_operator.py
[2024-04-21T21:01:15.775+0000] {processor.py:840} INFO - DAG(s) 'example_short_circuit_operator' retrieved from /home/airflow/.local/lib/python3.9/site-packages/airflow/example_dags/example_short_circuit_operator.py
[2024-04-21T21:01:15.870+0000] {logging_mixin.py:188} INFO - [2024-04-21T21:01:15.869+0000] {dag.py:3047} INFO - Sync 1 DAGs
[2024-04-21T21:01:15.899+0000] {logging_mixin.py:188} INFO - [2024-04-21T21:01:15.899+0000] {dag.py:3834} INFO - Setting next_dagrun for example_short_circuit_operator to 2024-04-20 00:00:00+00:00, run_after=2024-04-21 00:00:00+00:00
[2024-04-21T21:01:15.941+0000] {processor.py:183} INFO - Processing /home/airflow/.local/lib/python3.9/site-packages/airflow/example_dags/example_short_circuit_operator.py took 0.191 seconds
[2024-04-21T21:04:15.975+0000] {processor.py:161} INFO - Started process (PID=60) to work on /home/airflow/.local/lib/python3.9/site-packages/airflow/example_dags/example_short_circuit_operator.py
[2024-04-21T21:04:15.977+0000] {processor.py:830} INFO - Processing file /home/airflow/.local/lib/python3.9/site-packages/airflow/example_dags/example_short_circuit_operator.py for tasks to queue
[2024-04-21T21:04:15.980+0000] {logging_mixin.py:188} INFO - [2024-04-21T21:04:15.979+0000] {dagbag.py:540} INFO - Filling up the DagBag from /home/airflow/.local/lib/python3.9/site-packages/airflow/example_dags/example_short_circuit_operator.py
[2024-04-21T21:04:15.994+0000] {processor.py:840} INFO - DAG(s) 'example_short_circuit_operator' retrieved from /home/airflow/.local/lib/python3.9/site-packages/airflow/example_dags/example_short_circuit_operator.py
[2024-04-21T21:04:16.121+0000] {logging_mixin.py:188} INFO - [2024-04-21T21:04:16.120+0000] {dag.py:3047} INFO - Sync 1 DAGs
[2024-04-21T21:04:16.176+0000] {logging_mixin.py:188} INFO - [2024-04-21T21:04:16.176+0000] {dag.py:3834} INFO - Setting next_dagrun for example_short_circuit_operator to 2024-04-20 00:00:00+00:00, run_after=2024-04-21 00:00:00+00:00
[2024-04-21T21:04:16.233+0000] {processor.py:183} INFO - Processing /home/airflow/.local/lib/python3.9/site-packages/airflow/example_dags/example_short_circuit_operator.py took 0.262 seconds
[2024-04-21T21:04:46.930+0000] {processor.py:161} INFO - Started process (PID=117) to work on /home/airflow/.local/lib/python3.9/site-packages/airflow/example_dags/example_short_circuit_operator.py
[2024-04-21T21:04:46.932+0000] {processor.py:830} INFO - Processing file /home/airflow/.local/lib/python3.9/site-packages/airflow/example_dags/example_short_circuit_operator.py for tasks to queue
[2024-04-21T21:04:46.934+0000] {logging_mixin.py:188} INFO - [2024-04-21T21:04:46.934+0000] {dagbag.py:540} INFO - Filling up the DagBag from /home/airflow/.local/lib/python3.9/site-packages/airflow/example_dags/example_short_circuit_operator.py
[2024-04-21T21:04:46.946+0000] {processor.py:840} INFO - DAG(s) 'example_short_circuit_operator' retrieved from /home/airflow/.local/lib/python3.9/site-packages/airflow/example_dags/example_short_circuit_operator.py
[2024-04-21T21:04:47.022+0000] {logging_mixin.py:188} INFO - [2024-04-21T21:04:47.021+0000] {dag.py:3047} INFO - Sync 1 DAGs
[2024-04-21T21:04:47.059+0000] {logging_mixin.py:188} INFO - [2024-04-21T21:04:47.059+0000] {dag.py:3834} INFO - Setting next_dagrun for example_short_circuit_operator to 2024-04-20 00:00:00+00:00, run_after=2024-04-21 00:00:00+00:00
[2024-04-21T21:04:47.102+0000] {processor.py:183} INFO - Processing /home/airflow/.local/lib/python3.9/site-packages/airflow/example_dags/example_short_circuit_operator.py took 0.176 seconds
[2024-04-21T21:05:18.108+0000] {processor.py:161} INFO - Started process (PID=178) to work on /home/airflow/.local/lib/python3.9/site-packages/airflow/example_dags/example_short_circuit_operator.py
[2024-04-21T21:05:18.110+0000] {processor.py:830} INFO - Processing file /home/airflow/.local/lib/python3.9/site-packages/airflow/example_dags/example_short_circuit_operator.py for tasks to queue
[2024-04-21T21:05:18.113+0000] {logging_mixin.py:188} INFO - [2024-04-21T21:05:18.113+0000] {dagbag.py:540} INFO - Filling up the DagBag from /home/airflow/.local/lib/python3.9/site-packages/airflow/example_dags/example_short_circuit_operator.py
[2024-04-21T21:05:18.124+0000] {processor.py:840} INFO - DAG(s) 'example_short_circuit_operator' retrieved from /home/airflow/.local/lib/python3.9/site-packages/airflow/example_dags/example_short_circuit_operator.py
[2024-04-21T21:05:18.191+0000] {logging_mixin.py:188} INFO - [2024-04-21T21:05:18.190+0000] {dag.py:3047} INFO - Sync 1 DAGs
[2024-04-21T21:05:18.222+0000] {logging_mixin.py:188} INFO - [2024-04-21T21:05:18.222+0000] {dag.py:3834} INFO - Setting next_dagrun for example_short_circuit_operator to 2024-04-20 00:00:00+00:00, run_after=2024-04-21 00:00:00+00:00
[2024-04-21T21:05:18.263+0000] {processor.py:183} INFO - Processing /home/airflow/.local/lib/python3.9/site-packages/airflow/example_dags/example_short_circuit_operator.py took 0.159 seconds
[2024-04-21T21:05:48.590+0000] {processor.py:161} INFO - Started process (PID=239) to work on /home/airflow/.local/lib/python3.9/site-packages/airflow/example_dags/example_short_circuit_operator.py
[2024-04-21T21:05:48.593+0000] {processor.py:830} INFO - Processing file /home/airflow/.local/lib/python3.9/site-packages/airflow/example_dags/example_short_circuit_operator.py for tasks to queue
[2024-04-21T21:05:48.596+0000] {logging_mixin.py:188} INFO - [2024-04-21T21:05:48.596+0000] {dagbag.py:540} INFO - Filling up the DagBag from /home/airflow/.local/lib/python3.9/site-packages/airflow/example_dags/example_short_circuit_operator.py
[2024-04-21T21:05:48.606+0000] {processor.py:840} INFO - DAG(s) 'example_short_circuit_operator' retrieved from /home/airflow/.local/lib/python3.9/site-packages/airflow/example_dags/example_short_circuit_operator.py
[2024-04-21T21:05:48.681+0000] {logging_mixin.py:188} INFO - [2024-04-21T21:05:48.681+0000] {dag.py:3047} INFO - Sync 1 DAGs
[2024-04-21T21:05:48.705+0000] {logging_mixin.py:188} INFO - [2024-04-21T21:05:48.704+0000] {dag.py:3834} INFO - Setting next_dagrun for example_short_circuit_operator to 2024-04-20 00:00:00+00:00, run_after=2024-04-21 00:00:00+00:00
[2024-04-21T21:05:48.736+0000] {processor.py:183} INFO - Processing /home/airflow/.local/lib/python3.9/site-packages/airflow/example_dags/example_short_circuit_operator.py took 0.151 seconds
