[2024-04-21T19:51:57.925+0000] {processor.py:161} INFO - Started process (PID=52) to work on /home/airflow/.local/lib/python3.9/site-packages/airflow/example_dags/example_complex.py
[2024-04-21T19:51:57.930+0000] {processor.py:830} INFO - Processing file /home/airflow/.local/lib/python3.9/site-packages/airflow/example_dags/example_complex.py for tasks to queue
[2024-04-21T19:51:57.959+0000] {logging_mixin.py:188} INFO - [2024-04-21T19:51:57.957+0000] {dagbag.py:540} INFO - Filling up the DagBag from /home/airflow/.local/lib/python3.9/site-packages/airflow/example_dags/example_complex.py
[2024-04-21T19:51:58.076+0000] {processor.py:840} INFO - DAG(s) 'example_complex' retrieved from /home/airflow/.local/lib/python3.9/site-packages/airflow/example_dags/example_complex.py
[2024-04-21T19:51:58.492+0000] {logging_mixin.py:188} INFO - [2024-04-21T19:51:58.491+0000] {dag.py:3047} INFO - Sync 1 DAGs
[2024-04-21T19:51:58.511+0000] {logging_mixin.py:188} INFO - [2024-04-21T19:51:58.511+0000] {dag.py:3834} INFO - Setting next_dagrun for example_complex to None, run_after=None
[2024-04-21T19:51:58.566+0000] {processor.py:183} INFO - Processing /home/airflow/.local/lib/python3.9/site-packages/airflow/example_dags/example_complex.py took 0.686 seconds
[2024-04-21T19:52:28.672+0000] {processor.py:161} INFO - Started process (PID=109) to work on /home/airflow/.local/lib/python3.9/site-packages/airflow/example_dags/example_complex.py
[2024-04-21T19:52:28.674+0000] {processor.py:830} INFO - Processing file /home/airflow/.local/lib/python3.9/site-packages/airflow/example_dags/example_complex.py for tasks to queue
[2024-04-21T19:52:28.680+0000] {logging_mixin.py:188} INFO - [2024-04-21T19:52:28.679+0000] {dagbag.py:540} INFO - Filling up the DagBag from /home/airflow/.local/lib/python3.9/site-packages/airflow/example_dags/example_complex.py
[2024-04-21T19:52:28.705+0000] {processor.py:840} INFO - DAG(s) 'example_complex' retrieved from /home/airflow/.local/lib/python3.9/site-packages/airflow/example_dags/example_complex.py
[2024-04-21T19:52:28.841+0000] {logging_mixin.py:188} INFO - [2024-04-21T19:52:28.840+0000] {dag.py:3047} INFO - Sync 1 DAGs
[2024-04-21T19:52:28.862+0000] {logging_mixin.py:188} INFO - [2024-04-21T19:52:28.861+0000] {dag.py:3834} INFO - Setting next_dagrun for example_complex to None, run_after=None
[2024-04-21T19:52:28.918+0000] {processor.py:183} INFO - Processing /home/airflow/.local/lib/python3.9/site-packages/airflow/example_dags/example_complex.py took 0.252 seconds
[2024-04-21T19:53:00.347+0000] {processor.py:161} INFO - Started process (PID=166) to work on /home/airflow/.local/lib/python3.9/site-packages/airflow/example_dags/example_complex.py
[2024-04-21T19:53:00.350+0000] {processor.py:830} INFO - Processing file /home/airflow/.local/lib/python3.9/site-packages/airflow/example_dags/example_complex.py for tasks to queue
[2024-04-21T19:53:00.354+0000] {logging_mixin.py:188} INFO - [2024-04-21T19:53:00.353+0000] {dagbag.py:540} INFO - Filling up the DagBag from /home/airflow/.local/lib/python3.9/site-packages/airflow/example_dags/example_complex.py
[2024-04-21T19:53:00.381+0000] {processor.py:840} INFO - DAG(s) 'example_complex' retrieved from /home/airflow/.local/lib/python3.9/site-packages/airflow/example_dags/example_complex.py
[2024-04-21T19:53:00.527+0000] {logging_mixin.py:188} INFO - [2024-04-21T19:53:00.526+0000] {dag.py:3047} INFO - Sync 1 DAGs
[2024-04-21T19:53:00.549+0000] {logging_mixin.py:188} INFO - [2024-04-21T19:53:00.549+0000] {dag.py:3834} INFO - Setting next_dagrun for example_complex to None, run_after=None
[2024-04-21T19:53:00.604+0000] {processor.py:183} INFO - Processing /home/airflow/.local/lib/python3.9/site-packages/airflow/example_dags/example_complex.py took 0.262 seconds
[2024-04-21T19:53:31.487+0000] {processor.py:161} INFO - Started process (PID=223) to work on /home/airflow/.local/lib/python3.9/site-packages/airflow/example_dags/example_complex.py
[2024-04-21T19:53:31.489+0000] {processor.py:830} INFO - Processing file /home/airflow/.local/lib/python3.9/site-packages/airflow/example_dags/example_complex.py for tasks to queue
[2024-04-21T19:53:31.492+0000] {logging_mixin.py:188} INFO - [2024-04-21T19:53:31.492+0000] {dagbag.py:540} INFO - Filling up the DagBag from /home/airflow/.local/lib/python3.9/site-packages/airflow/example_dags/example_complex.py
[2024-04-21T19:53:31.512+0000] {processor.py:840} INFO - DAG(s) 'example_complex' retrieved from /home/airflow/.local/lib/python3.9/site-packages/airflow/example_dags/example_complex.py
[2024-04-21T19:53:31.647+0000] {logging_mixin.py:188} INFO - [2024-04-21T19:53:31.647+0000] {dag.py:3047} INFO - Sync 1 DAGs
[2024-04-21T19:53:31.673+0000] {logging_mixin.py:188} INFO - [2024-04-21T19:53:31.673+0000] {dag.py:3834} INFO - Setting next_dagrun for example_complex to None, run_after=None
[2024-04-21T19:53:31.746+0000] {processor.py:183} INFO - Processing /home/airflow/.local/lib/python3.9/site-packages/airflow/example_dags/example_complex.py took 0.263 seconds
[2024-04-21T19:54:34.578+0000] {processor.py:161} INFO - Started process (PID=52) to work on /home/airflow/.local/lib/python3.9/site-packages/airflow/example_dags/example_complex.py
[2024-04-21T19:54:34.580+0000] {processor.py:830} INFO - Processing file /home/airflow/.local/lib/python3.9/site-packages/airflow/example_dags/example_complex.py for tasks to queue
[2024-04-21T19:54:34.583+0000] {logging_mixin.py:188} INFO - [2024-04-21T19:54:34.582+0000] {dagbag.py:540} INFO - Filling up the DagBag from /home/airflow/.local/lib/python3.9/site-packages/airflow/example_dags/example_complex.py
[2024-04-21T19:54:34.596+0000] {processor.py:840} INFO - DAG(s) 'example_complex' retrieved from /home/airflow/.local/lib/python3.9/site-packages/airflow/example_dags/example_complex.py
[2024-04-21T19:54:34.674+0000] {logging_mixin.py:188} INFO - [2024-04-21T19:54:34.673+0000] {dag.py:3047} INFO - Sync 1 DAGs
[2024-04-21T19:54:34.687+0000] {logging_mixin.py:188} INFO - [2024-04-21T19:54:34.687+0000] {dag.py:3834} INFO - Setting next_dagrun for example_complex to None, run_after=None
[2024-04-21T19:54:34.726+0000] {processor.py:183} INFO - Processing /home/airflow/.local/lib/python3.9/site-packages/airflow/example_dags/example_complex.py took 0.151 seconds
[2024-04-21T19:55:20.138+0000] {processor.py:161} INFO - Started process (PID=119) to work on /home/airflow/.local/lib/python3.9/site-packages/airflow/example_dags/example_complex.py
[2024-04-21T19:55:20.140+0000] {processor.py:830} INFO - Processing file /home/airflow/.local/lib/python3.9/site-packages/airflow/example_dags/example_complex.py for tasks to queue
[2024-04-21T19:55:20.142+0000] {logging_mixin.py:188} INFO - [2024-04-21T19:55:20.142+0000] {dagbag.py:540} INFO - Filling up the DagBag from /home/airflow/.local/lib/python3.9/site-packages/airflow/example_dags/example_complex.py
[2024-04-21T19:55:20.155+0000] {processor.py:840} INFO - DAG(s) 'example_complex' retrieved from /home/airflow/.local/lib/python3.9/site-packages/airflow/example_dags/example_complex.py
[2024-04-21T19:55:20.259+0000] {logging_mixin.py:188} INFO - [2024-04-21T19:55:20.258+0000] {dag.py:3047} INFO - Sync 1 DAGs
[2024-04-21T19:55:20.294+0000] {logging_mixin.py:188} INFO - [2024-04-21T19:55:20.293+0000] {dag.py:3834} INFO - Setting next_dagrun for example_complex to None, run_after=None
[2024-04-21T19:55:20.340+0000] {processor.py:183} INFO - Processing /home/airflow/.local/lib/python3.9/site-packages/airflow/example_dags/example_complex.py took 0.206 seconds
[2024-04-21T19:57:34.446+0000] {processor.py:161} INFO - Started process (PID=193) to work on /home/airflow/.local/lib/python3.9/site-packages/airflow/example_dags/example_complex.py
[2024-04-21T19:57:34.447+0000] {processor.py:830} INFO - Processing file /home/airflow/.local/lib/python3.9/site-packages/airflow/example_dags/example_complex.py for tasks to queue
[2024-04-21T19:57:34.452+0000] {logging_mixin.py:188} INFO - [2024-04-21T19:57:34.449+0000] {dagbag.py:540} INFO - Filling up the DagBag from /home/airflow/.local/lib/python3.9/site-packages/airflow/example_dags/example_complex.py
[2024-04-21T19:57:34.470+0000] {processor.py:840} INFO - DAG(s) 'example_complex' retrieved from /home/airflow/.local/lib/python3.9/site-packages/airflow/example_dags/example_complex.py
[2024-04-21T19:57:34.751+0000] {logging_mixin.py:188} INFO - [2024-04-21T19:57:34.745+0000] {dag.py:3047} INFO - Sync 1 DAGs
[2024-04-21T19:57:34.788+0000] {logging_mixin.py:188} INFO - [2024-04-21T19:57:34.787+0000] {dag.py:3834} INFO - Setting next_dagrun for example_complex to None, run_after=None
[2024-04-21T19:57:34.898+0000] {processor.py:183} INFO - Processing /home/airflow/.local/lib/python3.9/site-packages/airflow/example_dags/example_complex.py took 0.457 seconds
[2024-04-21T20:03:11.123+0000] {processor.py:161} INFO - Started process (PID=265) to work on /home/airflow/.local/lib/python3.9/site-packages/airflow/example_dags/example_complex.py
[2024-04-21T20:03:11.124+0000] {processor.py:830} INFO - Processing file /home/airflow/.local/lib/python3.9/site-packages/airflow/example_dags/example_complex.py for tasks to queue
[2024-04-21T20:03:11.126+0000] {logging_mixin.py:188} INFO - [2024-04-21T20:03:11.126+0000] {dagbag.py:540} INFO - Filling up the DagBag from /home/airflow/.local/lib/python3.9/site-packages/airflow/example_dags/example_complex.py
[2024-04-21T20:03:11.137+0000] {processor.py:840} INFO - DAG(s) 'example_complex' retrieved from /home/airflow/.local/lib/python3.9/site-packages/airflow/example_dags/example_complex.py
[2024-04-21T20:03:11.211+0000] {logging_mixin.py:188} INFO - [2024-04-21T20:03:11.211+0000] {dag.py:3047} INFO - Sync 1 DAGs
[2024-04-21T20:03:11.225+0000] {logging_mixin.py:188} INFO - [2024-04-21T20:03:11.225+0000] {dag.py:3834} INFO - Setting next_dagrun for example_complex to None, run_after=None
[2024-04-21T20:03:11.262+0000] {processor.py:183} INFO - Processing /home/airflow/.local/lib/python3.9/site-packages/airflow/example_dags/example_complex.py took 0.143 seconds
[2024-04-21T20:04:19.177+0000] {processor.py:161} INFO - Started process (PID=329) to work on /home/airflow/.local/lib/python3.9/site-packages/airflow/example_dags/example_complex.py
[2024-04-21T20:04:19.179+0000] {processor.py:830} INFO - Processing file /home/airflow/.local/lib/python3.9/site-packages/airflow/example_dags/example_complex.py for tasks to queue
[2024-04-21T20:04:19.180+0000] {logging_mixin.py:188} INFO - [2024-04-21T20:04:19.180+0000] {dagbag.py:540} INFO - Filling up the DagBag from /home/airflow/.local/lib/python3.9/site-packages/airflow/example_dags/example_complex.py
[2024-04-21T20:04:19.194+0000] {processor.py:840} INFO - DAG(s) 'example_complex' retrieved from /home/airflow/.local/lib/python3.9/site-packages/airflow/example_dags/example_complex.py
[2024-04-21T20:04:19.271+0000] {logging_mixin.py:188} INFO - [2024-04-21T20:04:19.270+0000] {dag.py:3047} INFO - Sync 1 DAGs
[2024-04-21T20:04:19.284+0000] {logging_mixin.py:188} INFO - [2024-04-21T20:04:19.283+0000] {dag.py:3834} INFO - Setting next_dagrun for example_complex to None, run_after=None
[2024-04-21T20:04:19.323+0000] {processor.py:183} INFO - Processing /home/airflow/.local/lib/python3.9/site-packages/airflow/example_dags/example_complex.py took 0.149 seconds
[2024-04-21T20:04:49.960+0000] {processor.py:161} INFO - Started process (PID=388) to work on /home/airflow/.local/lib/python3.9/site-packages/airflow/example_dags/example_complex.py
[2024-04-21T20:04:49.962+0000] {processor.py:830} INFO - Processing file /home/airflow/.local/lib/python3.9/site-packages/airflow/example_dags/example_complex.py for tasks to queue
[2024-04-21T20:04:49.964+0000] {logging_mixin.py:188} INFO - [2024-04-21T20:04:49.963+0000] {dagbag.py:540} INFO - Filling up the DagBag from /home/airflow/.local/lib/python3.9/site-packages/airflow/example_dags/example_complex.py
[2024-04-21T20:04:49.990+0000] {processor.py:840} INFO - DAG(s) 'example_complex' retrieved from /home/airflow/.local/lib/python3.9/site-packages/airflow/example_dags/example_complex.py
[2024-04-21T20:04:50.142+0000] {logging_mixin.py:188} INFO - [2024-04-21T20:04:50.141+0000] {dag.py:3047} INFO - Sync 1 DAGs
[2024-04-21T20:04:50.166+0000] {logging_mixin.py:188} INFO - [2024-04-21T20:04:50.166+0000] {dag.py:3834} INFO - Setting next_dagrun for example_complex to None, run_after=None
[2024-04-21T20:04:50.225+0000] {processor.py:183} INFO - Processing /home/airflow/.local/lib/python3.9/site-packages/airflow/example_dags/example_complex.py took 0.269 seconds
[2024-04-21T20:05:20.628+0000] {processor.py:161} INFO - Started process (PID=445) to work on /home/airflow/.local/lib/python3.9/site-packages/airflow/example_dags/example_complex.py
[2024-04-21T20:05:20.630+0000] {processor.py:830} INFO - Processing file /home/airflow/.local/lib/python3.9/site-packages/airflow/example_dags/example_complex.py for tasks to queue
[2024-04-21T20:05:20.632+0000] {logging_mixin.py:188} INFO - [2024-04-21T20:05:20.631+0000] {dagbag.py:540} INFO - Filling up the DagBag from /home/airflow/.local/lib/python3.9/site-packages/airflow/example_dags/example_complex.py
[2024-04-21T20:05:20.651+0000] {processor.py:840} INFO - DAG(s) 'example_complex' retrieved from /home/airflow/.local/lib/python3.9/site-packages/airflow/example_dags/example_complex.py
[2024-04-21T20:05:20.784+0000] {logging_mixin.py:188} INFO - [2024-04-21T20:05:20.783+0000] {dag.py:3047} INFO - Sync 1 DAGs
[2024-04-21T20:05:20.803+0000] {logging_mixin.py:188} INFO - [2024-04-21T20:05:20.803+0000] {dag.py:3834} INFO - Setting next_dagrun for example_complex to None, run_after=None
[2024-04-21T20:05:20.873+0000] {processor.py:183} INFO - Processing /home/airflow/.local/lib/python3.9/site-packages/airflow/example_dags/example_complex.py took 0.249 seconds
[2024-04-21T20:05:51.582+0000] {processor.py:161} INFO - Started process (PID=502) to work on /home/airflow/.local/lib/python3.9/site-packages/airflow/example_dags/example_complex.py
[2024-04-21T20:05:51.584+0000] {processor.py:830} INFO - Processing file /home/airflow/.local/lib/python3.9/site-packages/airflow/example_dags/example_complex.py for tasks to queue
[2024-04-21T20:05:51.587+0000] {logging_mixin.py:188} INFO - [2024-04-21T20:05:51.586+0000] {dagbag.py:540} INFO - Filling up the DagBag from /home/airflow/.local/lib/python3.9/site-packages/airflow/example_dags/example_complex.py
[2024-04-21T20:05:51.606+0000] {processor.py:840} INFO - DAG(s) 'example_complex' retrieved from /home/airflow/.local/lib/python3.9/site-packages/airflow/example_dags/example_complex.py
[2024-04-21T20:05:51.721+0000] {logging_mixin.py:188} INFO - [2024-04-21T20:05:51.720+0000] {dag.py:3047} INFO - Sync 1 DAGs
[2024-04-21T20:05:51.742+0000] {logging_mixin.py:188} INFO - [2024-04-21T20:05:51.742+0000] {dag.py:3834} INFO - Setting next_dagrun for example_complex to None, run_after=None
[2024-04-21T20:05:51.799+0000] {processor.py:183} INFO - Processing /home/airflow/.local/lib/python3.9/site-packages/airflow/example_dags/example_complex.py took 0.222 seconds
[2024-04-21T20:06:45.690+0000] {processor.py:161} INFO - Started process (PID=566) to work on /home/airflow/.local/lib/python3.9/site-packages/airflow/example_dags/example_complex.py
[2024-04-21T20:06:45.692+0000] {processor.py:830} INFO - Processing file /home/airflow/.local/lib/python3.9/site-packages/airflow/example_dags/example_complex.py for tasks to queue
[2024-04-21T20:06:45.693+0000] {logging_mixin.py:188} INFO - [2024-04-21T20:06:45.693+0000] {dagbag.py:540} INFO - Filling up the DagBag from /home/airflow/.local/lib/python3.9/site-packages/airflow/example_dags/example_complex.py
[2024-04-21T20:06:45.706+0000] {processor.py:840} INFO - DAG(s) 'example_complex' retrieved from /home/airflow/.local/lib/python3.9/site-packages/airflow/example_dags/example_complex.py
[2024-04-21T20:06:45.779+0000] {logging_mixin.py:188} INFO - [2024-04-21T20:06:45.779+0000] {dag.py:3047} INFO - Sync 1 DAGs
[2024-04-21T20:06:45.794+0000] {logging_mixin.py:188} INFO - [2024-04-21T20:06:45.794+0000] {dag.py:3834} INFO - Setting next_dagrun for example_complex to None, run_after=None
[2024-04-21T20:06:45.834+0000] {processor.py:183} INFO - Processing /home/airflow/.local/lib/python3.9/site-packages/airflow/example_dags/example_complex.py took 0.148 seconds
[2024-04-21T20:07:17.473+0000] {processor.py:161} INFO - Started process (PID=624) to work on /home/airflow/.local/lib/python3.9/site-packages/airflow/example_dags/example_complex.py
[2024-04-21T20:07:17.475+0000] {processor.py:830} INFO - Processing file /home/airflow/.local/lib/python3.9/site-packages/airflow/example_dags/example_complex.py for tasks to queue
[2024-04-21T20:07:17.477+0000] {logging_mixin.py:188} INFO - [2024-04-21T20:07:17.477+0000] {dagbag.py:540} INFO - Filling up the DagBag from /home/airflow/.local/lib/python3.9/site-packages/airflow/example_dags/example_complex.py
[2024-04-21T20:07:17.501+0000] {processor.py:840} INFO - DAG(s) 'example_complex' retrieved from /home/airflow/.local/lib/python3.9/site-packages/airflow/example_dags/example_complex.py
[2024-04-21T20:07:17.643+0000] {logging_mixin.py:188} INFO - [2024-04-21T20:07:17.643+0000] {dag.py:3047} INFO - Sync 1 DAGs
[2024-04-21T20:07:17.665+0000] {logging_mixin.py:188} INFO - [2024-04-21T20:07:17.664+0000] {dag.py:3834} INFO - Setting next_dagrun for example_complex to None, run_after=None
[2024-04-21T20:07:17.731+0000] {processor.py:183} INFO - Processing /home/airflow/.local/lib/python3.9/site-packages/airflow/example_dags/example_complex.py took 0.262 seconds
[2024-04-21T20:07:48.423+0000] {processor.py:161} INFO - Started process (PID=681) to work on /home/airflow/.local/lib/python3.9/site-packages/airflow/example_dags/example_complex.py
[2024-04-21T20:07:48.425+0000] {processor.py:830} INFO - Processing file /home/airflow/.local/lib/python3.9/site-packages/airflow/example_dags/example_complex.py for tasks to queue
[2024-04-21T20:07:48.427+0000] {logging_mixin.py:188} INFO - [2024-04-21T20:07:48.426+0000] {dagbag.py:540} INFO - Filling up the DagBag from /home/airflow/.local/lib/python3.9/site-packages/airflow/example_dags/example_complex.py
[2024-04-21T20:07:48.448+0000] {processor.py:840} INFO - DAG(s) 'example_complex' retrieved from /home/airflow/.local/lib/python3.9/site-packages/airflow/example_dags/example_complex.py
[2024-04-21T20:07:48.584+0000] {logging_mixin.py:188} INFO - [2024-04-21T20:07:48.583+0000] {dag.py:3047} INFO - Sync 1 DAGs
[2024-04-21T20:07:48.606+0000] {logging_mixin.py:188} INFO - [2024-04-21T20:07:48.606+0000] {dag.py:3834} INFO - Setting next_dagrun for example_complex to None, run_after=None
[2024-04-21T20:07:48.656+0000] {processor.py:183} INFO - Processing /home/airflow/.local/lib/python3.9/site-packages/airflow/example_dags/example_complex.py took 0.239 seconds
[2024-04-21T20:08:21.810+0000] {processor.py:161} INFO - Started process (PID=737) to work on /home/airflow/.local/lib/python3.9/site-packages/airflow/example_dags/example_complex.py
[2024-04-21T20:08:21.811+0000] {processor.py:830} INFO - Processing file /home/airflow/.local/lib/python3.9/site-packages/airflow/example_dags/example_complex.py for tasks to queue
[2024-04-21T20:08:21.813+0000] {logging_mixin.py:188} INFO - [2024-04-21T20:08:21.813+0000] {dagbag.py:540} INFO - Filling up the DagBag from /home/airflow/.local/lib/python3.9/site-packages/airflow/example_dags/example_complex.py
[2024-04-21T20:08:21.827+0000] {processor.py:840} INFO - DAG(s) 'example_complex' retrieved from /home/airflow/.local/lib/python3.9/site-packages/airflow/example_dags/example_complex.py
[2024-04-21T20:08:21.907+0000] {logging_mixin.py:188} INFO - [2024-04-21T20:08:21.906+0000] {dag.py:3047} INFO - Sync 1 DAGs
[2024-04-21T20:08:21.922+0000] {logging_mixin.py:188} INFO - [2024-04-21T20:08:21.921+0000] {dag.py:3834} INFO - Setting next_dagrun for example_complex to None, run_after=None
[2024-04-21T20:08:21.965+0000] {processor.py:183} INFO - Processing /home/airflow/.local/lib/python3.9/site-packages/airflow/example_dags/example_complex.py took 0.158 seconds
[2024-04-21T20:10:04.241+0000] {processor.py:161} INFO - Started process (PID=808) to work on /home/airflow/.local/lib/python3.9/site-packages/airflow/example_dags/example_complex.py
[2024-04-21T20:10:04.243+0000] {processor.py:830} INFO - Processing file /home/airflow/.local/lib/python3.9/site-packages/airflow/example_dags/example_complex.py for tasks to queue
[2024-04-21T20:10:04.244+0000] {logging_mixin.py:188} INFO - [2024-04-21T20:10:04.244+0000] {dagbag.py:540} INFO - Filling up the DagBag from /home/airflow/.local/lib/python3.9/site-packages/airflow/example_dags/example_complex.py
[2024-04-21T20:10:04.257+0000] {processor.py:840} INFO - DAG(s) 'example_complex' retrieved from /home/airflow/.local/lib/python3.9/site-packages/airflow/example_dags/example_complex.py
[2024-04-21T20:10:04.328+0000] {logging_mixin.py:188} INFO - [2024-04-21T20:10:04.327+0000] {dag.py:3047} INFO - Sync 1 DAGs
[2024-04-21T20:10:04.342+0000] {logging_mixin.py:188} INFO - [2024-04-21T20:10:04.342+0000] {dag.py:3834} INFO - Setting next_dagrun for example_complex to None, run_after=None
[2024-04-21T20:10:04.383+0000] {processor.py:183} INFO - Processing /home/airflow/.local/lib/python3.9/site-packages/airflow/example_dags/example_complex.py took 0.146 seconds
[2024-04-21T20:10:35.086+0000] {processor.py:161} INFO - Started process (PID=865) to work on /home/airflow/.local/lib/python3.9/site-packages/airflow/example_dags/example_complex.py
[2024-04-21T20:10:35.088+0000] {processor.py:830} INFO - Processing file /home/airflow/.local/lib/python3.9/site-packages/airflow/example_dags/example_complex.py for tasks to queue
[2024-04-21T20:10:35.091+0000] {logging_mixin.py:188} INFO - [2024-04-21T20:10:35.090+0000] {dagbag.py:540} INFO - Filling up the DagBag from /home/airflow/.local/lib/python3.9/site-packages/airflow/example_dags/example_complex.py
[2024-04-21T20:10:35.107+0000] {processor.py:840} INFO - DAG(s) 'example_complex' retrieved from /home/airflow/.local/lib/python3.9/site-packages/airflow/example_dags/example_complex.py
[2024-04-21T20:10:35.196+0000] {logging_mixin.py:188} INFO - [2024-04-21T20:10:35.195+0000] {dag.py:3047} INFO - Sync 1 DAGs
[2024-04-21T20:10:35.220+0000] {logging_mixin.py:188} INFO - [2024-04-21T20:10:35.219+0000] {dag.py:3834} INFO - Setting next_dagrun for example_complex to None, run_after=None
[2024-04-21T20:10:35.269+0000] {processor.py:183} INFO - Processing /home/airflow/.local/lib/python3.9/site-packages/airflow/example_dags/example_complex.py took 0.186 seconds
[2024-04-21T20:11:05.567+0000] {processor.py:161} INFO - Started process (PID=924) to work on /home/airflow/.local/lib/python3.9/site-packages/airflow/example_dags/example_complex.py
[2024-04-21T20:11:05.569+0000] {processor.py:830} INFO - Processing file /home/airflow/.local/lib/python3.9/site-packages/airflow/example_dags/example_complex.py for tasks to queue
[2024-04-21T20:11:05.571+0000] {logging_mixin.py:188} INFO - [2024-04-21T20:11:05.570+0000] {dagbag.py:540} INFO - Filling up the DagBag from /home/airflow/.local/lib/python3.9/site-packages/airflow/example_dags/example_complex.py
[2024-04-21T20:11:05.583+0000] {processor.py:840} INFO - DAG(s) 'example_complex' retrieved from /home/airflow/.local/lib/python3.9/site-packages/airflow/example_dags/example_complex.py
[2024-04-21T20:11:05.648+0000] {logging_mixin.py:188} INFO - [2024-04-21T20:11:05.648+0000] {dag.py:3047} INFO - Sync 1 DAGs
[2024-04-21T20:11:05.660+0000] {logging_mixin.py:188} INFO - [2024-04-21T20:11:05.660+0000] {dag.py:3834} INFO - Setting next_dagrun for example_complex to None, run_after=None
[2024-04-21T20:11:05.698+0000] {processor.py:183} INFO - Processing /home/airflow/.local/lib/python3.9/site-packages/airflow/example_dags/example_complex.py took 0.133 seconds
[2024-04-21T20:14:18.905+0000] {processor.py:161} INFO - Started process (PID=52) to work on /home/airflow/.local/lib/python3.9/site-packages/airflow/example_dags/example_complex.py
[2024-04-21T20:14:18.913+0000] {processor.py:830} INFO - Processing file /home/airflow/.local/lib/python3.9/site-packages/airflow/example_dags/example_complex.py for tasks to queue
[2024-04-21T20:14:18.929+0000] {logging_mixin.py:188} INFO - [2024-04-21T20:14:18.929+0000] {dagbag.py:540} INFO - Filling up the DagBag from /home/airflow/.local/lib/python3.9/site-packages/airflow/example_dags/example_complex.py
[2024-04-21T20:14:18.983+0000] {processor.py:840} INFO - DAG(s) 'example_complex' retrieved from /home/airflow/.local/lib/python3.9/site-packages/airflow/example_dags/example_complex.py
[2024-04-21T20:14:19.426+0000] {logging_mixin.py:188} INFO - [2024-04-21T20:14:19.425+0000] {dag.py:3047} INFO - Sync 1 DAGs
[2024-04-21T20:14:19.452+0000] {logging_mixin.py:188} INFO - [2024-04-21T20:14:19.452+0000] {dag.py:3834} INFO - Setting next_dagrun for example_complex to None, run_after=None
[2024-04-21T20:14:19.512+0000] {processor.py:183} INFO - Processing /home/airflow/.local/lib/python3.9/site-packages/airflow/example_dags/example_complex.py took 0.620 seconds
[2024-04-21T20:14:49.709+0000] {processor.py:161} INFO - Started process (PID=110) to work on /home/airflow/.local/lib/python3.9/site-packages/airflow/example_dags/example_complex.py
[2024-04-21T20:14:49.711+0000] {processor.py:830} INFO - Processing file /home/airflow/.local/lib/python3.9/site-packages/airflow/example_dags/example_complex.py for tasks to queue
[2024-04-21T20:14:49.713+0000] {logging_mixin.py:188} INFO - [2024-04-21T20:14:49.713+0000] {dagbag.py:540} INFO - Filling up the DagBag from /home/airflow/.local/lib/python3.9/site-packages/airflow/example_dags/example_complex.py
[2024-04-21T20:14:49.726+0000] {processor.py:840} INFO - DAG(s) 'example_complex' retrieved from /home/airflow/.local/lib/python3.9/site-packages/airflow/example_dags/example_complex.py
[2024-04-21T20:14:49.806+0000] {logging_mixin.py:188} INFO - [2024-04-21T20:14:49.806+0000] {dag.py:3047} INFO - Sync 1 DAGs
[2024-04-21T20:14:49.821+0000] {logging_mixin.py:188} INFO - [2024-04-21T20:14:49.821+0000] {dag.py:3834} INFO - Setting next_dagrun for example_complex to None, run_after=None
[2024-04-21T20:14:49.859+0000] {processor.py:183} INFO - Processing /home/airflow/.local/lib/python3.9/site-packages/airflow/example_dags/example_complex.py took 0.154 seconds
[2024-04-21T20:15:20.002+0000] {processor.py:161} INFO - Started process (PID=167) to work on /home/airflow/.local/lib/python3.9/site-packages/airflow/example_dags/example_complex.py
[2024-04-21T20:15:20.004+0000] {processor.py:830} INFO - Processing file /home/airflow/.local/lib/python3.9/site-packages/airflow/example_dags/example_complex.py for tasks to queue
[2024-04-21T20:15:20.006+0000] {logging_mixin.py:188} INFO - [2024-04-21T20:15:20.005+0000] {dagbag.py:540} INFO - Filling up the DagBag from /home/airflow/.local/lib/python3.9/site-packages/airflow/example_dags/example_complex.py
[2024-04-21T20:15:20.019+0000] {processor.py:840} INFO - DAG(s) 'example_complex' retrieved from /home/airflow/.local/lib/python3.9/site-packages/airflow/example_dags/example_complex.py
[2024-04-21T20:15:20.093+0000] {logging_mixin.py:188} INFO - [2024-04-21T20:15:20.092+0000] {dag.py:3047} INFO - Sync 1 DAGs
[2024-04-21T20:15:20.107+0000] {logging_mixin.py:188} INFO - [2024-04-21T20:15:20.107+0000] {dag.py:3834} INFO - Setting next_dagrun for example_complex to None, run_after=None
[2024-04-21T20:15:20.140+0000] {processor.py:183} INFO - Processing /home/airflow/.local/lib/python3.9/site-packages/airflow/example_dags/example_complex.py took 0.141 seconds
[2024-04-21T20:16:16.605+0000] {processor.py:161} INFO - Started process (PID=52) to work on /home/airflow/.local/lib/python3.9/site-packages/airflow/example_dags/example_complex.py
[2024-04-21T20:16:16.606+0000] {processor.py:830} INFO - Processing file /home/airflow/.local/lib/python3.9/site-packages/airflow/example_dags/example_complex.py for tasks to queue
[2024-04-21T20:16:16.608+0000] {logging_mixin.py:188} INFO - [2024-04-21T20:16:16.608+0000] {dagbag.py:540} INFO - Filling up the DagBag from /home/airflow/.local/lib/python3.9/site-packages/airflow/example_dags/example_complex.py
[2024-04-21T20:16:16.621+0000] {processor.py:840} INFO - DAG(s) 'example_complex' retrieved from /home/airflow/.local/lib/python3.9/site-packages/airflow/example_dags/example_complex.py
[2024-04-21T20:16:16.694+0000] {logging_mixin.py:188} INFO - [2024-04-21T20:16:16.693+0000] {dag.py:3047} INFO - Sync 1 DAGs
[2024-04-21T20:16:16.710+0000] {logging_mixin.py:188} INFO - [2024-04-21T20:16:16.709+0000] {dag.py:3834} INFO - Setting next_dagrun for example_complex to None, run_after=None
[2024-04-21T20:16:16.751+0000] {processor.py:183} INFO - Processing /home/airflow/.local/lib/python3.9/site-packages/airflow/example_dags/example_complex.py took 0.149 seconds
[2024-04-21T20:16:47.476+0000] {processor.py:161} INFO - Started process (PID=109) to work on /home/airflow/.local/lib/python3.9/site-packages/airflow/example_dags/example_complex.py
[2024-04-21T20:16:47.477+0000] {processor.py:830} INFO - Processing file /home/airflow/.local/lib/python3.9/site-packages/airflow/example_dags/example_complex.py for tasks to queue
[2024-04-21T20:16:47.479+0000] {logging_mixin.py:188} INFO - [2024-04-21T20:16:47.479+0000] {dagbag.py:540} INFO - Filling up the DagBag from /home/airflow/.local/lib/python3.9/site-packages/airflow/example_dags/example_complex.py
[2024-04-21T20:16:47.491+0000] {processor.py:840} INFO - DAG(s) 'example_complex' retrieved from /home/airflow/.local/lib/python3.9/site-packages/airflow/example_dags/example_complex.py
[2024-04-21T20:16:47.553+0000] {logging_mixin.py:188} INFO - [2024-04-21T20:16:47.552+0000] {dag.py:3047} INFO - Sync 1 DAGs
[2024-04-21T20:16:47.564+0000] {logging_mixin.py:188} INFO - [2024-04-21T20:16:47.564+0000] {dag.py:3834} INFO - Setting next_dagrun for example_complex to None, run_after=None
[2024-04-21T20:16:47.599+0000] {processor.py:183} INFO - Processing /home/airflow/.local/lib/python3.9/site-packages/airflow/example_dags/example_complex.py took 0.125 seconds
[2024-04-21T20:17:18.066+0000] {processor.py:161} INFO - Started process (PID=166) to work on /home/airflow/.local/lib/python3.9/site-packages/airflow/example_dags/example_complex.py
[2024-04-21T20:17:18.068+0000] {processor.py:830} INFO - Processing file /home/airflow/.local/lib/python3.9/site-packages/airflow/example_dags/example_complex.py for tasks to queue
[2024-04-21T20:17:18.070+0000] {logging_mixin.py:188} INFO - [2024-04-21T20:17:18.070+0000] {dagbag.py:540} INFO - Filling up the DagBag from /home/airflow/.local/lib/python3.9/site-packages/airflow/example_dags/example_complex.py
[2024-04-21T20:17:18.082+0000] {processor.py:840} INFO - DAG(s) 'example_complex' retrieved from /home/airflow/.local/lib/python3.9/site-packages/airflow/example_dags/example_complex.py
[2024-04-21T20:17:18.151+0000] {logging_mixin.py:188} INFO - [2024-04-21T20:17:18.150+0000] {dag.py:3047} INFO - Sync 1 DAGs
[2024-04-21T20:17:18.164+0000] {logging_mixin.py:188} INFO - [2024-04-21T20:17:18.164+0000] {dag.py:3834} INFO - Setting next_dagrun for example_complex to None, run_after=None
[2024-04-21T20:17:18.206+0000] {processor.py:183} INFO - Processing /home/airflow/.local/lib/python3.9/site-packages/airflow/example_dags/example_complex.py took 0.143 seconds
[2024-04-21T20:17:48.912+0000] {processor.py:161} INFO - Started process (PID=223) to work on /home/airflow/.local/lib/python3.9/site-packages/airflow/example_dags/example_complex.py
[2024-04-21T20:17:48.913+0000] {processor.py:830} INFO - Processing file /home/airflow/.local/lib/python3.9/site-packages/airflow/example_dags/example_complex.py for tasks to queue
[2024-04-21T20:17:48.915+0000] {logging_mixin.py:188} INFO - [2024-04-21T20:17:48.915+0000] {dagbag.py:540} INFO - Filling up the DagBag from /home/airflow/.local/lib/python3.9/site-packages/airflow/example_dags/example_complex.py
[2024-04-21T20:17:48.926+0000] {processor.py:840} INFO - DAG(s) 'example_complex' retrieved from /home/airflow/.local/lib/python3.9/site-packages/airflow/example_dags/example_complex.py
[2024-04-21T20:17:48.990+0000] {logging_mixin.py:188} INFO - [2024-04-21T20:17:48.990+0000] {dag.py:3047} INFO - Sync 1 DAGs
[2024-04-21T20:17:49.002+0000] {logging_mixin.py:188} INFO - [2024-04-21T20:17:49.002+0000] {dag.py:3834} INFO - Setting next_dagrun for example_complex to None, run_after=None
[2024-04-21T20:17:49.034+0000] {processor.py:183} INFO - Processing /home/airflow/.local/lib/python3.9/site-packages/airflow/example_dags/example_complex.py took 0.125 seconds
[2024-04-21T20:18:19.436+0000] {processor.py:161} INFO - Started process (PID=280) to work on /home/airflow/.local/lib/python3.9/site-packages/airflow/example_dags/example_complex.py
[2024-04-21T20:18:19.437+0000] {processor.py:830} INFO - Processing file /home/airflow/.local/lib/python3.9/site-packages/airflow/example_dags/example_complex.py for tasks to queue
[2024-04-21T20:18:19.439+0000] {logging_mixin.py:188} INFO - [2024-04-21T20:18:19.439+0000] {dagbag.py:540} INFO - Filling up the DagBag from /home/airflow/.local/lib/python3.9/site-packages/airflow/example_dags/example_complex.py
[2024-04-21T20:18:19.450+0000] {processor.py:840} INFO - DAG(s) 'example_complex' retrieved from /home/airflow/.local/lib/python3.9/site-packages/airflow/example_dags/example_complex.py
[2024-04-21T20:18:19.519+0000] {logging_mixin.py:188} INFO - [2024-04-21T20:18:19.519+0000] {dag.py:3047} INFO - Sync 1 DAGs
[2024-04-21T20:18:19.533+0000] {logging_mixin.py:188} INFO - [2024-04-21T20:18:19.533+0000] {dag.py:3834} INFO - Setting next_dagrun for example_complex to None, run_after=None
[2024-04-21T20:18:19.567+0000] {processor.py:183} INFO - Processing /home/airflow/.local/lib/python3.9/site-packages/airflow/example_dags/example_complex.py took 0.134 seconds
[2024-04-21T20:18:49.679+0000] {processor.py:161} INFO - Started process (PID=335) to work on /home/airflow/.local/lib/python3.9/site-packages/airflow/example_dags/example_complex.py
[2024-04-21T20:18:49.680+0000] {processor.py:830} INFO - Processing file /home/airflow/.local/lib/python3.9/site-packages/airflow/example_dags/example_complex.py for tasks to queue
[2024-04-21T20:18:49.683+0000] {logging_mixin.py:188} INFO - [2024-04-21T20:18:49.683+0000] {dagbag.py:540} INFO - Filling up the DagBag from /home/airflow/.local/lib/python3.9/site-packages/airflow/example_dags/example_complex.py
[2024-04-21T20:18:49.696+0000] {processor.py:840} INFO - DAG(s) 'example_complex' retrieved from /home/airflow/.local/lib/python3.9/site-packages/airflow/example_dags/example_complex.py
[2024-04-21T20:18:49.776+0000] {logging_mixin.py:188} INFO - [2024-04-21T20:18:49.775+0000] {dag.py:3047} INFO - Sync 1 DAGs
[2024-04-21T20:18:49.791+0000] {logging_mixin.py:188} INFO - [2024-04-21T20:18:49.791+0000] {dag.py:3834} INFO - Setting next_dagrun for example_complex to None, run_after=None
[2024-04-21T20:18:49.834+0000] {processor.py:183} INFO - Processing /home/airflow/.local/lib/python3.9/site-packages/airflow/example_dags/example_complex.py took 0.159 seconds
[2024-04-21T20:32:48.132+0000] {processor.py:161} INFO - Started process (PID=52) to work on /home/airflow/.local/lib/python3.9/site-packages/airflow/example_dags/example_complex.py
[2024-04-21T20:32:48.133+0000] {processor.py:830} INFO - Processing file /home/airflow/.local/lib/python3.9/site-packages/airflow/example_dags/example_complex.py for tasks to queue
[2024-04-21T20:32:48.136+0000] {logging_mixin.py:188} INFO - [2024-04-21T20:32:48.136+0000] {dagbag.py:540} INFO - Filling up the DagBag from /home/airflow/.local/lib/python3.9/site-packages/airflow/example_dags/example_complex.py
[2024-04-21T20:32:48.157+0000] {processor.py:840} INFO - DAG(s) 'example_complex' retrieved from /home/airflow/.local/lib/python3.9/site-packages/airflow/example_dags/example_complex.py
[2024-04-21T20:32:48.380+0000] {logging_mixin.py:188} INFO - [2024-04-21T20:32:48.379+0000] {dag.py:3047} INFO - Sync 1 DAGs
[2024-04-21T20:32:48.729+0000] {logging_mixin.py:188} INFO - [2024-04-21T20:32:48.725+0000] {dag.py:3834} INFO - Setting next_dagrun for example_complex to None, run_after=None
[2024-04-21T20:32:48.846+0000] {processor.py:183} INFO - Processing /home/airflow/.local/lib/python3.9/site-packages/airflow/example_dags/example_complex.py took 0.718 seconds
[2024-04-21T20:33:22.311+0000] {processor.py:161} INFO - Started process (PID=52) to work on /home/airflow/.local/lib/python3.9/site-packages/airflow/example_dags/example_complex.py
[2024-04-21T20:33:22.313+0000] {processor.py:830} INFO - Processing file /home/airflow/.local/lib/python3.9/site-packages/airflow/example_dags/example_complex.py for tasks to queue
[2024-04-21T20:33:22.316+0000] {logging_mixin.py:188} INFO - [2024-04-21T20:33:22.316+0000] {dagbag.py:540} INFO - Filling up the DagBag from /home/airflow/.local/lib/python3.9/site-packages/airflow/example_dags/example_complex.py
[2024-04-21T20:33:22.330+0000] {processor.py:840} INFO - DAG(s) 'example_complex' retrieved from /home/airflow/.local/lib/python3.9/site-packages/airflow/example_dags/example_complex.py
[2024-04-21T20:33:22.544+0000] {logging_mixin.py:188} INFO - [2024-04-21T20:33:22.544+0000] {dag.py:3047} INFO - Sync 1 DAGs
[2024-04-21T20:33:22.560+0000] {logging_mixin.py:188} INFO - [2024-04-21T20:33:22.559+0000] {dag.py:3834} INFO - Setting next_dagrun for example_complex to None, run_after=None
[2024-04-21T20:33:22.616+0000] {processor.py:183} INFO - Processing /home/airflow/.local/lib/python3.9/site-packages/airflow/example_dags/example_complex.py took 0.307 seconds
[2024-04-21T20:33:53.541+0000] {processor.py:161} INFO - Started process (PID=109) to work on /home/airflow/.local/lib/python3.9/site-packages/airflow/example_dags/example_complex.py
[2024-04-21T20:33:53.543+0000] {processor.py:830} INFO - Processing file /home/airflow/.local/lib/python3.9/site-packages/airflow/example_dags/example_complex.py for tasks to queue
[2024-04-21T20:33:53.546+0000] {logging_mixin.py:188} INFO - [2024-04-21T20:33:53.545+0000] {dagbag.py:540} INFO - Filling up the DagBag from /home/airflow/.local/lib/python3.9/site-packages/airflow/example_dags/example_complex.py
[2024-04-21T20:33:53.561+0000] {processor.py:840} INFO - DAG(s) 'example_complex' retrieved from /home/airflow/.local/lib/python3.9/site-packages/airflow/example_dags/example_complex.py
[2024-04-21T20:33:53.642+0000] {logging_mixin.py:188} INFO - [2024-04-21T20:33:53.641+0000] {dag.py:3047} INFO - Sync 1 DAGs
[2024-04-21T20:33:53.654+0000] {logging_mixin.py:188} INFO - [2024-04-21T20:33:53.653+0000] {dag.py:3834} INFO - Setting next_dagrun for example_complex to None, run_after=None
[2024-04-21T20:33:53.687+0000] {processor.py:183} INFO - Processing /home/airflow/.local/lib/python3.9/site-packages/airflow/example_dags/example_complex.py took 0.149 seconds
[2024-04-21T20:34:30.233+0000] {processor.py:161} INFO - Started process (PID=52) to work on /home/airflow/.local/lib/python3.9/site-packages/airflow/example_dags/example_complex.py
[2024-04-21T20:34:30.234+0000] {processor.py:830} INFO - Processing file /home/airflow/.local/lib/python3.9/site-packages/airflow/example_dags/example_complex.py for tasks to queue
[2024-04-21T20:34:30.236+0000] {logging_mixin.py:188} INFO - [2024-04-21T20:34:30.236+0000] {dagbag.py:540} INFO - Filling up the DagBag from /home/airflow/.local/lib/python3.9/site-packages/airflow/example_dags/example_complex.py
[2024-04-21T20:34:30.248+0000] {processor.py:840} INFO - DAG(s) 'example_complex' retrieved from /home/airflow/.local/lib/python3.9/site-packages/airflow/example_dags/example_complex.py
[2024-04-21T20:34:30.328+0000] {logging_mixin.py:188} INFO - [2024-04-21T20:34:30.328+0000] {dag.py:3047} INFO - Sync 1 DAGs
[2024-04-21T20:34:30.341+0000] {logging_mixin.py:188} INFO - [2024-04-21T20:34:30.341+0000] {dag.py:3834} INFO - Setting next_dagrun for example_complex to None, run_after=None
[2024-04-21T20:34:30.371+0000] {processor.py:183} INFO - Processing /home/airflow/.local/lib/python3.9/site-packages/airflow/example_dags/example_complex.py took 0.142 seconds
[2024-04-21T20:35:01.275+0000] {processor.py:161} INFO - Started process (PID=109) to work on /home/airflow/.local/lib/python3.9/site-packages/airflow/example_dags/example_complex.py
[2024-04-21T20:35:01.276+0000] {processor.py:830} INFO - Processing file /home/airflow/.local/lib/python3.9/site-packages/airflow/example_dags/example_complex.py for tasks to queue
[2024-04-21T20:35:01.278+0000] {logging_mixin.py:188} INFO - [2024-04-21T20:35:01.278+0000] {dagbag.py:540} INFO - Filling up the DagBag from /home/airflow/.local/lib/python3.9/site-packages/airflow/example_dags/example_complex.py
[2024-04-21T20:35:01.289+0000] {processor.py:840} INFO - DAG(s) 'example_complex' retrieved from /home/airflow/.local/lib/python3.9/site-packages/airflow/example_dags/example_complex.py
[2024-04-21T20:35:01.358+0000] {logging_mixin.py:188} INFO - [2024-04-21T20:35:01.357+0000] {dag.py:3047} INFO - Sync 1 DAGs
[2024-04-21T20:35:01.372+0000] {logging_mixin.py:188} INFO - [2024-04-21T20:35:01.372+0000] {dag.py:3834} INFO - Setting next_dagrun for example_complex to None, run_after=None
[2024-04-21T20:35:01.412+0000] {processor.py:183} INFO - Processing /home/airflow/.local/lib/python3.9/site-packages/airflow/example_dags/example_complex.py took 0.140 seconds
[2024-04-21T20:35:32.221+0000] {processor.py:161} INFO - Started process (PID=166) to work on /home/airflow/.local/lib/python3.9/site-packages/airflow/example_dags/example_complex.py
[2024-04-21T20:35:32.222+0000] {processor.py:830} INFO - Processing file /home/airflow/.local/lib/python3.9/site-packages/airflow/example_dags/example_complex.py for tasks to queue
[2024-04-21T20:35:32.225+0000] {logging_mixin.py:188} INFO - [2024-04-21T20:35:32.224+0000] {dagbag.py:540} INFO - Filling up the DagBag from /home/airflow/.local/lib/python3.9/site-packages/airflow/example_dags/example_complex.py
[2024-04-21T20:35:32.236+0000] {processor.py:840} INFO - DAG(s) 'example_complex' retrieved from /home/airflow/.local/lib/python3.9/site-packages/airflow/example_dags/example_complex.py
[2024-04-21T20:35:32.306+0000] {logging_mixin.py:188} INFO - [2024-04-21T20:35:32.306+0000] {dag.py:3047} INFO - Sync 1 DAGs
[2024-04-21T20:35:32.320+0000] {logging_mixin.py:188} INFO - [2024-04-21T20:35:32.320+0000] {dag.py:3834} INFO - Setting next_dagrun for example_complex to None, run_after=None
[2024-04-21T20:35:32.352+0000] {processor.py:183} INFO - Processing /home/airflow/.local/lib/python3.9/site-packages/airflow/example_dags/example_complex.py took 0.135 seconds
[2024-04-21T20:36:03.335+0000] {processor.py:161} INFO - Started process (PID=223) to work on /home/airflow/.local/lib/python3.9/site-packages/airflow/example_dags/example_complex.py
[2024-04-21T20:36:03.337+0000] {processor.py:830} INFO - Processing file /home/airflow/.local/lib/python3.9/site-packages/airflow/example_dags/example_complex.py for tasks to queue
[2024-04-21T20:36:03.339+0000] {logging_mixin.py:188} INFO - [2024-04-21T20:36:03.338+0000] {dagbag.py:540} INFO - Filling up the DagBag from /home/airflow/.local/lib/python3.9/site-packages/airflow/example_dags/example_complex.py
[2024-04-21T20:36:03.349+0000] {processor.py:840} INFO - DAG(s) 'example_complex' retrieved from /home/airflow/.local/lib/python3.9/site-packages/airflow/example_dags/example_complex.py
[2024-04-21T20:36:03.414+0000] {logging_mixin.py:188} INFO - [2024-04-21T20:36:03.413+0000] {dag.py:3047} INFO - Sync 1 DAGs
[2024-04-21T20:36:03.427+0000] {logging_mixin.py:188} INFO - [2024-04-21T20:36:03.427+0000] {dag.py:3834} INFO - Setting next_dagrun for example_complex to None, run_after=None
[2024-04-21T20:36:03.463+0000] {processor.py:183} INFO - Processing /home/airflow/.local/lib/python3.9/site-packages/airflow/example_dags/example_complex.py took 0.131 seconds
[2024-04-21T20:36:34.916+0000] {processor.py:161} INFO - Started process (PID=280) to work on /home/airflow/.local/lib/python3.9/site-packages/airflow/example_dags/example_complex.py
[2024-04-21T20:36:34.918+0000] {processor.py:830} INFO - Processing file /home/airflow/.local/lib/python3.9/site-packages/airflow/example_dags/example_complex.py for tasks to queue
[2024-04-21T20:36:34.921+0000] {logging_mixin.py:188} INFO - [2024-04-21T20:36:34.920+0000] {dagbag.py:540} INFO - Filling up the DagBag from /home/airflow/.local/lib/python3.9/site-packages/airflow/example_dags/example_complex.py
[2024-04-21T20:36:34.933+0000] {processor.py:840} INFO - DAG(s) 'example_complex' retrieved from /home/airflow/.local/lib/python3.9/site-packages/airflow/example_dags/example_complex.py
[2024-04-21T20:36:35.002+0000] {logging_mixin.py:188} INFO - [2024-04-21T20:36:35.002+0000] {dag.py:3047} INFO - Sync 1 DAGs
[2024-04-21T20:36:35.016+0000] {logging_mixin.py:188} INFO - [2024-04-21T20:36:35.015+0000] {dag.py:3834} INFO - Setting next_dagrun for example_complex to None, run_after=None
[2024-04-21T20:36:35.053+0000] {processor.py:183} INFO - Processing /home/airflow/.local/lib/python3.9/site-packages/airflow/example_dags/example_complex.py took 0.140 seconds
[2024-04-21T20:37:05.363+0000] {processor.py:161} INFO - Started process (PID=337) to work on /home/airflow/.local/lib/python3.9/site-packages/airflow/example_dags/example_complex.py
[2024-04-21T20:37:05.365+0000] {processor.py:830} INFO - Processing file /home/airflow/.local/lib/python3.9/site-packages/airflow/example_dags/example_complex.py for tasks to queue
[2024-04-21T20:37:05.369+0000] {logging_mixin.py:188} INFO - [2024-04-21T20:37:05.368+0000] {dagbag.py:540} INFO - Filling up the DagBag from /home/airflow/.local/lib/python3.9/site-packages/airflow/example_dags/example_complex.py
[2024-04-21T20:37:05.385+0000] {processor.py:840} INFO - DAG(s) 'example_complex' retrieved from /home/airflow/.local/lib/python3.9/site-packages/airflow/example_dags/example_complex.py
[2024-04-21T20:37:05.463+0000] {logging_mixin.py:188} INFO - [2024-04-21T20:37:05.462+0000] {dag.py:3047} INFO - Sync 1 DAGs
[2024-04-21T20:37:05.481+0000] {logging_mixin.py:188} INFO - [2024-04-21T20:37:05.481+0000] {dag.py:3834} INFO - Setting next_dagrun for example_complex to None, run_after=None
[2024-04-21T20:37:05.525+0000] {processor.py:183} INFO - Processing /home/airflow/.local/lib/python3.9/site-packages/airflow/example_dags/example_complex.py took 0.165 seconds
[2024-04-21T20:37:35.633+0000] {processor.py:161} INFO - Started process (PID=392) to work on /home/airflow/.local/lib/python3.9/site-packages/airflow/example_dags/example_complex.py
[2024-04-21T20:37:35.635+0000] {processor.py:830} INFO - Processing file /home/airflow/.local/lib/python3.9/site-packages/airflow/example_dags/example_complex.py for tasks to queue
[2024-04-21T20:37:35.636+0000] {logging_mixin.py:188} INFO - [2024-04-21T20:37:35.636+0000] {dagbag.py:540} INFO - Filling up the DagBag from /home/airflow/.local/lib/python3.9/site-packages/airflow/example_dags/example_complex.py
[2024-04-21T20:37:35.647+0000] {processor.py:840} INFO - DAG(s) 'example_complex' retrieved from /home/airflow/.local/lib/python3.9/site-packages/airflow/example_dags/example_complex.py
[2024-04-21T20:37:35.709+0000] {logging_mixin.py:188} INFO - [2024-04-21T20:37:35.708+0000] {dag.py:3047} INFO - Sync 1 DAGs
[2024-04-21T20:37:35.721+0000] {logging_mixin.py:188} INFO - [2024-04-21T20:37:35.720+0000] {dag.py:3834} INFO - Setting next_dagrun for example_complex to None, run_after=None
[2024-04-21T20:37:35.753+0000] {processor.py:183} INFO - Processing /home/airflow/.local/lib/python3.9/site-packages/airflow/example_dags/example_complex.py took 0.122 seconds
[2024-04-21T20:38:06.816+0000] {processor.py:161} INFO - Started process (PID=449) to work on /home/airflow/.local/lib/python3.9/site-packages/airflow/example_dags/example_complex.py
[2024-04-21T20:38:06.817+0000] {processor.py:830} INFO - Processing file /home/airflow/.local/lib/python3.9/site-packages/airflow/example_dags/example_complex.py for tasks to queue
[2024-04-21T20:38:06.820+0000] {logging_mixin.py:188} INFO - [2024-04-21T20:38:06.819+0000] {dagbag.py:540} INFO - Filling up the DagBag from /home/airflow/.local/lib/python3.9/site-packages/airflow/example_dags/example_complex.py
[2024-04-21T20:38:06.831+0000] {processor.py:840} INFO - DAG(s) 'example_complex' retrieved from /home/airflow/.local/lib/python3.9/site-packages/airflow/example_dags/example_complex.py
[2024-04-21T20:38:06.899+0000] {logging_mixin.py:188} INFO - [2024-04-21T20:38:06.898+0000] {dag.py:3047} INFO - Sync 1 DAGs
[2024-04-21T20:38:06.913+0000] {logging_mixin.py:188} INFO - [2024-04-21T20:38:06.912+0000] {dag.py:3834} INFO - Setting next_dagrun for example_complex to None, run_after=None
[2024-04-21T20:38:06.945+0000] {processor.py:183} INFO - Processing /home/airflow/.local/lib/python3.9/site-packages/airflow/example_dags/example_complex.py took 0.133 seconds
[2024-04-21T20:38:38.426+0000] {processor.py:161} INFO - Started process (PID=506) to work on /home/airflow/.local/lib/python3.9/site-packages/airflow/example_dags/example_complex.py
[2024-04-21T20:38:38.430+0000] {processor.py:830} INFO - Processing file /home/airflow/.local/lib/python3.9/site-packages/airflow/example_dags/example_complex.py for tasks to queue
[2024-04-21T20:38:38.436+0000] {logging_mixin.py:188} INFO - [2024-04-21T20:38:38.434+0000] {dagbag.py:540} INFO - Filling up the DagBag from /home/airflow/.local/lib/python3.9/site-packages/airflow/example_dags/example_complex.py
[2024-04-21T20:38:38.458+0000] {processor.py:840} INFO - DAG(s) 'example_complex' retrieved from /home/airflow/.local/lib/python3.9/site-packages/airflow/example_dags/example_complex.py
[2024-04-21T20:38:38.613+0000] {logging_mixin.py:188} INFO - [2024-04-21T20:38:38.613+0000] {dag.py:3047} INFO - Sync 1 DAGs
[2024-04-21T20:38:38.640+0000] {logging_mixin.py:188} INFO - [2024-04-21T20:38:38.639+0000] {dag.py:3834} INFO - Setting next_dagrun for example_complex to None, run_after=None
[2024-04-21T20:38:38.698+0000] {processor.py:183} INFO - Processing /home/airflow/.local/lib/python3.9/site-packages/airflow/example_dags/example_complex.py took 0.285 seconds
[2024-04-21T20:39:09.408+0000] {processor.py:161} INFO - Started process (PID=563) to work on /home/airflow/.local/lib/python3.9/site-packages/airflow/example_dags/example_complex.py
[2024-04-21T20:39:09.410+0000] {processor.py:830} INFO - Processing file /home/airflow/.local/lib/python3.9/site-packages/airflow/example_dags/example_complex.py for tasks to queue
[2024-04-21T20:39:09.412+0000] {logging_mixin.py:188} INFO - [2024-04-21T20:39:09.412+0000] {dagbag.py:540} INFO - Filling up the DagBag from /home/airflow/.local/lib/python3.9/site-packages/airflow/example_dags/example_complex.py
[2024-04-21T20:39:09.424+0000] {processor.py:840} INFO - DAG(s) 'example_complex' retrieved from /home/airflow/.local/lib/python3.9/site-packages/airflow/example_dags/example_complex.py
[2024-04-21T20:39:09.512+0000] {logging_mixin.py:188} INFO - [2024-04-21T20:39:09.511+0000] {dag.py:3047} INFO - Sync 1 DAGs
[2024-04-21T20:39:09.527+0000] {logging_mixin.py:188} INFO - [2024-04-21T20:39:09.527+0000] {dag.py:3834} INFO - Setting next_dagrun for example_complex to None, run_after=None
[2024-04-21T20:39:09.571+0000] {processor.py:183} INFO - Processing /home/airflow/.local/lib/python3.9/site-packages/airflow/example_dags/example_complex.py took 0.167 seconds
[2024-04-21T20:40:41.355+0000] {processor.py:161} INFO - Started process (PID=596) to work on /home/airflow/.local/lib/python3.9/site-packages/airflow/example_dags/example_complex.py
[2024-04-21T20:40:41.356+0000] {processor.py:830} INFO - Processing file /home/airflow/.local/lib/python3.9/site-packages/airflow/example_dags/example_complex.py for tasks to queue
[2024-04-21T20:40:41.359+0000] {logging_mixin.py:188} INFO - [2024-04-21T20:40:41.358+0000] {dagbag.py:540} INFO - Filling up the DagBag from /home/airflow/.local/lib/python3.9/site-packages/airflow/example_dags/example_complex.py
[2024-04-21T20:40:41.370+0000] {processor.py:840} INFO - DAG(s) 'example_complex' retrieved from /home/airflow/.local/lib/python3.9/site-packages/airflow/example_dags/example_complex.py
[2024-04-21T20:40:41.440+0000] {logging_mixin.py:188} INFO - [2024-04-21T20:40:41.439+0000] {dag.py:3047} INFO - Sync 1 DAGs
[2024-04-21T20:40:41.452+0000] {logging_mixin.py:188} INFO - [2024-04-21T20:40:41.451+0000] {dag.py:3834} INFO - Setting next_dagrun for example_complex to None, run_after=None
[2024-04-21T20:40:41.483+0000] {processor.py:183} INFO - Processing /home/airflow/.local/lib/python3.9/site-packages/airflow/example_dags/example_complex.py took 0.131 seconds
[2024-04-21T20:41:11.983+0000] {processor.py:161} INFO - Started process (PID=655) to work on /home/airflow/.local/lib/python3.9/site-packages/airflow/example_dags/example_complex.py
[2024-04-21T20:41:11.984+0000] {processor.py:830} INFO - Processing file /home/airflow/.local/lib/python3.9/site-packages/airflow/example_dags/example_complex.py for tasks to queue
[2024-04-21T20:41:11.987+0000] {logging_mixin.py:188} INFO - [2024-04-21T20:41:11.986+0000] {dagbag.py:540} INFO - Filling up the DagBag from /home/airflow/.local/lib/python3.9/site-packages/airflow/example_dags/example_complex.py
[2024-04-21T20:41:11.998+0000] {processor.py:840} INFO - DAG(s) 'example_complex' retrieved from /home/airflow/.local/lib/python3.9/site-packages/airflow/example_dags/example_complex.py
[2024-04-21T20:41:12.067+0000] {logging_mixin.py:188} INFO - [2024-04-21T20:41:12.067+0000] {dag.py:3047} INFO - Sync 1 DAGs
[2024-04-21T20:41:12.081+0000] {logging_mixin.py:188} INFO - [2024-04-21T20:41:12.081+0000] {dag.py:3834} INFO - Setting next_dagrun for example_complex to None, run_after=None
[2024-04-21T20:41:12.122+0000] {processor.py:183} INFO - Processing /home/airflow/.local/lib/python3.9/site-packages/airflow/example_dags/example_complex.py took 0.142 seconds
[2024-04-21T20:41:42.192+0000] {processor.py:161} INFO - Started process (PID=712) to work on /home/airflow/.local/lib/python3.9/site-packages/airflow/example_dags/example_complex.py
[2024-04-21T20:41:42.193+0000] {processor.py:830} INFO - Processing file /home/airflow/.local/lib/python3.9/site-packages/airflow/example_dags/example_complex.py for tasks to queue
[2024-04-21T20:41:42.195+0000] {logging_mixin.py:188} INFO - [2024-04-21T20:41:42.194+0000] {dagbag.py:540} INFO - Filling up the DagBag from /home/airflow/.local/lib/python3.9/site-packages/airflow/example_dags/example_complex.py
[2024-04-21T20:41:42.205+0000] {processor.py:840} INFO - DAG(s) 'example_complex' retrieved from /home/airflow/.local/lib/python3.9/site-packages/airflow/example_dags/example_complex.py
[2024-04-21T20:41:42.268+0000] {logging_mixin.py:188} INFO - [2024-04-21T20:41:42.267+0000] {dag.py:3047} INFO - Sync 1 DAGs
[2024-04-21T20:41:42.280+0000] {logging_mixin.py:188} INFO - [2024-04-21T20:41:42.280+0000] {dag.py:3834} INFO - Setting next_dagrun for example_complex to None, run_after=None
[2024-04-21T20:41:42.312+0000] {processor.py:183} INFO - Processing /home/airflow/.local/lib/python3.9/site-packages/airflow/example_dags/example_complex.py took 0.124 seconds
[2024-04-21T20:42:36.763+0000] {processor.py:161} INFO - Started process (PID=52) to work on /home/airflow/.local/lib/python3.9/site-packages/airflow/example_dags/example_complex.py
[2024-04-21T20:42:36.765+0000] {processor.py:830} INFO - Processing file /home/airflow/.local/lib/python3.9/site-packages/airflow/example_dags/example_complex.py for tasks to queue
[2024-04-21T20:42:36.767+0000] {logging_mixin.py:188} INFO - [2024-04-21T20:42:36.767+0000] {dagbag.py:540} INFO - Filling up the DagBag from /home/airflow/.local/lib/python3.9/site-packages/airflow/example_dags/example_complex.py
[2024-04-21T20:42:36.781+0000] {processor.py:840} INFO - DAG(s) 'example_complex' retrieved from /home/airflow/.local/lib/python3.9/site-packages/airflow/example_dags/example_complex.py
[2024-04-21T20:42:36.854+0000] {logging_mixin.py:188} INFO - [2024-04-21T20:42:36.854+0000] {dag.py:3047} INFO - Sync 1 DAGs
[2024-04-21T20:42:36.868+0000] {logging_mixin.py:188} INFO - [2024-04-21T20:42:36.868+0000] {dag.py:3834} INFO - Setting next_dagrun for example_complex to None, run_after=None
[2024-04-21T20:42:36.902+0000] {processor.py:183} INFO - Processing /home/airflow/.local/lib/python3.9/site-packages/airflow/example_dags/example_complex.py took 0.144 seconds
[2024-04-21T20:43:08.148+0000] {processor.py:161} INFO - Started process (PID=109) to work on /home/airflow/.local/lib/python3.9/site-packages/airflow/example_dags/example_complex.py
[2024-04-21T20:43:08.149+0000] {processor.py:830} INFO - Processing file /home/airflow/.local/lib/python3.9/site-packages/airflow/example_dags/example_complex.py for tasks to queue
[2024-04-21T20:43:08.153+0000] {logging_mixin.py:188} INFO - [2024-04-21T20:43:08.152+0000] {dagbag.py:540} INFO - Filling up the DagBag from /home/airflow/.local/lib/python3.9/site-packages/airflow/example_dags/example_complex.py
[2024-04-21T20:43:08.167+0000] {processor.py:840} INFO - DAG(s) 'example_complex' retrieved from /home/airflow/.local/lib/python3.9/site-packages/airflow/example_dags/example_complex.py
[2024-04-21T20:43:08.257+0000] {logging_mixin.py:188} INFO - [2024-04-21T20:43:08.256+0000] {dag.py:3047} INFO - Sync 1 DAGs
[2024-04-21T20:43:08.270+0000] {logging_mixin.py:188} INFO - [2024-04-21T20:43:08.270+0000] {dag.py:3834} INFO - Setting next_dagrun for example_complex to None, run_after=None
[2024-04-21T20:43:08.307+0000] {processor.py:183} INFO - Processing /home/airflow/.local/lib/python3.9/site-packages/airflow/example_dags/example_complex.py took 0.163 seconds
[2024-04-21T20:43:38.669+0000] {processor.py:161} INFO - Started process (PID=166) to work on /home/airflow/.local/lib/python3.9/site-packages/airflow/example_dags/example_complex.py
[2024-04-21T20:43:38.671+0000] {processor.py:830} INFO - Processing file /home/airflow/.local/lib/python3.9/site-packages/airflow/example_dags/example_complex.py for tasks to queue
[2024-04-21T20:43:38.673+0000] {logging_mixin.py:188} INFO - [2024-04-21T20:43:38.673+0000] {dagbag.py:540} INFO - Filling up the DagBag from /home/airflow/.local/lib/python3.9/site-packages/airflow/example_dags/example_complex.py
[2024-04-21T20:43:38.684+0000] {processor.py:840} INFO - DAG(s) 'example_complex' retrieved from /home/airflow/.local/lib/python3.9/site-packages/airflow/example_dags/example_complex.py
[2024-04-21T20:43:38.764+0000] {logging_mixin.py:188} INFO - [2024-04-21T20:43:38.764+0000] {dag.py:3047} INFO - Sync 1 DAGs
[2024-04-21T20:43:38.781+0000] {logging_mixin.py:188} INFO - [2024-04-21T20:43:38.780+0000] {dag.py:3834} INFO - Setting next_dagrun for example_complex to None, run_after=None
[2024-04-21T20:43:38.818+0000] {processor.py:183} INFO - Processing /home/airflow/.local/lib/python3.9/site-packages/airflow/example_dags/example_complex.py took 0.152 seconds
[2024-04-21T20:44:09.907+0000] {processor.py:161} INFO - Started process (PID=223) to work on /home/airflow/.local/lib/python3.9/site-packages/airflow/example_dags/example_complex.py
[2024-04-21T20:44:09.908+0000] {processor.py:830} INFO - Processing file /home/airflow/.local/lib/python3.9/site-packages/airflow/example_dags/example_complex.py for tasks to queue
[2024-04-21T20:44:09.911+0000] {logging_mixin.py:188} INFO - [2024-04-21T20:44:09.910+0000] {dagbag.py:540} INFO - Filling up the DagBag from /home/airflow/.local/lib/python3.9/site-packages/airflow/example_dags/example_complex.py
[2024-04-21T20:44:09.922+0000] {processor.py:840} INFO - DAG(s) 'example_complex' retrieved from /home/airflow/.local/lib/python3.9/site-packages/airflow/example_dags/example_complex.py
[2024-04-21T20:44:09.990+0000] {logging_mixin.py:188} INFO - [2024-04-21T20:44:09.990+0000] {dag.py:3047} INFO - Sync 1 DAGs
[2024-04-21T20:44:10.004+0000] {logging_mixin.py:188} INFO - [2024-04-21T20:44:10.004+0000] {dag.py:3834} INFO - Setting next_dagrun for example_complex to None, run_after=None
[2024-04-21T20:44:10.036+0000] {processor.py:183} INFO - Processing /home/airflow/.local/lib/python3.9/site-packages/airflow/example_dags/example_complex.py took 0.134 seconds
[2024-04-21T20:44:41.707+0000] {processor.py:161} INFO - Started process (PID=280) to work on /home/airflow/.local/lib/python3.9/site-packages/airflow/example_dags/example_complex.py
[2024-04-21T20:44:41.709+0000] {processor.py:830} INFO - Processing file /home/airflow/.local/lib/python3.9/site-packages/airflow/example_dags/example_complex.py for tasks to queue
[2024-04-21T20:44:41.711+0000] {logging_mixin.py:188} INFO - [2024-04-21T20:44:41.711+0000] {dagbag.py:540} INFO - Filling up the DagBag from /home/airflow/.local/lib/python3.9/site-packages/airflow/example_dags/example_complex.py
[2024-04-21T20:44:41.726+0000] {processor.py:840} INFO - DAG(s) 'example_complex' retrieved from /home/airflow/.local/lib/python3.9/site-packages/airflow/example_dags/example_complex.py
[2024-04-21T20:44:41.849+0000] {logging_mixin.py:188} INFO - [2024-04-21T20:44:41.849+0000] {dag.py:3047} INFO - Sync 1 DAGs
[2024-04-21T20:44:41.874+0000] {logging_mixin.py:188} INFO - [2024-04-21T20:44:41.874+0000] {dag.py:3834} INFO - Setting next_dagrun for example_complex to None, run_after=None
[2024-04-21T20:44:41.944+0000] {processor.py:183} INFO - Processing /home/airflow/.local/lib/python3.9/site-packages/airflow/example_dags/example_complex.py took 0.240 seconds
[2024-04-21T20:45:12.437+0000] {processor.py:161} INFO - Started process (PID=337) to work on /home/airflow/.local/lib/python3.9/site-packages/airflow/example_dags/example_complex.py
[2024-04-21T20:45:12.439+0000] {processor.py:830} INFO - Processing file /home/airflow/.local/lib/python3.9/site-packages/airflow/example_dags/example_complex.py for tasks to queue
[2024-04-21T20:45:12.441+0000] {logging_mixin.py:188} INFO - [2024-04-21T20:45:12.441+0000] {dagbag.py:540} INFO - Filling up the DagBag from /home/airflow/.local/lib/python3.9/site-packages/airflow/example_dags/example_complex.py
[2024-04-21T20:45:12.452+0000] {processor.py:840} INFO - DAG(s) 'example_complex' retrieved from /home/airflow/.local/lib/python3.9/site-packages/airflow/example_dags/example_complex.py
[2024-04-21T20:45:12.534+0000] {logging_mixin.py:188} INFO - [2024-04-21T20:45:12.534+0000] {dag.py:3047} INFO - Sync 1 DAGs
[2024-04-21T20:45:12.549+0000] {logging_mixin.py:188} INFO - [2024-04-21T20:45:12.548+0000] {dag.py:3834} INFO - Setting next_dagrun for example_complex to None, run_after=None
[2024-04-21T20:45:12.587+0000] {processor.py:183} INFO - Processing /home/airflow/.local/lib/python3.9/site-packages/airflow/example_dags/example_complex.py took 0.153 seconds
[2024-04-21T20:45:43.105+0000] {processor.py:161} INFO - Started process (PID=392) to work on /home/airflow/.local/lib/python3.9/site-packages/airflow/example_dags/example_complex.py
[2024-04-21T20:45:43.106+0000] {processor.py:830} INFO - Processing file /home/airflow/.local/lib/python3.9/site-packages/airflow/example_dags/example_complex.py for tasks to queue
[2024-04-21T20:45:43.108+0000] {logging_mixin.py:188} INFO - [2024-04-21T20:45:43.108+0000] {dagbag.py:540} INFO - Filling up the DagBag from /home/airflow/.local/lib/python3.9/site-packages/airflow/example_dags/example_complex.py
[2024-04-21T20:45:43.120+0000] {processor.py:840} INFO - DAG(s) 'example_complex' retrieved from /home/airflow/.local/lib/python3.9/site-packages/airflow/example_dags/example_complex.py
[2024-04-21T20:45:43.190+0000] {logging_mixin.py:188} INFO - [2024-04-21T20:45:43.189+0000] {dag.py:3047} INFO - Sync 1 DAGs
[2024-04-21T20:45:43.206+0000] {logging_mixin.py:188} INFO - [2024-04-21T20:45:43.206+0000] {dag.py:3834} INFO - Setting next_dagrun for example_complex to None, run_after=None
[2024-04-21T20:45:43.242+0000] {processor.py:183} INFO - Processing /home/airflow/.local/lib/python3.9/site-packages/airflow/example_dags/example_complex.py took 0.140 seconds
[2024-04-21T20:46:13.990+0000] {processor.py:161} INFO - Started process (PID=449) to work on /home/airflow/.local/lib/python3.9/site-packages/airflow/example_dags/example_complex.py
[2024-04-21T20:46:13.992+0000] {processor.py:830} INFO - Processing file /home/airflow/.local/lib/python3.9/site-packages/airflow/example_dags/example_complex.py for tasks to queue
[2024-04-21T20:46:13.994+0000] {logging_mixin.py:188} INFO - [2024-04-21T20:46:13.994+0000] {dagbag.py:540} INFO - Filling up the DagBag from /home/airflow/.local/lib/python3.9/site-packages/airflow/example_dags/example_complex.py
[2024-04-21T20:46:14.005+0000] {processor.py:840} INFO - DAG(s) 'example_complex' retrieved from /home/airflow/.local/lib/python3.9/site-packages/airflow/example_dags/example_complex.py
[2024-04-21T20:46:14.070+0000] {logging_mixin.py:188} INFO - [2024-04-21T20:46:14.069+0000] {dag.py:3047} INFO - Sync 1 DAGs
[2024-04-21T20:46:14.082+0000] {logging_mixin.py:188} INFO - [2024-04-21T20:46:14.081+0000] {dag.py:3834} INFO - Setting next_dagrun for example_complex to None, run_after=None
[2024-04-21T20:46:14.114+0000] {processor.py:183} INFO - Processing /home/airflow/.local/lib/python3.9/site-packages/airflow/example_dags/example_complex.py took 0.127 seconds
[2024-04-21T20:46:44.492+0000] {processor.py:161} INFO - Started process (PID=506) to work on /home/airflow/.local/lib/python3.9/site-packages/airflow/example_dags/example_complex.py
[2024-04-21T20:46:44.493+0000] {processor.py:830} INFO - Processing file /home/airflow/.local/lib/python3.9/site-packages/airflow/example_dags/example_complex.py for tasks to queue
[2024-04-21T20:46:44.495+0000] {logging_mixin.py:188} INFO - [2024-04-21T20:46:44.495+0000] {dagbag.py:540} INFO - Filling up the DagBag from /home/airflow/.local/lib/python3.9/site-packages/airflow/example_dags/example_complex.py
[2024-04-21T20:46:44.507+0000] {processor.py:840} INFO - DAG(s) 'example_complex' retrieved from /home/airflow/.local/lib/python3.9/site-packages/airflow/example_dags/example_complex.py
[2024-04-21T20:46:44.580+0000] {logging_mixin.py:188} INFO - [2024-04-21T20:46:44.579+0000] {dag.py:3047} INFO - Sync 1 DAGs
[2024-04-21T20:46:44.595+0000] {logging_mixin.py:188} INFO - [2024-04-21T20:46:44.594+0000] {dag.py:3834} INFO - Setting next_dagrun for example_complex to None, run_after=None
[2024-04-21T20:46:44.635+0000] {processor.py:183} INFO - Processing /home/airflow/.local/lib/python3.9/site-packages/airflow/example_dags/example_complex.py took 0.147 seconds
[2024-04-21T20:47:15.136+0000] {processor.py:161} INFO - Started process (PID=563) to work on /home/airflow/.local/lib/python3.9/site-packages/airflow/example_dags/example_complex.py
[2024-04-21T20:47:15.137+0000] {processor.py:830} INFO - Processing file /home/airflow/.local/lib/python3.9/site-packages/airflow/example_dags/example_complex.py for tasks to queue
[2024-04-21T20:47:15.139+0000] {logging_mixin.py:188} INFO - [2024-04-21T20:47:15.139+0000] {dagbag.py:540} INFO - Filling up the DagBag from /home/airflow/.local/lib/python3.9/site-packages/airflow/example_dags/example_complex.py
[2024-04-21T20:47:15.149+0000] {processor.py:840} INFO - DAG(s) 'example_complex' retrieved from /home/airflow/.local/lib/python3.9/site-packages/airflow/example_dags/example_complex.py
[2024-04-21T20:47:15.213+0000] {logging_mixin.py:188} INFO - [2024-04-21T20:47:15.213+0000] {dag.py:3047} INFO - Sync 1 DAGs
[2024-04-21T20:47:15.225+0000] {logging_mixin.py:188} INFO - [2024-04-21T20:47:15.225+0000] {dag.py:3834} INFO - Setting next_dagrun for example_complex to None, run_after=None
[2024-04-21T20:47:15.258+0000] {processor.py:183} INFO - Processing /home/airflow/.local/lib/python3.9/site-packages/airflow/example_dags/example_complex.py took 0.125 seconds
[2024-04-21T20:47:46.037+0000] {processor.py:161} INFO - Started process (PID=620) to work on /home/airflow/.local/lib/python3.9/site-packages/airflow/example_dags/example_complex.py
[2024-04-21T20:47:46.038+0000] {processor.py:830} INFO - Processing file /home/airflow/.local/lib/python3.9/site-packages/airflow/example_dags/example_complex.py for tasks to queue
[2024-04-21T20:47:46.040+0000] {logging_mixin.py:188} INFO - [2024-04-21T20:47:46.040+0000] {dagbag.py:540} INFO - Filling up the DagBag from /home/airflow/.local/lib/python3.9/site-packages/airflow/example_dags/example_complex.py
[2024-04-21T20:47:46.053+0000] {processor.py:840} INFO - DAG(s) 'example_complex' retrieved from /home/airflow/.local/lib/python3.9/site-packages/airflow/example_dags/example_complex.py
[2024-04-21T20:47:46.116+0000] {logging_mixin.py:188} INFO - [2024-04-21T20:47:46.116+0000] {dag.py:3047} INFO - Sync 1 DAGs
[2024-04-21T20:47:46.129+0000] {logging_mixin.py:188} INFO - [2024-04-21T20:47:46.129+0000] {dag.py:3834} INFO - Setting next_dagrun for example_complex to None, run_after=None
[2024-04-21T20:47:46.163+0000] {processor.py:183} INFO - Processing /home/airflow/.local/lib/python3.9/site-packages/airflow/example_dags/example_complex.py took 0.129 seconds
[2024-04-21T21:00:46.491+0000] {processor.py:161} INFO - Started process (PID=52) to work on /home/airflow/.local/lib/python3.9/site-packages/airflow/example_dags/example_complex.py
[2024-04-21T21:00:46.498+0000] {processor.py:830} INFO - Processing file /home/airflow/.local/lib/python3.9/site-packages/airflow/example_dags/example_complex.py for tasks to queue
[2024-04-21T21:00:46.517+0000] {logging_mixin.py:188} INFO - [2024-04-21T21:00:46.516+0000] {dagbag.py:540} INFO - Filling up the DagBag from /home/airflow/.local/lib/python3.9/site-packages/airflow/example_dags/example_complex.py
[2024-04-21T21:00:46.599+0000] {processor.py:840} INFO - DAG(s) 'example_complex' retrieved from /home/airflow/.local/lib/python3.9/site-packages/airflow/example_dags/example_complex.py
[2024-04-21T21:00:47.100+0000] {logging_mixin.py:188} INFO - [2024-04-21T21:00:47.099+0000] {dag.py:3047} INFO - Sync 1 DAGs
[2024-04-21T21:00:47.128+0000] {logging_mixin.py:188} INFO - [2024-04-21T21:00:47.127+0000] {dag.py:3834} INFO - Setting next_dagrun for example_complex to None, run_after=None
[2024-04-21T21:00:47.254+0000] {processor.py:183} INFO - Processing /home/airflow/.local/lib/python3.9/site-packages/airflow/example_dags/example_complex.py took 0.811 seconds
[2024-04-21T21:01:17.480+0000] {processor.py:161} INFO - Started process (PID=110) to work on /home/airflow/.local/lib/python3.9/site-packages/airflow/example_dags/example_complex.py
[2024-04-21T21:01:17.482+0000] {processor.py:830} INFO - Processing file /home/airflow/.local/lib/python3.9/site-packages/airflow/example_dags/example_complex.py for tasks to queue
[2024-04-21T21:01:17.485+0000] {logging_mixin.py:188} INFO - [2024-04-21T21:01:17.484+0000] {dagbag.py:540} INFO - Filling up the DagBag from /home/airflow/.local/lib/python3.9/site-packages/airflow/example_dags/example_complex.py
[2024-04-21T21:01:17.498+0000] {processor.py:840} INFO - DAG(s) 'example_complex' retrieved from /home/airflow/.local/lib/python3.9/site-packages/airflow/example_dags/example_complex.py
[2024-04-21T21:01:17.577+0000] {logging_mixin.py:188} INFO - [2024-04-21T21:01:17.576+0000] {dag.py:3047} INFO - Sync 1 DAGs
[2024-04-21T21:01:17.600+0000] {logging_mixin.py:188} INFO - [2024-04-21T21:01:17.599+0000] {dag.py:3834} INFO - Setting next_dagrun for example_complex to None, run_after=None
[2024-04-21T21:01:17.645+0000] {processor.py:183} INFO - Processing /home/airflow/.local/lib/python3.9/site-packages/airflow/example_dags/example_complex.py took 0.168 seconds
[2024-04-21T21:04:20.496+0000] {processor.py:161} INFO - Started process (PID=64) to work on /home/airflow/.local/lib/python3.9/site-packages/airflow/example_dags/example_complex.py
[2024-04-21T21:04:20.498+0000] {processor.py:830} INFO - Processing file /home/airflow/.local/lib/python3.9/site-packages/airflow/example_dags/example_complex.py for tasks to queue
[2024-04-21T21:04:20.507+0000] {logging_mixin.py:188} INFO - [2024-04-21T21:04:20.503+0000] {dagbag.py:540} INFO - Filling up the DagBag from /home/airflow/.local/lib/python3.9/site-packages/airflow/example_dags/example_complex.py
[2024-04-21T21:04:20.552+0000] {processor.py:840} INFO - DAG(s) 'example_complex' retrieved from /home/airflow/.local/lib/python3.9/site-packages/airflow/example_dags/example_complex.py
[2024-04-21T21:04:28.112+0000] {logging_mixin.py:188} INFO - [2024-04-21T21:04:28.103+0000] {dag.py:3047} INFO - Sync 1 DAGs
[2024-04-21T21:04:28.164+0000] {logging_mixin.py:188} INFO - [2024-04-21T21:04:28.163+0000] {dag.py:3834} INFO - Setting next_dagrun for example_complex to None, run_after=None
[2024-04-21T21:04:28.273+0000] {processor.py:183} INFO - Processing /home/airflow/.local/lib/python3.9/site-packages/airflow/example_dags/example_complex.py took 7.787 seconds
[2024-04-21T21:04:58.406+0000] {processor.py:161} INFO - Started process (PID=121) to work on /home/airflow/.local/lib/python3.9/site-packages/airflow/example_dags/example_complex.py
[2024-04-21T21:04:58.408+0000] {processor.py:830} INFO - Processing file /home/airflow/.local/lib/python3.9/site-packages/airflow/example_dags/example_complex.py for tasks to queue
[2024-04-21T21:04:58.410+0000] {logging_mixin.py:188} INFO - [2024-04-21T21:04:58.409+0000] {dagbag.py:540} INFO - Filling up the DagBag from /home/airflow/.local/lib/python3.9/site-packages/airflow/example_dags/example_complex.py
[2024-04-21T21:04:58.421+0000] {processor.py:840} INFO - DAG(s) 'example_complex' retrieved from /home/airflow/.local/lib/python3.9/site-packages/airflow/example_dags/example_complex.py
[2024-04-21T21:04:58.486+0000] {logging_mixin.py:188} INFO - [2024-04-21T21:04:58.486+0000] {dag.py:3047} INFO - Sync 1 DAGs
[2024-04-21T21:04:58.498+0000] {logging_mixin.py:188} INFO - [2024-04-21T21:04:58.498+0000] {dag.py:3834} INFO - Setting next_dagrun for example_complex to None, run_after=None
[2024-04-21T21:04:58.538+0000] {processor.py:183} INFO - Processing /home/airflow/.local/lib/python3.9/site-packages/airflow/example_dags/example_complex.py took 0.137 seconds
[2024-04-21T21:05:28.641+0000] {processor.py:161} INFO - Started process (PID=182) to work on /home/airflow/.local/lib/python3.9/site-packages/airflow/example_dags/example_complex.py
[2024-04-21T21:05:28.642+0000] {processor.py:830} INFO - Processing file /home/airflow/.local/lib/python3.9/site-packages/airflow/example_dags/example_complex.py for tasks to queue
[2024-04-21T21:05:28.644+0000] {logging_mixin.py:188} INFO - [2024-04-21T21:05:28.644+0000] {dagbag.py:540} INFO - Filling up the DagBag from /home/airflow/.local/lib/python3.9/site-packages/airflow/example_dags/example_complex.py
[2024-04-21T21:05:28.654+0000] {processor.py:840} INFO - DAG(s) 'example_complex' retrieved from /home/airflow/.local/lib/python3.9/site-packages/airflow/example_dags/example_complex.py
[2024-04-21T21:05:28.716+0000] {logging_mixin.py:188} INFO - [2024-04-21T21:05:28.716+0000] {dag.py:3047} INFO - Sync 1 DAGs
[2024-04-21T21:05:28.729+0000] {logging_mixin.py:188} INFO - [2024-04-21T21:05:28.729+0000] {dag.py:3834} INFO - Setting next_dagrun for example_complex to None, run_after=None
[2024-04-21T21:05:28.762+0000] {processor.py:183} INFO - Processing /home/airflow/.local/lib/python3.9/site-packages/airflow/example_dags/example_complex.py took 0.124 seconds
[2024-04-21T21:05:59.005+0000] {processor.py:161} INFO - Started process (PID=243) to work on /home/airflow/.local/lib/python3.9/site-packages/airflow/example_dags/example_complex.py
[2024-04-21T21:05:59.011+0000] {processor.py:830} INFO - Processing file /home/airflow/.local/lib/python3.9/site-packages/airflow/example_dags/example_complex.py for tasks to queue
[2024-04-21T21:05:59.022+0000] {logging_mixin.py:188} INFO - [2024-04-21T21:05:59.021+0000] {dagbag.py:540} INFO - Filling up the DagBag from /home/airflow/.local/lib/python3.9/site-packages/airflow/example_dags/example_complex.py
[2024-04-21T21:05:59.075+0000] {processor.py:840} INFO - DAG(s) 'example_complex' retrieved from /home/airflow/.local/lib/python3.9/site-packages/airflow/example_dags/example_complex.py
[2024-04-21T21:05:59.259+0000] {logging_mixin.py:188} INFO - [2024-04-21T21:05:59.258+0000] {dag.py:3047} INFO - Sync 1 DAGs
[2024-04-21T21:05:59.289+0000] {logging_mixin.py:188} INFO - [2024-04-21T21:05:59.289+0000] {dag.py:3834} INFO - Setting next_dagrun for example_complex to None, run_after=None
[2024-04-21T21:05:59.346+0000] {processor.py:183} INFO - Processing /home/airflow/.local/lib/python3.9/site-packages/airflow/example_dags/example_complex.py took 0.360 seconds
