[2024-04-21T19:52:06.372+0000] {processor.py:161} INFO - Started process (PID=78) to work on /home/airflow/.local/lib/python3.9/site-packages/airflow/example_dags/example_setup_teardown.py
[2024-04-21T19:52:06.373+0000] {processor.py:830} INFO - Processing file /home/airflow/.local/lib/python3.9/site-packages/airflow/example_dags/example_setup_teardown.py for tasks to queue
[2024-04-21T19:52:06.376+0000] {logging_mixin.py:188} INFO - [2024-04-21T19:52:06.376+0000] {dagbag.py:540} INFO - Filling up the DagBag from /home/airflow/.local/lib/python3.9/site-packages/airflow/example_dags/example_setup_teardown.py
[2024-04-21T19:52:06.385+0000] {processor.py:840} INFO - DAG(s) 'example_setup_teardown' retrieved from /home/airflow/.local/lib/python3.9/site-packages/airflow/example_dags/example_setup_teardown.py
[2024-04-21T19:52:06.711+0000] {logging_mixin.py:188} INFO - [2024-04-21T19:52:06.711+0000] {dag.py:3047} INFO - Sync 1 DAGs
[2024-04-21T19:52:06.758+0000] {logging_mixin.py:188} INFO - [2024-04-21T19:52:06.757+0000] {dag.py:3834} INFO - Setting next_dagrun for example_setup_teardown to 2024-04-20 00:00:00+00:00, run_after=2024-04-21 00:00:00+00:00
[2024-04-21T19:52:06.936+0000] {processor.py:183} INFO - Processing /home/airflow/.local/lib/python3.9/site-packages/airflow/example_dags/example_setup_teardown.py took 0.568 seconds
[2024-04-21T19:52:37.198+0000] {processor.py:161} INFO - Started process (PID=135) to work on /home/airflow/.local/lib/python3.9/site-packages/airflow/example_dags/example_setup_teardown.py
[2024-04-21T19:52:37.200+0000] {processor.py:830} INFO - Processing file /home/airflow/.local/lib/python3.9/site-packages/airflow/example_dags/example_setup_teardown.py for tasks to queue
[2024-04-21T19:52:37.204+0000] {logging_mixin.py:188} INFO - [2024-04-21T19:52:37.203+0000] {dagbag.py:540} INFO - Filling up the DagBag from /home/airflow/.local/lib/python3.9/site-packages/airflow/example_dags/example_setup_teardown.py
[2024-04-21T19:52:37.216+0000] {processor.py:840} INFO - DAG(s) 'example_setup_teardown' retrieved from /home/airflow/.local/lib/python3.9/site-packages/airflow/example_dags/example_setup_teardown.py
[2024-04-21T19:52:37.314+0000] {logging_mixin.py:188} INFO - [2024-04-21T19:52:37.314+0000] {dag.py:3047} INFO - Sync 1 DAGs
[2024-04-21T19:52:37.352+0000] {logging_mixin.py:188} INFO - [2024-04-21T19:52:37.351+0000] {dag.py:3834} INFO - Setting next_dagrun for example_setup_teardown to 2024-04-20 00:00:00+00:00, run_after=2024-04-21 00:00:00+00:00
[2024-04-21T19:52:37.404+0000] {processor.py:183} INFO - Processing /home/airflow/.local/lib/python3.9/site-packages/airflow/example_dags/example_setup_teardown.py took 0.212 seconds
[2024-04-21T19:53:08.458+0000] {processor.py:161} INFO - Started process (PID=192) to work on /home/airflow/.local/lib/python3.9/site-packages/airflow/example_dags/example_setup_teardown.py
[2024-04-21T19:53:08.465+0000] {processor.py:830} INFO - Processing file /home/airflow/.local/lib/python3.9/site-packages/airflow/example_dags/example_setup_teardown.py for tasks to queue
[2024-04-21T19:53:08.477+0000] {logging_mixin.py:188} INFO - [2024-04-21T19:53:08.475+0000] {dagbag.py:540} INFO - Filling up the DagBag from /home/airflow/.local/lib/python3.9/site-packages/airflow/example_dags/example_setup_teardown.py
[2024-04-21T19:53:08.511+0000] {processor.py:840} INFO - DAG(s) 'example_setup_teardown' retrieved from /home/airflow/.local/lib/python3.9/site-packages/airflow/example_dags/example_setup_teardown.py
[2024-04-21T19:53:08.715+0000] {logging_mixin.py:188} INFO - [2024-04-21T19:53:08.715+0000] {dag.py:3047} INFO - Sync 1 DAGs
[2024-04-21T19:53:08.770+0000] {logging_mixin.py:188} INFO - [2024-04-21T19:53:08.770+0000] {dag.py:3834} INFO - Setting next_dagrun for example_setup_teardown to 2024-04-20 00:00:00+00:00, run_after=2024-04-21 00:00:00+00:00
[2024-04-21T19:53:08.827+0000] {processor.py:183} INFO - Processing /home/airflow/.local/lib/python3.9/site-packages/airflow/example_dags/example_setup_teardown.py took 0.387 seconds
[2024-04-21T19:53:39.582+0000] {processor.py:161} INFO - Started process (PID=253) to work on /home/airflow/.local/lib/python3.9/site-packages/airflow/example_dags/example_setup_teardown.py
[2024-04-21T19:53:39.584+0000] {processor.py:830} INFO - Processing file /home/airflow/.local/lib/python3.9/site-packages/airflow/example_dags/example_setup_teardown.py for tasks to queue
[2024-04-21T19:53:39.588+0000] {logging_mixin.py:188} INFO - [2024-04-21T19:53:39.587+0000] {dagbag.py:540} INFO - Filling up the DagBag from /home/airflow/.local/lib/python3.9/site-packages/airflow/example_dags/example_setup_teardown.py
[2024-04-21T19:53:39.601+0000] {processor.py:840} INFO - DAG(s) 'example_setup_teardown' retrieved from /home/airflow/.local/lib/python3.9/site-packages/airflow/example_dags/example_setup_teardown.py
[2024-04-21T19:53:39.709+0000] {logging_mixin.py:188} INFO - [2024-04-21T19:53:39.709+0000] {dag.py:3047} INFO - Sync 1 DAGs
[2024-04-21T19:53:39.785+0000] {logging_mixin.py:188} INFO - [2024-04-21T19:53:39.784+0000] {dag.py:3834} INFO - Setting next_dagrun for example_setup_teardown to 2024-04-20 00:00:00+00:00, run_after=2024-04-21 00:00:00+00:00
[2024-04-21T19:53:39.870+0000] {processor.py:183} INFO - Processing /home/airflow/.local/lib/python3.9/site-packages/airflow/example_dags/example_setup_teardown.py took 0.294 seconds
[2024-04-21T19:54:36.730+0000] {processor.py:161} INFO - Started process (PID=72) to work on /home/airflow/.local/lib/python3.9/site-packages/airflow/example_dags/example_setup_teardown.py
[2024-04-21T19:54:36.731+0000] {processor.py:830} INFO - Processing file /home/airflow/.local/lib/python3.9/site-packages/airflow/example_dags/example_setup_teardown.py for tasks to queue
[2024-04-21T19:54:36.733+0000] {logging_mixin.py:188} INFO - [2024-04-21T19:54:36.733+0000] {dagbag.py:540} INFO - Filling up the DagBag from /home/airflow/.local/lib/python3.9/site-packages/airflow/example_dags/example_setup_teardown.py
[2024-04-21T19:54:36.743+0000] {processor.py:840} INFO - DAG(s) 'example_setup_teardown' retrieved from /home/airflow/.local/lib/python3.9/site-packages/airflow/example_dags/example_setup_teardown.py
[2024-04-21T19:54:36.807+0000] {logging_mixin.py:188} INFO - [2024-04-21T19:54:36.807+0000] {dag.py:3047} INFO - Sync 1 DAGs
[2024-04-21T19:54:36.834+0000] {logging_mixin.py:188} INFO - [2024-04-21T19:54:36.834+0000] {dag.py:3834} INFO - Setting next_dagrun for example_setup_teardown to 2024-04-20 00:00:00+00:00, run_after=2024-04-21 00:00:00+00:00
[2024-04-21T19:54:36.871+0000] {processor.py:183} INFO - Processing /home/airflow/.local/lib/python3.9/site-packages/airflow/example_dags/example_setup_teardown.py took 0.144 seconds
[2024-04-21T19:55:22.226+0000] {processor.py:161} INFO - Started process (PID=139) to work on /home/airflow/.local/lib/python3.9/site-packages/airflow/example_dags/example_setup_teardown.py
[2024-04-21T19:55:22.227+0000] {processor.py:830} INFO - Processing file /home/airflow/.local/lib/python3.9/site-packages/airflow/example_dags/example_setup_teardown.py for tasks to queue
[2024-04-21T19:55:22.230+0000] {logging_mixin.py:188} INFO - [2024-04-21T19:55:22.229+0000] {dagbag.py:540} INFO - Filling up the DagBag from /home/airflow/.local/lib/python3.9/site-packages/airflow/example_dags/example_setup_teardown.py
[2024-04-21T19:55:22.239+0000] {processor.py:840} INFO - DAG(s) 'example_setup_teardown' retrieved from /home/airflow/.local/lib/python3.9/site-packages/airflow/example_dags/example_setup_teardown.py
[2024-04-21T19:55:22.306+0000] {logging_mixin.py:188} INFO - [2024-04-21T19:55:22.305+0000] {dag.py:3047} INFO - Sync 1 DAGs
[2024-04-21T19:55:22.344+0000] {logging_mixin.py:188} INFO - [2024-04-21T19:55:22.344+0000] {dag.py:3834} INFO - Setting next_dagrun for example_setup_teardown to 2024-04-20 00:00:00+00:00, run_after=2024-04-21 00:00:00+00:00
[2024-04-21T19:55:22.383+0000] {processor.py:183} INFO - Processing /home/airflow/.local/lib/python3.9/site-packages/airflow/example_dags/example_setup_teardown.py took 0.161 seconds
[2024-04-21T19:59:01.911+0000] {processor.py:161} INFO - Started process (PID=213) to work on /home/airflow/.local/lib/python3.9/site-packages/airflow/example_dags/example_setup_teardown.py
[2024-04-21T19:59:01.913+0000] {processor.py:830} INFO - Processing file /home/airflow/.local/lib/python3.9/site-packages/airflow/example_dags/example_setup_teardown.py for tasks to queue
[2024-04-21T19:59:01.917+0000] {logging_mixin.py:188} INFO - [2024-04-21T19:59:01.916+0000] {dagbag.py:540} INFO - Filling up the DagBag from /home/airflow/.local/lib/python3.9/site-packages/airflow/example_dags/example_setup_teardown.py
[2024-04-21T19:59:01.929+0000] {processor.py:840} INFO - DAG(s) 'example_setup_teardown' retrieved from /home/airflow/.local/lib/python3.9/site-packages/airflow/example_dags/example_setup_teardown.py
[2024-04-21T19:59:02.033+0000] {logging_mixin.py:188} INFO - [2024-04-21T19:59:02.033+0000] {dag.py:3047} INFO - Sync 1 DAGs
[2024-04-21T19:59:02.079+0000] {logging_mixin.py:188} INFO - [2024-04-21T19:59:02.078+0000] {dag.py:3834} INFO - Setting next_dagrun for example_setup_teardown to 2024-04-20 00:00:00+00:00, run_after=2024-04-21 00:00:00+00:00
[2024-04-21T19:59:02.134+0000] {processor.py:183} INFO - Processing /home/airflow/.local/lib/python3.9/site-packages/airflow/example_dags/example_setup_teardown.py took 0.228 seconds
[2024-04-21T20:03:13.057+0000] {processor.py:161} INFO - Started process (PID=285) to work on /home/airflow/.local/lib/python3.9/site-packages/airflow/example_dags/example_setup_teardown.py
[2024-04-21T20:03:13.058+0000] {processor.py:830} INFO - Processing file /home/airflow/.local/lib/python3.9/site-packages/airflow/example_dags/example_setup_teardown.py for tasks to queue
[2024-04-21T20:03:13.059+0000] {logging_mixin.py:188} INFO - [2024-04-21T20:03:13.059+0000] {dagbag.py:540} INFO - Filling up the DagBag from /home/airflow/.local/lib/python3.9/site-packages/airflow/example_dags/example_setup_teardown.py
[2024-04-21T20:03:13.065+0000] {processor.py:840} INFO - DAG(s) 'example_setup_teardown' retrieved from /home/airflow/.local/lib/python3.9/site-packages/airflow/example_dags/example_setup_teardown.py
[2024-04-21T20:03:13.134+0000] {logging_mixin.py:188} INFO - [2024-04-21T20:03:13.134+0000] {dag.py:3047} INFO - Sync 1 DAGs
[2024-04-21T20:03:13.161+0000] {logging_mixin.py:188} INFO - [2024-04-21T20:03:13.161+0000] {dag.py:3834} INFO - Setting next_dagrun for example_setup_teardown to 2024-04-20 00:00:00+00:00, run_after=2024-04-21 00:00:00+00:00
[2024-04-21T20:03:13.197+0000] {processor.py:183} INFO - Processing /home/airflow/.local/lib/python3.9/site-packages/airflow/example_dags/example_setup_teardown.py took 0.144 seconds
[2024-04-21T20:04:22.166+0000] {processor.py:161} INFO - Started process (PID=352) to work on /home/airflow/.local/lib/python3.9/site-packages/airflow/example_dags/example_setup_teardown.py
[2024-04-21T20:04:22.167+0000] {processor.py:830} INFO - Processing file /home/airflow/.local/lib/python3.9/site-packages/airflow/example_dags/example_setup_teardown.py for tasks to queue
[2024-04-21T20:04:22.169+0000] {logging_mixin.py:188} INFO - [2024-04-21T20:04:22.168+0000] {dagbag.py:540} INFO - Filling up the DagBag from /home/airflow/.local/lib/python3.9/site-packages/airflow/example_dags/example_setup_teardown.py
[2024-04-21T20:04:22.177+0000] {processor.py:840} INFO - DAG(s) 'example_setup_teardown' retrieved from /home/airflow/.local/lib/python3.9/site-packages/airflow/example_dags/example_setup_teardown.py
[2024-04-21T20:04:22.246+0000] {logging_mixin.py:188} INFO - [2024-04-21T20:04:22.246+0000] {dag.py:3047} INFO - Sync 1 DAGs
[2024-04-21T20:04:22.273+0000] {logging_mixin.py:188} INFO - [2024-04-21T20:04:22.273+0000] {dag.py:3834} INFO - Setting next_dagrun for example_setup_teardown to 2024-04-20 00:00:00+00:00, run_after=2024-04-21 00:00:00+00:00
[2024-04-21T20:04:22.309+0000] {processor.py:183} INFO - Processing /home/airflow/.local/lib/python3.9/site-packages/airflow/example_dags/example_setup_teardown.py took 0.146 seconds
[2024-04-21T20:04:53.395+0000] {processor.py:161} INFO - Started process (PID=409) to work on /home/airflow/.local/lib/python3.9/site-packages/airflow/example_dags/example_setup_teardown.py
[2024-04-21T20:04:53.396+0000] {processor.py:830} INFO - Processing file /home/airflow/.local/lib/python3.9/site-packages/airflow/example_dags/example_setup_teardown.py for tasks to queue
[2024-04-21T20:04:53.398+0000] {logging_mixin.py:188} INFO - [2024-04-21T20:04:53.398+0000] {dagbag.py:540} INFO - Filling up the DagBag from /home/airflow/.local/lib/python3.9/site-packages/airflow/example_dags/example_setup_teardown.py
[2024-04-21T20:04:53.406+0000] {processor.py:840} INFO - DAG(s) 'example_setup_teardown' retrieved from /home/airflow/.local/lib/python3.9/site-packages/airflow/example_dags/example_setup_teardown.py
[2024-04-21T20:04:53.489+0000] {logging_mixin.py:188} INFO - [2024-04-21T20:04:53.488+0000] {dag.py:3047} INFO - Sync 1 DAGs
[2024-04-21T20:04:53.519+0000] {logging_mixin.py:188} INFO - [2024-04-21T20:04:53.518+0000] {dag.py:3834} INFO - Setting next_dagrun for example_setup_teardown to 2024-04-20 00:00:00+00:00, run_after=2024-04-21 00:00:00+00:00
[2024-04-21T20:04:53.565+0000] {processor.py:183} INFO - Processing /home/airflow/.local/lib/python3.9/site-packages/airflow/example_dags/example_setup_teardown.py took 0.174 seconds
[2024-04-21T20:05:23.995+0000] {processor.py:161} INFO - Started process (PID=466) to work on /home/airflow/.local/lib/python3.9/site-packages/airflow/example_dags/example_setup_teardown.py
[2024-04-21T20:05:23.997+0000] {processor.py:830} INFO - Processing file /home/airflow/.local/lib/python3.9/site-packages/airflow/example_dags/example_setup_teardown.py for tasks to queue
[2024-04-21T20:05:23.999+0000] {logging_mixin.py:188} INFO - [2024-04-21T20:05:23.998+0000] {dagbag.py:540} INFO - Filling up the DagBag from /home/airflow/.local/lib/python3.9/site-packages/airflow/example_dags/example_setup_teardown.py
[2024-04-21T20:05:24.009+0000] {processor.py:840} INFO - DAG(s) 'example_setup_teardown' retrieved from /home/airflow/.local/lib/python3.9/site-packages/airflow/example_dags/example_setup_teardown.py
[2024-04-21T20:05:24.124+0000] {logging_mixin.py:188} INFO - [2024-04-21T20:05:24.124+0000] {dag.py:3047} INFO - Sync 1 DAGs
[2024-04-21T20:05:24.162+0000] {logging_mixin.py:188} INFO - [2024-04-21T20:05:24.162+0000] {dag.py:3834} INFO - Setting next_dagrun for example_setup_teardown to 2024-04-20 00:00:00+00:00, run_after=2024-04-21 00:00:00+00:00
[2024-04-21T20:05:24.210+0000] {processor.py:183} INFO - Processing /home/airflow/.local/lib/python3.9/site-packages/airflow/example_dags/example_setup_teardown.py took 0.219 seconds
[2024-04-21T20:05:55.838+0000] {processor.py:161} INFO - Started process (PID=523) to work on /home/airflow/.local/lib/python3.9/site-packages/airflow/example_dags/example_setup_teardown.py
[2024-04-21T20:05:55.840+0000] {processor.py:830} INFO - Processing file /home/airflow/.local/lib/python3.9/site-packages/airflow/example_dags/example_setup_teardown.py for tasks to queue
[2024-04-21T20:05:55.842+0000] {logging_mixin.py:188} INFO - [2024-04-21T20:05:55.842+0000] {dagbag.py:540} INFO - Filling up the DagBag from /home/airflow/.local/lib/python3.9/site-packages/airflow/example_dags/example_setup_teardown.py
[2024-04-21T20:05:55.853+0000] {processor.py:840} INFO - DAG(s) 'example_setup_teardown' retrieved from /home/airflow/.local/lib/python3.9/site-packages/airflow/example_dags/example_setup_teardown.py
[2024-04-21T20:05:55.990+0000] {logging_mixin.py:188} INFO - [2024-04-21T20:05:55.989+0000] {dag.py:3047} INFO - Sync 1 DAGs
[2024-04-21T20:05:56.030+0000] {logging_mixin.py:188} INFO - [2024-04-21T20:05:56.030+0000] {dag.py:3834} INFO - Setting next_dagrun for example_setup_teardown to 2024-04-20 00:00:00+00:00, run_after=2024-04-21 00:00:00+00:00
[2024-04-21T20:05:56.089+0000] {processor.py:183} INFO - Processing /home/airflow/.local/lib/python3.9/site-packages/airflow/example_dags/example_setup_teardown.py took 0.256 seconds
[2024-04-21T20:06:49.431+0000] {processor.py:161} INFO - Started process (PID=586) to work on /home/airflow/.local/lib/python3.9/site-packages/airflow/example_dags/example_setup_teardown.py
[2024-04-21T20:06:49.433+0000] {processor.py:830} INFO - Processing file /home/airflow/.local/lib/python3.9/site-packages/airflow/example_dags/example_setup_teardown.py for tasks to queue
[2024-04-21T20:06:49.434+0000] {logging_mixin.py:188} INFO - [2024-04-21T20:06:49.434+0000] {dagbag.py:540} INFO - Filling up the DagBag from /home/airflow/.local/lib/python3.9/site-packages/airflow/example_dags/example_setup_teardown.py
[2024-04-21T20:06:49.450+0000] {processor.py:840} INFO - DAG(s) 'example_setup_teardown' retrieved from /home/airflow/.local/lib/python3.9/site-packages/airflow/example_dags/example_setup_teardown.py
[2024-04-21T20:06:49.509+0000] {logging_mixin.py:188} INFO - [2024-04-21T20:06:49.508+0000] {dag.py:3047} INFO - Sync 1 DAGs
[2024-04-21T20:06:49.530+0000] {logging_mixin.py:188} INFO - [2024-04-21T20:06:49.530+0000] {dag.py:3834} INFO - Setting next_dagrun for example_setup_teardown to 2024-04-20 00:00:00+00:00, run_after=2024-04-21 00:00:00+00:00
[2024-04-21T20:06:49.563+0000] {processor.py:183} INFO - Processing /home/airflow/.local/lib/python3.9/site-packages/airflow/example_dags/example_setup_teardown.py took 0.135 seconds
[2024-04-21T20:07:20.620+0000] {processor.py:161} INFO - Started process (PID=644) to work on /home/airflow/.local/lib/python3.9/site-packages/airflow/example_dags/example_setup_teardown.py
[2024-04-21T20:07:20.622+0000] {processor.py:830} INFO - Processing file /home/airflow/.local/lib/python3.9/site-packages/airflow/example_dags/example_setup_teardown.py for tasks to queue
[2024-04-21T20:07:20.624+0000] {logging_mixin.py:188} INFO - [2024-04-21T20:07:20.623+0000] {dagbag.py:540} INFO - Filling up the DagBag from /home/airflow/.local/lib/python3.9/site-packages/airflow/example_dags/example_setup_teardown.py
[2024-04-21T20:07:20.636+0000] {processor.py:840} INFO - DAG(s) 'example_setup_teardown' retrieved from /home/airflow/.local/lib/python3.9/site-packages/airflow/example_dags/example_setup_teardown.py
[2024-04-21T20:07:20.734+0000] {logging_mixin.py:188} INFO - [2024-04-21T20:07:20.733+0000] {dag.py:3047} INFO - Sync 1 DAGs
[2024-04-21T20:07:20.763+0000] {logging_mixin.py:188} INFO - [2024-04-21T20:07:20.763+0000] {dag.py:3834} INFO - Setting next_dagrun for example_setup_teardown to 2024-04-20 00:00:00+00:00, run_after=2024-04-21 00:00:00+00:00
[2024-04-21T20:07:20.805+0000] {processor.py:183} INFO - Processing /home/airflow/.local/lib/python3.9/site-packages/airflow/example_dags/example_setup_teardown.py took 0.193 seconds
[2024-04-21T20:07:51.844+0000] {processor.py:161} INFO - Started process (PID=701) to work on /home/airflow/.local/lib/python3.9/site-packages/airflow/example_dags/example_setup_teardown.py
[2024-04-21T20:07:51.846+0000] {processor.py:830} INFO - Processing file /home/airflow/.local/lib/python3.9/site-packages/airflow/example_dags/example_setup_teardown.py for tasks to queue
[2024-04-21T20:07:51.850+0000] {logging_mixin.py:188} INFO - [2024-04-21T20:07:51.849+0000] {dagbag.py:540} INFO - Filling up the DagBag from /home/airflow/.local/lib/python3.9/site-packages/airflow/example_dags/example_setup_teardown.py
[2024-04-21T20:07:51.860+0000] {processor.py:840} INFO - DAG(s) 'example_setup_teardown' retrieved from /home/airflow/.local/lib/python3.9/site-packages/airflow/example_dags/example_setup_teardown.py
[2024-04-21T20:07:51.951+0000] {logging_mixin.py:188} INFO - [2024-04-21T20:07:51.950+0000] {dag.py:3047} INFO - Sync 1 DAGs
[2024-04-21T20:07:51.981+0000] {logging_mixin.py:188} INFO - [2024-04-21T20:07:51.981+0000] {dag.py:3834} INFO - Setting next_dagrun for example_setup_teardown to 2024-04-20 00:00:00+00:00, run_after=2024-04-21 00:00:00+00:00
[2024-04-21T20:07:52.025+0000] {processor.py:183} INFO - Processing /home/airflow/.local/lib/python3.9/site-packages/airflow/example_dags/example_setup_teardown.py took 0.187 seconds
[2024-04-21T20:08:23.826+0000] {processor.py:161} INFO - Started process (PID=757) to work on /home/airflow/.local/lib/python3.9/site-packages/airflow/example_dags/example_setup_teardown.py
[2024-04-21T20:08:23.828+0000] {processor.py:830} INFO - Processing file /home/airflow/.local/lib/python3.9/site-packages/airflow/example_dags/example_setup_teardown.py for tasks to queue
[2024-04-21T20:08:23.829+0000] {logging_mixin.py:188} INFO - [2024-04-21T20:08:23.829+0000] {dagbag.py:540} INFO - Filling up the DagBag from /home/airflow/.local/lib/python3.9/site-packages/airflow/example_dags/example_setup_teardown.py
[2024-04-21T20:08:23.838+0000] {processor.py:840} INFO - DAG(s) 'example_setup_teardown' retrieved from /home/airflow/.local/lib/python3.9/site-packages/airflow/example_dags/example_setup_teardown.py
[2024-04-21T20:08:23.903+0000] {logging_mixin.py:188} INFO - [2024-04-21T20:08:23.903+0000] {dag.py:3047} INFO - Sync 1 DAGs
[2024-04-21T20:08:23.933+0000] {logging_mixin.py:188} INFO - [2024-04-21T20:08:23.933+0000] {dag.py:3834} INFO - Setting next_dagrun for example_setup_teardown to 2024-04-20 00:00:00+00:00, run_after=2024-04-21 00:00:00+00:00
[2024-04-21T20:08:23.973+0000] {processor.py:183} INFO - Processing /home/airflow/.local/lib/python3.9/site-packages/airflow/example_dags/example_setup_teardown.py took 0.150 seconds
[2024-04-21T20:10:06.183+0000] {processor.py:161} INFO - Started process (PID=828) to work on /home/airflow/.local/lib/python3.9/site-packages/airflow/example_dags/example_setup_teardown.py
[2024-04-21T20:10:06.185+0000] {processor.py:830} INFO - Processing file /home/airflow/.local/lib/python3.9/site-packages/airflow/example_dags/example_setup_teardown.py for tasks to queue
[2024-04-21T20:10:06.186+0000] {logging_mixin.py:188} INFO - [2024-04-21T20:10:06.186+0000] {dagbag.py:540} INFO - Filling up the DagBag from /home/airflow/.local/lib/python3.9/site-packages/airflow/example_dags/example_setup_teardown.py
[2024-04-21T20:10:06.194+0000] {processor.py:840} INFO - DAG(s) 'example_setup_teardown' retrieved from /home/airflow/.local/lib/python3.9/site-packages/airflow/example_dags/example_setup_teardown.py
[2024-04-21T20:10:06.254+0000] {logging_mixin.py:188} INFO - [2024-04-21T20:10:06.253+0000] {dag.py:3047} INFO - Sync 1 DAGs
[2024-04-21T20:10:06.287+0000] {logging_mixin.py:188} INFO - [2024-04-21T20:10:06.287+0000] {dag.py:3834} INFO - Setting next_dagrun for example_setup_teardown to 2024-04-20 00:00:00+00:00, run_after=2024-04-21 00:00:00+00:00
[2024-04-21T20:10:06.363+0000] {processor.py:183} INFO - Processing /home/airflow/.local/lib/python3.9/site-packages/airflow/example_dags/example_setup_teardown.py took 0.183 seconds
[2024-04-21T20:10:37.354+0000] {processor.py:161} INFO - Started process (PID=885) to work on /home/airflow/.local/lib/python3.9/site-packages/airflow/example_dags/example_setup_teardown.py
[2024-04-21T20:10:37.355+0000] {processor.py:830} INFO - Processing file /home/airflow/.local/lib/python3.9/site-packages/airflow/example_dags/example_setup_teardown.py for tasks to queue
[2024-04-21T20:10:37.357+0000] {logging_mixin.py:188} INFO - [2024-04-21T20:10:37.356+0000] {dagbag.py:540} INFO - Filling up the DagBag from /home/airflow/.local/lib/python3.9/site-packages/airflow/example_dags/example_setup_teardown.py
[2024-04-21T20:10:37.365+0000] {processor.py:840} INFO - DAG(s) 'example_setup_teardown' retrieved from /home/airflow/.local/lib/python3.9/site-packages/airflow/example_dags/example_setup_teardown.py
[2024-04-21T20:10:37.435+0000] {logging_mixin.py:188} INFO - [2024-04-21T20:10:37.435+0000] {dag.py:3047} INFO - Sync 1 DAGs
[2024-04-21T20:10:37.464+0000] {logging_mixin.py:188} INFO - [2024-04-21T20:10:37.463+0000] {dag.py:3834} INFO - Setting next_dagrun for example_setup_teardown to 2024-04-20 00:00:00+00:00, run_after=2024-04-21 00:00:00+00:00
[2024-04-21T20:10:37.504+0000] {processor.py:183} INFO - Processing /home/airflow/.local/lib/python3.9/site-packages/airflow/example_dags/example_setup_teardown.py took 0.153 seconds
[2024-04-21T20:11:07.799+0000] {processor.py:161} INFO - Started process (PID=944) to work on /home/airflow/.local/lib/python3.9/site-packages/airflow/example_dags/example_setup_teardown.py
[2024-04-21T20:11:07.800+0000] {processor.py:830} INFO - Processing file /home/airflow/.local/lib/python3.9/site-packages/airflow/example_dags/example_setup_teardown.py for tasks to queue
[2024-04-21T20:11:07.801+0000] {logging_mixin.py:188} INFO - [2024-04-21T20:11:07.800+0000] {dagbag.py:540} INFO - Filling up the DagBag from /home/airflow/.local/lib/python3.9/site-packages/airflow/example_dags/example_setup_teardown.py
[2024-04-21T20:11:07.807+0000] {processor.py:840} INFO - DAG(s) 'example_setup_teardown' retrieved from /home/airflow/.local/lib/python3.9/site-packages/airflow/example_dags/example_setup_teardown.py
[2024-04-21T20:11:07.863+0000] {logging_mixin.py:188} INFO - [2024-04-21T20:11:07.862+0000] {dag.py:3047} INFO - Sync 1 DAGs
[2024-04-21T20:11:07.884+0000] {logging_mixin.py:188} INFO - [2024-04-21T20:11:07.883+0000] {dag.py:3834} INFO - Setting next_dagrun for example_setup_teardown to 2024-04-20 00:00:00+00:00, run_after=2024-04-21 00:00:00+00:00
[2024-04-21T20:11:07.917+0000] {processor.py:183} INFO - Processing /home/airflow/.local/lib/python3.9/site-packages/airflow/example_dags/example_setup_teardown.py took 0.121 seconds
[2024-04-21T20:14:24.570+0000] {processor.py:161} INFO - Started process (PID=72) to work on /home/airflow/.local/lib/python3.9/site-packages/airflow/example_dags/example_setup_teardown.py
[2024-04-21T20:14:24.571+0000] {processor.py:830} INFO - Processing file /home/airflow/.local/lib/python3.9/site-packages/airflow/example_dags/example_setup_teardown.py for tasks to queue
[2024-04-21T20:14:24.574+0000] {logging_mixin.py:188} INFO - [2024-04-21T20:14:24.573+0000] {dagbag.py:540} INFO - Filling up the DagBag from /home/airflow/.local/lib/python3.9/site-packages/airflow/example_dags/example_setup_teardown.py
[2024-04-21T20:14:24.583+0000] {processor.py:840} INFO - DAG(s) 'example_setup_teardown' retrieved from /home/airflow/.local/lib/python3.9/site-packages/airflow/example_dags/example_setup_teardown.py
[2024-04-21T20:14:24.805+0000] {logging_mixin.py:188} INFO - [2024-04-21T20:14:24.804+0000] {dag.py:3047} INFO - Sync 1 DAGs
[2024-04-21T20:14:24.844+0000] {logging_mixin.py:188} INFO - [2024-04-21T20:14:24.844+0000] {dag.py:3834} INFO - Setting next_dagrun for example_setup_teardown to 2024-04-20 00:00:00+00:00, run_after=2024-04-21 00:00:00+00:00
[2024-04-21T20:14:24.887+0000] {processor.py:183} INFO - Processing /home/airflow/.local/lib/python3.9/site-packages/airflow/example_dags/example_setup_teardown.py took 0.320 seconds
[2024-04-21T20:14:55.130+0000] {processor.py:161} INFO - Started process (PID=130) to work on /home/airflow/.local/lib/python3.9/site-packages/airflow/example_dags/example_setup_teardown.py
[2024-04-21T20:14:55.131+0000] {processor.py:830} INFO - Processing file /home/airflow/.local/lib/python3.9/site-packages/airflow/example_dags/example_setup_teardown.py for tasks to queue
[2024-04-21T20:14:55.134+0000] {logging_mixin.py:188} INFO - [2024-04-21T20:14:55.134+0000] {dagbag.py:540} INFO - Filling up the DagBag from /home/airflow/.local/lib/python3.9/site-packages/airflow/example_dags/example_setup_teardown.py
[2024-04-21T20:14:55.143+0000] {processor.py:840} INFO - DAG(s) 'example_setup_teardown' retrieved from /home/airflow/.local/lib/python3.9/site-packages/airflow/example_dags/example_setup_teardown.py
[2024-04-21T20:14:55.225+0000] {logging_mixin.py:188} INFO - [2024-04-21T20:14:55.225+0000] {dag.py:3047} INFO - Sync 1 DAGs
[2024-04-21T20:14:55.256+0000] {logging_mixin.py:188} INFO - [2024-04-21T20:14:55.256+0000] {dag.py:3834} INFO - Setting next_dagrun for example_setup_teardown to 2024-04-20 00:00:00+00:00, run_after=2024-04-21 00:00:00+00:00
[2024-04-21T20:14:55.292+0000] {processor.py:183} INFO - Processing /home/airflow/.local/lib/python3.9/site-packages/airflow/example_dags/example_setup_teardown.py took 0.166 seconds
[2024-04-21T20:15:26.156+0000] {processor.py:161} INFO - Started process (PID=187) to work on /home/airflow/.local/lib/python3.9/site-packages/airflow/example_dags/example_setup_teardown.py
[2024-04-21T20:15:26.158+0000] {processor.py:830} INFO - Processing file /home/airflow/.local/lib/python3.9/site-packages/airflow/example_dags/example_setup_teardown.py for tasks to queue
[2024-04-21T20:15:26.160+0000] {logging_mixin.py:188} INFO - [2024-04-21T20:15:26.160+0000] {dagbag.py:540} INFO - Filling up the DagBag from /home/airflow/.local/lib/python3.9/site-packages/airflow/example_dags/example_setup_teardown.py
[2024-04-21T20:15:26.168+0000] {processor.py:840} INFO - DAG(s) 'example_setup_teardown' retrieved from /home/airflow/.local/lib/python3.9/site-packages/airflow/example_dags/example_setup_teardown.py
[2024-04-21T20:15:26.227+0000] {logging_mixin.py:188} INFO - [2024-04-21T20:15:26.226+0000] {dag.py:3047} INFO - Sync 1 DAGs
[2024-04-21T20:15:26.252+0000] {logging_mixin.py:188} INFO - [2024-04-21T20:15:26.252+0000] {dag.py:3834} INFO - Setting next_dagrun for example_setup_teardown to 2024-04-20 00:00:00+00:00, run_after=2024-04-21 00:00:00+00:00
[2024-04-21T20:15:26.288+0000] {processor.py:183} INFO - Processing /home/airflow/.local/lib/python3.9/site-packages/airflow/example_dags/example_setup_teardown.py took 0.134 seconds
[2024-04-21T20:16:18.922+0000] {processor.py:161} INFO - Started process (PID=72) to work on /home/airflow/.local/lib/python3.9/site-packages/airflow/example_dags/example_setup_teardown.py
[2024-04-21T20:16:18.923+0000] {processor.py:830} INFO - Processing file /home/airflow/.local/lib/python3.9/site-packages/airflow/example_dags/example_setup_teardown.py for tasks to queue
[2024-04-21T20:16:18.925+0000] {logging_mixin.py:188} INFO - [2024-04-21T20:16:18.925+0000] {dagbag.py:540} INFO - Filling up the DagBag from /home/airflow/.local/lib/python3.9/site-packages/airflow/example_dags/example_setup_teardown.py
[2024-04-21T20:16:18.932+0000] {processor.py:840} INFO - DAG(s) 'example_setup_teardown' retrieved from /home/airflow/.local/lib/python3.9/site-packages/airflow/example_dags/example_setup_teardown.py
[2024-04-21T20:16:18.997+0000] {logging_mixin.py:188} INFO - [2024-04-21T20:16:18.996+0000] {dag.py:3047} INFO - Sync 1 DAGs
[2024-04-21T20:16:19.020+0000] {logging_mixin.py:188} INFO - [2024-04-21T20:16:19.019+0000] {dag.py:3834} INFO - Setting next_dagrun for example_setup_teardown to 2024-04-20 00:00:00+00:00, run_after=2024-04-21 00:00:00+00:00
[2024-04-21T20:16:19.057+0000] {processor.py:183} INFO - Processing /home/airflow/.local/lib/python3.9/site-packages/airflow/example_dags/example_setup_teardown.py took 0.138 seconds
[2024-04-21T20:16:49.543+0000] {processor.py:161} INFO - Started process (PID=129) to work on /home/airflow/.local/lib/python3.9/site-packages/airflow/example_dags/example_setup_teardown.py
[2024-04-21T20:16:49.544+0000] {processor.py:830} INFO - Processing file /home/airflow/.local/lib/python3.9/site-packages/airflow/example_dags/example_setup_teardown.py for tasks to queue
[2024-04-21T20:16:49.547+0000] {logging_mixin.py:188} INFO - [2024-04-21T20:16:49.546+0000] {dagbag.py:540} INFO - Filling up the DagBag from /home/airflow/.local/lib/python3.9/site-packages/airflow/example_dags/example_setup_teardown.py
[2024-04-21T20:16:49.554+0000] {processor.py:840} INFO - DAG(s) 'example_setup_teardown' retrieved from /home/airflow/.local/lib/python3.9/site-packages/airflow/example_dags/example_setup_teardown.py
[2024-04-21T20:16:49.610+0000] {logging_mixin.py:188} INFO - [2024-04-21T20:16:49.609+0000] {dag.py:3047} INFO - Sync 1 DAGs
[2024-04-21T20:16:49.633+0000] {logging_mixin.py:188} INFO - [2024-04-21T20:16:49.633+0000] {dag.py:3834} INFO - Setting next_dagrun for example_setup_teardown to 2024-04-20 00:00:00+00:00, run_after=2024-04-21 00:00:00+00:00
[2024-04-21T20:16:49.666+0000] {processor.py:183} INFO - Processing /home/airflow/.local/lib/python3.9/site-packages/airflow/example_dags/example_setup_teardown.py took 0.125 seconds
[2024-04-21T20:17:19.969+0000] {processor.py:161} INFO - Started process (PID=186) to work on /home/airflow/.local/lib/python3.9/site-packages/airflow/example_dags/example_setup_teardown.py
[2024-04-21T20:17:19.970+0000] {processor.py:830} INFO - Processing file /home/airflow/.local/lib/python3.9/site-packages/airflow/example_dags/example_setup_teardown.py for tasks to queue
[2024-04-21T20:17:19.972+0000] {logging_mixin.py:188} INFO - [2024-04-21T20:17:19.972+0000] {dagbag.py:540} INFO - Filling up the DagBag from /home/airflow/.local/lib/python3.9/site-packages/airflow/example_dags/example_setup_teardown.py
[2024-04-21T20:17:19.979+0000] {processor.py:840} INFO - DAG(s) 'example_setup_teardown' retrieved from /home/airflow/.local/lib/python3.9/site-packages/airflow/example_dags/example_setup_teardown.py
[2024-04-21T20:17:20.036+0000] {logging_mixin.py:188} INFO - [2024-04-21T20:17:20.035+0000] {dag.py:3047} INFO - Sync 1 DAGs
[2024-04-21T20:17:20.060+0000] {logging_mixin.py:188} INFO - [2024-04-21T20:17:20.060+0000] {dag.py:3834} INFO - Setting next_dagrun for example_setup_teardown to 2024-04-20 00:00:00+00:00, run_after=2024-04-21 00:00:00+00:00
[2024-04-21T20:17:20.093+0000] {processor.py:183} INFO - Processing /home/airflow/.local/lib/python3.9/site-packages/airflow/example_dags/example_setup_teardown.py took 0.127 seconds
[2024-04-21T20:17:50.581+0000] {processor.py:161} INFO - Started process (PID=243) to work on /home/airflow/.local/lib/python3.9/site-packages/airflow/example_dags/example_setup_teardown.py
[2024-04-21T20:17:50.582+0000] {processor.py:830} INFO - Processing file /home/airflow/.local/lib/python3.9/site-packages/airflow/example_dags/example_setup_teardown.py for tasks to queue
[2024-04-21T20:17:50.585+0000] {logging_mixin.py:188} INFO - [2024-04-21T20:17:50.584+0000] {dagbag.py:540} INFO - Filling up the DagBag from /home/airflow/.local/lib/python3.9/site-packages/airflow/example_dags/example_setup_teardown.py
[2024-04-21T20:17:50.591+0000] {processor.py:840} INFO - DAG(s) 'example_setup_teardown' retrieved from /home/airflow/.local/lib/python3.9/site-packages/airflow/example_dags/example_setup_teardown.py
[2024-04-21T20:17:50.645+0000] {logging_mixin.py:188} INFO - [2024-04-21T20:17:50.645+0000] {dag.py:3047} INFO - Sync 1 DAGs
[2024-04-21T20:17:50.669+0000] {logging_mixin.py:188} INFO - [2024-04-21T20:17:50.669+0000] {dag.py:3834} INFO - Setting next_dagrun for example_setup_teardown to 2024-04-20 00:00:00+00:00, run_after=2024-04-21 00:00:00+00:00
[2024-04-21T20:17:50.701+0000] {processor.py:183} INFO - Processing /home/airflow/.local/lib/python3.9/site-packages/airflow/example_dags/example_setup_teardown.py took 0.122 seconds
[2024-04-21T20:18:21.540+0000] {processor.py:161} INFO - Started process (PID=300) to work on /home/airflow/.local/lib/python3.9/site-packages/airflow/example_dags/example_setup_teardown.py
[2024-04-21T20:18:21.541+0000] {processor.py:830} INFO - Processing file /home/airflow/.local/lib/python3.9/site-packages/airflow/example_dags/example_setup_teardown.py for tasks to queue
[2024-04-21T20:18:21.544+0000] {logging_mixin.py:188} INFO - [2024-04-21T20:18:21.543+0000] {dagbag.py:540} INFO - Filling up the DagBag from /home/airflow/.local/lib/python3.9/site-packages/airflow/example_dags/example_setup_teardown.py
[2024-04-21T20:18:21.552+0000] {processor.py:840} INFO - DAG(s) 'example_setup_teardown' retrieved from /home/airflow/.local/lib/python3.9/site-packages/airflow/example_dags/example_setup_teardown.py
[2024-04-21T20:18:21.630+0000] {logging_mixin.py:188} INFO - [2024-04-21T20:18:21.629+0000] {dag.py:3047} INFO - Sync 1 DAGs
[2024-04-21T20:18:21.669+0000] {logging_mixin.py:188} INFO - [2024-04-21T20:18:21.669+0000] {dag.py:3834} INFO - Setting next_dagrun for example_setup_teardown to 2024-04-20 00:00:00+00:00, run_after=2024-04-21 00:00:00+00:00
[2024-04-21T20:18:21.723+0000] {processor.py:183} INFO - Processing /home/airflow/.local/lib/python3.9/site-packages/airflow/example_dags/example_setup_teardown.py took 0.186 seconds
[2024-04-21T20:18:53.378+0000] {processor.py:161} INFO - Started process (PID=357) to work on /home/airflow/.local/lib/python3.9/site-packages/airflow/example_dags/example_setup_teardown.py
[2024-04-21T20:18:53.380+0000] {processor.py:830} INFO - Processing file /home/airflow/.local/lib/python3.9/site-packages/airflow/example_dags/example_setup_teardown.py for tasks to queue
[2024-04-21T20:18:53.382+0000] {logging_mixin.py:188} INFO - [2024-04-21T20:18:53.382+0000] {dagbag.py:540} INFO - Filling up the DagBag from /home/airflow/.local/lib/python3.9/site-packages/airflow/example_dags/example_setup_teardown.py
[2024-04-21T20:18:53.388+0000] {processor.py:840} INFO - DAG(s) 'example_setup_teardown' retrieved from /home/airflow/.local/lib/python3.9/site-packages/airflow/example_dags/example_setup_teardown.py
[2024-04-21T20:18:53.446+0000] {logging_mixin.py:188} INFO - [2024-04-21T20:18:53.445+0000] {dag.py:3047} INFO - Sync 1 DAGs
[2024-04-21T20:18:53.474+0000] {logging_mixin.py:188} INFO - [2024-04-21T20:18:53.474+0000] {dag.py:3834} INFO - Setting next_dagrun for example_setup_teardown to 2024-04-20 00:00:00+00:00, run_after=2024-04-21 00:00:00+00:00
[2024-04-21T20:18:53.507+0000] {processor.py:183} INFO - Processing /home/airflow/.local/lib/python3.9/site-packages/airflow/example_dags/example_setup_teardown.py took 0.131 seconds
[2024-04-21T20:32:57.207+0000] {processor.py:161} INFO - Started process (PID=74) to work on /home/airflow/.local/lib/python3.9/site-packages/airflow/example_dags/example_setup_teardown.py
[2024-04-21T20:32:57.209+0000] {processor.py:830} INFO - Processing file /home/airflow/.local/lib/python3.9/site-packages/airflow/example_dags/example_setup_teardown.py for tasks to queue
[2024-04-21T20:32:57.211+0000] {logging_mixin.py:188} INFO - [2024-04-21T20:32:57.211+0000] {dagbag.py:540} INFO - Filling up the DagBag from /home/airflow/.local/lib/python3.9/site-packages/airflow/example_dags/example_setup_teardown.py
[2024-04-21T20:32:57.218+0000] {processor.py:840} INFO - DAG(s) 'example_setup_teardown' retrieved from /home/airflow/.local/lib/python3.9/site-packages/airflow/example_dags/example_setup_teardown.py
[2024-04-21T20:32:57.365+0000] {logging_mixin.py:188} INFO - [2024-04-21T20:32:57.365+0000] {dag.py:3047} INFO - Sync 1 DAGs
[2024-04-21T20:32:57.388+0000] {logging_mixin.py:188} INFO - [2024-04-21T20:32:57.388+0000] {dag.py:3834} INFO - Setting next_dagrun for example_setup_teardown to 2024-04-20 00:00:00+00:00, run_after=2024-04-21 00:00:00+00:00
[2024-04-21T20:32:57.425+0000] {processor.py:183} INFO - Processing /home/airflow/.local/lib/python3.9/site-packages/airflow/example_dags/example_setup_teardown.py took 0.221 seconds
[2024-04-21T20:33:24.552+0000] {processor.py:161} INFO - Started process (PID=72) to work on /home/airflow/.local/lib/python3.9/site-packages/airflow/example_dags/example_setup_teardown.py
[2024-04-21T20:33:24.553+0000] {processor.py:830} INFO - Processing file /home/airflow/.local/lib/python3.9/site-packages/airflow/example_dags/example_setup_teardown.py for tasks to queue
[2024-04-21T20:33:24.555+0000] {logging_mixin.py:188} INFO - [2024-04-21T20:33:24.555+0000] {dagbag.py:540} INFO - Filling up the DagBag from /home/airflow/.local/lib/python3.9/site-packages/airflow/example_dags/example_setup_teardown.py
[2024-04-21T20:33:24.565+0000] {processor.py:840} INFO - DAG(s) 'example_setup_teardown' retrieved from /home/airflow/.local/lib/python3.9/site-packages/airflow/example_dags/example_setup_teardown.py
[2024-04-21T20:33:24.631+0000] {logging_mixin.py:188} INFO - [2024-04-21T20:33:24.631+0000] {dag.py:3047} INFO - Sync 1 DAGs
[2024-04-21T20:33:24.657+0000] {logging_mixin.py:188} INFO - [2024-04-21T20:33:24.657+0000] {dag.py:3834} INFO - Setting next_dagrun for example_setup_teardown to 2024-04-20 00:00:00+00:00, run_after=2024-04-21 00:00:00+00:00
[2024-04-21T20:33:24.692+0000] {processor.py:183} INFO - Processing /home/airflow/.local/lib/python3.9/site-packages/airflow/example_dags/example_setup_teardown.py took 0.144 seconds
[2024-04-21T20:33:55.551+0000] {processor.py:161} INFO - Started process (PID=129) to work on /home/airflow/.local/lib/python3.9/site-packages/airflow/example_dags/example_setup_teardown.py
[2024-04-21T20:33:55.553+0000] {processor.py:830} INFO - Processing file /home/airflow/.local/lib/python3.9/site-packages/airflow/example_dags/example_setup_teardown.py for tasks to queue
[2024-04-21T20:33:55.555+0000] {logging_mixin.py:188} INFO - [2024-04-21T20:33:55.555+0000] {dagbag.py:540} INFO - Filling up the DagBag from /home/airflow/.local/lib/python3.9/site-packages/airflow/example_dags/example_setup_teardown.py
[2024-04-21T20:33:55.562+0000] {processor.py:840} INFO - DAG(s) 'example_setup_teardown' retrieved from /home/airflow/.local/lib/python3.9/site-packages/airflow/example_dags/example_setup_teardown.py
[2024-04-21T20:33:55.634+0000] {logging_mixin.py:188} INFO - [2024-04-21T20:33:55.633+0000] {dag.py:3047} INFO - Sync 1 DAGs
[2024-04-21T20:33:55.658+0000] {logging_mixin.py:188} INFO - [2024-04-21T20:33:55.658+0000] {dag.py:3834} INFO - Setting next_dagrun for example_setup_teardown to 2024-04-20 00:00:00+00:00, run_after=2024-04-21 00:00:00+00:00
[2024-04-21T20:33:55.696+0000] {processor.py:183} INFO - Processing /home/airflow/.local/lib/python3.9/site-packages/airflow/example_dags/example_setup_teardown.py took 0.147 seconds
[2024-04-21T20:34:32.264+0000] {processor.py:161} INFO - Started process (PID=72) to work on /home/airflow/.local/lib/python3.9/site-packages/airflow/example_dags/example_setup_teardown.py
[2024-04-21T20:34:32.266+0000] {processor.py:830} INFO - Processing file /home/airflow/.local/lib/python3.9/site-packages/airflow/example_dags/example_setup_teardown.py for tasks to queue
[2024-04-21T20:34:32.268+0000] {logging_mixin.py:188} INFO - [2024-04-21T20:34:32.268+0000] {dagbag.py:540} INFO - Filling up the DagBag from /home/airflow/.local/lib/python3.9/site-packages/airflow/example_dags/example_setup_teardown.py
[2024-04-21T20:34:32.275+0000] {processor.py:840} INFO - DAG(s) 'example_setup_teardown' retrieved from /home/airflow/.local/lib/python3.9/site-packages/airflow/example_dags/example_setup_teardown.py
[2024-04-21T20:34:32.339+0000] {logging_mixin.py:188} INFO - [2024-04-21T20:34:32.339+0000] {dag.py:3047} INFO - Sync 1 DAGs
[2024-04-21T20:34:32.363+0000] {logging_mixin.py:188} INFO - [2024-04-21T20:34:32.363+0000] {dag.py:3834} INFO - Setting next_dagrun for example_setup_teardown to 2024-04-20 00:00:00+00:00, run_after=2024-04-21 00:00:00+00:00
[2024-04-21T20:34:32.399+0000] {processor.py:183} INFO - Processing /home/airflow/.local/lib/python3.9/site-packages/airflow/example_dags/example_setup_teardown.py took 0.138 seconds
[2024-04-21T20:35:03.390+0000] {processor.py:161} INFO - Started process (PID=129) to work on /home/airflow/.local/lib/python3.9/site-packages/airflow/example_dags/example_setup_teardown.py
[2024-04-21T20:35:03.392+0000] {processor.py:830} INFO - Processing file /home/airflow/.local/lib/python3.9/site-packages/airflow/example_dags/example_setup_teardown.py for tasks to queue
[2024-04-21T20:35:03.395+0000] {logging_mixin.py:188} INFO - [2024-04-21T20:35:03.394+0000] {dagbag.py:540} INFO - Filling up the DagBag from /home/airflow/.local/lib/python3.9/site-packages/airflow/example_dags/example_setup_teardown.py
[2024-04-21T20:35:03.402+0000] {processor.py:840} INFO - DAG(s) 'example_setup_teardown' retrieved from /home/airflow/.local/lib/python3.9/site-packages/airflow/example_dags/example_setup_teardown.py
[2024-04-21T20:35:03.473+0000] {logging_mixin.py:188} INFO - [2024-04-21T20:35:03.473+0000] {dag.py:3047} INFO - Sync 1 DAGs
[2024-04-21T20:35:03.504+0000] {logging_mixin.py:188} INFO - [2024-04-21T20:35:03.504+0000] {dag.py:3834} INFO - Setting next_dagrun for example_setup_teardown to 2024-04-20 00:00:00+00:00, run_after=2024-04-21 00:00:00+00:00
[2024-04-21T20:35:03.551+0000] {processor.py:183} INFO - Processing /home/airflow/.local/lib/python3.9/site-packages/airflow/example_dags/example_setup_teardown.py took 0.165 seconds
[2024-04-21T20:35:34.002+0000] {processor.py:161} INFO - Started process (PID=186) to work on /home/airflow/.local/lib/python3.9/site-packages/airflow/example_dags/example_setup_teardown.py
[2024-04-21T20:35:34.004+0000] {processor.py:830} INFO - Processing file /home/airflow/.local/lib/python3.9/site-packages/airflow/example_dags/example_setup_teardown.py for tasks to queue
[2024-04-21T20:35:34.006+0000] {logging_mixin.py:188} INFO - [2024-04-21T20:35:34.006+0000] {dagbag.py:540} INFO - Filling up the DagBag from /home/airflow/.local/lib/python3.9/site-packages/airflow/example_dags/example_setup_teardown.py
[2024-04-21T20:35:34.013+0000] {processor.py:840} INFO - DAG(s) 'example_setup_teardown' retrieved from /home/airflow/.local/lib/python3.9/site-packages/airflow/example_dags/example_setup_teardown.py
[2024-04-21T20:35:34.075+0000] {logging_mixin.py:188} INFO - [2024-04-21T20:35:34.075+0000] {dag.py:3047} INFO - Sync 1 DAGs
[2024-04-21T20:35:34.100+0000] {logging_mixin.py:188} INFO - [2024-04-21T20:35:34.100+0000] {dag.py:3834} INFO - Setting next_dagrun for example_setup_teardown to 2024-04-20 00:00:00+00:00, run_after=2024-04-21 00:00:00+00:00
[2024-04-21T20:35:34.132+0000] {processor.py:183} INFO - Processing /home/airflow/.local/lib/python3.9/site-packages/airflow/example_dags/example_setup_teardown.py took 0.133 seconds
[2024-04-21T20:36:05.060+0000] {processor.py:161} INFO - Started process (PID=243) to work on /home/airflow/.local/lib/python3.9/site-packages/airflow/example_dags/example_setup_teardown.py
[2024-04-21T20:36:05.061+0000] {processor.py:830} INFO - Processing file /home/airflow/.local/lib/python3.9/site-packages/airflow/example_dags/example_setup_teardown.py for tasks to queue
[2024-04-21T20:36:05.064+0000] {logging_mixin.py:188} INFO - [2024-04-21T20:36:05.063+0000] {dagbag.py:540} INFO - Filling up the DagBag from /home/airflow/.local/lib/python3.9/site-packages/airflow/example_dags/example_setup_teardown.py
[2024-04-21T20:36:05.071+0000] {processor.py:840} INFO - DAG(s) 'example_setup_teardown' retrieved from /home/airflow/.local/lib/python3.9/site-packages/airflow/example_dags/example_setup_teardown.py
[2024-04-21T20:36:05.127+0000] {logging_mixin.py:188} INFO - [2024-04-21T20:36:05.127+0000] {dag.py:3047} INFO - Sync 1 DAGs
[2024-04-21T20:36:05.154+0000] {logging_mixin.py:188} INFO - [2024-04-21T20:36:05.154+0000] {dag.py:3834} INFO - Setting next_dagrun for example_setup_teardown to 2024-04-20 00:00:00+00:00, run_after=2024-04-21 00:00:00+00:00
[2024-04-21T20:36:05.189+0000] {processor.py:183} INFO - Processing /home/airflow/.local/lib/python3.9/site-packages/airflow/example_dags/example_setup_teardown.py took 0.132 seconds
[2024-04-21T20:36:36.926+0000] {processor.py:161} INFO - Started process (PID=300) to work on /home/airflow/.local/lib/python3.9/site-packages/airflow/example_dags/example_setup_teardown.py
[2024-04-21T20:36:36.928+0000] {processor.py:830} INFO - Processing file /home/airflow/.local/lib/python3.9/site-packages/airflow/example_dags/example_setup_teardown.py for tasks to queue
[2024-04-21T20:36:36.932+0000] {logging_mixin.py:188} INFO - [2024-04-21T20:36:36.931+0000] {dagbag.py:540} INFO - Filling up the DagBag from /home/airflow/.local/lib/python3.9/site-packages/airflow/example_dags/example_setup_teardown.py
[2024-04-21T20:36:36.947+0000] {processor.py:840} INFO - DAG(s) 'example_setup_teardown' retrieved from /home/airflow/.local/lib/python3.9/site-packages/airflow/example_dags/example_setup_teardown.py
[2024-04-21T20:36:37.040+0000] {logging_mixin.py:188} INFO - [2024-04-21T20:36:37.039+0000] {dag.py:3047} INFO - Sync 1 DAGs
[2024-04-21T20:36:37.076+0000] {logging_mixin.py:188} INFO - [2024-04-21T20:36:37.076+0000] {dag.py:3834} INFO - Setting next_dagrun for example_setup_teardown to 2024-04-20 00:00:00+00:00, run_after=2024-04-21 00:00:00+00:00
[2024-04-21T20:36:37.123+0000] {processor.py:183} INFO - Processing /home/airflow/.local/lib/python3.9/site-packages/airflow/example_dags/example_setup_teardown.py took 0.204 seconds
[2024-04-21T20:37:07.556+0000] {processor.py:161} INFO - Started process (PID=357) to work on /home/airflow/.local/lib/python3.9/site-packages/airflow/example_dags/example_setup_teardown.py
[2024-04-21T20:37:07.558+0000] {processor.py:830} INFO - Processing file /home/airflow/.local/lib/python3.9/site-packages/airflow/example_dags/example_setup_teardown.py for tasks to queue
[2024-04-21T20:37:07.560+0000] {logging_mixin.py:188} INFO - [2024-04-21T20:37:07.559+0000] {dagbag.py:540} INFO - Filling up the DagBag from /home/airflow/.local/lib/python3.9/site-packages/airflow/example_dags/example_setup_teardown.py
[2024-04-21T20:37:07.567+0000] {processor.py:840} INFO - DAG(s) 'example_setup_teardown' retrieved from /home/airflow/.local/lib/python3.9/site-packages/airflow/example_dags/example_setup_teardown.py
[2024-04-21T20:37:07.625+0000] {logging_mixin.py:188} INFO - [2024-04-21T20:37:07.625+0000] {dag.py:3047} INFO - Sync 1 DAGs
[2024-04-21T20:37:07.651+0000] {logging_mixin.py:188} INFO - [2024-04-21T20:37:07.650+0000] {dag.py:3834} INFO - Setting next_dagrun for example_setup_teardown to 2024-04-20 00:00:00+00:00, run_after=2024-04-21 00:00:00+00:00
[2024-04-21T20:37:07.684+0000] {processor.py:183} INFO - Processing /home/airflow/.local/lib/python3.9/site-packages/airflow/example_dags/example_setup_teardown.py took 0.131 seconds
[2024-04-21T20:37:38.667+0000] {processor.py:161} INFO - Started process (PID=414) to work on /home/airflow/.local/lib/python3.9/site-packages/airflow/example_dags/example_setup_teardown.py
[2024-04-21T20:37:38.668+0000] {processor.py:830} INFO - Processing file /home/airflow/.local/lib/python3.9/site-packages/airflow/example_dags/example_setup_teardown.py for tasks to queue
[2024-04-21T20:37:38.671+0000] {logging_mixin.py:188} INFO - [2024-04-21T20:37:38.671+0000] {dagbag.py:540} INFO - Filling up the DagBag from /home/airflow/.local/lib/python3.9/site-packages/airflow/example_dags/example_setup_teardown.py
[2024-04-21T20:37:38.679+0000] {processor.py:840} INFO - DAG(s) 'example_setup_teardown' retrieved from /home/airflow/.local/lib/python3.9/site-packages/airflow/example_dags/example_setup_teardown.py
[2024-04-21T20:37:38.737+0000] {logging_mixin.py:188} INFO - [2024-04-21T20:37:38.736+0000] {dag.py:3047} INFO - Sync 1 DAGs
[2024-04-21T20:37:38.771+0000] {logging_mixin.py:188} INFO - [2024-04-21T20:37:38.770+0000] {dag.py:3834} INFO - Setting next_dagrun for example_setup_teardown to 2024-04-20 00:00:00+00:00, run_after=2024-04-21 00:00:00+00:00
[2024-04-21T20:37:38.811+0000] {processor.py:183} INFO - Processing /home/airflow/.local/lib/python3.9/site-packages/airflow/example_dags/example_setup_teardown.py took 0.147 seconds
[2024-04-21T20:38:09.709+0000] {processor.py:161} INFO - Started process (PID=471) to work on /home/airflow/.local/lib/python3.9/site-packages/airflow/example_dags/example_setup_teardown.py
[2024-04-21T20:38:09.711+0000] {processor.py:830} INFO - Processing file /home/airflow/.local/lib/python3.9/site-packages/airflow/example_dags/example_setup_teardown.py for tasks to queue
[2024-04-21T20:38:09.713+0000] {logging_mixin.py:188} INFO - [2024-04-21T20:38:09.712+0000] {dagbag.py:540} INFO - Filling up the DagBag from /home/airflow/.local/lib/python3.9/site-packages/airflow/example_dags/example_setup_teardown.py
[2024-04-21T20:38:09.720+0000] {processor.py:840} INFO - DAG(s) 'example_setup_teardown' retrieved from /home/airflow/.local/lib/python3.9/site-packages/airflow/example_dags/example_setup_teardown.py
[2024-04-21T20:38:09.778+0000] {logging_mixin.py:188} INFO - [2024-04-21T20:38:09.778+0000] {dag.py:3047} INFO - Sync 1 DAGs
[2024-04-21T20:38:09.800+0000] {logging_mixin.py:188} INFO - [2024-04-21T20:38:09.800+0000] {dag.py:3834} INFO - Setting next_dagrun for example_setup_teardown to 2024-04-20 00:00:00+00:00, run_after=2024-04-21 00:00:00+00:00
[2024-04-21T20:38:09.832+0000] {processor.py:183} INFO - Processing /home/airflow/.local/lib/python3.9/site-packages/airflow/example_dags/example_setup_teardown.py took 0.126 seconds
[2024-04-21T20:38:41.882+0000] {processor.py:161} INFO - Started process (PID=528) to work on /home/airflow/.local/lib/python3.9/site-packages/airflow/example_dags/example_setup_teardown.py
[2024-04-21T20:38:41.883+0000] {processor.py:830} INFO - Processing file /home/airflow/.local/lib/python3.9/site-packages/airflow/example_dags/example_setup_teardown.py for tasks to queue
[2024-04-21T20:38:41.885+0000] {logging_mixin.py:188} INFO - [2024-04-21T20:38:41.885+0000] {dagbag.py:540} INFO - Filling up the DagBag from /home/airflow/.local/lib/python3.9/site-packages/airflow/example_dags/example_setup_teardown.py
[2024-04-21T20:38:41.892+0000] {processor.py:840} INFO - DAG(s) 'example_setup_teardown' retrieved from /home/airflow/.local/lib/python3.9/site-packages/airflow/example_dags/example_setup_teardown.py
[2024-04-21T20:38:41.945+0000] {logging_mixin.py:188} INFO - [2024-04-21T20:38:41.945+0000] {dag.py:3047} INFO - Sync 1 DAGs
[2024-04-21T20:38:41.967+0000] {logging_mixin.py:188} INFO - [2024-04-21T20:38:41.967+0000] {dag.py:3834} INFO - Setting next_dagrun for example_setup_teardown to 2024-04-20 00:00:00+00:00, run_after=2024-04-21 00:00:00+00:00
[2024-04-21T20:38:42.000+0000] {processor.py:183} INFO - Processing /home/airflow/.local/lib/python3.9/site-packages/airflow/example_dags/example_setup_teardown.py took 0.121 seconds
[2024-04-21T20:40:43.373+0000] {processor.py:161} INFO - Started process (PID=616) to work on /home/airflow/.local/lib/python3.9/site-packages/airflow/example_dags/example_setup_teardown.py
[2024-04-21T20:40:43.374+0000] {processor.py:830} INFO - Processing file /home/airflow/.local/lib/python3.9/site-packages/airflow/example_dags/example_setup_teardown.py for tasks to queue
[2024-04-21T20:40:43.377+0000] {logging_mixin.py:188} INFO - [2024-04-21T20:40:43.376+0000] {dagbag.py:540} INFO - Filling up the DagBag from /home/airflow/.local/lib/python3.9/site-packages/airflow/example_dags/example_setup_teardown.py
[2024-04-21T20:40:43.384+0000] {processor.py:840} INFO - DAG(s) 'example_setup_teardown' retrieved from /home/airflow/.local/lib/python3.9/site-packages/airflow/example_dags/example_setup_teardown.py
[2024-04-21T20:40:43.441+0000] {logging_mixin.py:188} INFO - [2024-04-21T20:40:43.440+0000] {dag.py:3047} INFO - Sync 1 DAGs
[2024-04-21T20:40:43.460+0000] {logging_mixin.py:188} INFO - [2024-04-21T20:40:43.460+0000] {dag.py:3834} INFO - Setting next_dagrun for example_setup_teardown to 2024-04-20 00:00:00+00:00, run_after=2024-04-21 00:00:00+00:00
[2024-04-21T20:40:43.493+0000] {processor.py:183} INFO - Processing /home/airflow/.local/lib/python3.9/site-packages/airflow/example_dags/example_setup_teardown.py took 0.123 seconds
[2024-04-21T20:41:16.428+0000] {processor.py:161} INFO - Started process (PID=675) to work on /home/airflow/.local/lib/python3.9/site-packages/airflow/example_dags/example_setup_teardown.py
[2024-04-21T20:41:16.429+0000] {processor.py:830} INFO - Processing file /home/airflow/.local/lib/python3.9/site-packages/airflow/example_dags/example_setup_teardown.py for tasks to queue
[2024-04-21T20:41:16.431+0000] {logging_mixin.py:188} INFO - [2024-04-21T20:41:16.431+0000] {dagbag.py:540} INFO - Filling up the DagBag from /home/airflow/.local/lib/python3.9/site-packages/airflow/example_dags/example_setup_teardown.py
[2024-04-21T20:41:16.441+0000] {processor.py:840} INFO - DAG(s) 'example_setup_teardown' retrieved from /home/airflow/.local/lib/python3.9/site-packages/airflow/example_dags/example_setup_teardown.py
[2024-04-21T20:41:16.495+0000] {logging_mixin.py:188} INFO - [2024-04-21T20:41:16.495+0000] {dag.py:3047} INFO - Sync 1 DAGs
[2024-04-21T20:41:16.518+0000] {logging_mixin.py:188} INFO - [2024-04-21T20:41:16.518+0000] {dag.py:3834} INFO - Setting next_dagrun for example_setup_teardown to 2024-04-20 00:00:00+00:00, run_after=2024-04-21 00:00:00+00:00
[2024-04-21T20:41:16.551+0000] {processor.py:183} INFO - Processing /home/airflow/.local/lib/python3.9/site-packages/airflow/example_dags/example_setup_teardown.py took 0.126 seconds
[2024-04-21T20:41:46.768+0000] {processor.py:161} INFO - Started process (PID=732) to work on /home/airflow/.local/lib/python3.9/site-packages/airflow/example_dags/example_setup_teardown.py
[2024-04-21T20:41:46.770+0000] {processor.py:830} INFO - Processing file /home/airflow/.local/lib/python3.9/site-packages/airflow/example_dags/example_setup_teardown.py for tasks to queue
[2024-04-21T20:41:46.772+0000] {logging_mixin.py:188} INFO - [2024-04-21T20:41:46.772+0000] {dagbag.py:540} INFO - Filling up the DagBag from /home/airflow/.local/lib/python3.9/site-packages/airflow/example_dags/example_setup_teardown.py
[2024-04-21T20:41:46.779+0000] {processor.py:840} INFO - DAG(s) 'example_setup_teardown' retrieved from /home/airflow/.local/lib/python3.9/site-packages/airflow/example_dags/example_setup_teardown.py
[2024-04-21T20:41:46.852+0000] {logging_mixin.py:188} INFO - [2024-04-21T20:41:46.851+0000] {dag.py:3047} INFO - Sync 1 DAGs
[2024-04-21T20:41:46.890+0000] {logging_mixin.py:188} INFO - [2024-04-21T20:41:46.890+0000] {dag.py:3834} INFO - Setting next_dagrun for example_setup_teardown to 2024-04-20 00:00:00+00:00, run_after=2024-04-21 00:00:00+00:00
[2024-04-21T20:41:46.934+0000] {processor.py:183} INFO - Processing /home/airflow/.local/lib/python3.9/site-packages/airflow/example_dags/example_setup_teardown.py took 0.170 seconds
[2024-04-21T20:42:38.726+0000] {processor.py:161} INFO - Started process (PID=72) to work on /home/airflow/.local/lib/python3.9/site-packages/airflow/example_dags/example_setup_teardown.py
[2024-04-21T20:42:38.727+0000] {processor.py:830} INFO - Processing file /home/airflow/.local/lib/python3.9/site-packages/airflow/example_dags/example_setup_teardown.py for tasks to queue
[2024-04-21T20:42:38.729+0000] {logging_mixin.py:188} INFO - [2024-04-21T20:42:38.729+0000] {dagbag.py:540} INFO - Filling up the DagBag from /home/airflow/.local/lib/python3.9/site-packages/airflow/example_dags/example_setup_teardown.py
[2024-04-21T20:42:38.736+0000] {processor.py:840} INFO - DAG(s) 'example_setup_teardown' retrieved from /home/airflow/.local/lib/python3.9/site-packages/airflow/example_dags/example_setup_teardown.py
[2024-04-21T20:42:38.809+0000] {logging_mixin.py:188} INFO - [2024-04-21T20:42:38.808+0000] {dag.py:3047} INFO - Sync 1 DAGs
[2024-04-21T20:42:38.839+0000] {logging_mixin.py:188} INFO - [2024-04-21T20:42:38.838+0000] {dag.py:3834} INFO - Setting next_dagrun for example_setup_teardown to 2024-04-20 00:00:00+00:00, run_after=2024-04-21 00:00:00+00:00
[2024-04-21T20:42:38.880+0000] {processor.py:183} INFO - Processing /home/airflow/.local/lib/python3.9/site-packages/airflow/example_dags/example_setup_teardown.py took 0.157 seconds
[2024-04-21T20:43:10.142+0000] {processor.py:161} INFO - Started process (PID=129) to work on /home/airflow/.local/lib/python3.9/site-packages/airflow/example_dags/example_setup_teardown.py
[2024-04-21T20:43:10.144+0000] {processor.py:830} INFO - Processing file /home/airflow/.local/lib/python3.9/site-packages/airflow/example_dags/example_setup_teardown.py for tasks to queue
[2024-04-21T20:43:10.146+0000] {logging_mixin.py:188} INFO - [2024-04-21T20:43:10.146+0000] {dagbag.py:540} INFO - Filling up the DagBag from /home/airflow/.local/lib/python3.9/site-packages/airflow/example_dags/example_setup_teardown.py
[2024-04-21T20:43:10.161+0000] {processor.py:840} INFO - DAG(s) 'example_setup_teardown' retrieved from /home/airflow/.local/lib/python3.9/site-packages/airflow/example_dags/example_setup_teardown.py
[2024-04-21T20:43:10.237+0000] {logging_mixin.py:188} INFO - [2024-04-21T20:43:10.237+0000] {dag.py:3047} INFO - Sync 1 DAGs
[2024-04-21T20:43:10.265+0000] {logging_mixin.py:188} INFO - [2024-04-21T20:43:10.265+0000] {dag.py:3834} INFO - Setting next_dagrun for example_setup_teardown to 2024-04-20 00:00:00+00:00, run_after=2024-04-21 00:00:00+00:00
[2024-04-21T20:43:10.306+0000] {processor.py:183} INFO - Processing /home/airflow/.local/lib/python3.9/site-packages/airflow/example_dags/example_setup_teardown.py took 0.168 seconds
[2024-04-21T20:43:40.456+0000] {processor.py:161} INFO - Started process (PID=186) to work on /home/airflow/.local/lib/python3.9/site-packages/airflow/example_dags/example_setup_teardown.py
[2024-04-21T20:43:40.457+0000] {processor.py:830} INFO - Processing file /home/airflow/.local/lib/python3.9/site-packages/airflow/example_dags/example_setup_teardown.py for tasks to queue
[2024-04-21T20:43:40.459+0000] {logging_mixin.py:188} INFO - [2024-04-21T20:43:40.459+0000] {dagbag.py:540} INFO - Filling up the DagBag from /home/airflow/.local/lib/python3.9/site-packages/airflow/example_dags/example_setup_teardown.py
[2024-04-21T20:43:40.466+0000] {processor.py:840} INFO - DAG(s) 'example_setup_teardown' retrieved from /home/airflow/.local/lib/python3.9/site-packages/airflow/example_dags/example_setup_teardown.py
[2024-04-21T20:43:40.523+0000] {logging_mixin.py:188} INFO - [2024-04-21T20:43:40.522+0000] {dag.py:3047} INFO - Sync 1 DAGs
[2024-04-21T20:43:40.546+0000] {logging_mixin.py:188} INFO - [2024-04-21T20:43:40.546+0000] {dag.py:3834} INFO - Setting next_dagrun for example_setup_teardown to 2024-04-20 00:00:00+00:00, run_after=2024-04-21 00:00:00+00:00
[2024-04-21T20:43:40.579+0000] {processor.py:183} INFO - Processing /home/airflow/.local/lib/python3.9/site-packages/airflow/example_dags/example_setup_teardown.py took 0.126 seconds
[2024-04-21T20:44:11.901+0000] {processor.py:161} INFO - Started process (PID=243) to work on /home/airflow/.local/lib/python3.9/site-packages/airflow/example_dags/example_setup_teardown.py
[2024-04-21T20:44:11.903+0000] {processor.py:830} INFO - Processing file /home/airflow/.local/lib/python3.9/site-packages/airflow/example_dags/example_setup_teardown.py for tasks to queue
[2024-04-21T20:44:11.905+0000] {logging_mixin.py:188} INFO - [2024-04-21T20:44:11.904+0000] {dagbag.py:540} INFO - Filling up the DagBag from /home/airflow/.local/lib/python3.9/site-packages/airflow/example_dags/example_setup_teardown.py
[2024-04-21T20:44:11.911+0000] {processor.py:840} INFO - DAG(s) 'example_setup_teardown' retrieved from /home/airflow/.local/lib/python3.9/site-packages/airflow/example_dags/example_setup_teardown.py
[2024-04-21T20:44:11.963+0000] {logging_mixin.py:188} INFO - [2024-04-21T20:44:11.962+0000] {dag.py:3047} INFO - Sync 1 DAGs
[2024-04-21T20:44:11.986+0000] {logging_mixin.py:188} INFO - [2024-04-21T20:44:11.985+0000] {dag.py:3834} INFO - Setting next_dagrun for example_setup_teardown to 2024-04-20 00:00:00+00:00, run_after=2024-04-21 00:00:00+00:00
[2024-04-21T20:44:12.017+0000] {processor.py:183} INFO - Processing /home/airflow/.local/lib/python3.9/site-packages/airflow/example_dags/example_setup_teardown.py took 0.119 seconds
[2024-04-21T20:44:44.032+0000] {processor.py:161} INFO - Started process (PID=300) to work on /home/airflow/.local/lib/python3.9/site-packages/airflow/example_dags/example_setup_teardown.py
[2024-04-21T20:44:44.033+0000] {processor.py:830} INFO - Processing file /home/airflow/.local/lib/python3.9/site-packages/airflow/example_dags/example_setup_teardown.py for tasks to queue
[2024-04-21T20:44:44.035+0000] {logging_mixin.py:188} INFO - [2024-04-21T20:44:44.035+0000] {dagbag.py:540} INFO - Filling up the DagBag from /home/airflow/.local/lib/python3.9/site-packages/airflow/example_dags/example_setup_teardown.py
[2024-04-21T20:44:44.042+0000] {processor.py:840} INFO - DAG(s) 'example_setup_teardown' retrieved from /home/airflow/.local/lib/python3.9/site-packages/airflow/example_dags/example_setup_teardown.py
[2024-04-21T20:44:44.097+0000] {logging_mixin.py:188} INFO - [2024-04-21T20:44:44.097+0000] {dag.py:3047} INFO - Sync 1 DAGs
[2024-04-21T20:44:44.120+0000] {logging_mixin.py:188} INFO - [2024-04-21T20:44:44.120+0000] {dag.py:3834} INFO - Setting next_dagrun for example_setup_teardown to 2024-04-20 00:00:00+00:00, run_after=2024-04-21 00:00:00+00:00
[2024-04-21T20:44:44.154+0000] {processor.py:183} INFO - Processing /home/airflow/.local/lib/python3.9/site-packages/airflow/example_dags/example_setup_teardown.py took 0.124 seconds
[2024-04-21T20:45:14.382+0000] {processor.py:161} INFO - Started process (PID=357) to work on /home/airflow/.local/lib/python3.9/site-packages/airflow/example_dags/example_setup_teardown.py
[2024-04-21T20:45:14.383+0000] {processor.py:830} INFO - Processing file /home/airflow/.local/lib/python3.9/site-packages/airflow/example_dags/example_setup_teardown.py for tasks to queue
[2024-04-21T20:45:14.385+0000] {logging_mixin.py:188} INFO - [2024-04-21T20:45:14.385+0000] {dagbag.py:540} INFO - Filling up the DagBag from /home/airflow/.local/lib/python3.9/site-packages/airflow/example_dags/example_setup_teardown.py
[2024-04-21T20:45:14.392+0000] {processor.py:840} INFO - DAG(s) 'example_setup_teardown' retrieved from /home/airflow/.local/lib/python3.9/site-packages/airflow/example_dags/example_setup_teardown.py
[2024-04-21T20:45:14.449+0000] {logging_mixin.py:188} INFO - [2024-04-21T20:45:14.449+0000] {dag.py:3047} INFO - Sync 1 DAGs
[2024-04-21T20:45:14.473+0000] {logging_mixin.py:188} INFO - [2024-04-21T20:45:14.473+0000] {dag.py:3834} INFO - Setting next_dagrun for example_setup_teardown to 2024-04-20 00:00:00+00:00, run_after=2024-04-21 00:00:00+00:00
[2024-04-21T20:45:14.508+0000] {processor.py:183} INFO - Processing /home/airflow/.local/lib/python3.9/site-packages/airflow/example_dags/example_setup_teardown.py took 0.129 seconds
[2024-04-21T20:45:47.657+0000] {processor.py:161} INFO - Started process (PID=414) to work on /home/airflow/.local/lib/python3.9/site-packages/airflow/example_dags/example_setup_teardown.py
[2024-04-21T20:45:47.659+0000] {processor.py:830} INFO - Processing file /home/airflow/.local/lib/python3.9/site-packages/airflow/example_dags/example_setup_teardown.py for tasks to queue
[2024-04-21T20:45:47.661+0000] {logging_mixin.py:188} INFO - [2024-04-21T20:45:47.661+0000] {dagbag.py:540} INFO - Filling up the DagBag from /home/airflow/.local/lib/python3.9/site-packages/airflow/example_dags/example_setup_teardown.py
[2024-04-21T20:45:47.674+0000] {processor.py:840} INFO - DAG(s) 'example_setup_teardown' retrieved from /home/airflow/.local/lib/python3.9/site-packages/airflow/example_dags/example_setup_teardown.py
[2024-04-21T20:45:48.319+0000] {logging_mixin.py:188} INFO - [2024-04-21T20:45:48.315+0000] {dag.py:3047} INFO - Sync 1 DAGs
[2024-04-21T20:45:48.387+0000] {logging_mixin.py:188} INFO - [2024-04-21T20:45:48.386+0000] {dag.py:3834} INFO - Setting next_dagrun for example_setup_teardown to 2024-04-20 00:00:00+00:00, run_after=2024-04-21 00:00:00+00:00
[2024-04-21T20:45:48.467+0000] {processor.py:183} INFO - Processing /home/airflow/.local/lib/python3.9/site-packages/airflow/example_dags/example_setup_teardown.py took 0.814 seconds
[2024-04-21T20:46:18.674+0000] {processor.py:161} INFO - Started process (PID=471) to work on /home/airflow/.local/lib/python3.9/site-packages/airflow/example_dags/example_setup_teardown.py
[2024-04-21T20:46:18.676+0000] {processor.py:830} INFO - Processing file /home/airflow/.local/lib/python3.9/site-packages/airflow/example_dags/example_setup_teardown.py for tasks to queue
[2024-04-21T20:46:18.678+0000] {logging_mixin.py:188} INFO - [2024-04-21T20:46:18.678+0000] {dagbag.py:540} INFO - Filling up the DagBag from /home/airflow/.local/lib/python3.9/site-packages/airflow/example_dags/example_setup_teardown.py
[2024-04-21T20:46:18.686+0000] {processor.py:840} INFO - DAG(s) 'example_setup_teardown' retrieved from /home/airflow/.local/lib/python3.9/site-packages/airflow/example_dags/example_setup_teardown.py
[2024-04-21T20:46:18.745+0000] {logging_mixin.py:188} INFO - [2024-04-21T20:46:18.744+0000] {dag.py:3047} INFO - Sync 1 DAGs
[2024-04-21T20:46:18.772+0000] {logging_mixin.py:188} INFO - [2024-04-21T20:46:18.772+0000] {dag.py:3834} INFO - Setting next_dagrun for example_setup_teardown to 2024-04-20 00:00:00+00:00, run_after=2024-04-21 00:00:00+00:00
[2024-04-21T20:46:18.815+0000] {processor.py:183} INFO - Processing /home/airflow/.local/lib/python3.9/site-packages/airflow/example_dags/example_setup_teardown.py took 0.143 seconds
[2024-04-21T20:46:49.718+0000] {processor.py:161} INFO - Started process (PID=528) to work on /home/airflow/.local/lib/python3.9/site-packages/airflow/example_dags/example_setup_teardown.py
[2024-04-21T20:46:49.720+0000] {processor.py:830} INFO - Processing file /home/airflow/.local/lib/python3.9/site-packages/airflow/example_dags/example_setup_teardown.py for tasks to queue
[2024-04-21T20:46:49.723+0000] {logging_mixin.py:188} INFO - [2024-04-21T20:46:49.722+0000] {dagbag.py:540} INFO - Filling up the DagBag from /home/airflow/.local/lib/python3.9/site-packages/airflow/example_dags/example_setup_teardown.py
[2024-04-21T20:46:49.733+0000] {processor.py:840} INFO - DAG(s) 'example_setup_teardown' retrieved from /home/airflow/.local/lib/python3.9/site-packages/airflow/example_dags/example_setup_teardown.py
[2024-04-21T20:46:49.810+0000] {logging_mixin.py:188} INFO - [2024-04-21T20:46:49.809+0000] {dag.py:3047} INFO - Sync 1 DAGs
[2024-04-21T20:46:49.857+0000] {logging_mixin.py:188} INFO - [2024-04-21T20:46:49.857+0000] {dag.py:3834} INFO - Setting next_dagrun for example_setup_teardown to 2024-04-20 00:00:00+00:00, run_after=2024-04-21 00:00:00+00:00
[2024-04-21T20:46:49.904+0000] {processor.py:183} INFO - Processing /home/airflow/.local/lib/python3.9/site-packages/airflow/example_dags/example_setup_teardown.py took 0.190 seconds
[2024-04-21T20:47:20.588+0000] {processor.py:161} INFO - Started process (PID=585) to work on /home/airflow/.local/lib/python3.9/site-packages/airflow/example_dags/example_setup_teardown.py
[2024-04-21T20:47:20.589+0000] {processor.py:830} INFO - Processing file /home/airflow/.local/lib/python3.9/site-packages/airflow/example_dags/example_setup_teardown.py for tasks to queue
[2024-04-21T20:47:20.591+0000] {logging_mixin.py:188} INFO - [2024-04-21T20:47:20.591+0000] {dagbag.py:540} INFO - Filling up the DagBag from /home/airflow/.local/lib/python3.9/site-packages/airflow/example_dags/example_setup_teardown.py
[2024-04-21T20:47:20.598+0000] {processor.py:840} INFO - DAG(s) 'example_setup_teardown' retrieved from /home/airflow/.local/lib/python3.9/site-packages/airflow/example_dags/example_setup_teardown.py
[2024-04-21T20:47:20.651+0000] {logging_mixin.py:188} INFO - [2024-04-21T20:47:20.650+0000] {dag.py:3047} INFO - Sync 1 DAGs
[2024-04-21T20:47:20.676+0000] {logging_mixin.py:188} INFO - [2024-04-21T20:47:20.675+0000] {dag.py:3834} INFO - Setting next_dagrun for example_setup_teardown to 2024-04-20 00:00:00+00:00, run_after=2024-04-21 00:00:00+00:00
[2024-04-21T20:47:20.712+0000] {processor.py:183} INFO - Processing /home/airflow/.local/lib/python3.9/site-packages/airflow/example_dags/example_setup_teardown.py took 0.127 seconds
[2024-04-21T20:47:51.084+0000] {processor.py:161} INFO - Started process (PID=642) to work on /home/airflow/.local/lib/python3.9/site-packages/airflow/example_dags/example_setup_teardown.py
[2024-04-21T20:47:51.085+0000] {processor.py:830} INFO - Processing file /home/airflow/.local/lib/python3.9/site-packages/airflow/example_dags/example_setup_teardown.py for tasks to queue
[2024-04-21T20:47:51.089+0000] {logging_mixin.py:188} INFO - [2024-04-21T20:47:51.088+0000] {dagbag.py:540} INFO - Filling up the DagBag from /home/airflow/.local/lib/python3.9/site-packages/airflow/example_dags/example_setup_teardown.py
[2024-04-21T20:47:51.096+0000] {processor.py:840} INFO - DAG(s) 'example_setup_teardown' retrieved from /home/airflow/.local/lib/python3.9/site-packages/airflow/example_dags/example_setup_teardown.py
[2024-04-21T20:47:51.152+0000] {logging_mixin.py:188} INFO - [2024-04-21T20:47:51.151+0000] {dag.py:3047} INFO - Sync 1 DAGs
[2024-04-21T20:47:51.177+0000] {logging_mixin.py:188} INFO - [2024-04-21T20:47:51.177+0000] {dag.py:3834} INFO - Setting next_dagrun for example_setup_teardown to 2024-04-20 00:00:00+00:00, run_after=2024-04-21 00:00:00+00:00
[2024-04-21T20:47:51.210+0000] {processor.py:183} INFO - Processing /home/airflow/.local/lib/python3.9/site-packages/airflow/example_dags/example_setup_teardown.py took 0.129 seconds
[2024-04-21T21:00:55.001+0000] {processor.py:161} INFO - Started process (PID=79) to work on /home/airflow/.local/lib/python3.9/site-packages/airflow/example_dags/example_setup_teardown.py
[2024-04-21T21:00:55.002+0000] {processor.py:830} INFO - Processing file /home/airflow/.local/lib/python3.9/site-packages/airflow/example_dags/example_setup_teardown.py for tasks to queue
[2024-04-21T21:00:55.005+0000] {logging_mixin.py:188} INFO - [2024-04-21T21:00:55.005+0000] {dagbag.py:540} INFO - Filling up the DagBag from /home/airflow/.local/lib/python3.9/site-packages/airflow/example_dags/example_setup_teardown.py
[2024-04-21T21:00:55.014+0000] {processor.py:840} INFO - DAG(s) 'example_setup_teardown' retrieved from /home/airflow/.local/lib/python3.9/site-packages/airflow/example_dags/example_setup_teardown.py
[2024-04-21T21:00:55.343+0000] {logging_mixin.py:188} INFO - [2024-04-21T21:00:55.342+0000] {dag.py:3047} INFO - Sync 1 DAGs
[2024-04-21T21:00:55.392+0000] {logging_mixin.py:188} INFO - [2024-04-21T21:00:55.391+0000] {dag.py:3834} INFO - Setting next_dagrun for example_setup_teardown to 2024-04-20 00:00:00+00:00, run_after=2024-04-21 00:00:00+00:00
[2024-04-21T21:00:55.450+0000] {processor.py:183} INFO - Processing /home/airflow/.local/lib/python3.9/site-packages/airflow/example_dags/example_setup_teardown.py took 0.453 seconds
[2024-04-21T21:01:25.725+0000] {processor.py:161} INFO - Started process (PID=136) to work on /home/airflow/.local/lib/python3.9/site-packages/airflow/example_dags/example_setup_teardown.py
[2024-04-21T21:01:25.727+0000] {processor.py:830} INFO - Processing file /home/airflow/.local/lib/python3.9/site-packages/airflow/example_dags/example_setup_teardown.py for tasks to queue
[2024-04-21T21:01:25.730+0000] {logging_mixin.py:188} INFO - [2024-04-21T21:01:25.729+0000] {dagbag.py:540} INFO - Filling up the DagBag from /home/airflow/.local/lib/python3.9/site-packages/airflow/example_dags/example_setup_teardown.py
[2024-04-21T21:01:25.742+0000] {processor.py:840} INFO - DAG(s) 'example_setup_teardown' retrieved from /home/airflow/.local/lib/python3.9/site-packages/airflow/example_dags/example_setup_teardown.py
[2024-04-21T21:01:25.882+0000] {logging_mixin.py:188} INFO - [2024-04-21T21:01:25.881+0000] {dag.py:3047} INFO - Sync 1 DAGs
[2024-04-21T21:01:25.911+0000] {logging_mixin.py:188} INFO - [2024-04-21T21:01:25.911+0000] {dag.py:3834} INFO - Setting next_dagrun for example_setup_teardown to 2024-04-20 00:00:00+00:00, run_after=2024-04-21 00:00:00+00:00
[2024-04-21T21:01:25.950+0000] {processor.py:183} INFO - Processing /home/airflow/.local/lib/python3.9/site-packages/airflow/example_dags/example_setup_teardown.py took 0.233 seconds
[2024-04-21T21:04:42.065+0000] {processor.py:161} INFO - Started process (PID=84) to work on /home/airflow/.local/lib/python3.9/site-packages/airflow/example_dags/example_setup_teardown.py
[2024-04-21T21:04:42.067+0000] {processor.py:830} INFO - Processing file /home/airflow/.local/lib/python3.9/site-packages/airflow/example_dags/example_setup_teardown.py for tasks to queue
[2024-04-21T21:04:42.070+0000] {logging_mixin.py:188} INFO - [2024-04-21T21:04:42.069+0000] {dagbag.py:540} INFO - Filling up the DagBag from /home/airflow/.local/lib/python3.9/site-packages/airflow/example_dags/example_setup_teardown.py
[2024-04-21T21:04:42.079+0000] {processor.py:840} INFO - DAG(s) 'example_setup_teardown' retrieved from /home/airflow/.local/lib/python3.9/site-packages/airflow/example_dags/example_setup_teardown.py
[2024-04-21T21:04:42.159+0000] {logging_mixin.py:188} INFO - [2024-04-21T21:04:42.159+0000] {dag.py:3047} INFO - Sync 1 DAGs
[2024-04-21T21:04:42.189+0000] {logging_mixin.py:188} INFO - [2024-04-21T21:04:42.189+0000] {dag.py:3834} INFO - Setting next_dagrun for example_setup_teardown to 2024-04-20 00:00:00+00:00, run_after=2024-04-21 00:00:00+00:00
[2024-04-21T21:04:42.230+0000] {processor.py:183} INFO - Processing /home/airflow/.local/lib/python3.9/site-packages/airflow/example_dags/example_setup_teardown.py took 0.168 seconds
[2024-04-21T21:05:12.709+0000] {processor.py:161} INFO - Started process (PID=141) to work on /home/airflow/.local/lib/python3.9/site-packages/airflow/example_dags/example_setup_teardown.py
[2024-04-21T21:05:12.710+0000] {processor.py:830} INFO - Processing file /home/airflow/.local/lib/python3.9/site-packages/airflow/example_dags/example_setup_teardown.py for tasks to queue
[2024-04-21T21:05:12.713+0000] {logging_mixin.py:188} INFO - [2024-04-21T21:05:12.712+0000] {dagbag.py:540} INFO - Filling up the DagBag from /home/airflow/.local/lib/python3.9/site-packages/airflow/example_dags/example_setup_teardown.py
[2024-04-21T21:05:12.720+0000] {processor.py:840} INFO - DAG(s) 'example_setup_teardown' retrieved from /home/airflow/.local/lib/python3.9/site-packages/airflow/example_dags/example_setup_teardown.py
[2024-04-21T21:05:12.789+0000] {logging_mixin.py:188} INFO - [2024-04-21T21:05:12.788+0000] {dag.py:3047} INFO - Sync 1 DAGs
[2024-04-21T21:05:12.819+0000] {logging_mixin.py:188} INFO - [2024-04-21T21:05:12.819+0000] {dag.py:3834} INFO - Setting next_dagrun for example_setup_teardown to 2024-04-20 00:00:00+00:00, run_after=2024-04-21 00:00:00+00:00
[2024-04-21T21:05:12.866+0000] {processor.py:183} INFO - Processing /home/airflow/.local/lib/python3.9/site-packages/airflow/example_dags/example_setup_teardown.py took 0.161 seconds
[2024-04-21T21:05:43.546+0000] {processor.py:161} INFO - Started process (PID=206) to work on /home/airflow/.local/lib/python3.9/site-packages/airflow/example_dags/example_setup_teardown.py
[2024-04-21T21:05:43.547+0000] {processor.py:830} INFO - Processing file /home/airflow/.local/lib/python3.9/site-packages/airflow/example_dags/example_setup_teardown.py for tasks to queue
[2024-04-21T21:05:43.550+0000] {logging_mixin.py:188} INFO - [2024-04-21T21:05:43.549+0000] {dagbag.py:540} INFO - Filling up the DagBag from /home/airflow/.local/lib/python3.9/site-packages/airflow/example_dags/example_setup_teardown.py
[2024-04-21T21:05:43.557+0000] {processor.py:840} INFO - DAG(s) 'example_setup_teardown' retrieved from /home/airflow/.local/lib/python3.9/site-packages/airflow/example_dags/example_setup_teardown.py
[2024-04-21T21:05:43.630+0000] {logging_mixin.py:188} INFO - [2024-04-21T21:05:43.629+0000] {dag.py:3047} INFO - Sync 1 DAGs
[2024-04-21T21:05:43.664+0000] {logging_mixin.py:188} INFO - [2024-04-21T21:05:43.663+0000] {dag.py:3834} INFO - Setting next_dagrun for example_setup_teardown to 2024-04-20 00:00:00+00:00, run_after=2024-04-21 00:00:00+00:00
[2024-04-21T21:05:43.709+0000] {processor.py:183} INFO - Processing /home/airflow/.local/lib/python3.9/site-packages/airflow/example_dags/example_setup_teardown.py took 0.167 seconds
