[2024-04-21T19:51:58.449+0000] {processor.py:161} INFO - Started process (PID=53) to work on /home/airflow/.local/lib/python3.9/site-packages/airflow/example_dags/example_task_group.py
[2024-04-21T19:51:58.451+0000] {processor.py:830} INFO - Processing file /home/airflow/.local/lib/python3.9/site-packages/airflow/example_dags/example_task_group.py for tasks to queue
[2024-04-21T19:51:58.455+0000] {logging_mixin.py:188} INFO - [2024-04-21T19:51:58.454+0000] {dagbag.py:540} INFO - Filling up the DagBag from /home/airflow/.local/lib/python3.9/site-packages/airflow/example_dags/example_task_group.py
[2024-04-21T19:51:58.489+0000] {processor.py:840} INFO - DAG(s) 'example_task_group' retrieved from /home/airflow/.local/lib/python3.9/site-packages/airflow/example_dags/example_task_group.py
[2024-04-21T19:51:58.836+0000] {logging_mixin.py:188} INFO - [2024-04-21T19:51:58.835+0000] {dag.py:3047} INFO - Sync 1 DAGs
[2024-04-21T19:51:58.906+0000] {logging_mixin.py:188} INFO - [2024-04-21T19:51:58.905+0000] {dag.py:3834} INFO - Setting next_dagrun for example_task_group to 2024-04-20 00:00:00+00:00, run_after=2024-04-21 00:00:00+00:00
[2024-04-21T19:51:58.987+0000] {processor.py:183} INFO - Processing /home/airflow/.local/lib/python3.9/site-packages/airflow/example_dags/example_task_group.py took 0.542 seconds
[2024-04-21T19:52:30.012+0000] {processor.py:161} INFO - Started process (PID=110) to work on /home/airflow/.local/lib/python3.9/site-packages/airflow/example_dags/example_task_group.py
[2024-04-21T19:52:30.014+0000] {processor.py:830} INFO - Processing file /home/airflow/.local/lib/python3.9/site-packages/airflow/example_dags/example_task_group.py for tasks to queue
[2024-04-21T19:52:30.020+0000] {logging_mixin.py:188} INFO - [2024-04-21T19:52:30.019+0000] {dagbag.py:540} INFO - Filling up the DagBag from /home/airflow/.local/lib/python3.9/site-packages/airflow/example_dags/example_task_group.py
[2024-04-21T19:52:30.044+0000] {processor.py:840} INFO - DAG(s) 'example_task_group' retrieved from /home/airflow/.local/lib/python3.9/site-packages/airflow/example_dags/example_task_group.py
[2024-04-21T19:52:30.174+0000] {logging_mixin.py:188} INFO - [2024-04-21T19:52:30.173+0000] {dag.py:3047} INFO - Sync 1 DAGs
[2024-04-21T19:52:30.227+0000] {logging_mixin.py:188} INFO - [2024-04-21T19:52:30.226+0000] {dag.py:3834} INFO - Setting next_dagrun for example_task_group to 2024-04-20 00:00:00+00:00, run_after=2024-04-21 00:00:00+00:00
[2024-04-21T19:52:30.295+0000] {processor.py:183} INFO - Processing /home/airflow/.local/lib/python3.9/site-packages/airflow/example_dags/example_task_group.py took 0.292 seconds
[2024-04-21T19:53:00.564+0000] {processor.py:161} INFO - Started process (PID=167) to work on /home/airflow/.local/lib/python3.9/site-packages/airflow/example_dags/example_task_group.py
[2024-04-21T19:53:00.566+0000] {processor.py:830} INFO - Processing file /home/airflow/.local/lib/python3.9/site-packages/airflow/example_dags/example_task_group.py for tasks to queue
[2024-04-21T19:53:00.569+0000] {logging_mixin.py:188} INFO - [2024-04-21T19:53:00.569+0000] {dagbag.py:540} INFO - Filling up the DagBag from /home/airflow/.local/lib/python3.9/site-packages/airflow/example_dags/example_task_group.py
[2024-04-21T19:53:00.582+0000] {processor.py:840} INFO - DAG(s) 'example_task_group' retrieved from /home/airflow/.local/lib/python3.9/site-packages/airflow/example_dags/example_task_group.py
[2024-04-21T19:53:00.702+0000] {logging_mixin.py:188} INFO - [2024-04-21T19:53:00.702+0000] {dag.py:3047} INFO - Sync 1 DAGs
[2024-04-21T19:53:00.752+0000] {logging_mixin.py:188} INFO - [2024-04-21T19:53:00.752+0000] {dag.py:3834} INFO - Setting next_dagrun for example_task_group to 2024-04-20 00:00:00+00:00, run_after=2024-04-21 00:00:00+00:00
[2024-04-21T19:53:00.807+0000] {processor.py:183} INFO - Processing /home/airflow/.local/lib/python3.9/site-packages/airflow/example_dags/example_task_group.py took 0.250 seconds
[2024-04-21T19:53:31.728+0000] {processor.py:161} INFO - Started process (PID=224) to work on /home/airflow/.local/lib/python3.9/site-packages/airflow/example_dags/example_task_group.py
[2024-04-21T19:53:31.731+0000] {processor.py:830} INFO - Processing file /home/airflow/.local/lib/python3.9/site-packages/airflow/example_dags/example_task_group.py for tasks to queue
[2024-04-21T19:53:31.736+0000] {logging_mixin.py:188} INFO - [2024-04-21T19:53:31.735+0000] {dagbag.py:540} INFO - Filling up the DagBag from /home/airflow/.local/lib/python3.9/site-packages/airflow/example_dags/example_task_group.py
[2024-04-21T19:53:31.750+0000] {processor.py:840} INFO - DAG(s) 'example_task_group' retrieved from /home/airflow/.local/lib/python3.9/site-packages/airflow/example_dags/example_task_group.py
[2024-04-21T19:53:31.906+0000] {logging_mixin.py:188} INFO - [2024-04-21T19:53:31.906+0000] {dag.py:3047} INFO - Sync 1 DAGs
[2024-04-21T19:53:31.953+0000] {logging_mixin.py:188} INFO - [2024-04-21T19:53:31.953+0000] {dag.py:3834} INFO - Setting next_dagrun for example_task_group to 2024-04-20 00:00:00+00:00, run_after=2024-04-21 00:00:00+00:00
[2024-04-21T19:53:32.010+0000] {processor.py:183} INFO - Processing /home/airflow/.local/lib/python3.9/site-packages/airflow/example_dags/example_task_group.py took 0.289 seconds
[2024-04-21T19:54:34.765+0000] {processor.py:161} INFO - Started process (PID=53) to work on /home/airflow/.local/lib/python3.9/site-packages/airflow/example_dags/example_task_group.py
[2024-04-21T19:54:34.767+0000] {processor.py:830} INFO - Processing file /home/airflow/.local/lib/python3.9/site-packages/airflow/example_dags/example_task_group.py for tasks to queue
[2024-04-21T19:54:34.769+0000] {logging_mixin.py:188} INFO - [2024-04-21T19:54:34.769+0000] {dagbag.py:540} INFO - Filling up the DagBag from /home/airflow/.local/lib/python3.9/site-packages/airflow/example_dags/example_task_group.py
[2024-04-21T19:54:34.779+0000] {processor.py:840} INFO - DAG(s) 'example_task_group' retrieved from /home/airflow/.local/lib/python3.9/site-packages/airflow/example_dags/example_task_group.py
[2024-04-21T19:54:34.851+0000] {logging_mixin.py:188} INFO - [2024-04-21T19:54:34.850+0000] {dag.py:3047} INFO - Sync 1 DAGs
[2024-04-21T19:54:34.878+0000] {logging_mixin.py:188} INFO - [2024-04-21T19:54:34.877+0000] {dag.py:3834} INFO - Setting next_dagrun for example_task_group to 2024-04-20 00:00:00+00:00, run_after=2024-04-21 00:00:00+00:00
[2024-04-21T19:54:34.915+0000] {processor.py:183} INFO - Processing /home/airflow/.local/lib/python3.9/site-packages/airflow/example_dags/example_task_group.py took 0.153 seconds
[2024-04-21T19:55:20.176+0000] {processor.py:161} INFO - Started process (PID=120) to work on /home/airflow/.local/lib/python3.9/site-packages/airflow/example_dags/example_task_group.py
[2024-04-21T19:55:20.177+0000] {processor.py:830} INFO - Processing file /home/airflow/.local/lib/python3.9/site-packages/airflow/example_dags/example_task_group.py for tasks to queue
[2024-04-21T19:55:20.179+0000] {logging_mixin.py:188} INFO - [2024-04-21T19:55:20.179+0000] {dagbag.py:540} INFO - Filling up the DagBag from /home/airflow/.local/lib/python3.9/site-packages/airflow/example_dags/example_task_group.py
[2024-04-21T19:55:20.189+0000] {processor.py:840} INFO - DAG(s) 'example_task_group' retrieved from /home/airflow/.local/lib/python3.9/site-packages/airflow/example_dags/example_task_group.py
[2024-04-21T19:55:20.315+0000] {logging_mixin.py:188} INFO - [2024-04-21T19:55:20.314+0000] {dag.py:3047} INFO - Sync 1 DAGs
[2024-04-21T19:55:20.348+0000] {logging_mixin.py:188} INFO - [2024-04-21T19:55:20.348+0000] {dag.py:3834} INFO - Setting next_dagrun for example_task_group to 2024-04-20 00:00:00+00:00, run_after=2024-04-21 00:00:00+00:00
[2024-04-21T19:55:20.387+0000] {processor.py:183} INFO - Processing /home/airflow/.local/lib/python3.9/site-packages/airflow/example_dags/example_task_group.py took 0.214 seconds
[2024-04-21T19:57:34.992+0000] {processor.py:161} INFO - Started process (PID=194) to work on /home/airflow/.local/lib/python3.9/site-packages/airflow/example_dags/example_task_group.py
[2024-04-21T19:57:34.994+0000] {processor.py:830} INFO - Processing file /home/airflow/.local/lib/python3.9/site-packages/airflow/example_dags/example_task_group.py for tasks to queue
[2024-04-21T19:57:34.998+0000] {logging_mixin.py:188} INFO - [2024-04-21T19:57:34.996+0000] {dagbag.py:540} INFO - Filling up the DagBag from /home/airflow/.local/lib/python3.9/site-packages/airflow/example_dags/example_task_group.py
[2024-04-21T19:57:35.011+0000] {processor.py:840} INFO - DAG(s) 'example_task_group' retrieved from /home/airflow/.local/lib/python3.9/site-packages/airflow/example_dags/example_task_group.py
[2024-04-21T19:57:35.340+0000] {logging_mixin.py:188} INFO - [2024-04-21T19:57:35.333+0000] {dag.py:3047} INFO - Sync 1 DAGs
[2024-04-21T19:57:35.379+0000] {logging_mixin.py:188} INFO - [2024-04-21T19:57:35.379+0000] {dag.py:3834} INFO - Setting next_dagrun for example_task_group to 2024-04-20 00:00:00+00:00, run_after=2024-04-21 00:00:00+00:00
[2024-04-21T19:57:35.442+0000] {processor.py:183} INFO - Processing /home/airflow/.local/lib/python3.9/site-packages/airflow/example_dags/example_task_group.py took 0.455 seconds
[2024-04-21T20:03:11.305+0000] {processor.py:161} INFO - Started process (PID=266) to work on /home/airflow/.local/lib/python3.9/site-packages/airflow/example_dags/example_task_group.py
[2024-04-21T20:03:11.306+0000] {processor.py:830} INFO - Processing file /home/airflow/.local/lib/python3.9/site-packages/airflow/example_dags/example_task_group.py for tasks to queue
[2024-04-21T20:03:11.307+0000] {logging_mixin.py:188} INFO - [2024-04-21T20:03:11.307+0000] {dagbag.py:540} INFO - Filling up the DagBag from /home/airflow/.local/lib/python3.9/site-packages/airflow/example_dags/example_task_group.py
[2024-04-21T20:03:11.314+0000] {processor.py:840} INFO - DAG(s) 'example_task_group' retrieved from /home/airflow/.local/lib/python3.9/site-packages/airflow/example_dags/example_task_group.py
[2024-04-21T20:03:11.382+0000] {logging_mixin.py:188} INFO - [2024-04-21T20:03:11.381+0000] {dag.py:3047} INFO - Sync 1 DAGs
[2024-04-21T20:03:11.405+0000] {logging_mixin.py:188} INFO - [2024-04-21T20:03:11.405+0000] {dag.py:3834} INFO - Setting next_dagrun for example_task_group to 2024-04-20 00:00:00+00:00, run_after=2024-04-21 00:00:00+00:00
[2024-04-21T20:03:11.441+0000] {processor.py:183} INFO - Processing /home/airflow/.local/lib/python3.9/site-packages/airflow/example_dags/example_task_group.py took 0.140 seconds
[2024-04-21T20:04:19.360+0000] {processor.py:161} INFO - Started process (PID=330) to work on /home/airflow/.local/lib/python3.9/site-packages/airflow/example_dags/example_task_group.py
[2024-04-21T20:04:19.362+0000] {processor.py:830} INFO - Processing file /home/airflow/.local/lib/python3.9/site-packages/airflow/example_dags/example_task_group.py for tasks to queue
[2024-04-21T20:04:19.364+0000] {logging_mixin.py:188} INFO - [2024-04-21T20:04:19.363+0000] {dagbag.py:540} INFO - Filling up the DagBag from /home/airflow/.local/lib/python3.9/site-packages/airflow/example_dags/example_task_group.py
[2024-04-21T20:04:19.373+0000] {processor.py:840} INFO - DAG(s) 'example_task_group' retrieved from /home/airflow/.local/lib/python3.9/site-packages/airflow/example_dags/example_task_group.py
[2024-04-21T20:04:19.451+0000] {logging_mixin.py:188} INFO - [2024-04-21T20:04:19.451+0000] {dag.py:3047} INFO - Sync 1 DAGs
[2024-04-21T20:04:19.475+0000] {logging_mixin.py:188} INFO - [2024-04-21T20:04:19.475+0000] {dag.py:3834} INFO - Setting next_dagrun for example_task_group to 2024-04-20 00:00:00+00:00, run_after=2024-04-21 00:00:00+00:00
[2024-04-21T20:04:19.514+0000] {processor.py:183} INFO - Processing /home/airflow/.local/lib/python3.9/site-packages/airflow/example_dags/example_task_group.py took 0.157 seconds
[2024-04-21T20:04:50.060+0000] {processor.py:161} INFO - Started process (PID=389) to work on /home/airflow/.local/lib/python3.9/site-packages/airflow/example_dags/example_task_group.py
[2024-04-21T20:04:50.062+0000] {processor.py:830} INFO - Processing file /home/airflow/.local/lib/python3.9/site-packages/airflow/example_dags/example_task_group.py for tasks to queue
[2024-04-21T20:04:50.065+0000] {logging_mixin.py:188} INFO - [2024-04-21T20:04:50.064+0000] {dagbag.py:540} INFO - Filling up the DagBag from /home/airflow/.local/lib/python3.9/site-packages/airflow/example_dags/example_task_group.py
[2024-04-21T20:04:50.079+0000] {processor.py:840} INFO - DAG(s) 'example_task_group' retrieved from /home/airflow/.local/lib/python3.9/site-packages/airflow/example_dags/example_task_group.py
[2024-04-21T20:04:50.213+0000] {logging_mixin.py:188} INFO - [2024-04-21T20:04:50.212+0000] {dag.py:3047} INFO - Sync 1 DAGs
[2024-04-21T20:04:50.262+0000] {logging_mixin.py:188} INFO - [2024-04-21T20:04:50.262+0000] {dag.py:3834} INFO - Setting next_dagrun for example_task_group to 2024-04-20 00:00:00+00:00, run_after=2024-04-21 00:00:00+00:00
[2024-04-21T20:04:50.322+0000] {processor.py:183} INFO - Processing /home/airflow/.local/lib/python3.9/site-packages/airflow/example_dags/example_task_group.py took 0.267 seconds
[2024-04-21T20:05:20.671+0000] {processor.py:161} INFO - Started process (PID=446) to work on /home/airflow/.local/lib/python3.9/site-packages/airflow/example_dags/example_task_group.py
[2024-04-21T20:05:20.673+0000] {processor.py:830} INFO - Processing file /home/airflow/.local/lib/python3.9/site-packages/airflow/example_dags/example_task_group.py for tasks to queue
[2024-04-21T20:05:20.675+0000] {logging_mixin.py:188} INFO - [2024-04-21T20:05:20.674+0000] {dagbag.py:540} INFO - Filling up the DagBag from /home/airflow/.local/lib/python3.9/site-packages/airflow/example_dags/example_task_group.py
[2024-04-21T20:05:20.686+0000] {processor.py:840} INFO - DAG(s) 'example_task_group' retrieved from /home/airflow/.local/lib/python3.9/site-packages/airflow/example_dags/example_task_group.py
[2024-04-21T20:05:20.809+0000] {logging_mixin.py:188} INFO - [2024-04-21T20:05:20.808+0000] {dag.py:3047} INFO - Sync 1 DAGs
[2024-04-21T20:05:20.849+0000] {logging_mixin.py:188} INFO - [2024-04-21T20:05:20.848+0000] {dag.py:3834} INFO - Setting next_dagrun for example_task_group to 2024-04-20 00:00:00+00:00, run_after=2024-04-21 00:00:00+00:00
[2024-04-21T20:05:20.904+0000] {processor.py:183} INFO - Processing /home/airflow/.local/lib/python3.9/site-packages/airflow/example_dags/example_task_group.py took 0.238 seconds
[2024-04-21T20:05:51.583+0000] {processor.py:161} INFO - Started process (PID=503) to work on /home/airflow/.local/lib/python3.9/site-packages/airflow/example_dags/example_task_group.py
[2024-04-21T20:05:51.585+0000] {processor.py:830} INFO - Processing file /home/airflow/.local/lib/python3.9/site-packages/airflow/example_dags/example_task_group.py for tasks to queue
[2024-04-21T20:05:51.587+0000] {logging_mixin.py:188} INFO - [2024-04-21T20:05:51.586+0000] {dagbag.py:540} INFO - Filling up the DagBag from /home/airflow/.local/lib/python3.9/site-packages/airflow/example_dags/example_task_group.py
[2024-04-21T20:05:51.599+0000] {processor.py:840} INFO - DAG(s) 'example_task_group' retrieved from /home/airflow/.local/lib/python3.9/site-packages/airflow/example_dags/example_task_group.py
[2024-04-21T20:05:51.699+0000] {logging_mixin.py:188} INFO - [2024-04-21T20:05:51.698+0000] {dag.py:3047} INFO - Sync 1 DAGs
[2024-04-21T20:05:51.734+0000] {logging_mixin.py:188} INFO - [2024-04-21T20:05:51.733+0000] {dag.py:3834} INFO - Setting next_dagrun for example_task_group to 2024-04-20 00:00:00+00:00, run_after=2024-04-21 00:00:00+00:00
[2024-04-21T20:05:51.797+0000] {processor.py:183} INFO - Processing /home/airflow/.local/lib/python3.9/site-packages/airflow/example_dags/example_task_group.py took 0.219 seconds
[2024-04-21T20:06:45.873+0000] {processor.py:161} INFO - Started process (PID=567) to work on /home/airflow/.local/lib/python3.9/site-packages/airflow/example_dags/example_task_group.py
[2024-04-21T20:06:45.874+0000] {processor.py:830} INFO - Processing file /home/airflow/.local/lib/python3.9/site-packages/airflow/example_dags/example_task_group.py for tasks to queue
[2024-04-21T20:06:45.876+0000] {logging_mixin.py:188} INFO - [2024-04-21T20:06:45.876+0000] {dagbag.py:540} INFO - Filling up the DagBag from /home/airflow/.local/lib/python3.9/site-packages/airflow/example_dags/example_task_group.py
[2024-04-21T20:06:45.886+0000] {processor.py:840} INFO - DAG(s) 'example_task_group' retrieved from /home/airflow/.local/lib/python3.9/site-packages/airflow/example_dags/example_task_group.py
[2024-04-21T20:06:45.959+0000] {logging_mixin.py:188} INFO - [2024-04-21T20:06:45.958+0000] {dag.py:3047} INFO - Sync 1 DAGs
[2024-04-21T20:06:45.996+0000] {logging_mixin.py:188} INFO - [2024-04-21T20:06:45.996+0000] {dag.py:3834} INFO - Setting next_dagrun for example_task_group to 2024-04-20 00:00:00+00:00, run_after=2024-04-21 00:00:00+00:00
[2024-04-21T20:06:46.042+0000] {processor.py:183} INFO - Processing /home/airflow/.local/lib/python3.9/site-packages/airflow/example_dags/example_task_group.py took 0.172 seconds
[2024-04-21T20:07:17.734+0000] {processor.py:161} INFO - Started process (PID=625) to work on /home/airflow/.local/lib/python3.9/site-packages/airflow/example_dags/example_task_group.py
[2024-04-21T20:07:17.736+0000] {processor.py:830} INFO - Processing file /home/airflow/.local/lib/python3.9/site-packages/airflow/example_dags/example_task_group.py for tasks to queue
[2024-04-21T20:07:17.740+0000] {logging_mixin.py:188} INFO - [2024-04-21T20:07:17.739+0000] {dagbag.py:540} INFO - Filling up the DagBag from /home/airflow/.local/lib/python3.9/site-packages/airflow/example_dags/example_task_group.py
[2024-04-21T20:07:17.754+0000] {processor.py:840} INFO - DAG(s) 'example_task_group' retrieved from /home/airflow/.local/lib/python3.9/site-packages/airflow/example_dags/example_task_group.py
[2024-04-21T20:07:17.890+0000] {logging_mixin.py:188} INFO - [2024-04-21T20:07:17.890+0000] {dag.py:3047} INFO - Sync 1 DAGs
[2024-04-21T20:07:17.936+0000] {logging_mixin.py:188} INFO - [2024-04-21T20:07:17.936+0000] {dag.py:3834} INFO - Setting next_dagrun for example_task_group to 2024-04-20 00:00:00+00:00, run_after=2024-04-21 00:00:00+00:00
[2024-04-21T20:07:17.998+0000] {processor.py:183} INFO - Processing /home/airflow/.local/lib/python3.9/site-packages/airflow/example_dags/example_task_group.py took 0.271 seconds
[2024-04-21T20:07:48.609+0000] {processor.py:161} INFO - Started process (PID=682) to work on /home/airflow/.local/lib/python3.9/site-packages/airflow/example_dags/example_task_group.py
[2024-04-21T20:07:48.611+0000] {processor.py:830} INFO - Processing file /home/airflow/.local/lib/python3.9/site-packages/airflow/example_dags/example_task_group.py for tasks to queue
[2024-04-21T20:07:48.613+0000] {logging_mixin.py:188} INFO - [2024-04-21T20:07:48.612+0000] {dagbag.py:540} INFO - Filling up the DagBag from /home/airflow/.local/lib/python3.9/site-packages/airflow/example_dags/example_task_group.py
[2024-04-21T20:07:48.625+0000] {processor.py:840} INFO - DAG(s) 'example_task_group' retrieved from /home/airflow/.local/lib/python3.9/site-packages/airflow/example_dags/example_task_group.py
[2024-04-21T20:07:48.741+0000] {logging_mixin.py:188} INFO - [2024-04-21T20:07:48.740+0000] {dag.py:3047} INFO - Sync 1 DAGs
[2024-04-21T20:07:48.818+0000] {logging_mixin.py:188} INFO - [2024-04-21T20:07:48.817+0000] {dag.py:3834} INFO - Setting next_dagrun for example_task_group to 2024-04-20 00:00:00+00:00, run_after=2024-04-21 00:00:00+00:00
[2024-04-21T20:07:48.899+0000] {processor.py:183} INFO - Processing /home/airflow/.local/lib/python3.9/site-packages/airflow/example_dags/example_task_group.py took 0.296 seconds
[2024-04-21T20:08:21.959+0000] {processor.py:161} INFO - Started process (PID=738) to work on /home/airflow/.local/lib/python3.9/site-packages/airflow/example_dags/example_task_group.py
[2024-04-21T20:08:21.961+0000] {processor.py:830} INFO - Processing file /home/airflow/.local/lib/python3.9/site-packages/airflow/example_dags/example_task_group.py for tasks to queue
[2024-04-21T20:08:21.963+0000] {logging_mixin.py:188} INFO - [2024-04-21T20:08:21.962+0000] {dagbag.py:540} INFO - Filling up the DagBag from /home/airflow/.local/lib/python3.9/site-packages/airflow/example_dags/example_task_group.py
[2024-04-21T20:08:21.970+0000] {processor.py:840} INFO - DAG(s) 'example_task_group' retrieved from /home/airflow/.local/lib/python3.9/site-packages/airflow/example_dags/example_task_group.py
[2024-04-21T20:08:22.037+0000] {logging_mixin.py:188} INFO - [2024-04-21T20:08:22.036+0000] {dag.py:3047} INFO - Sync 1 DAGs
[2024-04-21T20:08:22.060+0000] {logging_mixin.py:188} INFO - [2024-04-21T20:08:22.060+0000] {dag.py:3834} INFO - Setting next_dagrun for example_task_group to 2024-04-20 00:00:00+00:00, run_after=2024-04-21 00:00:00+00:00
[2024-04-21T20:08:22.116+0000] {processor.py:183} INFO - Processing /home/airflow/.local/lib/python3.9/site-packages/airflow/example_dags/example_task_group.py took 0.160 seconds
[2024-04-21T20:10:04.278+0000] {processor.py:161} INFO - Started process (PID=809) to work on /home/airflow/.local/lib/python3.9/site-packages/airflow/example_dags/example_task_group.py
[2024-04-21T20:10:04.280+0000] {processor.py:830} INFO - Processing file /home/airflow/.local/lib/python3.9/site-packages/airflow/example_dags/example_task_group.py for tasks to queue
[2024-04-21T20:10:04.281+0000] {logging_mixin.py:188} INFO - [2024-04-21T20:10:04.281+0000] {dagbag.py:540} INFO - Filling up the DagBag from /home/airflow/.local/lib/python3.9/site-packages/airflow/example_dags/example_task_group.py
[2024-04-21T20:10:04.288+0000] {processor.py:840} INFO - DAG(s) 'example_task_group' retrieved from /home/airflow/.local/lib/python3.9/site-packages/airflow/example_dags/example_task_group.py
[2024-04-21T20:10:04.356+0000] {logging_mixin.py:188} INFO - [2024-04-21T20:10:04.356+0000] {dag.py:3047} INFO - Sync 1 DAGs
[2024-04-21T20:10:04.385+0000] {logging_mixin.py:188} INFO - [2024-04-21T20:10:04.385+0000] {dag.py:3834} INFO - Setting next_dagrun for example_task_group to 2024-04-20 00:00:00+00:00, run_after=2024-04-21 00:00:00+00:00
[2024-04-21T20:10:04.429+0000] {processor.py:183} INFO - Processing /home/airflow/.local/lib/python3.9/site-packages/airflow/example_dags/example_task_group.py took 0.154 seconds
[2024-04-21T20:10:35.105+0000] {processor.py:161} INFO - Started process (PID=866) to work on /home/airflow/.local/lib/python3.9/site-packages/airflow/example_dags/example_task_group.py
[2024-04-21T20:10:35.108+0000] {processor.py:830} INFO - Processing file /home/airflow/.local/lib/python3.9/site-packages/airflow/example_dags/example_task_group.py for tasks to queue
[2024-04-21T20:10:35.110+0000] {logging_mixin.py:188} INFO - [2024-04-21T20:10:35.109+0000] {dagbag.py:540} INFO - Filling up the DagBag from /home/airflow/.local/lib/python3.9/site-packages/airflow/example_dags/example_task_group.py
[2024-04-21T20:10:35.118+0000] {processor.py:840} INFO - DAG(s) 'example_task_group' retrieved from /home/airflow/.local/lib/python3.9/site-packages/airflow/example_dags/example_task_group.py
[2024-04-21T20:10:35.191+0000] {logging_mixin.py:188} INFO - [2024-04-21T20:10:35.191+0000] {dag.py:3047} INFO - Sync 1 DAGs
[2024-04-21T20:10:35.229+0000] {logging_mixin.py:188} INFO - [2024-04-21T20:10:35.229+0000] {dag.py:3834} INFO - Setting next_dagrun for example_task_group to 2024-04-20 00:00:00+00:00, run_after=2024-04-21 00:00:00+00:00
[2024-04-21T20:10:35.271+0000] {processor.py:183} INFO - Processing /home/airflow/.local/lib/python3.9/site-packages/airflow/example_dags/example_task_group.py took 0.169 seconds
[2024-04-21T20:11:05.569+0000] {processor.py:161} INFO - Started process (PID=925) to work on /home/airflow/.local/lib/python3.9/site-packages/airflow/example_dags/example_task_group.py
[2024-04-21T20:11:05.570+0000] {processor.py:830} INFO - Processing file /home/airflow/.local/lib/python3.9/site-packages/airflow/example_dags/example_task_group.py for tasks to queue
[2024-04-21T20:11:05.572+0000] {logging_mixin.py:188} INFO - [2024-04-21T20:11:05.571+0000] {dagbag.py:540} INFO - Filling up the DagBag from /home/airflow/.local/lib/python3.9/site-packages/airflow/example_dags/example_task_group.py
[2024-04-21T20:11:05.578+0000] {processor.py:840} INFO - DAG(s) 'example_task_group' retrieved from /home/airflow/.local/lib/python3.9/site-packages/airflow/example_dags/example_task_group.py
[2024-04-21T20:11:05.640+0000] {logging_mixin.py:188} INFO - [2024-04-21T20:11:05.640+0000] {dag.py:3047} INFO - Sync 1 DAGs
[2024-04-21T20:11:05.661+0000] {logging_mixin.py:188} INFO - [2024-04-21T20:11:05.661+0000] {dag.py:3834} INFO - Setting next_dagrun for example_task_group to 2024-04-20 00:00:00+00:00, run_after=2024-04-21 00:00:00+00:00
[2024-04-21T20:11:05.703+0000] {processor.py:183} INFO - Processing /home/airflow/.local/lib/python3.9/site-packages/airflow/example_dags/example_task_group.py took 0.138 seconds
[2024-04-21T20:14:19.180+0000] {processor.py:161} INFO - Started process (PID=53) to work on /home/airflow/.local/lib/python3.9/site-packages/airflow/example_dags/example_task_group.py
[2024-04-21T20:14:19.182+0000] {processor.py:830} INFO - Processing file /home/airflow/.local/lib/python3.9/site-packages/airflow/example_dags/example_task_group.py for tasks to queue
[2024-04-21T20:14:19.186+0000] {logging_mixin.py:188} INFO - [2024-04-21T20:14:19.185+0000] {dagbag.py:540} INFO - Filling up the DagBag from /home/airflow/.local/lib/python3.9/site-packages/airflow/example_dags/example_task_group.py
[2024-04-21T20:14:19.204+0000] {processor.py:840} INFO - DAG(s) 'example_task_group' retrieved from /home/airflow/.local/lib/python3.9/site-packages/airflow/example_dags/example_task_group.py
[2024-04-21T20:14:19.594+0000] {logging_mixin.py:188} INFO - [2024-04-21T20:14:19.594+0000] {dag.py:3047} INFO - Sync 1 DAGs
[2024-04-21T20:14:19.672+0000] {logging_mixin.py:188} INFO - [2024-04-21T20:14:19.671+0000] {dag.py:3834} INFO - Setting next_dagrun for example_task_group to 2024-04-20 00:00:00+00:00, run_after=2024-04-21 00:00:00+00:00
[2024-04-21T20:14:19.732+0000] {processor.py:183} INFO - Processing /home/airflow/.local/lib/python3.9/site-packages/airflow/example_dags/example_task_group.py took 0.556 seconds
[2024-04-21T20:14:49.903+0000] {processor.py:161} INFO - Started process (PID=111) to work on /home/airflow/.local/lib/python3.9/site-packages/airflow/example_dags/example_task_group.py
[2024-04-21T20:14:49.905+0000] {processor.py:830} INFO - Processing file /home/airflow/.local/lib/python3.9/site-packages/airflow/example_dags/example_task_group.py for tasks to queue
[2024-04-21T20:14:49.907+0000] {logging_mixin.py:188} INFO - [2024-04-21T20:14:49.906+0000] {dagbag.py:540} INFO - Filling up the DagBag from /home/airflow/.local/lib/python3.9/site-packages/airflow/example_dags/example_task_group.py
[2024-04-21T20:14:49.918+0000] {processor.py:840} INFO - DAG(s) 'example_task_group' retrieved from /home/airflow/.local/lib/python3.9/site-packages/airflow/example_dags/example_task_group.py
[2024-04-21T20:14:49.987+0000] {logging_mixin.py:188} INFO - [2024-04-21T20:14:49.987+0000] {dag.py:3047} INFO - Sync 1 DAGs
[2024-04-21T20:14:50.017+0000] {logging_mixin.py:188} INFO - [2024-04-21T20:14:50.017+0000] {dag.py:3834} INFO - Setting next_dagrun for example_task_group to 2024-04-20 00:00:00+00:00, run_after=2024-04-21 00:00:00+00:00
[2024-04-21T20:14:50.060+0000] {processor.py:183} INFO - Processing /home/airflow/.local/lib/python3.9/site-packages/airflow/example_dags/example_task_group.py took 0.160 seconds
[2024-04-21T20:15:20.178+0000] {processor.py:161} INFO - Started process (PID=168) to work on /home/airflow/.local/lib/python3.9/site-packages/airflow/example_dags/example_task_group.py
[2024-04-21T20:15:20.180+0000] {processor.py:830} INFO - Processing file /home/airflow/.local/lib/python3.9/site-packages/airflow/example_dags/example_task_group.py for tasks to queue
[2024-04-21T20:15:20.182+0000] {logging_mixin.py:188} INFO - [2024-04-21T20:15:20.182+0000] {dagbag.py:540} INFO - Filling up the DagBag from /home/airflow/.local/lib/python3.9/site-packages/airflow/example_dags/example_task_group.py
[2024-04-21T20:15:20.190+0000] {processor.py:840} INFO - DAG(s) 'example_task_group' retrieved from /home/airflow/.local/lib/python3.9/site-packages/airflow/example_dags/example_task_group.py
[2024-04-21T20:15:20.252+0000] {logging_mixin.py:188} INFO - [2024-04-21T20:15:20.251+0000] {dag.py:3047} INFO - Sync 1 DAGs
[2024-04-21T20:15:20.277+0000] {logging_mixin.py:188} INFO - [2024-04-21T20:15:20.277+0000] {dag.py:3834} INFO - Setting next_dagrun for example_task_group to 2024-04-20 00:00:00+00:00, run_after=2024-04-21 00:00:00+00:00
[2024-04-21T20:15:20.311+0000] {processor.py:183} INFO - Processing /home/airflow/.local/lib/python3.9/site-packages/airflow/example_dags/example_task_group.py took 0.136 seconds
[2024-04-21T20:16:16.792+0000] {processor.py:161} INFO - Started process (PID=53) to work on /home/airflow/.local/lib/python3.9/site-packages/airflow/example_dags/example_task_group.py
[2024-04-21T20:16:16.794+0000] {processor.py:830} INFO - Processing file /home/airflow/.local/lib/python3.9/site-packages/airflow/example_dags/example_task_group.py for tasks to queue
[2024-04-21T20:16:16.797+0000] {logging_mixin.py:188} INFO - [2024-04-21T20:16:16.797+0000] {dagbag.py:540} INFO - Filling up the DagBag from /home/airflow/.local/lib/python3.9/site-packages/airflow/example_dags/example_task_group.py
[2024-04-21T20:16:16.809+0000] {processor.py:840} INFO - DAG(s) 'example_task_group' retrieved from /home/airflow/.local/lib/python3.9/site-packages/airflow/example_dags/example_task_group.py
[2024-04-21T20:16:16.891+0000] {logging_mixin.py:188} INFO - [2024-04-21T20:16:16.891+0000] {dag.py:3047} INFO - Sync 1 DAGs
[2024-04-21T20:16:16.923+0000] {logging_mixin.py:188} INFO - [2024-04-21T20:16:16.923+0000] {dag.py:3834} INFO - Setting next_dagrun for example_task_group to 2024-04-20 00:00:00+00:00, run_after=2024-04-21 00:00:00+00:00
[2024-04-21T20:16:16.971+0000] {processor.py:183} INFO - Processing /home/airflow/.local/lib/python3.9/site-packages/airflow/example_dags/example_task_group.py took 0.182 seconds
[2024-04-21T20:16:47.636+0000] {processor.py:161} INFO - Started process (PID=110) to work on /home/airflow/.local/lib/python3.9/site-packages/airflow/example_dags/example_task_group.py
[2024-04-21T20:16:47.638+0000] {processor.py:830} INFO - Processing file /home/airflow/.local/lib/python3.9/site-packages/airflow/example_dags/example_task_group.py for tasks to queue
[2024-04-21T20:16:47.640+0000] {logging_mixin.py:188} INFO - [2024-04-21T20:16:47.640+0000] {dagbag.py:540} INFO - Filling up the DagBag from /home/airflow/.local/lib/python3.9/site-packages/airflow/example_dags/example_task_group.py
[2024-04-21T20:16:47.648+0000] {processor.py:840} INFO - DAG(s) 'example_task_group' retrieved from /home/airflow/.local/lib/python3.9/site-packages/airflow/example_dags/example_task_group.py
[2024-04-21T20:16:47.715+0000] {logging_mixin.py:188} INFO - [2024-04-21T20:16:47.715+0000] {dag.py:3047} INFO - Sync 1 DAGs
[2024-04-21T20:16:47.740+0000] {logging_mixin.py:188} INFO - [2024-04-21T20:16:47.740+0000] {dag.py:3834} INFO - Setting next_dagrun for example_task_group to 2024-04-20 00:00:00+00:00, run_after=2024-04-21 00:00:00+00:00
[2024-04-21T20:16:47.777+0000] {processor.py:183} INFO - Processing /home/airflow/.local/lib/python3.9/site-packages/airflow/example_dags/example_task_group.py took 0.144 seconds
[2024-04-21T20:17:18.215+0000] {processor.py:161} INFO - Started process (PID=167) to work on /home/airflow/.local/lib/python3.9/site-packages/airflow/example_dags/example_task_group.py
[2024-04-21T20:17:18.216+0000] {processor.py:830} INFO - Processing file /home/airflow/.local/lib/python3.9/site-packages/airflow/example_dags/example_task_group.py for tasks to queue
[2024-04-21T20:17:18.219+0000] {logging_mixin.py:188} INFO - [2024-04-21T20:17:18.219+0000] {dagbag.py:540} INFO - Filling up the DagBag from /home/airflow/.local/lib/python3.9/site-packages/airflow/example_dags/example_task_group.py
[2024-04-21T20:17:18.229+0000] {processor.py:840} INFO - DAG(s) 'example_task_group' retrieved from /home/airflow/.local/lib/python3.9/site-packages/airflow/example_dags/example_task_group.py
[2024-04-21T20:17:18.292+0000] {logging_mixin.py:188} INFO - [2024-04-21T20:17:18.291+0000] {dag.py:3047} INFO - Sync 1 DAGs
[2024-04-21T20:17:18.316+0000] {logging_mixin.py:188} INFO - [2024-04-21T20:17:18.315+0000] {dag.py:3834} INFO - Setting next_dagrun for example_task_group to 2024-04-20 00:00:00+00:00, run_after=2024-04-21 00:00:00+00:00
[2024-04-21T20:17:18.346+0000] {processor.py:183} INFO - Processing /home/airflow/.local/lib/python3.9/site-packages/airflow/example_dags/example_task_group.py took 0.136 seconds
[2024-04-21T20:17:48.973+0000] {processor.py:161} INFO - Started process (PID=224) to work on /home/airflow/.local/lib/python3.9/site-packages/airflow/example_dags/example_task_group.py
[2024-04-21T20:17:48.974+0000] {processor.py:830} INFO - Processing file /home/airflow/.local/lib/python3.9/site-packages/airflow/example_dags/example_task_group.py for tasks to queue
[2024-04-21T20:17:48.976+0000] {logging_mixin.py:188} INFO - [2024-04-21T20:17:48.975+0000] {dagbag.py:540} INFO - Filling up the DagBag from /home/airflow/.local/lib/python3.9/site-packages/airflow/example_dags/example_task_group.py
[2024-04-21T20:17:48.982+0000] {processor.py:840} INFO - DAG(s) 'example_task_group' retrieved from /home/airflow/.local/lib/python3.9/site-packages/airflow/example_dags/example_task_group.py
[2024-04-21T20:17:49.036+0000] {logging_mixin.py:188} INFO - [2024-04-21T20:17:49.036+0000] {dag.py:3047} INFO - Sync 1 DAGs
[2024-04-21T20:17:49.063+0000] {logging_mixin.py:188} INFO - [2024-04-21T20:17:49.062+0000] {dag.py:3834} INFO - Setting next_dagrun for example_task_group to 2024-04-20 00:00:00+00:00, run_after=2024-04-21 00:00:00+00:00
[2024-04-21T20:17:49.106+0000] {processor.py:183} INFO - Processing /home/airflow/.local/lib/python3.9/site-packages/airflow/example_dags/example_task_group.py took 0.136 seconds
[2024-04-21T20:18:19.606+0000] {processor.py:161} INFO - Started process (PID=281) to work on /home/airflow/.local/lib/python3.9/site-packages/airflow/example_dags/example_task_group.py
[2024-04-21T20:18:19.607+0000] {processor.py:830} INFO - Processing file /home/airflow/.local/lib/python3.9/site-packages/airflow/example_dags/example_task_group.py for tasks to queue
[2024-04-21T20:18:19.610+0000] {logging_mixin.py:188} INFO - [2024-04-21T20:18:19.609+0000] {dagbag.py:540} INFO - Filling up the DagBag from /home/airflow/.local/lib/python3.9/site-packages/airflow/example_dags/example_task_group.py
[2024-04-21T20:18:19.617+0000] {processor.py:840} INFO - DAG(s) 'example_task_group' retrieved from /home/airflow/.local/lib/python3.9/site-packages/airflow/example_dags/example_task_group.py
[2024-04-21T20:18:19.685+0000] {logging_mixin.py:188} INFO - [2024-04-21T20:18:19.684+0000] {dag.py:3047} INFO - Sync 1 DAGs
[2024-04-21T20:18:19.710+0000] {logging_mixin.py:188} INFO - [2024-04-21T20:18:19.709+0000] {dag.py:3834} INFO - Setting next_dagrun for example_task_group to 2024-04-20 00:00:00+00:00, run_after=2024-04-21 00:00:00+00:00
[2024-04-21T20:18:19.747+0000] {processor.py:183} INFO - Processing /home/airflow/.local/lib/python3.9/site-packages/airflow/example_dags/example_task_group.py took 0.145 seconds
[2024-04-21T20:18:49.880+0000] {processor.py:161} INFO - Started process (PID=336) to work on /home/airflow/.local/lib/python3.9/site-packages/airflow/example_dags/example_task_group.py
[2024-04-21T20:18:49.882+0000] {processor.py:830} INFO - Processing file /home/airflow/.local/lib/python3.9/site-packages/airflow/example_dags/example_task_group.py for tasks to queue
[2024-04-21T20:18:49.884+0000] {logging_mixin.py:188} INFO - [2024-04-21T20:18:49.884+0000] {dagbag.py:540} INFO - Filling up the DagBag from /home/airflow/.local/lib/python3.9/site-packages/airflow/example_dags/example_task_group.py
[2024-04-21T20:18:49.891+0000] {processor.py:840} INFO - DAG(s) 'example_task_group' retrieved from /home/airflow/.local/lib/python3.9/site-packages/airflow/example_dags/example_task_group.py
[2024-04-21T20:18:49.947+0000] {logging_mixin.py:188} INFO - [2024-04-21T20:18:49.947+0000] {dag.py:3047} INFO - Sync 1 DAGs
[2024-04-21T20:18:49.971+0000] {logging_mixin.py:188} INFO - [2024-04-21T20:18:49.970+0000] {dag.py:3834} INFO - Setting next_dagrun for example_task_group to 2024-04-20 00:00:00+00:00, run_after=2024-04-21 00:00:00+00:00
[2024-04-21T20:18:50.007+0000] {processor.py:183} INFO - Processing /home/airflow/.local/lib/python3.9/site-packages/airflow/example_dags/example_task_group.py took 0.129 seconds
[2024-04-21T20:32:48.849+0000] {processor.py:161} INFO - Started process (PID=53) to work on /home/airflow/.local/lib/python3.9/site-packages/airflow/example_dags/example_task_group.py
[2024-04-21T20:32:48.861+0000] {processor.py:830} INFO - Processing file /home/airflow/.local/lib/python3.9/site-packages/airflow/example_dags/example_task_group.py for tasks to queue
[2024-04-21T20:32:48.866+0000] {logging_mixin.py:188} INFO - [2024-04-21T20:32:48.865+0000] {dagbag.py:540} INFO - Filling up the DagBag from /home/airflow/.local/lib/python3.9/site-packages/airflow/example_dags/example_task_group.py
[2024-04-21T20:32:48.908+0000] {processor.py:840} INFO - DAG(s) 'example_task_group' retrieved from /home/airflow/.local/lib/python3.9/site-packages/airflow/example_dags/example_task_group.py
[2024-04-21T20:32:49.730+0000] {logging_mixin.py:188} INFO - [2024-04-21T20:32:49.729+0000] {dag.py:3047} INFO - Sync 1 DAGs
[2024-04-21T20:32:49.892+0000] {logging_mixin.py:188} INFO - [2024-04-21T20:32:49.892+0000] {dag.py:3834} INFO - Setting next_dagrun for example_task_group to 2024-04-20 00:00:00+00:00, run_after=2024-04-21 00:00:00+00:00
[2024-04-21T20:32:49.978+0000] {processor.py:183} INFO - Processing /home/airflow/.local/lib/python3.9/site-packages/airflow/example_dags/example_task_group.py took 1.160 seconds
[2024-04-21T20:33:22.615+0000] {processor.py:161} INFO - Started process (PID=53) to work on /home/airflow/.local/lib/python3.9/site-packages/airflow/example_dags/example_task_group.py
[2024-04-21T20:33:22.616+0000] {processor.py:830} INFO - Processing file /home/airflow/.local/lib/python3.9/site-packages/airflow/example_dags/example_task_group.py for tasks to queue
[2024-04-21T20:33:22.619+0000] {logging_mixin.py:188} INFO - [2024-04-21T20:33:22.619+0000] {dagbag.py:540} INFO - Filling up the DagBag from /home/airflow/.local/lib/python3.9/site-packages/airflow/example_dags/example_task_group.py
[2024-04-21T20:33:22.632+0000] {processor.py:840} INFO - DAG(s) 'example_task_group' retrieved from /home/airflow/.local/lib/python3.9/site-packages/airflow/example_dags/example_task_group.py
[2024-04-21T20:33:22.825+0000] {logging_mixin.py:188} INFO - [2024-04-21T20:33:22.825+0000] {dag.py:3047} INFO - Sync 1 DAGs
[2024-04-21T20:33:22.852+0000] {logging_mixin.py:188} INFO - [2024-04-21T20:33:22.851+0000] {dag.py:3834} INFO - Setting next_dagrun for example_task_group to 2024-04-20 00:00:00+00:00, run_after=2024-04-21 00:00:00+00:00
[2024-04-21T20:33:22.897+0000] {processor.py:183} INFO - Processing /home/airflow/.local/lib/python3.9/site-packages/airflow/example_dags/example_task_group.py took 0.287 seconds
[2024-04-21T20:33:53.717+0000] {processor.py:161} INFO - Started process (PID=110) to work on /home/airflow/.local/lib/python3.9/site-packages/airflow/example_dags/example_task_group.py
[2024-04-21T20:33:53.719+0000] {processor.py:830} INFO - Processing file /home/airflow/.local/lib/python3.9/site-packages/airflow/example_dags/example_task_group.py for tasks to queue
[2024-04-21T20:33:53.722+0000] {logging_mixin.py:188} INFO - [2024-04-21T20:33:53.721+0000] {dagbag.py:540} INFO - Filling up the DagBag from /home/airflow/.local/lib/python3.9/site-packages/airflow/example_dags/example_task_group.py
[2024-04-21T20:33:53.730+0000] {processor.py:840} INFO - DAG(s) 'example_task_group' retrieved from /home/airflow/.local/lib/python3.9/site-packages/airflow/example_dags/example_task_group.py
[2024-04-21T20:33:53.798+0000] {logging_mixin.py:188} INFO - [2024-04-21T20:33:53.798+0000] {dag.py:3047} INFO - Sync 1 DAGs
[2024-04-21T20:33:53.829+0000] {logging_mixin.py:188} INFO - [2024-04-21T20:33:53.828+0000] {dag.py:3834} INFO - Setting next_dagrun for example_task_group to 2024-04-20 00:00:00+00:00, run_after=2024-04-21 00:00:00+00:00
[2024-04-21T20:33:53.864+0000] {processor.py:183} INFO - Processing /home/airflow/.local/lib/python3.9/site-packages/airflow/example_dags/example_task_group.py took 0.149 seconds
[2024-04-21T20:34:30.409+0000] {processor.py:161} INFO - Started process (PID=53) to work on /home/airflow/.local/lib/python3.9/site-packages/airflow/example_dags/example_task_group.py
[2024-04-21T20:34:30.411+0000] {processor.py:830} INFO - Processing file /home/airflow/.local/lib/python3.9/site-packages/airflow/example_dags/example_task_group.py for tasks to queue
[2024-04-21T20:34:30.413+0000] {logging_mixin.py:188} INFO - [2024-04-21T20:34:30.413+0000] {dagbag.py:540} INFO - Filling up the DagBag from /home/airflow/.local/lib/python3.9/site-packages/airflow/example_dags/example_task_group.py
[2024-04-21T20:34:30.424+0000] {processor.py:840} INFO - DAG(s) 'example_task_group' retrieved from /home/airflow/.local/lib/python3.9/site-packages/airflow/example_dags/example_task_group.py
[2024-04-21T20:34:30.485+0000] {logging_mixin.py:188} INFO - [2024-04-21T20:34:30.485+0000] {dag.py:3047} INFO - Sync 1 DAGs
[2024-04-21T20:34:30.508+0000] {logging_mixin.py:188} INFO - [2024-04-21T20:34:30.507+0000] {dag.py:3834} INFO - Setting next_dagrun for example_task_group to 2024-04-20 00:00:00+00:00, run_after=2024-04-21 00:00:00+00:00
[2024-04-21T20:34:30.539+0000] {processor.py:183} INFO - Processing /home/airflow/.local/lib/python3.9/site-packages/airflow/example_dags/example_task_group.py took 0.133 seconds
[2024-04-21T20:35:01.383+0000] {processor.py:161} INFO - Started process (PID=110) to work on /home/airflow/.local/lib/python3.9/site-packages/airflow/example_dags/example_task_group.py
[2024-04-21T20:35:01.384+0000] {processor.py:830} INFO - Processing file /home/airflow/.local/lib/python3.9/site-packages/airflow/example_dags/example_task_group.py for tasks to queue
[2024-04-21T20:35:01.386+0000] {logging_mixin.py:188} INFO - [2024-04-21T20:35:01.386+0000] {dagbag.py:540} INFO - Filling up the DagBag from /home/airflow/.local/lib/python3.9/site-packages/airflow/example_dags/example_task_group.py
[2024-04-21T20:35:01.396+0000] {processor.py:840} INFO - DAG(s) 'example_task_group' retrieved from /home/airflow/.local/lib/python3.9/site-packages/airflow/example_dags/example_task_group.py
[2024-04-21T20:35:01.457+0000] {logging_mixin.py:188} INFO - [2024-04-21T20:35:01.457+0000] {dag.py:3047} INFO - Sync 1 DAGs
[2024-04-21T20:35:01.483+0000] {logging_mixin.py:188} INFO - [2024-04-21T20:35:01.482+0000] {dag.py:3834} INFO - Setting next_dagrun for example_task_group to 2024-04-20 00:00:00+00:00, run_after=2024-04-21 00:00:00+00:00
[2024-04-21T20:35:01.519+0000] {processor.py:183} INFO - Processing /home/airflow/.local/lib/python3.9/site-packages/airflow/example_dags/example_task_group.py took 0.140 seconds
[2024-04-21T20:35:32.295+0000] {processor.py:161} INFO - Started process (PID=167) to work on /home/airflow/.local/lib/python3.9/site-packages/airflow/example_dags/example_task_group.py
[2024-04-21T20:35:32.296+0000] {processor.py:830} INFO - Processing file /home/airflow/.local/lib/python3.9/site-packages/airflow/example_dags/example_task_group.py for tasks to queue
[2024-04-21T20:35:32.299+0000] {logging_mixin.py:188} INFO - [2024-04-21T20:35:32.298+0000] {dagbag.py:540} INFO - Filling up the DagBag from /home/airflow/.local/lib/python3.9/site-packages/airflow/example_dags/example_task_group.py
[2024-04-21T20:35:32.306+0000] {processor.py:840} INFO - DAG(s) 'example_task_group' retrieved from /home/airflow/.local/lib/python3.9/site-packages/airflow/example_dags/example_task_group.py
[2024-04-21T20:35:32.363+0000] {logging_mixin.py:188} INFO - [2024-04-21T20:35:32.362+0000] {dag.py:3047} INFO - Sync 1 DAGs
[2024-04-21T20:35:32.388+0000] {logging_mixin.py:188} INFO - [2024-04-21T20:35:32.387+0000] {dag.py:3834} INFO - Setting next_dagrun for example_task_group to 2024-04-20 00:00:00+00:00, run_after=2024-04-21 00:00:00+00:00
[2024-04-21T20:35:32.419+0000] {processor.py:183} INFO - Processing /home/airflow/.local/lib/python3.9/site-packages/airflow/example_dags/example_task_group.py took 0.128 seconds
[2024-04-21T20:36:03.437+0000] {processor.py:161} INFO - Started process (PID=224) to work on /home/airflow/.local/lib/python3.9/site-packages/airflow/example_dags/example_task_group.py
[2024-04-21T20:36:03.439+0000] {processor.py:830} INFO - Processing file /home/airflow/.local/lib/python3.9/site-packages/airflow/example_dags/example_task_group.py for tasks to queue
[2024-04-21T20:36:03.441+0000] {logging_mixin.py:188} INFO - [2024-04-21T20:36:03.440+0000] {dagbag.py:540} INFO - Filling up the DagBag from /home/airflow/.local/lib/python3.9/site-packages/airflow/example_dags/example_task_group.py
[2024-04-21T20:36:03.449+0000] {processor.py:840} INFO - DAG(s) 'example_task_group' retrieved from /home/airflow/.local/lib/python3.9/site-packages/airflow/example_dags/example_task_group.py
[2024-04-21T20:36:03.507+0000] {logging_mixin.py:188} INFO - [2024-04-21T20:36:03.507+0000] {dag.py:3047} INFO - Sync 1 DAGs
[2024-04-21T20:36:03.533+0000] {logging_mixin.py:188} INFO - [2024-04-21T20:36:03.533+0000] {dag.py:3834} INFO - Setting next_dagrun for example_task_group to 2024-04-20 00:00:00+00:00, run_after=2024-04-21 00:00:00+00:00
[2024-04-21T20:36:03.568+0000] {processor.py:183} INFO - Processing /home/airflow/.local/lib/python3.9/site-packages/airflow/example_dags/example_task_group.py took 0.134 seconds
[2024-04-21T20:36:34.993+0000] {processor.py:161} INFO - Started process (PID=281) to work on /home/airflow/.local/lib/python3.9/site-packages/airflow/example_dags/example_task_group.py
[2024-04-21T20:36:34.995+0000] {processor.py:830} INFO - Processing file /home/airflow/.local/lib/python3.9/site-packages/airflow/example_dags/example_task_group.py for tasks to queue
[2024-04-21T20:36:34.997+0000] {logging_mixin.py:188} INFO - [2024-04-21T20:36:34.996+0000] {dagbag.py:540} INFO - Filling up the DagBag from /home/airflow/.local/lib/python3.9/site-packages/airflow/example_dags/example_task_group.py
[2024-04-21T20:36:35.005+0000] {processor.py:840} INFO - DAG(s) 'example_task_group' retrieved from /home/airflow/.local/lib/python3.9/site-packages/airflow/example_dags/example_task_group.py
[2024-04-21T20:36:35.067+0000] {logging_mixin.py:188} INFO - [2024-04-21T20:36:35.067+0000] {dag.py:3047} INFO - Sync 1 DAGs
[2024-04-21T20:36:35.097+0000] {logging_mixin.py:188} INFO - [2024-04-21T20:36:35.096+0000] {dag.py:3834} INFO - Setting next_dagrun for example_task_group to 2024-04-20 00:00:00+00:00, run_after=2024-04-21 00:00:00+00:00
[2024-04-21T20:36:35.132+0000] {processor.py:183} INFO - Processing /home/airflow/.local/lib/python3.9/site-packages/airflow/example_dags/example_task_group.py took 0.142 seconds
[2024-04-21T20:37:05.573+0000] {processor.py:161} INFO - Started process (PID=338) to work on /home/airflow/.local/lib/python3.9/site-packages/airflow/example_dags/example_task_group.py
[2024-04-21T20:37:05.575+0000] {processor.py:830} INFO - Processing file /home/airflow/.local/lib/python3.9/site-packages/airflow/example_dags/example_task_group.py for tasks to queue
[2024-04-21T20:37:05.578+0000] {logging_mixin.py:188} INFO - [2024-04-21T20:37:05.577+0000] {dagbag.py:540} INFO - Filling up the DagBag from /home/airflow/.local/lib/python3.9/site-packages/airflow/example_dags/example_task_group.py
[2024-04-21T20:37:05.587+0000] {processor.py:840} INFO - DAG(s) 'example_task_group' retrieved from /home/airflow/.local/lib/python3.9/site-packages/airflow/example_dags/example_task_group.py
[2024-04-21T20:37:05.643+0000] {logging_mixin.py:188} INFO - [2024-04-21T20:37:05.643+0000] {dag.py:3047} INFO - Sync 1 DAGs
[2024-04-21T20:37:05.669+0000] {logging_mixin.py:188} INFO - [2024-04-21T20:37:05.669+0000] {dag.py:3834} INFO - Setting next_dagrun for example_task_group to 2024-04-20 00:00:00+00:00, run_after=2024-04-21 00:00:00+00:00
[2024-04-21T20:37:05.701+0000] {processor.py:183} INFO - Processing /home/airflow/.local/lib/python3.9/site-packages/airflow/example_dags/example_task_group.py took 0.131 seconds
[2024-04-21T20:37:35.805+0000] {processor.py:161} INFO - Started process (PID=394) to work on /home/airflow/.local/lib/python3.9/site-packages/airflow/example_dags/example_task_group.py
[2024-04-21T20:37:35.807+0000] {processor.py:830} INFO - Processing file /home/airflow/.local/lib/python3.9/site-packages/airflow/example_dags/example_task_group.py for tasks to queue
[2024-04-21T20:37:35.811+0000] {logging_mixin.py:188} INFO - [2024-04-21T20:37:35.811+0000] {dagbag.py:540} INFO - Filling up the DagBag from /home/airflow/.local/lib/python3.9/site-packages/airflow/example_dags/example_task_group.py
[2024-04-21T20:37:35.822+0000] {processor.py:840} INFO - DAG(s) 'example_task_group' retrieved from /home/airflow/.local/lib/python3.9/site-packages/airflow/example_dags/example_task_group.py
[2024-04-21T20:37:35.892+0000] {logging_mixin.py:188} INFO - [2024-04-21T20:37:35.892+0000] {dag.py:3047} INFO - Sync 1 DAGs
[2024-04-21T20:37:35.919+0000] {logging_mixin.py:188} INFO - [2024-04-21T20:37:35.919+0000] {dag.py:3834} INFO - Setting next_dagrun for example_task_group to 2024-04-20 00:00:00+00:00, run_after=2024-04-21 00:00:00+00:00
[2024-04-21T20:37:35.953+0000] {processor.py:183} INFO - Processing /home/airflow/.local/lib/python3.9/site-packages/airflow/example_dags/example_task_group.py took 0.153 seconds
[2024-04-21T20:38:06.816+0000] {processor.py:161} INFO - Started process (PID=450) to work on /home/airflow/.local/lib/python3.9/site-packages/airflow/example_dags/example_task_group.py
[2024-04-21T20:38:06.817+0000] {processor.py:830} INFO - Processing file /home/airflow/.local/lib/python3.9/site-packages/airflow/example_dags/example_task_group.py for tasks to queue
[2024-04-21T20:38:06.820+0000] {logging_mixin.py:188} INFO - [2024-04-21T20:38:06.819+0000] {dagbag.py:540} INFO - Filling up the DagBag from /home/airflow/.local/lib/python3.9/site-packages/airflow/example_dags/example_task_group.py
[2024-04-21T20:38:06.827+0000] {processor.py:840} INFO - DAG(s) 'example_task_group' retrieved from /home/airflow/.local/lib/python3.9/site-packages/airflow/example_dags/example_task_group.py
[2024-04-21T20:38:06.883+0000] {logging_mixin.py:188} INFO - [2024-04-21T20:38:06.883+0000] {dag.py:3047} INFO - Sync 1 DAGs
[2024-04-21T20:38:06.909+0000] {logging_mixin.py:188} INFO - [2024-04-21T20:38:06.908+0000] {dag.py:3834} INFO - Setting next_dagrun for example_task_group to 2024-04-20 00:00:00+00:00, run_after=2024-04-21 00:00:00+00:00
[2024-04-21T20:38:06.941+0000] {processor.py:183} INFO - Processing /home/airflow/.local/lib/python3.9/site-packages/airflow/example_dags/example_task_group.py took 0.128 seconds
[2024-04-21T20:38:38.432+0000] {processor.py:161} INFO - Started process (PID=507) to work on /home/airflow/.local/lib/python3.9/site-packages/airflow/example_dags/example_task_group.py
[2024-04-21T20:38:38.435+0000] {processor.py:830} INFO - Processing file /home/airflow/.local/lib/python3.9/site-packages/airflow/example_dags/example_task_group.py for tasks to queue
[2024-04-21T20:38:38.441+0000] {logging_mixin.py:188} INFO - [2024-04-21T20:38:38.439+0000] {dagbag.py:540} INFO - Filling up the DagBag from /home/airflow/.local/lib/python3.9/site-packages/airflow/example_dags/example_task_group.py
[2024-04-21T20:38:38.456+0000] {processor.py:840} INFO - DAG(s) 'example_task_group' retrieved from /home/airflow/.local/lib/python3.9/site-packages/airflow/example_dags/example_task_group.py
[2024-04-21T20:38:38.596+0000] {logging_mixin.py:188} INFO - [2024-04-21T20:38:38.595+0000] {dag.py:3047} INFO - Sync 1 DAGs
[2024-04-21T20:38:38.660+0000] {logging_mixin.py:188} INFO - [2024-04-21T20:38:38.660+0000] {dag.py:3834} INFO - Setting next_dagrun for example_task_group to 2024-04-20 00:00:00+00:00, run_after=2024-04-21 00:00:00+00:00
[2024-04-21T20:38:38.719+0000] {processor.py:183} INFO - Processing /home/airflow/.local/lib/python3.9/site-packages/airflow/example_dags/example_task_group.py took 0.297 seconds
[2024-04-21T20:39:09.412+0000] {processor.py:161} INFO - Started process (PID=564) to work on /home/airflow/.local/lib/python3.9/site-packages/airflow/example_dags/example_task_group.py
[2024-04-21T20:39:09.414+0000] {processor.py:830} INFO - Processing file /home/airflow/.local/lib/python3.9/site-packages/airflow/example_dags/example_task_group.py for tasks to queue
[2024-04-21T20:39:09.417+0000] {logging_mixin.py:188} INFO - [2024-04-21T20:39:09.416+0000] {dagbag.py:540} INFO - Filling up the DagBag from /home/airflow/.local/lib/python3.9/site-packages/airflow/example_dags/example_task_group.py
[2024-04-21T20:39:09.426+0000] {processor.py:840} INFO - DAG(s) 'example_task_group' retrieved from /home/airflow/.local/lib/python3.9/site-packages/airflow/example_dags/example_task_group.py
[2024-04-21T20:39:09.496+0000] {logging_mixin.py:188} INFO - [2024-04-21T20:39:09.495+0000] {dag.py:3047} INFO - Sync 1 DAGs
[2024-04-21T20:39:09.529+0000] {logging_mixin.py:188} INFO - [2024-04-21T20:39:09.529+0000] {dag.py:3834} INFO - Setting next_dagrun for example_task_group to 2024-04-20 00:00:00+00:00, run_after=2024-04-21 00:00:00+00:00
[2024-04-21T20:39:09.571+0000] {processor.py:183} INFO - Processing /home/airflow/.local/lib/python3.9/site-packages/airflow/example_dags/example_task_group.py took 0.161 seconds
[2024-04-21T20:40:41.366+0000] {processor.py:161} INFO - Started process (PID=597) to work on /home/airflow/.local/lib/python3.9/site-packages/airflow/example_dags/example_task_group.py
[2024-04-21T20:40:41.367+0000] {processor.py:830} INFO - Processing file /home/airflow/.local/lib/python3.9/site-packages/airflow/example_dags/example_task_group.py for tasks to queue
[2024-04-21T20:40:41.370+0000] {logging_mixin.py:188} INFO - [2024-04-21T20:40:41.369+0000] {dagbag.py:540} INFO - Filling up the DagBag from /home/airflow/.local/lib/python3.9/site-packages/airflow/example_dags/example_task_group.py
[2024-04-21T20:40:41.377+0000] {processor.py:840} INFO - DAG(s) 'example_task_group' retrieved from /home/airflow/.local/lib/python3.9/site-packages/airflow/example_dags/example_task_group.py
[2024-04-21T20:40:41.438+0000] {logging_mixin.py:188} INFO - [2024-04-21T20:40:41.437+0000] {dag.py:3047} INFO - Sync 1 DAGs
[2024-04-21T20:40:41.457+0000] {logging_mixin.py:188} INFO - [2024-04-21T20:40:41.457+0000] {dag.py:3834} INFO - Setting next_dagrun for example_task_group to 2024-04-20 00:00:00+00:00, run_after=2024-04-21 00:00:00+00:00
[2024-04-21T20:40:41.489+0000] {processor.py:183} INFO - Processing /home/airflow/.local/lib/python3.9/site-packages/airflow/example_dags/example_task_group.py took 0.126 seconds
[2024-04-21T20:41:12.028+0000] {processor.py:161} INFO - Started process (PID=656) to work on /home/airflow/.local/lib/python3.9/site-packages/airflow/example_dags/example_task_group.py
[2024-04-21T20:41:12.029+0000] {processor.py:830} INFO - Processing file /home/airflow/.local/lib/python3.9/site-packages/airflow/example_dags/example_task_group.py for tasks to queue
[2024-04-21T20:41:12.033+0000] {logging_mixin.py:188} INFO - [2024-04-21T20:41:12.032+0000] {dagbag.py:540} INFO - Filling up the DagBag from /home/airflow/.local/lib/python3.9/site-packages/airflow/example_dags/example_task_group.py
[2024-04-21T20:41:12.040+0000] {processor.py:840} INFO - DAG(s) 'example_task_group' retrieved from /home/airflow/.local/lib/python3.9/site-packages/airflow/example_dags/example_task_group.py
[2024-04-21T20:41:12.101+0000] {logging_mixin.py:188} INFO - [2024-04-21T20:41:12.101+0000] {dag.py:3047} INFO - Sync 1 DAGs
[2024-04-21T20:41:12.128+0000] {logging_mixin.py:188} INFO - [2024-04-21T20:41:12.128+0000] {dag.py:3834} INFO - Setting next_dagrun for example_task_group to 2024-04-20 00:00:00+00:00, run_after=2024-04-21 00:00:00+00:00
[2024-04-21T20:41:12.166+0000] {processor.py:183} INFO - Processing /home/airflow/.local/lib/python3.9/site-packages/airflow/example_dags/example_task_group.py took 0.141 seconds
[2024-04-21T20:41:42.217+0000] {processor.py:161} INFO - Started process (PID=713) to work on /home/airflow/.local/lib/python3.9/site-packages/airflow/example_dags/example_task_group.py
[2024-04-21T20:41:42.218+0000] {processor.py:830} INFO - Processing file /home/airflow/.local/lib/python3.9/site-packages/airflow/example_dags/example_task_group.py for tasks to queue
[2024-04-21T20:41:42.221+0000] {logging_mixin.py:188} INFO - [2024-04-21T20:41:42.220+0000] {dagbag.py:540} INFO - Filling up the DagBag from /home/airflow/.local/lib/python3.9/site-packages/airflow/example_dags/example_task_group.py
[2024-04-21T20:41:42.228+0000] {processor.py:840} INFO - DAG(s) 'example_task_group' retrieved from /home/airflow/.local/lib/python3.9/site-packages/airflow/example_dags/example_task_group.py
[2024-04-21T20:41:42.284+0000] {logging_mixin.py:188} INFO - [2024-04-21T20:41:42.284+0000] {dag.py:3047} INFO - Sync 1 DAGs
[2024-04-21T20:41:42.305+0000] {logging_mixin.py:188} INFO - [2024-04-21T20:41:42.305+0000] {dag.py:3834} INFO - Setting next_dagrun for example_task_group to 2024-04-20 00:00:00+00:00, run_after=2024-04-21 00:00:00+00:00
[2024-04-21T20:41:42.338+0000] {processor.py:183} INFO - Processing /home/airflow/.local/lib/python3.9/site-packages/airflow/example_dags/example_task_group.py took 0.124 seconds
[2024-04-21T20:42:36.937+0000] {processor.py:161} INFO - Started process (PID=53) to work on /home/airflow/.local/lib/python3.9/site-packages/airflow/example_dags/example_task_group.py
[2024-04-21T20:42:36.939+0000] {processor.py:830} INFO - Processing file /home/airflow/.local/lib/python3.9/site-packages/airflow/example_dags/example_task_group.py for tasks to queue
[2024-04-21T20:42:36.941+0000] {logging_mixin.py:188} INFO - [2024-04-21T20:42:36.940+0000] {dagbag.py:540} INFO - Filling up the DagBag from /home/airflow/.local/lib/python3.9/site-packages/airflow/example_dags/example_task_group.py
[2024-04-21T20:42:36.949+0000] {processor.py:840} INFO - DAG(s) 'example_task_group' retrieved from /home/airflow/.local/lib/python3.9/site-packages/airflow/example_dags/example_task_group.py
[2024-04-21T20:42:37.008+0000] {logging_mixin.py:188} INFO - [2024-04-21T20:42:37.008+0000] {dag.py:3047} INFO - Sync 1 DAGs
[2024-04-21T20:42:37.032+0000] {logging_mixin.py:188} INFO - [2024-04-21T20:42:37.032+0000] {dag.py:3834} INFO - Setting next_dagrun for example_task_group to 2024-04-20 00:00:00+00:00, run_after=2024-04-21 00:00:00+00:00
[2024-04-21T20:42:37.061+0000] {processor.py:183} INFO - Processing /home/airflow/.local/lib/python3.9/site-packages/airflow/example_dags/example_task_group.py took 0.126 seconds
[2024-04-21T20:43:08.290+0000] {processor.py:161} INFO - Started process (PID=110) to work on /home/airflow/.local/lib/python3.9/site-packages/airflow/example_dags/example_task_group.py
[2024-04-21T20:43:08.292+0000] {processor.py:830} INFO - Processing file /home/airflow/.local/lib/python3.9/site-packages/airflow/example_dags/example_task_group.py for tasks to queue
[2024-04-21T20:43:08.294+0000] {logging_mixin.py:188} INFO - [2024-04-21T20:43:08.294+0000] {dagbag.py:540} INFO - Filling up the DagBag from /home/airflow/.local/lib/python3.9/site-packages/airflow/example_dags/example_task_group.py
[2024-04-21T20:43:08.304+0000] {processor.py:840} INFO - DAG(s) 'example_task_group' retrieved from /home/airflow/.local/lib/python3.9/site-packages/airflow/example_dags/example_task_group.py
[2024-04-21T20:43:08.364+0000] {logging_mixin.py:188} INFO - [2024-04-21T20:43:08.363+0000] {dag.py:3047} INFO - Sync 1 DAGs
[2024-04-21T20:43:08.389+0000] {logging_mixin.py:188} INFO - [2024-04-21T20:43:08.388+0000] {dag.py:3834} INFO - Setting next_dagrun for example_task_group to 2024-04-20 00:00:00+00:00, run_after=2024-04-21 00:00:00+00:00
[2024-04-21T20:43:08.425+0000] {processor.py:183} INFO - Processing /home/airflow/.local/lib/python3.9/site-packages/airflow/example_dags/example_task_group.py took 0.138 seconds
[2024-04-21T20:43:38.729+0000] {processor.py:161} INFO - Started process (PID=167) to work on /home/airflow/.local/lib/python3.9/site-packages/airflow/example_dags/example_task_group.py
[2024-04-21T20:43:38.730+0000] {processor.py:830} INFO - Processing file /home/airflow/.local/lib/python3.9/site-packages/airflow/example_dags/example_task_group.py for tasks to queue
[2024-04-21T20:43:38.733+0000] {logging_mixin.py:188} INFO - [2024-04-21T20:43:38.732+0000] {dagbag.py:540} INFO - Filling up the DagBag from /home/airflow/.local/lib/python3.9/site-packages/airflow/example_dags/example_task_group.py
[2024-04-21T20:43:38.741+0000] {processor.py:840} INFO - DAG(s) 'example_task_group' retrieved from /home/airflow/.local/lib/python3.9/site-packages/airflow/example_dags/example_task_group.py
[2024-04-21T20:43:38.811+0000] {logging_mixin.py:188} INFO - [2024-04-21T20:43:38.810+0000] {dag.py:3047} INFO - Sync 1 DAGs
[2024-04-21T20:43:38.838+0000] {logging_mixin.py:188} INFO - [2024-04-21T20:43:38.838+0000] {dag.py:3834} INFO - Setting next_dagrun for example_task_group to 2024-04-20 00:00:00+00:00, run_after=2024-04-21 00:00:00+00:00
[2024-04-21T20:43:38.880+0000] {processor.py:183} INFO - Processing /home/airflow/.local/lib/python3.9/site-packages/airflow/example_dags/example_task_group.py took 0.154 seconds
[2024-04-21T20:44:09.996+0000] {processor.py:161} INFO - Started process (PID=224) to work on /home/airflow/.local/lib/python3.9/site-packages/airflow/example_dags/example_task_group.py
[2024-04-21T20:44:09.997+0000] {processor.py:830} INFO - Processing file /home/airflow/.local/lib/python3.9/site-packages/airflow/example_dags/example_task_group.py for tasks to queue
[2024-04-21T20:44:09.999+0000] {logging_mixin.py:188} INFO - [2024-04-21T20:44:09.999+0000] {dagbag.py:540} INFO - Filling up the DagBag from /home/airflow/.local/lib/python3.9/site-packages/airflow/example_dags/example_task_group.py
[2024-04-21T20:44:10.006+0000] {processor.py:840} INFO - DAG(s) 'example_task_group' retrieved from /home/airflow/.local/lib/python3.9/site-packages/airflow/example_dags/example_task_group.py
[2024-04-21T20:44:10.066+0000] {logging_mixin.py:188} INFO - [2024-04-21T20:44:10.065+0000] {dag.py:3047} INFO - Sync 1 DAGs
[2024-04-21T20:44:10.090+0000] {logging_mixin.py:188} INFO - [2024-04-21T20:44:10.090+0000] {dag.py:3834} INFO - Setting next_dagrun for example_task_group to 2024-04-20 00:00:00+00:00, run_after=2024-04-21 00:00:00+00:00
[2024-04-21T20:44:10.124+0000] {processor.py:183} INFO - Processing /home/airflow/.local/lib/python3.9/site-packages/airflow/example_dags/example_task_group.py took 0.131 seconds
[2024-04-21T20:44:41.856+0000] {processor.py:161} INFO - Started process (PID=281) to work on /home/airflow/.local/lib/python3.9/site-packages/airflow/example_dags/example_task_group.py
[2024-04-21T20:44:41.859+0000] {processor.py:830} INFO - Processing file /home/airflow/.local/lib/python3.9/site-packages/airflow/example_dags/example_task_group.py for tasks to queue
[2024-04-21T20:44:41.862+0000] {logging_mixin.py:188} INFO - [2024-04-21T20:44:41.861+0000] {dagbag.py:540} INFO - Filling up the DagBag from /home/airflow/.local/lib/python3.9/site-packages/airflow/example_dags/example_task_group.py
[2024-04-21T20:44:41.872+0000] {processor.py:840} INFO - DAG(s) 'example_task_group' retrieved from /home/airflow/.local/lib/python3.9/site-packages/airflow/example_dags/example_task_group.py
[2024-04-21T20:44:41.976+0000] {logging_mixin.py:188} INFO - [2024-04-21T20:44:41.976+0000] {dag.py:3047} INFO - Sync 1 DAGs
[2024-04-21T20:44:42.007+0000] {logging_mixin.py:188} INFO - [2024-04-21T20:44:42.007+0000] {dag.py:3834} INFO - Setting next_dagrun for example_task_group to 2024-04-20 00:00:00+00:00, run_after=2024-04-21 00:00:00+00:00
[2024-04-21T20:44:42.040+0000] {processor.py:183} INFO - Processing /home/airflow/.local/lib/python3.9/site-packages/airflow/example_dags/example_task_group.py took 0.190 seconds
[2024-04-21T20:45:12.670+0000] {processor.py:161} INFO - Started process (PID=338) to work on /home/airflow/.local/lib/python3.9/site-packages/airflow/example_dags/example_task_group.py
[2024-04-21T20:45:12.672+0000] {processor.py:830} INFO - Processing file /home/airflow/.local/lib/python3.9/site-packages/airflow/example_dags/example_task_group.py for tasks to queue
[2024-04-21T20:45:12.674+0000] {logging_mixin.py:188} INFO - [2024-04-21T20:45:12.673+0000] {dagbag.py:540} INFO - Filling up the DagBag from /home/airflow/.local/lib/python3.9/site-packages/airflow/example_dags/example_task_group.py
[2024-04-21T20:45:12.682+0000] {processor.py:840} INFO - DAG(s) 'example_task_group' retrieved from /home/airflow/.local/lib/python3.9/site-packages/airflow/example_dags/example_task_group.py
[2024-04-21T20:45:12.746+0000] {logging_mixin.py:188} INFO - [2024-04-21T20:45:12.746+0000] {dag.py:3047} INFO - Sync 1 DAGs
[2024-04-21T20:45:12.783+0000] {logging_mixin.py:188} INFO - [2024-04-21T20:45:12.783+0000] {dag.py:3834} INFO - Setting next_dagrun for example_task_group to 2024-04-20 00:00:00+00:00, run_after=2024-04-21 00:00:00+00:00
[2024-04-21T20:45:12.823+0000] {processor.py:183} INFO - Processing /home/airflow/.local/lib/python3.9/site-packages/airflow/example_dags/example_task_group.py took 0.155 seconds
[2024-04-21T20:45:43.301+0000] {processor.py:161} INFO - Started process (PID=394) to work on /home/airflow/.local/lib/python3.9/site-packages/airflow/example_dags/example_task_group.py
[2024-04-21T20:45:43.302+0000] {processor.py:830} INFO - Processing file /home/airflow/.local/lib/python3.9/site-packages/airflow/example_dags/example_task_group.py for tasks to queue
[2024-04-21T20:45:43.305+0000] {logging_mixin.py:188} INFO - [2024-04-21T20:45:43.304+0000] {dagbag.py:540} INFO - Filling up the DagBag from /home/airflow/.local/lib/python3.9/site-packages/airflow/example_dags/example_task_group.py
[2024-04-21T20:45:43.318+0000] {processor.py:840} INFO - DAG(s) 'example_task_group' retrieved from /home/airflow/.local/lib/python3.9/site-packages/airflow/example_dags/example_task_group.py
[2024-04-21T20:45:43.393+0000] {logging_mixin.py:188} INFO - [2024-04-21T20:45:43.393+0000] {dag.py:3047} INFO - Sync 1 DAGs
[2024-04-21T20:45:43.427+0000] {logging_mixin.py:188} INFO - [2024-04-21T20:45:43.426+0000] {dag.py:3834} INFO - Setting next_dagrun for example_task_group to 2024-04-20 00:00:00+00:00, run_after=2024-04-21 00:00:00+00:00
[2024-04-21T20:45:43.495+0000] {processor.py:183} INFO - Processing /home/airflow/.local/lib/python3.9/site-packages/airflow/example_dags/example_task_group.py took 0.199 seconds
[2024-04-21T20:46:13.991+0000] {processor.py:161} INFO - Started process (PID=450) to work on /home/airflow/.local/lib/python3.9/site-packages/airflow/example_dags/example_task_group.py
[2024-04-21T20:46:13.992+0000] {processor.py:830} INFO - Processing file /home/airflow/.local/lib/python3.9/site-packages/airflow/example_dags/example_task_group.py for tasks to queue
[2024-04-21T20:46:13.994+0000] {logging_mixin.py:188} INFO - [2024-04-21T20:46:13.994+0000] {dagbag.py:540} INFO - Filling up the DagBag from /home/airflow/.local/lib/python3.9/site-packages/airflow/example_dags/example_task_group.py
[2024-04-21T20:46:14.001+0000] {processor.py:840} INFO - DAG(s) 'example_task_group' retrieved from /home/airflow/.local/lib/python3.9/site-packages/airflow/example_dags/example_task_group.py
[2024-04-21T20:46:14.056+0000] {logging_mixin.py:188} INFO - [2024-04-21T20:46:14.056+0000] {dag.py:3047} INFO - Sync 1 DAGs
[2024-04-21T20:46:14.079+0000] {logging_mixin.py:188} INFO - [2024-04-21T20:46:14.079+0000] {dag.py:3834} INFO - Setting next_dagrun for example_task_group to 2024-04-20 00:00:00+00:00, run_after=2024-04-21 00:00:00+00:00
[2024-04-21T20:46:14.111+0000] {processor.py:183} INFO - Processing /home/airflow/.local/lib/python3.9/site-packages/airflow/example_dags/example_task_group.py took 0.123 seconds
[2024-04-21T20:46:44.493+0000] {processor.py:161} INFO - Started process (PID=507) to work on /home/airflow/.local/lib/python3.9/site-packages/airflow/example_dags/example_task_group.py
[2024-04-21T20:46:44.495+0000] {processor.py:830} INFO - Processing file /home/airflow/.local/lib/python3.9/site-packages/airflow/example_dags/example_task_group.py for tasks to queue
[2024-04-21T20:46:44.497+0000] {logging_mixin.py:188} INFO - [2024-04-21T20:46:44.497+0000] {dagbag.py:540} INFO - Filling up the DagBag from /home/airflow/.local/lib/python3.9/site-packages/airflow/example_dags/example_task_group.py
[2024-04-21T20:46:44.506+0000] {processor.py:840} INFO - DAG(s) 'example_task_group' retrieved from /home/airflow/.local/lib/python3.9/site-packages/airflow/example_dags/example_task_group.py
[2024-04-21T20:46:44.569+0000] {logging_mixin.py:188} INFO - [2024-04-21T20:46:44.568+0000] {dag.py:3047} INFO - Sync 1 DAGs
[2024-04-21T20:46:44.596+0000] {logging_mixin.py:188} INFO - [2024-04-21T20:46:44.596+0000] {dag.py:3834} INFO - Setting next_dagrun for example_task_group to 2024-04-20 00:00:00+00:00, run_after=2024-04-21 00:00:00+00:00
[2024-04-21T20:46:44.634+0000] {processor.py:183} INFO - Processing /home/airflow/.local/lib/python3.9/site-packages/airflow/example_dags/example_task_group.py took 0.144 seconds
[2024-04-21T20:47:15.137+0000] {processor.py:161} INFO - Started process (PID=564) to work on /home/airflow/.local/lib/python3.9/site-packages/airflow/example_dags/example_task_group.py
[2024-04-21T20:47:15.138+0000] {processor.py:830} INFO - Processing file /home/airflow/.local/lib/python3.9/site-packages/airflow/example_dags/example_task_group.py for tasks to queue
[2024-04-21T20:47:15.140+0000] {logging_mixin.py:188} INFO - [2024-04-21T20:47:15.140+0000] {dagbag.py:540} INFO - Filling up the DagBag from /home/airflow/.local/lib/python3.9/site-packages/airflow/example_dags/example_task_group.py
[2024-04-21T20:47:15.147+0000] {processor.py:840} INFO - DAG(s) 'example_task_group' retrieved from /home/airflow/.local/lib/python3.9/site-packages/airflow/example_dags/example_task_group.py
[2024-04-21T20:47:15.200+0000] {logging_mixin.py:188} INFO - [2024-04-21T20:47:15.199+0000] {dag.py:3047} INFO - Sync 1 DAGs
[2024-04-21T20:47:15.222+0000] {logging_mixin.py:188} INFO - [2024-04-21T20:47:15.221+0000] {dag.py:3834} INFO - Setting next_dagrun for example_task_group to 2024-04-20 00:00:00+00:00, run_after=2024-04-21 00:00:00+00:00
[2024-04-21T20:47:15.254+0000] {processor.py:183} INFO - Processing /home/airflow/.local/lib/python3.9/site-packages/airflow/example_dags/example_task_group.py took 0.120 seconds
[2024-04-21T20:47:46.037+0000] {processor.py:161} INFO - Started process (PID=621) to work on /home/airflow/.local/lib/python3.9/site-packages/airflow/example_dags/example_task_group.py
[2024-04-21T20:47:46.038+0000] {processor.py:830} INFO - Processing file /home/airflow/.local/lib/python3.9/site-packages/airflow/example_dags/example_task_group.py for tasks to queue
[2024-04-21T20:47:46.040+0000] {logging_mixin.py:188} INFO - [2024-04-21T20:47:46.040+0000] {dagbag.py:540} INFO - Filling up the DagBag from /home/airflow/.local/lib/python3.9/site-packages/airflow/example_dags/example_task_group.py
[2024-04-21T20:47:46.048+0000] {processor.py:840} INFO - DAG(s) 'example_task_group' retrieved from /home/airflow/.local/lib/python3.9/site-packages/airflow/example_dags/example_task_group.py
[2024-04-21T20:47:46.102+0000] {logging_mixin.py:188} INFO - [2024-04-21T20:47:46.101+0000] {dag.py:3047} INFO - Sync 1 DAGs
[2024-04-21T20:47:46.125+0000] {logging_mixin.py:188} INFO - [2024-04-21T20:47:46.125+0000] {dag.py:3834} INFO - Setting next_dagrun for example_task_group to 2024-04-20 00:00:00+00:00, run_after=2024-04-21 00:00:00+00:00
[2024-04-21T20:47:46.160+0000] {processor.py:183} INFO - Processing /home/airflow/.local/lib/python3.9/site-packages/airflow/example_dags/example_task_group.py took 0.126 seconds
[2024-04-21T21:00:46.757+0000] {processor.py:161} INFO - Started process (PID=53) to work on /home/airflow/.local/lib/python3.9/site-packages/airflow/example_dags/example_task_group.py
[2024-04-21T21:00:46.764+0000] {processor.py:830} INFO - Processing file /home/airflow/.local/lib/python3.9/site-packages/airflow/example_dags/example_task_group.py for tasks to queue
[2024-04-21T21:00:46.768+0000] {logging_mixin.py:188} INFO - [2024-04-21T21:00:46.767+0000] {dagbag.py:540} INFO - Filling up the DagBag from /home/airflow/.local/lib/python3.9/site-packages/airflow/example_dags/example_task_group.py
[2024-04-21T21:00:46.839+0000] {processor.py:840} INFO - DAG(s) 'example_task_group' retrieved from /home/airflow/.local/lib/python3.9/site-packages/airflow/example_dags/example_task_group.py
[2024-04-21T21:00:47.287+0000] {logging_mixin.py:188} INFO - [2024-04-21T21:00:47.286+0000] {dag.py:3047} INFO - Sync 1 DAGs
[2024-04-21T21:00:47.328+0000] {logging_mixin.py:188} INFO - [2024-04-21T21:00:47.328+0000] {dag.py:3834} INFO - Setting next_dagrun for example_task_group to 2024-04-20 00:00:00+00:00, run_after=2024-04-21 00:00:00+00:00
[2024-04-21T21:00:47.377+0000] {processor.py:183} INFO - Processing /home/airflow/.local/lib/python3.9/site-packages/airflow/example_dags/example_task_group.py took 0.647 seconds
[2024-04-21T21:01:17.480+0000] {processor.py:161} INFO - Started process (PID=111) to work on /home/airflow/.local/lib/python3.9/site-packages/airflow/example_dags/example_task_group.py
[2024-04-21T21:01:17.483+0000] {processor.py:830} INFO - Processing file /home/airflow/.local/lib/python3.9/site-packages/airflow/example_dags/example_task_group.py for tasks to queue
[2024-04-21T21:01:17.485+0000] {logging_mixin.py:188} INFO - [2024-04-21T21:01:17.485+0000] {dagbag.py:540} INFO - Filling up the DagBag from /home/airflow/.local/lib/python3.9/site-packages/airflow/example_dags/example_task_group.py
[2024-04-21T21:01:17.495+0000] {processor.py:840} INFO - DAG(s) 'example_task_group' retrieved from /home/airflow/.local/lib/python3.9/site-packages/airflow/example_dags/example_task_group.py
[2024-04-21T21:01:17.565+0000] {logging_mixin.py:188} INFO - [2024-04-21T21:01:17.564+0000] {dag.py:3047} INFO - Sync 1 DAGs
[2024-04-21T21:01:17.600+0000] {logging_mixin.py:188} INFO - [2024-04-21T21:01:17.599+0000] {dag.py:3834} INFO - Setting next_dagrun for example_task_group to 2024-04-20 00:00:00+00:00, run_after=2024-04-21 00:00:00+00:00
[2024-04-21T21:01:17.647+0000] {processor.py:183} INFO - Processing /home/airflow/.local/lib/python3.9/site-packages/airflow/example_dags/example_task_group.py took 0.169 seconds
[2024-04-21T21:04:28.360+0000] {processor.py:161} INFO - Started process (PID=65) to work on /home/airflow/.local/lib/python3.9/site-packages/airflow/example_dags/example_task_group.py
[2024-04-21T21:04:28.363+0000] {processor.py:830} INFO - Processing file /home/airflow/.local/lib/python3.9/site-packages/airflow/example_dags/example_task_group.py for tasks to queue
[2024-04-21T21:04:28.367+0000] {logging_mixin.py:188} INFO - [2024-04-21T21:04:28.366+0000] {dagbag.py:540} INFO - Filling up the DagBag from /home/airflow/.local/lib/python3.9/site-packages/airflow/example_dags/example_task_group.py
[2024-04-21T21:04:28.400+0000] {processor.py:840} INFO - DAG(s) 'example_task_group' retrieved from /home/airflow/.local/lib/python3.9/site-packages/airflow/example_dags/example_task_group.py
[2024-04-21T21:04:38.453+0000] {logging_mixin.py:188} INFO - [2024-04-21T21:04:38.424+0000] {dagbag.py:649} ERROR - Failed to write serialized DAG: /home/airflow/.local/lib/python3.9/site-packages/airflow/example_dags/example_task_group.py
Traceback (most recent call last):
  File "/home/airflow/.local/lib/python3.9/site-packages/mysql/connector/connection_cext.py", line 323, in _open_connection
    self._cmysql.connect(**cnx_kwargs)
_mysql_connector.MySQLInterfaceError: Unknown MySQL server host 'mysql' (-3)

The above exception was the direct cause of the following exception:

Traceback (most recent call last):
  File "/home/airflow/.local/lib/python3.9/site-packages/sqlalchemy/engine/base.py", line 3371, in _wrap_pool_connect
    return fn()
  File "/home/airflow/.local/lib/python3.9/site-packages/sqlalchemy/pool/base.py", line 327, in connect
    return _ConnectionFairy._checkout(self)
  File "/home/airflow/.local/lib/python3.9/site-packages/sqlalchemy/pool/base.py", line 894, in _checkout
    fairy = _ConnectionRecord.checkout(pool)
  File "/home/airflow/.local/lib/python3.9/site-packages/sqlalchemy/pool/base.py", line 493, in checkout
    rec = pool._do_get()
  File "/home/airflow/.local/lib/python3.9/site-packages/sqlalchemy/pool/impl.py", line 146, in _do_get
    self._dec_overflow()
  File "/home/airflow/.local/lib/python3.9/site-packages/sqlalchemy/util/langhelpers.py", line 70, in __exit__
    compat.raise_(
  File "/home/airflow/.local/lib/python3.9/site-packages/sqlalchemy/util/compat.py", line 211, in raise_
    raise exception
  File "/home/airflow/.local/lib/python3.9/site-packages/sqlalchemy/pool/impl.py", line 143, in _do_get
    return self._create_connection()
  File "/home/airflow/.local/lib/python3.9/site-packages/sqlalchemy/pool/base.py", line 273, in _create_connection
    return _ConnectionRecord(self)
  File "/home/airflow/.local/lib/python3.9/site-packages/sqlalchemy/pool/base.py", line 388, in __init__
    self.__connect()
  File "/home/airflow/.local/lib/python3.9/site-packages/sqlalchemy/pool/base.py", line 691, in __connect
    pool.logger.debug("Error on connect(): %s", e)
  File "/home/airflow/.local/lib/python3.9/site-packages/sqlalchemy/util/langhelpers.py", line 70, in __exit__
    compat.raise_(
  File "/home/airflow/.local/lib/python3.9/site-packages/sqlalchemy/util/compat.py", line 211, in raise_
    raise exception
  File "/home/airflow/.local/lib/python3.9/site-packages/sqlalchemy/pool/base.py", line 686, in __connect
    self.dbapi_connection = connection = pool._invoke_creator(self)
  File "/home/airflow/.local/lib/python3.9/site-packages/sqlalchemy/engine/create.py", line 574, in connect
    return dialect.connect(*cargs, **cparams)
  File "/home/airflow/.local/lib/python3.9/site-packages/sqlalchemy/engine/default.py", line 598, in connect
    return self.dbapi.connect(*cargs, **cparams)
  File "/home/airflow/.local/lib/python3.9/site-packages/mysql/connector/pooling.py", line 322, in connect
    return CMySQLConnection(*args, **kwargs)
  File "/home/airflow/.local/lib/python3.9/site-packages/mysql/connector/connection_cext.py", line 140, in __init__
    self.connect(**kwargs)
  File "/home/airflow/.local/lib/python3.9/site-packages/mysql/connector/abstracts.py", line 1363, in connect
    self._open_connection()
  File "/home/airflow/.local/lib/python3.9/site-packages/mysql/connector/connection_cext.py", line 328, in _open_connection
    raise get_mysql_exception(
mysql.connector.errors.DatabaseError: 2005 (HY000): Unknown MySQL server host 'mysql' (-3)

The above exception was the direct cause of the following exception:

Traceback (most recent call last):
  File "/home/airflow/.local/lib/python3.9/site-packages/airflow/models/dagbag.py", line 637, in _serialize_dag_capturing_errors
    dag_was_updated = SerializedDagModel.write_dag(
  File "/home/airflow/.local/lib/python3.9/site-packages/airflow/utils/session.py", line 76, in wrapper
    return func(*args, **kwargs)
  File "/home/airflow/.local/lib/python3.9/site-packages/airflow/models/serialized_dag.py", line 157, in write_dag
    if session.scalar(
  File "/home/airflow/.local/lib/python3.9/site-packages/sqlalchemy/orm/session.py", line 1747, in scalar
    return self.execute(
  File "/home/airflow/.local/lib/python3.9/site-packages/sqlalchemy/orm/session.py", line 1716, in execute
    conn = self._connection_for_bind(bind)
  File "/home/airflow/.local/lib/python3.9/site-packages/sqlalchemy/orm/session.py", line 1555, in _connection_for_bind
    return self._transaction._connection_for_bind(
  File "/home/airflow/.local/lib/python3.9/site-packages/sqlalchemy/orm/session.py", line 750, in _connection_for_bind
    conn = bind.connect()
  File "/home/airflow/.local/lib/python3.9/site-packages/sqlalchemy/future/engine.py", line 412, in connect
    return super(Engine, self).connect()
  File "/home/airflow/.local/lib/python3.9/site-packages/sqlalchemy/engine/base.py", line 3325, in connect
    return self._connection_cls(self, close_with_result=close_with_result)
  File "/home/airflow/.local/lib/python3.9/site-packages/sqlalchemy/engine/base.py", line 96, in __init__
    else engine.raw_connection()
  File "/home/airflow/.local/lib/python3.9/site-packages/sqlalchemy/engine/base.py", line 3404, in raw_connection
    return self._wrap_pool_connect(self.pool.connect, _connection)
  File "/home/airflow/.local/lib/python3.9/site-packages/sqlalchemy/engine/base.py", line 3374, in _wrap_pool_connect
    Connection._handle_dbapi_exception_noconnection(
  File "/home/airflow/.local/lib/python3.9/site-packages/sqlalchemy/engine/base.py", line 2208, in _handle_dbapi_exception_noconnection
    util.raise_(
  File "/home/airflow/.local/lib/python3.9/site-packages/sqlalchemy/util/compat.py", line 211, in raise_
    raise exception
  File "/home/airflow/.local/lib/python3.9/site-packages/sqlalchemy/engine/base.py", line 3371, in _wrap_pool_connect
    return fn()
  File "/home/airflow/.local/lib/python3.9/site-packages/sqlalchemy/pool/base.py", line 327, in connect
    return _ConnectionFairy._checkout(self)
  File "/home/airflow/.local/lib/python3.9/site-packages/sqlalchemy/pool/base.py", line 894, in _checkout
    fairy = _ConnectionRecord.checkout(pool)
  File "/home/airflow/.local/lib/python3.9/site-packages/sqlalchemy/pool/base.py", line 493, in checkout
    rec = pool._do_get()
  File "/home/airflow/.local/lib/python3.9/site-packages/sqlalchemy/pool/impl.py", line 146, in _do_get
    self._dec_overflow()
  File "/home/airflow/.local/lib/python3.9/site-packages/sqlalchemy/util/langhelpers.py", line 70, in __exit__
    compat.raise_(
  File "/home/airflow/.local/lib/python3.9/site-packages/sqlalchemy/util/compat.py", line 211, in raise_
    raise exception
  File "/home/airflow/.local/lib/python3.9/site-packages/sqlalchemy/pool/impl.py", line 143, in _do_get
    return self._create_connection()
  File "/home/airflow/.local/lib/python3.9/site-packages/sqlalchemy/pool/base.py", line 273, in _create_connection
    return _ConnectionRecord(self)
  File "/home/airflow/.local/lib/python3.9/site-packages/sqlalchemy/pool/base.py", line 388, in __init__
    self.__connect()
  File "/home/airflow/.local/lib/python3.9/site-packages/sqlalchemy/pool/base.py", line 691, in __connect
    pool.logger.debug("Error on connect(): %s", e)
  File "/home/airflow/.local/lib/python3.9/site-packages/sqlalchemy/util/langhelpers.py", line 70, in __exit__
    compat.raise_(
  File "/home/airflow/.local/lib/python3.9/site-packages/sqlalchemy/util/compat.py", line 211, in raise_
    raise exception
  File "/home/airflow/.local/lib/python3.9/site-packages/sqlalchemy/pool/base.py", line 686, in __connect
    self.dbapi_connection = connection = pool._invoke_creator(self)
  File "/home/airflow/.local/lib/python3.9/site-packages/sqlalchemy/engine/create.py", line 574, in connect
    return dialect.connect(*cargs, **cparams)
  File "/home/airflow/.local/lib/python3.9/site-packages/sqlalchemy/engine/default.py", line 598, in connect
    return self.dbapi.connect(*cargs, **cparams)
  File "/home/airflow/.local/lib/python3.9/site-packages/mysql/connector/pooling.py", line 322, in connect
    return CMySQLConnection(*args, **kwargs)
  File "/home/airflow/.local/lib/python3.9/site-packages/mysql/connector/connection_cext.py", line 140, in __init__
    self.connect(**kwargs)
  File "/home/airflow/.local/lib/python3.9/site-packages/mysql/connector/abstracts.py", line 1363, in connect
    self._open_connection()
  File "/home/airflow/.local/lib/python3.9/site-packages/mysql/connector/connection_cext.py", line 328, in _open_connection
    raise get_mysql_exception(
sqlalchemy.exc.DatabaseError: (mysql.connector.errors.DatabaseError) 2005 (HY000): Unknown MySQL server host 'mysql' (-3)
(Background on this error at: https://sqlalche.me/e/14/4xp6)
[2024-04-21T21:04:38.456+0000] {logging_mixin.py:188} INFO - [2024-04-21T21:04:38.455+0000] {dag.py:3047} INFO - Sync 1 DAGs
[2024-04-21T21:04:39.182+0000] {logging_mixin.py:188} INFO - [2024-04-21T21:04:39.181+0000] {dag.py:3834} INFO - Setting next_dagrun for example_task_group to 2024-04-20 00:00:00+00:00, run_after=2024-04-21 00:00:00+00:00
[2024-04-21T21:04:39.344+0000] {processor.py:183} INFO - Processing /home/airflow/.local/lib/python3.9/site-packages/airflow/example_dags/example_task_group.py took 10.990 seconds
[2024-04-21T21:05:09.683+0000] {processor.py:161} INFO - Started process (PID=122) to work on /home/airflow/.local/lib/python3.9/site-packages/airflow/example_dags/example_task_group.py
[2024-04-21T21:05:09.685+0000] {processor.py:830} INFO - Processing file /home/airflow/.local/lib/python3.9/site-packages/airflow/example_dags/example_task_group.py for tasks to queue
[2024-04-21T21:05:09.687+0000] {logging_mixin.py:188} INFO - [2024-04-21T21:05:09.687+0000] {dagbag.py:540} INFO - Filling up the DagBag from /home/airflow/.local/lib/python3.9/site-packages/airflow/example_dags/example_task_group.py
[2024-04-21T21:05:09.699+0000] {processor.py:840} INFO - DAG(s) 'example_task_group' retrieved from /home/airflow/.local/lib/python3.9/site-packages/airflow/example_dags/example_task_group.py
[2024-04-21T21:05:09.773+0000] {logging_mixin.py:188} INFO - [2024-04-21T21:05:09.773+0000] {dag.py:3047} INFO - Sync 1 DAGs
[2024-04-21T21:05:09.827+0000] {logging_mixin.py:188} INFO - [2024-04-21T21:05:09.827+0000] {dag.py:3834} INFO - Setting next_dagrun for example_task_group to 2024-04-20 00:00:00+00:00, run_after=2024-04-21 00:00:00+00:00
[2024-04-21T21:05:09.895+0000] {processor.py:183} INFO - Processing /home/airflow/.local/lib/python3.9/site-packages/airflow/example_dags/example_task_group.py took 0.216 seconds
[2024-04-21T21:05:40.893+0000] {processor.py:161} INFO - Started process (PID=183) to work on /home/airflow/.local/lib/python3.9/site-packages/airflow/example_dags/example_task_group.py
[2024-04-21T21:05:40.894+0000] {processor.py:830} INFO - Processing file /home/airflow/.local/lib/python3.9/site-packages/airflow/example_dags/example_task_group.py for tasks to queue
[2024-04-21T21:05:40.897+0000] {logging_mixin.py:188} INFO - [2024-04-21T21:05:40.897+0000] {dagbag.py:540} INFO - Filling up the DagBag from /home/airflow/.local/lib/python3.9/site-packages/airflow/example_dags/example_task_group.py
[2024-04-21T21:05:40.905+0000] {processor.py:840} INFO - DAG(s) 'example_task_group' retrieved from /home/airflow/.local/lib/python3.9/site-packages/airflow/example_dags/example_task_group.py
[2024-04-21T21:05:40.964+0000] {logging_mixin.py:188} INFO - [2024-04-21T21:05:40.963+0000] {dag.py:3047} INFO - Sync 1 DAGs
[2024-04-21T21:05:41.001+0000] {logging_mixin.py:188} INFO - [2024-04-21T21:05:41.001+0000] {dag.py:3834} INFO - Setting next_dagrun for example_task_group to 2024-04-20 00:00:00+00:00, run_after=2024-04-21 00:00:00+00:00
[2024-04-21T21:05:41.038+0000] {processor.py:183} INFO - Processing /home/airflow/.local/lib/python3.9/site-packages/airflow/example_dags/example_task_group.py took 0.149 seconds
