[2024-04-21T19:51:53.245+0000] {processor.py:161} INFO - Started process (PID=40) to work on /home/airflow/.local/lib/python3.9/site-packages/airflow/example_dags/example_task_group_decorator.py
[2024-04-21T19:51:53.246+0000] {processor.py:830} INFO - Processing file /home/airflow/.local/lib/python3.9/site-packages/airflow/example_dags/example_task_group_decorator.py for tasks to queue
[2024-04-21T19:51:53.249+0000] {logging_mixin.py:188} INFO - [2024-04-21T19:51:53.248+0000] {dagbag.py:540} INFO - Filling up the DagBag from /home/airflow/.local/lib/python3.9/site-packages/airflow/example_dags/example_task_group_decorator.py
[2024-04-21T19:51:53.270+0000] {processor.py:840} INFO - DAG(s) 'example_task_group_decorator' retrieved from /home/airflow/.local/lib/python3.9/site-packages/airflow/example_dags/example_task_group_decorator.py
[2024-04-21T19:51:53.327+0000] {logging_mixin.py:188} INFO - [2024-04-21T19:51:53.327+0000] {dag.py:3047} INFO - Sync 1 DAGs
[2024-04-21T19:51:53.404+0000] {logging_mixin.py:188} INFO - [2024-04-21T19:51:53.404+0000] {dag.py:3834} INFO - Setting next_dagrun for example_task_group_decorator to 2024-04-20 00:00:00+00:00, run_after=2024-04-21 00:00:00+00:00
[2024-04-21T19:51:53.513+0000] {processor.py:183} INFO - Processing /home/airflow/.local/lib/python3.9/site-packages/airflow/example_dags/example_task_group_decorator.py took 0.272 seconds
[2024-04-21T19:52:24.899+0000] {processor.py:161} INFO - Started process (PID=97) to work on /home/airflow/.local/lib/python3.9/site-packages/airflow/example_dags/example_task_group_decorator.py
[2024-04-21T19:52:24.908+0000] {processor.py:830} INFO - Processing file /home/airflow/.local/lib/python3.9/site-packages/airflow/example_dags/example_task_group_decorator.py for tasks to queue
[2024-04-21T19:52:24.917+0000] {logging_mixin.py:188} INFO - [2024-04-21T19:52:24.916+0000] {dagbag.py:540} INFO - Filling up the DagBag from /home/airflow/.local/lib/python3.9/site-packages/airflow/example_dags/example_task_group_decorator.py
[2024-04-21T19:52:25.006+0000] {processor.py:840} INFO - DAG(s) 'example_task_group_decorator' retrieved from /home/airflow/.local/lib/python3.9/site-packages/airflow/example_dags/example_task_group_decorator.py
[2024-04-21T19:52:25.496+0000] {logging_mixin.py:188} INFO - [2024-04-21T19:52:25.496+0000] {dag.py:3047} INFO - Sync 1 DAGs
[2024-04-21T19:52:25.558+0000] {logging_mixin.py:188} INFO - [2024-04-21T19:52:25.557+0000] {dag.py:3834} INFO - Setting next_dagrun for example_task_group_decorator to 2024-04-20 00:00:00+00:00, run_after=2024-04-21 00:00:00+00:00
[2024-04-21T19:52:25.640+0000] {processor.py:183} INFO - Processing /home/airflow/.local/lib/python3.9/site-packages/airflow/example_dags/example_task_group_decorator.py took 0.753 seconds
[2024-04-21T19:52:56.653+0000] {processor.py:161} INFO - Started process (PID=153) to work on /home/airflow/.local/lib/python3.9/site-packages/airflow/example_dags/example_task_group_decorator.py
[2024-04-21T19:52:56.655+0000] {processor.py:830} INFO - Processing file /home/airflow/.local/lib/python3.9/site-packages/airflow/example_dags/example_task_group_decorator.py for tasks to queue
[2024-04-21T19:52:56.660+0000] {logging_mixin.py:188} INFO - [2024-04-21T19:52:56.659+0000] {dagbag.py:540} INFO - Filling up the DagBag from /home/airflow/.local/lib/python3.9/site-packages/airflow/example_dags/example_task_group_decorator.py
[2024-04-21T19:52:56.705+0000] {processor.py:840} INFO - DAG(s) 'example_task_group_decorator' retrieved from /home/airflow/.local/lib/python3.9/site-packages/airflow/example_dags/example_task_group_decorator.py
[2024-04-21T19:52:56.872+0000] {logging_mixin.py:188} INFO - [2024-04-21T19:52:56.872+0000] {dag.py:3047} INFO - Sync 1 DAGs
[2024-04-21T19:52:56.949+0000] {logging_mixin.py:188} INFO - [2024-04-21T19:52:56.949+0000] {dag.py:3834} INFO - Setting next_dagrun for example_task_group_decorator to 2024-04-20 00:00:00+00:00, run_after=2024-04-21 00:00:00+00:00
[2024-04-21T19:52:57.018+0000] {processor.py:183} INFO - Processing /home/airflow/.local/lib/python3.9/site-packages/airflow/example_dags/example_task_group_decorator.py took 0.555 seconds
[2024-04-21T19:53:27.351+0000] {processor.py:161} INFO - Started process (PID=209) to work on /home/airflow/.local/lib/python3.9/site-packages/airflow/example_dags/example_task_group_decorator.py
[2024-04-21T19:53:27.352+0000] {processor.py:830} INFO - Processing file /home/airflow/.local/lib/python3.9/site-packages/airflow/example_dags/example_task_group_decorator.py for tasks to queue
[2024-04-21T19:53:27.355+0000] {logging_mixin.py:188} INFO - [2024-04-21T19:53:27.355+0000] {dagbag.py:540} INFO - Filling up the DagBag from /home/airflow/.local/lib/python3.9/site-packages/airflow/example_dags/example_task_group_decorator.py
[2024-04-21T19:53:27.379+0000] {processor.py:840} INFO - DAG(s) 'example_task_group_decorator' retrieved from /home/airflow/.local/lib/python3.9/site-packages/airflow/example_dags/example_task_group_decorator.py
[2024-04-21T19:53:28.092+0000] {logging_mixin.py:188} INFO - [2024-04-21T19:53:28.091+0000] {dag.py:3047} INFO - Sync 1 DAGs
[2024-04-21T19:53:28.138+0000] {logging_mixin.py:188} INFO - [2024-04-21T19:53:28.138+0000] {dag.py:3834} INFO - Setting next_dagrun for example_task_group_decorator to 2024-04-20 00:00:00+00:00, run_after=2024-04-21 00:00:00+00:00
[2024-04-21T19:53:28.194+0000] {processor.py:183} INFO - Processing /home/airflow/.local/lib/python3.9/site-packages/airflow/example_dags/example_task_group_decorator.py took 0.847 seconds
[2024-04-21T19:54:33.008+0000] {processor.py:161} INFO - Started process (PID=40) to work on /home/airflow/.local/lib/python3.9/site-packages/airflow/example_dags/example_task_group_decorator.py
[2024-04-21T19:54:33.009+0000] {processor.py:830} INFO - Processing file /home/airflow/.local/lib/python3.9/site-packages/airflow/example_dags/example_task_group_decorator.py for tasks to queue
[2024-04-21T19:54:33.011+0000] {logging_mixin.py:188} INFO - [2024-04-21T19:54:33.011+0000] {dagbag.py:540} INFO - Filling up the DagBag from /home/airflow/.local/lib/python3.9/site-packages/airflow/example_dags/example_task_group_decorator.py
[2024-04-21T19:54:33.028+0000] {processor.py:840} INFO - DAG(s) 'example_task_group_decorator' retrieved from /home/airflow/.local/lib/python3.9/site-packages/airflow/example_dags/example_task_group_decorator.py
[2024-04-21T19:54:33.132+0000] {logging_mixin.py:188} INFO - [2024-04-21T19:54:33.132+0000] {dag.py:3047} INFO - Sync 1 DAGs
[2024-04-21T19:54:33.160+0000] {logging_mixin.py:188} INFO - [2024-04-21T19:54:33.160+0000] {dag.py:3834} INFO - Setting next_dagrun for example_task_group_decorator to 2024-04-20 00:00:00+00:00, run_after=2024-04-21 00:00:00+00:00
[2024-04-21T19:54:33.196+0000] {processor.py:183} INFO - Processing /home/airflow/.local/lib/python3.9/site-packages/airflow/example_dags/example_task_group_decorator.py took 0.191 seconds
[2024-04-21T19:55:17.839+0000] {processor.py:161} INFO - Started process (PID=107) to work on /home/airflow/.local/lib/python3.9/site-packages/airflow/example_dags/example_task_group_decorator.py
[2024-04-21T19:55:17.841+0000] {processor.py:830} INFO - Processing file /home/airflow/.local/lib/python3.9/site-packages/airflow/example_dags/example_task_group_decorator.py for tasks to queue
[2024-04-21T19:55:17.845+0000] {logging_mixin.py:188} INFO - [2024-04-21T19:55:17.844+0000] {dagbag.py:540} INFO - Filling up the DagBag from /home/airflow/.local/lib/python3.9/site-packages/airflow/example_dags/example_task_group_decorator.py
[2024-04-21T19:55:17.868+0000] {processor.py:840} INFO - DAG(s) 'example_task_group_decorator' retrieved from /home/airflow/.local/lib/python3.9/site-packages/airflow/example_dags/example_task_group_decorator.py
[2024-04-21T19:55:17.975+0000] {logging_mixin.py:188} INFO - [2024-04-21T19:55:17.975+0000] {dag.py:3047} INFO - Sync 1 DAGs
[2024-04-21T19:55:18.012+0000] {logging_mixin.py:188} INFO - [2024-04-21T19:55:18.012+0000] {dag.py:3834} INFO - Setting next_dagrun for example_task_group_decorator to 2024-04-20 00:00:00+00:00, run_after=2024-04-21 00:00:00+00:00
[2024-04-21T19:55:18.066+0000] {processor.py:183} INFO - Processing /home/airflow/.local/lib/python3.9/site-packages/airflow/example_dags/example_task_group_decorator.py took 0.231 seconds
[2024-04-21T19:55:48.658+0000] {processor.py:161} INFO - Started process (PID=164) to work on /home/airflow/.local/lib/python3.9/site-packages/airflow/example_dags/example_task_group_decorator.py
[2024-04-21T19:55:48.661+0000] {processor.py:830} INFO - Processing file /home/airflow/.local/lib/python3.9/site-packages/airflow/example_dags/example_task_group_decorator.py for tasks to queue
[2024-04-21T19:55:48.665+0000] {logging_mixin.py:188} INFO - [2024-04-21T19:55:48.664+0000] {dagbag.py:540} INFO - Filling up the DagBag from /home/airflow/.local/lib/python3.9/site-packages/airflow/example_dags/example_task_group_decorator.py
[2024-04-21T19:55:48.734+0000] {processor.py:840} INFO - DAG(s) 'example_task_group_decorator' retrieved from /home/airflow/.local/lib/python3.9/site-packages/airflow/example_dags/example_task_group_decorator.py
[2024-04-21T19:55:48.905+0000] {logging_mixin.py:188} INFO - [2024-04-21T19:55:48.904+0000] {dag.py:3047} INFO - Sync 1 DAGs
[2024-04-21T19:55:48.977+0000] {logging_mixin.py:188} INFO - [2024-04-21T19:55:48.976+0000] {dag.py:3834} INFO - Setting next_dagrun for example_task_group_decorator to 2024-04-20 00:00:00+00:00, run_after=2024-04-21 00:00:00+00:00
[2024-04-21T19:55:49.075+0000] {processor.py:183} INFO - Processing /home/airflow/.local/lib/python3.9/site-packages/airflow/example_dags/example_task_group_decorator.py took 0.423 seconds
[2024-04-21T19:57:33.429+0000] {processor.py:161} INFO - Started process (PID=185) to work on /home/airflow/.local/lib/python3.9/site-packages/airflow/example_dags/example_task_group_decorator.py
[2024-04-21T19:57:33.431+0000] {processor.py:830} INFO - Processing file /home/airflow/.local/lib/python3.9/site-packages/airflow/example_dags/example_task_group_decorator.py for tasks to queue
[2024-04-21T19:57:33.433+0000] {logging_mixin.py:188} INFO - [2024-04-21T19:57:33.432+0000] {dagbag.py:540} INFO - Filling up the DagBag from /home/airflow/.local/lib/python3.9/site-packages/airflow/example_dags/example_task_group_decorator.py
[2024-04-21T19:57:33.450+0000] {processor.py:840} INFO - DAG(s) 'example_task_group_decorator' retrieved from /home/airflow/.local/lib/python3.9/site-packages/airflow/example_dags/example_task_group_decorator.py
[2024-04-21T19:57:33.520+0000] {logging_mixin.py:188} INFO - [2024-04-21T19:57:33.520+0000] {dag.py:3047} INFO - Sync 1 DAGs
[2024-04-21T19:57:33.552+0000] {logging_mixin.py:188} INFO - [2024-04-21T19:57:33.551+0000] {dag.py:3834} INFO - Setting next_dagrun for example_task_group_decorator to 2024-04-20 00:00:00+00:00, run_after=2024-04-21 00:00:00+00:00
[2024-04-21T19:57:33.590+0000] {processor.py:183} INFO - Processing /home/airflow/.local/lib/python3.9/site-packages/airflow/example_dags/example_task_group_decorator.py took 0.166 seconds
[2024-04-21T20:03:08.999+0000] {processor.py:161} INFO - Started process (PID=253) to work on /home/airflow/.local/lib/python3.9/site-packages/airflow/example_dags/example_task_group_decorator.py
[2024-04-21T20:03:09.001+0000] {processor.py:830} INFO - Processing file /home/airflow/.local/lib/python3.9/site-packages/airflow/example_dags/example_task_group_decorator.py for tasks to queue
[2024-04-21T20:03:09.002+0000] {logging_mixin.py:188} INFO - [2024-04-21T20:03:09.002+0000] {dagbag.py:540} INFO - Filling up the DagBag from /home/airflow/.local/lib/python3.9/site-packages/airflow/example_dags/example_task_group_decorator.py
[2024-04-21T20:03:09.019+0000] {processor.py:840} INFO - DAG(s) 'example_task_group_decorator' retrieved from /home/airflow/.local/lib/python3.9/site-packages/airflow/example_dags/example_task_group_decorator.py
[2024-04-21T20:03:09.099+0000] {logging_mixin.py:188} INFO - [2024-04-21T20:03:09.098+0000] {dag.py:3047} INFO - Sync 1 DAGs
[2024-04-21T20:03:09.128+0000] {logging_mixin.py:188} INFO - [2024-04-21T20:03:09.128+0000] {dag.py:3834} INFO - Setting next_dagrun for example_task_group_decorator to 2024-04-20 00:00:00+00:00, run_after=2024-04-21 00:00:00+00:00
[2024-04-21T20:03:09.176+0000] {processor.py:183} INFO - Processing /home/airflow/.local/lib/python3.9/site-packages/airflow/example_dags/example_task_group_decorator.py took 0.180 seconds
[2024-04-21T20:04:16.652+0000] {processor.py:161} INFO - Started process (PID=317) to work on /home/airflow/.local/lib/python3.9/site-packages/airflow/example_dags/example_task_group_decorator.py
[2024-04-21T20:04:16.656+0000] {processor.py:830} INFO - Processing file /home/airflow/.local/lib/python3.9/site-packages/airflow/example_dags/example_task_group_decorator.py for tasks to queue
[2024-04-21T20:04:16.659+0000] {logging_mixin.py:188} INFO - [2024-04-21T20:04:16.658+0000] {dagbag.py:540} INFO - Filling up the DagBag from /home/airflow/.local/lib/python3.9/site-packages/airflow/example_dags/example_task_group_decorator.py
[2024-04-21T20:04:16.706+0000] {processor.py:840} INFO - DAG(s) 'example_task_group_decorator' retrieved from /home/airflow/.local/lib/python3.9/site-packages/airflow/example_dags/example_task_group_decorator.py
[2024-04-21T20:04:16.856+0000] {logging_mixin.py:188} INFO - [2024-04-21T20:04:16.856+0000] {dag.py:3047} INFO - Sync 1 DAGs
[2024-04-21T20:04:16.895+0000] {logging_mixin.py:188} INFO - [2024-04-21T20:04:16.894+0000] {dag.py:3834} INFO - Setting next_dagrun for example_task_group_decorator to 2024-04-20 00:00:00+00:00, run_after=2024-04-21 00:00:00+00:00
[2024-04-21T20:04:16.951+0000] {processor.py:183} INFO - Processing /home/airflow/.local/lib/python3.9/site-packages/airflow/example_dags/example_task_group_decorator.py took 0.316 seconds
[2024-04-21T20:04:47.583+0000] {processor.py:161} INFO - Started process (PID=376) to work on /home/airflow/.local/lib/python3.9/site-packages/airflow/example_dags/example_task_group_decorator.py
[2024-04-21T20:04:47.585+0000] {processor.py:830} INFO - Processing file /home/airflow/.local/lib/python3.9/site-packages/airflow/example_dags/example_task_group_decorator.py for tasks to queue
[2024-04-21T20:04:47.587+0000] {logging_mixin.py:188} INFO - [2024-04-21T20:04:47.586+0000] {dagbag.py:540} INFO - Filling up the DagBag from /home/airflow/.local/lib/python3.9/site-packages/airflow/example_dags/example_task_group_decorator.py
[2024-04-21T20:04:47.641+0000] {processor.py:840} INFO - DAG(s) 'example_task_group_decorator' retrieved from /home/airflow/.local/lib/python3.9/site-packages/airflow/example_dags/example_task_group_decorator.py
[2024-04-21T20:04:47.836+0000] {logging_mixin.py:188} INFO - [2024-04-21T20:04:47.836+0000] {dag.py:3047} INFO - Sync 1 DAGs
[2024-04-21T20:04:47.883+0000] {logging_mixin.py:188} INFO - [2024-04-21T20:04:47.883+0000] {dag.py:3834} INFO - Setting next_dagrun for example_task_group_decorator to 2024-04-20 00:00:00+00:00, run_after=2024-04-21 00:00:00+00:00
[2024-04-21T20:04:47.949+0000] {processor.py:183} INFO - Processing /home/airflow/.local/lib/python3.9/site-packages/airflow/example_dags/example_task_group_decorator.py took 0.371 seconds
[2024-04-21T20:05:18.555+0000] {processor.py:161} INFO - Started process (PID=433) to work on /home/airflow/.local/lib/python3.9/site-packages/airflow/example_dags/example_task_group_decorator.py
[2024-04-21T20:05:18.557+0000] {processor.py:830} INFO - Processing file /home/airflow/.local/lib/python3.9/site-packages/airflow/example_dags/example_task_group_decorator.py for tasks to queue
[2024-04-21T20:05:18.559+0000] {logging_mixin.py:188} INFO - [2024-04-21T20:05:18.558+0000] {dagbag.py:540} INFO - Filling up the DagBag from /home/airflow/.local/lib/python3.9/site-packages/airflow/example_dags/example_task_group_decorator.py
[2024-04-21T20:05:18.581+0000] {processor.py:840} INFO - DAG(s) 'example_task_group_decorator' retrieved from /home/airflow/.local/lib/python3.9/site-packages/airflow/example_dags/example_task_group_decorator.py
[2024-04-21T20:05:18.681+0000] {logging_mixin.py:188} INFO - [2024-04-21T20:05:18.681+0000] {dag.py:3047} INFO - Sync 1 DAGs
[2024-04-21T20:05:18.717+0000] {logging_mixin.py:188} INFO - [2024-04-21T20:05:18.717+0000] {dag.py:3834} INFO - Setting next_dagrun for example_task_group_decorator to 2024-04-20 00:00:00+00:00, run_after=2024-04-21 00:00:00+00:00
[2024-04-21T20:05:18.804+0000] {processor.py:183} INFO - Processing /home/airflow/.local/lib/python3.9/site-packages/airflow/example_dags/example_task_group_decorator.py took 0.254 seconds
[2024-04-21T20:05:49.204+0000] {processor.py:161} INFO - Started process (PID=490) to work on /home/airflow/.local/lib/python3.9/site-packages/airflow/example_dags/example_task_group_decorator.py
[2024-04-21T20:05:49.205+0000] {processor.py:830} INFO - Processing file /home/airflow/.local/lib/python3.9/site-packages/airflow/example_dags/example_task_group_decorator.py for tasks to queue
[2024-04-21T20:05:49.207+0000] {logging_mixin.py:188} INFO - [2024-04-21T20:05:49.207+0000] {dagbag.py:540} INFO - Filling up the DagBag from /home/airflow/.local/lib/python3.9/site-packages/airflow/example_dags/example_task_group_decorator.py
[2024-04-21T20:05:49.231+0000] {processor.py:840} INFO - DAG(s) 'example_task_group_decorator' retrieved from /home/airflow/.local/lib/python3.9/site-packages/airflow/example_dags/example_task_group_decorator.py
[2024-04-21T20:05:49.344+0000] {logging_mixin.py:188} INFO - [2024-04-21T20:05:49.343+0000] {dag.py:3047} INFO - Sync 1 DAGs
[2024-04-21T20:05:49.378+0000] {logging_mixin.py:188} INFO - [2024-04-21T20:05:49.378+0000] {dag.py:3834} INFO - Setting next_dagrun for example_task_group_decorator to 2024-04-20 00:00:00+00:00, run_after=2024-04-21 00:00:00+00:00
[2024-04-21T20:05:49.445+0000] {processor.py:183} INFO - Processing /home/airflow/.local/lib/python3.9/site-packages/airflow/example_dags/example_task_group_decorator.py took 0.246 seconds
[2024-04-21T20:06:44.083+0000] {processor.py:161} INFO - Started process (PID=554) to work on /home/airflow/.local/lib/python3.9/site-packages/airflow/example_dags/example_task_group_decorator.py
[2024-04-21T20:06:44.084+0000] {processor.py:830} INFO - Processing file /home/airflow/.local/lib/python3.9/site-packages/airflow/example_dags/example_task_group_decorator.py for tasks to queue
[2024-04-21T20:06:44.086+0000] {logging_mixin.py:188} INFO - [2024-04-21T20:06:44.085+0000] {dagbag.py:540} INFO - Filling up the DagBag from /home/airflow/.local/lib/python3.9/site-packages/airflow/example_dags/example_task_group_decorator.py
[2024-04-21T20:06:44.113+0000] {processor.py:840} INFO - DAG(s) 'example_task_group_decorator' retrieved from /home/airflow/.local/lib/python3.9/site-packages/airflow/example_dags/example_task_group_decorator.py
[2024-04-21T20:06:44.256+0000] {logging_mixin.py:188} INFO - [2024-04-21T20:06:44.256+0000] {dag.py:3047} INFO - Sync 1 DAGs
[2024-04-21T20:06:44.302+0000] {logging_mixin.py:188} INFO - [2024-04-21T20:06:44.302+0000] {dag.py:3834} INFO - Setting next_dagrun for example_task_group_decorator to 2024-04-20 00:00:00+00:00, run_after=2024-04-21 00:00:00+00:00
[2024-04-21T20:06:44.357+0000] {processor.py:183} INFO - Processing /home/airflow/.local/lib/python3.9/site-packages/airflow/example_dags/example_task_group_decorator.py took 0.278 seconds
[2024-04-21T20:07:14.985+0000] {processor.py:161} INFO - Started process (PID=612) to work on /home/airflow/.local/lib/python3.9/site-packages/airflow/example_dags/example_task_group_decorator.py
[2024-04-21T20:07:14.987+0000] {processor.py:830} INFO - Processing file /home/airflow/.local/lib/python3.9/site-packages/airflow/example_dags/example_task_group_decorator.py for tasks to queue
[2024-04-21T20:07:14.990+0000] {logging_mixin.py:188} INFO - [2024-04-21T20:07:14.989+0000] {dagbag.py:540} INFO - Filling up the DagBag from /home/airflow/.local/lib/python3.9/site-packages/airflow/example_dags/example_task_group_decorator.py
[2024-04-21T20:07:15.022+0000] {processor.py:840} INFO - DAG(s) 'example_task_group_decorator' retrieved from /home/airflow/.local/lib/python3.9/site-packages/airflow/example_dags/example_task_group_decorator.py
[2024-04-21T20:07:15.146+0000] {logging_mixin.py:188} INFO - [2024-04-21T20:07:15.146+0000] {dag.py:3047} INFO - Sync 1 DAGs
[2024-04-21T20:07:15.186+0000] {logging_mixin.py:188} INFO - [2024-04-21T20:07:15.186+0000] {dag.py:3834} INFO - Setting next_dagrun for example_task_group_decorator to 2024-04-20 00:00:00+00:00, run_after=2024-04-21 00:00:00+00:00
[2024-04-21T20:07:15.244+0000] {processor.py:183} INFO - Processing /home/airflow/.local/lib/python3.9/site-packages/airflow/example_dags/example_task_group_decorator.py took 0.265 seconds
[2024-04-21T20:07:45.552+0000] {processor.py:161} INFO - Started process (PID=667) to work on /home/airflow/.local/lib/python3.9/site-packages/airflow/example_dags/example_task_group_decorator.py
[2024-04-21T20:07:45.554+0000] {processor.py:830} INFO - Processing file /home/airflow/.local/lib/python3.9/site-packages/airflow/example_dags/example_task_group_decorator.py for tasks to queue
[2024-04-21T20:07:45.556+0000] {logging_mixin.py:188} INFO - [2024-04-21T20:07:45.555+0000] {dagbag.py:540} INFO - Filling up the DagBag from /home/airflow/.local/lib/python3.9/site-packages/airflow/example_dags/example_task_group_decorator.py
[2024-04-21T20:07:45.584+0000] {processor.py:840} INFO - DAG(s) 'example_task_group_decorator' retrieved from /home/airflow/.local/lib/python3.9/site-packages/airflow/example_dags/example_task_group_decorator.py
[2024-04-21T20:07:45.701+0000] {logging_mixin.py:188} INFO - [2024-04-21T20:07:45.701+0000] {dag.py:3047} INFO - Sync 1 DAGs
[2024-04-21T20:07:45.739+0000] {logging_mixin.py:188} INFO - [2024-04-21T20:07:45.739+0000] {dag.py:3834} INFO - Setting next_dagrun for example_task_group_decorator to 2024-04-20 00:00:00+00:00, run_after=2024-04-21 00:00:00+00:00
[2024-04-21T20:07:45.810+0000] {processor.py:183} INFO - Processing /home/airflow/.local/lib/python3.9/site-packages/airflow/example_dags/example_task_group_decorator.py took 0.262 seconds
[2024-04-21T20:08:19.626+0000] {processor.py:161} INFO - Started process (PID=723) to work on /home/airflow/.local/lib/python3.9/site-packages/airflow/example_dags/example_task_group_decorator.py
[2024-04-21T20:08:19.627+0000] {processor.py:830} INFO - Processing file /home/airflow/.local/lib/python3.9/site-packages/airflow/example_dags/example_task_group_decorator.py for tasks to queue
[2024-04-21T20:08:19.629+0000] {logging_mixin.py:188} INFO - [2024-04-21T20:08:19.628+0000] {dagbag.py:540} INFO - Filling up the DagBag from /home/airflow/.local/lib/python3.9/site-packages/airflow/example_dags/example_task_group_decorator.py
[2024-04-21T20:08:19.645+0000] {processor.py:840} INFO - DAG(s) 'example_task_group_decorator' retrieved from /home/airflow/.local/lib/python3.9/site-packages/airflow/example_dags/example_task_group_decorator.py
[2024-04-21T20:08:19.714+0000] {logging_mixin.py:188} INFO - [2024-04-21T20:08:19.713+0000] {dag.py:3047} INFO - Sync 1 DAGs
[2024-04-21T20:08:19.736+0000] {logging_mixin.py:188} INFO - [2024-04-21T20:08:19.736+0000] {dag.py:3834} INFO - Setting next_dagrun for example_task_group_decorator to 2024-04-20 00:00:00+00:00, run_after=2024-04-21 00:00:00+00:00
[2024-04-21T20:08:19.774+0000] {processor.py:183} INFO - Processing /home/airflow/.local/lib/python3.9/site-packages/airflow/example_dags/example_task_group_decorator.py took 0.151 seconds
[2024-04-21T20:08:49.973+0000] {processor.py:161} INFO - Started process (PID=780) to work on /home/airflow/.local/lib/python3.9/site-packages/airflow/example_dags/example_task_group_decorator.py
[2024-04-21T20:08:49.975+0000] {processor.py:830} INFO - Processing file /home/airflow/.local/lib/python3.9/site-packages/airflow/example_dags/example_task_group_decorator.py for tasks to queue
[2024-04-21T20:08:49.977+0000] {logging_mixin.py:188} INFO - [2024-04-21T20:08:49.977+0000] {dagbag.py:540} INFO - Filling up the DagBag from /home/airflow/.local/lib/python3.9/site-packages/airflow/example_dags/example_task_group_decorator.py
[2024-04-21T20:08:50.008+0000] {processor.py:840} INFO - DAG(s) 'example_task_group_decorator' retrieved from /home/airflow/.local/lib/python3.9/site-packages/airflow/example_dags/example_task_group_decorator.py
[2024-04-21T20:08:50.153+0000] {logging_mixin.py:188} INFO - [2024-04-21T20:08:50.153+0000] {dag.py:3047} INFO - Sync 1 DAGs
[2024-04-21T20:08:50.192+0000] {logging_mixin.py:188} INFO - [2024-04-21T20:08:50.192+0000] {dag.py:3834} INFO - Setting next_dagrun for example_task_group_decorator to 2024-04-20 00:00:00+00:00, run_after=2024-04-21 00:00:00+00:00
[2024-04-21T20:08:50.244+0000] {processor.py:183} INFO - Processing /home/airflow/.local/lib/python3.9/site-packages/airflow/example_dags/example_task_group_decorator.py took 0.277 seconds
[2024-04-21T20:10:02.555+0000] {processor.py:161} INFO - Started process (PID=794) to work on /home/airflow/.local/lib/python3.9/site-packages/airflow/example_dags/example_task_group_decorator.py
[2024-04-21T20:10:02.557+0000] {processor.py:830} INFO - Processing file /home/airflow/.local/lib/python3.9/site-packages/airflow/example_dags/example_task_group_decorator.py for tasks to queue
[2024-04-21T20:10:02.559+0000] {logging_mixin.py:188} INFO - [2024-04-21T20:10:02.558+0000] {dagbag.py:540} INFO - Filling up the DagBag from /home/airflow/.local/lib/python3.9/site-packages/airflow/example_dags/example_task_group_decorator.py
[2024-04-21T20:10:02.589+0000] {processor.py:840} INFO - DAG(s) 'example_task_group_decorator' retrieved from /home/airflow/.local/lib/python3.9/site-packages/airflow/example_dags/example_task_group_decorator.py
[2024-04-21T20:10:02.833+0000] {logging_mixin.py:188} INFO - [2024-04-21T20:10:02.832+0000] {dag.py:3047} INFO - Sync 1 DAGs
[2024-04-21T20:10:02.895+0000] {logging_mixin.py:188} INFO - [2024-04-21T20:10:02.894+0000] {dag.py:3834} INFO - Setting next_dagrun for example_task_group_decorator to 2024-04-20 00:00:00+00:00, run_after=2024-04-21 00:00:00+00:00
[2024-04-21T20:10:02.955+0000] {processor.py:183} INFO - Processing /home/airflow/.local/lib/python3.9/site-packages/airflow/example_dags/example_task_group_decorator.py took 0.405 seconds
[2024-04-21T20:10:33.829+0000] {processor.py:161} INFO - Started process (PID=857) to work on /home/airflow/.local/lib/python3.9/site-packages/airflow/example_dags/example_task_group_decorator.py
[2024-04-21T20:10:33.830+0000] {processor.py:830} INFO - Processing file /home/airflow/.local/lib/python3.9/site-packages/airflow/example_dags/example_task_group_decorator.py for tasks to queue
[2024-04-21T20:10:33.831+0000] {logging_mixin.py:188} INFO - [2024-04-21T20:10:33.831+0000] {dagbag.py:540} INFO - Filling up the DagBag from /home/airflow/.local/lib/python3.9/site-packages/airflow/example_dags/example_task_group_decorator.py
[2024-04-21T20:10:33.848+0000] {processor.py:840} INFO - DAG(s) 'example_task_group_decorator' retrieved from /home/airflow/.local/lib/python3.9/site-packages/airflow/example_dags/example_task_group_decorator.py
[2024-04-21T20:10:33.912+0000] {logging_mixin.py:188} INFO - [2024-04-21T20:10:33.912+0000] {dag.py:3047} INFO - Sync 1 DAGs
[2024-04-21T20:10:33.935+0000] {logging_mixin.py:188} INFO - [2024-04-21T20:10:33.935+0000] {dag.py:3834} INFO - Setting next_dagrun for example_task_group_decorator to 2024-04-20 00:00:00+00:00, run_after=2024-04-21 00:00:00+00:00
[2024-04-21T20:10:33.969+0000] {processor.py:183} INFO - Processing /home/airflow/.local/lib/python3.9/site-packages/airflow/example_dags/example_task_group_decorator.py took 0.144 seconds
[2024-04-21T20:11:04.341+0000] {processor.py:161} INFO - Started process (PID=916) to work on /home/airflow/.local/lib/python3.9/site-packages/airflow/example_dags/example_task_group_decorator.py
[2024-04-21T20:11:04.342+0000] {processor.py:830} INFO - Processing file /home/airflow/.local/lib/python3.9/site-packages/airflow/example_dags/example_task_group_decorator.py for tasks to queue
[2024-04-21T20:11:04.344+0000] {logging_mixin.py:188} INFO - [2024-04-21T20:11:04.343+0000] {dagbag.py:540} INFO - Filling up the DagBag from /home/airflow/.local/lib/python3.9/site-packages/airflow/example_dags/example_task_group_decorator.py
[2024-04-21T20:11:04.375+0000] {processor.py:840} INFO - DAG(s) 'example_task_group_decorator' retrieved from /home/airflow/.local/lib/python3.9/site-packages/airflow/example_dags/example_task_group_decorator.py
[2024-04-21T20:11:04.446+0000] {logging_mixin.py:188} INFO - [2024-04-21T20:11:04.445+0000] {dag.py:3047} INFO - Sync 1 DAGs
[2024-04-21T20:11:04.473+0000] {logging_mixin.py:188} INFO - [2024-04-21T20:11:04.472+0000] {dag.py:3834} INFO - Setting next_dagrun for example_task_group_decorator to 2024-04-20 00:00:00+00:00, run_after=2024-04-21 00:00:00+00:00
[2024-04-21T20:11:04.511+0000] {processor.py:183} INFO - Processing /home/airflow/.local/lib/python3.9/site-packages/airflow/example_dags/example_task_group_decorator.py took 0.173 seconds
[2024-04-21T20:14:15.850+0000] {processor.py:161} INFO - Started process (PID=40) to work on /home/airflow/.local/lib/python3.9/site-packages/airflow/example_dags/example_task_group_decorator.py
[2024-04-21T20:14:15.852+0000] {processor.py:830} INFO - Processing file /home/airflow/.local/lib/python3.9/site-packages/airflow/example_dags/example_task_group_decorator.py for tasks to queue
[2024-04-21T20:14:15.855+0000] {logging_mixin.py:188} INFO - [2024-04-21T20:14:15.854+0000] {dagbag.py:540} INFO - Filling up the DagBag from /home/airflow/.local/lib/python3.9/site-packages/airflow/example_dags/example_task_group_decorator.py
[2024-04-21T20:14:15.877+0000] {processor.py:840} INFO - DAG(s) 'example_task_group_decorator' retrieved from /home/airflow/.local/lib/python3.9/site-packages/airflow/example_dags/example_task_group_decorator.py
[2024-04-21T20:14:15.940+0000] {logging_mixin.py:188} INFO - [2024-04-21T20:14:15.940+0000] {dag.py:3047} INFO - Sync 1 DAGs
[2024-04-21T20:14:15.977+0000] {logging_mixin.py:188} INFO - [2024-04-21T20:14:15.977+0000] {dag.py:3834} INFO - Setting next_dagrun for example_task_group_decorator to 2024-04-20 00:00:00+00:00, run_after=2024-04-21 00:00:00+00:00
[2024-04-21T20:14:16.027+0000] {processor.py:183} INFO - Processing /home/airflow/.local/lib/python3.9/site-packages/airflow/example_dags/example_task_group_decorator.py took 0.181 seconds
[2024-04-21T20:14:46.246+0000] {processor.py:161} INFO - Started process (PID=97) to work on /home/airflow/.local/lib/python3.9/site-packages/airflow/example_dags/example_task_group_decorator.py
[2024-04-21T20:14:46.247+0000] {processor.py:830} INFO - Processing file /home/airflow/.local/lib/python3.9/site-packages/airflow/example_dags/example_task_group_decorator.py for tasks to queue
[2024-04-21T20:14:46.249+0000] {logging_mixin.py:188} INFO - [2024-04-21T20:14:46.249+0000] {dagbag.py:540} INFO - Filling up the DagBag from /home/airflow/.local/lib/python3.9/site-packages/airflow/example_dags/example_task_group_decorator.py
[2024-04-21T20:14:46.268+0000] {processor.py:840} INFO - DAG(s) 'example_task_group_decorator' retrieved from /home/airflow/.local/lib/python3.9/site-packages/airflow/example_dags/example_task_group_decorator.py
[2024-04-21T20:14:46.454+0000] {logging_mixin.py:188} INFO - [2024-04-21T20:14:46.453+0000] {dag.py:3047} INFO - Sync 1 DAGs
[2024-04-21T20:14:46.492+0000] {logging_mixin.py:188} INFO - [2024-04-21T20:14:46.492+0000] {dag.py:3834} INFO - Setting next_dagrun for example_task_group_decorator to 2024-04-20 00:00:00+00:00, run_after=2024-04-21 00:00:00+00:00
[2024-04-21T20:14:46.567+0000] {processor.py:183} INFO - Processing /home/airflow/.local/lib/python3.9/site-packages/airflow/example_dags/example_task_group_decorator.py took 0.325 seconds
[2024-04-21T20:15:17.118+0000] {processor.py:161} INFO - Started process (PID=153) to work on /home/airflow/.local/lib/python3.9/site-packages/airflow/example_dags/example_task_group_decorator.py
[2024-04-21T20:15:17.121+0000] {processor.py:830} INFO - Processing file /home/airflow/.local/lib/python3.9/site-packages/airflow/example_dags/example_task_group_decorator.py for tasks to queue
[2024-04-21T20:15:17.124+0000] {logging_mixin.py:188} INFO - [2024-04-21T20:15:17.123+0000] {dagbag.py:540} INFO - Filling up the DagBag from /home/airflow/.local/lib/python3.9/site-packages/airflow/example_dags/example_task_group_decorator.py
[2024-04-21T20:15:17.145+0000] {processor.py:840} INFO - DAG(s) 'example_task_group_decorator' retrieved from /home/airflow/.local/lib/python3.9/site-packages/airflow/example_dags/example_task_group_decorator.py
[2024-04-21T20:15:17.229+0000] {logging_mixin.py:188} INFO - [2024-04-21T20:15:17.229+0000] {dag.py:3047} INFO - Sync 1 DAGs
[2024-04-21T20:15:17.255+0000] {logging_mixin.py:188} INFO - [2024-04-21T20:15:17.255+0000] {dag.py:3834} INFO - Setting next_dagrun for example_task_group_decorator to 2024-04-20 00:00:00+00:00, run_after=2024-04-21 00:00:00+00:00
[2024-04-21T20:15:17.297+0000] {processor.py:183} INFO - Processing /home/airflow/.local/lib/python3.9/site-packages/airflow/example_dags/example_task_group_decorator.py took 0.183 seconds
[2024-04-21T20:16:14.838+0000] {processor.py:161} INFO - Started process (PID=40) to work on /home/airflow/.local/lib/python3.9/site-packages/airflow/example_dags/example_task_group_decorator.py
[2024-04-21T20:16:14.839+0000] {processor.py:830} INFO - Processing file /home/airflow/.local/lib/python3.9/site-packages/airflow/example_dags/example_task_group_decorator.py for tasks to queue
[2024-04-21T20:16:14.842+0000] {logging_mixin.py:188} INFO - [2024-04-21T20:16:14.841+0000] {dagbag.py:540} INFO - Filling up the DagBag from /home/airflow/.local/lib/python3.9/site-packages/airflow/example_dags/example_task_group_decorator.py
[2024-04-21T20:16:14.858+0000] {processor.py:840} INFO - DAG(s) 'example_task_group_decorator' retrieved from /home/airflow/.local/lib/python3.9/site-packages/airflow/example_dags/example_task_group_decorator.py
[2024-04-21T20:16:14.961+0000] {logging_mixin.py:188} INFO - [2024-04-21T20:16:14.961+0000] {dag.py:3047} INFO - Sync 1 DAGs
[2024-04-21T20:16:14.996+0000] {logging_mixin.py:188} INFO - [2024-04-21T20:16:14.996+0000] {dag.py:3834} INFO - Setting next_dagrun for example_task_group_decorator to 2024-04-20 00:00:00+00:00, run_after=2024-04-21 00:00:00+00:00
[2024-04-21T20:16:15.037+0000] {processor.py:183} INFO - Processing /home/airflow/.local/lib/python3.9/site-packages/airflow/example_dags/example_task_group_decorator.py took 0.202 seconds
[2024-04-21T20:16:45.855+0000] {processor.py:161} INFO - Started process (PID=97) to work on /home/airflow/.local/lib/python3.9/site-packages/airflow/example_dags/example_task_group_decorator.py
[2024-04-21T20:16:45.857+0000] {processor.py:830} INFO - Processing file /home/airflow/.local/lib/python3.9/site-packages/airflow/example_dags/example_task_group_decorator.py for tasks to queue
[2024-04-21T20:16:45.860+0000] {logging_mixin.py:188} INFO - [2024-04-21T20:16:45.860+0000] {dagbag.py:540} INFO - Filling up the DagBag from /home/airflow/.local/lib/python3.9/site-packages/airflow/example_dags/example_task_group_decorator.py
[2024-04-21T20:16:45.883+0000] {processor.py:840} INFO - DAG(s) 'example_task_group_decorator' retrieved from /home/airflow/.local/lib/python3.9/site-packages/airflow/example_dags/example_task_group_decorator.py
[2024-04-21T20:16:45.945+0000] {logging_mixin.py:188} INFO - [2024-04-21T20:16:45.945+0000] {dag.py:3047} INFO - Sync 1 DAGs
[2024-04-21T20:16:45.972+0000] {logging_mixin.py:188} INFO - [2024-04-21T20:16:45.972+0000] {dag.py:3834} INFO - Setting next_dagrun for example_task_group_decorator to 2024-04-20 00:00:00+00:00, run_after=2024-04-21 00:00:00+00:00
[2024-04-21T20:16:46.006+0000] {processor.py:183} INFO - Processing /home/airflow/.local/lib/python3.9/site-packages/airflow/example_dags/example_task_group_decorator.py took 0.155 seconds
[2024-04-21T20:17:16.084+0000] {processor.py:161} INFO - Started process (PID=152) to work on /home/airflow/.local/lib/python3.9/site-packages/airflow/example_dags/example_task_group_decorator.py
[2024-04-21T20:17:16.086+0000] {processor.py:830} INFO - Processing file /home/airflow/.local/lib/python3.9/site-packages/airflow/example_dags/example_task_group_decorator.py for tasks to queue
[2024-04-21T20:17:16.088+0000] {logging_mixin.py:188} INFO - [2024-04-21T20:17:16.088+0000] {dagbag.py:540} INFO - Filling up the DagBag from /home/airflow/.local/lib/python3.9/site-packages/airflow/example_dags/example_task_group_decorator.py
[2024-04-21T20:17:16.106+0000] {processor.py:840} INFO - DAG(s) 'example_task_group_decorator' retrieved from /home/airflow/.local/lib/python3.9/site-packages/airflow/example_dags/example_task_group_decorator.py
[2024-04-21T20:17:16.166+0000] {logging_mixin.py:188} INFO - [2024-04-21T20:17:16.166+0000] {dag.py:3047} INFO - Sync 1 DAGs
[2024-04-21T20:17:16.190+0000] {logging_mixin.py:188} INFO - [2024-04-21T20:17:16.189+0000] {dag.py:3834} INFO - Setting next_dagrun for example_task_group_decorator to 2024-04-20 00:00:00+00:00, run_after=2024-04-21 00:00:00+00:00
[2024-04-21T20:17:16.222+0000] {processor.py:183} INFO - Processing /home/airflow/.local/lib/python3.9/site-packages/airflow/example_dags/example_task_group_decorator.py took 0.141 seconds
[2024-04-21T20:17:46.322+0000] {processor.py:161} INFO - Started process (PID=209) to work on /home/airflow/.local/lib/python3.9/site-packages/airflow/example_dags/example_task_group_decorator.py
[2024-04-21T20:17:46.324+0000] {processor.py:830} INFO - Processing file /home/airflow/.local/lib/python3.9/site-packages/airflow/example_dags/example_task_group_decorator.py for tasks to queue
[2024-04-21T20:17:46.326+0000] {logging_mixin.py:188} INFO - [2024-04-21T20:17:46.326+0000] {dagbag.py:540} INFO - Filling up the DagBag from /home/airflow/.local/lib/python3.9/site-packages/airflow/example_dags/example_task_group_decorator.py
[2024-04-21T20:17:46.341+0000] {processor.py:840} INFO - DAG(s) 'example_task_group_decorator' retrieved from /home/airflow/.local/lib/python3.9/site-packages/airflow/example_dags/example_task_group_decorator.py
[2024-04-21T20:17:46.403+0000] {logging_mixin.py:188} INFO - [2024-04-21T20:17:46.403+0000] {dag.py:3047} INFO - Sync 1 DAGs
[2024-04-21T20:17:46.425+0000] {logging_mixin.py:188} INFO - [2024-04-21T20:17:46.425+0000] {dag.py:3834} INFO - Setting next_dagrun for example_task_group_decorator to 2024-04-20 00:00:00+00:00, run_after=2024-04-21 00:00:00+00:00
[2024-04-21T20:17:46.460+0000] {processor.py:183} INFO - Processing /home/airflow/.local/lib/python3.9/site-packages/airflow/example_dags/example_task_group_decorator.py took 0.140 seconds
[2024-04-21T20:18:16.997+0000] {processor.py:161} INFO - Started process (PID=266) to work on /home/airflow/.local/lib/python3.9/site-packages/airflow/example_dags/example_task_group_decorator.py
[2024-04-21T20:18:16.998+0000] {processor.py:830} INFO - Processing file /home/airflow/.local/lib/python3.9/site-packages/airflow/example_dags/example_task_group_decorator.py for tasks to queue
[2024-04-21T20:18:17.000+0000] {logging_mixin.py:188} INFO - [2024-04-21T20:18:17.000+0000] {dagbag.py:540} INFO - Filling up the DagBag from /home/airflow/.local/lib/python3.9/site-packages/airflow/example_dags/example_task_group_decorator.py
[2024-04-21T20:18:17.015+0000] {processor.py:840} INFO - DAG(s) 'example_task_group_decorator' retrieved from /home/airflow/.local/lib/python3.9/site-packages/airflow/example_dags/example_task_group_decorator.py
[2024-04-21T20:18:17.080+0000] {logging_mixin.py:188} INFO - [2024-04-21T20:18:17.080+0000] {dag.py:3047} INFO - Sync 1 DAGs
[2024-04-21T20:18:17.105+0000] {logging_mixin.py:188} INFO - [2024-04-21T20:18:17.104+0000] {dag.py:3834} INFO - Setting next_dagrun for example_task_group_decorator to 2024-04-20 00:00:00+00:00, run_after=2024-04-21 00:00:00+00:00
[2024-04-21T20:18:17.139+0000] {processor.py:183} INFO - Processing /home/airflow/.local/lib/python3.9/site-packages/airflow/example_dags/example_task_group_decorator.py took 0.145 seconds
[2024-04-21T20:18:47.357+0000] {processor.py:161} INFO - Started process (PID=323) to work on /home/airflow/.local/lib/python3.9/site-packages/airflow/example_dags/example_task_group_decorator.py
[2024-04-21T20:18:47.358+0000] {processor.py:830} INFO - Processing file /home/airflow/.local/lib/python3.9/site-packages/airflow/example_dags/example_task_group_decorator.py for tasks to queue
[2024-04-21T20:18:47.361+0000] {logging_mixin.py:188} INFO - [2024-04-21T20:18:47.360+0000] {dagbag.py:540} INFO - Filling up the DagBag from /home/airflow/.local/lib/python3.9/site-packages/airflow/example_dags/example_task_group_decorator.py
[2024-04-21T20:18:47.377+0000] {processor.py:840} INFO - DAG(s) 'example_task_group_decorator' retrieved from /home/airflow/.local/lib/python3.9/site-packages/airflow/example_dags/example_task_group_decorator.py
[2024-04-21T20:18:47.437+0000] {logging_mixin.py:188} INFO - [2024-04-21T20:18:47.436+0000] {dag.py:3047} INFO - Sync 1 DAGs
[2024-04-21T20:18:47.464+0000] {logging_mixin.py:188} INFO - [2024-04-21T20:18:47.464+0000] {dag.py:3834} INFO - Setting next_dagrun for example_task_group_decorator to 2024-04-20 00:00:00+00:00, run_after=2024-04-21 00:00:00+00:00
[2024-04-21T20:18:47.501+0000] {processor.py:183} INFO - Processing /home/airflow/.local/lib/python3.9/site-packages/airflow/example_dags/example_task_group_decorator.py took 0.147 seconds
[2024-04-21T20:32:45.443+0000] {processor.py:161} INFO - Started process (PID=40) to work on /home/airflow/.local/lib/python3.9/site-packages/airflow/example_dags/example_task_group_decorator.py
[2024-04-21T20:32:45.458+0000] {processor.py:830} INFO - Processing file /home/airflow/.local/lib/python3.9/site-packages/airflow/example_dags/example_task_group_decorator.py for tasks to queue
[2024-04-21T20:32:45.487+0000] {logging_mixin.py:188} INFO - [2024-04-21T20:32:45.483+0000] {dagbag.py:540} INFO - Filling up the DagBag from /home/airflow/.local/lib/python3.9/site-packages/airflow/example_dags/example_task_group_decorator.py
[2024-04-21T20:32:45.645+0000] {processor.py:840} INFO - DAG(s) 'example_task_group_decorator' retrieved from /home/airflow/.local/lib/python3.9/site-packages/airflow/example_dags/example_task_group_decorator.py
[2024-04-21T20:32:45.734+0000] {logging_mixin.py:188} INFO - [2024-04-21T20:32:45.734+0000] {dag.py:3047} INFO - Sync 1 DAGs
[2024-04-21T20:32:45.795+0000] {logging_mixin.py:188} INFO - [2024-04-21T20:32:45.794+0000] {dag.py:3834} INFO - Setting next_dagrun for example_task_group_decorator to 2024-04-20 00:00:00+00:00, run_after=2024-04-21 00:00:00+00:00
[2024-04-21T20:32:45.845+0000] {processor.py:183} INFO - Processing /home/airflow/.local/lib/python3.9/site-packages/airflow/example_dags/example_task_group_decorator.py took 0.423 seconds
[2024-04-21T20:33:20.290+0000] {processor.py:161} INFO - Started process (PID=40) to work on /home/airflow/.local/lib/python3.9/site-packages/airflow/example_dags/example_task_group_decorator.py
[2024-04-21T20:33:20.292+0000] {processor.py:830} INFO - Processing file /home/airflow/.local/lib/python3.9/site-packages/airflow/example_dags/example_task_group_decorator.py for tasks to queue
[2024-04-21T20:33:20.295+0000] {logging_mixin.py:188} INFO - [2024-04-21T20:33:20.294+0000] {dagbag.py:540} INFO - Filling up the DagBag from /home/airflow/.local/lib/python3.9/site-packages/airflow/example_dags/example_task_group_decorator.py
[2024-04-21T20:33:20.313+0000] {processor.py:840} INFO - DAG(s) 'example_task_group_decorator' retrieved from /home/airflow/.local/lib/python3.9/site-packages/airflow/example_dags/example_task_group_decorator.py
[2024-04-21T20:33:20.511+0000] {logging_mixin.py:188} INFO - [2024-04-21T20:33:20.510+0000] {dag.py:3047} INFO - Sync 1 DAGs
[2024-04-21T20:33:20.534+0000] {logging_mixin.py:188} INFO - [2024-04-21T20:33:20.533+0000] {dag.py:3834} INFO - Setting next_dagrun for example_task_group_decorator to 2024-04-20 00:00:00+00:00, run_after=2024-04-21 00:00:00+00:00
[2024-04-21T20:33:20.577+0000] {processor.py:183} INFO - Processing /home/airflow/.local/lib/python3.9/site-packages/airflow/example_dags/example_task_group_decorator.py took 0.291 seconds
[2024-04-21T20:33:51.150+0000] {processor.py:161} INFO - Started process (PID=97) to work on /home/airflow/.local/lib/python3.9/site-packages/airflow/example_dags/example_task_group_decorator.py
[2024-04-21T20:33:51.152+0000] {processor.py:830} INFO - Processing file /home/airflow/.local/lib/python3.9/site-packages/airflow/example_dags/example_task_group_decorator.py for tasks to queue
[2024-04-21T20:33:51.154+0000] {logging_mixin.py:188} INFO - [2024-04-21T20:33:51.154+0000] {dagbag.py:540} INFO - Filling up the DagBag from /home/airflow/.local/lib/python3.9/site-packages/airflow/example_dags/example_task_group_decorator.py
[2024-04-21T20:33:51.169+0000] {processor.py:840} INFO - DAG(s) 'example_task_group_decorator' retrieved from /home/airflow/.local/lib/python3.9/site-packages/airflow/example_dags/example_task_group_decorator.py
[2024-04-21T20:33:51.234+0000] {logging_mixin.py:188} INFO - [2024-04-21T20:33:51.233+0000] {dag.py:3047} INFO - Sync 1 DAGs
[2024-04-21T20:33:51.278+0000] {logging_mixin.py:188} INFO - [2024-04-21T20:33:51.277+0000] {dag.py:3834} INFO - Setting next_dagrun for example_task_group_decorator to 2024-04-20 00:00:00+00:00, run_after=2024-04-21 00:00:00+00:00
[2024-04-21T20:33:51.327+0000] {processor.py:183} INFO - Processing /home/airflow/.local/lib/python3.9/site-packages/airflow/example_dags/example_task_group_decorator.py took 0.180 seconds
[2024-04-21T20:34:28.491+0000] {processor.py:161} INFO - Started process (PID=40) to work on /home/airflow/.local/lib/python3.9/site-packages/airflow/example_dags/example_task_group_decorator.py
[2024-04-21T20:34:28.493+0000] {processor.py:830} INFO - Processing file /home/airflow/.local/lib/python3.9/site-packages/airflow/example_dags/example_task_group_decorator.py for tasks to queue
[2024-04-21T20:34:28.497+0000] {logging_mixin.py:188} INFO - [2024-04-21T20:34:28.496+0000] {dagbag.py:540} INFO - Filling up the DagBag from /home/airflow/.local/lib/python3.9/site-packages/airflow/example_dags/example_task_group_decorator.py
[2024-04-21T20:34:28.520+0000] {processor.py:840} INFO - DAG(s) 'example_task_group_decorator' retrieved from /home/airflow/.local/lib/python3.9/site-packages/airflow/example_dags/example_task_group_decorator.py
[2024-04-21T20:34:28.594+0000] {logging_mixin.py:188} INFO - [2024-04-21T20:34:28.594+0000] {dag.py:3047} INFO - Sync 1 DAGs
[2024-04-21T20:34:28.624+0000] {logging_mixin.py:188} INFO - [2024-04-21T20:34:28.623+0000] {dag.py:3834} INFO - Setting next_dagrun for example_task_group_decorator to 2024-04-20 00:00:00+00:00, run_after=2024-04-21 00:00:00+00:00
[2024-04-21T20:34:28.659+0000] {processor.py:183} INFO - Processing /home/airflow/.local/lib/python3.9/site-packages/airflow/example_dags/example_task_group_decorator.py took 0.174 seconds
[2024-04-21T20:34:59.513+0000] {processor.py:161} INFO - Started process (PID=97) to work on /home/airflow/.local/lib/python3.9/site-packages/airflow/example_dags/example_task_group_decorator.py
[2024-04-21T20:34:59.516+0000] {processor.py:830} INFO - Processing file /home/airflow/.local/lib/python3.9/site-packages/airflow/example_dags/example_task_group_decorator.py for tasks to queue
[2024-04-21T20:34:59.529+0000] {logging_mixin.py:188} INFO - [2024-04-21T20:34:59.528+0000] {dagbag.py:540} INFO - Filling up the DagBag from /home/airflow/.local/lib/python3.9/site-packages/airflow/example_dags/example_task_group_decorator.py
[2024-04-21T20:34:59.585+0000] {processor.py:840} INFO - DAG(s) 'example_task_group_decorator' retrieved from /home/airflow/.local/lib/python3.9/site-packages/airflow/example_dags/example_task_group_decorator.py
[2024-04-21T20:34:59.690+0000] {logging_mixin.py:188} INFO - [2024-04-21T20:34:59.689+0000] {dag.py:3047} INFO - Sync 1 DAGs
[2024-04-21T20:34:59.728+0000] {logging_mixin.py:188} INFO - [2024-04-21T20:34:59.727+0000] {dag.py:3834} INFO - Setting next_dagrun for example_task_group_decorator to 2024-04-20 00:00:00+00:00, run_after=2024-04-21 00:00:00+00:00
[2024-04-21T20:34:59.772+0000] {processor.py:183} INFO - Processing /home/airflow/.local/lib/python3.9/site-packages/airflow/example_dags/example_task_group_decorator.py took 0.265 seconds
[2024-04-21T20:35:30.585+0000] {processor.py:161} INFO - Started process (PID=153) to work on /home/airflow/.local/lib/python3.9/site-packages/airflow/example_dags/example_task_group_decorator.py
[2024-04-21T20:35:30.586+0000] {processor.py:830} INFO - Processing file /home/airflow/.local/lib/python3.9/site-packages/airflow/example_dags/example_task_group_decorator.py for tasks to queue
[2024-04-21T20:35:30.588+0000] {logging_mixin.py:188} INFO - [2024-04-21T20:35:30.588+0000] {dagbag.py:540} INFO - Filling up the DagBag from /home/airflow/.local/lib/python3.9/site-packages/airflow/example_dags/example_task_group_decorator.py
[2024-04-21T20:35:30.604+0000] {processor.py:840} INFO - DAG(s) 'example_task_group_decorator' retrieved from /home/airflow/.local/lib/python3.9/site-packages/airflow/example_dags/example_task_group_decorator.py
[2024-04-21T20:35:30.669+0000] {logging_mixin.py:188} INFO - [2024-04-21T20:35:30.669+0000] {dag.py:3047} INFO - Sync 1 DAGs
[2024-04-21T20:35:30.697+0000] {logging_mixin.py:188} INFO - [2024-04-21T20:35:30.696+0000] {dag.py:3834} INFO - Setting next_dagrun for example_task_group_decorator to 2024-04-20 00:00:00+00:00, run_after=2024-04-21 00:00:00+00:00
[2024-04-21T20:35:30.734+0000] {processor.py:183} INFO - Processing /home/airflow/.local/lib/python3.9/site-packages/airflow/example_dags/example_task_group_decorator.py took 0.152 seconds
[2024-04-21T20:36:01.222+0000] {processor.py:161} INFO - Started process (PID=209) to work on /home/airflow/.local/lib/python3.9/site-packages/airflow/example_dags/example_task_group_decorator.py
[2024-04-21T20:36:01.224+0000] {processor.py:830} INFO - Processing file /home/airflow/.local/lib/python3.9/site-packages/airflow/example_dags/example_task_group_decorator.py for tasks to queue
[2024-04-21T20:36:01.226+0000] {logging_mixin.py:188} INFO - [2024-04-21T20:36:01.225+0000] {dagbag.py:540} INFO - Filling up the DagBag from /home/airflow/.local/lib/python3.9/site-packages/airflow/example_dags/example_task_group_decorator.py
[2024-04-21T20:36:01.241+0000] {processor.py:840} INFO - DAG(s) 'example_task_group_decorator' retrieved from /home/airflow/.local/lib/python3.9/site-packages/airflow/example_dags/example_task_group_decorator.py
[2024-04-21T20:36:01.305+0000] {logging_mixin.py:188} INFO - [2024-04-21T20:36:01.304+0000] {dag.py:3047} INFO - Sync 1 DAGs
[2024-04-21T20:36:01.335+0000] {logging_mixin.py:188} INFO - [2024-04-21T20:36:01.335+0000] {dag.py:3834} INFO - Setting next_dagrun for example_task_group_decorator to 2024-04-20 00:00:00+00:00, run_after=2024-04-21 00:00:00+00:00
[2024-04-21T20:36:01.374+0000] {processor.py:183} INFO - Processing /home/airflow/.local/lib/python3.9/site-packages/airflow/example_dags/example_task_group_decorator.py took 0.155 seconds
[2024-04-21T20:36:31.547+0000] {processor.py:161} INFO - Started process (PID=266) to work on /home/airflow/.local/lib/python3.9/site-packages/airflow/example_dags/example_task_group_decorator.py
[2024-04-21T20:36:31.548+0000] {processor.py:830} INFO - Processing file /home/airflow/.local/lib/python3.9/site-packages/airflow/example_dags/example_task_group_decorator.py for tasks to queue
[2024-04-21T20:36:31.551+0000] {logging_mixin.py:188} INFO - [2024-04-21T20:36:31.551+0000] {dagbag.py:540} INFO - Filling up the DagBag from /home/airflow/.local/lib/python3.9/site-packages/airflow/example_dags/example_task_group_decorator.py
[2024-04-21T20:36:31.568+0000] {processor.py:840} INFO - DAG(s) 'example_task_group_decorator' retrieved from /home/airflow/.local/lib/python3.9/site-packages/airflow/example_dags/example_task_group_decorator.py
[2024-04-21T20:36:31.640+0000] {logging_mixin.py:188} INFO - [2024-04-21T20:36:31.640+0000] {dag.py:3047} INFO - Sync 1 DAGs
[2024-04-21T20:36:31.683+0000] {logging_mixin.py:188} INFO - [2024-04-21T20:36:31.682+0000] {dag.py:3834} INFO - Setting next_dagrun for example_task_group_decorator to 2024-04-20 00:00:00+00:00, run_after=2024-04-21 00:00:00+00:00
[2024-04-21T20:36:31.730+0000] {processor.py:183} INFO - Processing /home/airflow/.local/lib/python3.9/site-packages/airflow/example_dags/example_task_group_decorator.py took 0.187 seconds
[2024-04-21T20:37:01.867+0000] {processor.py:161} INFO - Started process (PID=323) to work on /home/airflow/.local/lib/python3.9/site-packages/airflow/example_dags/example_task_group_decorator.py
[2024-04-21T20:37:01.869+0000] {processor.py:830} INFO - Processing file /home/airflow/.local/lib/python3.9/site-packages/airflow/example_dags/example_task_group_decorator.py for tasks to queue
[2024-04-21T20:37:01.871+0000] {logging_mixin.py:188} INFO - [2024-04-21T20:37:01.871+0000] {dagbag.py:540} INFO - Filling up the DagBag from /home/airflow/.local/lib/python3.9/site-packages/airflow/example_dags/example_task_group_decorator.py
[2024-04-21T20:37:01.888+0000] {processor.py:840} INFO - DAG(s) 'example_task_group_decorator' retrieved from /home/airflow/.local/lib/python3.9/site-packages/airflow/example_dags/example_task_group_decorator.py
[2024-04-21T20:37:01.948+0000] {logging_mixin.py:188} INFO - [2024-04-21T20:37:01.948+0000] {dag.py:3047} INFO - Sync 1 DAGs
[2024-04-21T20:37:01.974+0000] {logging_mixin.py:188} INFO - [2024-04-21T20:37:01.974+0000] {dag.py:3834} INFO - Setting next_dagrun for example_task_group_decorator to 2024-04-20 00:00:00+00:00, run_after=2024-04-21 00:00:00+00:00
[2024-04-21T20:37:02.014+0000] {processor.py:183} INFO - Processing /home/airflow/.local/lib/python3.9/site-packages/airflow/example_dags/example_task_group_decorator.py took 0.151 seconds
[2024-04-21T20:37:32.513+0000] {processor.py:161} INFO - Started process (PID=380) to work on /home/airflow/.local/lib/python3.9/site-packages/airflow/example_dags/example_task_group_decorator.py
[2024-04-21T20:37:32.514+0000] {processor.py:830} INFO - Processing file /home/airflow/.local/lib/python3.9/site-packages/airflow/example_dags/example_task_group_decorator.py for tasks to queue
[2024-04-21T20:37:32.516+0000] {logging_mixin.py:188} INFO - [2024-04-21T20:37:32.516+0000] {dagbag.py:540} INFO - Filling up the DagBag from /home/airflow/.local/lib/python3.9/site-packages/airflow/example_dags/example_task_group_decorator.py
[2024-04-21T20:37:32.530+0000] {processor.py:840} INFO - DAG(s) 'example_task_group_decorator' retrieved from /home/airflow/.local/lib/python3.9/site-packages/airflow/example_dags/example_task_group_decorator.py
[2024-04-21T20:37:32.587+0000] {logging_mixin.py:188} INFO - [2024-04-21T20:37:32.586+0000] {dag.py:3047} INFO - Sync 1 DAGs
[2024-04-21T20:37:32.608+0000] {logging_mixin.py:188} INFO - [2024-04-21T20:37:32.608+0000] {dag.py:3834} INFO - Setting next_dagrun for example_task_group_decorator to 2024-04-20 00:00:00+00:00, run_after=2024-04-21 00:00:00+00:00
[2024-04-21T20:37:32.639+0000] {processor.py:183} INFO - Processing /home/airflow/.local/lib/python3.9/site-packages/airflow/example_dags/example_task_group_decorator.py took 0.129 seconds
[2024-04-21T20:38:03.497+0000] {processor.py:161} INFO - Started process (PID=437) to work on /home/airflow/.local/lib/python3.9/site-packages/airflow/example_dags/example_task_group_decorator.py
[2024-04-21T20:38:03.498+0000] {processor.py:830} INFO - Processing file /home/airflow/.local/lib/python3.9/site-packages/airflow/example_dags/example_task_group_decorator.py for tasks to queue
[2024-04-21T20:38:03.501+0000] {logging_mixin.py:188} INFO - [2024-04-21T20:38:03.501+0000] {dagbag.py:540} INFO - Filling up the DagBag from /home/airflow/.local/lib/python3.9/site-packages/airflow/example_dags/example_task_group_decorator.py
[2024-04-21T20:38:03.516+0000] {processor.py:840} INFO - DAG(s) 'example_task_group_decorator' retrieved from /home/airflow/.local/lib/python3.9/site-packages/airflow/example_dags/example_task_group_decorator.py
[2024-04-21T20:38:03.576+0000] {logging_mixin.py:188} INFO - [2024-04-21T20:38:03.575+0000] {dag.py:3047} INFO - Sync 1 DAGs
[2024-04-21T20:38:03.600+0000] {logging_mixin.py:188} INFO - [2024-04-21T20:38:03.600+0000] {dag.py:3834} INFO - Setting next_dagrun for example_task_group_decorator to 2024-04-20 00:00:00+00:00, run_after=2024-04-21 00:00:00+00:00
[2024-04-21T20:38:03.634+0000] {processor.py:183} INFO - Processing /home/airflow/.local/lib/python3.9/site-packages/airflow/example_dags/example_task_group_decorator.py took 0.140 seconds
[2024-04-21T20:38:34.088+0000] {processor.py:161} INFO - Started process (PID=494) to work on /home/airflow/.local/lib/python3.9/site-packages/airflow/example_dags/example_task_group_decorator.py
[2024-04-21T20:38:34.089+0000] {processor.py:830} INFO - Processing file /home/airflow/.local/lib/python3.9/site-packages/airflow/example_dags/example_task_group_decorator.py for tasks to queue
[2024-04-21T20:38:34.092+0000] {logging_mixin.py:188} INFO - [2024-04-21T20:38:34.092+0000] {dagbag.py:540} INFO - Filling up the DagBag from /home/airflow/.local/lib/python3.9/site-packages/airflow/example_dags/example_task_group_decorator.py
[2024-04-21T20:38:34.107+0000] {processor.py:840} INFO - DAG(s) 'example_task_group_decorator' retrieved from /home/airflow/.local/lib/python3.9/site-packages/airflow/example_dags/example_task_group_decorator.py
[2024-04-21T20:38:34.176+0000] {logging_mixin.py:188} INFO - [2024-04-21T20:38:34.175+0000] {dag.py:3047} INFO - Sync 1 DAGs
[2024-04-21T20:38:34.203+0000] {logging_mixin.py:188} INFO - [2024-04-21T20:38:34.203+0000] {dag.py:3834} INFO - Setting next_dagrun for example_task_group_decorator to 2024-04-20 00:00:00+00:00, run_after=2024-04-21 00:00:00+00:00
[2024-04-21T20:38:34.243+0000] {processor.py:183} INFO - Processing /home/airflow/.local/lib/python3.9/site-packages/airflow/example_dags/example_task_group_decorator.py took 0.158 seconds
[2024-04-21T20:39:04.421+0000] {processor.py:161} INFO - Started process (PID=551) to work on /home/airflow/.local/lib/python3.9/site-packages/airflow/example_dags/example_task_group_decorator.py
[2024-04-21T20:39:04.422+0000] {processor.py:830} INFO - Processing file /home/airflow/.local/lib/python3.9/site-packages/airflow/example_dags/example_task_group_decorator.py for tasks to queue
[2024-04-21T20:39:04.426+0000] {logging_mixin.py:188} INFO - [2024-04-21T20:39:04.426+0000] {dagbag.py:540} INFO - Filling up the DagBag from /home/airflow/.local/lib/python3.9/site-packages/airflow/example_dags/example_task_group_decorator.py
[2024-04-21T20:39:04.442+0000] {processor.py:840} INFO - DAG(s) 'example_task_group_decorator' retrieved from /home/airflow/.local/lib/python3.9/site-packages/airflow/example_dags/example_task_group_decorator.py
[2024-04-21T20:39:04.501+0000] {logging_mixin.py:188} INFO - [2024-04-21T20:39:04.501+0000] {dag.py:3047} INFO - Sync 1 DAGs
[2024-04-21T20:39:04.527+0000] {logging_mixin.py:188} INFO - [2024-04-21T20:39:04.527+0000] {dag.py:3834} INFO - Setting next_dagrun for example_task_group_decorator to 2024-04-20 00:00:00+00:00, run_after=2024-04-21 00:00:00+00:00
[2024-04-21T20:39:04.560+0000] {processor.py:183} INFO - Processing /home/airflow/.local/lib/python3.9/site-packages/airflow/example_dags/example_task_group_decorator.py took 0.144 seconds
[2024-04-21T20:40:39.528+0000] {processor.py:161} INFO - Started process (PID=584) to work on /home/airflow/.local/lib/python3.9/site-packages/airflow/example_dags/example_task_group_decorator.py
[2024-04-21T20:40:39.530+0000] {processor.py:830} INFO - Processing file /home/airflow/.local/lib/python3.9/site-packages/airflow/example_dags/example_task_group_decorator.py for tasks to queue
[2024-04-21T20:40:39.535+0000] {logging_mixin.py:188} INFO - [2024-04-21T20:40:39.534+0000] {dagbag.py:540} INFO - Filling up the DagBag from /home/airflow/.local/lib/python3.9/site-packages/airflow/example_dags/example_task_group_decorator.py
[2024-04-21T20:40:39.572+0000] {processor.py:840} INFO - DAG(s) 'example_task_group_decorator' retrieved from /home/airflow/.local/lib/python3.9/site-packages/airflow/example_dags/example_task_group_decorator.py
[2024-04-21T20:40:39.679+0000] {logging_mixin.py:188} INFO - [2024-04-21T20:40:39.678+0000] {dag.py:3047} INFO - Sync 1 DAGs
[2024-04-21T20:40:39.699+0000] {logging_mixin.py:188} INFO - [2024-04-21T20:40:39.699+0000] {dag.py:3834} INFO - Setting next_dagrun for example_task_group_decorator to 2024-04-20 00:00:00+00:00, run_after=2024-04-21 00:00:00+00:00
[2024-04-21T20:40:39.732+0000] {processor.py:183} INFO - Processing /home/airflow/.local/lib/python3.9/site-packages/airflow/example_dags/example_task_group_decorator.py took 0.211 seconds
[2024-04-21T20:41:10.463+0000] {processor.py:161} INFO - Started process (PID=643) to work on /home/airflow/.local/lib/python3.9/site-packages/airflow/example_dags/example_task_group_decorator.py
[2024-04-21T20:41:10.465+0000] {processor.py:830} INFO - Processing file /home/airflow/.local/lib/python3.9/site-packages/airflow/example_dags/example_task_group_decorator.py for tasks to queue
[2024-04-21T20:41:10.467+0000] {logging_mixin.py:188} INFO - [2024-04-21T20:41:10.467+0000] {dagbag.py:540} INFO - Filling up the DagBag from /home/airflow/.local/lib/python3.9/site-packages/airflow/example_dags/example_task_group_decorator.py
[2024-04-21T20:41:10.483+0000] {processor.py:840} INFO - DAG(s) 'example_task_group_decorator' retrieved from /home/airflow/.local/lib/python3.9/site-packages/airflow/example_dags/example_task_group_decorator.py
[2024-04-21T20:41:10.551+0000] {logging_mixin.py:188} INFO - [2024-04-21T20:41:10.551+0000] {dag.py:3047} INFO - Sync 1 DAGs
[2024-04-21T20:41:10.575+0000] {logging_mixin.py:188} INFO - [2024-04-21T20:41:10.574+0000] {dag.py:3834} INFO - Setting next_dagrun for example_task_group_decorator to 2024-04-20 00:00:00+00:00, run_after=2024-04-21 00:00:00+00:00
[2024-04-21T20:41:10.614+0000] {processor.py:183} INFO - Processing /home/airflow/.local/lib/python3.9/site-packages/airflow/example_dags/example_task_group_decorator.py took 0.155 seconds
[2024-04-21T20:41:40.902+0000] {processor.py:161} INFO - Started process (PID=700) to work on /home/airflow/.local/lib/python3.9/site-packages/airflow/example_dags/example_task_group_decorator.py
[2024-04-21T20:41:40.903+0000] {processor.py:830} INFO - Processing file /home/airflow/.local/lib/python3.9/site-packages/airflow/example_dags/example_task_group_decorator.py for tasks to queue
[2024-04-21T20:41:40.905+0000] {logging_mixin.py:188} INFO - [2024-04-21T20:41:40.904+0000] {dagbag.py:540} INFO - Filling up the DagBag from /home/airflow/.local/lib/python3.9/site-packages/airflow/example_dags/example_task_group_decorator.py
[2024-04-21T20:41:40.919+0000] {processor.py:840} INFO - DAG(s) 'example_task_group_decorator' retrieved from /home/airflow/.local/lib/python3.9/site-packages/airflow/example_dags/example_task_group_decorator.py
[2024-04-21T20:41:40.978+0000] {logging_mixin.py:188} INFO - [2024-04-21T20:41:40.978+0000] {dag.py:3047} INFO - Sync 1 DAGs
[2024-04-21T20:41:40.998+0000] {logging_mixin.py:188} INFO - [2024-04-21T20:41:40.998+0000] {dag.py:3834} INFO - Setting next_dagrun for example_task_group_decorator to 2024-04-20 00:00:00+00:00, run_after=2024-04-21 00:00:00+00:00
[2024-04-21T20:41:41.031+0000] {processor.py:183} INFO - Processing /home/airflow/.local/lib/python3.9/site-packages/airflow/example_dags/example_task_group_decorator.py took 0.132 seconds
[2024-04-21T20:42:35.365+0000] {processor.py:161} INFO - Started process (PID=40) to work on /home/airflow/.local/lib/python3.9/site-packages/airflow/example_dags/example_task_group_decorator.py
[2024-04-21T20:42:35.366+0000] {processor.py:830} INFO - Processing file /home/airflow/.local/lib/python3.9/site-packages/airflow/example_dags/example_task_group_decorator.py for tasks to queue
[2024-04-21T20:42:35.368+0000] {logging_mixin.py:188} INFO - [2024-04-21T20:42:35.367+0000] {dagbag.py:540} INFO - Filling up the DagBag from /home/airflow/.local/lib/python3.9/site-packages/airflow/example_dags/example_task_group_decorator.py
[2024-04-21T20:42:35.384+0000] {processor.py:840} INFO - DAG(s) 'example_task_group_decorator' retrieved from /home/airflow/.local/lib/python3.9/site-packages/airflow/example_dags/example_task_group_decorator.py
[2024-04-21T20:42:35.459+0000] {logging_mixin.py:188} INFO - [2024-04-21T20:42:35.458+0000] {dag.py:3047} INFO - Sync 1 DAGs
[2024-04-21T20:42:35.483+0000] {logging_mixin.py:188} INFO - [2024-04-21T20:42:35.483+0000] {dag.py:3834} INFO - Setting next_dagrun for example_task_group_decorator to 2024-04-20 00:00:00+00:00, run_after=2024-04-21 00:00:00+00:00
[2024-04-21T20:42:35.517+0000] {processor.py:183} INFO - Processing /home/airflow/.local/lib/python3.9/site-packages/airflow/example_dags/example_task_group_decorator.py took 0.155 seconds
[2024-04-21T20:43:05.567+0000] {processor.py:161} INFO - Started process (PID=95) to work on /home/airflow/.local/lib/python3.9/site-packages/airflow/example_dags/example_task_group_decorator.py
[2024-04-21T20:43:05.568+0000] {processor.py:830} INFO - Processing file /home/airflow/.local/lib/python3.9/site-packages/airflow/example_dags/example_task_group_decorator.py for tasks to queue
[2024-04-21T20:43:05.571+0000] {logging_mixin.py:188} INFO - [2024-04-21T20:43:05.571+0000] {dagbag.py:540} INFO - Filling up the DagBag from /home/airflow/.local/lib/python3.9/site-packages/airflow/example_dags/example_task_group_decorator.py
[2024-04-21T20:43:05.584+0000] {processor.py:840} INFO - DAG(s) 'example_task_group_decorator' retrieved from /home/airflow/.local/lib/python3.9/site-packages/airflow/example_dags/example_task_group_decorator.py
[2024-04-21T20:43:05.640+0000] {logging_mixin.py:188} INFO - [2024-04-21T20:43:05.640+0000] {dag.py:3047} INFO - Sync 1 DAGs
[2024-04-21T20:43:05.663+0000] {logging_mixin.py:188} INFO - [2024-04-21T20:43:05.663+0000] {dag.py:3834} INFO - Setting next_dagrun for example_task_group_decorator to 2024-04-20 00:00:00+00:00, run_after=2024-04-21 00:00:00+00:00
[2024-04-21T20:43:05.696+0000] {processor.py:183} INFO - Processing /home/airflow/.local/lib/python3.9/site-packages/airflow/example_dags/example_task_group_decorator.py took 0.132 seconds
[2024-04-21T20:43:35.781+0000] {processor.py:161} INFO - Started process (PID=152) to work on /home/airflow/.local/lib/python3.9/site-packages/airflow/example_dags/example_task_group_decorator.py
[2024-04-21T20:43:35.782+0000] {processor.py:830} INFO - Processing file /home/airflow/.local/lib/python3.9/site-packages/airflow/example_dags/example_task_group_decorator.py for tasks to queue
[2024-04-21T20:43:35.784+0000] {logging_mixin.py:188} INFO - [2024-04-21T20:43:35.784+0000] {dagbag.py:540} INFO - Filling up the DagBag from /home/airflow/.local/lib/python3.9/site-packages/airflow/example_dags/example_task_group_decorator.py
[2024-04-21T20:43:35.798+0000] {processor.py:840} INFO - DAG(s) 'example_task_group_decorator' retrieved from /home/airflow/.local/lib/python3.9/site-packages/airflow/example_dags/example_task_group_decorator.py
[2024-04-21T20:43:35.855+0000] {logging_mixin.py:188} INFO - [2024-04-21T20:43:35.854+0000] {dag.py:3047} INFO - Sync 1 DAGs
[2024-04-21T20:43:35.877+0000] {logging_mixin.py:188} INFO - [2024-04-21T20:43:35.877+0000] {dag.py:3834} INFO - Setting next_dagrun for example_task_group_decorator to 2024-04-20 00:00:00+00:00, run_after=2024-04-21 00:00:00+00:00
[2024-04-21T20:43:35.910+0000] {processor.py:183} INFO - Processing /home/airflow/.local/lib/python3.9/site-packages/airflow/example_dags/example_task_group_decorator.py took 0.132 seconds
[2024-04-21T20:44:06.424+0000] {processor.py:161} INFO - Started process (PID=209) to work on /home/airflow/.local/lib/python3.9/site-packages/airflow/example_dags/example_task_group_decorator.py
[2024-04-21T20:44:06.425+0000] {processor.py:830} INFO - Processing file /home/airflow/.local/lib/python3.9/site-packages/airflow/example_dags/example_task_group_decorator.py for tasks to queue
[2024-04-21T20:44:06.427+0000] {logging_mixin.py:188} INFO - [2024-04-21T20:44:06.427+0000] {dagbag.py:540} INFO - Filling up the DagBag from /home/airflow/.local/lib/python3.9/site-packages/airflow/example_dags/example_task_group_decorator.py
[2024-04-21T20:44:06.440+0000] {processor.py:840} INFO - DAG(s) 'example_task_group_decorator' retrieved from /home/airflow/.local/lib/python3.9/site-packages/airflow/example_dags/example_task_group_decorator.py
[2024-04-21T20:44:06.496+0000] {logging_mixin.py:188} INFO - [2024-04-21T20:44:06.496+0000] {dag.py:3047} INFO - Sync 1 DAGs
[2024-04-21T20:44:06.517+0000] {logging_mixin.py:188} INFO - [2024-04-21T20:44:06.516+0000] {dag.py:3834} INFO - Setting next_dagrun for example_task_group_decorator to 2024-04-20 00:00:00+00:00, run_after=2024-04-21 00:00:00+00:00
[2024-04-21T20:44:06.547+0000] {processor.py:183} INFO - Processing /home/airflow/.local/lib/python3.9/site-packages/airflow/example_dags/example_task_group_decorator.py took 0.126 seconds
[2024-04-21T20:44:37.044+0000] {processor.py:161} INFO - Started process (PID=266) to work on /home/airflow/.local/lib/python3.9/site-packages/airflow/example_dags/example_task_group_decorator.py
[2024-04-21T20:44:37.045+0000] {processor.py:830} INFO - Processing file /home/airflow/.local/lib/python3.9/site-packages/airflow/example_dags/example_task_group_decorator.py for tasks to queue
[2024-04-21T20:44:37.048+0000] {logging_mixin.py:188} INFO - [2024-04-21T20:44:37.047+0000] {dagbag.py:540} INFO - Filling up the DagBag from /home/airflow/.local/lib/python3.9/site-packages/airflow/example_dags/example_task_group_decorator.py
[2024-04-21T20:44:37.063+0000] {processor.py:840} INFO - DAG(s) 'example_task_group_decorator' retrieved from /home/airflow/.local/lib/python3.9/site-packages/airflow/example_dags/example_task_group_decorator.py
[2024-04-21T20:44:37.126+0000] {logging_mixin.py:188} INFO - [2024-04-21T20:44:37.125+0000] {dag.py:3047} INFO - Sync 1 DAGs
[2024-04-21T20:44:37.150+0000] {logging_mixin.py:188} INFO - [2024-04-21T20:44:37.149+0000] {dag.py:3834} INFO - Setting next_dagrun for example_task_group_decorator to 2024-04-20 00:00:00+00:00, run_after=2024-04-21 00:00:00+00:00
[2024-04-21T20:44:37.183+0000] {processor.py:183} INFO - Processing /home/airflow/.local/lib/python3.9/site-packages/airflow/example_dags/example_task_group_decorator.py took 0.142 seconds
[2024-04-21T20:45:07.662+0000] {processor.py:161} INFO - Started process (PID=323) to work on /home/airflow/.local/lib/python3.9/site-packages/airflow/example_dags/example_task_group_decorator.py
[2024-04-21T20:45:07.664+0000] {processor.py:830} INFO - Processing file /home/airflow/.local/lib/python3.9/site-packages/airflow/example_dags/example_task_group_decorator.py for tasks to queue
[2024-04-21T20:45:07.666+0000] {logging_mixin.py:188} INFO - [2024-04-21T20:45:07.666+0000] {dagbag.py:540} INFO - Filling up the DagBag from /home/airflow/.local/lib/python3.9/site-packages/airflow/example_dags/example_task_group_decorator.py
[2024-04-21T20:45:07.682+0000] {processor.py:840} INFO - DAG(s) 'example_task_group_decorator' retrieved from /home/airflow/.local/lib/python3.9/site-packages/airflow/example_dags/example_task_group_decorator.py
[2024-04-21T20:45:07.739+0000] {logging_mixin.py:188} INFO - [2024-04-21T20:45:07.739+0000] {dag.py:3047} INFO - Sync 1 DAGs
[2024-04-21T20:45:07.767+0000] {logging_mixin.py:188} INFO - [2024-04-21T20:45:07.766+0000] {dag.py:3834} INFO - Setting next_dagrun for example_task_group_decorator to 2024-04-20 00:00:00+00:00, run_after=2024-04-21 00:00:00+00:00
[2024-04-21T20:45:07.804+0000] {processor.py:183} INFO - Processing /home/airflow/.local/lib/python3.9/site-packages/airflow/example_dags/example_task_group_decorator.py took 0.145 seconds
[2024-04-21T20:45:37.904+0000] {processor.py:161} INFO - Started process (PID=380) to work on /home/airflow/.local/lib/python3.9/site-packages/airflow/example_dags/example_task_group_decorator.py
[2024-04-21T20:45:37.905+0000] {processor.py:830} INFO - Processing file /home/airflow/.local/lib/python3.9/site-packages/airflow/example_dags/example_task_group_decorator.py for tasks to queue
[2024-04-21T20:45:37.908+0000] {logging_mixin.py:188} INFO - [2024-04-21T20:45:37.907+0000] {dagbag.py:540} INFO - Filling up the DagBag from /home/airflow/.local/lib/python3.9/site-packages/airflow/example_dags/example_task_group_decorator.py
[2024-04-21T20:45:37.924+0000] {processor.py:840} INFO - DAG(s) 'example_task_group_decorator' retrieved from /home/airflow/.local/lib/python3.9/site-packages/airflow/example_dags/example_task_group_decorator.py
[2024-04-21T20:45:37.988+0000] {logging_mixin.py:188} INFO - [2024-04-21T20:45:37.988+0000] {dag.py:3047} INFO - Sync 1 DAGs
[2024-04-21T20:45:38.018+0000] {logging_mixin.py:188} INFO - [2024-04-21T20:45:38.017+0000] {dag.py:3834} INFO - Setting next_dagrun for example_task_group_decorator to 2024-04-20 00:00:00+00:00, run_after=2024-04-21 00:00:00+00:00
[2024-04-21T20:45:38.052+0000] {processor.py:183} INFO - Processing /home/airflow/.local/lib/python3.9/site-packages/airflow/example_dags/example_task_group_decorator.py took 0.151 seconds
[2024-04-21T20:46:08.815+0000] {processor.py:161} INFO - Started process (PID=437) to work on /home/airflow/.local/lib/python3.9/site-packages/airflow/example_dags/example_task_group_decorator.py
[2024-04-21T20:46:08.816+0000] {processor.py:830} INFO - Processing file /home/airflow/.local/lib/python3.9/site-packages/airflow/example_dags/example_task_group_decorator.py for tasks to queue
[2024-04-21T20:46:08.818+0000] {logging_mixin.py:188} INFO - [2024-04-21T20:46:08.818+0000] {dagbag.py:540} INFO - Filling up the DagBag from /home/airflow/.local/lib/python3.9/site-packages/airflow/example_dags/example_task_group_decorator.py
[2024-04-21T20:46:08.835+0000] {processor.py:840} INFO - DAG(s) 'example_task_group_decorator' retrieved from /home/airflow/.local/lib/python3.9/site-packages/airflow/example_dags/example_task_group_decorator.py
[2024-04-21T20:46:08.897+0000] {logging_mixin.py:188} INFO - [2024-04-21T20:46:08.897+0000] {dag.py:3047} INFO - Sync 1 DAGs
[2024-04-21T20:46:08.923+0000] {logging_mixin.py:188} INFO - [2024-04-21T20:46:08.923+0000] {dag.py:3834} INFO - Setting next_dagrun for example_task_group_decorator to 2024-04-20 00:00:00+00:00, run_after=2024-04-21 00:00:00+00:00
[2024-04-21T20:46:08.963+0000] {processor.py:183} INFO - Processing /home/airflow/.local/lib/python3.9/site-packages/airflow/example_dags/example_task_group_decorator.py took 0.151 seconds
[2024-04-21T20:46:39.457+0000] {processor.py:161} INFO - Started process (PID=494) to work on /home/airflow/.local/lib/python3.9/site-packages/airflow/example_dags/example_task_group_decorator.py
[2024-04-21T20:46:39.458+0000] {processor.py:830} INFO - Processing file /home/airflow/.local/lib/python3.9/site-packages/airflow/example_dags/example_task_group_decorator.py for tasks to queue
[2024-04-21T20:46:39.461+0000] {logging_mixin.py:188} INFO - [2024-04-21T20:46:39.460+0000] {dagbag.py:540} INFO - Filling up the DagBag from /home/airflow/.local/lib/python3.9/site-packages/airflow/example_dags/example_task_group_decorator.py
[2024-04-21T20:46:39.474+0000] {processor.py:840} INFO - DAG(s) 'example_task_group_decorator' retrieved from /home/airflow/.local/lib/python3.9/site-packages/airflow/example_dags/example_task_group_decorator.py
[2024-04-21T20:46:39.530+0000] {logging_mixin.py:188} INFO - [2024-04-21T20:46:39.529+0000] {dag.py:3047} INFO - Sync 1 DAGs
[2024-04-21T20:46:39.551+0000] {logging_mixin.py:188} INFO - [2024-04-21T20:46:39.551+0000] {dag.py:3834} INFO - Setting next_dagrun for example_task_group_decorator to 2024-04-20 00:00:00+00:00, run_after=2024-04-21 00:00:00+00:00
[2024-04-21T20:46:39.581+0000] {processor.py:183} INFO - Processing /home/airflow/.local/lib/python3.9/site-packages/airflow/example_dags/example_task_group_decorator.py took 0.126 seconds
[2024-04-21T20:47:09.943+0000] {processor.py:161} INFO - Started process (PID=551) to work on /home/airflow/.local/lib/python3.9/site-packages/airflow/example_dags/example_task_group_decorator.py
[2024-04-21T20:47:09.944+0000] {processor.py:830} INFO - Processing file /home/airflow/.local/lib/python3.9/site-packages/airflow/example_dags/example_task_group_decorator.py for tasks to queue
[2024-04-21T20:47:09.946+0000] {logging_mixin.py:188} INFO - [2024-04-21T20:47:09.946+0000] {dagbag.py:540} INFO - Filling up the DagBag from /home/airflow/.local/lib/python3.9/site-packages/airflow/example_dags/example_task_group_decorator.py
[2024-04-21T20:47:09.960+0000] {processor.py:840} INFO - DAG(s) 'example_task_group_decorator' retrieved from /home/airflow/.local/lib/python3.9/site-packages/airflow/example_dags/example_task_group_decorator.py
[2024-04-21T20:47:10.016+0000] {logging_mixin.py:188} INFO - [2024-04-21T20:47:10.015+0000] {dag.py:3047} INFO - Sync 1 DAGs
[2024-04-21T20:47:10.043+0000] {logging_mixin.py:188} INFO - [2024-04-21T20:47:10.042+0000] {dag.py:3834} INFO - Setting next_dagrun for example_task_group_decorator to 2024-04-20 00:00:00+00:00, run_after=2024-04-21 00:00:00+00:00
[2024-04-21T20:47:10.073+0000] {processor.py:183} INFO - Processing /home/airflow/.local/lib/python3.9/site-packages/airflow/example_dags/example_task_group_decorator.py took 0.132 seconds
[2024-04-21T20:47:41.007+0000] {processor.py:161} INFO - Started process (PID=608) to work on /home/airflow/.local/lib/python3.9/site-packages/airflow/example_dags/example_task_group_decorator.py
[2024-04-21T20:47:41.008+0000] {processor.py:830} INFO - Processing file /home/airflow/.local/lib/python3.9/site-packages/airflow/example_dags/example_task_group_decorator.py for tasks to queue
[2024-04-21T20:47:41.010+0000] {logging_mixin.py:188} INFO - [2024-04-21T20:47:41.010+0000] {dagbag.py:540} INFO - Filling up the DagBag from /home/airflow/.local/lib/python3.9/site-packages/airflow/example_dags/example_task_group_decorator.py
[2024-04-21T20:47:41.022+0000] {processor.py:840} INFO - DAG(s) 'example_task_group_decorator' retrieved from /home/airflow/.local/lib/python3.9/site-packages/airflow/example_dags/example_task_group_decorator.py
[2024-04-21T20:47:41.089+0000] {logging_mixin.py:188} INFO - [2024-04-21T20:47:41.088+0000] {dag.py:3047} INFO - Sync 1 DAGs
[2024-04-21T20:47:41.110+0000] {logging_mixin.py:188} INFO - [2024-04-21T20:47:41.110+0000] {dag.py:3834} INFO - Setting next_dagrun for example_task_group_decorator to 2024-04-20 00:00:00+00:00, run_after=2024-04-21 00:00:00+00:00
[2024-04-21T20:47:41.144+0000] {processor.py:183} INFO - Processing /home/airflow/.local/lib/python3.9/site-packages/airflow/example_dags/example_task_group_decorator.py took 0.140 seconds
[2024-04-21T21:00:41.434+0000] {processor.py:161} INFO - Started process (PID=40) to work on /home/airflow/.local/lib/python3.9/site-packages/airflow/example_dags/example_task_group_decorator.py
[2024-04-21T21:00:41.436+0000] {processor.py:830} INFO - Processing file /home/airflow/.local/lib/python3.9/site-packages/airflow/example_dags/example_task_group_decorator.py for tasks to queue
[2024-04-21T21:00:41.439+0000] {logging_mixin.py:188} INFO - [2024-04-21T21:00:41.438+0000] {dagbag.py:540} INFO - Filling up the DagBag from /home/airflow/.local/lib/python3.9/site-packages/airflow/example_dags/example_task_group_decorator.py
[2024-04-21T21:00:41.469+0000] {processor.py:840} INFO - DAG(s) 'example_task_group_decorator' retrieved from /home/airflow/.local/lib/python3.9/site-packages/airflow/example_dags/example_task_group_decorator.py
[2024-04-21T21:00:41.577+0000] {logging_mixin.py:188} INFO - [2024-04-21T21:00:41.576+0000] {dag.py:3047} INFO - Sync 1 DAGs
[2024-04-21T21:00:41.618+0000] {logging_mixin.py:188} INFO - [2024-04-21T21:00:41.618+0000] {dag.py:3834} INFO - Setting next_dagrun for example_task_group_decorator to 2024-04-20 00:00:00+00:00, run_after=2024-04-21 00:00:00+00:00
[2024-04-21T21:00:41.671+0000] {processor.py:183} INFO - Processing /home/airflow/.local/lib/python3.9/site-packages/airflow/example_dags/example_task_group_decorator.py took 0.241 seconds
[2024-04-21T21:01:12.941+0000] {processor.py:161} INFO - Started process (PID=98) to work on /home/airflow/.local/lib/python3.9/site-packages/airflow/example_dags/example_task_group_decorator.py
[2024-04-21T21:01:12.943+0000] {processor.py:830} INFO - Processing file /home/airflow/.local/lib/python3.9/site-packages/airflow/example_dags/example_task_group_decorator.py for tasks to queue
[2024-04-21T21:01:12.947+0000] {logging_mixin.py:188} INFO - [2024-04-21T21:01:12.947+0000] {dagbag.py:540} INFO - Filling up the DagBag from /home/airflow/.local/lib/python3.9/site-packages/airflow/example_dags/example_task_group_decorator.py
[2024-04-21T21:01:12.974+0000] {processor.py:840} INFO - DAG(s) 'example_task_group_decorator' retrieved from /home/airflow/.local/lib/python3.9/site-packages/airflow/example_dags/example_task_group_decorator.py
[2024-04-21T21:01:13.596+0000] {logging_mixin.py:188} INFO - [2024-04-21T21:01:13.590+0000] {dag.py:3047} INFO - Sync 1 DAGs
[2024-04-21T21:01:13.689+0000] {logging_mixin.py:188} INFO - [2024-04-21T21:01:13.689+0000] {dag.py:3834} INFO - Setting next_dagrun for example_task_group_decorator to 2024-04-20 00:00:00+00:00, run_after=2024-04-21 00:00:00+00:00
[2024-04-21T21:01:13.772+0000] {processor.py:183} INFO - Processing /home/airflow/.local/lib/python3.9/site-packages/airflow/example_dags/example_task_group_decorator.py took 0.836 seconds
[2024-04-21T21:03:15.322+0000] {processor.py:161} INFO - Started process (PID=46) to work on /home/airflow/.local/lib/python3.9/site-packages/airflow/example_dags/example_task_group_decorator.py
[2024-04-21T21:03:15.328+0000] {processor.py:830} INFO - Processing file /home/airflow/.local/lib/python3.9/site-packages/airflow/example_dags/example_task_group_decorator.py for tasks to queue
[2024-04-21T21:03:15.337+0000] {logging_mixin.py:188} INFO - [2024-04-21T21:03:15.333+0000] {dagbag.py:540} INFO - Filling up the DagBag from /home/airflow/.local/lib/python3.9/site-packages/airflow/example_dags/example_task_group_decorator.py
[2024-04-21T21:03:15.385+0000] {processor.py:840} INFO - DAG(s) 'example_task_group_decorator' retrieved from /home/airflow/.local/lib/python3.9/site-packages/airflow/example_dags/example_task_group_decorator.py
[2024-04-21T21:03:15.566+0000] {logging_mixin.py:188} INFO - [2024-04-21T21:03:15.566+0000] {dag.py:3047} INFO - Sync 1 DAGs
[2024-04-21T21:03:15.654+0000] {logging_mixin.py:188} INFO - [2024-04-21T21:03:15.654+0000] {dag.py:3834} INFO - Setting next_dagrun for example_task_group_decorator to 2024-04-20 00:00:00+00:00, run_after=2024-04-21 00:00:00+00:00
[2024-04-21T21:03:15.759+0000] {processor.py:183} INFO - Processing /home/airflow/.local/lib/python3.9/site-packages/airflow/example_dags/example_task_group_decorator.py took 0.446 seconds
[2024-04-21T21:04:45.133+0000] {processor.py:161} INFO - Started process (PID=103) to work on /home/airflow/.local/lib/python3.9/site-packages/airflow/example_dags/example_task_group_decorator.py
[2024-04-21T21:04:45.135+0000] {processor.py:830} INFO - Processing file /home/airflow/.local/lib/python3.9/site-packages/airflow/example_dags/example_task_group_decorator.py for tasks to queue
[2024-04-21T21:04:45.137+0000] {logging_mixin.py:188} INFO - [2024-04-21T21:04:45.137+0000] {dagbag.py:540} INFO - Filling up the DagBag from /home/airflow/.local/lib/python3.9/site-packages/airflow/example_dags/example_task_group_decorator.py
[2024-04-21T21:04:45.156+0000] {processor.py:840} INFO - DAG(s) 'example_task_group_decorator' retrieved from /home/airflow/.local/lib/python3.9/site-packages/airflow/example_dags/example_task_group_decorator.py
[2024-04-21T21:04:45.227+0000] {logging_mixin.py:188} INFO - [2024-04-21T21:04:45.226+0000] {dag.py:3047} INFO - Sync 1 DAGs
[2024-04-21T21:04:45.266+0000] {logging_mixin.py:188} INFO - [2024-04-21T21:04:45.266+0000] {dag.py:3834} INFO - Setting next_dagrun for example_task_group_decorator to 2024-04-20 00:00:00+00:00, run_after=2024-04-21 00:00:00+00:00
[2024-04-21T21:04:45.314+0000] {processor.py:183} INFO - Processing /home/airflow/.local/lib/python3.9/site-packages/airflow/example_dags/example_task_group_decorator.py took 0.184 seconds
[2024-04-21T21:05:16.389+0000] {processor.py:161} INFO - Started process (PID=170) to work on /home/airflow/.local/lib/python3.9/site-packages/airflow/example_dags/example_task_group_decorator.py
[2024-04-21T21:05:16.390+0000] {processor.py:830} INFO - Processing file /home/airflow/.local/lib/python3.9/site-packages/airflow/example_dags/example_task_group_decorator.py for tasks to queue
[2024-04-21T21:05:16.393+0000] {logging_mixin.py:188} INFO - [2024-04-21T21:05:16.392+0000] {dagbag.py:540} INFO - Filling up the DagBag from /home/airflow/.local/lib/python3.9/site-packages/airflow/example_dags/example_task_group_decorator.py
[2024-04-21T21:05:16.409+0000] {processor.py:840} INFO - DAG(s) 'example_task_group_decorator' retrieved from /home/airflow/.local/lib/python3.9/site-packages/airflow/example_dags/example_task_group_decorator.py
[2024-04-21T21:05:16.476+0000] {logging_mixin.py:188} INFO - [2024-04-21T21:05:16.475+0000] {dag.py:3047} INFO - Sync 1 DAGs
[2024-04-21T21:05:16.503+0000] {logging_mixin.py:188} INFO - [2024-04-21T21:05:16.503+0000] {dag.py:3834} INFO - Setting next_dagrun for example_task_group_decorator to 2024-04-20 00:00:00+00:00, run_after=2024-04-21 00:00:00+00:00
[2024-04-21T21:05:16.541+0000] {processor.py:183} INFO - Processing /home/airflow/.local/lib/python3.9/site-packages/airflow/example_dags/example_task_group_decorator.py took 0.155 seconds
[2024-04-21T21:05:47.869+0000] {processor.py:161} INFO - Started process (PID=231) to work on /home/airflow/.local/lib/python3.9/site-packages/airflow/example_dags/example_task_group_decorator.py
[2024-04-21T21:05:47.871+0000] {processor.py:830} INFO - Processing file /home/airflow/.local/lib/python3.9/site-packages/airflow/example_dags/example_task_group_decorator.py for tasks to queue
[2024-04-21T21:05:47.874+0000] {logging_mixin.py:188} INFO - [2024-04-21T21:05:47.873+0000] {dagbag.py:540} INFO - Filling up the DagBag from /home/airflow/.local/lib/python3.9/site-packages/airflow/example_dags/example_task_group_decorator.py
[2024-04-21T21:05:47.891+0000] {processor.py:840} INFO - DAG(s) 'example_task_group_decorator' retrieved from /home/airflow/.local/lib/python3.9/site-packages/airflow/example_dags/example_task_group_decorator.py
[2024-04-21T21:05:47.952+0000] {logging_mixin.py:188} INFO - [2024-04-21T21:05:47.952+0000] {dag.py:3047} INFO - Sync 1 DAGs
[2024-04-21T21:05:47.980+0000] {logging_mixin.py:188} INFO - [2024-04-21T21:05:47.980+0000] {dag.py:3834} INFO - Setting next_dagrun for example_task_group_decorator to 2024-04-20 00:00:00+00:00, run_after=2024-04-21 00:00:00+00:00
[2024-04-21T21:05:48.020+0000] {processor.py:183} INFO - Processing /home/airflow/.local/lib/python3.9/site-packages/airflow/example_dags/example_task_group_decorator.py took 0.155 seconds
