[2024-04-21T19:52:00.733+0000] {processor.py:161} INFO - Started process (PID=60) to work on /home/airflow/.local/lib/python3.9/site-packages/airflow/example_dags/example_kubernetes_executor.py
[2024-04-21T19:52:00.736+0000] {processor.py:830} INFO - Processing file /home/airflow/.local/lib/python3.9/site-packages/airflow/example_dags/example_kubernetes_executor.py for tasks to queue
[2024-04-21T19:52:00.778+0000] {logging_mixin.py:188} INFO - [2024-04-21T19:52:00.772+0000] {dagbag.py:540} INFO - Filling up the DagBag from /home/airflow/.local/lib/python3.9/site-packages/airflow/example_dags/example_kubernetes_executor.py
[2024-04-21T19:52:00.924+0000] {processor.py:840} INFO - DAG(s) 'example_kubernetes_executor' retrieved from /home/airflow/.local/lib/python3.9/site-packages/airflow/example_dags/example_kubernetes_executor.py
[2024-04-21T19:52:01.540+0000] {logging_mixin.py:188} INFO - [2024-04-21T19:52:01.539+0000] {dag.py:3047} INFO - Sync 1 DAGs
[2024-04-21T19:52:01.574+0000] {logging_mixin.py:188} INFO - [2024-04-21T19:52:01.574+0000] {dag.py:3834} INFO - Setting next_dagrun for example_kubernetes_executor to None, run_after=None
[2024-04-21T19:52:01.663+0000] {processor.py:183} INFO - Processing /home/airflow/.local/lib/python3.9/site-packages/airflow/example_dags/example_kubernetes_executor.py took 0.941 seconds
[2024-04-21T19:52:31.944+0000] {processor.py:161} INFO - Started process (PID=117) to work on /home/airflow/.local/lib/python3.9/site-packages/airflow/example_dags/example_kubernetes_executor.py
[2024-04-21T19:52:31.947+0000] {processor.py:830} INFO - Processing file /home/airflow/.local/lib/python3.9/site-packages/airflow/example_dags/example_kubernetes_executor.py for tasks to queue
[2024-04-21T19:52:31.951+0000] {logging_mixin.py:188} INFO - [2024-04-21T19:52:31.951+0000] {dagbag.py:540} INFO - Filling up the DagBag from /home/airflow/.local/lib/python3.9/site-packages/airflow/example_dags/example_kubernetes_executor.py
[2024-04-21T19:52:31.991+0000] {processor.py:840} INFO - DAG(s) 'example_kubernetes_executor' retrieved from /home/airflow/.local/lib/python3.9/site-packages/airflow/example_dags/example_kubernetes_executor.py
[2024-04-21T19:52:32.198+0000] {logging_mixin.py:188} INFO - [2024-04-21T19:52:32.197+0000] {dag.py:3047} INFO - Sync 1 DAGs
[2024-04-21T19:52:32.252+0000] {logging_mixin.py:188} INFO - [2024-04-21T19:52:32.251+0000] {dag.py:3834} INFO - Setting next_dagrun for example_kubernetes_executor to None, run_after=None
[2024-04-21T19:52:32.340+0000] {processor.py:183} INFO - Processing /home/airflow/.local/lib/python3.9/site-packages/airflow/example_dags/example_kubernetes_executor.py took 0.402 seconds
[2024-04-21T19:53:02.568+0000] {processor.py:161} INFO - Started process (PID=174) to work on /home/airflow/.local/lib/python3.9/site-packages/airflow/example_dags/example_kubernetes_executor.py
[2024-04-21T19:53:02.571+0000] {processor.py:830} INFO - Processing file /home/airflow/.local/lib/python3.9/site-packages/airflow/example_dags/example_kubernetes_executor.py for tasks to queue
[2024-04-21T19:53:02.576+0000] {logging_mixin.py:188} INFO - [2024-04-21T19:53:02.575+0000] {dagbag.py:540} INFO - Filling up the DagBag from /home/airflow/.local/lib/python3.9/site-packages/airflow/example_dags/example_kubernetes_executor.py
[2024-04-21T19:53:02.612+0000] {processor.py:840} INFO - DAG(s) 'example_kubernetes_executor' retrieved from /home/airflow/.local/lib/python3.9/site-packages/airflow/example_dags/example_kubernetes_executor.py
[2024-04-21T19:53:02.798+0000] {logging_mixin.py:188} INFO - [2024-04-21T19:53:02.797+0000] {dag.py:3047} INFO - Sync 1 DAGs
[2024-04-21T19:53:02.823+0000] {logging_mixin.py:188} INFO - [2024-04-21T19:53:02.823+0000] {dag.py:3834} INFO - Setting next_dagrun for example_kubernetes_executor to None, run_after=None
[2024-04-21T19:53:02.895+0000] {processor.py:183} INFO - Processing /home/airflow/.local/lib/python3.9/site-packages/airflow/example_dags/example_kubernetes_executor.py took 0.333 seconds
[2024-04-21T19:53:33.636+0000] {processor.py:161} INFO - Started process (PID=231) to work on /home/airflow/.local/lib/python3.9/site-packages/airflow/example_dags/example_kubernetes_executor.py
[2024-04-21T19:53:33.639+0000] {processor.py:830} INFO - Processing file /home/airflow/.local/lib/python3.9/site-packages/airflow/example_dags/example_kubernetes_executor.py for tasks to queue
[2024-04-21T19:53:33.642+0000] {logging_mixin.py:188} INFO - [2024-04-21T19:53:33.642+0000] {dagbag.py:540} INFO - Filling up the DagBag from /home/airflow/.local/lib/python3.9/site-packages/airflow/example_dags/example_kubernetes_executor.py
[2024-04-21T19:53:33.681+0000] {processor.py:840} INFO - DAG(s) 'example_kubernetes_executor' retrieved from /home/airflow/.local/lib/python3.9/site-packages/airflow/example_dags/example_kubernetes_executor.py
[2024-04-21T19:53:33.916+0000] {logging_mixin.py:188} INFO - [2024-04-21T19:53:33.915+0000] {dag.py:3047} INFO - Sync 1 DAGs
[2024-04-21T19:53:33.951+0000] {logging_mixin.py:188} INFO - [2024-04-21T19:53:33.950+0000] {dag.py:3834} INFO - Setting next_dagrun for example_kubernetes_executor to None, run_after=None
[2024-04-21T19:53:34.030+0000] {processor.py:183} INFO - Processing /home/airflow/.local/lib/python3.9/site-packages/airflow/example_dags/example_kubernetes_executor.py took 0.399 seconds
[2024-04-21T19:54:35.399+0000] {processor.py:161} INFO - Started process (PID=60) to work on /home/airflow/.local/lib/python3.9/site-packages/airflow/example_dags/example_kubernetes_executor.py
[2024-04-21T19:54:35.401+0000] {processor.py:830} INFO - Processing file /home/airflow/.local/lib/python3.9/site-packages/airflow/example_dags/example_kubernetes_executor.py for tasks to queue
[2024-04-21T19:54:35.403+0000] {logging_mixin.py:188} INFO - [2024-04-21T19:54:35.402+0000] {dagbag.py:540} INFO - Filling up the DagBag from /home/airflow/.local/lib/python3.9/site-packages/airflow/example_dags/example_kubernetes_executor.py
[2024-04-21T19:54:35.430+0000] {processor.py:840} INFO - DAG(s) 'example_kubernetes_executor' retrieved from /home/airflow/.local/lib/python3.9/site-packages/airflow/example_dags/example_kubernetes_executor.py
[2024-04-21T19:54:35.527+0000] {logging_mixin.py:188} INFO - [2024-04-21T19:54:35.527+0000] {dag.py:3047} INFO - Sync 1 DAGs
[2024-04-21T19:54:35.539+0000] {logging_mixin.py:188} INFO - [2024-04-21T19:54:35.539+0000] {dag.py:3834} INFO - Setting next_dagrun for example_kubernetes_executor to None, run_after=None
[2024-04-21T19:54:35.583+0000] {processor.py:183} INFO - Processing /home/airflow/.local/lib/python3.9/site-packages/airflow/example_dags/example_kubernetes_executor.py took 0.188 seconds
[2024-04-21T19:55:20.973+0000] {processor.py:161} INFO - Started process (PID=127) to work on /home/airflow/.local/lib/python3.9/site-packages/airflow/example_dags/example_kubernetes_executor.py
[2024-04-21T19:55:20.974+0000] {processor.py:830} INFO - Processing file /home/airflow/.local/lib/python3.9/site-packages/airflow/example_dags/example_kubernetes_executor.py for tasks to queue
[2024-04-21T19:55:20.977+0000] {logging_mixin.py:188} INFO - [2024-04-21T19:55:20.976+0000] {dagbag.py:540} INFO - Filling up the DagBag from /home/airflow/.local/lib/python3.9/site-packages/airflow/example_dags/example_kubernetes_executor.py
[2024-04-21T19:55:20.993+0000] {processor.py:840} INFO - DAG(s) 'example_kubernetes_executor' retrieved from /home/airflow/.local/lib/python3.9/site-packages/airflow/example_dags/example_kubernetes_executor.py
[2024-04-21T19:55:21.094+0000] {logging_mixin.py:188} INFO - [2024-04-21T19:55:21.094+0000] {dag.py:3047} INFO - Sync 1 DAGs
[2024-04-21T19:55:21.109+0000] {logging_mixin.py:188} INFO - [2024-04-21T19:55:21.108+0000] {dag.py:3834} INFO - Setting next_dagrun for example_kubernetes_executor to None, run_after=None
[2024-04-21T19:55:21.153+0000] {processor.py:183} INFO - Processing /home/airflow/.local/lib/python3.9/site-packages/airflow/example_dags/example_kubernetes_executor.py took 0.183 seconds
[2024-04-21T19:58:36.754+0000] {processor.py:161} INFO - Started process (PID=201) to work on /home/airflow/.local/lib/python3.9/site-packages/airflow/example_dags/example_kubernetes_executor.py
[2024-04-21T19:58:36.756+0000] {processor.py:830} INFO - Processing file /home/airflow/.local/lib/python3.9/site-packages/airflow/example_dags/example_kubernetes_executor.py for tasks to queue
[2024-04-21T19:58:36.758+0000] {logging_mixin.py:188} INFO - [2024-04-21T19:58:36.757+0000] {dagbag.py:540} INFO - Filling up the DagBag from /home/airflow/.local/lib/python3.9/site-packages/airflow/example_dags/example_kubernetes_executor.py
[2024-04-21T19:58:36.779+0000] {processor.py:840} INFO - DAG(s) 'example_kubernetes_executor' retrieved from /home/airflow/.local/lib/python3.9/site-packages/airflow/example_dags/example_kubernetes_executor.py
[2024-04-21T19:58:37.377+0000] {logging_mixin.py:188} INFO - [2024-04-21T19:58:37.377+0000] {dag.py:3047} INFO - Sync 1 DAGs
[2024-04-21T19:58:37.393+0000] {logging_mixin.py:188} INFO - [2024-04-21T19:58:37.392+0000] {dag.py:3834} INFO - Setting next_dagrun for example_kubernetes_executor to None, run_after=None
[2024-04-21T19:58:37.458+0000] {processor.py:183} INFO - Processing /home/airflow/.local/lib/python3.9/site-packages/airflow/example_dags/example_kubernetes_executor.py took 0.708 seconds
[2024-04-21T20:03:11.906+0000] {processor.py:161} INFO - Started process (PID=273) to work on /home/airflow/.local/lib/python3.9/site-packages/airflow/example_dags/example_kubernetes_executor.py
[2024-04-21T20:03:11.907+0000] {processor.py:830} INFO - Processing file /home/airflow/.local/lib/python3.9/site-packages/airflow/example_dags/example_kubernetes_executor.py for tasks to queue
[2024-04-21T20:03:11.909+0000] {logging_mixin.py:188} INFO - [2024-04-21T20:03:11.908+0000] {dagbag.py:540} INFO - Filling up the DagBag from /home/airflow/.local/lib/python3.9/site-packages/airflow/example_dags/example_kubernetes_executor.py
[2024-04-21T20:03:11.925+0000] {processor.py:840} INFO - DAG(s) 'example_kubernetes_executor' retrieved from /home/airflow/.local/lib/python3.9/site-packages/airflow/example_dags/example_kubernetes_executor.py
[2024-04-21T20:03:12.061+0000] {logging_mixin.py:188} INFO - [2024-04-21T20:03:12.060+0000] {dag.py:3047} INFO - Sync 1 DAGs
[2024-04-21T20:03:12.073+0000] {logging_mixin.py:188} INFO - [2024-04-21T20:03:12.073+0000] {dag.py:3834} INFO - Setting next_dagrun for example_kubernetes_executor to None, run_after=None
[2024-04-21T20:03:12.102+0000] {processor.py:183} INFO - Processing /home/airflow/.local/lib/python3.9/site-packages/airflow/example_dags/example_kubernetes_executor.py took 0.199 seconds
[2024-04-21T20:04:20.509+0000] {processor.py:161} INFO - Started process (PID=340) to work on /home/airflow/.local/lib/python3.9/site-packages/airflow/example_dags/example_kubernetes_executor.py
[2024-04-21T20:04:20.510+0000] {processor.py:830} INFO - Processing file /home/airflow/.local/lib/python3.9/site-packages/airflow/example_dags/example_kubernetes_executor.py for tasks to queue
[2024-04-21T20:04:20.511+0000] {logging_mixin.py:188} INFO - [2024-04-21T20:04:20.511+0000] {dagbag.py:540} INFO - Filling up the DagBag from /home/airflow/.local/lib/python3.9/site-packages/airflow/example_dags/example_kubernetes_executor.py
[2024-04-21T20:04:20.530+0000] {processor.py:840} INFO - DAG(s) 'example_kubernetes_executor' retrieved from /home/airflow/.local/lib/python3.9/site-packages/airflow/example_dags/example_kubernetes_executor.py
[2024-04-21T20:04:20.634+0000] {logging_mixin.py:188} INFO - [2024-04-21T20:04:20.633+0000] {dag.py:3047} INFO - Sync 1 DAGs
[2024-04-21T20:04:20.647+0000] {logging_mixin.py:188} INFO - [2024-04-21T20:04:20.646+0000] {dag.py:3834} INFO - Setting next_dagrun for example_kubernetes_executor to None, run_after=None
[2024-04-21T20:04:20.684+0000] {processor.py:183} INFO - Processing /home/airflow/.local/lib/python3.9/site-packages/airflow/example_dags/example_kubernetes_executor.py took 0.179 seconds
[2024-04-21T20:04:51.424+0000] {processor.py:161} INFO - Started process (PID=397) to work on /home/airflow/.local/lib/python3.9/site-packages/airflow/example_dags/example_kubernetes_executor.py
[2024-04-21T20:04:51.427+0000] {processor.py:830} INFO - Processing file /home/airflow/.local/lib/python3.9/site-packages/airflow/example_dags/example_kubernetes_executor.py for tasks to queue
[2024-04-21T20:04:51.431+0000] {logging_mixin.py:188} INFO - [2024-04-21T20:04:51.430+0000] {dagbag.py:540} INFO - Filling up the DagBag from /home/airflow/.local/lib/python3.9/site-packages/airflow/example_dags/example_kubernetes_executor.py
[2024-04-21T20:04:51.471+0000] {processor.py:840} INFO - DAG(s) 'example_kubernetes_executor' retrieved from /home/airflow/.local/lib/python3.9/site-packages/airflow/example_dags/example_kubernetes_executor.py
[2024-04-21T20:04:51.627+0000] {logging_mixin.py:188} INFO - [2024-04-21T20:04:51.627+0000] {dag.py:3047} INFO - Sync 1 DAGs
[2024-04-21T20:04:51.656+0000] {logging_mixin.py:188} INFO - [2024-04-21T20:04:51.655+0000] {dag.py:3834} INFO - Setting next_dagrun for example_kubernetes_executor to None, run_after=None
[2024-04-21T20:04:51.708+0000] {processor.py:183} INFO - Processing /home/airflow/.local/lib/python3.9/site-packages/airflow/example_dags/example_kubernetes_executor.py took 0.290 seconds
[2024-04-21T20:05:21.898+0000] {processor.py:161} INFO - Started process (PID=454) to work on /home/airflow/.local/lib/python3.9/site-packages/airflow/example_dags/example_kubernetes_executor.py
[2024-04-21T20:05:21.900+0000] {processor.py:830} INFO - Processing file /home/airflow/.local/lib/python3.9/site-packages/airflow/example_dags/example_kubernetes_executor.py for tasks to queue
[2024-04-21T20:05:21.902+0000] {logging_mixin.py:188} INFO - [2024-04-21T20:05:21.901+0000] {dagbag.py:540} INFO - Filling up the DagBag from /home/airflow/.local/lib/python3.9/site-packages/airflow/example_dags/example_kubernetes_executor.py
[2024-04-21T20:05:21.927+0000] {processor.py:840} INFO - DAG(s) 'example_kubernetes_executor' retrieved from /home/airflow/.local/lib/python3.9/site-packages/airflow/example_dags/example_kubernetes_executor.py
[2024-04-21T20:05:22.094+0000] {logging_mixin.py:188} INFO - [2024-04-21T20:05:22.093+0000] {dag.py:3047} INFO - Sync 1 DAGs
[2024-04-21T20:05:22.117+0000] {logging_mixin.py:188} INFO - [2024-04-21T20:05:22.116+0000] {dag.py:3834} INFO - Setting next_dagrun for example_kubernetes_executor to None, run_after=None
[2024-04-21T20:05:22.172+0000] {processor.py:183} INFO - Processing /home/airflow/.local/lib/python3.9/site-packages/airflow/example_dags/example_kubernetes_executor.py took 0.278 seconds
[2024-04-21T20:05:53.403+0000] {processor.py:161} INFO - Started process (PID=511) to work on /home/airflow/.local/lib/python3.9/site-packages/airflow/example_dags/example_kubernetes_executor.py
[2024-04-21T20:05:53.405+0000] {processor.py:830} INFO - Processing file /home/airflow/.local/lib/python3.9/site-packages/airflow/example_dags/example_kubernetes_executor.py for tasks to queue
[2024-04-21T20:05:53.407+0000] {logging_mixin.py:188} INFO - [2024-04-21T20:05:53.406+0000] {dagbag.py:540} INFO - Filling up the DagBag from /home/airflow/.local/lib/python3.9/site-packages/airflow/example_dags/example_kubernetes_executor.py
[2024-04-21T20:05:53.431+0000] {processor.py:840} INFO - DAG(s) 'example_kubernetes_executor' retrieved from /home/airflow/.local/lib/python3.9/site-packages/airflow/example_dags/example_kubernetes_executor.py
[2024-04-21T20:05:53.603+0000] {logging_mixin.py:188} INFO - [2024-04-21T20:05:53.603+0000] {dag.py:3047} INFO - Sync 1 DAGs
[2024-04-21T20:05:53.623+0000] {logging_mixin.py:188} INFO - [2024-04-21T20:05:53.623+0000] {dag.py:3834} INFO - Setting next_dagrun for example_kubernetes_executor to None, run_after=None
[2024-04-21T20:05:53.673+0000] {processor.py:183} INFO - Processing /home/airflow/.local/lib/python3.9/site-packages/airflow/example_dags/example_kubernetes_executor.py took 0.275 seconds
[2024-04-21T20:06:47.596+0000] {processor.py:161} INFO - Started process (PID=574) to work on /home/airflow/.local/lib/python3.9/site-packages/airflow/example_dags/example_kubernetes_executor.py
[2024-04-21T20:06:47.598+0000] {processor.py:830} INFO - Processing file /home/airflow/.local/lib/python3.9/site-packages/airflow/example_dags/example_kubernetes_executor.py for tasks to queue
[2024-04-21T20:06:47.600+0000] {logging_mixin.py:188} INFO - [2024-04-21T20:06:47.599+0000] {dagbag.py:540} INFO - Filling up the DagBag from /home/airflow/.local/lib/python3.9/site-packages/airflow/example_dags/example_kubernetes_executor.py
[2024-04-21T20:06:47.630+0000] {processor.py:840} INFO - DAG(s) 'example_kubernetes_executor' retrieved from /home/airflow/.local/lib/python3.9/site-packages/airflow/example_dags/example_kubernetes_executor.py
[2024-04-21T20:06:47.865+0000] {logging_mixin.py:188} INFO - [2024-04-21T20:06:47.864+0000] {dag.py:3047} INFO - Sync 1 DAGs
[2024-04-21T20:06:47.883+0000] {logging_mixin.py:188} INFO - [2024-04-21T20:06:47.882+0000] {dag.py:3834} INFO - Setting next_dagrun for example_kubernetes_executor to None, run_after=None
[2024-04-21T20:06:47.966+0000] {processor.py:183} INFO - Processing /home/airflow/.local/lib/python3.9/site-packages/airflow/example_dags/example_kubernetes_executor.py took 0.374 seconds
[2024-04-21T20:07:18.820+0000] {processor.py:161} INFO - Started process (PID=632) to work on /home/airflow/.local/lib/python3.9/site-packages/airflow/example_dags/example_kubernetes_executor.py
[2024-04-21T20:07:18.822+0000] {processor.py:830} INFO - Processing file /home/airflow/.local/lib/python3.9/site-packages/airflow/example_dags/example_kubernetes_executor.py for tasks to queue
[2024-04-21T20:07:18.824+0000] {logging_mixin.py:188} INFO - [2024-04-21T20:07:18.824+0000] {dagbag.py:540} INFO - Filling up the DagBag from /home/airflow/.local/lib/python3.9/site-packages/airflow/example_dags/example_kubernetes_executor.py
[2024-04-21T20:07:18.850+0000] {processor.py:840} INFO - DAG(s) 'example_kubernetes_executor' retrieved from /home/airflow/.local/lib/python3.9/site-packages/airflow/example_dags/example_kubernetes_executor.py
[2024-04-21T20:07:19.004+0000] {logging_mixin.py:188} INFO - [2024-04-21T20:07:19.004+0000] {dag.py:3047} INFO - Sync 1 DAGs
[2024-04-21T20:07:19.030+0000] {logging_mixin.py:188} INFO - [2024-04-21T20:07:19.029+0000] {dag.py:3834} INFO - Setting next_dagrun for example_kubernetes_executor to None, run_after=None
[2024-04-21T20:07:19.089+0000] {processor.py:183} INFO - Processing /home/airflow/.local/lib/python3.9/site-packages/airflow/example_dags/example_kubernetes_executor.py took 0.274 seconds
[2024-04-21T20:07:50.075+0000] {processor.py:161} INFO - Started process (PID=689) to work on /home/airflow/.local/lib/python3.9/site-packages/airflow/example_dags/example_kubernetes_executor.py
[2024-04-21T20:07:50.078+0000] {processor.py:830} INFO - Processing file /home/airflow/.local/lib/python3.9/site-packages/airflow/example_dags/example_kubernetes_executor.py for tasks to queue
[2024-04-21T20:07:50.081+0000] {logging_mixin.py:188} INFO - [2024-04-21T20:07:50.080+0000] {dagbag.py:540} INFO - Filling up the DagBag from /home/airflow/.local/lib/python3.9/site-packages/airflow/example_dags/example_kubernetes_executor.py
[2024-04-21T20:07:50.119+0000] {processor.py:840} INFO - DAG(s) 'example_kubernetes_executor' retrieved from /home/airflow/.local/lib/python3.9/site-packages/airflow/example_dags/example_kubernetes_executor.py
[2024-04-21T20:07:50.293+0000] {logging_mixin.py:188} INFO - [2024-04-21T20:07:50.293+0000] {dag.py:3047} INFO - Sync 1 DAGs
[2024-04-21T20:07:50.312+0000] {logging_mixin.py:188} INFO - [2024-04-21T20:07:50.311+0000] {dag.py:3834} INFO - Setting next_dagrun for example_kubernetes_executor to None, run_after=None
[2024-04-21T20:07:50.360+0000] {processor.py:183} INFO - Processing /home/airflow/.local/lib/python3.9/site-packages/airflow/example_dags/example_kubernetes_executor.py took 0.291 seconds
[2024-04-21T20:08:22.676+0000] {processor.py:161} INFO - Started process (PID=745) to work on /home/airflow/.local/lib/python3.9/site-packages/airflow/example_dags/example_kubernetes_executor.py
[2024-04-21T20:08:22.678+0000] {processor.py:830} INFO - Processing file /home/airflow/.local/lib/python3.9/site-packages/airflow/example_dags/example_kubernetes_executor.py for tasks to queue
[2024-04-21T20:08:22.679+0000] {logging_mixin.py:188} INFO - [2024-04-21T20:08:22.679+0000] {dagbag.py:540} INFO - Filling up the DagBag from /home/airflow/.local/lib/python3.9/site-packages/airflow/example_dags/example_kubernetes_executor.py
[2024-04-21T20:08:22.697+0000] {processor.py:840} INFO - DAG(s) 'example_kubernetes_executor' retrieved from /home/airflow/.local/lib/python3.9/site-packages/airflow/example_dags/example_kubernetes_executor.py
[2024-04-21T20:08:22.786+0000] {logging_mixin.py:188} INFO - [2024-04-21T20:08:22.785+0000] {dag.py:3047} INFO - Sync 1 DAGs
[2024-04-21T20:08:22.799+0000] {logging_mixin.py:188} INFO - [2024-04-21T20:08:22.799+0000] {dag.py:3834} INFO - Setting next_dagrun for example_kubernetes_executor to None, run_after=None
[2024-04-21T20:08:22.836+0000] {processor.py:183} INFO - Processing /home/airflow/.local/lib/python3.9/site-packages/airflow/example_dags/example_kubernetes_executor.py took 0.164 seconds
[2024-04-21T20:10:04.956+0000] {processor.py:161} INFO - Started process (PID=816) to work on /home/airflow/.local/lib/python3.9/site-packages/airflow/example_dags/example_kubernetes_executor.py
[2024-04-21T20:10:04.957+0000] {processor.py:830} INFO - Processing file /home/airflow/.local/lib/python3.9/site-packages/airflow/example_dags/example_kubernetes_executor.py for tasks to queue
[2024-04-21T20:10:04.959+0000] {logging_mixin.py:188} INFO - [2024-04-21T20:10:04.958+0000] {dagbag.py:540} INFO - Filling up the DagBag from /home/airflow/.local/lib/python3.9/site-packages/airflow/example_dags/example_kubernetes_executor.py
[2024-04-21T20:10:04.977+0000] {processor.py:840} INFO - DAG(s) 'example_kubernetes_executor' retrieved from /home/airflow/.local/lib/python3.9/site-packages/airflow/example_dags/example_kubernetes_executor.py
[2024-04-21T20:10:05.088+0000] {logging_mixin.py:188} INFO - [2024-04-21T20:10:05.088+0000] {dag.py:3047} INFO - Sync 1 DAGs
[2024-04-21T20:10:05.102+0000] {logging_mixin.py:188} INFO - [2024-04-21T20:10:05.101+0000] {dag.py:3834} INFO - Setting next_dagrun for example_kubernetes_executor to None, run_after=None
[2024-04-21T20:10:05.136+0000] {processor.py:183} INFO - Processing /home/airflow/.local/lib/python3.9/site-packages/airflow/example_dags/example_kubernetes_executor.py took 0.183 seconds
[2024-04-21T20:10:35.959+0000] {processor.py:161} INFO - Started process (PID=873) to work on /home/airflow/.local/lib/python3.9/site-packages/airflow/example_dags/example_kubernetes_executor.py
[2024-04-21T20:10:35.960+0000] {processor.py:830} INFO - Processing file /home/airflow/.local/lib/python3.9/site-packages/airflow/example_dags/example_kubernetes_executor.py for tasks to queue
[2024-04-21T20:10:35.962+0000] {logging_mixin.py:188} INFO - [2024-04-21T20:10:35.961+0000] {dagbag.py:540} INFO - Filling up the DagBag from /home/airflow/.local/lib/python3.9/site-packages/airflow/example_dags/example_kubernetes_executor.py
[2024-04-21T20:10:35.980+0000] {processor.py:840} INFO - DAG(s) 'example_kubernetes_executor' retrieved from /home/airflow/.local/lib/python3.9/site-packages/airflow/example_dags/example_kubernetes_executor.py
[2024-04-21T20:10:36.117+0000] {logging_mixin.py:188} INFO - [2024-04-21T20:10:36.116+0000] {dag.py:3047} INFO - Sync 1 DAGs
[2024-04-21T20:10:36.132+0000] {logging_mixin.py:188} INFO - [2024-04-21T20:10:36.132+0000] {dag.py:3834} INFO - Setting next_dagrun for example_kubernetes_executor to None, run_after=None
[2024-04-21T20:10:36.180+0000] {processor.py:183} INFO - Processing /home/airflow/.local/lib/python3.9/site-packages/airflow/example_dags/example_kubernetes_executor.py took 0.226 seconds
[2024-04-21T20:11:06.613+0000] {processor.py:161} INFO - Started process (PID=932) to work on /home/airflow/.local/lib/python3.9/site-packages/airflow/example_dags/example_kubernetes_executor.py
[2024-04-21T20:11:06.614+0000] {processor.py:830} INFO - Processing file /home/airflow/.local/lib/python3.9/site-packages/airflow/example_dags/example_kubernetes_executor.py for tasks to queue
[2024-04-21T20:11:06.615+0000] {logging_mixin.py:188} INFO - [2024-04-21T20:11:06.615+0000] {dagbag.py:540} INFO - Filling up the DagBag from /home/airflow/.local/lib/python3.9/site-packages/airflow/example_dags/example_kubernetes_executor.py
[2024-04-21T20:11:06.633+0000] {processor.py:840} INFO - DAG(s) 'example_kubernetes_executor' retrieved from /home/airflow/.local/lib/python3.9/site-packages/airflow/example_dags/example_kubernetes_executor.py
[2024-04-21T20:11:06.730+0000] {logging_mixin.py:188} INFO - [2024-04-21T20:11:06.729+0000] {dag.py:3047} INFO - Sync 1 DAGs
[2024-04-21T20:11:06.742+0000] {logging_mixin.py:188} INFO - [2024-04-21T20:11:06.742+0000] {dag.py:3834} INFO - Setting next_dagrun for example_kubernetes_executor to None, run_after=None
[2024-04-21T20:11:06.776+0000] {processor.py:183} INFO - Processing /home/airflow/.local/lib/python3.9/site-packages/airflow/example_dags/example_kubernetes_executor.py took 0.167 seconds
[2024-04-21T20:14:21.758+0000] {processor.py:161} INFO - Started process (PID=60) to work on /home/airflow/.local/lib/python3.9/site-packages/airflow/example_dags/example_kubernetes_executor.py
[2024-04-21T20:14:21.760+0000] {processor.py:830} INFO - Processing file /home/airflow/.local/lib/python3.9/site-packages/airflow/example_dags/example_kubernetes_executor.py for tasks to queue
[2024-04-21T20:14:21.763+0000] {logging_mixin.py:188} INFO - [2024-04-21T20:14:21.762+0000] {dagbag.py:540} INFO - Filling up the DagBag from /home/airflow/.local/lib/python3.9/site-packages/airflow/example_dags/example_kubernetes_executor.py
[2024-04-21T20:14:21.858+0000] {processor.py:840} INFO - DAG(s) 'example_kubernetes_executor' retrieved from /home/airflow/.local/lib/python3.9/site-packages/airflow/example_dags/example_kubernetes_executor.py
[2024-04-21T20:14:22.241+0000] {logging_mixin.py:188} INFO - [2024-04-21T20:14:22.240+0000] {dag.py:3047} INFO - Sync 1 DAGs
[2024-04-21T20:14:22.264+0000] {logging_mixin.py:188} INFO - [2024-04-21T20:14:22.263+0000] {dag.py:3834} INFO - Setting next_dagrun for example_kubernetes_executor to None, run_after=None
[2024-04-21T20:14:22.365+0000] {processor.py:183} INFO - Processing /home/airflow/.local/lib/python3.9/site-packages/airflow/example_dags/example_kubernetes_executor.py took 0.610 seconds
[2024-04-21T20:14:52.640+0000] {processor.py:161} INFO - Started process (PID=118) to work on /home/airflow/.local/lib/python3.9/site-packages/airflow/example_dags/example_kubernetes_executor.py
[2024-04-21T20:14:52.642+0000] {processor.py:830} INFO - Processing file /home/airflow/.local/lib/python3.9/site-packages/airflow/example_dags/example_kubernetes_executor.py for tasks to queue
[2024-04-21T20:14:52.644+0000] {logging_mixin.py:188} INFO - [2024-04-21T20:14:52.644+0000] {dagbag.py:540} INFO - Filling up the DagBag from /home/airflow/.local/lib/python3.9/site-packages/airflow/example_dags/example_kubernetes_executor.py
[2024-04-21T20:14:52.662+0000] {processor.py:840} INFO - DAG(s) 'example_kubernetes_executor' retrieved from /home/airflow/.local/lib/python3.9/site-packages/airflow/example_dags/example_kubernetes_executor.py
[2024-04-21T20:14:52.754+0000] {logging_mixin.py:188} INFO - [2024-04-21T20:14:52.754+0000] {dag.py:3047} INFO - Sync 1 DAGs
[2024-04-21T20:14:52.770+0000] {logging_mixin.py:188} INFO - [2024-04-21T20:14:52.770+0000] {dag.py:3834} INFO - Setting next_dagrun for example_kubernetes_executor to None, run_after=None
[2024-04-21T20:14:52.815+0000] {processor.py:183} INFO - Processing /home/airflow/.local/lib/python3.9/site-packages/airflow/example_dags/example_kubernetes_executor.py took 0.178 seconds
[2024-04-21T20:15:22.973+0000] {processor.py:161} INFO - Started process (PID=175) to work on /home/airflow/.local/lib/python3.9/site-packages/airflow/example_dags/example_kubernetes_executor.py
[2024-04-21T20:15:22.976+0000] {processor.py:830} INFO - Processing file /home/airflow/.local/lib/python3.9/site-packages/airflow/example_dags/example_kubernetes_executor.py for tasks to queue
[2024-04-21T20:15:22.978+0000] {logging_mixin.py:188} INFO - [2024-04-21T20:15:22.977+0000] {dagbag.py:540} INFO - Filling up the DagBag from /home/airflow/.local/lib/python3.9/site-packages/airflow/example_dags/example_kubernetes_executor.py
[2024-04-21T20:15:22.995+0000] {processor.py:840} INFO - DAG(s) 'example_kubernetes_executor' retrieved from /home/airflow/.local/lib/python3.9/site-packages/airflow/example_dags/example_kubernetes_executor.py
[2024-04-21T20:15:23.077+0000] {logging_mixin.py:188} INFO - [2024-04-21T20:15:23.077+0000] {dag.py:3047} INFO - Sync 1 DAGs
[2024-04-21T20:15:23.090+0000] {logging_mixin.py:188} INFO - [2024-04-21T20:15:23.090+0000] {dag.py:3834} INFO - Setting next_dagrun for example_kubernetes_executor to None, run_after=None
[2024-04-21T20:15:23.125+0000] {processor.py:183} INFO - Processing /home/airflow/.local/lib/python3.9/site-packages/airflow/example_dags/example_kubernetes_executor.py took 0.156 seconds
[2024-04-21T20:16:17.490+0000] {processor.py:161} INFO - Started process (PID=60) to work on /home/airflow/.local/lib/python3.9/site-packages/airflow/example_dags/example_kubernetes_executor.py
[2024-04-21T20:16:17.492+0000] {processor.py:830} INFO - Processing file /home/airflow/.local/lib/python3.9/site-packages/airflow/example_dags/example_kubernetes_executor.py for tasks to queue
[2024-04-21T20:16:17.494+0000] {logging_mixin.py:188} INFO - [2024-04-21T20:16:17.494+0000] {dagbag.py:540} INFO - Filling up the DagBag from /home/airflow/.local/lib/python3.9/site-packages/airflow/example_dags/example_kubernetes_executor.py
[2024-04-21T20:16:17.517+0000] {processor.py:840} INFO - DAG(s) 'example_kubernetes_executor' retrieved from /home/airflow/.local/lib/python3.9/site-packages/airflow/example_dags/example_kubernetes_executor.py
[2024-04-21T20:16:17.624+0000] {logging_mixin.py:188} INFO - [2024-04-21T20:16:17.624+0000] {dag.py:3047} INFO - Sync 1 DAGs
[2024-04-21T20:16:17.639+0000] {logging_mixin.py:188} INFO - [2024-04-21T20:16:17.638+0000] {dag.py:3834} INFO - Setting next_dagrun for example_kubernetes_executor to None, run_after=None
[2024-04-21T20:16:17.693+0000] {processor.py:183} INFO - Processing /home/airflow/.local/lib/python3.9/site-packages/airflow/example_dags/example_kubernetes_executor.py took 0.207 seconds
[2024-04-21T20:16:48.219+0000] {processor.py:161} INFO - Started process (PID=117) to work on /home/airflow/.local/lib/python3.9/site-packages/airflow/example_dags/example_kubernetes_executor.py
[2024-04-21T20:16:48.221+0000] {processor.py:830} INFO - Processing file /home/airflow/.local/lib/python3.9/site-packages/airflow/example_dags/example_kubernetes_executor.py for tasks to queue
[2024-04-21T20:16:48.224+0000] {logging_mixin.py:188} INFO - [2024-04-21T20:16:48.223+0000] {dagbag.py:540} INFO - Filling up the DagBag from /home/airflow/.local/lib/python3.9/site-packages/airflow/example_dags/example_kubernetes_executor.py
[2024-04-21T20:16:48.245+0000] {processor.py:840} INFO - DAG(s) 'example_kubernetes_executor' retrieved from /home/airflow/.local/lib/python3.9/site-packages/airflow/example_dags/example_kubernetes_executor.py
[2024-04-21T20:16:48.335+0000] {logging_mixin.py:188} INFO - [2024-04-21T20:16:48.334+0000] {dag.py:3047} INFO - Sync 1 DAGs
[2024-04-21T20:16:48.347+0000] {logging_mixin.py:188} INFO - [2024-04-21T20:16:48.347+0000] {dag.py:3834} INFO - Setting next_dagrun for example_kubernetes_executor to None, run_after=None
[2024-04-21T20:16:48.379+0000] {processor.py:183} INFO - Processing /home/airflow/.local/lib/python3.9/site-packages/airflow/example_dags/example_kubernetes_executor.py took 0.163 seconds
[2024-04-21T20:17:18.918+0000] {processor.py:161} INFO - Started process (PID=174) to work on /home/airflow/.local/lib/python3.9/site-packages/airflow/example_dags/example_kubernetes_executor.py
[2024-04-21T20:17:18.920+0000] {processor.py:830} INFO - Processing file /home/airflow/.local/lib/python3.9/site-packages/airflow/example_dags/example_kubernetes_executor.py for tasks to queue
[2024-04-21T20:17:18.924+0000] {logging_mixin.py:188} INFO - [2024-04-21T20:17:18.924+0000] {dagbag.py:540} INFO - Filling up the DagBag from /home/airflow/.local/lib/python3.9/site-packages/airflow/example_dags/example_kubernetes_executor.py
[2024-04-21T20:17:18.958+0000] {processor.py:840} INFO - DAG(s) 'example_kubernetes_executor' retrieved from /home/airflow/.local/lib/python3.9/site-packages/airflow/example_dags/example_kubernetes_executor.py
[2024-04-21T20:17:19.083+0000] {logging_mixin.py:188} INFO - [2024-04-21T20:17:19.082+0000] {dag.py:3047} INFO - Sync 1 DAGs
[2024-04-21T20:17:19.096+0000] {logging_mixin.py:188} INFO - [2024-04-21T20:17:19.096+0000] {dag.py:3834} INFO - Setting next_dagrun for example_kubernetes_executor to None, run_after=None
[2024-04-21T20:17:19.132+0000] {processor.py:183} INFO - Processing /home/airflow/.local/lib/python3.9/site-packages/airflow/example_dags/example_kubernetes_executor.py took 0.221 seconds
[2024-04-21T20:17:49.587+0000] {processor.py:161} INFO - Started process (PID=231) to work on /home/airflow/.local/lib/python3.9/site-packages/airflow/example_dags/example_kubernetes_executor.py
[2024-04-21T20:17:49.588+0000] {processor.py:830} INFO - Processing file /home/airflow/.local/lib/python3.9/site-packages/airflow/example_dags/example_kubernetes_executor.py for tasks to queue
[2024-04-21T20:17:49.591+0000] {logging_mixin.py:188} INFO - [2024-04-21T20:17:49.590+0000] {dagbag.py:540} INFO - Filling up the DagBag from /home/airflow/.local/lib/python3.9/site-packages/airflow/example_dags/example_kubernetes_executor.py
[2024-04-21T20:17:49.607+0000] {processor.py:840} INFO - DAG(s) 'example_kubernetes_executor' retrieved from /home/airflow/.local/lib/python3.9/site-packages/airflow/example_dags/example_kubernetes_executor.py
[2024-04-21T20:17:49.692+0000] {logging_mixin.py:188} INFO - [2024-04-21T20:17:49.692+0000] {dag.py:3047} INFO - Sync 1 DAGs
[2024-04-21T20:17:49.704+0000] {logging_mixin.py:188} INFO - [2024-04-21T20:17:49.704+0000] {dag.py:3834} INFO - Setting next_dagrun for example_kubernetes_executor to None, run_after=None
[2024-04-21T20:17:49.737+0000] {processor.py:183} INFO - Processing /home/airflow/.local/lib/python3.9/site-packages/airflow/example_dags/example_kubernetes_executor.py took 0.153 seconds
[2024-04-21T20:18:20.449+0000] {processor.py:161} INFO - Started process (PID=288) to work on /home/airflow/.local/lib/python3.9/site-packages/airflow/example_dags/example_kubernetes_executor.py
[2024-04-21T20:18:20.451+0000] {processor.py:830} INFO - Processing file /home/airflow/.local/lib/python3.9/site-packages/airflow/example_dags/example_kubernetes_executor.py for tasks to queue
[2024-04-21T20:18:20.453+0000] {logging_mixin.py:188} INFO - [2024-04-21T20:18:20.453+0000] {dagbag.py:540} INFO - Filling up the DagBag from /home/airflow/.local/lib/python3.9/site-packages/airflow/example_dags/example_kubernetes_executor.py
[2024-04-21T20:18:20.469+0000] {processor.py:840} INFO - DAG(s) 'example_kubernetes_executor' retrieved from /home/airflow/.local/lib/python3.9/site-packages/airflow/example_dags/example_kubernetes_executor.py
[2024-04-21T20:18:20.552+0000] {logging_mixin.py:188} INFO - [2024-04-21T20:18:20.552+0000] {dag.py:3047} INFO - Sync 1 DAGs
[2024-04-21T20:18:20.571+0000] {logging_mixin.py:188} INFO - [2024-04-21T20:18:20.571+0000] {dag.py:3834} INFO - Setting next_dagrun for example_kubernetes_executor to None, run_after=None
[2024-04-21T20:18:20.606+0000] {processor.py:183} INFO - Processing /home/airflow/.local/lib/python3.9/site-packages/airflow/example_dags/example_kubernetes_executor.py took 0.159 seconds
[2024-04-21T20:18:52.172+0000] {processor.py:161} INFO - Started process (PID=345) to work on /home/airflow/.local/lib/python3.9/site-packages/airflow/example_dags/example_kubernetes_executor.py
[2024-04-21T20:18:52.173+0000] {processor.py:830} INFO - Processing file /home/airflow/.local/lib/python3.9/site-packages/airflow/example_dags/example_kubernetes_executor.py for tasks to queue
[2024-04-21T20:18:52.176+0000] {logging_mixin.py:188} INFO - [2024-04-21T20:18:52.176+0000] {dagbag.py:540} INFO - Filling up the DagBag from /home/airflow/.local/lib/python3.9/site-packages/airflow/example_dags/example_kubernetes_executor.py
[2024-04-21T20:18:52.190+0000] {processor.py:840} INFO - DAG(s) 'example_kubernetes_executor' retrieved from /home/airflow/.local/lib/python3.9/site-packages/airflow/example_dags/example_kubernetes_executor.py
[2024-04-21T20:18:52.268+0000] {logging_mixin.py:188} INFO - [2024-04-21T20:18:52.268+0000] {dag.py:3047} INFO - Sync 1 DAGs
[2024-04-21T20:18:52.282+0000] {logging_mixin.py:188} INFO - [2024-04-21T20:18:52.282+0000] {dag.py:3834} INFO - Setting next_dagrun for example_kubernetes_executor to None, run_after=None
[2024-04-21T20:18:52.323+0000] {processor.py:183} INFO - Processing /home/airflow/.local/lib/python3.9/site-packages/airflow/example_dags/example_kubernetes_executor.py took 0.156 seconds
[2024-04-21T20:32:51.716+0000] {processor.py:161} INFO - Started process (PID=60) to work on /home/airflow/.local/lib/python3.9/site-packages/airflow/example_dags/example_kubernetes_executor.py
[2024-04-21T20:32:51.722+0000] {processor.py:830} INFO - Processing file /home/airflow/.local/lib/python3.9/site-packages/airflow/example_dags/example_kubernetes_executor.py for tasks to queue
[2024-04-21T20:32:51.728+0000] {logging_mixin.py:188} INFO - [2024-04-21T20:32:51.727+0000] {dagbag.py:540} INFO - Filling up the DagBag from /home/airflow/.local/lib/python3.9/site-packages/airflow/example_dags/example_kubernetes_executor.py
[2024-04-21T20:32:51.807+0000] {processor.py:840} INFO - DAG(s) 'example_kubernetes_executor' retrieved from /home/airflow/.local/lib/python3.9/site-packages/airflow/example_dags/example_kubernetes_executor.py
[2024-04-21T20:32:53.384+0000] {logging_mixin.py:188} INFO - [2024-04-21T20:32:53.382+0000] {dag.py:3047} INFO - Sync 1 DAGs
[2024-04-21T20:32:53.414+0000] {logging_mixin.py:188} INFO - [2024-04-21T20:32:53.414+0000] {dag.py:3834} INFO - Setting next_dagrun for example_kubernetes_executor to None, run_after=None
[2024-04-21T20:32:53.496+0000] {processor.py:183} INFO - Processing /home/airflow/.local/lib/python3.9/site-packages/airflow/example_dags/example_kubernetes_executor.py took 1.797 seconds
[2024-04-21T20:33:23.425+0000] {processor.py:161} INFO - Started process (PID=60) to work on /home/airflow/.local/lib/python3.9/site-packages/airflow/example_dags/example_kubernetes_executor.py
[2024-04-21T20:33:23.426+0000] {processor.py:830} INFO - Processing file /home/airflow/.local/lib/python3.9/site-packages/airflow/example_dags/example_kubernetes_executor.py for tasks to queue
[2024-04-21T20:33:23.428+0000] {logging_mixin.py:188} INFO - [2024-04-21T20:33:23.428+0000] {dagbag.py:540} INFO - Filling up the DagBag from /home/airflow/.local/lib/python3.9/site-packages/airflow/example_dags/example_kubernetes_executor.py
[2024-04-21T20:33:23.444+0000] {processor.py:840} INFO - DAG(s) 'example_kubernetes_executor' retrieved from /home/airflow/.local/lib/python3.9/site-packages/airflow/example_dags/example_kubernetes_executor.py
[2024-04-21T20:33:23.528+0000] {logging_mixin.py:188} INFO - [2024-04-21T20:33:23.528+0000] {dag.py:3047} INFO - Sync 1 DAGs
[2024-04-21T20:33:23.543+0000] {logging_mixin.py:188} INFO - [2024-04-21T20:33:23.542+0000] {dag.py:3834} INFO - Setting next_dagrun for example_kubernetes_executor to None, run_after=None
[2024-04-21T20:33:23.576+0000] {processor.py:183} INFO - Processing /home/airflow/.local/lib/python3.9/site-packages/airflow/example_dags/example_kubernetes_executor.py took 0.154 seconds
[2024-04-21T20:33:54.337+0000] {processor.py:161} INFO - Started process (PID=117) to work on /home/airflow/.local/lib/python3.9/site-packages/airflow/example_dags/example_kubernetes_executor.py
[2024-04-21T20:33:54.339+0000] {processor.py:830} INFO - Processing file /home/airflow/.local/lib/python3.9/site-packages/airflow/example_dags/example_kubernetes_executor.py for tasks to queue
[2024-04-21T20:33:54.341+0000] {logging_mixin.py:188} INFO - [2024-04-21T20:33:54.341+0000] {dagbag.py:540} INFO - Filling up the DagBag from /home/airflow/.local/lib/python3.9/site-packages/airflow/example_dags/example_kubernetes_executor.py
[2024-04-21T20:33:54.355+0000] {processor.py:840} INFO - DAG(s) 'example_kubernetes_executor' retrieved from /home/airflow/.local/lib/python3.9/site-packages/airflow/example_dags/example_kubernetes_executor.py
[2024-04-21T20:33:54.444+0000] {logging_mixin.py:188} INFO - [2024-04-21T20:33:54.444+0000] {dag.py:3047} INFO - Sync 1 DAGs
[2024-04-21T20:33:54.457+0000] {logging_mixin.py:188} INFO - [2024-04-21T20:33:54.457+0000] {dag.py:3834} INFO - Setting next_dagrun for example_kubernetes_executor to None, run_after=None
[2024-04-21T20:33:54.498+0000] {processor.py:183} INFO - Processing /home/airflow/.local/lib/python3.9/site-packages/airflow/example_dags/example_kubernetes_executor.py took 0.164 seconds
[2024-04-21T20:34:31.025+0000] {processor.py:161} INFO - Started process (PID=60) to work on /home/airflow/.local/lib/python3.9/site-packages/airflow/example_dags/example_kubernetes_executor.py
[2024-04-21T20:34:31.026+0000] {processor.py:830} INFO - Processing file /home/airflow/.local/lib/python3.9/site-packages/airflow/example_dags/example_kubernetes_executor.py for tasks to queue
[2024-04-21T20:34:31.029+0000] {logging_mixin.py:188} INFO - [2024-04-21T20:34:31.029+0000] {dagbag.py:540} INFO - Filling up the DagBag from /home/airflow/.local/lib/python3.9/site-packages/airflow/example_dags/example_kubernetes_executor.py
[2024-04-21T20:34:31.046+0000] {processor.py:840} INFO - DAG(s) 'example_kubernetes_executor' retrieved from /home/airflow/.local/lib/python3.9/site-packages/airflow/example_dags/example_kubernetes_executor.py
[2024-04-21T20:34:31.138+0000] {logging_mixin.py:188} INFO - [2024-04-21T20:34:31.137+0000] {dag.py:3047} INFO - Sync 1 DAGs
[2024-04-21T20:34:31.152+0000] {logging_mixin.py:188} INFO - [2024-04-21T20:34:31.151+0000] {dag.py:3834} INFO - Setting next_dagrun for example_kubernetes_executor to None, run_after=None
[2024-04-21T20:34:31.186+0000] {processor.py:183} INFO - Processing /home/airflow/.local/lib/python3.9/site-packages/airflow/example_dags/example_kubernetes_executor.py took 0.164 seconds
[2024-04-21T20:35:02.221+0000] {processor.py:161} INFO - Started process (PID=117) to work on /home/airflow/.local/lib/python3.9/site-packages/airflow/example_dags/example_kubernetes_executor.py
[2024-04-21T20:35:02.222+0000] {processor.py:830} INFO - Processing file /home/airflow/.local/lib/python3.9/site-packages/airflow/example_dags/example_kubernetes_executor.py for tasks to queue
[2024-04-21T20:35:02.224+0000] {logging_mixin.py:188} INFO - [2024-04-21T20:35:02.224+0000] {dagbag.py:540} INFO - Filling up the DagBag from /home/airflow/.local/lib/python3.9/site-packages/airflow/example_dags/example_kubernetes_executor.py
[2024-04-21T20:35:02.239+0000] {processor.py:840} INFO - DAG(s) 'example_kubernetes_executor' retrieved from /home/airflow/.local/lib/python3.9/site-packages/airflow/example_dags/example_kubernetes_executor.py
[2024-04-21T20:35:02.321+0000] {logging_mixin.py:188} INFO - [2024-04-21T20:35:02.320+0000] {dag.py:3047} INFO - Sync 1 DAGs
[2024-04-21T20:35:02.333+0000] {logging_mixin.py:188} INFO - [2024-04-21T20:35:02.332+0000] {dag.py:3834} INFO - Setting next_dagrun for example_kubernetes_executor to None, run_after=None
[2024-04-21T20:35:02.365+0000] {processor.py:183} INFO - Processing /home/airflow/.local/lib/python3.9/site-packages/airflow/example_dags/example_kubernetes_executor.py took 0.147 seconds
[2024-04-21T20:35:32.954+0000] {processor.py:161} INFO - Started process (PID=174) to work on /home/airflow/.local/lib/python3.9/site-packages/airflow/example_dags/example_kubernetes_executor.py
[2024-04-21T20:35:32.955+0000] {processor.py:830} INFO - Processing file /home/airflow/.local/lib/python3.9/site-packages/airflow/example_dags/example_kubernetes_executor.py for tasks to queue
[2024-04-21T20:35:32.958+0000] {logging_mixin.py:188} INFO - [2024-04-21T20:35:32.957+0000] {dagbag.py:540} INFO - Filling up the DagBag from /home/airflow/.local/lib/python3.9/site-packages/airflow/example_dags/example_kubernetes_executor.py
[2024-04-21T20:35:32.972+0000] {processor.py:840} INFO - DAG(s) 'example_kubernetes_executor' retrieved from /home/airflow/.local/lib/python3.9/site-packages/airflow/example_dags/example_kubernetes_executor.py
[2024-04-21T20:35:33.063+0000] {logging_mixin.py:188} INFO - [2024-04-21T20:35:33.062+0000] {dag.py:3047} INFO - Sync 1 DAGs
[2024-04-21T20:35:33.078+0000] {logging_mixin.py:188} INFO - [2024-04-21T20:35:33.078+0000] {dag.py:3834} INFO - Setting next_dagrun for example_kubernetes_executor to None, run_after=None
[2024-04-21T20:35:33.122+0000] {processor.py:183} INFO - Processing /home/airflow/.local/lib/python3.9/site-packages/airflow/example_dags/example_kubernetes_executor.py took 0.171 seconds
[2024-04-21T20:36:04.082+0000] {processor.py:161} INFO - Started process (PID=231) to work on /home/airflow/.local/lib/python3.9/site-packages/airflow/example_dags/example_kubernetes_executor.py
[2024-04-21T20:36:04.083+0000] {processor.py:830} INFO - Processing file /home/airflow/.local/lib/python3.9/site-packages/airflow/example_dags/example_kubernetes_executor.py for tasks to queue
[2024-04-21T20:36:04.086+0000] {logging_mixin.py:188} INFO - [2024-04-21T20:36:04.086+0000] {dagbag.py:540} INFO - Filling up the DagBag from /home/airflow/.local/lib/python3.9/site-packages/airflow/example_dags/example_kubernetes_executor.py
[2024-04-21T20:36:04.101+0000] {processor.py:840} INFO - DAG(s) 'example_kubernetes_executor' retrieved from /home/airflow/.local/lib/python3.9/site-packages/airflow/example_dags/example_kubernetes_executor.py
[2024-04-21T20:36:04.190+0000] {logging_mixin.py:188} INFO - [2024-04-21T20:36:04.190+0000] {dag.py:3047} INFO - Sync 1 DAGs
[2024-04-21T20:36:04.205+0000] {logging_mixin.py:188} INFO - [2024-04-21T20:36:04.205+0000] {dag.py:3834} INFO - Setting next_dagrun for example_kubernetes_executor to None, run_after=None
[2024-04-21T20:36:04.242+0000] {processor.py:183} INFO - Processing /home/airflow/.local/lib/python3.9/site-packages/airflow/example_dags/example_kubernetes_executor.py took 0.163 seconds
[2024-04-21T20:36:35.660+0000] {processor.py:161} INFO - Started process (PID=288) to work on /home/airflow/.local/lib/python3.9/site-packages/airflow/example_dags/example_kubernetes_executor.py
[2024-04-21T20:36:35.662+0000] {processor.py:830} INFO - Processing file /home/airflow/.local/lib/python3.9/site-packages/airflow/example_dags/example_kubernetes_executor.py for tasks to queue
[2024-04-21T20:36:35.664+0000] {logging_mixin.py:188} INFO - [2024-04-21T20:36:35.664+0000] {dagbag.py:540} INFO - Filling up the DagBag from /home/airflow/.local/lib/python3.9/site-packages/airflow/example_dags/example_kubernetes_executor.py
[2024-04-21T20:36:35.679+0000] {processor.py:840} INFO - DAG(s) 'example_kubernetes_executor' retrieved from /home/airflow/.local/lib/python3.9/site-packages/airflow/example_dags/example_kubernetes_executor.py
[2024-04-21T20:36:35.773+0000] {logging_mixin.py:188} INFO - [2024-04-21T20:36:35.773+0000] {dag.py:3047} INFO - Sync 1 DAGs
[2024-04-21T20:36:35.787+0000] {logging_mixin.py:188} INFO - [2024-04-21T20:36:35.787+0000] {dag.py:3834} INFO - Setting next_dagrun for example_kubernetes_executor to None, run_after=None
[2024-04-21T20:36:35.826+0000] {processor.py:183} INFO - Processing /home/airflow/.local/lib/python3.9/site-packages/airflow/example_dags/example_kubernetes_executor.py took 0.169 seconds
[2024-04-21T20:37:06.409+0000] {processor.py:161} INFO - Started process (PID=345) to work on /home/airflow/.local/lib/python3.9/site-packages/airflow/example_dags/example_kubernetes_executor.py
[2024-04-21T20:37:06.410+0000] {processor.py:830} INFO - Processing file /home/airflow/.local/lib/python3.9/site-packages/airflow/example_dags/example_kubernetes_executor.py for tasks to queue
[2024-04-21T20:37:06.412+0000] {logging_mixin.py:188} INFO - [2024-04-21T20:37:06.412+0000] {dagbag.py:540} INFO - Filling up the DagBag from /home/airflow/.local/lib/python3.9/site-packages/airflow/example_dags/example_kubernetes_executor.py
[2024-04-21T20:37:06.426+0000] {processor.py:840} INFO - DAG(s) 'example_kubernetes_executor' retrieved from /home/airflow/.local/lib/python3.9/site-packages/airflow/example_dags/example_kubernetes_executor.py
[2024-04-21T20:37:06.508+0000] {logging_mixin.py:188} INFO - [2024-04-21T20:37:06.508+0000] {dag.py:3047} INFO - Sync 1 DAGs
[2024-04-21T20:37:06.520+0000] {logging_mixin.py:188} INFO - [2024-04-21T20:37:06.519+0000] {dag.py:3834} INFO - Setting next_dagrun for example_kubernetes_executor to None, run_after=None
[2024-04-21T20:37:06.551+0000] {processor.py:183} INFO - Processing /home/airflow/.local/lib/python3.9/site-packages/airflow/example_dags/example_kubernetes_executor.py took 0.145 seconds
[2024-04-21T20:37:36.929+0000] {processor.py:161} INFO - Started process (PID=402) to work on /home/airflow/.local/lib/python3.9/site-packages/airflow/example_dags/example_kubernetes_executor.py
[2024-04-21T20:37:36.931+0000] {processor.py:830} INFO - Processing file /home/airflow/.local/lib/python3.9/site-packages/airflow/example_dags/example_kubernetes_executor.py for tasks to queue
[2024-04-21T20:37:36.933+0000] {logging_mixin.py:188} INFO - [2024-04-21T20:37:36.933+0000] {dagbag.py:540} INFO - Filling up the DagBag from /home/airflow/.local/lib/python3.9/site-packages/airflow/example_dags/example_kubernetes_executor.py
[2024-04-21T20:37:36.948+0000] {processor.py:840} INFO - DAG(s) 'example_kubernetes_executor' retrieved from /home/airflow/.local/lib/python3.9/site-packages/airflow/example_dags/example_kubernetes_executor.py
[2024-04-21T20:37:37.035+0000] {logging_mixin.py:188} INFO - [2024-04-21T20:37:37.035+0000] {dag.py:3047} INFO - Sync 1 DAGs
[2024-04-21T20:37:37.049+0000] {logging_mixin.py:188} INFO - [2024-04-21T20:37:37.049+0000] {dag.py:3834} INFO - Setting next_dagrun for example_kubernetes_executor to None, run_after=None
[2024-04-21T20:37:37.080+0000] {processor.py:183} INFO - Processing /home/airflow/.local/lib/python3.9/site-packages/airflow/example_dags/example_kubernetes_executor.py took 0.153 seconds
[2024-04-21T20:38:08.619+0000] {processor.py:161} INFO - Started process (PID=459) to work on /home/airflow/.local/lib/python3.9/site-packages/airflow/example_dags/example_kubernetes_executor.py
[2024-04-21T20:38:08.620+0000] {processor.py:830} INFO - Processing file /home/airflow/.local/lib/python3.9/site-packages/airflow/example_dags/example_kubernetes_executor.py for tasks to queue
[2024-04-21T20:38:08.623+0000] {logging_mixin.py:188} INFO - [2024-04-21T20:38:08.623+0000] {dagbag.py:540} INFO - Filling up the DagBag from /home/airflow/.local/lib/python3.9/site-packages/airflow/example_dags/example_kubernetes_executor.py
[2024-04-21T20:38:08.641+0000] {processor.py:840} INFO - DAG(s) 'example_kubernetes_executor' retrieved from /home/airflow/.local/lib/python3.9/site-packages/airflow/example_dags/example_kubernetes_executor.py
[2024-04-21T20:38:08.726+0000] {logging_mixin.py:188} INFO - [2024-04-21T20:38:08.726+0000] {dag.py:3047} INFO - Sync 1 DAGs
[2024-04-21T20:38:08.738+0000] {logging_mixin.py:188} INFO - [2024-04-21T20:38:08.737+0000] {dag.py:3834} INFO - Setting next_dagrun for example_kubernetes_executor to None, run_after=None
[2024-04-21T20:38:08.771+0000] {processor.py:183} INFO - Processing /home/airflow/.local/lib/python3.9/site-packages/airflow/example_dags/example_kubernetes_executor.py took 0.155 seconds
[2024-04-21T20:38:40.557+0000] {processor.py:161} INFO - Started process (PID=516) to work on /home/airflow/.local/lib/python3.9/site-packages/airflow/example_dags/example_kubernetes_executor.py
[2024-04-21T20:38:40.559+0000] {processor.py:830} INFO - Processing file /home/airflow/.local/lib/python3.9/site-packages/airflow/example_dags/example_kubernetes_executor.py for tasks to queue
[2024-04-21T20:38:40.561+0000] {logging_mixin.py:188} INFO - [2024-04-21T20:38:40.561+0000] {dagbag.py:540} INFO - Filling up the DagBag from /home/airflow/.local/lib/python3.9/site-packages/airflow/example_dags/example_kubernetes_executor.py
[2024-04-21T20:38:40.575+0000] {processor.py:840} INFO - DAG(s) 'example_kubernetes_executor' retrieved from /home/airflow/.local/lib/python3.9/site-packages/airflow/example_dags/example_kubernetes_executor.py
[2024-04-21T20:38:40.666+0000] {logging_mixin.py:188} INFO - [2024-04-21T20:38:40.666+0000] {dag.py:3047} INFO - Sync 1 DAGs
[2024-04-21T20:38:40.678+0000] {logging_mixin.py:188} INFO - [2024-04-21T20:38:40.678+0000] {dag.py:3834} INFO - Setting next_dagrun for example_kubernetes_executor to None, run_after=None
[2024-04-21T20:38:40.710+0000] {processor.py:183} INFO - Processing /home/airflow/.local/lib/python3.9/site-packages/airflow/example_dags/example_kubernetes_executor.py took 0.156 seconds
[2024-04-21T20:40:42.234+0000] {processor.py:161} INFO - Started process (PID=604) to work on /home/airflow/.local/lib/python3.9/site-packages/airflow/example_dags/example_kubernetes_executor.py
[2024-04-21T20:40:42.235+0000] {processor.py:830} INFO - Processing file /home/airflow/.local/lib/python3.9/site-packages/airflow/example_dags/example_kubernetes_executor.py for tasks to queue
[2024-04-21T20:40:42.237+0000] {logging_mixin.py:188} INFO - [2024-04-21T20:40:42.237+0000] {dagbag.py:540} INFO - Filling up the DagBag from /home/airflow/.local/lib/python3.9/site-packages/airflow/example_dags/example_kubernetes_executor.py
[2024-04-21T20:40:42.250+0000] {processor.py:840} INFO - DAG(s) 'example_kubernetes_executor' retrieved from /home/airflow/.local/lib/python3.9/site-packages/airflow/example_dags/example_kubernetes_executor.py
[2024-04-21T20:40:42.339+0000] {logging_mixin.py:188} INFO - [2024-04-21T20:40:42.338+0000] {dag.py:3047} INFO - Sync 1 DAGs
[2024-04-21T20:40:42.350+0000] {logging_mixin.py:188} INFO - [2024-04-21T20:40:42.349+0000] {dag.py:3834} INFO - Setting next_dagrun for example_kubernetes_executor to None, run_after=None
[2024-04-21T20:40:42.379+0000] {processor.py:183} INFO - Processing /home/airflow/.local/lib/python3.9/site-packages/airflow/example_dags/example_kubernetes_executor.py took 0.148 seconds
[2024-04-21T20:41:12.826+0000] {processor.py:161} INFO - Started process (PID=663) to work on /home/airflow/.local/lib/python3.9/site-packages/airflow/example_dags/example_kubernetes_executor.py
[2024-04-21T20:41:12.828+0000] {processor.py:830} INFO - Processing file /home/airflow/.local/lib/python3.9/site-packages/airflow/example_dags/example_kubernetes_executor.py for tasks to queue
[2024-04-21T20:41:12.831+0000] {logging_mixin.py:188} INFO - [2024-04-21T20:41:12.830+0000] {dagbag.py:540} INFO - Filling up the DagBag from /home/airflow/.local/lib/python3.9/site-packages/airflow/example_dags/example_kubernetes_executor.py
[2024-04-21T20:41:12.854+0000] {processor.py:840} INFO - DAG(s) 'example_kubernetes_executor' retrieved from /home/airflow/.local/lib/python3.9/site-packages/airflow/example_dags/example_kubernetes_executor.py
[2024-04-21T20:41:13.155+0000] {logging_mixin.py:188} INFO - [2024-04-21T20:41:13.155+0000] {dag.py:3047} INFO - Sync 1 DAGs
[2024-04-21T20:41:13.169+0000] {logging_mixin.py:188} INFO - [2024-04-21T20:41:13.169+0000] {dag.py:3834} INFO - Setting next_dagrun for example_kubernetes_executor to None, run_after=None
[2024-04-21T20:41:13.249+0000] {processor.py:183} INFO - Processing /home/airflow/.local/lib/python3.9/site-packages/airflow/example_dags/example_kubernetes_executor.py took 0.427 seconds
[2024-04-21T20:41:43.810+0000] {processor.py:161} INFO - Started process (PID=720) to work on /home/airflow/.local/lib/python3.9/site-packages/airflow/example_dags/example_kubernetes_executor.py
[2024-04-21T20:41:43.811+0000] {processor.py:830} INFO - Processing file /home/airflow/.local/lib/python3.9/site-packages/airflow/example_dags/example_kubernetes_executor.py for tasks to queue
[2024-04-21T20:41:43.813+0000] {logging_mixin.py:188} INFO - [2024-04-21T20:41:43.813+0000] {dagbag.py:540} INFO - Filling up the DagBag from /home/airflow/.local/lib/python3.9/site-packages/airflow/example_dags/example_kubernetes_executor.py
[2024-04-21T20:41:43.827+0000] {processor.py:840} INFO - DAG(s) 'example_kubernetes_executor' retrieved from /home/airflow/.local/lib/python3.9/site-packages/airflow/example_dags/example_kubernetes_executor.py
[2024-04-21T20:41:43.917+0000] {logging_mixin.py:188} INFO - [2024-04-21T20:41:43.917+0000] {dag.py:3047} INFO - Sync 1 DAGs
[2024-04-21T20:41:43.929+0000] {logging_mixin.py:188} INFO - [2024-04-21T20:41:43.928+0000] {dag.py:3834} INFO - Setting next_dagrun for example_kubernetes_executor to None, run_after=None
[2024-04-21T20:41:43.959+0000] {processor.py:183} INFO - Processing /home/airflow/.local/lib/python3.9/site-packages/airflow/example_dags/example_kubernetes_executor.py took 0.152 seconds
[2024-04-21T20:42:37.577+0000] {processor.py:161} INFO - Started process (PID=60) to work on /home/airflow/.local/lib/python3.9/site-packages/airflow/example_dags/example_kubernetes_executor.py
[2024-04-21T20:42:37.579+0000] {processor.py:830} INFO - Processing file /home/airflow/.local/lib/python3.9/site-packages/airflow/example_dags/example_kubernetes_executor.py for tasks to queue
[2024-04-21T20:42:37.581+0000] {logging_mixin.py:188} INFO - [2024-04-21T20:42:37.581+0000] {dagbag.py:540} INFO - Filling up the DagBag from /home/airflow/.local/lib/python3.9/site-packages/airflow/example_dags/example_kubernetes_executor.py
[2024-04-21T20:42:37.597+0000] {processor.py:840} INFO - DAG(s) 'example_kubernetes_executor' retrieved from /home/airflow/.local/lib/python3.9/site-packages/airflow/example_dags/example_kubernetes_executor.py
[2024-04-21T20:42:37.688+0000] {logging_mixin.py:188} INFO - [2024-04-21T20:42:37.688+0000] {dag.py:3047} INFO - Sync 1 DAGs
[2024-04-21T20:42:37.700+0000] {logging_mixin.py:188} INFO - [2024-04-21T20:42:37.700+0000] {dag.py:3834} INFO - Setting next_dagrun for example_kubernetes_executor to None, run_after=None
[2024-04-21T20:42:37.730+0000] {processor.py:183} INFO - Processing /home/airflow/.local/lib/python3.9/site-packages/airflow/example_dags/example_kubernetes_executor.py took 0.156 seconds
[2024-04-21T20:43:08.978+0000] {processor.py:161} INFO - Started process (PID=117) to work on /home/airflow/.local/lib/python3.9/site-packages/airflow/example_dags/example_kubernetes_executor.py
[2024-04-21T20:43:08.979+0000] {processor.py:830} INFO - Processing file /home/airflow/.local/lib/python3.9/site-packages/airflow/example_dags/example_kubernetes_executor.py for tasks to queue
[2024-04-21T20:43:08.982+0000] {logging_mixin.py:188} INFO - [2024-04-21T20:43:08.981+0000] {dagbag.py:540} INFO - Filling up the DagBag from /home/airflow/.local/lib/python3.9/site-packages/airflow/example_dags/example_kubernetes_executor.py
[2024-04-21T20:43:08.999+0000] {processor.py:840} INFO - DAG(s) 'example_kubernetes_executor' retrieved from /home/airflow/.local/lib/python3.9/site-packages/airflow/example_dags/example_kubernetes_executor.py
[2024-04-21T20:43:09.138+0000] {logging_mixin.py:188} INFO - [2024-04-21T20:43:09.137+0000] {dag.py:3047} INFO - Sync 1 DAGs
[2024-04-21T20:43:09.168+0000] {logging_mixin.py:188} INFO - [2024-04-21T20:43:09.167+0000] {dag.py:3834} INFO - Setting next_dagrun for example_kubernetes_executor to None, run_after=None
[2024-04-21T20:43:09.236+0000] {processor.py:183} INFO - Processing /home/airflow/.local/lib/python3.9/site-packages/airflow/example_dags/example_kubernetes_executor.py took 0.262 seconds
[2024-04-21T20:43:39.393+0000] {processor.py:161} INFO - Started process (PID=174) to work on /home/airflow/.local/lib/python3.9/site-packages/airflow/example_dags/example_kubernetes_executor.py
[2024-04-21T20:43:39.394+0000] {processor.py:830} INFO - Processing file /home/airflow/.local/lib/python3.9/site-packages/airflow/example_dags/example_kubernetes_executor.py for tasks to queue
[2024-04-21T20:43:39.396+0000] {logging_mixin.py:188} INFO - [2024-04-21T20:43:39.396+0000] {dagbag.py:540} INFO - Filling up the DagBag from /home/airflow/.local/lib/python3.9/site-packages/airflow/example_dags/example_kubernetes_executor.py
[2024-04-21T20:43:39.408+0000] {processor.py:840} INFO - DAG(s) 'example_kubernetes_executor' retrieved from /home/airflow/.local/lib/python3.9/site-packages/airflow/example_dags/example_kubernetes_executor.py
[2024-04-21T20:43:39.479+0000] {logging_mixin.py:188} INFO - [2024-04-21T20:43:39.479+0000] {dag.py:3047} INFO - Sync 1 DAGs
[2024-04-21T20:43:39.491+0000] {logging_mixin.py:188} INFO - [2024-04-21T20:43:39.491+0000] {dag.py:3834} INFO - Setting next_dagrun for example_kubernetes_executor to None, run_after=None
[2024-04-21T20:43:39.521+0000] {processor.py:183} INFO - Processing /home/airflow/.local/lib/python3.9/site-packages/airflow/example_dags/example_kubernetes_executor.py took 0.131 seconds
[2024-04-21T20:44:10.802+0000] {processor.py:161} INFO - Started process (PID=231) to work on /home/airflow/.local/lib/python3.9/site-packages/airflow/example_dags/example_kubernetes_executor.py
[2024-04-21T20:44:10.804+0000] {processor.py:830} INFO - Processing file /home/airflow/.local/lib/python3.9/site-packages/airflow/example_dags/example_kubernetes_executor.py for tasks to queue
[2024-04-21T20:44:10.806+0000] {logging_mixin.py:188} INFO - [2024-04-21T20:44:10.805+0000] {dagbag.py:540} INFO - Filling up the DagBag from /home/airflow/.local/lib/python3.9/site-packages/airflow/example_dags/example_kubernetes_executor.py
[2024-04-21T20:44:10.818+0000] {processor.py:840} INFO - DAG(s) 'example_kubernetes_executor' retrieved from /home/airflow/.local/lib/python3.9/site-packages/airflow/example_dags/example_kubernetes_executor.py
[2024-04-21T20:44:10.892+0000] {logging_mixin.py:188} INFO - [2024-04-21T20:44:10.891+0000] {dag.py:3047} INFO - Sync 1 DAGs
[2024-04-21T20:44:10.903+0000] {logging_mixin.py:188} INFO - [2024-04-21T20:44:10.903+0000] {dag.py:3834} INFO - Setting next_dagrun for example_kubernetes_executor to None, run_after=None
[2024-04-21T20:44:10.945+0000] {processor.py:183} INFO - Processing /home/airflow/.local/lib/python3.9/site-packages/airflow/example_dags/example_kubernetes_executor.py took 0.145 seconds
[2024-04-21T20:44:42.709+0000] {processor.py:161} INFO - Started process (PID=288) to work on /home/airflow/.local/lib/python3.9/site-packages/airflow/example_dags/example_kubernetes_executor.py
[2024-04-21T20:44:42.711+0000] {processor.py:830} INFO - Processing file /home/airflow/.local/lib/python3.9/site-packages/airflow/example_dags/example_kubernetes_executor.py for tasks to queue
[2024-04-21T20:44:42.713+0000] {logging_mixin.py:188} INFO - [2024-04-21T20:44:42.713+0000] {dagbag.py:540} INFO - Filling up the DagBag from /home/airflow/.local/lib/python3.9/site-packages/airflow/example_dags/example_kubernetes_executor.py
[2024-04-21T20:44:42.731+0000] {processor.py:840} INFO - DAG(s) 'example_kubernetes_executor' retrieved from /home/airflow/.local/lib/python3.9/site-packages/airflow/example_dags/example_kubernetes_executor.py
[2024-04-21T20:44:42.811+0000] {logging_mixin.py:188} INFO - [2024-04-21T20:44:42.811+0000] {dag.py:3047} INFO - Sync 1 DAGs
[2024-04-21T20:44:42.826+0000] {logging_mixin.py:188} INFO - [2024-04-21T20:44:42.826+0000] {dag.py:3834} INFO - Setting next_dagrun for example_kubernetes_executor to None, run_after=None
[2024-04-21T20:44:42.859+0000] {processor.py:183} INFO - Processing /home/airflow/.local/lib/python3.9/site-packages/airflow/example_dags/example_kubernetes_executor.py took 0.153 seconds
[2024-04-21T20:45:13.378+0000] {processor.py:161} INFO - Started process (PID=345) to work on /home/airflow/.local/lib/python3.9/site-packages/airflow/example_dags/example_kubernetes_executor.py
[2024-04-21T20:45:13.379+0000] {processor.py:830} INFO - Processing file /home/airflow/.local/lib/python3.9/site-packages/airflow/example_dags/example_kubernetes_executor.py for tasks to queue
[2024-04-21T20:45:13.382+0000] {logging_mixin.py:188} INFO - [2024-04-21T20:45:13.381+0000] {dagbag.py:540} INFO - Filling up the DagBag from /home/airflow/.local/lib/python3.9/site-packages/airflow/example_dags/example_kubernetes_executor.py
[2024-04-21T20:45:13.399+0000] {processor.py:840} INFO - DAG(s) 'example_kubernetes_executor' retrieved from /home/airflow/.local/lib/python3.9/site-packages/airflow/example_dags/example_kubernetes_executor.py
[2024-04-21T20:45:13.486+0000] {logging_mixin.py:188} INFO - [2024-04-21T20:45:13.485+0000] {dag.py:3047} INFO - Sync 1 DAGs
[2024-04-21T20:45:13.501+0000] {logging_mixin.py:188} INFO - [2024-04-21T20:45:13.500+0000] {dag.py:3834} INFO - Setting next_dagrun for example_kubernetes_executor to None, run_after=None
[2024-04-21T20:45:13.536+0000] {processor.py:183} INFO - Processing /home/airflow/.local/lib/python3.9/site-packages/airflow/example_dags/example_kubernetes_executor.py took 0.161 seconds
[2024-04-21T20:45:44.505+0000] {processor.py:161} INFO - Started process (PID=402) to work on /home/airflow/.local/lib/python3.9/site-packages/airflow/example_dags/example_kubernetes_executor.py
[2024-04-21T20:45:44.507+0000] {processor.py:830} INFO - Processing file /home/airflow/.local/lib/python3.9/site-packages/airflow/example_dags/example_kubernetes_executor.py for tasks to queue
[2024-04-21T20:45:44.509+0000] {logging_mixin.py:188} INFO - [2024-04-21T20:45:44.509+0000] {dagbag.py:540} INFO - Filling up the DagBag from /home/airflow/.local/lib/python3.9/site-packages/airflow/example_dags/example_kubernetes_executor.py
[2024-04-21T20:45:44.525+0000] {processor.py:840} INFO - DAG(s) 'example_kubernetes_executor' retrieved from /home/airflow/.local/lib/python3.9/site-packages/airflow/example_dags/example_kubernetes_executor.py
[2024-04-21T20:45:44.622+0000] {logging_mixin.py:188} INFO - [2024-04-21T20:45:44.622+0000] {dag.py:3047} INFO - Sync 1 DAGs
[2024-04-21T20:45:44.635+0000] {logging_mixin.py:188} INFO - [2024-04-21T20:45:44.635+0000] {dag.py:3834} INFO - Setting next_dagrun for example_kubernetes_executor to None, run_after=None
[2024-04-21T20:45:44.674+0000] {processor.py:183} INFO - Processing /home/airflow/.local/lib/python3.9/site-packages/airflow/example_dags/example_kubernetes_executor.py took 0.173 seconds
[2024-04-21T20:46:15.559+0000] {processor.py:161} INFO - Started process (PID=459) to work on /home/airflow/.local/lib/python3.9/site-packages/airflow/example_dags/example_kubernetes_executor.py
[2024-04-21T20:46:15.561+0000] {processor.py:830} INFO - Processing file /home/airflow/.local/lib/python3.9/site-packages/airflow/example_dags/example_kubernetes_executor.py for tasks to queue
[2024-04-21T20:46:15.563+0000] {logging_mixin.py:188} INFO - [2024-04-21T20:46:15.563+0000] {dagbag.py:540} INFO - Filling up the DagBag from /home/airflow/.local/lib/python3.9/site-packages/airflow/example_dags/example_kubernetes_executor.py
[2024-04-21T20:46:15.578+0000] {processor.py:840} INFO - DAG(s) 'example_kubernetes_executor' retrieved from /home/airflow/.local/lib/python3.9/site-packages/airflow/example_dags/example_kubernetes_executor.py
[2024-04-21T20:46:15.657+0000] {logging_mixin.py:188} INFO - [2024-04-21T20:46:15.657+0000] {dag.py:3047} INFO - Sync 1 DAGs
[2024-04-21T20:46:15.670+0000] {logging_mixin.py:188} INFO - [2024-04-21T20:46:15.670+0000] {dag.py:3834} INFO - Setting next_dagrun for example_kubernetes_executor to None, run_after=None
[2024-04-21T20:46:15.705+0000] {processor.py:183} INFO - Processing /home/airflow/.local/lib/python3.9/site-packages/airflow/example_dags/example_kubernetes_executor.py took 0.149 seconds
[2024-04-21T20:46:46.477+0000] {processor.py:161} INFO - Started process (PID=516) to work on /home/airflow/.local/lib/python3.9/site-packages/airflow/example_dags/example_kubernetes_executor.py
[2024-04-21T20:46:46.478+0000] {processor.py:830} INFO - Processing file /home/airflow/.local/lib/python3.9/site-packages/airflow/example_dags/example_kubernetes_executor.py for tasks to queue
[2024-04-21T20:46:46.481+0000] {logging_mixin.py:188} INFO - [2024-04-21T20:46:46.480+0000] {dagbag.py:540} INFO - Filling up the DagBag from /home/airflow/.local/lib/python3.9/site-packages/airflow/example_dags/example_kubernetes_executor.py
[2024-04-21T20:46:46.497+0000] {processor.py:840} INFO - DAG(s) 'example_kubernetes_executor' retrieved from /home/airflow/.local/lib/python3.9/site-packages/airflow/example_dags/example_kubernetes_executor.py
[2024-04-21T20:46:46.587+0000] {logging_mixin.py:188} INFO - [2024-04-21T20:46:46.586+0000] {dag.py:3047} INFO - Sync 1 DAGs
[2024-04-21T20:46:46.599+0000] {logging_mixin.py:188} INFO - [2024-04-21T20:46:46.598+0000] {dag.py:3834} INFO - Setting next_dagrun for example_kubernetes_executor to None, run_after=None
[2024-04-21T20:46:46.632+0000] {processor.py:183} INFO - Processing /home/airflow/.local/lib/python3.9/site-packages/airflow/example_dags/example_kubernetes_executor.py took 0.159 seconds
[2024-04-21T20:47:16.862+0000] {processor.py:161} INFO - Started process (PID=571) to work on /home/airflow/.local/lib/python3.9/site-packages/airflow/example_dags/example_kubernetes_executor.py
[2024-04-21T20:47:16.864+0000] {processor.py:830} INFO - Processing file /home/airflow/.local/lib/python3.9/site-packages/airflow/example_dags/example_kubernetes_executor.py for tasks to queue
[2024-04-21T20:47:16.866+0000] {logging_mixin.py:188} INFO - [2024-04-21T20:47:16.865+0000] {dagbag.py:540} INFO - Filling up the DagBag from /home/airflow/.local/lib/python3.9/site-packages/airflow/example_dags/example_kubernetes_executor.py
[2024-04-21T20:47:16.879+0000] {processor.py:840} INFO - DAG(s) 'example_kubernetes_executor' retrieved from /home/airflow/.local/lib/python3.9/site-packages/airflow/example_dags/example_kubernetes_executor.py
[2024-04-21T20:47:16.955+0000] {logging_mixin.py:188} INFO - [2024-04-21T20:47:16.955+0000] {dag.py:3047} INFO - Sync 1 DAGs
[2024-04-21T20:47:16.966+0000] {logging_mixin.py:188} INFO - [2024-04-21T20:47:16.966+0000] {dag.py:3834} INFO - Setting next_dagrun for example_kubernetes_executor to None, run_after=None
[2024-04-21T20:47:16.995+0000] {processor.py:183} INFO - Processing /home/airflow/.local/lib/python3.9/site-packages/airflow/example_dags/example_kubernetes_executor.py took 0.135 seconds
[2024-04-21T20:47:47.604+0000] {processor.py:161} INFO - Started process (PID=628) to work on /home/airflow/.local/lib/python3.9/site-packages/airflow/example_dags/example_kubernetes_executor.py
[2024-04-21T20:47:47.605+0000] {processor.py:830} INFO - Processing file /home/airflow/.local/lib/python3.9/site-packages/airflow/example_dags/example_kubernetes_executor.py for tasks to queue
[2024-04-21T20:47:47.608+0000] {logging_mixin.py:188} INFO - [2024-04-21T20:47:47.607+0000] {dagbag.py:540} INFO - Filling up the DagBag from /home/airflow/.local/lib/python3.9/site-packages/airflow/example_dags/example_kubernetes_executor.py
[2024-04-21T20:47:47.623+0000] {processor.py:840} INFO - DAG(s) 'example_kubernetes_executor' retrieved from /home/airflow/.local/lib/python3.9/site-packages/airflow/example_dags/example_kubernetes_executor.py
[2024-04-21T20:47:47.710+0000] {logging_mixin.py:188} INFO - [2024-04-21T20:47:47.710+0000] {dag.py:3047} INFO - Sync 1 DAGs
[2024-04-21T20:47:47.726+0000] {logging_mixin.py:188} INFO - [2024-04-21T20:47:47.726+0000] {dag.py:3834} INFO - Setting next_dagrun for example_kubernetes_executor to None, run_after=None
[2024-04-21T20:47:47.761+0000] {processor.py:183} INFO - Processing /home/airflow/.local/lib/python3.9/site-packages/airflow/example_dags/example_kubernetes_executor.py took 0.159 seconds
[2024-04-21T21:00:49.181+0000] {processor.py:161} INFO - Started process (PID=60) to work on /home/airflow/.local/lib/python3.9/site-packages/airflow/example_dags/example_kubernetes_executor.py
[2024-04-21T21:00:49.184+0000] {processor.py:830} INFO - Processing file /home/airflow/.local/lib/python3.9/site-packages/airflow/example_dags/example_kubernetes_executor.py for tasks to queue
[2024-04-21T21:00:49.188+0000] {logging_mixin.py:188} INFO - [2024-04-21T21:00:49.188+0000] {dagbag.py:540} INFO - Filling up the DagBag from /home/airflow/.local/lib/python3.9/site-packages/airflow/example_dags/example_kubernetes_executor.py
[2024-04-21T21:00:49.262+0000] {processor.py:840} INFO - DAG(s) 'example_kubernetes_executor' retrieved from /home/airflow/.local/lib/python3.9/site-packages/airflow/example_dags/example_kubernetes_executor.py
[2024-04-21T21:00:49.809+0000] {logging_mixin.py:188} INFO - [2024-04-21T21:00:49.808+0000] {dag.py:3047} INFO - Sync 1 DAGs
[2024-04-21T21:00:49.850+0000] {logging_mixin.py:188} INFO - [2024-04-21T21:00:49.850+0000] {dag.py:3834} INFO - Setting next_dagrun for example_kubernetes_executor to None, run_after=None
[2024-04-21T21:00:50.604+0000] {processor.py:183} INFO - Processing /home/airflow/.local/lib/python3.9/site-packages/airflow/example_dags/example_kubernetes_executor.py took 1.458 seconds
[2024-04-21T21:01:21.088+0000] {processor.py:161} INFO - Started process (PID=118) to work on /home/airflow/.local/lib/python3.9/site-packages/airflow/example_dags/example_kubernetes_executor.py
[2024-04-21T21:01:21.089+0000] {processor.py:830} INFO - Processing file /home/airflow/.local/lib/python3.9/site-packages/airflow/example_dags/example_kubernetes_executor.py for tasks to queue
[2024-04-21T21:01:21.092+0000] {logging_mixin.py:188} INFO - [2024-04-21T21:01:21.092+0000] {dagbag.py:540} INFO - Filling up the DagBag from /home/airflow/.local/lib/python3.9/site-packages/airflow/example_dags/example_kubernetes_executor.py
[2024-04-21T21:01:21.106+0000] {processor.py:840} INFO - DAG(s) 'example_kubernetes_executor' retrieved from /home/airflow/.local/lib/python3.9/site-packages/airflow/example_dags/example_kubernetes_executor.py
[2024-04-21T21:01:21.216+0000] {logging_mixin.py:188} INFO - [2024-04-21T21:01:21.216+0000] {dag.py:3047} INFO - Sync 1 DAGs
[2024-04-21T21:01:21.238+0000] {logging_mixin.py:188} INFO - [2024-04-21T21:01:21.237+0000] {dag.py:3834} INFO - Setting next_dagrun for example_kubernetes_executor to None, run_after=None
[2024-04-21T21:01:21.295+0000] {processor.py:183} INFO - Processing /home/airflow/.local/lib/python3.9/site-packages/airflow/example_dags/example_kubernetes_executor.py took 0.210 seconds
[2024-04-21T21:04:40.236+0000] {processor.py:161} INFO - Started process (PID=72) to work on /home/airflow/.local/lib/python3.9/site-packages/airflow/example_dags/example_kubernetes_executor.py
[2024-04-21T21:04:40.242+0000] {processor.py:830} INFO - Processing file /home/airflow/.local/lib/python3.9/site-packages/airflow/example_dags/example_kubernetes_executor.py for tasks to queue
[2024-04-21T21:04:40.247+0000] {logging_mixin.py:188} INFO - [2024-04-21T21:04:40.246+0000] {dagbag.py:540} INFO - Filling up the DagBag from /home/airflow/.local/lib/python3.9/site-packages/airflow/example_dags/example_kubernetes_executor.py
[2024-04-21T21:04:40.324+0000] {processor.py:840} INFO - DAG(s) 'example_kubernetes_executor' retrieved from /home/airflow/.local/lib/python3.9/site-packages/airflow/example_dags/example_kubernetes_executor.py
[2024-04-21T21:04:40.513+0000] {logging_mixin.py:188} INFO - [2024-04-21T21:04:40.512+0000] {dag.py:3047} INFO - Sync 1 DAGs
[2024-04-21T21:04:40.539+0000] {logging_mixin.py:188} INFO - [2024-04-21T21:04:40.539+0000] {dag.py:3834} INFO - Setting next_dagrun for example_kubernetes_executor to None, run_after=None
[2024-04-21T21:04:40.613+0000] {processor.py:183} INFO - Processing /home/airflow/.local/lib/python3.9/site-packages/airflow/example_dags/example_kubernetes_executor.py took 0.382 seconds
[2024-04-21T21:05:11.437+0000] {processor.py:161} INFO - Started process (PID=129) to work on /home/airflow/.local/lib/python3.9/site-packages/airflow/example_dags/example_kubernetes_executor.py
[2024-04-21T21:05:11.439+0000] {processor.py:830} INFO - Processing file /home/airflow/.local/lib/python3.9/site-packages/airflow/example_dags/example_kubernetes_executor.py for tasks to queue
[2024-04-21T21:05:11.443+0000] {logging_mixin.py:188} INFO - [2024-04-21T21:05:11.443+0000] {dagbag.py:540} INFO - Filling up the DagBag from /home/airflow/.local/lib/python3.9/site-packages/airflow/example_dags/example_kubernetes_executor.py
[2024-04-21T21:05:11.470+0000] {processor.py:840} INFO - DAG(s) 'example_kubernetes_executor' retrieved from /home/airflow/.local/lib/python3.9/site-packages/airflow/example_dags/example_kubernetes_executor.py
[2024-04-21T21:05:11.562+0000] {logging_mixin.py:188} INFO - [2024-04-21T21:05:11.562+0000] {dag.py:3047} INFO - Sync 1 DAGs
[2024-04-21T21:05:11.579+0000] {logging_mixin.py:188} INFO - [2024-04-21T21:05:11.578+0000] {dag.py:3834} INFO - Setting next_dagrun for example_kubernetes_executor to None, run_after=None
[2024-04-21T21:05:11.618+0000] {processor.py:183} INFO - Processing /home/airflow/.local/lib/python3.9/site-packages/airflow/example_dags/example_kubernetes_executor.py took 0.186 seconds
[2024-04-21T21:05:42.464+0000] {processor.py:161} INFO - Started process (PID=194) to work on /home/airflow/.local/lib/python3.9/site-packages/airflow/example_dags/example_kubernetes_executor.py
[2024-04-21T21:05:42.466+0000] {processor.py:830} INFO - Processing file /home/airflow/.local/lib/python3.9/site-packages/airflow/example_dags/example_kubernetes_executor.py for tasks to queue
[2024-04-21T21:05:42.468+0000] {logging_mixin.py:188} INFO - [2024-04-21T21:05:42.467+0000] {dagbag.py:540} INFO - Filling up the DagBag from /home/airflow/.local/lib/python3.9/site-packages/airflow/example_dags/example_kubernetes_executor.py
[2024-04-21T21:05:42.487+0000] {processor.py:840} INFO - DAG(s) 'example_kubernetes_executor' retrieved from /home/airflow/.local/lib/python3.9/site-packages/airflow/example_dags/example_kubernetes_executor.py
[2024-04-21T21:05:42.565+0000] {logging_mixin.py:188} INFO - [2024-04-21T21:05:42.564+0000] {dag.py:3047} INFO - Sync 1 DAGs
[2024-04-21T21:05:42.582+0000] {logging_mixin.py:188} INFO - [2024-04-21T21:05:42.581+0000] {dag.py:3834} INFO - Setting next_dagrun for example_kubernetes_executor to None, run_after=None
[2024-04-21T21:05:42.619+0000] {processor.py:183} INFO - Processing /home/airflow/.local/lib/python3.9/site-packages/airflow/example_dags/example_kubernetes_executor.py took 0.158 seconds
