[2024-04-21T19:52:01.814+0000] {processor.py:161} INFO - Started process (PID=62) to work on /home/airflow/.local/lib/python3.9/site-packages/airflow/example_dags/example_sensor_decorator.py
[2024-04-21T19:52:01.853+0000] {processor.py:830} INFO - Processing file /home/airflow/.local/lib/python3.9/site-packages/airflow/example_dags/example_sensor_decorator.py for tasks to queue
[2024-04-21T19:52:01.857+0000] {logging_mixin.py:188} INFO - [2024-04-21T19:52:01.857+0000] {dagbag.py:540} INFO - Filling up the DagBag from /home/airflow/.local/lib/python3.9/site-packages/airflow/example_dags/example_sensor_decorator.py
[2024-04-21T19:52:01.955+0000] {processor.py:840} INFO - DAG(s) 'example_sensor_decorator' retrieved from /home/airflow/.local/lib/python3.9/site-packages/airflow/example_dags/example_sensor_decorator.py
[2024-04-21T19:52:02.628+0000] {logging_mixin.py:188} INFO - [2024-04-21T19:52:02.628+0000] {dag.py:3047} INFO - Sync 1 DAGs
[2024-04-21T19:52:02.669+0000] {logging_mixin.py:188} INFO - [2024-04-21T19:52:02.668+0000] {dag.py:3834} INFO - Setting next_dagrun for example_sensor_decorator to None, run_after=None
[2024-04-21T19:52:02.843+0000] {processor.py:183} INFO - Processing /home/airflow/.local/lib/python3.9/site-packages/airflow/example_dags/example_sensor_decorator.py took 1.050 seconds
[2024-04-21T19:52:33.446+0000] {processor.py:161} INFO - Started process (PID=119) to work on /home/airflow/.local/lib/python3.9/site-packages/airflow/example_dags/example_sensor_decorator.py
[2024-04-21T19:52:33.449+0000] {processor.py:830} INFO - Processing file /home/airflow/.local/lib/python3.9/site-packages/airflow/example_dags/example_sensor_decorator.py for tasks to queue
[2024-04-21T19:52:33.452+0000] {logging_mixin.py:188} INFO - [2024-04-21T19:52:33.451+0000] {dagbag.py:540} INFO - Filling up the DagBag from /home/airflow/.local/lib/python3.9/site-packages/airflow/example_dags/example_sensor_decorator.py
[2024-04-21T19:52:33.464+0000] {processor.py:840} INFO - DAG(s) 'example_sensor_decorator' retrieved from /home/airflow/.local/lib/python3.9/site-packages/airflow/example_dags/example_sensor_decorator.py
[2024-04-21T19:52:33.576+0000] {logging_mixin.py:188} INFO - [2024-04-21T19:52:33.575+0000] {dag.py:3047} INFO - Sync 1 DAGs
[2024-04-21T19:52:33.600+0000] {logging_mixin.py:188} INFO - [2024-04-21T19:52:33.599+0000] {dag.py:3834} INFO - Setting next_dagrun for example_sensor_decorator to None, run_after=None
[2024-04-21T19:52:33.685+0000] {processor.py:183} INFO - Processing /home/airflow/.local/lib/python3.9/site-packages/airflow/example_dags/example_sensor_decorator.py took 0.246 seconds
[2024-04-21T19:53:03.994+0000] {processor.py:161} INFO - Started process (PID=176) to work on /home/airflow/.local/lib/python3.9/site-packages/airflow/example_dags/example_sensor_decorator.py
[2024-04-21T19:53:03.997+0000] {processor.py:830} INFO - Processing file /home/airflow/.local/lib/python3.9/site-packages/airflow/example_dags/example_sensor_decorator.py for tasks to queue
[2024-04-21T19:53:04.002+0000] {logging_mixin.py:188} INFO - [2024-04-21T19:53:04.001+0000] {dagbag.py:540} INFO - Filling up the DagBag from /home/airflow/.local/lib/python3.9/site-packages/airflow/example_dags/example_sensor_decorator.py
[2024-04-21T19:53:04.015+0000] {processor.py:840} INFO - DAG(s) 'example_sensor_decorator' retrieved from /home/airflow/.local/lib/python3.9/site-packages/airflow/example_dags/example_sensor_decorator.py
[2024-04-21T19:53:04.151+0000] {logging_mixin.py:188} INFO - [2024-04-21T19:53:04.151+0000] {dag.py:3047} INFO - Sync 1 DAGs
[2024-04-21T19:53:04.195+0000] {logging_mixin.py:188} INFO - [2024-04-21T19:53:04.194+0000] {dag.py:3834} INFO - Setting next_dagrun for example_sensor_decorator to None, run_after=None
[2024-04-21T19:53:04.277+0000] {processor.py:183} INFO - Processing /home/airflow/.local/lib/python3.9/site-packages/airflow/example_dags/example_sensor_decorator.py took 0.289 seconds
[2024-04-21T19:53:34.420+0000] {processor.py:161} INFO - Started process (PID=233) to work on /home/airflow/.local/lib/python3.9/site-packages/airflow/example_dags/example_sensor_decorator.py
[2024-04-21T19:53:34.422+0000] {processor.py:830} INFO - Processing file /home/airflow/.local/lib/python3.9/site-packages/airflow/example_dags/example_sensor_decorator.py for tasks to queue
[2024-04-21T19:53:34.426+0000] {logging_mixin.py:188} INFO - [2024-04-21T19:53:34.425+0000] {dagbag.py:540} INFO - Filling up the DagBag from /home/airflow/.local/lib/python3.9/site-packages/airflow/example_dags/example_sensor_decorator.py
[2024-04-21T19:53:34.435+0000] {processor.py:840} INFO - DAG(s) 'example_sensor_decorator' retrieved from /home/airflow/.local/lib/python3.9/site-packages/airflow/example_dags/example_sensor_decorator.py
[2024-04-21T19:53:34.534+0000] {logging_mixin.py:188} INFO - [2024-04-21T19:53:34.534+0000] {dag.py:3047} INFO - Sync 1 DAGs
[2024-04-21T19:53:34.556+0000] {logging_mixin.py:188} INFO - [2024-04-21T19:53:34.555+0000] {dag.py:3834} INFO - Setting next_dagrun for example_sensor_decorator to None, run_after=None
[2024-04-21T19:53:34.623+0000] {processor.py:183} INFO - Processing /home/airflow/.local/lib/python3.9/site-packages/airflow/example_dags/example_sensor_decorator.py took 0.208 seconds
[2024-04-21T19:54:35.618+0000] {processor.py:161} INFO - Started process (PID=62) to work on /home/airflow/.local/lib/python3.9/site-packages/airflow/example_dags/example_sensor_decorator.py
[2024-04-21T19:54:35.619+0000] {processor.py:830} INFO - Processing file /home/airflow/.local/lib/python3.9/site-packages/airflow/example_dags/example_sensor_decorator.py for tasks to queue
[2024-04-21T19:54:35.622+0000] {logging_mixin.py:188} INFO - [2024-04-21T19:54:35.621+0000] {dagbag.py:540} INFO - Filling up the DagBag from /home/airflow/.local/lib/python3.9/site-packages/airflow/example_dags/example_sensor_decorator.py
[2024-04-21T19:54:35.631+0000] {processor.py:840} INFO - DAG(s) 'example_sensor_decorator' retrieved from /home/airflow/.local/lib/python3.9/site-packages/airflow/example_dags/example_sensor_decorator.py
[2024-04-21T19:54:35.695+0000] {logging_mixin.py:188} INFO - [2024-04-21T19:54:35.695+0000] {dag.py:3047} INFO - Sync 1 DAGs
[2024-04-21T19:54:35.709+0000] {logging_mixin.py:188} INFO - [2024-04-21T19:54:35.709+0000] {dag.py:3834} INFO - Setting next_dagrun for example_sensor_decorator to None, run_after=None
[2024-04-21T19:54:35.743+0000] {processor.py:183} INFO - Processing /home/airflow/.local/lib/python3.9/site-packages/airflow/example_dags/example_sensor_decorator.py took 0.129 seconds
[2024-04-21T19:55:21.189+0000] {processor.py:161} INFO - Started process (PID=129) to work on /home/airflow/.local/lib/python3.9/site-packages/airflow/example_dags/example_sensor_decorator.py
[2024-04-21T19:55:21.191+0000] {processor.py:830} INFO - Processing file /home/airflow/.local/lib/python3.9/site-packages/airflow/example_dags/example_sensor_decorator.py for tasks to queue
[2024-04-21T19:55:21.193+0000] {logging_mixin.py:188} INFO - [2024-04-21T19:55:21.193+0000] {dagbag.py:540} INFO - Filling up the DagBag from /home/airflow/.local/lib/python3.9/site-packages/airflow/example_dags/example_sensor_decorator.py
[2024-04-21T19:55:21.200+0000] {processor.py:840} INFO - DAG(s) 'example_sensor_decorator' retrieved from /home/airflow/.local/lib/python3.9/site-packages/airflow/example_dags/example_sensor_decorator.py
[2024-04-21T19:55:21.273+0000] {logging_mixin.py:188} INFO - [2024-04-21T19:55:21.273+0000] {dag.py:3047} INFO - Sync 1 DAGs
[2024-04-21T19:55:21.295+0000] {logging_mixin.py:188} INFO - [2024-04-21T19:55:21.294+0000] {dag.py:3834} INFO - Setting next_dagrun for example_sensor_decorator to None, run_after=None
[2024-04-21T19:55:21.355+0000] {processor.py:183} INFO - Processing /home/airflow/.local/lib/python3.9/site-packages/airflow/example_dags/example_sensor_decorator.py took 0.170 seconds
[2024-04-21T19:58:37.528+0000] {processor.py:161} INFO - Started process (PID=203) to work on /home/airflow/.local/lib/python3.9/site-packages/airflow/example_dags/example_sensor_decorator.py
[2024-04-21T19:58:37.529+0000] {processor.py:830} INFO - Processing file /home/airflow/.local/lib/python3.9/site-packages/airflow/example_dags/example_sensor_decorator.py for tasks to queue
[2024-04-21T19:58:37.531+0000] {logging_mixin.py:188} INFO - [2024-04-21T19:58:37.531+0000] {dagbag.py:540} INFO - Filling up the DagBag from /home/airflow/.local/lib/python3.9/site-packages/airflow/example_dags/example_sensor_decorator.py
[2024-04-21T19:58:37.541+0000] {processor.py:840} INFO - DAG(s) 'example_sensor_decorator' retrieved from /home/airflow/.local/lib/python3.9/site-packages/airflow/example_dags/example_sensor_decorator.py
[2024-04-21T19:58:38.947+0000] {logging_mixin.py:188} INFO - [2024-04-21T19:58:38.941+0000] {dag.py:3047} INFO - Sync 1 DAGs
[2024-04-21T19:58:38.969+0000] {logging_mixin.py:188} INFO - [2024-04-21T19:58:38.968+0000] {dag.py:3834} INFO - Setting next_dagrun for example_sensor_decorator to None, run_after=None
[2024-04-21T19:58:39.037+0000] {processor.py:183} INFO - Processing /home/airflow/.local/lib/python3.9/site-packages/airflow/example_dags/example_sensor_decorator.py took 1.513 seconds
[2024-04-21T20:03:12.135+0000] {processor.py:161} INFO - Started process (PID=275) to work on /home/airflow/.local/lib/python3.9/site-packages/airflow/example_dags/example_sensor_decorator.py
[2024-04-21T20:03:12.136+0000] {processor.py:830} INFO - Processing file /home/airflow/.local/lib/python3.9/site-packages/airflow/example_dags/example_sensor_decorator.py for tasks to queue
[2024-04-21T20:03:12.137+0000] {logging_mixin.py:188} INFO - [2024-04-21T20:03:12.137+0000] {dagbag.py:540} INFO - Filling up the DagBag from /home/airflow/.local/lib/python3.9/site-packages/airflow/example_dags/example_sensor_decorator.py
[2024-04-21T20:03:12.143+0000] {processor.py:840} INFO - DAG(s) 'example_sensor_decorator' retrieved from /home/airflow/.local/lib/python3.9/site-packages/airflow/example_dags/example_sensor_decorator.py
[2024-04-21T20:03:12.215+0000] {logging_mixin.py:188} INFO - [2024-04-21T20:03:12.215+0000] {dag.py:3047} INFO - Sync 1 DAGs
[2024-04-21T20:03:12.228+0000] {logging_mixin.py:188} INFO - [2024-04-21T20:03:12.228+0000] {dag.py:3834} INFO - Setting next_dagrun for example_sensor_decorator to None, run_after=None
[2024-04-21T20:03:12.261+0000] {processor.py:183} INFO - Processing /home/airflow/.local/lib/python3.9/site-packages/airflow/example_dags/example_sensor_decorator.py took 0.129 seconds
[2024-04-21T20:04:21.009+0000] {processor.py:161} INFO - Started process (PID=342) to work on /home/airflow/.local/lib/python3.9/site-packages/airflow/example_dags/example_sensor_decorator.py
[2024-04-21T20:04:21.010+0000] {processor.py:830} INFO - Processing file /home/airflow/.local/lib/python3.9/site-packages/airflow/example_dags/example_sensor_decorator.py for tasks to queue
[2024-04-21T20:04:21.012+0000] {logging_mixin.py:188} INFO - [2024-04-21T20:04:21.011+0000] {dagbag.py:540} INFO - Filling up the DagBag from /home/airflow/.local/lib/python3.9/site-packages/airflow/example_dags/example_sensor_decorator.py
[2024-04-21T20:04:21.022+0000] {processor.py:840} INFO - DAG(s) 'example_sensor_decorator' retrieved from /home/airflow/.local/lib/python3.9/site-packages/airflow/example_dags/example_sensor_decorator.py
[2024-04-21T20:04:21.102+0000] {logging_mixin.py:188} INFO - [2024-04-21T20:04:21.102+0000] {dag.py:3047} INFO - Sync 1 DAGs
[2024-04-21T20:04:21.117+0000] {logging_mixin.py:188} INFO - [2024-04-21T20:04:21.116+0000] {dag.py:3834} INFO - Setting next_dagrun for example_sensor_decorator to None, run_after=None
[2024-04-21T20:04:21.159+0000] {processor.py:183} INFO - Processing /home/airflow/.local/lib/python3.9/site-packages/airflow/example_dags/example_sensor_decorator.py took 0.155 seconds
[2024-04-21T20:04:51.768+0000] {processor.py:161} INFO - Started process (PID=399) to work on /home/airflow/.local/lib/python3.9/site-packages/airflow/example_dags/example_sensor_decorator.py
[2024-04-21T20:04:51.770+0000] {processor.py:830} INFO - Processing file /home/airflow/.local/lib/python3.9/site-packages/airflow/example_dags/example_sensor_decorator.py for tasks to queue
[2024-04-21T20:04:51.772+0000] {logging_mixin.py:188} INFO - [2024-04-21T20:04:51.771+0000] {dagbag.py:540} INFO - Filling up the DagBag from /home/airflow/.local/lib/python3.9/site-packages/airflow/example_dags/example_sensor_decorator.py
[2024-04-21T20:04:51.781+0000] {processor.py:840} INFO - DAG(s) 'example_sensor_decorator' retrieved from /home/airflow/.local/lib/python3.9/site-packages/airflow/example_dags/example_sensor_decorator.py
[2024-04-21T20:04:51.912+0000] {logging_mixin.py:188} INFO - [2024-04-21T20:04:51.911+0000] {dag.py:3047} INFO - Sync 1 DAGs
[2024-04-21T20:04:51.940+0000] {logging_mixin.py:188} INFO - [2024-04-21T20:04:51.939+0000] {dag.py:3834} INFO - Setting next_dagrun for example_sensor_decorator to None, run_after=None
[2024-04-21T20:04:52.002+0000] {processor.py:183} INFO - Processing /home/airflow/.local/lib/python3.9/site-packages/airflow/example_dags/example_sensor_decorator.py took 0.241 seconds
[2024-04-21T20:05:22.232+0000] {processor.py:161} INFO - Started process (PID=456) to work on /home/airflow/.local/lib/python3.9/site-packages/airflow/example_dags/example_sensor_decorator.py
[2024-04-21T20:05:22.234+0000] {processor.py:830} INFO - Processing file /home/airflow/.local/lib/python3.9/site-packages/airflow/example_dags/example_sensor_decorator.py for tasks to queue
[2024-04-21T20:05:22.236+0000] {logging_mixin.py:188} INFO - [2024-04-21T20:05:22.235+0000] {dagbag.py:540} INFO - Filling up the DagBag from /home/airflow/.local/lib/python3.9/site-packages/airflow/example_dags/example_sensor_decorator.py
[2024-04-21T20:05:22.245+0000] {processor.py:840} INFO - DAG(s) 'example_sensor_decorator' retrieved from /home/airflow/.local/lib/python3.9/site-packages/airflow/example_dags/example_sensor_decorator.py
[2024-04-21T20:05:22.340+0000] {logging_mixin.py:188} INFO - [2024-04-21T20:05:22.340+0000] {dag.py:3047} INFO - Sync 1 DAGs
[2024-04-21T20:05:22.363+0000] {logging_mixin.py:188} INFO - [2024-04-21T20:05:22.362+0000] {dag.py:3834} INFO - Setting next_dagrun for example_sensor_decorator to None, run_after=None
[2024-04-21T20:05:22.411+0000] {processor.py:183} INFO - Processing /home/airflow/.local/lib/python3.9/site-packages/airflow/example_dags/example_sensor_decorator.py took 0.184 seconds
[2024-04-21T20:05:53.734+0000] {processor.py:161} INFO - Started process (PID=513) to work on /home/airflow/.local/lib/python3.9/site-packages/airflow/example_dags/example_sensor_decorator.py
[2024-04-21T20:05:53.736+0000] {processor.py:830} INFO - Processing file /home/airflow/.local/lib/python3.9/site-packages/airflow/example_dags/example_sensor_decorator.py for tasks to queue
[2024-04-21T20:05:53.738+0000] {logging_mixin.py:188} INFO - [2024-04-21T20:05:53.737+0000] {dagbag.py:540} INFO - Filling up the DagBag from /home/airflow/.local/lib/python3.9/site-packages/airflow/example_dags/example_sensor_decorator.py
[2024-04-21T20:05:53.748+0000] {processor.py:840} INFO - DAG(s) 'example_sensor_decorator' retrieved from /home/airflow/.local/lib/python3.9/site-packages/airflow/example_dags/example_sensor_decorator.py
[2024-04-21T20:05:53.858+0000] {logging_mixin.py:188} INFO - [2024-04-21T20:05:53.858+0000] {dag.py:3047} INFO - Sync 1 DAGs
[2024-04-21T20:05:53.877+0000] {logging_mixin.py:188} INFO - [2024-04-21T20:05:53.877+0000] {dag.py:3834} INFO - Setting next_dagrun for example_sensor_decorator to None, run_after=None
[2024-04-21T20:05:53.925+0000] {processor.py:183} INFO - Processing /home/airflow/.local/lib/python3.9/site-packages/airflow/example_dags/example_sensor_decorator.py took 0.195 seconds
[2024-04-21T20:06:48.521+0000] {processor.py:161} INFO - Started process (PID=576) to work on /home/airflow/.local/lib/python3.9/site-packages/airflow/example_dags/example_sensor_decorator.py
[2024-04-21T20:06:48.522+0000] {processor.py:830} INFO - Processing file /home/airflow/.local/lib/python3.9/site-packages/airflow/example_dags/example_sensor_decorator.py for tasks to queue
[2024-04-21T20:06:48.523+0000] {logging_mixin.py:188} INFO - [2024-04-21T20:06:48.523+0000] {dagbag.py:540} INFO - Filling up the DagBag from /home/airflow/.local/lib/python3.9/site-packages/airflow/example_dags/example_sensor_decorator.py
[2024-04-21T20:06:48.529+0000] {processor.py:840} INFO - DAG(s) 'example_sensor_decorator' retrieved from /home/airflow/.local/lib/python3.9/site-packages/airflow/example_dags/example_sensor_decorator.py
[2024-04-21T20:06:48.586+0000] {logging_mixin.py:188} INFO - [2024-04-21T20:06:48.585+0000] {dag.py:3047} INFO - Sync 1 DAGs
[2024-04-21T20:06:48.603+0000] {logging_mixin.py:188} INFO - [2024-04-21T20:06:48.603+0000] {dag.py:3834} INFO - Setting next_dagrun for example_sensor_decorator to None, run_after=None
[2024-04-21T20:06:48.674+0000] {processor.py:183} INFO - Processing /home/airflow/.local/lib/python3.9/site-packages/airflow/example_dags/example_sensor_decorator.py took 0.156 seconds
[2024-04-21T20:07:19.150+0000] {processor.py:161} INFO - Started process (PID=634) to work on /home/airflow/.local/lib/python3.9/site-packages/airflow/example_dags/example_sensor_decorator.py
[2024-04-21T20:07:19.153+0000] {processor.py:830} INFO - Processing file /home/airflow/.local/lib/python3.9/site-packages/airflow/example_dags/example_sensor_decorator.py for tasks to queue
[2024-04-21T20:07:19.155+0000] {logging_mixin.py:188} INFO - [2024-04-21T20:07:19.154+0000] {dagbag.py:540} INFO - Filling up the DagBag from /home/airflow/.local/lib/python3.9/site-packages/airflow/example_dags/example_sensor_decorator.py
[2024-04-21T20:07:19.167+0000] {processor.py:840} INFO - DAG(s) 'example_sensor_decorator' retrieved from /home/airflow/.local/lib/python3.9/site-packages/airflow/example_dags/example_sensor_decorator.py
[2024-04-21T20:07:19.268+0000] {logging_mixin.py:188} INFO - [2024-04-21T20:07:19.268+0000] {dag.py:3047} INFO - Sync 1 DAGs
[2024-04-21T20:07:19.290+0000] {logging_mixin.py:188} INFO - [2024-04-21T20:07:19.290+0000] {dag.py:3834} INFO - Setting next_dagrun for example_sensor_decorator to None, run_after=None
[2024-04-21T20:07:19.340+0000] {processor.py:183} INFO - Processing /home/airflow/.local/lib/python3.9/site-packages/airflow/example_dags/example_sensor_decorator.py took 0.196 seconds
[2024-04-21T20:07:50.413+0000] {processor.py:161} INFO - Started process (PID=691) to work on /home/airflow/.local/lib/python3.9/site-packages/airflow/example_dags/example_sensor_decorator.py
[2024-04-21T20:07:50.415+0000] {processor.py:830} INFO - Processing file /home/airflow/.local/lib/python3.9/site-packages/airflow/example_dags/example_sensor_decorator.py for tasks to queue
[2024-04-21T20:07:50.417+0000] {logging_mixin.py:188} INFO - [2024-04-21T20:07:50.416+0000] {dagbag.py:540} INFO - Filling up the DagBag from /home/airflow/.local/lib/python3.9/site-packages/airflow/example_dags/example_sensor_decorator.py
[2024-04-21T20:07:50.426+0000] {processor.py:840} INFO - DAG(s) 'example_sensor_decorator' retrieved from /home/airflow/.local/lib/python3.9/site-packages/airflow/example_dags/example_sensor_decorator.py
[2024-04-21T20:07:50.523+0000] {logging_mixin.py:188} INFO - [2024-04-21T20:07:50.523+0000] {dag.py:3047} INFO - Sync 1 DAGs
[2024-04-21T20:07:50.543+0000] {logging_mixin.py:188} INFO - [2024-04-21T20:07:50.543+0000] {dag.py:3834} INFO - Setting next_dagrun for example_sensor_decorator to None, run_after=None
[2024-04-21T20:07:50.593+0000] {processor.py:183} INFO - Processing /home/airflow/.local/lib/python3.9/site-packages/airflow/example_dags/example_sensor_decorator.py took 0.185 seconds
[2024-04-21T20:08:22.877+0000] {processor.py:161} INFO - Started process (PID=747) to work on /home/airflow/.local/lib/python3.9/site-packages/airflow/example_dags/example_sensor_decorator.py
[2024-04-21T20:08:22.878+0000] {processor.py:830} INFO - Processing file /home/airflow/.local/lib/python3.9/site-packages/airflow/example_dags/example_sensor_decorator.py for tasks to queue
[2024-04-21T20:08:22.880+0000] {logging_mixin.py:188} INFO - [2024-04-21T20:08:22.880+0000] {dagbag.py:540} INFO - Filling up the DagBag from /home/airflow/.local/lib/python3.9/site-packages/airflow/example_dags/example_sensor_decorator.py
[2024-04-21T20:08:22.887+0000] {processor.py:840} INFO - DAG(s) 'example_sensor_decorator' retrieved from /home/airflow/.local/lib/python3.9/site-packages/airflow/example_dags/example_sensor_decorator.py
[2024-04-21T20:08:22.951+0000] {logging_mixin.py:188} INFO - [2024-04-21T20:08:22.950+0000] {dag.py:3047} INFO - Sync 1 DAGs
[2024-04-21T20:08:22.967+0000] {logging_mixin.py:188} INFO - [2024-04-21T20:08:22.967+0000] {dag.py:3834} INFO - Setting next_dagrun for example_sensor_decorator to None, run_after=None
[2024-04-21T20:08:23.006+0000] {processor.py:183} INFO - Processing /home/airflow/.local/lib/python3.9/site-packages/airflow/example_dags/example_sensor_decorator.py took 0.132 seconds
[2024-04-21T20:10:05.171+0000] {processor.py:161} INFO - Started process (PID=818) to work on /home/airflow/.local/lib/python3.9/site-packages/airflow/example_dags/example_sensor_decorator.py
[2024-04-21T20:10:05.173+0000] {processor.py:830} INFO - Processing file /home/airflow/.local/lib/python3.9/site-packages/airflow/example_dags/example_sensor_decorator.py for tasks to queue
[2024-04-21T20:10:05.174+0000] {logging_mixin.py:188} INFO - [2024-04-21T20:10:05.174+0000] {dagbag.py:540} INFO - Filling up the DagBag from /home/airflow/.local/lib/python3.9/site-packages/airflow/example_dags/example_sensor_decorator.py
[2024-04-21T20:10:05.181+0000] {processor.py:840} INFO - DAG(s) 'example_sensor_decorator' retrieved from /home/airflow/.local/lib/python3.9/site-packages/airflow/example_dags/example_sensor_decorator.py
[2024-04-21T20:10:05.244+0000] {logging_mixin.py:188} INFO - [2024-04-21T20:10:05.244+0000] {dag.py:3047} INFO - Sync 1 DAGs
[2024-04-21T20:10:05.257+0000] {logging_mixin.py:188} INFO - [2024-04-21T20:10:05.257+0000] {dag.py:3834} INFO - Setting next_dagrun for example_sensor_decorator to None, run_after=None
[2024-04-21T20:10:05.290+0000] {processor.py:183} INFO - Processing /home/airflow/.local/lib/python3.9/site-packages/airflow/example_dags/example_sensor_decorator.py took 0.122 seconds
[2024-04-21T20:10:36.227+0000] {processor.py:161} INFO - Started process (PID=875) to work on /home/airflow/.local/lib/python3.9/site-packages/airflow/example_dags/example_sensor_decorator.py
[2024-04-21T20:10:36.229+0000] {processor.py:830} INFO - Processing file /home/airflow/.local/lib/python3.9/site-packages/airflow/example_dags/example_sensor_decorator.py for tasks to queue
[2024-04-21T20:10:36.230+0000] {logging_mixin.py:188} INFO - [2024-04-21T20:10:36.230+0000] {dagbag.py:540} INFO - Filling up the DagBag from /home/airflow/.local/lib/python3.9/site-packages/airflow/example_dags/example_sensor_decorator.py
[2024-04-21T20:10:36.238+0000] {processor.py:840} INFO - DAG(s) 'example_sensor_decorator' retrieved from /home/airflow/.local/lib/python3.9/site-packages/airflow/example_dags/example_sensor_decorator.py
[2024-04-21T20:10:36.301+0000] {logging_mixin.py:188} INFO - [2024-04-21T20:10:36.300+0000] {dag.py:3047} INFO - Sync 1 DAGs
[2024-04-21T20:10:36.315+0000] {logging_mixin.py:188} INFO - [2024-04-21T20:10:36.315+0000] {dag.py:3834} INFO - Setting next_dagrun for example_sensor_decorator to None, run_after=None
[2024-04-21T20:10:36.366+0000] {processor.py:183} INFO - Processing /home/airflow/.local/lib/python3.9/site-packages/airflow/example_dags/example_sensor_decorator.py took 0.143 seconds
[2024-04-21T20:11:06.812+0000] {processor.py:161} INFO - Started process (PID=934) to work on /home/airflow/.local/lib/python3.9/site-packages/airflow/example_dags/example_sensor_decorator.py
[2024-04-21T20:11:06.814+0000] {processor.py:830} INFO - Processing file /home/airflow/.local/lib/python3.9/site-packages/airflow/example_dags/example_sensor_decorator.py for tasks to queue
[2024-04-21T20:11:06.815+0000] {logging_mixin.py:188} INFO - [2024-04-21T20:11:06.815+0000] {dagbag.py:540} INFO - Filling up the DagBag from /home/airflow/.local/lib/python3.9/site-packages/airflow/example_dags/example_sensor_decorator.py
[2024-04-21T20:11:06.821+0000] {processor.py:840} INFO - DAG(s) 'example_sensor_decorator' retrieved from /home/airflow/.local/lib/python3.9/site-packages/airflow/example_dags/example_sensor_decorator.py
[2024-04-21T20:11:06.879+0000] {logging_mixin.py:188} INFO - [2024-04-21T20:11:06.879+0000] {dag.py:3047} INFO - Sync 1 DAGs
[2024-04-21T20:11:06.893+0000] {logging_mixin.py:188} INFO - [2024-04-21T20:11:06.893+0000] {dag.py:3834} INFO - Setting next_dagrun for example_sensor_decorator to None, run_after=None
[2024-04-21T20:11:06.933+0000] {processor.py:183} INFO - Processing /home/airflow/.local/lib/python3.9/site-packages/airflow/example_dags/example_sensor_decorator.py took 0.124 seconds
[2024-04-21T20:14:22.403+0000] {processor.py:161} INFO - Started process (PID=62) to work on /home/airflow/.local/lib/python3.9/site-packages/airflow/example_dags/example_sensor_decorator.py
[2024-04-21T20:14:22.405+0000] {processor.py:830} INFO - Processing file /home/airflow/.local/lib/python3.9/site-packages/airflow/example_dags/example_sensor_decorator.py for tasks to queue
[2024-04-21T20:14:22.408+0000] {logging_mixin.py:188} INFO - [2024-04-21T20:14:22.407+0000] {dagbag.py:540} INFO - Filling up the DagBag from /home/airflow/.local/lib/python3.9/site-packages/airflow/example_dags/example_sensor_decorator.py
[2024-04-21T20:14:22.419+0000] {processor.py:840} INFO - DAG(s) 'example_sensor_decorator' retrieved from /home/airflow/.local/lib/python3.9/site-packages/airflow/example_dags/example_sensor_decorator.py
[2024-04-21T20:14:22.642+0000] {logging_mixin.py:188} INFO - [2024-04-21T20:14:22.642+0000] {dag.py:3047} INFO - Sync 1 DAGs
[2024-04-21T20:14:22.667+0000] {logging_mixin.py:188} INFO - [2024-04-21T20:14:22.667+0000] {dag.py:3834} INFO - Setting next_dagrun for example_sensor_decorator to None, run_after=None
[2024-04-21T20:14:22.726+0000] {processor.py:183} INFO - Processing /home/airflow/.local/lib/python3.9/site-packages/airflow/example_dags/example_sensor_decorator.py took 0.326 seconds
[2024-04-21T20:14:52.852+0000] {processor.py:161} INFO - Started process (PID=120) to work on /home/airflow/.local/lib/python3.9/site-packages/airflow/example_dags/example_sensor_decorator.py
[2024-04-21T20:14:52.854+0000] {processor.py:830} INFO - Processing file /home/airflow/.local/lib/python3.9/site-packages/airflow/example_dags/example_sensor_decorator.py for tasks to queue
[2024-04-21T20:14:52.857+0000] {logging_mixin.py:188} INFO - [2024-04-21T20:14:52.856+0000] {dagbag.py:540} INFO - Filling up the DagBag from /home/airflow/.local/lib/python3.9/site-packages/airflow/example_dags/example_sensor_decorator.py
[2024-04-21T20:14:52.864+0000] {processor.py:840} INFO - DAG(s) 'example_sensor_decorator' retrieved from /home/airflow/.local/lib/python3.9/site-packages/airflow/example_dags/example_sensor_decorator.py
[2024-04-21T20:14:52.920+0000] {logging_mixin.py:188} INFO - [2024-04-21T20:14:52.919+0000] {dag.py:3047} INFO - Sync 1 DAGs
[2024-04-21T20:14:52.931+0000] {logging_mixin.py:188} INFO - [2024-04-21T20:14:52.930+0000] {dag.py:3834} INFO - Setting next_dagrun for example_sensor_decorator to None, run_after=None
[2024-04-21T20:14:52.964+0000] {processor.py:183} INFO - Processing /home/airflow/.local/lib/python3.9/site-packages/airflow/example_dags/example_sensor_decorator.py took 0.115 seconds
[2024-04-21T20:15:23.156+0000] {processor.py:161} INFO - Started process (PID=177) to work on /home/airflow/.local/lib/python3.9/site-packages/airflow/example_dags/example_sensor_decorator.py
[2024-04-21T20:15:23.158+0000] {processor.py:830} INFO - Processing file /home/airflow/.local/lib/python3.9/site-packages/airflow/example_dags/example_sensor_decorator.py for tasks to queue
[2024-04-21T20:15:23.160+0000] {logging_mixin.py:188} INFO - [2024-04-21T20:15:23.160+0000] {dagbag.py:540} INFO - Filling up the DagBag from /home/airflow/.local/lib/python3.9/site-packages/airflow/example_dags/example_sensor_decorator.py
[2024-04-21T20:15:23.166+0000] {processor.py:840} INFO - DAG(s) 'example_sensor_decorator' retrieved from /home/airflow/.local/lib/python3.9/site-packages/airflow/example_dags/example_sensor_decorator.py
[2024-04-21T20:15:23.225+0000] {logging_mixin.py:188} INFO - [2024-04-21T20:15:23.225+0000] {dag.py:3047} INFO - Sync 1 DAGs
[2024-04-21T20:15:23.238+0000] {logging_mixin.py:188} INFO - [2024-04-21T20:15:23.238+0000] {dag.py:3834} INFO - Setting next_dagrun for example_sensor_decorator to None, run_after=None
[2024-04-21T20:15:23.271+0000] {processor.py:183} INFO - Processing /home/airflow/.local/lib/python3.9/site-packages/airflow/example_dags/example_sensor_decorator.py took 0.118 seconds
[2024-04-21T20:16:17.739+0000] {processor.py:161} INFO - Started process (PID=62) to work on /home/airflow/.local/lib/python3.9/site-packages/airflow/example_dags/example_sensor_decorator.py
[2024-04-21T20:16:17.740+0000] {processor.py:830} INFO - Processing file /home/airflow/.local/lib/python3.9/site-packages/airflow/example_dags/example_sensor_decorator.py for tasks to queue
[2024-04-21T20:16:17.743+0000] {logging_mixin.py:188} INFO - [2024-04-21T20:16:17.743+0000] {dagbag.py:540} INFO - Filling up the DagBag from /home/airflow/.local/lib/python3.9/site-packages/airflow/example_dags/example_sensor_decorator.py
[2024-04-21T20:16:17.755+0000] {processor.py:840} INFO - DAG(s) 'example_sensor_decorator' retrieved from /home/airflow/.local/lib/python3.9/site-packages/airflow/example_dags/example_sensor_decorator.py
[2024-04-21T20:16:17.884+0000] {logging_mixin.py:188} INFO - [2024-04-21T20:16:17.883+0000] {dag.py:3047} INFO - Sync 1 DAGs
[2024-04-21T20:16:17.900+0000] {logging_mixin.py:188} INFO - [2024-04-21T20:16:17.900+0000] {dag.py:3834} INFO - Setting next_dagrun for example_sensor_decorator to None, run_after=None
[2024-04-21T20:16:17.960+0000] {processor.py:183} INFO - Processing /home/airflow/.local/lib/python3.9/site-packages/airflow/example_dags/example_sensor_decorator.py took 0.227 seconds
[2024-04-21T20:16:48.413+0000] {processor.py:161} INFO - Started process (PID=119) to work on /home/airflow/.local/lib/python3.9/site-packages/airflow/example_dags/example_sensor_decorator.py
[2024-04-21T20:16:48.414+0000] {processor.py:830} INFO - Processing file /home/airflow/.local/lib/python3.9/site-packages/airflow/example_dags/example_sensor_decorator.py for tasks to queue
[2024-04-21T20:16:48.417+0000] {logging_mixin.py:188} INFO - [2024-04-21T20:16:48.416+0000] {dagbag.py:540} INFO - Filling up the DagBag from /home/airflow/.local/lib/python3.9/site-packages/airflow/example_dags/example_sensor_decorator.py
[2024-04-21T20:16:48.423+0000] {processor.py:840} INFO - DAG(s) 'example_sensor_decorator' retrieved from /home/airflow/.local/lib/python3.9/site-packages/airflow/example_dags/example_sensor_decorator.py
[2024-04-21T20:16:48.481+0000] {logging_mixin.py:188} INFO - [2024-04-21T20:16:48.480+0000] {dag.py:3047} INFO - Sync 1 DAGs
[2024-04-21T20:16:48.495+0000] {logging_mixin.py:188} INFO - [2024-04-21T20:16:48.495+0000] {dag.py:3834} INFO - Setting next_dagrun for example_sensor_decorator to None, run_after=None
[2024-04-21T20:16:48.529+0000] {processor.py:183} INFO - Processing /home/airflow/.local/lib/python3.9/site-packages/airflow/example_dags/example_sensor_decorator.py took 0.119 seconds
[2024-04-21T20:17:19.165+0000] {processor.py:161} INFO - Started process (PID=176) to work on /home/airflow/.local/lib/python3.9/site-packages/airflow/example_dags/example_sensor_decorator.py
[2024-04-21T20:17:19.167+0000] {processor.py:830} INFO - Processing file /home/airflow/.local/lib/python3.9/site-packages/airflow/example_dags/example_sensor_decorator.py for tasks to queue
[2024-04-21T20:17:19.169+0000] {logging_mixin.py:188} INFO - [2024-04-21T20:17:19.168+0000] {dagbag.py:540} INFO - Filling up the DagBag from /home/airflow/.local/lib/python3.9/site-packages/airflow/example_dags/example_sensor_decorator.py
[2024-04-21T20:17:19.176+0000] {processor.py:840} INFO - DAG(s) 'example_sensor_decorator' retrieved from /home/airflow/.local/lib/python3.9/site-packages/airflow/example_dags/example_sensor_decorator.py
[2024-04-21T20:17:19.228+0000] {logging_mixin.py:188} INFO - [2024-04-21T20:17:19.228+0000] {dag.py:3047} INFO - Sync 1 DAGs
[2024-04-21T20:17:19.241+0000] {logging_mixin.py:188} INFO - [2024-04-21T20:17:19.241+0000] {dag.py:3834} INFO - Setting next_dagrun for example_sensor_decorator to None, run_after=None
[2024-04-21T20:17:19.272+0000] {processor.py:183} INFO - Processing /home/airflow/.local/lib/python3.9/site-packages/airflow/example_dags/example_sensor_decorator.py took 0.110 seconds
[2024-04-21T20:17:49.769+0000] {processor.py:161} INFO - Started process (PID=233) to work on /home/airflow/.local/lib/python3.9/site-packages/airflow/example_dags/example_sensor_decorator.py
[2024-04-21T20:17:49.770+0000] {processor.py:830} INFO - Processing file /home/airflow/.local/lib/python3.9/site-packages/airflow/example_dags/example_sensor_decorator.py for tasks to queue
[2024-04-21T20:17:49.772+0000] {logging_mixin.py:188} INFO - [2024-04-21T20:17:49.772+0000] {dagbag.py:540} INFO - Filling up the DagBag from /home/airflow/.local/lib/python3.9/site-packages/airflow/example_dags/example_sensor_decorator.py
[2024-04-21T20:17:49.778+0000] {processor.py:840} INFO - DAG(s) 'example_sensor_decorator' retrieved from /home/airflow/.local/lib/python3.9/site-packages/airflow/example_dags/example_sensor_decorator.py
[2024-04-21T20:17:49.843+0000] {logging_mixin.py:188} INFO - [2024-04-21T20:17:49.842+0000] {dag.py:3047} INFO - Sync 1 DAGs
[2024-04-21T20:17:49.860+0000] {logging_mixin.py:188} INFO - [2024-04-21T20:17:49.860+0000] {dag.py:3834} INFO - Setting next_dagrun for example_sensor_decorator to None, run_after=None
[2024-04-21T20:17:49.895+0000] {processor.py:183} INFO - Processing /home/airflow/.local/lib/python3.9/site-packages/airflow/example_dags/example_sensor_decorator.py took 0.129 seconds
[2024-04-21T20:18:20.639+0000] {processor.py:161} INFO - Started process (PID=290) to work on /home/airflow/.local/lib/python3.9/site-packages/airflow/example_dags/example_sensor_decorator.py
[2024-04-21T20:18:20.640+0000] {processor.py:830} INFO - Processing file /home/airflow/.local/lib/python3.9/site-packages/airflow/example_dags/example_sensor_decorator.py for tasks to queue
[2024-04-21T20:18:20.643+0000] {logging_mixin.py:188} INFO - [2024-04-21T20:18:20.642+0000] {dagbag.py:540} INFO - Filling up the DagBag from /home/airflow/.local/lib/python3.9/site-packages/airflow/example_dags/example_sensor_decorator.py
[2024-04-21T20:18:20.650+0000] {processor.py:840} INFO - DAG(s) 'example_sensor_decorator' retrieved from /home/airflow/.local/lib/python3.9/site-packages/airflow/example_dags/example_sensor_decorator.py
[2024-04-21T20:18:20.707+0000] {logging_mixin.py:188} INFO - [2024-04-21T20:18:20.707+0000] {dag.py:3047} INFO - Sync 1 DAGs
[2024-04-21T20:18:20.724+0000] {logging_mixin.py:188} INFO - [2024-04-21T20:18:20.723+0000] {dag.py:3834} INFO - Setting next_dagrun for example_sensor_decorator to None, run_after=None
[2024-04-21T20:18:20.760+0000] {processor.py:183} INFO - Processing /home/airflow/.local/lib/python3.9/site-packages/airflow/example_dags/example_sensor_decorator.py took 0.124 seconds
[2024-04-21T20:18:52.360+0000] {processor.py:161} INFO - Started process (PID=347) to work on /home/airflow/.local/lib/python3.9/site-packages/airflow/example_dags/example_sensor_decorator.py
[2024-04-21T20:18:52.362+0000] {processor.py:830} INFO - Processing file /home/airflow/.local/lib/python3.9/site-packages/airflow/example_dags/example_sensor_decorator.py for tasks to queue
[2024-04-21T20:18:52.364+0000] {logging_mixin.py:188} INFO - [2024-04-21T20:18:52.364+0000] {dagbag.py:540} INFO - Filling up the DagBag from /home/airflow/.local/lib/python3.9/site-packages/airflow/example_dags/example_sensor_decorator.py
[2024-04-21T20:18:52.371+0000] {processor.py:840} INFO - DAG(s) 'example_sensor_decorator' retrieved from /home/airflow/.local/lib/python3.9/site-packages/airflow/example_dags/example_sensor_decorator.py
[2024-04-21T20:18:52.424+0000] {logging_mixin.py:188} INFO - [2024-04-21T20:18:52.424+0000] {dag.py:3047} INFO - Sync 1 DAGs
[2024-04-21T20:18:52.438+0000] {logging_mixin.py:188} INFO - [2024-04-21T20:18:52.438+0000] {dag.py:3834} INFO - Setting next_dagrun for example_sensor_decorator to None, run_after=None
[2024-04-21T20:18:52.473+0000] {processor.py:183} INFO - Processing /home/airflow/.local/lib/python3.9/site-packages/airflow/example_dags/example_sensor_decorator.py took 0.115 seconds
[2024-04-21T20:32:53.580+0000] {processor.py:161} INFO - Started process (PID=62) to work on /home/airflow/.local/lib/python3.9/site-packages/airflow/example_dags/example_sensor_decorator.py
[2024-04-21T20:32:53.583+0000] {processor.py:830} INFO - Processing file /home/airflow/.local/lib/python3.9/site-packages/airflow/example_dags/example_sensor_decorator.py for tasks to queue
[2024-04-21T20:32:53.587+0000] {logging_mixin.py:188} INFO - [2024-04-21T20:32:53.586+0000] {dagbag.py:540} INFO - Filling up the DagBag from /home/airflow/.local/lib/python3.9/site-packages/airflow/example_dags/example_sensor_decorator.py
[2024-04-21T20:32:53.608+0000] {processor.py:840} INFO - DAG(s) 'example_sensor_decorator' retrieved from /home/airflow/.local/lib/python3.9/site-packages/airflow/example_dags/example_sensor_decorator.py
[2024-04-21T20:32:54.070+0000] {logging_mixin.py:188} INFO - [2024-04-21T20:32:54.069+0000] {dag.py:3047} INFO - Sync 1 DAGs
[2024-04-21T20:32:54.132+0000] {logging_mixin.py:188} INFO - [2024-04-21T20:32:54.131+0000] {dag.py:3834} INFO - Setting next_dagrun for example_sensor_decorator to None, run_after=None
[2024-04-21T20:32:54.243+0000] {processor.py:183} INFO - Processing /home/airflow/.local/lib/python3.9/site-packages/airflow/example_dags/example_sensor_decorator.py took 0.670 seconds
[2024-04-21T20:33:23.610+0000] {processor.py:161} INFO - Started process (PID=62) to work on /home/airflow/.local/lib/python3.9/site-packages/airflow/example_dags/example_sensor_decorator.py
[2024-04-21T20:33:23.612+0000] {processor.py:830} INFO - Processing file /home/airflow/.local/lib/python3.9/site-packages/airflow/example_dags/example_sensor_decorator.py for tasks to queue
[2024-04-21T20:33:23.614+0000] {logging_mixin.py:188} INFO - [2024-04-21T20:33:23.614+0000] {dagbag.py:540} INFO - Filling up the DagBag from /home/airflow/.local/lib/python3.9/site-packages/airflow/example_dags/example_sensor_decorator.py
[2024-04-21T20:33:23.622+0000] {processor.py:840} INFO - DAG(s) 'example_sensor_decorator' retrieved from /home/airflow/.local/lib/python3.9/site-packages/airflow/example_dags/example_sensor_decorator.py
[2024-04-21T20:33:23.678+0000] {logging_mixin.py:188} INFO - [2024-04-21T20:33:23.677+0000] {dag.py:3047} INFO - Sync 1 DAGs
[2024-04-21T20:33:23.691+0000] {logging_mixin.py:188} INFO - [2024-04-21T20:33:23.691+0000] {dag.py:3834} INFO - Setting next_dagrun for example_sensor_decorator to None, run_after=None
[2024-04-21T20:33:23.728+0000] {processor.py:183} INFO - Processing /home/airflow/.local/lib/python3.9/site-packages/airflow/example_dags/example_sensor_decorator.py took 0.120 seconds
[2024-04-21T20:33:54.531+0000] {processor.py:161} INFO - Started process (PID=119) to work on /home/airflow/.local/lib/python3.9/site-packages/airflow/example_dags/example_sensor_decorator.py
[2024-04-21T20:33:54.533+0000] {processor.py:830} INFO - Processing file /home/airflow/.local/lib/python3.9/site-packages/airflow/example_dags/example_sensor_decorator.py for tasks to queue
[2024-04-21T20:33:54.535+0000] {logging_mixin.py:188} INFO - [2024-04-21T20:33:54.535+0000] {dagbag.py:540} INFO - Filling up the DagBag from /home/airflow/.local/lib/python3.9/site-packages/airflow/example_dags/example_sensor_decorator.py
[2024-04-21T20:33:54.542+0000] {processor.py:840} INFO - DAG(s) 'example_sensor_decorator' retrieved from /home/airflow/.local/lib/python3.9/site-packages/airflow/example_dags/example_sensor_decorator.py
[2024-04-21T20:33:54.605+0000] {logging_mixin.py:188} INFO - [2024-04-21T20:33:54.604+0000] {dag.py:3047} INFO - Sync 1 DAGs
[2024-04-21T20:33:54.619+0000] {logging_mixin.py:188} INFO - [2024-04-21T20:33:54.618+0000] {dag.py:3834} INFO - Setting next_dagrun for example_sensor_decorator to None, run_after=None
[2024-04-21T20:33:54.656+0000] {processor.py:183} INFO - Processing /home/airflow/.local/lib/python3.9/site-packages/airflow/example_dags/example_sensor_decorator.py took 0.127 seconds
[2024-04-21T20:34:31.220+0000] {processor.py:161} INFO - Started process (PID=62) to work on /home/airflow/.local/lib/python3.9/site-packages/airflow/example_dags/example_sensor_decorator.py
[2024-04-21T20:34:31.221+0000] {processor.py:830} INFO - Processing file /home/airflow/.local/lib/python3.9/site-packages/airflow/example_dags/example_sensor_decorator.py for tasks to queue
[2024-04-21T20:34:31.223+0000] {logging_mixin.py:188} INFO - [2024-04-21T20:34:31.223+0000] {dagbag.py:540} INFO - Filling up the DagBag from /home/airflow/.local/lib/python3.9/site-packages/airflow/example_dags/example_sensor_decorator.py
[2024-04-21T20:34:31.232+0000] {processor.py:840} INFO - DAG(s) 'example_sensor_decorator' retrieved from /home/airflow/.local/lib/python3.9/site-packages/airflow/example_dags/example_sensor_decorator.py
[2024-04-21T20:34:31.295+0000] {logging_mixin.py:188} INFO - [2024-04-21T20:34:31.295+0000] {dag.py:3047} INFO - Sync 1 DAGs
[2024-04-21T20:34:31.308+0000] {logging_mixin.py:188} INFO - [2024-04-21T20:34:31.308+0000] {dag.py:3834} INFO - Setting next_dagrun for example_sensor_decorator to None, run_after=None
[2024-04-21T20:34:31.343+0000] {processor.py:183} INFO - Processing /home/airflow/.local/lib/python3.9/site-packages/airflow/example_dags/example_sensor_decorator.py took 0.126 seconds
[2024-04-21T20:35:02.404+0000] {processor.py:161} INFO - Started process (PID=119) to work on /home/airflow/.local/lib/python3.9/site-packages/airflow/example_dags/example_sensor_decorator.py
[2024-04-21T20:35:02.406+0000] {processor.py:830} INFO - Processing file /home/airflow/.local/lib/python3.9/site-packages/airflow/example_dags/example_sensor_decorator.py for tasks to queue
[2024-04-21T20:35:02.408+0000] {logging_mixin.py:188} INFO - [2024-04-21T20:35:02.407+0000] {dagbag.py:540} INFO - Filling up the DagBag from /home/airflow/.local/lib/python3.9/site-packages/airflow/example_dags/example_sensor_decorator.py
[2024-04-21T20:35:02.414+0000] {processor.py:840} INFO - DAG(s) 'example_sensor_decorator' retrieved from /home/airflow/.local/lib/python3.9/site-packages/airflow/example_dags/example_sensor_decorator.py
[2024-04-21T20:35:02.468+0000] {logging_mixin.py:188} INFO - [2024-04-21T20:35:02.468+0000] {dag.py:3047} INFO - Sync 1 DAGs
[2024-04-21T20:35:02.482+0000] {logging_mixin.py:188} INFO - [2024-04-21T20:35:02.482+0000] {dag.py:3834} INFO - Setting next_dagrun for example_sensor_decorator to None, run_after=None
[2024-04-21T20:35:02.514+0000] {processor.py:183} INFO - Processing /home/airflow/.local/lib/python3.9/site-packages/airflow/example_dags/example_sensor_decorator.py took 0.112 seconds
[2024-04-21T20:35:33.163+0000] {processor.py:161} INFO - Started process (PID=176) to work on /home/airflow/.local/lib/python3.9/site-packages/airflow/example_dags/example_sensor_decorator.py
[2024-04-21T20:35:33.164+0000] {processor.py:830} INFO - Processing file /home/airflow/.local/lib/python3.9/site-packages/airflow/example_dags/example_sensor_decorator.py for tasks to queue
[2024-04-21T20:35:33.168+0000] {logging_mixin.py:188} INFO - [2024-04-21T20:35:33.167+0000] {dagbag.py:540} INFO - Filling up the DagBag from /home/airflow/.local/lib/python3.9/site-packages/airflow/example_dags/example_sensor_decorator.py
[2024-04-21T20:35:33.176+0000] {processor.py:840} INFO - DAG(s) 'example_sensor_decorator' retrieved from /home/airflow/.local/lib/python3.9/site-packages/airflow/example_dags/example_sensor_decorator.py
[2024-04-21T20:35:33.242+0000] {logging_mixin.py:188} INFO - [2024-04-21T20:35:33.241+0000] {dag.py:3047} INFO - Sync 1 DAGs
[2024-04-21T20:35:33.258+0000] {logging_mixin.py:188} INFO - [2024-04-21T20:35:33.258+0000] {dag.py:3834} INFO - Setting next_dagrun for example_sensor_decorator to None, run_after=None
[2024-04-21T20:35:33.294+0000] {processor.py:183} INFO - Processing /home/airflow/.local/lib/python3.9/site-packages/airflow/example_dags/example_sensor_decorator.py took 0.135 seconds
[2024-04-21T20:36:04.277+0000] {processor.py:161} INFO - Started process (PID=233) to work on /home/airflow/.local/lib/python3.9/site-packages/airflow/example_dags/example_sensor_decorator.py
[2024-04-21T20:36:04.279+0000] {processor.py:830} INFO - Processing file /home/airflow/.local/lib/python3.9/site-packages/airflow/example_dags/example_sensor_decorator.py for tasks to queue
[2024-04-21T20:36:04.281+0000] {logging_mixin.py:188} INFO - [2024-04-21T20:36:04.281+0000] {dagbag.py:540} INFO - Filling up the DagBag from /home/airflow/.local/lib/python3.9/site-packages/airflow/example_dags/example_sensor_decorator.py
[2024-04-21T20:36:04.288+0000] {processor.py:840} INFO - DAG(s) 'example_sensor_decorator' retrieved from /home/airflow/.local/lib/python3.9/site-packages/airflow/example_dags/example_sensor_decorator.py
[2024-04-21T20:36:04.345+0000] {logging_mixin.py:188} INFO - [2024-04-21T20:36:04.345+0000] {dag.py:3047} INFO - Sync 1 DAGs
[2024-04-21T20:36:04.358+0000] {logging_mixin.py:188} INFO - [2024-04-21T20:36:04.357+0000] {dag.py:3834} INFO - Setting next_dagrun for example_sensor_decorator to None, run_after=None
[2024-04-21T20:36:04.390+0000] {processor.py:183} INFO - Processing /home/airflow/.local/lib/python3.9/site-packages/airflow/example_dags/example_sensor_decorator.py took 0.116 seconds
[2024-04-21T20:36:35.861+0000] {processor.py:161} INFO - Started process (PID=290) to work on /home/airflow/.local/lib/python3.9/site-packages/airflow/example_dags/example_sensor_decorator.py
[2024-04-21T20:36:35.863+0000] {processor.py:830} INFO - Processing file /home/airflow/.local/lib/python3.9/site-packages/airflow/example_dags/example_sensor_decorator.py for tasks to queue
[2024-04-21T20:36:35.865+0000] {logging_mixin.py:188} INFO - [2024-04-21T20:36:35.865+0000] {dagbag.py:540} INFO - Filling up the DagBag from /home/airflow/.local/lib/python3.9/site-packages/airflow/example_dags/example_sensor_decorator.py
[2024-04-21T20:36:35.873+0000] {processor.py:840} INFO - DAG(s) 'example_sensor_decorator' retrieved from /home/airflow/.local/lib/python3.9/site-packages/airflow/example_dags/example_sensor_decorator.py
[2024-04-21T20:36:35.936+0000] {logging_mixin.py:188} INFO - [2024-04-21T20:36:35.935+0000] {dag.py:3047} INFO - Sync 1 DAGs
[2024-04-21T20:36:35.951+0000] {logging_mixin.py:188} INFO - [2024-04-21T20:36:35.951+0000] {dag.py:3834} INFO - Setting next_dagrun for example_sensor_decorator to None, run_after=None
[2024-04-21T20:36:35.994+0000] {processor.py:183} INFO - Processing /home/airflow/.local/lib/python3.9/site-packages/airflow/example_dags/example_sensor_decorator.py took 0.137 seconds
[2024-04-21T20:37:06.591+0000] {processor.py:161} INFO - Started process (PID=347) to work on /home/airflow/.local/lib/python3.9/site-packages/airflow/example_dags/example_sensor_decorator.py
[2024-04-21T20:37:06.592+0000] {processor.py:830} INFO - Processing file /home/airflow/.local/lib/python3.9/site-packages/airflow/example_dags/example_sensor_decorator.py for tasks to queue
[2024-04-21T20:37:06.595+0000] {logging_mixin.py:188} INFO - [2024-04-21T20:37:06.594+0000] {dagbag.py:540} INFO - Filling up the DagBag from /home/airflow/.local/lib/python3.9/site-packages/airflow/example_dags/example_sensor_decorator.py
[2024-04-21T20:37:06.602+0000] {processor.py:840} INFO - DAG(s) 'example_sensor_decorator' retrieved from /home/airflow/.local/lib/python3.9/site-packages/airflow/example_dags/example_sensor_decorator.py
[2024-04-21T20:37:06.659+0000] {logging_mixin.py:188} INFO - [2024-04-21T20:37:06.658+0000] {dag.py:3047} INFO - Sync 1 DAGs
[2024-04-21T20:37:06.671+0000] {logging_mixin.py:188} INFO - [2024-04-21T20:37:06.671+0000] {dag.py:3834} INFO - Setting next_dagrun for example_sensor_decorator to None, run_after=None
[2024-04-21T20:37:06.704+0000] {processor.py:183} INFO - Processing /home/airflow/.local/lib/python3.9/site-packages/airflow/example_dags/example_sensor_decorator.py took 0.116 seconds
[2024-04-21T20:37:37.112+0000] {processor.py:161} INFO - Started process (PID=404) to work on /home/airflow/.local/lib/python3.9/site-packages/airflow/example_dags/example_sensor_decorator.py
[2024-04-21T20:37:37.114+0000] {processor.py:830} INFO - Processing file /home/airflow/.local/lib/python3.9/site-packages/airflow/example_dags/example_sensor_decorator.py for tasks to queue
[2024-04-21T20:37:37.116+0000] {logging_mixin.py:188} INFO - [2024-04-21T20:37:37.115+0000] {dagbag.py:540} INFO - Filling up the DagBag from /home/airflow/.local/lib/python3.9/site-packages/airflow/example_dags/example_sensor_decorator.py
[2024-04-21T20:37:37.122+0000] {processor.py:840} INFO - DAG(s) 'example_sensor_decorator' retrieved from /home/airflow/.local/lib/python3.9/site-packages/airflow/example_dags/example_sensor_decorator.py
[2024-04-21T20:37:37.176+0000] {logging_mixin.py:188} INFO - [2024-04-21T20:37:37.175+0000] {dag.py:3047} INFO - Sync 1 DAGs
[2024-04-21T20:37:37.189+0000] {logging_mixin.py:188} INFO - [2024-04-21T20:37:37.189+0000] {dag.py:3834} INFO - Setting next_dagrun for example_sensor_decorator to None, run_after=None
[2024-04-21T20:37:37.221+0000] {processor.py:183} INFO - Processing /home/airflow/.local/lib/python3.9/site-packages/airflow/example_dags/example_sensor_decorator.py took 0.111 seconds
[2024-04-21T20:38:08.803+0000] {processor.py:161} INFO - Started process (PID=461) to work on /home/airflow/.local/lib/python3.9/site-packages/airflow/example_dags/example_sensor_decorator.py
[2024-04-21T20:38:08.804+0000] {processor.py:830} INFO - Processing file /home/airflow/.local/lib/python3.9/site-packages/airflow/example_dags/example_sensor_decorator.py for tasks to queue
[2024-04-21T20:38:08.806+0000] {logging_mixin.py:188} INFO - [2024-04-21T20:38:08.806+0000] {dagbag.py:540} INFO - Filling up the DagBag from /home/airflow/.local/lib/python3.9/site-packages/airflow/example_dags/example_sensor_decorator.py
[2024-04-21T20:38:08.813+0000] {processor.py:840} INFO - DAG(s) 'example_sensor_decorator' retrieved from /home/airflow/.local/lib/python3.9/site-packages/airflow/example_dags/example_sensor_decorator.py
[2024-04-21T20:38:08.869+0000] {logging_mixin.py:188} INFO - [2024-04-21T20:38:08.869+0000] {dag.py:3047} INFO - Sync 1 DAGs
[2024-04-21T20:38:08.881+0000] {logging_mixin.py:188} INFO - [2024-04-21T20:38:08.881+0000] {dag.py:3834} INFO - Setting next_dagrun for example_sensor_decorator to None, run_after=None
[2024-04-21T20:38:08.918+0000] {processor.py:183} INFO - Processing /home/airflow/.local/lib/python3.9/site-packages/airflow/example_dags/example_sensor_decorator.py took 0.118 seconds
[2024-04-21T20:38:40.748+0000] {processor.py:161} INFO - Started process (PID=518) to work on /home/airflow/.local/lib/python3.9/site-packages/airflow/example_dags/example_sensor_decorator.py
[2024-04-21T20:38:40.749+0000] {processor.py:830} INFO - Processing file /home/airflow/.local/lib/python3.9/site-packages/airflow/example_dags/example_sensor_decorator.py for tasks to queue
[2024-04-21T20:38:40.751+0000] {logging_mixin.py:188} INFO - [2024-04-21T20:38:40.751+0000] {dagbag.py:540} INFO - Filling up the DagBag from /home/airflow/.local/lib/python3.9/site-packages/airflow/example_dags/example_sensor_decorator.py
[2024-04-21T20:38:40.757+0000] {processor.py:840} INFO - DAG(s) 'example_sensor_decorator' retrieved from /home/airflow/.local/lib/python3.9/site-packages/airflow/example_dags/example_sensor_decorator.py
[2024-04-21T20:38:40.822+0000] {logging_mixin.py:188} INFO - [2024-04-21T20:38:40.821+0000] {dag.py:3047} INFO - Sync 1 DAGs
[2024-04-21T20:38:40.834+0000] {logging_mixin.py:188} INFO - [2024-04-21T20:38:40.834+0000] {dag.py:3834} INFO - Setting next_dagrun for example_sensor_decorator to None, run_after=None
[2024-04-21T20:38:40.867+0000] {processor.py:183} INFO - Processing /home/airflow/.local/lib/python3.9/site-packages/airflow/example_dags/example_sensor_decorator.py took 0.121 seconds
[2024-04-21T20:40:42.420+0000] {processor.py:161} INFO - Started process (PID=606) to work on /home/airflow/.local/lib/python3.9/site-packages/airflow/example_dags/example_sensor_decorator.py
[2024-04-21T20:40:42.421+0000] {processor.py:830} INFO - Processing file /home/airflow/.local/lib/python3.9/site-packages/airflow/example_dags/example_sensor_decorator.py for tasks to queue
[2024-04-21T20:40:42.423+0000] {logging_mixin.py:188} INFO - [2024-04-21T20:40:42.423+0000] {dagbag.py:540} INFO - Filling up the DagBag from /home/airflow/.local/lib/python3.9/site-packages/airflow/example_dags/example_sensor_decorator.py
[2024-04-21T20:40:42.429+0000] {processor.py:840} INFO - DAG(s) 'example_sensor_decorator' retrieved from /home/airflow/.local/lib/python3.9/site-packages/airflow/example_dags/example_sensor_decorator.py
[2024-04-21T20:40:42.487+0000] {logging_mixin.py:188} INFO - [2024-04-21T20:40:42.487+0000] {dag.py:3047} INFO - Sync 1 DAGs
[2024-04-21T20:40:42.499+0000] {logging_mixin.py:188} INFO - [2024-04-21T20:40:42.498+0000] {dag.py:3834} INFO - Setting next_dagrun for example_sensor_decorator to None, run_after=None
[2024-04-21T20:40:42.533+0000] {processor.py:183} INFO - Processing /home/airflow/.local/lib/python3.9/site-packages/airflow/example_dags/example_sensor_decorator.py took 0.116 seconds
[2024-04-21T20:41:13.315+0000] {processor.py:161} INFO - Started process (PID=665) to work on /home/airflow/.local/lib/python3.9/site-packages/airflow/example_dags/example_sensor_decorator.py
[2024-04-21T20:41:13.316+0000] {processor.py:830} INFO - Processing file /home/airflow/.local/lib/python3.9/site-packages/airflow/example_dags/example_sensor_decorator.py for tasks to queue
[2024-04-21T20:41:13.319+0000] {logging_mixin.py:188} INFO - [2024-04-21T20:41:13.318+0000] {dagbag.py:540} INFO - Filling up the DagBag from /home/airflow/.local/lib/python3.9/site-packages/airflow/example_dags/example_sensor_decorator.py
[2024-04-21T20:41:13.325+0000] {processor.py:840} INFO - DAG(s) 'example_sensor_decorator' retrieved from /home/airflow/.local/lib/python3.9/site-packages/airflow/example_dags/example_sensor_decorator.py
[2024-04-21T20:41:13.508+0000] {logging_mixin.py:188} INFO - [2024-04-21T20:41:13.508+0000] {dag.py:3047} INFO - Sync 1 DAGs
[2024-04-21T20:41:13.524+0000] {logging_mixin.py:188} INFO - [2024-04-21T20:41:13.523+0000] {dag.py:3834} INFO - Setting next_dagrun for example_sensor_decorator to None, run_after=None
[2024-04-21T20:41:13.559+0000] {processor.py:183} INFO - Processing /home/airflow/.local/lib/python3.9/site-packages/airflow/example_dags/example_sensor_decorator.py took 0.249 seconds
[2024-04-21T20:41:43.994+0000] {processor.py:161} INFO - Started process (PID=722) to work on /home/airflow/.local/lib/python3.9/site-packages/airflow/example_dags/example_sensor_decorator.py
[2024-04-21T20:41:43.996+0000] {processor.py:830} INFO - Processing file /home/airflow/.local/lib/python3.9/site-packages/airflow/example_dags/example_sensor_decorator.py for tasks to queue
[2024-04-21T20:41:43.998+0000] {logging_mixin.py:188} INFO - [2024-04-21T20:41:43.997+0000] {dagbag.py:540} INFO - Filling up the DagBag from /home/airflow/.local/lib/python3.9/site-packages/airflow/example_dags/example_sensor_decorator.py
[2024-04-21T20:41:44.003+0000] {processor.py:840} INFO - DAG(s) 'example_sensor_decorator' retrieved from /home/airflow/.local/lib/python3.9/site-packages/airflow/example_dags/example_sensor_decorator.py
[2024-04-21T20:41:44.058+0000] {logging_mixin.py:188} INFO - [2024-04-21T20:41:44.057+0000] {dag.py:3047} INFO - Sync 1 DAGs
[2024-04-21T20:41:44.070+0000] {logging_mixin.py:188} INFO - [2024-04-21T20:41:44.070+0000] {dag.py:3834} INFO - Setting next_dagrun for example_sensor_decorator to None, run_after=None
[2024-04-21T20:41:44.101+0000] {processor.py:183} INFO - Processing /home/airflow/.local/lib/python3.9/site-packages/airflow/example_dags/example_sensor_decorator.py took 0.110 seconds
[2024-04-21T20:42:37.763+0000] {processor.py:161} INFO - Started process (PID=62) to work on /home/airflow/.local/lib/python3.9/site-packages/airflow/example_dags/example_sensor_decorator.py
[2024-04-21T20:42:37.765+0000] {processor.py:830} INFO - Processing file /home/airflow/.local/lib/python3.9/site-packages/airflow/example_dags/example_sensor_decorator.py for tasks to queue
[2024-04-21T20:42:37.768+0000] {logging_mixin.py:188} INFO - [2024-04-21T20:42:37.767+0000] {dagbag.py:540} INFO - Filling up the DagBag from /home/airflow/.local/lib/python3.9/site-packages/airflow/example_dags/example_sensor_decorator.py
[2024-04-21T20:42:37.776+0000] {processor.py:840} INFO - DAG(s) 'example_sensor_decorator' retrieved from /home/airflow/.local/lib/python3.9/site-packages/airflow/example_dags/example_sensor_decorator.py
[2024-04-21T20:42:37.856+0000] {logging_mixin.py:188} INFO - [2024-04-21T20:42:37.855+0000] {dag.py:3047} INFO - Sync 1 DAGs
[2024-04-21T20:42:37.872+0000] {logging_mixin.py:188} INFO - [2024-04-21T20:42:37.872+0000] {dag.py:3834} INFO - Setting next_dagrun for example_sensor_decorator to None, run_after=None
[2024-04-21T20:42:37.909+0000] {processor.py:183} INFO - Processing /home/airflow/.local/lib/python3.9/site-packages/airflow/example_dags/example_sensor_decorator.py took 0.148 seconds
[2024-04-21T20:43:09.288+0000] {processor.py:161} INFO - Started process (PID=119) to work on /home/airflow/.local/lib/python3.9/site-packages/airflow/example_dags/example_sensor_decorator.py
[2024-04-21T20:43:09.290+0000] {processor.py:830} INFO - Processing file /home/airflow/.local/lib/python3.9/site-packages/airflow/example_dags/example_sensor_decorator.py for tasks to queue
[2024-04-21T20:43:09.293+0000] {logging_mixin.py:188} INFO - [2024-04-21T20:43:09.293+0000] {dagbag.py:540} INFO - Filling up the DagBag from /home/airflow/.local/lib/python3.9/site-packages/airflow/example_dags/example_sensor_decorator.py
[2024-04-21T20:43:09.303+0000] {processor.py:840} INFO - DAG(s) 'example_sensor_decorator' retrieved from /home/airflow/.local/lib/python3.9/site-packages/airflow/example_dags/example_sensor_decorator.py
[2024-04-21T20:43:09.371+0000] {logging_mixin.py:188} INFO - [2024-04-21T20:43:09.371+0000] {dag.py:3047} INFO - Sync 1 DAGs
[2024-04-21T20:43:09.394+0000] {logging_mixin.py:188} INFO - [2024-04-21T20:43:09.393+0000] {dag.py:3834} INFO - Setting next_dagrun for example_sensor_decorator to None, run_after=None
[2024-04-21T20:43:09.428+0000] {processor.py:183} INFO - Processing /home/airflow/.local/lib/python3.9/site-packages/airflow/example_dags/example_sensor_decorator.py took 0.144 seconds
[2024-04-21T20:43:39.554+0000] {processor.py:161} INFO - Started process (PID=176) to work on /home/airflow/.local/lib/python3.9/site-packages/airflow/example_dags/example_sensor_decorator.py
[2024-04-21T20:43:39.555+0000] {processor.py:830} INFO - Processing file /home/airflow/.local/lib/python3.9/site-packages/airflow/example_dags/example_sensor_decorator.py for tasks to queue
[2024-04-21T20:43:39.557+0000] {logging_mixin.py:188} INFO - [2024-04-21T20:43:39.557+0000] {dagbag.py:540} INFO - Filling up the DagBag from /home/airflow/.local/lib/python3.9/site-packages/airflow/example_dags/example_sensor_decorator.py
[2024-04-21T20:43:39.563+0000] {processor.py:840} INFO - DAG(s) 'example_sensor_decorator' retrieved from /home/airflow/.local/lib/python3.9/site-packages/airflow/example_dags/example_sensor_decorator.py
[2024-04-21T20:43:39.618+0000] {logging_mixin.py:188} INFO - [2024-04-21T20:43:39.617+0000] {dag.py:3047} INFO - Sync 1 DAGs
[2024-04-21T20:43:39.629+0000] {logging_mixin.py:188} INFO - [2024-04-21T20:43:39.629+0000] {dag.py:3834} INFO - Setting next_dagrun for example_sensor_decorator to None, run_after=None
[2024-04-21T20:43:39.661+0000] {processor.py:183} INFO - Processing /home/airflow/.local/lib/python3.9/site-packages/airflow/example_dags/example_sensor_decorator.py took 0.111 seconds
[2024-04-21T20:44:10.981+0000] {processor.py:161} INFO - Started process (PID=233) to work on /home/airflow/.local/lib/python3.9/site-packages/airflow/example_dags/example_sensor_decorator.py
[2024-04-21T20:44:10.982+0000] {processor.py:830} INFO - Processing file /home/airflow/.local/lib/python3.9/site-packages/airflow/example_dags/example_sensor_decorator.py for tasks to queue
[2024-04-21T20:44:10.985+0000] {logging_mixin.py:188} INFO - [2024-04-21T20:44:10.984+0000] {dagbag.py:540} INFO - Filling up the DagBag from /home/airflow/.local/lib/python3.9/site-packages/airflow/example_dags/example_sensor_decorator.py
[2024-04-21T20:44:10.990+0000] {processor.py:840} INFO - DAG(s) 'example_sensor_decorator' retrieved from /home/airflow/.local/lib/python3.9/site-packages/airflow/example_dags/example_sensor_decorator.py
[2024-04-21T20:44:11.044+0000] {logging_mixin.py:188} INFO - [2024-04-21T20:44:11.043+0000] {dag.py:3047} INFO - Sync 1 DAGs
[2024-04-21T20:44:11.057+0000] {logging_mixin.py:188} INFO - [2024-04-21T20:44:11.057+0000] {dag.py:3834} INFO - Setting next_dagrun for example_sensor_decorator to None, run_after=None
[2024-04-21T20:44:11.102+0000] {processor.py:183} INFO - Processing /home/airflow/.local/lib/python3.9/site-packages/airflow/example_dags/example_sensor_decorator.py took 0.124 seconds
[2024-04-21T20:44:42.895+0000] {processor.py:161} INFO - Started process (PID=290) to work on /home/airflow/.local/lib/python3.9/site-packages/airflow/example_dags/example_sensor_decorator.py
[2024-04-21T20:44:42.897+0000] {processor.py:830} INFO - Processing file /home/airflow/.local/lib/python3.9/site-packages/airflow/example_dags/example_sensor_decorator.py for tasks to queue
[2024-04-21T20:44:42.899+0000] {logging_mixin.py:188} INFO - [2024-04-21T20:44:42.899+0000] {dagbag.py:540} INFO - Filling up the DagBag from /home/airflow/.local/lib/python3.9/site-packages/airflow/example_dags/example_sensor_decorator.py
[2024-04-21T20:44:42.905+0000] {processor.py:840} INFO - DAG(s) 'example_sensor_decorator' retrieved from /home/airflow/.local/lib/python3.9/site-packages/airflow/example_dags/example_sensor_decorator.py
[2024-04-21T20:44:42.959+0000] {logging_mixin.py:188} INFO - [2024-04-21T20:44:42.959+0000] {dag.py:3047} INFO - Sync 1 DAGs
[2024-04-21T20:44:42.971+0000] {logging_mixin.py:188} INFO - [2024-04-21T20:44:42.971+0000] {dag.py:3834} INFO - Setting next_dagrun for example_sensor_decorator to None, run_after=None
[2024-04-21T20:44:43.005+0000] {processor.py:183} INFO - Processing /home/airflow/.local/lib/python3.9/site-packages/airflow/example_dags/example_sensor_decorator.py took 0.112 seconds
[2024-04-21T20:45:13.572+0000] {processor.py:161} INFO - Started process (PID=347) to work on /home/airflow/.local/lib/python3.9/site-packages/airflow/example_dags/example_sensor_decorator.py
[2024-04-21T20:45:13.573+0000] {processor.py:830} INFO - Processing file /home/airflow/.local/lib/python3.9/site-packages/airflow/example_dags/example_sensor_decorator.py for tasks to queue
[2024-04-21T20:45:13.575+0000] {logging_mixin.py:188} INFO - [2024-04-21T20:45:13.575+0000] {dagbag.py:540} INFO - Filling up the DagBag from /home/airflow/.local/lib/python3.9/site-packages/airflow/example_dags/example_sensor_decorator.py
[2024-04-21T20:45:13.582+0000] {processor.py:840} INFO - DAG(s) 'example_sensor_decorator' retrieved from /home/airflow/.local/lib/python3.9/site-packages/airflow/example_dags/example_sensor_decorator.py
[2024-04-21T20:45:13.637+0000] {logging_mixin.py:188} INFO - [2024-04-21T20:45:13.637+0000] {dag.py:3047} INFO - Sync 1 DAGs
[2024-04-21T20:45:13.649+0000] {logging_mixin.py:188} INFO - [2024-04-21T20:45:13.649+0000] {dag.py:3834} INFO - Setting next_dagrun for example_sensor_decorator to None, run_after=None
[2024-04-21T20:45:13.685+0000] {processor.py:183} INFO - Processing /home/airflow/.local/lib/python3.9/site-packages/airflow/example_dags/example_sensor_decorator.py took 0.116 seconds
[2024-04-21T20:45:44.712+0000] {processor.py:161} INFO - Started process (PID=404) to work on /home/airflow/.local/lib/python3.9/site-packages/airflow/example_dags/example_sensor_decorator.py
[2024-04-21T20:45:44.713+0000] {processor.py:830} INFO - Processing file /home/airflow/.local/lib/python3.9/site-packages/airflow/example_dags/example_sensor_decorator.py for tasks to queue
[2024-04-21T20:45:44.716+0000] {logging_mixin.py:188} INFO - [2024-04-21T20:45:44.715+0000] {dagbag.py:540} INFO - Filling up the DagBag from /home/airflow/.local/lib/python3.9/site-packages/airflow/example_dags/example_sensor_decorator.py
[2024-04-21T20:45:44.723+0000] {processor.py:840} INFO - DAG(s) 'example_sensor_decorator' retrieved from /home/airflow/.local/lib/python3.9/site-packages/airflow/example_dags/example_sensor_decorator.py
[2024-04-21T20:45:44.783+0000] {logging_mixin.py:188} INFO - [2024-04-21T20:45:44.782+0000] {dag.py:3047} INFO - Sync 1 DAGs
[2024-04-21T20:45:44.796+0000] {logging_mixin.py:188} INFO - [2024-04-21T20:45:44.796+0000] {dag.py:3834} INFO - Setting next_dagrun for example_sensor_decorator to None, run_after=None
[2024-04-21T20:45:44.834+0000] {processor.py:183} INFO - Processing /home/airflow/.local/lib/python3.9/site-packages/airflow/example_dags/example_sensor_decorator.py took 0.126 seconds
[2024-04-21T20:46:15.821+0000] {processor.py:161} INFO - Started process (PID=461) to work on /home/airflow/.local/lib/python3.9/site-packages/airflow/example_dags/example_sensor_decorator.py
[2024-04-21T20:46:15.822+0000] {processor.py:830} INFO - Processing file /home/airflow/.local/lib/python3.9/site-packages/airflow/example_dags/example_sensor_decorator.py for tasks to queue
[2024-04-21T20:46:15.825+0000] {logging_mixin.py:188} INFO - [2024-04-21T20:46:15.824+0000] {dagbag.py:540} INFO - Filling up the DagBag from /home/airflow/.local/lib/python3.9/site-packages/airflow/example_dags/example_sensor_decorator.py
[2024-04-21T20:46:15.832+0000] {processor.py:840} INFO - DAG(s) 'example_sensor_decorator' retrieved from /home/airflow/.local/lib/python3.9/site-packages/airflow/example_dags/example_sensor_decorator.py
[2024-04-21T20:46:15.887+0000] {logging_mixin.py:188} INFO - [2024-04-21T20:46:15.886+0000] {dag.py:3047} INFO - Sync 1 DAGs
[2024-04-21T20:46:15.900+0000] {logging_mixin.py:188} INFO - [2024-04-21T20:46:15.900+0000] {dag.py:3834} INFO - Setting next_dagrun for example_sensor_decorator to None, run_after=None
[2024-04-21T20:46:15.931+0000] {processor.py:183} INFO - Processing /home/airflow/.local/lib/python3.9/site-packages/airflow/example_dags/example_sensor_decorator.py took 0.114 seconds
[2024-04-21T20:46:46.881+0000] {processor.py:161} INFO - Started process (PID=518) to work on /home/airflow/.local/lib/python3.9/site-packages/airflow/example_dags/example_sensor_decorator.py
[2024-04-21T20:46:46.882+0000] {processor.py:830} INFO - Processing file /home/airflow/.local/lib/python3.9/site-packages/airflow/example_dags/example_sensor_decorator.py for tasks to queue
[2024-04-21T20:46:46.884+0000] {logging_mixin.py:188} INFO - [2024-04-21T20:46:46.884+0000] {dagbag.py:540} INFO - Filling up the DagBag from /home/airflow/.local/lib/python3.9/site-packages/airflow/example_dags/example_sensor_decorator.py
[2024-04-21T20:46:46.890+0000] {processor.py:840} INFO - DAG(s) 'example_sensor_decorator' retrieved from /home/airflow/.local/lib/python3.9/site-packages/airflow/example_dags/example_sensor_decorator.py
[2024-04-21T20:46:46.941+0000] {logging_mixin.py:188} INFO - [2024-04-21T20:46:46.941+0000] {dag.py:3047} INFO - Sync 1 DAGs
[2024-04-21T20:46:46.954+0000] {logging_mixin.py:188} INFO - [2024-04-21T20:46:46.953+0000] {dag.py:3834} INFO - Setting next_dagrun for example_sensor_decorator to None, run_after=None
[2024-04-21T20:46:46.990+0000] {processor.py:183} INFO - Processing /home/airflow/.local/lib/python3.9/site-packages/airflow/example_dags/example_sensor_decorator.py took 0.111 seconds
[2024-04-21T20:47:17.038+0000] {processor.py:161} INFO - Started process (PID=573) to work on /home/airflow/.local/lib/python3.9/site-packages/airflow/example_dags/example_sensor_decorator.py
[2024-04-21T20:47:17.039+0000] {processor.py:830} INFO - Processing file /home/airflow/.local/lib/python3.9/site-packages/airflow/example_dags/example_sensor_decorator.py for tasks to queue
[2024-04-21T20:47:17.041+0000] {logging_mixin.py:188} INFO - [2024-04-21T20:47:17.041+0000] {dagbag.py:540} INFO - Filling up the DagBag from /home/airflow/.local/lib/python3.9/site-packages/airflow/example_dags/example_sensor_decorator.py
[2024-04-21T20:47:17.048+0000] {processor.py:840} INFO - DAG(s) 'example_sensor_decorator' retrieved from /home/airflow/.local/lib/python3.9/site-packages/airflow/example_dags/example_sensor_decorator.py
[2024-04-21T20:47:17.109+0000] {logging_mixin.py:188} INFO - [2024-04-21T20:47:17.109+0000] {dag.py:3047} INFO - Sync 1 DAGs
[2024-04-21T20:47:17.123+0000] {logging_mixin.py:188} INFO - [2024-04-21T20:47:17.122+0000] {dag.py:3834} INFO - Setting next_dagrun for example_sensor_decorator to None, run_after=None
[2024-04-21T20:47:17.155+0000] {processor.py:183} INFO - Processing /home/airflow/.local/lib/python3.9/site-packages/airflow/example_dags/example_sensor_decorator.py took 0.120 seconds
[2024-04-21T20:47:47.792+0000] {processor.py:161} INFO - Started process (PID=630) to work on /home/airflow/.local/lib/python3.9/site-packages/airflow/example_dags/example_sensor_decorator.py
[2024-04-21T20:47:47.793+0000] {processor.py:830} INFO - Processing file /home/airflow/.local/lib/python3.9/site-packages/airflow/example_dags/example_sensor_decorator.py for tasks to queue
[2024-04-21T20:47:47.795+0000] {logging_mixin.py:188} INFO - [2024-04-21T20:47:47.795+0000] {dagbag.py:540} INFO - Filling up the DagBag from /home/airflow/.local/lib/python3.9/site-packages/airflow/example_dags/example_sensor_decorator.py
[2024-04-21T20:47:47.800+0000] {processor.py:840} INFO - DAG(s) 'example_sensor_decorator' retrieved from /home/airflow/.local/lib/python3.9/site-packages/airflow/example_dags/example_sensor_decorator.py
[2024-04-21T20:47:47.852+0000] {logging_mixin.py:188} INFO - [2024-04-21T20:47:47.852+0000] {dag.py:3047} INFO - Sync 1 DAGs
[2024-04-21T20:47:47.864+0000] {logging_mixin.py:188} INFO - [2024-04-21T20:47:47.863+0000] {dag.py:3834} INFO - Setting next_dagrun for example_sensor_decorator to None, run_after=None
[2024-04-21T20:47:47.896+0000] {processor.py:183} INFO - Processing /home/airflow/.local/lib/python3.9/site-packages/airflow/example_dags/example_sensor_decorator.py took 0.107 seconds
[2024-04-21T21:00:50.696+0000] {processor.py:161} INFO - Started process (PID=62) to work on /home/airflow/.local/lib/python3.9/site-packages/airflow/example_dags/example_sensor_decorator.py
[2024-04-21T21:00:50.700+0000] {processor.py:830} INFO - Processing file /home/airflow/.local/lib/python3.9/site-packages/airflow/example_dags/example_sensor_decorator.py for tasks to queue
[2024-04-21T21:00:50.710+0000] {logging_mixin.py:188} INFO - [2024-04-21T21:00:50.709+0000] {dagbag.py:540} INFO - Filling up the DagBag from /home/airflow/.local/lib/python3.9/site-packages/airflow/example_dags/example_sensor_decorator.py
[2024-04-21T21:00:50.746+0000] {processor.py:840} INFO - DAG(s) 'example_sensor_decorator' retrieved from /home/airflow/.local/lib/python3.9/site-packages/airflow/example_dags/example_sensor_decorator.py
[2024-04-21T21:00:51.551+0000] {logging_mixin.py:188} INFO - [2024-04-21T21:00:51.550+0000] {dag.py:3047} INFO - Sync 1 DAGs
[2024-04-21T21:00:51.760+0000] {logging_mixin.py:188} INFO - [2024-04-21T21:00:51.759+0000] {dag.py:3834} INFO - Setting next_dagrun for example_sensor_decorator to None, run_after=None
[2024-04-21T21:00:52.064+0000] {processor.py:183} INFO - Processing /home/airflow/.local/lib/python3.9/site-packages/airflow/example_dags/example_sensor_decorator.py took 1.374 seconds
[2024-04-21T21:01:22.351+0000] {processor.py:161} INFO - Started process (PID=120) to work on /home/airflow/.local/lib/python3.9/site-packages/airflow/example_dags/example_sensor_decorator.py
[2024-04-21T21:01:22.352+0000] {processor.py:830} INFO - Processing file /home/airflow/.local/lib/python3.9/site-packages/airflow/example_dags/example_sensor_decorator.py for tasks to queue
[2024-04-21T21:01:22.354+0000] {logging_mixin.py:188} INFO - [2024-04-21T21:01:22.354+0000] {dagbag.py:540} INFO - Filling up the DagBag from /home/airflow/.local/lib/python3.9/site-packages/airflow/example_dags/example_sensor_decorator.py
[2024-04-21T21:01:22.362+0000] {processor.py:840} INFO - DAG(s) 'example_sensor_decorator' retrieved from /home/airflow/.local/lib/python3.9/site-packages/airflow/example_dags/example_sensor_decorator.py
[2024-04-21T21:01:22.447+0000] {logging_mixin.py:188} INFO - [2024-04-21T21:01:22.447+0000] {dag.py:3047} INFO - Sync 1 DAGs
[2024-04-21T21:01:22.472+0000] {logging_mixin.py:188} INFO - [2024-04-21T21:01:22.472+0000] {dag.py:3834} INFO - Setting next_dagrun for example_sensor_decorator to None, run_after=None
[2024-04-21T21:01:22.520+0000] {processor.py:183} INFO - Processing /home/airflow/.local/lib/python3.9/site-packages/airflow/example_dags/example_sensor_decorator.py took 0.172 seconds
[2024-04-21T21:04:40.655+0000] {processor.py:161} INFO - Started process (PID=74) to work on /home/airflow/.local/lib/python3.9/site-packages/airflow/example_dags/example_sensor_decorator.py
[2024-04-21T21:04:40.658+0000] {processor.py:830} INFO - Processing file /home/airflow/.local/lib/python3.9/site-packages/airflow/example_dags/example_sensor_decorator.py for tasks to queue
[2024-04-21T21:04:40.660+0000] {logging_mixin.py:188} INFO - [2024-04-21T21:04:40.660+0000] {dagbag.py:540} INFO - Filling up the DagBag from /home/airflow/.local/lib/python3.9/site-packages/airflow/example_dags/example_sensor_decorator.py
[2024-04-21T21:04:40.673+0000] {processor.py:840} INFO - DAG(s) 'example_sensor_decorator' retrieved from /home/airflow/.local/lib/python3.9/site-packages/airflow/example_dags/example_sensor_decorator.py
[2024-04-21T21:04:40.741+0000] {logging_mixin.py:188} INFO - [2024-04-21T21:04:40.741+0000] {dag.py:3047} INFO - Sync 1 DAGs
[2024-04-21T21:04:40.759+0000] {logging_mixin.py:188} INFO - [2024-04-21T21:04:40.758+0000] {dag.py:3834} INFO - Setting next_dagrun for example_sensor_decorator to None, run_after=None
[2024-04-21T21:04:40.803+0000] {processor.py:183} INFO - Processing /home/airflow/.local/lib/python3.9/site-packages/airflow/example_dags/example_sensor_decorator.py took 0.151 seconds
[2024-04-21T21:05:11.658+0000] {processor.py:161} INFO - Started process (PID=131) to work on /home/airflow/.local/lib/python3.9/site-packages/airflow/example_dags/example_sensor_decorator.py
[2024-04-21T21:05:11.659+0000] {processor.py:830} INFO - Processing file /home/airflow/.local/lib/python3.9/site-packages/airflow/example_dags/example_sensor_decorator.py for tasks to queue
[2024-04-21T21:05:11.661+0000] {logging_mixin.py:188} INFO - [2024-04-21T21:05:11.660+0000] {dagbag.py:540} INFO - Filling up the DagBag from /home/airflow/.local/lib/python3.9/site-packages/airflow/example_dags/example_sensor_decorator.py
[2024-04-21T21:05:11.667+0000] {processor.py:840} INFO - DAG(s) 'example_sensor_decorator' retrieved from /home/airflow/.local/lib/python3.9/site-packages/airflow/example_dags/example_sensor_decorator.py
[2024-04-21T21:05:11.718+0000] {logging_mixin.py:188} INFO - [2024-04-21T21:05:11.718+0000] {dag.py:3047} INFO - Sync 1 DAGs
[2024-04-21T21:05:11.730+0000] {logging_mixin.py:188} INFO - [2024-04-21T21:05:11.730+0000] {dag.py:3834} INFO - Setting next_dagrun for example_sensor_decorator to None, run_after=None
[2024-04-21T21:05:11.763+0000] {processor.py:183} INFO - Processing /home/airflow/.local/lib/python3.9/site-packages/airflow/example_dags/example_sensor_decorator.py took 0.108 seconds
[2024-04-21T21:05:42.663+0000] {processor.py:161} INFO - Started process (PID=196) to work on /home/airflow/.local/lib/python3.9/site-packages/airflow/example_dags/example_sensor_decorator.py
[2024-04-21T21:05:42.664+0000] {processor.py:830} INFO - Processing file /home/airflow/.local/lib/python3.9/site-packages/airflow/example_dags/example_sensor_decorator.py for tasks to queue
[2024-04-21T21:05:42.666+0000] {logging_mixin.py:188} INFO - [2024-04-21T21:05:42.666+0000] {dagbag.py:540} INFO - Filling up the DagBag from /home/airflow/.local/lib/python3.9/site-packages/airflow/example_dags/example_sensor_decorator.py
[2024-04-21T21:05:42.673+0000] {processor.py:840} INFO - DAG(s) 'example_sensor_decorator' retrieved from /home/airflow/.local/lib/python3.9/site-packages/airflow/example_dags/example_sensor_decorator.py
[2024-04-21T21:05:42.733+0000] {logging_mixin.py:188} INFO - [2024-04-21T21:05:42.732+0000] {dag.py:3047} INFO - Sync 1 DAGs
[2024-04-21T21:05:42.747+0000] {logging_mixin.py:188} INFO - [2024-04-21T21:05:42.747+0000] {dag.py:3834} INFO - Setting next_dagrun for example_sensor_decorator to None, run_after=None
[2024-04-21T21:05:42.785+0000] {processor.py:183} INFO - Processing /home/airflow/.local/lib/python3.9/site-packages/airflow/example_dags/example_sensor_decorator.py took 0.125 seconds
