[2024-04-21T19:52:00.227+0000] {processor.py:161} INFO - Started process (PID=59) to work on /home/airflow/.local/lib/python3.9/site-packages/airflow/example_dags/example_xcom.py
[2024-04-21T19:52:00.229+0000] {processor.py:830} INFO - Processing file /home/airflow/.local/lib/python3.9/site-packages/airflow/example_dags/example_xcom.py for tasks to queue
[2024-04-21T19:52:00.232+0000] {logging_mixin.py:188} INFO - [2024-04-21T19:52:00.231+0000] {dagbag.py:540} INFO - Filling up the DagBag from /home/airflow/.local/lib/python3.9/site-packages/airflow/example_dags/example_xcom.py
[2024-04-21T19:52:00.312+0000] {processor.py:840} INFO - DAG(s) 'example_xcom' retrieved from /home/airflow/.local/lib/python3.9/site-packages/airflow/example_dags/example_xcom.py
[2024-04-21T19:52:00.931+0000] {logging_mixin.py:188} INFO - [2024-04-21T19:52:00.930+0000] {dag.py:3047} INFO - Sync 1 DAGs
[2024-04-21T19:52:01.002+0000] {logging_mixin.py:188} INFO - [2024-04-21T19:52:01.000+0000] {dag.py:3834} INFO - Setting next_dagrun for example_xcom to 2021-01-01 00:00:00+00:00, run_after=2021-01-01 00:00:00+00:00
[2024-04-21T19:52:01.112+0000] {processor.py:183} INFO - Processing /home/airflow/.local/lib/python3.9/site-packages/airflow/example_dags/example_xcom.py took 0.889 seconds
[2024-04-21T19:52:31.941+0000] {processor.py:161} INFO - Started process (PID=116) to work on /home/airflow/.local/lib/python3.9/site-packages/airflow/example_dags/example_xcom.py
[2024-04-21T19:52:31.944+0000] {processor.py:830} INFO - Processing file /home/airflow/.local/lib/python3.9/site-packages/airflow/example_dags/example_xcom.py for tasks to queue
[2024-04-21T19:52:31.949+0000] {logging_mixin.py:188} INFO - [2024-04-21T19:52:31.948+0000] {dagbag.py:540} INFO - Filling up the DagBag from /home/airflow/.local/lib/python3.9/site-packages/airflow/example_dags/example_xcom.py
[2024-04-21T19:52:31.965+0000] {processor.py:840} INFO - DAG(s) 'example_xcom' retrieved from /home/airflow/.local/lib/python3.9/site-packages/airflow/example_dags/example_xcom.py
[2024-04-21T19:52:32.104+0000] {logging_mixin.py:188} INFO - [2024-04-21T19:52:32.103+0000] {dag.py:3047} INFO - Sync 1 DAGs
[2024-04-21T19:52:32.168+0000] {logging_mixin.py:188} INFO - [2024-04-21T19:52:32.167+0000] {dag.py:3834} INFO - Setting next_dagrun for example_xcom to 2021-01-01 00:00:00+00:00, run_after=2021-01-01 00:00:00+00:00
[2024-04-21T19:52:32.274+0000] {processor.py:183} INFO - Processing /home/airflow/.local/lib/python3.9/site-packages/airflow/example_dags/example_xcom.py took 0.339 seconds
[2024-04-21T19:53:02.449+0000] {processor.py:161} INFO - Started process (PID=173) to work on /home/airflow/.local/lib/python3.9/site-packages/airflow/example_dags/example_xcom.py
[2024-04-21T19:53:02.453+0000] {processor.py:830} INFO - Processing file /home/airflow/.local/lib/python3.9/site-packages/airflow/example_dags/example_xcom.py for tasks to queue
[2024-04-21T19:53:02.460+0000] {logging_mixin.py:188} INFO - [2024-04-21T19:53:02.459+0000] {dagbag.py:540} INFO - Filling up the DagBag from /home/airflow/.local/lib/python3.9/site-packages/airflow/example_dags/example_xcom.py
[2024-04-21T19:53:02.490+0000] {processor.py:840} INFO - DAG(s) 'example_xcom' retrieved from /home/airflow/.local/lib/python3.9/site-packages/airflow/example_dags/example_xcom.py
[2024-04-21T19:53:02.630+0000] {logging_mixin.py:188} INFO - [2024-04-21T19:53:02.629+0000] {dag.py:3047} INFO - Sync 1 DAGs
[2024-04-21T19:53:02.679+0000] {logging_mixin.py:188} INFO - [2024-04-21T19:53:02.678+0000] {dag.py:3834} INFO - Setting next_dagrun for example_xcom to 2021-01-01 00:00:00+00:00, run_after=2021-01-01 00:00:00+00:00
[2024-04-21T19:53:02.762+0000] {processor.py:183} INFO - Processing /home/airflow/.local/lib/python3.9/site-packages/airflow/example_dags/example_xcom.py took 0.328 seconds
[2024-04-21T19:53:33.633+0000] {processor.py:161} INFO - Started process (PID=230) to work on /home/airflow/.local/lib/python3.9/site-packages/airflow/example_dags/example_xcom.py
[2024-04-21T19:53:33.635+0000] {processor.py:830} INFO - Processing file /home/airflow/.local/lib/python3.9/site-packages/airflow/example_dags/example_xcom.py for tasks to queue
[2024-04-21T19:53:33.640+0000] {logging_mixin.py:188} INFO - [2024-04-21T19:53:33.639+0000] {dagbag.py:540} INFO - Filling up the DagBag from /home/airflow/.local/lib/python3.9/site-packages/airflow/example_dags/example_xcom.py
[2024-04-21T19:53:33.661+0000] {processor.py:840} INFO - DAG(s) 'example_xcom' retrieved from /home/airflow/.local/lib/python3.9/site-packages/airflow/example_dags/example_xcom.py
[2024-04-21T19:53:33.808+0000] {logging_mixin.py:188} INFO - [2024-04-21T19:53:33.807+0000] {dag.py:3047} INFO - Sync 1 DAGs
[2024-04-21T19:53:33.871+0000] {logging_mixin.py:188} INFO - [2024-04-21T19:53:33.870+0000] {dag.py:3834} INFO - Setting next_dagrun for example_xcom to 2021-01-01 00:00:00+00:00, run_after=2021-01-01 00:00:00+00:00
[2024-04-21T19:53:33.945+0000] {processor.py:183} INFO - Processing /home/airflow/.local/lib/python3.9/site-packages/airflow/example_dags/example_xcom.py took 0.317 seconds
[2024-04-21T19:54:35.316+0000] {processor.py:161} INFO - Started process (PID=59) to work on /home/airflow/.local/lib/python3.9/site-packages/airflow/example_dags/example_xcom.py
[2024-04-21T19:54:35.318+0000] {processor.py:830} INFO - Processing file /home/airflow/.local/lib/python3.9/site-packages/airflow/example_dags/example_xcom.py for tasks to queue
[2024-04-21T19:54:35.320+0000] {logging_mixin.py:188} INFO - [2024-04-21T19:54:35.320+0000] {dagbag.py:540} INFO - Filling up the DagBag from /home/airflow/.local/lib/python3.9/site-packages/airflow/example_dags/example_xcom.py
[2024-04-21T19:54:35.331+0000] {processor.py:840} INFO - DAG(s) 'example_xcom' retrieved from /home/airflow/.local/lib/python3.9/site-packages/airflow/example_dags/example_xcom.py
[2024-04-21T19:54:35.399+0000] {logging_mixin.py:188} INFO - [2024-04-21T19:54:35.399+0000] {dag.py:3047} INFO - Sync 1 DAGs
[2024-04-21T19:54:35.423+0000] {logging_mixin.py:188} INFO - [2024-04-21T19:54:35.422+0000] {dag.py:3834} INFO - Setting next_dagrun for example_xcom to 2021-01-01 00:00:00+00:00, run_after=2021-01-01 00:00:00+00:00
[2024-04-21T19:54:35.458+0000] {processor.py:183} INFO - Processing /home/airflow/.local/lib/python3.9/site-packages/airflow/example_dags/example_xcom.py took 0.145 seconds
[2024-04-21T19:55:20.836+0000] {processor.py:161} INFO - Started process (PID=126) to work on /home/airflow/.local/lib/python3.9/site-packages/airflow/example_dags/example_xcom.py
[2024-04-21T19:55:20.837+0000] {processor.py:830} INFO - Processing file /home/airflow/.local/lib/python3.9/site-packages/airflow/example_dags/example_xcom.py for tasks to queue
[2024-04-21T19:55:20.839+0000] {logging_mixin.py:188} INFO - [2024-04-21T19:55:20.839+0000] {dagbag.py:540} INFO - Filling up the DagBag from /home/airflow/.local/lib/python3.9/site-packages/airflow/example_dags/example_xcom.py
[2024-04-21T19:55:20.847+0000] {processor.py:840} INFO - DAG(s) 'example_xcom' retrieved from /home/airflow/.local/lib/python3.9/site-packages/airflow/example_dags/example_xcom.py
[2024-04-21T19:55:20.910+0000] {logging_mixin.py:188} INFO - [2024-04-21T19:55:20.909+0000] {dag.py:3047} INFO - Sync 1 DAGs
[2024-04-21T19:55:20.937+0000] {logging_mixin.py:188} INFO - [2024-04-21T19:55:20.936+0000] {dag.py:3834} INFO - Setting next_dagrun for example_xcom to 2021-01-01 00:00:00+00:00, run_after=2021-01-01 00:00:00+00:00
[2024-04-21T19:55:20.979+0000] {processor.py:183} INFO - Processing /home/airflow/.local/lib/python3.9/site-packages/airflow/example_dags/example_xcom.py took 0.146 seconds
[2024-04-21T19:58:14.397+0000] {processor.py:161} INFO - Started process (PID=200) to work on /home/airflow/.local/lib/python3.9/site-packages/airflow/example_dags/example_xcom.py
[2024-04-21T19:58:14.401+0000] {processor.py:830} INFO - Processing file /home/airflow/.local/lib/python3.9/site-packages/airflow/example_dags/example_xcom.py for tasks to queue
[2024-04-21T19:58:14.407+0000] {logging_mixin.py:188} INFO - [2024-04-21T19:58:14.404+0000] {dagbag.py:540} INFO - Filling up the DagBag from /home/airflow/.local/lib/python3.9/site-packages/airflow/example_dags/example_xcom.py
[2024-04-21T19:58:14.440+0000] {processor.py:840} INFO - DAG(s) 'example_xcom' retrieved from /home/airflow/.local/lib/python3.9/site-packages/airflow/example_dags/example_xcom.py
[2024-04-21T19:58:24.813+0000] {logging_mixin.py:188} INFO - [2024-04-21T19:58:24.677+0000] {dagbag.py:649} ERROR - Failed to write serialized DAG: /home/airflow/.local/lib/python3.9/site-packages/airflow/example_dags/example_xcom.py
Traceback (most recent call last):
  File "/home/airflow/.local/lib/python3.9/site-packages/mysql/connector/connection_cext.py", line 323, in _open_connection
    self._cmysql.connect(**cnx_kwargs)
_mysql_connector.MySQLInterfaceError: Unknown MySQL server host 'mysql' (-3)

The above exception was the direct cause of the following exception:

Traceback (most recent call last):
  File "/home/airflow/.local/lib/python3.9/site-packages/sqlalchemy/engine/base.py", line 3371, in _wrap_pool_connect
    return fn()
  File "/home/airflow/.local/lib/python3.9/site-packages/sqlalchemy/pool/base.py", line 327, in connect
    return _ConnectionFairy._checkout(self)
  File "/home/airflow/.local/lib/python3.9/site-packages/sqlalchemy/pool/base.py", line 894, in _checkout
    fairy = _ConnectionRecord.checkout(pool)
  File "/home/airflow/.local/lib/python3.9/site-packages/sqlalchemy/pool/base.py", line 493, in checkout
    rec = pool._do_get()
  File "/home/airflow/.local/lib/python3.9/site-packages/sqlalchemy/pool/impl.py", line 146, in _do_get
    self._dec_overflow()
  File "/home/airflow/.local/lib/python3.9/site-packages/sqlalchemy/util/langhelpers.py", line 70, in __exit__
    compat.raise_(
  File "/home/airflow/.local/lib/python3.9/site-packages/sqlalchemy/util/compat.py", line 211, in raise_
    raise exception
  File "/home/airflow/.local/lib/python3.9/site-packages/sqlalchemy/pool/impl.py", line 143, in _do_get
    return self._create_connection()
  File "/home/airflow/.local/lib/python3.9/site-packages/sqlalchemy/pool/base.py", line 273, in _create_connection
    return _ConnectionRecord(self)
  File "/home/airflow/.local/lib/python3.9/site-packages/sqlalchemy/pool/base.py", line 388, in __init__
    self.__connect()
  File "/home/airflow/.local/lib/python3.9/site-packages/sqlalchemy/pool/base.py", line 691, in __connect
    pool.logger.debug("Error on connect(): %s", e)
  File "/home/airflow/.local/lib/python3.9/site-packages/sqlalchemy/util/langhelpers.py", line 70, in __exit__
    compat.raise_(
  File "/home/airflow/.local/lib/python3.9/site-packages/sqlalchemy/util/compat.py", line 211, in raise_
    raise exception
  File "/home/airflow/.local/lib/python3.9/site-packages/sqlalchemy/pool/base.py", line 686, in __connect
    self.dbapi_connection = connection = pool._invoke_creator(self)
  File "/home/airflow/.local/lib/python3.9/site-packages/sqlalchemy/engine/create.py", line 574, in connect
    return dialect.connect(*cargs, **cparams)
  File "/home/airflow/.local/lib/python3.9/site-packages/sqlalchemy/engine/default.py", line 598, in connect
    return self.dbapi.connect(*cargs, **cparams)
  File "/home/airflow/.local/lib/python3.9/site-packages/mysql/connector/pooling.py", line 322, in connect
    return CMySQLConnection(*args, **kwargs)
  File "/home/airflow/.local/lib/python3.9/site-packages/mysql/connector/connection_cext.py", line 140, in __init__
    self.connect(**kwargs)
  File "/home/airflow/.local/lib/python3.9/site-packages/mysql/connector/abstracts.py", line 1363, in connect
    self._open_connection()
  File "/home/airflow/.local/lib/python3.9/site-packages/mysql/connector/connection_cext.py", line 328, in _open_connection
    raise get_mysql_exception(
mysql.connector.errors.DatabaseError: 2005 (HY000): Unknown MySQL server host 'mysql' (-3)

The above exception was the direct cause of the following exception:

Traceback (most recent call last):
  File "/home/airflow/.local/lib/python3.9/site-packages/airflow/models/dagbag.py", line 637, in _serialize_dag_capturing_errors
    dag_was_updated = SerializedDagModel.write_dag(
  File "/home/airflow/.local/lib/python3.9/site-packages/airflow/utils/session.py", line 76, in wrapper
    return func(*args, **kwargs)
  File "/home/airflow/.local/lib/python3.9/site-packages/airflow/models/serialized_dag.py", line 157, in write_dag
    if session.scalar(
  File "/home/airflow/.local/lib/python3.9/site-packages/sqlalchemy/orm/session.py", line 1747, in scalar
    return self.execute(
  File "/home/airflow/.local/lib/python3.9/site-packages/sqlalchemy/orm/session.py", line 1716, in execute
    conn = self._connection_for_bind(bind)
  File "/home/airflow/.local/lib/python3.9/site-packages/sqlalchemy/orm/session.py", line 1555, in _connection_for_bind
    return self._transaction._connection_for_bind(
  File "/home/airflow/.local/lib/python3.9/site-packages/sqlalchemy/orm/session.py", line 750, in _connection_for_bind
    conn = bind.connect()
  File "/home/airflow/.local/lib/python3.9/site-packages/sqlalchemy/future/engine.py", line 412, in connect
    return super(Engine, self).connect()
  File "/home/airflow/.local/lib/python3.9/site-packages/sqlalchemy/engine/base.py", line 3325, in connect
    return self._connection_cls(self, close_with_result=close_with_result)
  File "/home/airflow/.local/lib/python3.9/site-packages/sqlalchemy/engine/base.py", line 96, in __init__
    else engine.raw_connection()
  File "/home/airflow/.local/lib/python3.9/site-packages/sqlalchemy/engine/base.py", line 3404, in raw_connection
    return self._wrap_pool_connect(self.pool.connect, _connection)
  File "/home/airflow/.local/lib/python3.9/site-packages/sqlalchemy/engine/base.py", line 3374, in _wrap_pool_connect
    Connection._handle_dbapi_exception_noconnection(
  File "/home/airflow/.local/lib/python3.9/site-packages/sqlalchemy/engine/base.py", line 2208, in _handle_dbapi_exception_noconnection
    util.raise_(
  File "/home/airflow/.local/lib/python3.9/site-packages/sqlalchemy/util/compat.py", line 211, in raise_
    raise exception
  File "/home/airflow/.local/lib/python3.9/site-packages/sqlalchemy/engine/base.py", line 3371, in _wrap_pool_connect
    return fn()
  File "/home/airflow/.local/lib/python3.9/site-packages/sqlalchemy/pool/base.py", line 327, in connect
    return _ConnectionFairy._checkout(self)
  File "/home/airflow/.local/lib/python3.9/site-packages/sqlalchemy/pool/base.py", line 894, in _checkout
    fairy = _ConnectionRecord.checkout(pool)
  File "/home/airflow/.local/lib/python3.9/site-packages/sqlalchemy/pool/base.py", line 493, in checkout
    rec = pool._do_get()
  File "/home/airflow/.local/lib/python3.9/site-packages/sqlalchemy/pool/impl.py", line 146, in _do_get
    self._dec_overflow()
  File "/home/airflow/.local/lib/python3.9/site-packages/sqlalchemy/util/langhelpers.py", line 70, in __exit__
    compat.raise_(
  File "/home/airflow/.local/lib/python3.9/site-packages/sqlalchemy/util/compat.py", line 211, in raise_
    raise exception
  File "/home/airflow/.local/lib/python3.9/site-packages/sqlalchemy/pool/impl.py", line 143, in _do_get
    return self._create_connection()
  File "/home/airflow/.local/lib/python3.9/site-packages/sqlalchemy/pool/base.py", line 273, in _create_connection
    return _ConnectionRecord(self)
  File "/home/airflow/.local/lib/python3.9/site-packages/sqlalchemy/pool/base.py", line 388, in __init__
    self.__connect()
  File "/home/airflow/.local/lib/python3.9/site-packages/sqlalchemy/pool/base.py", line 691, in __connect
    pool.logger.debug("Error on connect(): %s", e)
  File "/home/airflow/.local/lib/python3.9/site-packages/sqlalchemy/util/langhelpers.py", line 70, in __exit__
    compat.raise_(
  File "/home/airflow/.local/lib/python3.9/site-packages/sqlalchemy/util/compat.py", line 211, in raise_
    raise exception
  File "/home/airflow/.local/lib/python3.9/site-packages/sqlalchemy/pool/base.py", line 686, in __connect
    self.dbapi_connection = connection = pool._invoke_creator(self)
  File "/home/airflow/.local/lib/python3.9/site-packages/sqlalchemy/engine/create.py", line 574, in connect
    return dialect.connect(*cargs, **cparams)
  File "/home/airflow/.local/lib/python3.9/site-packages/sqlalchemy/engine/default.py", line 598, in connect
    return self.dbapi.connect(*cargs, **cparams)
  File "/home/airflow/.local/lib/python3.9/site-packages/mysql/connector/pooling.py", line 322, in connect
    return CMySQLConnection(*args, **kwargs)
  File "/home/airflow/.local/lib/python3.9/site-packages/mysql/connector/connection_cext.py", line 140, in __init__
    self.connect(**kwargs)
  File "/home/airflow/.local/lib/python3.9/site-packages/mysql/connector/abstracts.py", line 1363, in connect
    self._open_connection()
  File "/home/airflow/.local/lib/python3.9/site-packages/mysql/connector/connection_cext.py", line 328, in _open_connection
    raise get_mysql_exception(
sqlalchemy.exc.DatabaseError: (mysql.connector.errors.DatabaseError) 2005 (HY000): Unknown MySQL server host 'mysql' (-3)
(Background on this error at: https://sqlalche.me/e/14/4xp6)
[2024-04-21T19:58:24.868+0000] {logging_mixin.py:188} INFO - [2024-04-21T19:58:24.853+0000] {dag.py:3047} INFO - Sync 1 DAGs
[2024-04-21T19:58:36.616+0000] {logging_mixin.py:188} INFO - [2024-04-21T19:58:36.611+0000] {dag.py:3047} INFO - Sync 1 DAGs
[2024-04-21T19:58:36.652+0000] {logging_mixin.py:188} INFO - [2024-04-21T19:58:36.652+0000] {dag.py:3834} INFO - Setting next_dagrun for example_xcom to 2021-01-01 00:00:00+00:00, run_after=2021-01-01 00:00:00+00:00
[2024-04-21T19:58:36.697+0000] {processor.py:183} INFO - Processing /home/airflow/.local/lib/python3.9/site-packages/airflow/example_dags/example_xcom.py took 22.309 seconds
[2024-04-21T20:03:11.844+0000] {processor.py:161} INFO - Started process (PID=272) to work on /home/airflow/.local/lib/python3.9/site-packages/airflow/example_dags/example_xcom.py
[2024-04-21T20:03:11.845+0000] {processor.py:830} INFO - Processing file /home/airflow/.local/lib/python3.9/site-packages/airflow/example_dags/example_xcom.py for tasks to queue
[2024-04-21T20:03:11.847+0000] {logging_mixin.py:188} INFO - [2024-04-21T20:03:11.846+0000] {dagbag.py:540} INFO - Filling up the DagBag from /home/airflow/.local/lib/python3.9/site-packages/airflow/example_dags/example_xcom.py
[2024-04-21T20:03:11.857+0000] {processor.py:840} INFO - DAG(s) 'example_xcom' retrieved from /home/airflow/.local/lib/python3.9/site-packages/airflow/example_dags/example_xcom.py
[2024-04-21T20:03:11.925+0000] {logging_mixin.py:188} INFO - [2024-04-21T20:03:11.925+0000] {dag.py:3047} INFO - Sync 1 DAGs
[2024-04-21T20:03:11.953+0000] {logging_mixin.py:188} INFO - [2024-04-21T20:03:11.953+0000] {dag.py:3834} INFO - Setting next_dagrun for example_xcom to 2021-01-01 00:00:00+00:00, run_after=2021-01-01 00:00:00+00:00
[2024-04-21T20:03:11.989+0000] {processor.py:183} INFO - Processing /home/airflow/.local/lib/python3.9/site-packages/airflow/example_dags/example_xcom.py took 0.148 seconds
[2024-04-21T20:04:20.013+0000] {processor.py:161} INFO - Started process (PID=336) to work on /home/airflow/.local/lib/python3.9/site-packages/airflow/example_dags/example_xcom.py
[2024-04-21T20:04:20.015+0000] {processor.py:830} INFO - Processing file /home/airflow/.local/lib/python3.9/site-packages/airflow/example_dags/example_xcom.py for tasks to queue
[2024-04-21T20:04:20.016+0000] {logging_mixin.py:188} INFO - [2024-04-21T20:04:20.016+0000] {dagbag.py:540} INFO - Filling up the DagBag from /home/airflow/.local/lib/python3.9/site-packages/airflow/example_dags/example_xcom.py
[2024-04-21T20:04:20.027+0000] {processor.py:840} INFO - DAG(s) 'example_xcom' retrieved from /home/airflow/.local/lib/python3.9/site-packages/airflow/example_dags/example_xcom.py
[2024-04-21T20:04:20.098+0000] {logging_mixin.py:188} INFO - [2024-04-21T20:04:20.098+0000] {dag.py:3047} INFO - Sync 1 DAGs
[2024-04-21T20:04:20.126+0000] {logging_mixin.py:188} INFO - [2024-04-21T20:04:20.126+0000] {dag.py:3834} INFO - Setting next_dagrun for example_xcom to 2021-01-01 00:00:00+00:00, run_after=2021-01-01 00:00:00+00:00
[2024-04-21T20:04:20.171+0000] {processor.py:183} INFO - Processing /home/airflow/.local/lib/python3.9/site-packages/airflow/example_dags/example_xcom.py took 0.161 seconds
[2024-04-21T20:04:51.086+0000] {processor.py:161} INFO - Started process (PID=395) to work on /home/airflow/.local/lib/python3.9/site-packages/airflow/example_dags/example_xcom.py
[2024-04-21T20:04:51.088+0000] {processor.py:830} INFO - Processing file /home/airflow/.local/lib/python3.9/site-packages/airflow/example_dags/example_xcom.py for tasks to queue
[2024-04-21T20:04:51.091+0000] {logging_mixin.py:188} INFO - [2024-04-21T20:04:51.090+0000] {dagbag.py:540} INFO - Filling up the DagBag from /home/airflow/.local/lib/python3.9/site-packages/airflow/example_dags/example_xcom.py
[2024-04-21T20:04:51.111+0000] {processor.py:840} INFO - DAG(s) 'example_xcom' retrieved from /home/airflow/.local/lib/python3.9/site-packages/airflow/example_dags/example_xcom.py
[2024-04-21T20:04:51.260+0000] {logging_mixin.py:188} INFO - [2024-04-21T20:04:51.259+0000] {dag.py:3047} INFO - Sync 1 DAGs
[2024-04-21T20:04:51.303+0000] {logging_mixin.py:188} INFO - [2024-04-21T20:04:51.303+0000] {dag.py:3834} INFO - Setting next_dagrun for example_xcom to 2021-01-01 00:00:00+00:00, run_after=2021-01-01 00:00:00+00:00
[2024-04-21T20:04:51.359+0000] {processor.py:183} INFO - Processing /home/airflow/.local/lib/python3.9/site-packages/airflow/example_dags/example_xcom.py took 0.278 seconds
[2024-04-21T20:05:21.622+0000] {processor.py:161} INFO - Started process (PID=452) to work on /home/airflow/.local/lib/python3.9/site-packages/airflow/example_dags/example_xcom.py
[2024-04-21T20:05:21.624+0000] {processor.py:830} INFO - Processing file /home/airflow/.local/lib/python3.9/site-packages/airflow/example_dags/example_xcom.py for tasks to queue
[2024-04-21T20:05:21.627+0000] {logging_mixin.py:188} INFO - [2024-04-21T20:05:21.626+0000] {dagbag.py:540} INFO - Filling up the DagBag from /home/airflow/.local/lib/python3.9/site-packages/airflow/example_dags/example_xcom.py
[2024-04-21T20:05:21.639+0000] {processor.py:840} INFO - DAG(s) 'example_xcom' retrieved from /home/airflow/.local/lib/python3.9/site-packages/airflow/example_dags/example_xcom.py
[2024-04-21T20:05:21.748+0000] {logging_mixin.py:188} INFO - [2024-04-21T20:05:21.748+0000] {dag.py:3047} INFO - Sync 1 DAGs
[2024-04-21T20:05:21.786+0000] {logging_mixin.py:188} INFO - [2024-04-21T20:05:21.785+0000] {dag.py:3834} INFO - Setting next_dagrun for example_xcom to 2021-01-01 00:00:00+00:00, run_after=2021-01-01 00:00:00+00:00
[2024-04-21T20:05:21.836+0000] {processor.py:183} INFO - Processing /home/airflow/.local/lib/python3.9/site-packages/airflow/example_dags/example_xcom.py took 0.218 seconds
[2024-04-21T20:05:53.110+0000] {processor.py:161} INFO - Started process (PID=510) to work on /home/airflow/.local/lib/python3.9/site-packages/airflow/example_dags/example_xcom.py
[2024-04-21T20:05:53.112+0000] {processor.py:830} INFO - Processing file /home/airflow/.local/lib/python3.9/site-packages/airflow/example_dags/example_xcom.py for tasks to queue
[2024-04-21T20:05:53.114+0000] {logging_mixin.py:188} INFO - [2024-04-21T20:05:53.113+0000] {dagbag.py:540} INFO - Filling up the DagBag from /home/airflow/.local/lib/python3.9/site-packages/airflow/example_dags/example_xcom.py
[2024-04-21T20:05:53.126+0000] {processor.py:840} INFO - DAG(s) 'example_xcom' retrieved from /home/airflow/.local/lib/python3.9/site-packages/airflow/example_dags/example_xcom.py
[2024-04-21T20:05:53.229+0000] {logging_mixin.py:188} INFO - [2024-04-21T20:05:53.228+0000] {dag.py:3047} INFO - Sync 1 DAGs
[2024-04-21T20:05:53.264+0000] {logging_mixin.py:188} INFO - [2024-04-21T20:05:53.264+0000] {dag.py:3834} INFO - Setting next_dagrun for example_xcom to 2021-01-01 00:00:00+00:00, run_after=2021-01-01 00:00:00+00:00
[2024-04-21T20:05:53.331+0000] {processor.py:183} INFO - Processing /home/airflow/.local/lib/python3.9/site-packages/airflow/example_dags/example_xcom.py took 0.226 seconds
[2024-04-21T20:06:47.224+0000] {processor.py:161} INFO - Started process (PID=573) to work on /home/airflow/.local/lib/python3.9/site-packages/airflow/example_dags/example_xcom.py
[2024-04-21T20:06:47.226+0000] {processor.py:830} INFO - Processing file /home/airflow/.local/lib/python3.9/site-packages/airflow/example_dags/example_xcom.py for tasks to queue
[2024-04-21T20:06:47.227+0000] {logging_mixin.py:188} INFO - [2024-04-21T20:06:47.227+0000] {dagbag.py:540} INFO - Filling up the DagBag from /home/airflow/.local/lib/python3.9/site-packages/airflow/example_dags/example_xcom.py
[2024-04-21T20:06:47.241+0000] {processor.py:840} INFO - DAG(s) 'example_xcom' retrieved from /home/airflow/.local/lib/python3.9/site-packages/airflow/example_dags/example_xcom.py
[2024-04-21T20:06:47.804+0000] {logging_mixin.py:188} INFO - [2024-04-21T20:06:47.795+0000] {dag.py:3047} INFO - Sync 1 DAGs
[2024-04-21T20:06:47.861+0000] {logging_mixin.py:188} INFO - [2024-04-21T20:06:47.860+0000] {dag.py:3834} INFO - Setting next_dagrun for example_xcom to 2021-01-01 00:00:00+00:00, run_after=2021-01-01 00:00:00+00:00
[2024-04-21T20:06:47.967+0000] {processor.py:183} INFO - Processing /home/airflow/.local/lib/python3.9/site-packages/airflow/example_dags/example_xcom.py took 0.745 seconds
[2024-04-21T20:07:18.669+0000] {processor.py:161} INFO - Started process (PID=631) to work on /home/airflow/.local/lib/python3.9/site-packages/airflow/example_dags/example_xcom.py
[2024-04-21T20:07:18.671+0000] {processor.py:830} INFO - Processing file /home/airflow/.local/lib/python3.9/site-packages/airflow/example_dags/example_xcom.py for tasks to queue
[2024-04-21T20:07:18.674+0000] {logging_mixin.py:188} INFO - [2024-04-21T20:07:18.673+0000] {dagbag.py:540} INFO - Filling up the DagBag from /home/airflow/.local/lib/python3.9/site-packages/airflow/example_dags/example_xcom.py
[2024-04-21T20:07:18.688+0000] {processor.py:840} INFO - DAG(s) 'example_xcom' retrieved from /home/airflow/.local/lib/python3.9/site-packages/airflow/example_dags/example_xcom.py
[2024-04-21T20:07:18.789+0000] {logging_mixin.py:188} INFO - [2024-04-21T20:07:18.789+0000] {dag.py:3047} INFO - Sync 1 DAGs
[2024-04-21T20:07:18.824+0000] {logging_mixin.py:188} INFO - [2024-04-21T20:07:18.823+0000] {dag.py:3834} INFO - Setting next_dagrun for example_xcom to 2021-01-01 00:00:00+00:00, run_after=2021-01-01 00:00:00+00:00
[2024-04-21T20:07:18.873+0000] {processor.py:183} INFO - Processing /home/airflow/.local/lib/python3.9/site-packages/airflow/example_dags/example_xcom.py took 0.208 seconds
[2024-04-21T20:07:49.851+0000] {processor.py:161} INFO - Started process (PID=688) to work on /home/airflow/.local/lib/python3.9/site-packages/airflow/example_dags/example_xcom.py
[2024-04-21T20:07:49.853+0000] {processor.py:830} INFO - Processing file /home/airflow/.local/lib/python3.9/site-packages/airflow/example_dags/example_xcom.py for tasks to queue
[2024-04-21T20:07:49.855+0000] {logging_mixin.py:188} INFO - [2024-04-21T20:07:49.854+0000] {dagbag.py:540} INFO - Filling up the DagBag from /home/airflow/.local/lib/python3.9/site-packages/airflow/example_dags/example_xcom.py
[2024-04-21T20:07:49.869+0000] {processor.py:840} INFO - DAG(s) 'example_xcom' retrieved from /home/airflow/.local/lib/python3.9/site-packages/airflow/example_dags/example_xcom.py
[2024-04-21T20:07:49.983+0000] {logging_mixin.py:188} INFO - [2024-04-21T20:07:49.982+0000] {dag.py:3047} INFO - Sync 1 DAGs
[2024-04-21T20:07:50.039+0000] {logging_mixin.py:188} INFO - [2024-04-21T20:07:50.039+0000] {dag.py:3834} INFO - Setting next_dagrun for example_xcom to 2021-01-01 00:00:00+00:00, run_after=2021-01-01 00:00:00+00:00
[2024-04-21T20:07:50.110+0000] {processor.py:183} INFO - Processing /home/airflow/.local/lib/python3.9/site-packages/airflow/example_dags/example_xcom.py took 0.264 seconds
[2024-04-21T20:08:22.550+0000] {processor.py:161} INFO - Started process (PID=744) to work on /home/airflow/.local/lib/python3.9/site-packages/airflow/example_dags/example_xcom.py
[2024-04-21T20:08:22.551+0000] {processor.py:830} INFO - Processing file /home/airflow/.local/lib/python3.9/site-packages/airflow/example_dags/example_xcom.py for tasks to queue
[2024-04-21T20:08:22.553+0000] {logging_mixin.py:188} INFO - [2024-04-21T20:08:22.552+0000] {dagbag.py:540} INFO - Filling up the DagBag from /home/airflow/.local/lib/python3.9/site-packages/airflow/example_dags/example_xcom.py
[2024-04-21T20:08:22.562+0000] {processor.py:840} INFO - DAG(s) 'example_xcom' retrieved from /home/airflow/.local/lib/python3.9/site-packages/airflow/example_dags/example_xcom.py
[2024-04-21T20:08:22.628+0000] {logging_mixin.py:188} INFO - [2024-04-21T20:08:22.627+0000] {dag.py:3047} INFO - Sync 1 DAGs
[2024-04-21T20:08:22.649+0000] {logging_mixin.py:188} INFO - [2024-04-21T20:08:22.649+0000] {dag.py:3834} INFO - Setting next_dagrun for example_xcom to 2021-01-01 00:00:00+00:00, run_after=2021-01-01 00:00:00+00:00
[2024-04-21T20:08:22.686+0000] {processor.py:183} INFO - Processing /home/airflow/.local/lib/python3.9/site-packages/airflow/example_dags/example_xcom.py took 0.139 seconds
[2024-04-21T20:10:04.846+0000] {processor.py:161} INFO - Started process (PID=815) to work on /home/airflow/.local/lib/python3.9/site-packages/airflow/example_dags/example_xcom.py
[2024-04-21T20:10:04.848+0000] {processor.py:830} INFO - Processing file /home/airflow/.local/lib/python3.9/site-packages/airflow/example_dags/example_xcom.py for tasks to queue
[2024-04-21T20:10:04.849+0000] {logging_mixin.py:188} INFO - [2024-04-21T20:10:04.848+0000] {dagbag.py:540} INFO - Filling up the DagBag from /home/airflow/.local/lib/python3.9/site-packages/airflow/example_dags/example_xcom.py
[2024-04-21T20:10:04.856+0000] {processor.py:840} INFO - DAG(s) 'example_xcom' retrieved from /home/airflow/.local/lib/python3.9/site-packages/airflow/example_dags/example_xcom.py
[2024-04-21T20:10:04.913+0000] {logging_mixin.py:188} INFO - [2024-04-21T20:10:04.912+0000] {dag.py:3047} INFO - Sync 1 DAGs
[2024-04-21T20:10:04.941+0000] {logging_mixin.py:188} INFO - [2024-04-21T20:10:04.940+0000] {dag.py:3834} INFO - Setting next_dagrun for example_xcom to 2021-01-01 00:00:00+00:00, run_after=2021-01-01 00:00:00+00:00
[2024-04-21T20:10:04.974+0000] {processor.py:183} INFO - Processing /home/airflow/.local/lib/python3.9/site-packages/airflow/example_dags/example_xcom.py took 0.131 seconds
[2024-04-21T20:10:35.885+0000] {processor.py:161} INFO - Started process (PID=872) to work on /home/airflow/.local/lib/python3.9/site-packages/airflow/example_dags/example_xcom.py
[2024-04-21T20:10:35.887+0000] {processor.py:830} INFO - Processing file /home/airflow/.local/lib/python3.9/site-packages/airflow/example_dags/example_xcom.py for tasks to queue
[2024-04-21T20:10:35.889+0000] {logging_mixin.py:188} INFO - [2024-04-21T20:10:35.889+0000] {dagbag.py:540} INFO - Filling up the DagBag from /home/airflow/.local/lib/python3.9/site-packages/airflow/example_dags/example_xcom.py
[2024-04-21T20:10:35.900+0000] {processor.py:840} INFO - DAG(s) 'example_xcom' retrieved from /home/airflow/.local/lib/python3.9/site-packages/airflow/example_dags/example_xcom.py
[2024-04-21T20:10:35.970+0000] {logging_mixin.py:188} INFO - [2024-04-21T20:10:35.970+0000] {dag.py:3047} INFO - Sync 1 DAGs
[2024-04-21T20:10:36.011+0000] {logging_mixin.py:188} INFO - [2024-04-21T20:10:36.011+0000] {dag.py:3834} INFO - Setting next_dagrun for example_xcom to 2021-01-01 00:00:00+00:00, run_after=2021-01-01 00:00:00+00:00
[2024-04-21T20:10:36.065+0000] {processor.py:183} INFO - Processing /home/airflow/.local/lib/python3.9/site-packages/airflow/example_dags/example_xcom.py took 0.184 seconds
[2024-04-21T20:11:06.566+0000] {processor.py:161} INFO - Started process (PID=931) to work on /home/airflow/.local/lib/python3.9/site-packages/airflow/example_dags/example_xcom.py
[2024-04-21T20:11:06.567+0000] {processor.py:830} INFO - Processing file /home/airflow/.local/lib/python3.9/site-packages/airflow/example_dags/example_xcom.py for tasks to queue
[2024-04-21T20:11:06.569+0000] {logging_mixin.py:188} INFO - [2024-04-21T20:11:06.568+0000] {dagbag.py:540} INFO - Filling up the DagBag from /home/airflow/.local/lib/python3.9/site-packages/airflow/example_dags/example_xcom.py
[2024-04-21T20:11:06.577+0000] {processor.py:840} INFO - DAG(s) 'example_xcom' retrieved from /home/airflow/.local/lib/python3.9/site-packages/airflow/example_dags/example_xcom.py
[2024-04-21T20:11:06.639+0000] {logging_mixin.py:188} INFO - [2024-04-21T20:11:06.639+0000] {dag.py:3047} INFO - Sync 1 DAGs
[2024-04-21T20:11:06.661+0000] {logging_mixin.py:188} INFO - [2024-04-21T20:11:06.661+0000] {dag.py:3834} INFO - Setting next_dagrun for example_xcom to 2021-01-01 00:00:00+00:00, run_after=2021-01-01 00:00:00+00:00
[2024-04-21T20:11:06.696+0000] {processor.py:183} INFO - Processing /home/airflow/.local/lib/python3.9/site-packages/airflow/example_dags/example_xcom.py took 0.134 seconds
[2024-04-21T20:14:21.370+0000] {processor.py:161} INFO - Started process (PID=59) to work on /home/airflow/.local/lib/python3.9/site-packages/airflow/example_dags/example_xcom.py
[2024-04-21T20:14:21.378+0000] {processor.py:830} INFO - Processing file /home/airflow/.local/lib/python3.9/site-packages/airflow/example_dags/example_xcom.py for tasks to queue
[2024-04-21T20:14:21.396+0000] {logging_mixin.py:188} INFO - [2024-04-21T20:14:21.395+0000] {dagbag.py:540} INFO - Filling up the DagBag from /home/airflow/.local/lib/python3.9/site-packages/airflow/example_dags/example_xcom.py
[2024-04-21T20:14:21.438+0000] {processor.py:840} INFO - DAG(s) 'example_xcom' retrieved from /home/airflow/.local/lib/python3.9/site-packages/airflow/example_dags/example_xcom.py
[2024-04-21T20:14:21.781+0000] {logging_mixin.py:188} INFO - [2024-04-21T20:14:21.781+0000] {dag.py:3047} INFO - Sync 1 DAGs
[2024-04-21T20:14:21.848+0000] {logging_mixin.py:188} INFO - [2024-04-21T20:14:21.847+0000] {dag.py:3834} INFO - Setting next_dagrun for example_xcom to 2021-01-01 00:00:00+00:00, run_after=2021-01-01 00:00:00+00:00
[2024-04-21T20:14:21.913+0000] {processor.py:183} INFO - Processing /home/airflow/.local/lib/python3.9/site-packages/airflow/example_dags/example_xcom.py took 0.551 seconds
[2024-04-21T20:14:52.476+0000] {processor.py:161} INFO - Started process (PID=117) to work on /home/airflow/.local/lib/python3.9/site-packages/airflow/example_dags/example_xcom.py
[2024-04-21T20:14:52.477+0000] {processor.py:830} INFO - Processing file /home/airflow/.local/lib/python3.9/site-packages/airflow/example_dags/example_xcom.py for tasks to queue
[2024-04-21T20:14:52.479+0000] {logging_mixin.py:188} INFO - [2024-04-21T20:14:52.479+0000] {dagbag.py:540} INFO - Filling up the DagBag from /home/airflow/.local/lib/python3.9/site-packages/airflow/example_dags/example_xcom.py
[2024-04-21T20:14:52.488+0000] {processor.py:840} INFO - DAG(s) 'example_xcom' retrieved from /home/airflow/.local/lib/python3.9/site-packages/airflow/example_dags/example_xcom.py
[2024-04-21T20:14:52.556+0000] {logging_mixin.py:188} INFO - [2024-04-21T20:14:52.555+0000] {dag.py:3047} INFO - Sync 1 DAGs
[2024-04-21T20:14:52.585+0000] {logging_mixin.py:188} INFO - [2024-04-21T20:14:52.585+0000] {dag.py:3834} INFO - Setting next_dagrun for example_xcom to 2021-01-01 00:00:00+00:00, run_after=2021-01-01 00:00:00+00:00
[2024-04-21T20:14:52.626+0000] {processor.py:183} INFO - Processing /home/airflow/.local/lib/python3.9/site-packages/airflow/example_dags/example_xcom.py took 0.153 seconds
[2024-04-21T20:15:22.786+0000] {processor.py:161} INFO - Started process (PID=174) to work on /home/airflow/.local/lib/python3.9/site-packages/airflow/example_dags/example_xcom.py
[2024-04-21T20:15:22.788+0000] {processor.py:830} INFO - Processing file /home/airflow/.local/lib/python3.9/site-packages/airflow/example_dags/example_xcom.py for tasks to queue
[2024-04-21T20:15:22.790+0000] {logging_mixin.py:188} INFO - [2024-04-21T20:15:22.790+0000] {dagbag.py:540} INFO - Filling up the DagBag from /home/airflow/.local/lib/python3.9/site-packages/airflow/example_dags/example_xcom.py
[2024-04-21T20:15:22.798+0000] {processor.py:840} INFO - DAG(s) 'example_xcom' retrieved from /home/airflow/.local/lib/python3.9/site-packages/airflow/example_dags/example_xcom.py
[2024-04-21T20:15:22.871+0000] {logging_mixin.py:188} INFO - [2024-04-21T20:15:22.871+0000] {dag.py:3047} INFO - Sync 1 DAGs
[2024-04-21T20:15:22.914+0000] {logging_mixin.py:188} INFO - [2024-04-21T20:15:22.913+0000] {dag.py:3834} INFO - Setting next_dagrun for example_xcom to 2021-01-01 00:00:00+00:00, run_after=2021-01-01 00:00:00+00:00
[2024-04-21T20:15:22.964+0000] {processor.py:183} INFO - Processing /home/airflow/.local/lib/python3.9/site-packages/airflow/example_dags/example_xcom.py took 0.180 seconds
[2024-04-21T20:16:17.419+0000] {processor.py:161} INFO - Started process (PID=59) to work on /home/airflow/.local/lib/python3.9/site-packages/airflow/example_dags/example_xcom.py
[2024-04-21T20:16:17.420+0000] {processor.py:830} INFO - Processing file /home/airflow/.local/lib/python3.9/site-packages/airflow/example_dags/example_xcom.py for tasks to queue
[2024-04-21T20:16:17.423+0000] {logging_mixin.py:188} INFO - [2024-04-21T20:16:17.423+0000] {dagbag.py:540} INFO - Filling up the DagBag from /home/airflow/.local/lib/python3.9/site-packages/airflow/example_dags/example_xcom.py
[2024-04-21T20:16:17.439+0000] {processor.py:840} INFO - DAG(s) 'example_xcom' retrieved from /home/airflow/.local/lib/python3.9/site-packages/airflow/example_dags/example_xcom.py
[2024-04-21T20:16:17.517+0000] {logging_mixin.py:188} INFO - [2024-04-21T20:16:17.516+0000] {dag.py:3047} INFO - Sync 1 DAGs
[2024-04-21T20:16:17.553+0000] {logging_mixin.py:188} INFO - [2024-04-21T20:16:17.553+0000] {dag.py:3834} INFO - Setting next_dagrun for example_xcom to 2021-01-01 00:00:00+00:00, run_after=2021-01-01 00:00:00+00:00
[2024-04-21T20:16:17.592+0000] {processor.py:183} INFO - Processing /home/airflow/.local/lib/python3.9/site-packages/airflow/example_dags/example_xcom.py took 0.176 seconds
[2024-04-21T20:16:48.147+0000] {processor.py:161} INFO - Started process (PID=116) to work on /home/airflow/.local/lib/python3.9/site-packages/airflow/example_dags/example_xcom.py
[2024-04-21T20:16:48.149+0000] {processor.py:830} INFO - Processing file /home/airflow/.local/lib/python3.9/site-packages/airflow/example_dags/example_xcom.py for tasks to queue
[2024-04-21T20:16:48.151+0000] {logging_mixin.py:188} INFO - [2024-04-21T20:16:48.151+0000] {dagbag.py:540} INFO - Filling up the DagBag from /home/airflow/.local/lib/python3.9/site-packages/airflow/example_dags/example_xcom.py
[2024-04-21T20:16:48.160+0000] {processor.py:840} INFO - DAG(s) 'example_xcom' retrieved from /home/airflow/.local/lib/python3.9/site-packages/airflow/example_dags/example_xcom.py
[2024-04-21T20:16:48.226+0000] {logging_mixin.py:188} INFO - [2024-04-21T20:16:48.226+0000] {dag.py:3047} INFO - Sync 1 DAGs
[2024-04-21T20:16:48.259+0000] {logging_mixin.py:188} INFO - [2024-04-21T20:16:48.259+0000] {dag.py:3834} INFO - Setting next_dagrun for example_xcom to 2021-01-01 00:00:00+00:00, run_after=2021-01-01 00:00:00+00:00
[2024-04-21T20:16:48.299+0000] {processor.py:183} INFO - Processing /home/airflow/.local/lib/python3.9/site-packages/airflow/example_dags/example_xcom.py took 0.155 seconds
[2024-04-21T20:17:18.722+0000] {processor.py:161} INFO - Started process (PID=173) to work on /home/airflow/.local/lib/python3.9/site-packages/airflow/example_dags/example_xcom.py
[2024-04-21T20:17:18.723+0000] {processor.py:830} INFO - Processing file /home/airflow/.local/lib/python3.9/site-packages/airflow/example_dags/example_xcom.py for tasks to queue
[2024-04-21T20:17:18.726+0000] {logging_mixin.py:188} INFO - [2024-04-21T20:17:18.726+0000] {dagbag.py:540} INFO - Filling up the DagBag from /home/airflow/.local/lib/python3.9/site-packages/airflow/example_dags/example_xcom.py
[2024-04-21T20:17:18.736+0000] {processor.py:840} INFO - DAG(s) 'example_xcom' retrieved from /home/airflow/.local/lib/python3.9/site-packages/airflow/example_dags/example_xcom.py
[2024-04-21T20:17:18.890+0000] {logging_mixin.py:188} INFO - [2024-04-21T20:17:18.889+0000] {dag.py:3047} INFO - Sync 1 DAGs
[2024-04-21T20:17:18.940+0000] {logging_mixin.py:188} INFO - [2024-04-21T20:17:18.939+0000] {dag.py:3834} INFO - Setting next_dagrun for example_xcom to 2021-01-01 00:00:00+00:00, run_after=2021-01-01 00:00:00+00:00
[2024-04-21T20:17:18.995+0000] {processor.py:183} INFO - Processing /home/airflow/.local/lib/python3.9/site-packages/airflow/example_dags/example_xcom.py took 0.277 seconds
[2024-04-21T20:17:49.485+0000] {processor.py:161} INFO - Started process (PID=230) to work on /home/airflow/.local/lib/python3.9/site-packages/airflow/example_dags/example_xcom.py
[2024-04-21T20:17:49.486+0000] {processor.py:830} INFO - Processing file /home/airflow/.local/lib/python3.9/site-packages/airflow/example_dags/example_xcom.py for tasks to queue
[2024-04-21T20:17:49.488+0000] {logging_mixin.py:188} INFO - [2024-04-21T20:17:49.488+0000] {dagbag.py:540} INFO - Filling up the DagBag from /home/airflow/.local/lib/python3.9/site-packages/airflow/example_dags/example_xcom.py
[2024-04-21T20:17:49.496+0000] {processor.py:840} INFO - DAG(s) 'example_xcom' retrieved from /home/airflow/.local/lib/python3.9/site-packages/airflow/example_dags/example_xcom.py
[2024-04-21T20:17:49.551+0000] {logging_mixin.py:188} INFO - [2024-04-21T20:17:49.550+0000] {dag.py:3047} INFO - Sync 1 DAGs
[2024-04-21T20:17:49.573+0000] {logging_mixin.py:188} INFO - [2024-04-21T20:17:49.573+0000] {dag.py:3834} INFO - Setting next_dagrun for example_xcom to 2021-01-01 00:00:00+00:00, run_after=2021-01-01 00:00:00+00:00
[2024-04-21T20:17:49.613+0000] {processor.py:183} INFO - Processing /home/airflow/.local/lib/python3.9/site-packages/airflow/example_dags/example_xcom.py took 0.131 seconds
[2024-04-21T20:18:20.410+0000] {processor.py:161} INFO - Started process (PID=287) to work on /home/airflow/.local/lib/python3.9/site-packages/airflow/example_dags/example_xcom.py
[2024-04-21T20:18:20.412+0000] {processor.py:830} INFO - Processing file /home/airflow/.local/lib/python3.9/site-packages/airflow/example_dags/example_xcom.py for tasks to queue
[2024-04-21T20:18:20.414+0000] {logging_mixin.py:188} INFO - [2024-04-21T20:18:20.414+0000] {dagbag.py:540} INFO - Filling up the DagBag from /home/airflow/.local/lib/python3.9/site-packages/airflow/example_dags/example_xcom.py
[2024-04-21T20:18:20.421+0000] {processor.py:840} INFO - DAG(s) 'example_xcom' retrieved from /home/airflow/.local/lib/python3.9/site-packages/airflow/example_dags/example_xcom.py
[2024-04-21T20:18:20.480+0000] {logging_mixin.py:188} INFO - [2024-04-21T20:18:20.479+0000] {dag.py:3047} INFO - Sync 1 DAGs
[2024-04-21T20:18:20.502+0000] {logging_mixin.py:188} INFO - [2024-04-21T20:18:20.502+0000] {dag.py:3834} INFO - Setting next_dagrun for example_xcom to 2021-01-01 00:00:00+00:00, run_after=2021-01-01 00:00:00+00:00
[2024-04-21T20:18:20.538+0000] {processor.py:183} INFO - Processing /home/airflow/.local/lib/python3.9/site-packages/airflow/example_dags/example_xcom.py took 0.131 seconds
[2024-04-21T20:18:52.005+0000] {processor.py:161} INFO - Started process (PID=344) to work on /home/airflow/.local/lib/python3.9/site-packages/airflow/example_dags/example_xcom.py
[2024-04-21T20:18:52.006+0000] {processor.py:830} INFO - Processing file /home/airflow/.local/lib/python3.9/site-packages/airflow/example_dags/example_xcom.py for tasks to queue
[2024-04-21T20:18:52.009+0000] {logging_mixin.py:188} INFO - [2024-04-21T20:18:52.008+0000] {dagbag.py:540} INFO - Filling up the DagBag from /home/airflow/.local/lib/python3.9/site-packages/airflow/example_dags/example_xcom.py
[2024-04-21T20:18:52.016+0000] {processor.py:840} INFO - DAG(s) 'example_xcom' retrieved from /home/airflow/.local/lib/python3.9/site-packages/airflow/example_dags/example_xcom.py
[2024-04-21T20:18:52.075+0000] {logging_mixin.py:188} INFO - [2024-04-21T20:18:52.075+0000] {dag.py:3047} INFO - Sync 1 DAGs
[2024-04-21T20:18:52.098+0000] {logging_mixin.py:188} INFO - [2024-04-21T20:18:52.097+0000] {dag.py:3834} INFO - Setting next_dagrun for example_xcom to 2021-01-01 00:00:00+00:00, run_after=2021-01-01 00:00:00+00:00
[2024-04-21T20:18:52.131+0000] {processor.py:183} INFO - Processing /home/airflow/.local/lib/python3.9/site-packages/airflow/example_dags/example_xcom.py took 0.129 seconds
[2024-04-21T20:32:51.169+0000] {processor.py:161} INFO - Started process (PID=59) to work on /home/airflow/.local/lib/python3.9/site-packages/airflow/example_dags/example_xcom.py
[2024-04-21T20:32:51.172+0000] {processor.py:830} INFO - Processing file /home/airflow/.local/lib/python3.9/site-packages/airflow/example_dags/example_xcom.py for tasks to queue
[2024-04-21T20:32:51.176+0000] {logging_mixin.py:188} INFO - [2024-04-21T20:32:51.175+0000] {dagbag.py:540} INFO - Filling up the DagBag from /home/airflow/.local/lib/python3.9/site-packages/airflow/example_dags/example_xcom.py
[2024-04-21T20:32:51.227+0000] {processor.py:840} INFO - DAG(s) 'example_xcom' retrieved from /home/airflow/.local/lib/python3.9/site-packages/airflow/example_dags/example_xcom.py
[2024-04-21T20:32:51.703+0000] {logging_mixin.py:188} INFO - [2024-04-21T20:32:51.703+0000] {dag.py:3047} INFO - Sync 1 DAGs
[2024-04-21T20:32:51.776+0000] {logging_mixin.py:188} INFO - [2024-04-21T20:32:51.776+0000] {dag.py:3834} INFO - Setting next_dagrun for example_xcom to 2021-01-01 00:00:00+00:00, run_after=2021-01-01 00:00:00+00:00
[2024-04-21T20:32:51.842+0000] {processor.py:183} INFO - Processing /home/airflow/.local/lib/python3.9/site-packages/airflow/example_dags/example_xcom.py took 0.677 seconds
[2024-04-21T20:33:23.403+0000] {processor.py:161} INFO - Started process (PID=59) to work on /home/airflow/.local/lib/python3.9/site-packages/airflow/example_dags/example_xcom.py
[2024-04-21T20:33:23.404+0000] {processor.py:830} INFO - Processing file /home/airflow/.local/lib/python3.9/site-packages/airflow/example_dags/example_xcom.py for tasks to queue
[2024-04-21T20:33:23.406+0000] {logging_mixin.py:188} INFO - [2024-04-21T20:33:23.406+0000] {dagbag.py:540} INFO - Filling up the DagBag from /home/airflow/.local/lib/python3.9/site-packages/airflow/example_dags/example_xcom.py
[2024-04-21T20:33:23.415+0000] {processor.py:840} INFO - DAG(s) 'example_xcom' retrieved from /home/airflow/.local/lib/python3.9/site-packages/airflow/example_dags/example_xcom.py
[2024-04-21T20:33:23.476+0000] {logging_mixin.py:188} INFO - [2024-04-21T20:33:23.476+0000] {dag.py:3047} INFO - Sync 1 DAGs
[2024-04-21T20:33:23.498+0000] {logging_mixin.py:188} INFO - [2024-04-21T20:33:23.498+0000] {dag.py:3834} INFO - Setting next_dagrun for example_xcom to 2021-01-01 00:00:00+00:00, run_after=2021-01-01 00:00:00+00:00
[2024-04-21T20:33:23.529+0000] {processor.py:183} INFO - Processing /home/airflow/.local/lib/python3.9/site-packages/airflow/example_dags/example_xcom.py took 0.129 seconds
[2024-04-21T20:33:54.235+0000] {processor.py:161} INFO - Started process (PID=116) to work on /home/airflow/.local/lib/python3.9/site-packages/airflow/example_dags/example_xcom.py
[2024-04-21T20:33:54.236+0000] {processor.py:830} INFO - Processing file /home/airflow/.local/lib/python3.9/site-packages/airflow/example_dags/example_xcom.py for tasks to queue
[2024-04-21T20:33:54.239+0000] {logging_mixin.py:188} INFO - [2024-04-21T20:33:54.238+0000] {dagbag.py:540} INFO - Filling up the DagBag from /home/airflow/.local/lib/python3.9/site-packages/airflow/example_dags/example_xcom.py
[2024-04-21T20:33:54.247+0000] {processor.py:840} INFO - DAG(s) 'example_xcom' retrieved from /home/airflow/.local/lib/python3.9/site-packages/airflow/example_dags/example_xcom.py
[2024-04-21T20:33:54.310+0000] {logging_mixin.py:188} INFO - [2024-04-21T20:33:54.309+0000] {dag.py:3047} INFO - Sync 1 DAGs
[2024-04-21T20:33:54.339+0000] {logging_mixin.py:188} INFO - [2024-04-21T20:33:54.338+0000] {dag.py:3834} INFO - Setting next_dagrun for example_xcom to 2021-01-01 00:00:00+00:00, run_after=2021-01-01 00:00:00+00:00
[2024-04-21T20:33:54.374+0000] {processor.py:183} INFO - Processing /home/airflow/.local/lib/python3.9/site-packages/airflow/example_dags/example_xcom.py took 0.144 seconds
[2024-04-21T20:34:30.955+0000] {processor.py:161} INFO - Started process (PID=59) to work on /home/airflow/.local/lib/python3.9/site-packages/airflow/example_dags/example_xcom.py
[2024-04-21T20:34:30.956+0000] {processor.py:830} INFO - Processing file /home/airflow/.local/lib/python3.9/site-packages/airflow/example_dags/example_xcom.py for tasks to queue
[2024-04-21T20:34:30.958+0000] {logging_mixin.py:188} INFO - [2024-04-21T20:34:30.958+0000] {dagbag.py:540} INFO - Filling up the DagBag from /home/airflow/.local/lib/python3.9/site-packages/airflow/example_dags/example_xcom.py
[2024-04-21T20:34:30.968+0000] {processor.py:840} INFO - DAG(s) 'example_xcom' retrieved from /home/airflow/.local/lib/python3.9/site-packages/airflow/example_dags/example_xcom.py
[2024-04-21T20:34:31.035+0000] {logging_mixin.py:188} INFO - [2024-04-21T20:34:31.035+0000] {dag.py:3047} INFO - Sync 1 DAGs
[2024-04-21T20:34:31.062+0000] {logging_mixin.py:188} INFO - [2024-04-21T20:34:31.062+0000] {dag.py:3834} INFO - Setting next_dagrun for example_xcom to 2021-01-01 00:00:00+00:00, run_after=2021-01-01 00:00:00+00:00
[2024-04-21T20:34:31.096+0000] {processor.py:183} INFO - Processing /home/airflow/.local/lib/python3.9/site-packages/airflow/example_dags/example_xcom.py took 0.144 seconds
[2024-04-21T20:35:02.048+0000] {processor.py:161} INFO - Started process (PID=116) to work on /home/airflow/.local/lib/python3.9/site-packages/airflow/example_dags/example_xcom.py
[2024-04-21T20:35:02.050+0000] {processor.py:830} INFO - Processing file /home/airflow/.local/lib/python3.9/site-packages/airflow/example_dags/example_xcom.py for tasks to queue
[2024-04-21T20:35:02.052+0000] {logging_mixin.py:188} INFO - [2024-04-21T20:35:02.051+0000] {dagbag.py:540} INFO - Filling up the DagBag from /home/airflow/.local/lib/python3.9/site-packages/airflow/example_dags/example_xcom.py
[2024-04-21T20:35:02.060+0000] {processor.py:840} INFO - DAG(s) 'example_xcom' retrieved from /home/airflow/.local/lib/python3.9/site-packages/airflow/example_dags/example_xcom.py
[2024-04-21T20:35:02.118+0000] {logging_mixin.py:188} INFO - [2024-04-21T20:35:02.118+0000] {dag.py:3047} INFO - Sync 1 DAGs
[2024-04-21T20:35:02.146+0000] {logging_mixin.py:188} INFO - [2024-04-21T20:35:02.145+0000] {dag.py:3834} INFO - Setting next_dagrun for example_xcom to 2021-01-01 00:00:00+00:00, run_after=2021-01-01 00:00:00+00:00
[2024-04-21T20:35:02.181+0000] {processor.py:183} INFO - Processing /home/airflow/.local/lib/python3.9/site-packages/airflow/example_dags/example_xcom.py took 0.135 seconds
[2024-04-21T20:35:32.779+0000] {processor.py:161} INFO - Started process (PID=173) to work on /home/airflow/.local/lib/python3.9/site-packages/airflow/example_dags/example_xcom.py
[2024-04-21T20:35:32.781+0000] {processor.py:830} INFO - Processing file /home/airflow/.local/lib/python3.9/site-packages/airflow/example_dags/example_xcom.py for tasks to queue
[2024-04-21T20:35:32.783+0000] {logging_mixin.py:188} INFO - [2024-04-21T20:35:32.782+0000] {dagbag.py:540} INFO - Filling up the DagBag from /home/airflow/.local/lib/python3.9/site-packages/airflow/example_dags/example_xcom.py
[2024-04-21T20:35:32.791+0000] {processor.py:840} INFO - DAG(s) 'example_xcom' retrieved from /home/airflow/.local/lib/python3.9/site-packages/airflow/example_dags/example_xcom.py
[2024-04-21T20:35:32.863+0000] {logging_mixin.py:188} INFO - [2024-04-21T20:35:32.862+0000] {dag.py:3047} INFO - Sync 1 DAGs
[2024-04-21T20:35:32.908+0000] {logging_mixin.py:188} INFO - [2024-04-21T20:35:32.907+0000] {dag.py:3834} INFO - Setting next_dagrun for example_xcom to 2021-01-01 00:00:00+00:00, run_after=2021-01-01 00:00:00+00:00
[2024-04-21T20:35:32.949+0000] {processor.py:183} INFO - Processing /home/airflow/.local/lib/python3.9/site-packages/airflow/example_dags/example_xcom.py took 0.173 seconds
[2024-04-21T20:36:03.956+0000] {processor.py:161} INFO - Started process (PID=230) to work on /home/airflow/.local/lib/python3.9/site-packages/airflow/example_dags/example_xcom.py
[2024-04-21T20:36:03.957+0000] {processor.py:830} INFO - Processing file /home/airflow/.local/lib/python3.9/site-packages/airflow/example_dags/example_xcom.py for tasks to queue
[2024-04-21T20:36:03.959+0000] {logging_mixin.py:188} INFO - [2024-04-21T20:36:03.959+0000] {dagbag.py:540} INFO - Filling up the DagBag from /home/airflow/.local/lib/python3.9/site-packages/airflow/example_dags/example_xcom.py
[2024-04-21T20:36:03.968+0000] {processor.py:840} INFO - DAG(s) 'example_xcom' retrieved from /home/airflow/.local/lib/python3.9/site-packages/airflow/example_dags/example_xcom.py
[2024-04-21T20:36:04.028+0000] {logging_mixin.py:188} INFO - [2024-04-21T20:36:04.027+0000] {dag.py:3047} INFO - Sync 1 DAGs
[2024-04-21T20:36:04.055+0000] {logging_mixin.py:188} INFO - [2024-04-21T20:36:04.054+0000] {dag.py:3834} INFO - Setting next_dagrun for example_xcom to 2021-01-01 00:00:00+00:00, run_after=2021-01-01 00:00:00+00:00
[2024-04-21T20:36:04.091+0000] {processor.py:183} INFO - Processing /home/airflow/.local/lib/python3.9/site-packages/airflow/example_dags/example_xcom.py took 0.137 seconds
[2024-04-21T20:36:35.528+0000] {processor.py:161} INFO - Started process (PID=287) to work on /home/airflow/.local/lib/python3.9/site-packages/airflow/example_dags/example_xcom.py
[2024-04-21T20:36:35.529+0000] {processor.py:830} INFO - Processing file /home/airflow/.local/lib/python3.9/site-packages/airflow/example_dags/example_xcom.py for tasks to queue
[2024-04-21T20:36:35.531+0000] {logging_mixin.py:188} INFO - [2024-04-21T20:36:35.531+0000] {dagbag.py:540} INFO - Filling up the DagBag from /home/airflow/.local/lib/python3.9/site-packages/airflow/example_dags/example_xcom.py
[2024-04-21T20:36:35.540+0000] {processor.py:840} INFO - DAG(s) 'example_xcom' retrieved from /home/airflow/.local/lib/python3.9/site-packages/airflow/example_dags/example_xcom.py
[2024-04-21T20:36:35.601+0000] {logging_mixin.py:188} INFO - [2024-04-21T20:36:35.601+0000] {dag.py:3047} INFO - Sync 1 DAGs
[2024-04-21T20:36:35.631+0000] {logging_mixin.py:188} INFO - [2024-04-21T20:36:35.630+0000] {dag.py:3834} INFO - Setting next_dagrun for example_xcom to 2021-01-01 00:00:00+00:00, run_after=2021-01-01 00:00:00+00:00
[2024-04-21T20:36:35.668+0000] {processor.py:183} INFO - Processing /home/airflow/.local/lib/python3.9/site-packages/airflow/example_dags/example_xcom.py took 0.143 seconds
[2024-04-21T20:37:06.261+0000] {processor.py:161} INFO - Started process (PID=344) to work on /home/airflow/.local/lib/python3.9/site-packages/airflow/example_dags/example_xcom.py
[2024-04-21T20:37:06.262+0000] {processor.py:830} INFO - Processing file /home/airflow/.local/lib/python3.9/site-packages/airflow/example_dags/example_xcom.py for tasks to queue
[2024-04-21T20:37:06.264+0000] {logging_mixin.py:188} INFO - [2024-04-21T20:37:06.264+0000] {dagbag.py:540} INFO - Filling up the DagBag from /home/airflow/.local/lib/python3.9/site-packages/airflow/example_dags/example_xcom.py
[2024-04-21T20:37:06.271+0000] {processor.py:840} INFO - DAG(s) 'example_xcom' retrieved from /home/airflow/.local/lib/python3.9/site-packages/airflow/example_dags/example_xcom.py
[2024-04-21T20:37:06.324+0000] {logging_mixin.py:188} INFO - [2024-04-21T20:37:06.324+0000] {dag.py:3047} INFO - Sync 1 DAGs
[2024-04-21T20:37:06.348+0000] {logging_mixin.py:188} INFO - [2024-04-21T20:37:06.348+0000] {dag.py:3834} INFO - Setting next_dagrun for example_xcom to 2021-01-01 00:00:00+00:00, run_after=2021-01-01 00:00:00+00:00
[2024-04-21T20:37:06.382+0000] {processor.py:183} INFO - Processing /home/airflow/.local/lib/python3.9/site-packages/airflow/example_dags/example_xcom.py took 0.124 seconds
[2024-04-21T20:37:36.868+0000] {processor.py:161} INFO - Started process (PID=401) to work on /home/airflow/.local/lib/python3.9/site-packages/airflow/example_dags/example_xcom.py
[2024-04-21T20:37:36.869+0000] {processor.py:830} INFO - Processing file /home/airflow/.local/lib/python3.9/site-packages/airflow/example_dags/example_xcom.py for tasks to queue
[2024-04-21T20:37:36.872+0000] {logging_mixin.py:188} INFO - [2024-04-21T20:37:36.871+0000] {dagbag.py:540} INFO - Filling up the DagBag from /home/airflow/.local/lib/python3.9/site-packages/airflow/example_dags/example_xcom.py
[2024-04-21T20:37:36.879+0000] {processor.py:840} INFO - DAG(s) 'example_xcom' retrieved from /home/airflow/.local/lib/python3.9/site-packages/airflow/example_dags/example_xcom.py
[2024-04-21T20:37:36.936+0000] {logging_mixin.py:188} INFO - [2024-04-21T20:37:36.936+0000] {dag.py:3047} INFO - Sync 1 DAGs
[2024-04-21T20:37:36.959+0000] {logging_mixin.py:188} INFO - [2024-04-21T20:37:36.959+0000] {dag.py:3834} INFO - Setting next_dagrun for example_xcom to 2021-01-01 00:00:00+00:00, run_after=2021-01-01 00:00:00+00:00
[2024-04-21T20:37:36.993+0000] {processor.py:183} INFO - Processing /home/airflow/.local/lib/python3.9/site-packages/airflow/example_dags/example_xcom.py took 0.128 seconds
[2024-04-21T20:38:08.556+0000] {processor.py:161} INFO - Started process (PID=458) to work on /home/airflow/.local/lib/python3.9/site-packages/airflow/example_dags/example_xcom.py
[2024-04-21T20:38:08.558+0000] {processor.py:830} INFO - Processing file /home/airflow/.local/lib/python3.9/site-packages/airflow/example_dags/example_xcom.py for tasks to queue
[2024-04-21T20:38:08.561+0000] {logging_mixin.py:188} INFO - [2024-04-21T20:38:08.560+0000] {dagbag.py:540} INFO - Filling up the DagBag from /home/airflow/.local/lib/python3.9/site-packages/airflow/example_dags/example_xcom.py
[2024-04-21T20:38:08.572+0000] {processor.py:840} INFO - DAG(s) 'example_xcom' retrieved from /home/airflow/.local/lib/python3.9/site-packages/airflow/example_dags/example_xcom.py
[2024-04-21T20:38:08.633+0000] {logging_mixin.py:188} INFO - [2024-04-21T20:38:08.633+0000] {dag.py:3047} INFO - Sync 1 DAGs
[2024-04-21T20:38:08.658+0000] {logging_mixin.py:188} INFO - [2024-04-21T20:38:08.658+0000] {dag.py:3834} INFO - Setting next_dagrun for example_xcom to 2021-01-01 00:00:00+00:00, run_after=2021-01-01 00:00:00+00:00
[2024-04-21T20:38:08.690+0000] {processor.py:183} INFO - Processing /home/airflow/.local/lib/python3.9/site-packages/airflow/example_dags/example_xcom.py took 0.139 seconds
[2024-04-21T20:38:40.392+0000] {processor.py:161} INFO - Started process (PID=515) to work on /home/airflow/.local/lib/python3.9/site-packages/airflow/example_dags/example_xcom.py
[2024-04-21T20:38:40.394+0000] {processor.py:830} INFO - Processing file /home/airflow/.local/lib/python3.9/site-packages/airflow/example_dags/example_xcom.py for tasks to queue
[2024-04-21T20:38:40.396+0000] {logging_mixin.py:188} INFO - [2024-04-21T20:38:40.396+0000] {dagbag.py:540} INFO - Filling up the DagBag from /home/airflow/.local/lib/python3.9/site-packages/airflow/example_dags/example_xcom.py
[2024-04-21T20:38:40.403+0000] {processor.py:840} INFO - DAG(s) 'example_xcom' retrieved from /home/airflow/.local/lib/python3.9/site-packages/airflow/example_dags/example_xcom.py
[2024-04-21T20:38:40.459+0000] {logging_mixin.py:188} INFO - [2024-04-21T20:38:40.459+0000] {dag.py:3047} INFO - Sync 1 DAGs
[2024-04-21T20:38:40.483+0000] {logging_mixin.py:188} INFO - [2024-04-21T20:38:40.482+0000] {dag.py:3834} INFO - Setting next_dagrun for example_xcom to 2021-01-01 00:00:00+00:00, run_after=2021-01-01 00:00:00+00:00
[2024-04-21T20:38:40.515+0000] {processor.py:183} INFO - Processing /home/airflow/.local/lib/python3.9/site-packages/airflow/example_dags/example_xcom.py took 0.125 seconds
[2024-04-21T20:40:42.074+0000] {processor.py:161} INFO - Started process (PID=603) to work on /home/airflow/.local/lib/python3.9/site-packages/airflow/example_dags/example_xcom.py
[2024-04-21T20:40:42.075+0000] {processor.py:830} INFO - Processing file /home/airflow/.local/lib/python3.9/site-packages/airflow/example_dags/example_xcom.py for tasks to queue
[2024-04-21T20:40:42.077+0000] {logging_mixin.py:188} INFO - [2024-04-21T20:40:42.077+0000] {dagbag.py:540} INFO - Filling up the DagBag from /home/airflow/.local/lib/python3.9/site-packages/airflow/example_dags/example_xcom.py
[2024-04-21T20:40:42.084+0000] {processor.py:840} INFO - DAG(s) 'example_xcom' retrieved from /home/airflow/.local/lib/python3.9/site-packages/airflow/example_dags/example_xcom.py
[2024-04-21T20:40:42.145+0000] {logging_mixin.py:188} INFO - [2024-04-21T20:40:42.145+0000] {dag.py:3047} INFO - Sync 1 DAGs
[2024-04-21T20:40:42.167+0000] {logging_mixin.py:188} INFO - [2024-04-21T20:40:42.167+0000] {dag.py:3834} INFO - Setting next_dagrun for example_xcom to 2021-01-01 00:00:00+00:00, run_after=2021-01-01 00:00:00+00:00
[2024-04-21T20:40:42.198+0000] {processor.py:183} INFO - Processing /home/airflow/.local/lib/python3.9/site-packages/airflow/example_dags/example_xcom.py took 0.126 seconds
[2024-04-21T20:41:12.682+0000] {processor.py:161} INFO - Started process (PID=662) to work on /home/airflow/.local/lib/python3.9/site-packages/airflow/example_dags/example_xcom.py
[2024-04-21T20:41:12.684+0000] {processor.py:830} INFO - Processing file /home/airflow/.local/lib/python3.9/site-packages/airflow/example_dags/example_xcom.py for tasks to queue
[2024-04-21T20:41:12.687+0000] {logging_mixin.py:188} INFO - [2024-04-21T20:41:12.687+0000] {dagbag.py:540} INFO - Filling up the DagBag from /home/airflow/.local/lib/python3.9/site-packages/airflow/example_dags/example_xcom.py
[2024-04-21T20:41:12.697+0000] {processor.py:840} INFO - DAG(s) 'example_xcom' retrieved from /home/airflow/.local/lib/python3.9/site-packages/airflow/example_dags/example_xcom.py
[2024-04-21T20:41:12.766+0000] {logging_mixin.py:188} INFO - [2024-04-21T20:41:12.766+0000] {dag.py:3047} INFO - Sync 1 DAGs
[2024-04-21T20:41:12.794+0000] {logging_mixin.py:188} INFO - [2024-04-21T20:41:12.793+0000] {dag.py:3834} INFO - Setting next_dagrun for example_xcom to 2021-01-01 00:00:00+00:00, run_after=2021-01-01 00:00:00+00:00
[2024-04-21T20:41:12.841+0000] {processor.py:183} INFO - Processing /home/airflow/.local/lib/python3.9/site-packages/airflow/example_dags/example_xcom.py took 0.162 seconds
[2024-04-21T20:41:43.750+0000] {processor.py:161} INFO - Started process (PID=719) to work on /home/airflow/.local/lib/python3.9/site-packages/airflow/example_dags/example_xcom.py
[2024-04-21T20:41:43.752+0000] {processor.py:830} INFO - Processing file /home/airflow/.local/lib/python3.9/site-packages/airflow/example_dags/example_xcom.py for tasks to queue
[2024-04-21T20:41:43.754+0000] {logging_mixin.py:188} INFO - [2024-04-21T20:41:43.754+0000] {dagbag.py:540} INFO - Filling up the DagBag from /home/airflow/.local/lib/python3.9/site-packages/airflow/example_dags/example_xcom.py
[2024-04-21T20:41:43.762+0000] {processor.py:840} INFO - DAG(s) 'example_xcom' retrieved from /home/airflow/.local/lib/python3.9/site-packages/airflow/example_dags/example_xcom.py
[2024-04-21T20:41:43.817+0000] {logging_mixin.py:188} INFO - [2024-04-21T20:41:43.817+0000] {dag.py:3047} INFO - Sync 1 DAGs
[2024-04-21T20:41:43.838+0000] {logging_mixin.py:188} INFO - [2024-04-21T20:41:43.838+0000] {dag.py:3834} INFO - Setting next_dagrun for example_xcom to 2021-01-01 00:00:00+00:00, run_after=2021-01-01 00:00:00+00:00
[2024-04-21T20:41:43.869+0000] {processor.py:183} INFO - Processing /home/airflow/.local/lib/python3.9/site-packages/airflow/example_dags/example_xcom.py took 0.122 seconds
[2024-04-21T20:42:37.486+0000] {processor.py:161} INFO - Started process (PID=59) to work on /home/airflow/.local/lib/python3.9/site-packages/airflow/example_dags/example_xcom.py
[2024-04-21T20:42:37.488+0000] {processor.py:830} INFO - Processing file /home/airflow/.local/lib/python3.9/site-packages/airflow/example_dags/example_xcom.py for tasks to queue
[2024-04-21T20:42:37.490+0000] {logging_mixin.py:188} INFO - [2024-04-21T20:42:37.489+0000] {dagbag.py:540} INFO - Filling up the DagBag from /home/airflow/.local/lib/python3.9/site-packages/airflow/example_dags/example_xcom.py
[2024-04-21T20:42:37.499+0000] {processor.py:840} INFO - DAG(s) 'example_xcom' retrieved from /home/airflow/.local/lib/python3.9/site-packages/airflow/example_dags/example_xcom.py
[2024-04-21T20:42:37.563+0000] {logging_mixin.py:188} INFO - [2024-04-21T20:42:37.562+0000] {dag.py:3047} INFO - Sync 1 DAGs
[2024-04-21T20:42:37.586+0000] {logging_mixin.py:188} INFO - [2024-04-21T20:42:37.586+0000] {dag.py:3834} INFO - Setting next_dagrun for example_xcom to 2021-01-01 00:00:00+00:00, run_after=2021-01-01 00:00:00+00:00
[2024-04-21T20:42:37.620+0000] {processor.py:183} INFO - Processing /home/airflow/.local/lib/python3.9/site-packages/airflow/example_dags/example_xcom.py took 0.137 seconds
[2024-04-21T20:43:08.833+0000] {processor.py:161} INFO - Started process (PID=116) to work on /home/airflow/.local/lib/python3.9/site-packages/airflow/example_dags/example_xcom.py
[2024-04-21T20:43:08.835+0000] {processor.py:830} INFO - Processing file /home/airflow/.local/lib/python3.9/site-packages/airflow/example_dags/example_xcom.py for tasks to queue
[2024-04-21T20:43:08.838+0000] {logging_mixin.py:188} INFO - [2024-04-21T20:43:08.837+0000] {dagbag.py:540} INFO - Filling up the DagBag from /home/airflow/.local/lib/python3.9/site-packages/airflow/example_dags/example_xcom.py
[2024-04-21T20:43:08.847+0000] {processor.py:840} INFO - DAG(s) 'example_xcom' retrieved from /home/airflow/.local/lib/python3.9/site-packages/airflow/example_dags/example_xcom.py
[2024-04-21T20:43:08.931+0000] {logging_mixin.py:188} INFO - [2024-04-21T20:43:08.931+0000] {dag.py:3047} INFO - Sync 1 DAGs
[2024-04-21T20:43:08.963+0000] {logging_mixin.py:188} INFO - [2024-04-21T20:43:08.963+0000] {dag.py:3834} INFO - Setting next_dagrun for example_xcom to 2021-01-01 00:00:00+00:00, run_after=2021-01-01 00:00:00+00:00
[2024-04-21T20:43:09.004+0000] {processor.py:183} INFO - Processing /home/airflow/.local/lib/python3.9/site-packages/airflow/example_dags/example_xcom.py took 0.175 seconds
[2024-04-21T20:43:39.269+0000] {processor.py:161} INFO - Started process (PID=173) to work on /home/airflow/.local/lib/python3.9/site-packages/airflow/example_dags/example_xcom.py
[2024-04-21T20:43:39.270+0000] {processor.py:830} INFO - Processing file /home/airflow/.local/lib/python3.9/site-packages/airflow/example_dags/example_xcom.py for tasks to queue
[2024-04-21T20:43:39.273+0000] {logging_mixin.py:188} INFO - [2024-04-21T20:43:39.272+0000] {dagbag.py:540} INFO - Filling up the DagBag from /home/airflow/.local/lib/python3.9/site-packages/airflow/example_dags/example_xcom.py
[2024-04-21T20:43:39.280+0000] {processor.py:840} INFO - DAG(s) 'example_xcom' retrieved from /home/airflow/.local/lib/python3.9/site-packages/airflow/example_dags/example_xcom.py
[2024-04-21T20:43:39.348+0000] {logging_mixin.py:188} INFO - [2024-04-21T20:43:39.348+0000] {dag.py:3047} INFO - Sync 1 DAGs
[2024-04-21T20:43:39.372+0000] {logging_mixin.py:188} INFO - [2024-04-21T20:43:39.372+0000] {dag.py:3834} INFO - Setting next_dagrun for example_xcom to 2021-01-01 00:00:00+00:00, run_after=2021-01-01 00:00:00+00:00
[2024-04-21T20:43:39.404+0000] {processor.py:183} INFO - Processing /home/airflow/.local/lib/python3.9/site-packages/airflow/example_dags/example_xcom.py took 0.138 seconds
[2024-04-21T20:44:10.642+0000] {processor.py:161} INFO - Started process (PID=230) to work on /home/airflow/.local/lib/python3.9/site-packages/airflow/example_dags/example_xcom.py
[2024-04-21T20:44:10.644+0000] {processor.py:830} INFO - Processing file /home/airflow/.local/lib/python3.9/site-packages/airflow/example_dags/example_xcom.py for tasks to queue
[2024-04-21T20:44:10.646+0000] {logging_mixin.py:188} INFO - [2024-04-21T20:44:10.646+0000] {dagbag.py:540} INFO - Filling up the DagBag from /home/airflow/.local/lib/python3.9/site-packages/airflow/example_dags/example_xcom.py
[2024-04-21T20:44:10.653+0000] {processor.py:840} INFO - DAG(s) 'example_xcom' retrieved from /home/airflow/.local/lib/python3.9/site-packages/airflow/example_dags/example_xcom.py
[2024-04-21T20:44:10.708+0000] {logging_mixin.py:188} INFO - [2024-04-21T20:44:10.707+0000] {dag.py:3047} INFO - Sync 1 DAGs
[2024-04-21T20:44:10.731+0000] {logging_mixin.py:188} INFO - [2024-04-21T20:44:10.731+0000] {dag.py:3834} INFO - Setting next_dagrun for example_xcom to 2021-01-01 00:00:00+00:00, run_after=2021-01-01 00:00:00+00:00
[2024-04-21T20:44:10.764+0000] {processor.py:183} INFO - Processing /home/airflow/.local/lib/python3.9/site-packages/airflow/example_dags/example_xcom.py took 0.124 seconds
[2024-04-21T20:44:42.545+0000] {processor.py:161} INFO - Started process (PID=287) to work on /home/airflow/.local/lib/python3.9/site-packages/airflow/example_dags/example_xcom.py
[2024-04-21T20:44:42.546+0000] {processor.py:830} INFO - Processing file /home/airflow/.local/lib/python3.9/site-packages/airflow/example_dags/example_xcom.py for tasks to queue
[2024-04-21T20:44:42.549+0000] {logging_mixin.py:188} INFO - [2024-04-21T20:44:42.548+0000] {dagbag.py:540} INFO - Filling up the DagBag from /home/airflow/.local/lib/python3.9/site-packages/airflow/example_dags/example_xcom.py
[2024-04-21T20:44:42.558+0000] {processor.py:840} INFO - DAG(s) 'example_xcom' retrieved from /home/airflow/.local/lib/python3.9/site-packages/airflow/example_dags/example_xcom.py
[2024-04-21T20:44:42.615+0000] {logging_mixin.py:188} INFO - [2024-04-21T20:44:42.615+0000] {dag.py:3047} INFO - Sync 1 DAGs
[2024-04-21T20:44:42.637+0000] {logging_mixin.py:188} INFO - [2024-04-21T20:44:42.637+0000] {dag.py:3834} INFO - Setting next_dagrun for example_xcom to 2021-01-01 00:00:00+00:00, run_after=2021-01-01 00:00:00+00:00
[2024-04-21T20:44:42.668+0000] {processor.py:183} INFO - Processing /home/airflow/.local/lib/python3.9/site-packages/airflow/example_dags/example_xcom.py took 0.125 seconds
[2024-04-21T20:45:13.271+0000] {processor.py:161} INFO - Started process (PID=344) to work on /home/airflow/.local/lib/python3.9/site-packages/airflow/example_dags/example_xcom.py
[2024-04-21T20:45:13.272+0000] {processor.py:830} INFO - Processing file /home/airflow/.local/lib/python3.9/site-packages/airflow/example_dags/example_xcom.py for tasks to queue
[2024-04-21T20:45:13.275+0000] {logging_mixin.py:188} INFO - [2024-04-21T20:45:13.274+0000] {dagbag.py:540} INFO - Filling up the DagBag from /home/airflow/.local/lib/python3.9/site-packages/airflow/example_dags/example_xcom.py
[2024-04-21T20:45:13.283+0000] {processor.py:840} INFO - DAG(s) 'example_xcom' retrieved from /home/airflow/.local/lib/python3.9/site-packages/airflow/example_dags/example_xcom.py
[2024-04-21T20:45:13.339+0000] {logging_mixin.py:188} INFO - [2024-04-21T20:45:13.339+0000] {dag.py:3047} INFO - Sync 1 DAGs
[2024-04-21T20:45:13.365+0000] {logging_mixin.py:188} INFO - [2024-04-21T20:45:13.365+0000] {dag.py:3834} INFO - Setting next_dagrun for example_xcom to 2021-01-01 00:00:00+00:00, run_after=2021-01-01 00:00:00+00:00
[2024-04-21T20:45:13.399+0000] {processor.py:183} INFO - Processing /home/airflow/.local/lib/python3.9/site-packages/airflow/example_dags/example_xcom.py took 0.130 seconds
[2024-04-21T20:45:44.407+0000] {processor.py:161} INFO - Started process (PID=401) to work on /home/airflow/.local/lib/python3.9/site-packages/airflow/example_dags/example_xcom.py
[2024-04-21T20:45:44.408+0000] {processor.py:830} INFO - Processing file /home/airflow/.local/lib/python3.9/site-packages/airflow/example_dags/example_xcom.py for tasks to queue
[2024-04-21T20:45:44.411+0000] {logging_mixin.py:188} INFO - [2024-04-21T20:45:44.410+0000] {dagbag.py:540} INFO - Filling up the DagBag from /home/airflow/.local/lib/python3.9/site-packages/airflow/example_dags/example_xcom.py
[2024-04-21T20:45:44.419+0000] {processor.py:840} INFO - DAG(s) 'example_xcom' retrieved from /home/airflow/.local/lib/python3.9/site-packages/airflow/example_dags/example_xcom.py
[2024-04-21T20:45:44.482+0000] {logging_mixin.py:188} INFO - [2024-04-21T20:45:44.482+0000] {dag.py:3047} INFO - Sync 1 DAGs
[2024-04-21T20:45:44.512+0000] {logging_mixin.py:188} INFO - [2024-04-21T20:45:44.511+0000] {dag.py:3834} INFO - Setting next_dagrun for example_xcom to 2021-01-01 00:00:00+00:00, run_after=2021-01-01 00:00:00+00:00
[2024-04-21T20:45:44.549+0000] {processor.py:183} INFO - Processing /home/airflow/.local/lib/python3.9/site-packages/airflow/example_dags/example_xcom.py took 0.145 seconds
[2024-04-21T20:46:15.356+0000] {processor.py:161} INFO - Started process (PID=458) to work on /home/airflow/.local/lib/python3.9/site-packages/airflow/example_dags/example_xcom.py
[2024-04-21T20:46:15.358+0000] {processor.py:830} INFO - Processing file /home/airflow/.local/lib/python3.9/site-packages/airflow/example_dags/example_xcom.py for tasks to queue
[2024-04-21T20:46:15.360+0000] {logging_mixin.py:188} INFO - [2024-04-21T20:46:15.359+0000] {dagbag.py:540} INFO - Filling up the DagBag from /home/airflow/.local/lib/python3.9/site-packages/airflow/example_dags/example_xcom.py
[2024-04-21T20:46:15.368+0000] {processor.py:840} INFO - DAG(s) 'example_xcom' retrieved from /home/airflow/.local/lib/python3.9/site-packages/airflow/example_dags/example_xcom.py
[2024-04-21T20:46:15.424+0000] {logging_mixin.py:188} INFO - [2024-04-21T20:46:15.423+0000] {dag.py:3047} INFO - Sync 1 DAGs
[2024-04-21T20:46:15.448+0000] {logging_mixin.py:188} INFO - [2024-04-21T20:46:15.448+0000] {dag.py:3834} INFO - Setting next_dagrun for example_xcom to 2021-01-01 00:00:00+00:00, run_after=2021-01-01 00:00:00+00:00
[2024-04-21T20:46:15.480+0000] {processor.py:183} INFO - Processing /home/airflow/.local/lib/python3.9/site-packages/airflow/example_dags/example_xcom.py took 0.127 seconds
[2024-04-21T20:46:46.305+0000] {processor.py:161} INFO - Started process (PID=515) to work on /home/airflow/.local/lib/python3.9/site-packages/airflow/example_dags/example_xcom.py
[2024-04-21T20:46:46.306+0000] {processor.py:830} INFO - Processing file /home/airflow/.local/lib/python3.9/site-packages/airflow/example_dags/example_xcom.py for tasks to queue
[2024-04-21T20:46:46.309+0000] {logging_mixin.py:188} INFO - [2024-04-21T20:46:46.308+0000] {dagbag.py:540} INFO - Filling up the DagBag from /home/airflow/.local/lib/python3.9/site-packages/airflow/example_dags/example_xcom.py
[2024-04-21T20:46:46.317+0000] {processor.py:840} INFO - DAG(s) 'example_xcom' retrieved from /home/airflow/.local/lib/python3.9/site-packages/airflow/example_dags/example_xcom.py
[2024-04-21T20:46:46.375+0000] {logging_mixin.py:188} INFO - [2024-04-21T20:46:46.375+0000] {dag.py:3047} INFO - Sync 1 DAGs
[2024-04-21T20:46:46.400+0000] {logging_mixin.py:188} INFO - [2024-04-21T20:46:46.400+0000] {dag.py:3834} INFO - Setting next_dagrun for example_xcom to 2021-01-01 00:00:00+00:00, run_after=2021-01-01 00:00:00+00:00
[2024-04-21T20:46:46.437+0000] {processor.py:183} INFO - Processing /home/airflow/.local/lib/python3.9/site-packages/airflow/example_dags/example_xcom.py took 0.136 seconds
[2024-04-21T20:47:16.696+0000] {processor.py:161} INFO - Started process (PID=570) to work on /home/airflow/.local/lib/python3.9/site-packages/airflow/example_dags/example_xcom.py
[2024-04-21T20:47:16.705+0000] {processor.py:830} INFO - Processing file /home/airflow/.local/lib/python3.9/site-packages/airflow/example_dags/example_xcom.py for tasks to queue
[2024-04-21T20:47:16.708+0000] {logging_mixin.py:188} INFO - [2024-04-21T20:47:16.707+0000] {dagbag.py:540} INFO - Filling up the DagBag from /home/airflow/.local/lib/python3.9/site-packages/airflow/example_dags/example_xcom.py
[2024-04-21T20:47:16.716+0000] {processor.py:840} INFO - DAG(s) 'example_xcom' retrieved from /home/airflow/.local/lib/python3.9/site-packages/airflow/example_dags/example_xcom.py
[2024-04-21T20:47:16.771+0000] {logging_mixin.py:188} INFO - [2024-04-21T20:47:16.770+0000] {dag.py:3047} INFO - Sync 1 DAGs
[2024-04-21T20:47:16.792+0000] {logging_mixin.py:188} INFO - [2024-04-21T20:47:16.792+0000] {dag.py:3834} INFO - Setting next_dagrun for example_xcom to 2021-01-01 00:00:00+00:00, run_after=2021-01-01 00:00:00+00:00
[2024-04-21T20:47:16.822+0000] {processor.py:183} INFO - Processing /home/airflow/.local/lib/python3.9/site-packages/airflow/example_dags/example_xcom.py took 0.129 seconds
[2024-04-21T20:47:47.593+0000] {processor.py:161} INFO - Started process (PID=627) to work on /home/airflow/.local/lib/python3.9/site-packages/airflow/example_dags/example_xcom.py
[2024-04-21T20:47:47.595+0000] {processor.py:830} INFO - Processing file /home/airflow/.local/lib/python3.9/site-packages/airflow/example_dags/example_xcom.py for tasks to queue
[2024-04-21T20:47:47.597+0000] {logging_mixin.py:188} INFO - [2024-04-21T20:47:47.597+0000] {dagbag.py:540} INFO - Filling up the DagBag from /home/airflow/.local/lib/python3.9/site-packages/airflow/example_dags/example_xcom.py
[2024-04-21T20:47:47.604+0000] {processor.py:840} INFO - DAG(s) 'example_xcom' retrieved from /home/airflow/.local/lib/python3.9/site-packages/airflow/example_dags/example_xcom.py
[2024-04-21T20:47:47.657+0000] {logging_mixin.py:188} INFO - [2024-04-21T20:47:47.657+0000] {dag.py:3047} INFO - Sync 1 DAGs
[2024-04-21T20:47:47.688+0000] {logging_mixin.py:188} INFO - [2024-04-21T20:47:47.688+0000] {dag.py:3834} INFO - Setting next_dagrun for example_xcom to 2021-01-01 00:00:00+00:00, run_after=2021-01-01 00:00:00+00:00
[2024-04-21T20:47:47.725+0000] {processor.py:183} INFO - Processing /home/airflow/.local/lib/python3.9/site-packages/airflow/example_dags/example_xcom.py took 0.134 seconds
[2024-04-21T21:00:48.924+0000] {processor.py:161} INFO - Started process (PID=59) to work on /home/airflow/.local/lib/python3.9/site-packages/airflow/example_dags/example_xcom.py
[2024-04-21T21:00:48.927+0000] {processor.py:830} INFO - Processing file /home/airflow/.local/lib/python3.9/site-packages/airflow/example_dags/example_xcom.py for tasks to queue
[2024-04-21T21:00:48.941+0000] {logging_mixin.py:188} INFO - [2024-04-21T21:00:48.938+0000] {dagbag.py:540} INFO - Filling up the DagBag from /home/airflow/.local/lib/python3.9/site-packages/airflow/example_dags/example_xcom.py
[2024-04-21T21:00:49.007+0000] {processor.py:840} INFO - DAG(s) 'example_xcom' retrieved from /home/airflow/.local/lib/python3.9/site-packages/airflow/example_dags/example_xcom.py
[2024-04-21T21:00:49.298+0000] {logging_mixin.py:188} INFO - [2024-04-21T21:00:49.298+0000] {dag.py:3047} INFO - Sync 1 DAGs
[2024-04-21T21:00:49.351+0000] {logging_mixin.py:188} INFO - [2024-04-21T21:00:49.350+0000] {dag.py:3834} INFO - Setting next_dagrun for example_xcom to 2021-01-01 00:00:00+00:00, run_after=2021-01-01 00:00:00+00:00
[2024-04-21T21:00:49.419+0000] {processor.py:183} INFO - Processing /home/airflow/.local/lib/python3.9/site-packages/airflow/example_dags/example_xcom.py took 0.529 seconds
[2024-04-21T21:01:19.907+0000] {processor.py:161} INFO - Started process (PID=117) to work on /home/airflow/.local/lib/python3.9/site-packages/airflow/example_dags/example_xcom.py
[2024-04-21T21:01:19.909+0000] {processor.py:830} INFO - Processing file /home/airflow/.local/lib/python3.9/site-packages/airflow/example_dags/example_xcom.py for tasks to queue
[2024-04-21T21:01:19.911+0000] {logging_mixin.py:188} INFO - [2024-04-21T21:01:19.910+0000] {dagbag.py:540} INFO - Filling up the DagBag from /home/airflow/.local/lib/python3.9/site-packages/airflow/example_dags/example_xcom.py
[2024-04-21T21:01:19.918+0000] {processor.py:840} INFO - DAG(s) 'example_xcom' retrieved from /home/airflow/.local/lib/python3.9/site-packages/airflow/example_dags/example_xcom.py
[2024-04-21T21:01:19.991+0000] {logging_mixin.py:188} INFO - [2024-04-21T21:01:19.990+0000] {dag.py:3047} INFO - Sync 1 DAGs
[2024-04-21T21:01:20.017+0000] {logging_mixin.py:188} INFO - [2024-04-21T21:01:20.017+0000] {dag.py:3834} INFO - Setting next_dagrun for example_xcom to 2021-01-01 00:00:00+00:00, run_after=2021-01-01 00:00:00+00:00
[2024-04-21T21:01:20.052+0000] {processor.py:183} INFO - Processing /home/airflow/.local/lib/python3.9/site-packages/airflow/example_dags/example_xcom.py took 0.148 seconds
[2024-04-21T21:04:40.054+0000] {processor.py:161} INFO - Started process (PID=71) to work on /home/airflow/.local/lib/python3.9/site-packages/airflow/example_dags/example_xcom.py
[2024-04-21T21:04:40.056+0000] {processor.py:830} INFO - Processing file /home/airflow/.local/lib/python3.9/site-packages/airflow/example_dags/example_xcom.py for tasks to queue
[2024-04-21T21:04:40.059+0000] {logging_mixin.py:188} INFO - [2024-04-21T21:04:40.059+0000] {dagbag.py:540} INFO - Filling up the DagBag from /home/airflow/.local/lib/python3.9/site-packages/airflow/example_dags/example_xcom.py
[2024-04-21T21:04:40.074+0000] {processor.py:840} INFO - DAG(s) 'example_xcom' retrieved from /home/airflow/.local/lib/python3.9/site-packages/airflow/example_dags/example_xcom.py
[2024-04-21T21:04:40.183+0000] {logging_mixin.py:188} INFO - [2024-04-21T21:04:40.182+0000] {dag.py:3047} INFO - Sync 1 DAGs
[2024-04-21T21:04:40.234+0000] {logging_mixin.py:188} INFO - [2024-04-21T21:04:40.233+0000] {dag.py:3834} INFO - Setting next_dagrun for example_xcom to 2021-01-01 00:00:00+00:00, run_after=2021-01-01 00:00:00+00:00
[2024-04-21T21:04:40.340+0000] {processor.py:183} INFO - Processing /home/airflow/.local/lib/python3.9/site-packages/airflow/example_dags/example_xcom.py took 0.289 seconds
[2024-04-21T21:05:10.416+0000] {processor.py:161} INFO - Started process (PID=128) to work on /home/airflow/.local/lib/python3.9/site-packages/airflow/example_dags/example_xcom.py
[2024-04-21T21:05:10.417+0000] {processor.py:830} INFO - Processing file /home/airflow/.local/lib/python3.9/site-packages/airflow/example_dags/example_xcom.py for tasks to queue
[2024-04-21T21:05:10.420+0000] {logging_mixin.py:188} INFO - [2024-04-21T21:05:10.419+0000] {dagbag.py:540} INFO - Filling up the DagBag from /home/airflow/.local/lib/python3.9/site-packages/airflow/example_dags/example_xcom.py
[2024-04-21T21:05:10.428+0000] {processor.py:840} INFO - DAG(s) 'example_xcom' retrieved from /home/airflow/.local/lib/python3.9/site-packages/airflow/example_dags/example_xcom.py
[2024-04-21T21:05:10.483+0000] {logging_mixin.py:188} INFO - [2024-04-21T21:05:10.483+0000] {dag.py:3047} INFO - Sync 1 DAGs
[2024-04-21T21:05:10.507+0000] {logging_mixin.py:188} INFO - [2024-04-21T21:05:10.507+0000] {dag.py:3834} INFO - Setting next_dagrun for example_xcom to 2021-01-01 00:00:00+00:00, run_after=2021-01-01 00:00:00+00:00
[2024-04-21T21:05:10.538+0000] {processor.py:183} INFO - Processing /home/airflow/.local/lib/python3.9/site-packages/airflow/example_dags/example_xcom.py took 0.125 seconds
[2024-04-21T21:05:41.388+0000] {processor.py:161} INFO - Started process (PID=189) to work on /home/airflow/.local/lib/python3.9/site-packages/airflow/example_dags/example_xcom.py
[2024-04-21T21:05:41.390+0000] {processor.py:830} INFO - Processing file /home/airflow/.local/lib/python3.9/site-packages/airflow/example_dags/example_xcom.py for tasks to queue
[2024-04-21T21:05:41.392+0000] {logging_mixin.py:188} INFO - [2024-04-21T21:05:41.391+0000] {dagbag.py:540} INFO - Filling up the DagBag from /home/airflow/.local/lib/python3.9/site-packages/airflow/example_dags/example_xcom.py
[2024-04-21T21:05:41.399+0000] {processor.py:840} INFO - DAG(s) 'example_xcom' retrieved from /home/airflow/.local/lib/python3.9/site-packages/airflow/example_dags/example_xcom.py
[2024-04-21T21:05:41.459+0000] {logging_mixin.py:188} INFO - [2024-04-21T21:05:41.459+0000] {dag.py:3047} INFO - Sync 1 DAGs
[2024-04-21T21:05:41.484+0000] {logging_mixin.py:188} INFO - [2024-04-21T21:05:41.484+0000] {dag.py:3834} INFO - Setting next_dagrun for example_xcom to 2021-01-01 00:00:00+00:00, run_after=2021-01-01 00:00:00+00:00
[2024-04-21T21:05:41.520+0000] {processor.py:183} INFO - Processing /home/airflow/.local/lib/python3.9/site-packages/airflow/example_dags/example_xcom.py took 0.135 seconds
