[2024-04-21T19:51:53.586+0000] {processor.py:161} INFO - Started process (PID=41) to work on /home/airflow/.local/lib/python3.9/site-packages/airflow/example_dags/example_branch_operator_decorator.py
[2024-04-21T19:51:53.587+0000] {processor.py:830} INFO - Processing file /home/airflow/.local/lib/python3.9/site-packages/airflow/example_dags/example_branch_operator_decorator.py for tasks to queue
[2024-04-21T19:51:53.591+0000] {logging_mixin.py:188} INFO - [2024-04-21T19:51:53.590+0000] {dagbag.py:540} INFO - Filling up the DagBag from /home/airflow/.local/lib/python3.9/site-packages/airflow/example_dags/example_branch_operator_decorator.py
[2024-04-21T19:51:53.627+0000] {processor.py:840} INFO - DAG(s) 'example_branch_python_operator_decorator' retrieved from /home/airflow/.local/lib/python3.9/site-packages/airflow/example_dags/example_branch_operator_decorator.py
[2024-04-21T19:51:53.979+0000] {logging_mixin.py:188} INFO - [2024-04-21T19:51:53.978+0000] {dag.py:3047} INFO - Sync 1 DAGs
[2024-04-21T19:51:54.027+0000] {logging_mixin.py:188} INFO - [2024-04-21T19:51:54.027+0000] {dag.py:3834} INFO - Setting next_dagrun for example_branch_python_operator_decorator to 2024-04-20 00:00:00+00:00, run_after=2024-04-21 00:00:00+00:00
[2024-04-21T19:51:54.188+0000] {processor.py:183} INFO - Processing /home/airflow/.local/lib/python3.9/site-packages/airflow/example_dags/example_branch_operator_decorator.py took 0.616 seconds
[2024-04-21T19:52:25.903+0000] {processor.py:161} INFO - Started process (PID=98) to work on /home/airflow/.local/lib/python3.9/site-packages/airflow/example_dags/example_branch_operator_decorator.py
[2024-04-21T19:52:25.905+0000] {processor.py:830} INFO - Processing file /home/airflow/.local/lib/python3.9/site-packages/airflow/example_dags/example_branch_operator_decorator.py for tasks to queue
[2024-04-21T19:52:25.908+0000] {logging_mixin.py:188} INFO - [2024-04-21T19:52:25.908+0000] {dagbag.py:540} INFO - Filling up the DagBag from /home/airflow/.local/lib/python3.9/site-packages/airflow/example_dags/example_branch_operator_decorator.py
[2024-04-21T19:52:25.981+0000] {processor.py:840} INFO - DAG(s) 'example_branch_python_operator_decorator' retrieved from /home/airflow/.local/lib/python3.9/site-packages/airflow/example_dags/example_branch_operator_decorator.py
[2024-04-21T19:52:26.106+0000] {logging_mixin.py:188} INFO - [2024-04-21T19:52:26.106+0000] {dag.py:3047} INFO - Sync 1 DAGs
[2024-04-21T19:52:26.150+0000] {logging_mixin.py:188} INFO - [2024-04-21T19:52:26.150+0000] {dag.py:3834} INFO - Setting next_dagrun for example_branch_python_operator_decorator to 2024-04-20 00:00:00+00:00, run_after=2024-04-21 00:00:00+00:00
[2024-04-21T19:52:26.205+0000] {processor.py:183} INFO - Processing /home/airflow/.local/lib/python3.9/site-packages/airflow/example_dags/example_branch_operator_decorator.py took 0.306 seconds
[2024-04-21T19:52:57.076+0000] {processor.py:161} INFO - Started process (PID=155) to work on /home/airflow/.local/lib/python3.9/site-packages/airflow/example_dags/example_branch_operator_decorator.py
[2024-04-21T19:52:57.079+0000] {processor.py:830} INFO - Processing file /home/airflow/.local/lib/python3.9/site-packages/airflow/example_dags/example_branch_operator_decorator.py for tasks to queue
[2024-04-21T19:52:57.084+0000] {logging_mixin.py:188} INFO - [2024-04-21T19:52:57.083+0000] {dagbag.py:540} INFO - Filling up the DagBag from /home/airflow/.local/lib/python3.9/site-packages/airflow/example_dags/example_branch_operator_decorator.py
[2024-04-21T19:52:57.146+0000] {processor.py:840} INFO - DAG(s) 'example_branch_python_operator_decorator' retrieved from /home/airflow/.local/lib/python3.9/site-packages/airflow/example_dags/example_branch_operator_decorator.py
[2024-04-21T19:52:57.315+0000] {logging_mixin.py:188} INFO - [2024-04-21T19:52:57.315+0000] {dag.py:3047} INFO - Sync 1 DAGs
[2024-04-21T19:52:57.380+0000] {logging_mixin.py:188} INFO - [2024-04-21T19:52:57.380+0000] {dag.py:3834} INFO - Setting next_dagrun for example_branch_python_operator_decorator to 2024-04-20 00:00:00+00:00, run_after=2024-04-21 00:00:00+00:00
[2024-04-21T19:52:57.466+0000] {processor.py:183} INFO - Processing /home/airflow/.local/lib/python3.9/site-packages/airflow/example_dags/example_branch_operator_decorator.py took 0.395 seconds
[2024-04-21T19:53:27.887+0000] {processor.py:161} INFO - Started process (PID=210) to work on /home/airflow/.local/lib/python3.9/site-packages/airflow/example_dags/example_branch_operator_decorator.py
[2024-04-21T19:53:27.889+0000] {processor.py:830} INFO - Processing file /home/airflow/.local/lib/python3.9/site-packages/airflow/example_dags/example_branch_operator_decorator.py for tasks to queue
[2024-04-21T19:53:27.893+0000] {logging_mixin.py:188} INFO - [2024-04-21T19:53:27.891+0000] {dagbag.py:540} INFO - Filling up the DagBag from /home/airflow/.local/lib/python3.9/site-packages/airflow/example_dags/example_branch_operator_decorator.py
[2024-04-21T19:53:27.957+0000] {processor.py:840} INFO - DAG(s) 'example_branch_python_operator_decorator' retrieved from /home/airflow/.local/lib/python3.9/site-packages/airflow/example_dags/example_branch_operator_decorator.py
[2024-04-21T19:53:28.095+0000] {logging_mixin.py:188} INFO - [2024-04-21T19:53:28.095+0000] {dag.py:3047} INFO - Sync 1 DAGs
[2024-04-21T19:53:28.138+0000] {logging_mixin.py:188} INFO - [2024-04-21T19:53:28.138+0000] {dag.py:3834} INFO - Setting next_dagrun for example_branch_python_operator_decorator to 2024-04-20 00:00:00+00:00, run_after=2024-04-21 00:00:00+00:00
[2024-04-21T19:53:28.192+0000] {processor.py:183} INFO - Processing /home/airflow/.local/lib/python3.9/site-packages/airflow/example_dags/example_branch_operator_decorator.py took 0.310 seconds
[2024-04-21T19:54:33.275+0000] {processor.py:161} INFO - Started process (PID=41) to work on /home/airflow/.local/lib/python3.9/site-packages/airflow/example_dags/example_branch_operator_decorator.py
[2024-04-21T19:54:33.277+0000] {processor.py:830} INFO - Processing file /home/airflow/.local/lib/python3.9/site-packages/airflow/example_dags/example_branch_operator_decorator.py for tasks to queue
[2024-04-21T19:54:33.279+0000] {logging_mixin.py:188} INFO - [2024-04-21T19:54:33.279+0000] {dagbag.py:540} INFO - Filling up the DagBag from /home/airflow/.local/lib/python3.9/site-packages/airflow/example_dags/example_branch_operator_decorator.py
[2024-04-21T19:54:33.310+0000] {processor.py:840} INFO - DAG(s) 'example_branch_python_operator_decorator' retrieved from /home/airflow/.local/lib/python3.9/site-packages/airflow/example_dags/example_branch_operator_decorator.py
[2024-04-21T19:54:33.588+0000] {logging_mixin.py:188} INFO - [2024-04-21T19:54:33.588+0000] {dag.py:3047} INFO - Sync 1 DAGs
[2024-04-21T19:54:33.613+0000] {logging_mixin.py:188} INFO - [2024-04-21T19:54:33.613+0000] {dag.py:3834} INFO - Setting next_dagrun for example_branch_python_operator_decorator to 2024-04-20 00:00:00+00:00, run_after=2024-04-21 00:00:00+00:00
[2024-04-21T19:54:33.657+0000] {processor.py:183} INFO - Processing /home/airflow/.local/lib/python3.9/site-packages/airflow/example_dags/example_branch_operator_decorator.py took 0.385 seconds
[2024-04-21T19:55:18.120+0000] {processor.py:161} INFO - Started process (PID=108) to work on /home/airflow/.local/lib/python3.9/site-packages/airflow/example_dags/example_branch_operator_decorator.py
[2024-04-21T19:55:18.122+0000] {processor.py:830} INFO - Processing file /home/airflow/.local/lib/python3.9/site-packages/airflow/example_dags/example_branch_operator_decorator.py for tasks to queue
[2024-04-21T19:55:18.126+0000] {logging_mixin.py:188} INFO - [2024-04-21T19:55:18.125+0000] {dagbag.py:540} INFO - Filling up the DagBag from /home/airflow/.local/lib/python3.9/site-packages/airflow/example_dags/example_branch_operator_decorator.py
[2024-04-21T19:55:18.161+0000] {processor.py:840} INFO - DAG(s) 'example_branch_python_operator_decorator' retrieved from /home/airflow/.local/lib/python3.9/site-packages/airflow/example_dags/example_branch_operator_decorator.py
[2024-04-21T19:55:18.260+0000] {logging_mixin.py:188} INFO - [2024-04-21T19:55:18.260+0000] {dag.py:3047} INFO - Sync 1 DAGs
[2024-04-21T19:55:18.296+0000] {logging_mixin.py:188} INFO - [2024-04-21T19:55:18.295+0000] {dag.py:3834} INFO - Setting next_dagrun for example_branch_python_operator_decorator to 2024-04-20 00:00:00+00:00, run_after=2024-04-21 00:00:00+00:00
[2024-04-21T19:55:18.352+0000] {processor.py:183} INFO - Processing /home/airflow/.local/lib/python3.9/site-packages/airflow/example_dags/example_branch_operator_decorator.py took 0.236 seconds
[2024-04-21T19:55:49.302+0000] {processor.py:161} INFO - Started process (PID=165) to work on /home/airflow/.local/lib/python3.9/site-packages/airflow/example_dags/example_branch_operator_decorator.py
[2024-04-21T19:55:49.307+0000] {processor.py:830} INFO - Processing file /home/airflow/.local/lib/python3.9/site-packages/airflow/example_dags/example_branch_operator_decorator.py for tasks to queue
[2024-04-21T19:55:49.317+0000] {logging_mixin.py:188} INFO - [2024-04-21T19:55:49.312+0000] {dagbag.py:540} INFO - Filling up the DagBag from /home/airflow/.local/lib/python3.9/site-packages/airflow/example_dags/example_branch_operator_decorator.py
[2024-04-21T19:55:49.451+0000] {processor.py:840} INFO - DAG(s) 'example_branch_python_operator_decorator' retrieved from /home/airflow/.local/lib/python3.9/site-packages/airflow/example_dags/example_branch_operator_decorator.py
[2024-04-21T19:55:50.568+0000] {logging_mixin.py:188} INFO - [2024-04-21T19:55:50.559+0000] {dag.py:3047} INFO - Sync 1 DAGs
[2024-04-21T19:55:50.751+0000] {logging_mixin.py:188} INFO - [2024-04-21T19:55:50.737+0000] {dag.py:3834} INFO - Setting next_dagrun for example_branch_python_operator_decorator to 2024-04-20 00:00:00+00:00, run_after=2024-04-21 00:00:00+00:00
[2024-04-21T19:55:51.462+0000] {processor.py:183} INFO - Processing /home/airflow/.local/lib/python3.9/site-packages/airflow/example_dags/example_branch_operator_decorator.py took 2.175 seconds
[2024-04-21T19:57:33.636+0000] {processor.py:161} INFO - Started process (PID=186) to work on /home/airflow/.local/lib/python3.9/site-packages/airflow/example_dags/example_branch_operator_decorator.py
[2024-04-21T19:57:33.637+0000] {processor.py:830} INFO - Processing file /home/airflow/.local/lib/python3.9/site-packages/airflow/example_dags/example_branch_operator_decorator.py for tasks to queue
[2024-04-21T19:57:33.640+0000] {logging_mixin.py:188} INFO - [2024-04-21T19:57:33.639+0000] {dagbag.py:540} INFO - Filling up the DagBag from /home/airflow/.local/lib/python3.9/site-packages/airflow/example_dags/example_branch_operator_decorator.py
[2024-04-21T19:57:33.670+0000] {processor.py:840} INFO - DAG(s) 'example_branch_python_operator_decorator' retrieved from /home/airflow/.local/lib/python3.9/site-packages/airflow/example_dags/example_branch_operator_decorator.py
[2024-04-21T19:57:33.747+0000] {logging_mixin.py:188} INFO - [2024-04-21T19:57:33.746+0000] {dag.py:3047} INFO - Sync 1 DAGs
[2024-04-21T19:57:33.775+0000] {logging_mixin.py:188} INFO - [2024-04-21T19:57:33.775+0000] {dag.py:3834} INFO - Setting next_dagrun for example_branch_python_operator_decorator to 2024-04-20 00:00:00+00:00, run_after=2024-04-21 00:00:00+00:00
[2024-04-21T19:57:33.820+0000] {processor.py:183} INFO - Processing /home/airflow/.local/lib/python3.9/site-packages/airflow/example_dags/example_branch_operator_decorator.py took 0.187 seconds
[2024-04-21T20:03:09.196+0000] {processor.py:161} INFO - Started process (PID=254) to work on /home/airflow/.local/lib/python3.9/site-packages/airflow/example_dags/example_branch_operator_decorator.py
[2024-04-21T20:03:09.197+0000] {processor.py:830} INFO - Processing file /home/airflow/.local/lib/python3.9/site-packages/airflow/example_dags/example_branch_operator_decorator.py for tasks to queue
[2024-04-21T20:03:09.198+0000] {logging_mixin.py:188} INFO - [2024-04-21T20:03:09.198+0000] {dagbag.py:540} INFO - Filling up the DagBag from /home/airflow/.local/lib/python3.9/site-packages/airflow/example_dags/example_branch_operator_decorator.py
[2024-04-21T20:03:09.240+0000] {processor.py:840} INFO - DAG(s) 'example_branch_python_operator_decorator' retrieved from /home/airflow/.local/lib/python3.9/site-packages/airflow/example_dags/example_branch_operator_decorator.py
[2024-04-21T20:03:09.311+0000] {logging_mixin.py:188} INFO - [2024-04-21T20:03:09.310+0000] {dag.py:3047} INFO - Sync 1 DAGs
[2024-04-21T20:03:09.333+0000] {logging_mixin.py:188} INFO - [2024-04-21T20:03:09.333+0000] {dag.py:3834} INFO - Setting next_dagrun for example_branch_python_operator_decorator to 2024-04-20 00:00:00+00:00, run_after=2024-04-21 00:00:00+00:00
[2024-04-21T20:03:09.367+0000] {processor.py:183} INFO - Processing /home/airflow/.local/lib/python3.9/site-packages/airflow/example_dags/example_branch_operator_decorator.py took 0.175 seconds
[2024-04-21T20:04:16.916+0000] {processor.py:161} INFO - Started process (PID=318) to work on /home/airflow/.local/lib/python3.9/site-packages/airflow/example_dags/example_branch_operator_decorator.py
[2024-04-21T20:04:16.918+0000] {processor.py:830} INFO - Processing file /home/airflow/.local/lib/python3.9/site-packages/airflow/example_dags/example_branch_operator_decorator.py for tasks to queue
[2024-04-21T20:04:16.920+0000] {logging_mixin.py:188} INFO - [2024-04-21T20:04:16.919+0000] {dagbag.py:540} INFO - Filling up the DagBag from /home/airflow/.local/lib/python3.9/site-packages/airflow/example_dags/example_branch_operator_decorator.py
[2024-04-21T20:04:16.968+0000] {processor.py:840} INFO - DAG(s) 'example_branch_python_operator_decorator' retrieved from /home/airflow/.local/lib/python3.9/site-packages/airflow/example_dags/example_branch_operator_decorator.py
[2024-04-21T20:04:17.064+0000] {logging_mixin.py:188} INFO - [2024-04-21T20:04:17.064+0000] {dag.py:3047} INFO - Sync 1 DAGs
[2024-04-21T20:04:17.099+0000] {logging_mixin.py:188} INFO - [2024-04-21T20:04:17.098+0000] {dag.py:3834} INFO - Setting next_dagrun for example_branch_python_operator_decorator to 2024-04-20 00:00:00+00:00, run_after=2024-04-21 00:00:00+00:00
[2024-04-21T20:04:17.141+0000] {processor.py:183} INFO - Processing /home/airflow/.local/lib/python3.9/site-packages/airflow/example_dags/example_branch_operator_decorator.py took 0.229 seconds
[2024-04-21T20:04:47.585+0000] {processor.py:161} INFO - Started process (PID=377) to work on /home/airflow/.local/lib/python3.9/site-packages/airflow/example_dags/example_branch_operator_decorator.py
[2024-04-21T20:04:47.586+0000] {processor.py:830} INFO - Processing file /home/airflow/.local/lib/python3.9/site-packages/airflow/example_dags/example_branch_operator_decorator.py for tasks to queue
[2024-04-21T20:04:47.589+0000] {logging_mixin.py:188} INFO - [2024-04-21T20:04:47.588+0000] {dagbag.py:540} INFO - Filling up the DagBag from /home/airflow/.local/lib/python3.9/site-packages/airflow/example_dags/example_branch_operator_decorator.py
[2024-04-21T20:04:47.668+0000] {processor.py:840} INFO - DAG(s) 'example_branch_python_operator_decorator' retrieved from /home/airflow/.local/lib/python3.9/site-packages/airflow/example_dags/example_branch_operator_decorator.py
[2024-04-21T20:04:47.852+0000] {logging_mixin.py:188} INFO - [2024-04-21T20:04:47.852+0000] {dag.py:3047} INFO - Sync 1 DAGs
[2024-04-21T20:04:47.900+0000] {logging_mixin.py:188} INFO - [2024-04-21T20:04:47.900+0000] {dag.py:3834} INFO - Setting next_dagrun for example_branch_python_operator_decorator to 2024-04-20 00:00:00+00:00, run_after=2024-04-21 00:00:00+00:00
[2024-04-21T20:04:47.967+0000] {processor.py:183} INFO - Processing /home/airflow/.local/lib/python3.9/site-packages/airflow/example_dags/example_branch_operator_decorator.py took 0.387 seconds
[2024-04-21T20:05:18.560+0000] {processor.py:161} INFO - Started process (PID=434) to work on /home/airflow/.local/lib/python3.9/site-packages/airflow/example_dags/example_branch_operator_decorator.py
[2024-04-21T20:05:18.561+0000] {processor.py:830} INFO - Processing file /home/airflow/.local/lib/python3.9/site-packages/airflow/example_dags/example_branch_operator_decorator.py for tasks to queue
[2024-04-21T20:05:18.563+0000] {logging_mixin.py:188} INFO - [2024-04-21T20:05:18.562+0000] {dagbag.py:540} INFO - Filling up the DagBag from /home/airflow/.local/lib/python3.9/site-packages/airflow/example_dags/example_branch_operator_decorator.py
[2024-04-21T20:05:18.600+0000] {processor.py:840} INFO - DAG(s) 'example_branch_python_operator_decorator' retrieved from /home/airflow/.local/lib/python3.9/site-packages/airflow/example_dags/example_branch_operator_decorator.py
[2024-04-21T20:05:18.710+0000] {logging_mixin.py:188} INFO - [2024-04-21T20:05:18.710+0000] {dag.py:3047} INFO - Sync 1 DAGs
[2024-04-21T20:05:18.748+0000] {logging_mixin.py:188} INFO - [2024-04-21T20:05:18.747+0000] {dag.py:3834} INFO - Setting next_dagrun for example_branch_python_operator_decorator to 2024-04-20 00:00:00+00:00, run_after=2024-04-21 00:00:00+00:00
[2024-04-21T20:05:18.810+0000] {processor.py:183} INFO - Processing /home/airflow/.local/lib/python3.9/site-packages/airflow/example_dags/example_branch_operator_decorator.py took 0.255 seconds
[2024-04-21T20:05:49.457+0000] {processor.py:161} INFO - Started process (PID=491) to work on /home/airflow/.local/lib/python3.9/site-packages/airflow/example_dags/example_branch_operator_decorator.py
[2024-04-21T20:05:49.459+0000] {processor.py:830} INFO - Processing file /home/airflow/.local/lib/python3.9/site-packages/airflow/example_dags/example_branch_operator_decorator.py for tasks to queue
[2024-04-21T20:05:49.461+0000] {logging_mixin.py:188} INFO - [2024-04-21T20:05:49.460+0000] {dagbag.py:540} INFO - Filling up the DagBag from /home/airflow/.local/lib/python3.9/site-packages/airflow/example_dags/example_branch_operator_decorator.py
[2024-04-21T20:05:49.513+0000] {processor.py:840} INFO - DAG(s) 'example_branch_python_operator_decorator' retrieved from /home/airflow/.local/lib/python3.9/site-packages/airflow/example_dags/example_branch_operator_decorator.py
[2024-04-21T20:05:49.619+0000] {logging_mixin.py:188} INFO - [2024-04-21T20:05:49.619+0000] {dag.py:3047} INFO - Sync 1 DAGs
[2024-04-21T20:05:49.657+0000] {logging_mixin.py:188} INFO - [2024-04-21T20:05:49.657+0000] {dag.py:3834} INFO - Setting next_dagrun for example_branch_python_operator_decorator to 2024-04-20 00:00:00+00:00, run_after=2024-04-21 00:00:00+00:00
[2024-04-21T20:05:49.710+0000] {processor.py:183} INFO - Processing /home/airflow/.local/lib/python3.9/site-packages/airflow/example_dags/example_branch_operator_decorator.py took 0.257 seconds
[2024-04-21T20:06:44.294+0000] {processor.py:161} INFO - Started process (PID=555) to work on /home/airflow/.local/lib/python3.9/site-packages/airflow/example_dags/example_branch_operator_decorator.py
[2024-04-21T20:06:44.296+0000] {processor.py:830} INFO - Processing file /home/airflow/.local/lib/python3.9/site-packages/airflow/example_dags/example_branch_operator_decorator.py for tasks to queue
[2024-04-21T20:06:44.298+0000] {logging_mixin.py:188} INFO - [2024-04-21T20:06:44.297+0000] {dagbag.py:540} INFO - Filling up the DagBag from /home/airflow/.local/lib/python3.9/site-packages/airflow/example_dags/example_branch_operator_decorator.py
[2024-04-21T20:06:44.359+0000] {processor.py:840} INFO - DAG(s) 'example_branch_python_operator_decorator' retrieved from /home/airflow/.local/lib/python3.9/site-packages/airflow/example_dags/example_branch_operator_decorator.py
[2024-04-21T20:06:44.667+0000] {logging_mixin.py:188} INFO - [2024-04-21T20:06:44.666+0000] {dag.py:3047} INFO - Sync 1 DAGs
[2024-04-21T20:06:44.713+0000] {logging_mixin.py:188} INFO - [2024-04-21T20:06:44.713+0000] {dag.py:3834} INFO - Setting next_dagrun for example_branch_python_operator_decorator to 2024-04-20 00:00:00+00:00, run_after=2024-04-21 00:00:00+00:00
[2024-04-21T20:06:44.765+0000] {processor.py:183} INFO - Processing /home/airflow/.local/lib/python3.9/site-packages/airflow/example_dags/example_branch_operator_decorator.py took 0.476 seconds
[2024-04-21T20:07:15.305+0000] {processor.py:161} INFO - Started process (PID=613) to work on /home/airflow/.local/lib/python3.9/site-packages/airflow/example_dags/example_branch_operator_decorator.py
[2024-04-21T20:07:15.307+0000] {processor.py:830} INFO - Processing file /home/airflow/.local/lib/python3.9/site-packages/airflow/example_dags/example_branch_operator_decorator.py for tasks to queue
[2024-04-21T20:07:15.309+0000] {logging_mixin.py:188} INFO - [2024-04-21T20:07:15.308+0000] {dagbag.py:540} INFO - Filling up the DagBag from /home/airflow/.local/lib/python3.9/site-packages/airflow/example_dags/example_branch_operator_decorator.py
[2024-04-21T20:07:15.375+0000] {processor.py:840} INFO - DAG(s) 'example_branch_python_operator_decorator' retrieved from /home/airflow/.local/lib/python3.9/site-packages/airflow/example_dags/example_branch_operator_decorator.py
[2024-04-21T20:07:15.539+0000] {logging_mixin.py:188} INFO - [2024-04-21T20:07:15.539+0000] {dag.py:3047} INFO - Sync 1 DAGs
[2024-04-21T20:07:15.581+0000] {logging_mixin.py:188} INFO - [2024-04-21T20:07:15.581+0000] {dag.py:3834} INFO - Setting next_dagrun for example_branch_python_operator_decorator to 2024-04-20 00:00:00+00:00, run_after=2024-04-21 00:00:00+00:00
[2024-04-21T20:07:15.639+0000] {processor.py:183} INFO - Processing /home/airflow/.local/lib/python3.9/site-packages/airflow/example_dags/example_branch_operator_decorator.py took 0.339 seconds
[2024-04-21T20:07:45.882+0000] {processor.py:161} INFO - Started process (PID=668) to work on /home/airflow/.local/lib/python3.9/site-packages/airflow/example_dags/example_branch_operator_decorator.py
[2024-04-21T20:07:45.883+0000] {processor.py:830} INFO - Processing file /home/airflow/.local/lib/python3.9/site-packages/airflow/example_dags/example_branch_operator_decorator.py for tasks to queue
[2024-04-21T20:07:45.886+0000] {logging_mixin.py:188} INFO - [2024-04-21T20:07:45.885+0000] {dagbag.py:540} INFO - Filling up the DagBag from /home/airflow/.local/lib/python3.9/site-packages/airflow/example_dags/example_branch_operator_decorator.py
[2024-04-21T20:07:45.931+0000] {processor.py:840} INFO - DAG(s) 'example_branch_python_operator_decorator' retrieved from /home/airflow/.local/lib/python3.9/site-packages/airflow/example_dags/example_branch_operator_decorator.py
[2024-04-21T20:07:46.038+0000] {logging_mixin.py:188} INFO - [2024-04-21T20:07:46.038+0000] {dag.py:3047} INFO - Sync 1 DAGs
[2024-04-21T20:07:46.071+0000] {logging_mixin.py:188} INFO - [2024-04-21T20:07:46.071+0000] {dag.py:3834} INFO - Setting next_dagrun for example_branch_python_operator_decorator to 2024-04-20 00:00:00+00:00, run_after=2024-04-21 00:00:00+00:00
[2024-04-21T20:07:46.120+0000] {processor.py:183} INFO - Processing /home/airflow/.local/lib/python3.9/site-packages/airflow/example_dags/example_branch_operator_decorator.py took 0.244 seconds
[2024-04-21T20:08:19.806+0000] {processor.py:161} INFO - Started process (PID=724) to work on /home/airflow/.local/lib/python3.9/site-packages/airflow/example_dags/example_branch_operator_decorator.py
[2024-04-21T20:08:19.808+0000] {processor.py:830} INFO - Processing file /home/airflow/.local/lib/python3.9/site-packages/airflow/example_dags/example_branch_operator_decorator.py for tasks to queue
[2024-04-21T20:08:19.809+0000] {logging_mixin.py:188} INFO - [2024-04-21T20:08:19.809+0000] {dagbag.py:540} INFO - Filling up the DagBag from /home/airflow/.local/lib/python3.9/site-packages/airflow/example_dags/example_branch_operator_decorator.py
[2024-04-21T20:08:19.837+0000] {processor.py:840} INFO - DAG(s) 'example_branch_python_operator_decorator' retrieved from /home/airflow/.local/lib/python3.9/site-packages/airflow/example_dags/example_branch_operator_decorator.py
[2024-04-21T20:08:19.898+0000] {logging_mixin.py:188} INFO - [2024-04-21T20:08:19.898+0000] {dag.py:3047} INFO - Sync 1 DAGs
[2024-04-21T20:08:19.922+0000] {logging_mixin.py:188} INFO - [2024-04-21T20:08:19.921+0000] {dag.py:3834} INFO - Setting next_dagrun for example_branch_python_operator_decorator to 2024-04-20 00:00:00+00:00, run_after=2024-04-21 00:00:00+00:00
[2024-04-21T20:08:19.953+0000] {processor.py:183} INFO - Processing /home/airflow/.local/lib/python3.9/site-packages/airflow/example_dags/example_branch_operator_decorator.py took 0.150 seconds
[2024-04-21T20:08:50.265+0000] {processor.py:161} INFO - Started process (PID=781) to work on /home/airflow/.local/lib/python3.9/site-packages/airflow/example_dags/example_branch_operator_decorator.py
[2024-04-21T20:08:50.267+0000] {processor.py:830} INFO - Processing file /home/airflow/.local/lib/python3.9/site-packages/airflow/example_dags/example_branch_operator_decorator.py for tasks to queue
[2024-04-21T20:08:50.269+0000] {logging_mixin.py:188} INFO - [2024-04-21T20:08:50.269+0000] {dagbag.py:540} INFO - Filling up the DagBag from /home/airflow/.local/lib/python3.9/site-packages/airflow/example_dags/example_branch_operator_decorator.py
[2024-04-21T20:08:50.331+0000] {processor.py:840} INFO - DAG(s) 'example_branch_python_operator_decorator' retrieved from /home/airflow/.local/lib/python3.9/site-packages/airflow/example_dags/example_branch_operator_decorator.py
[2024-04-21T20:08:50.439+0000] {logging_mixin.py:188} INFO - [2024-04-21T20:08:50.438+0000] {dag.py:3047} INFO - Sync 1 DAGs
[2024-04-21T20:08:50.481+0000] {logging_mixin.py:188} INFO - [2024-04-21T20:08:50.481+0000] {dag.py:3834} INFO - Setting next_dagrun for example_branch_python_operator_decorator to 2024-04-20 00:00:00+00:00, run_after=2024-04-21 00:00:00+00:00
[2024-04-21T20:08:50.534+0000] {processor.py:183} INFO - Processing /home/airflow/.local/lib/python3.9/site-packages/airflow/example_dags/example_branch_operator_decorator.py took 0.274 seconds
[2024-04-21T20:10:03.065+0000] {processor.py:161} INFO - Started process (PID=801) to work on /home/airflow/.local/lib/python3.9/site-packages/airflow/example_dags/example_branch_operator_decorator.py
[2024-04-21T20:10:03.068+0000] {processor.py:830} INFO - Processing file /home/airflow/.local/lib/python3.9/site-packages/airflow/example_dags/example_branch_operator_decorator.py for tasks to queue
[2024-04-21T20:10:03.070+0000] {logging_mixin.py:188} INFO - [2024-04-21T20:10:03.069+0000] {dagbag.py:540} INFO - Filling up the DagBag from /home/airflow/.local/lib/python3.9/site-packages/airflow/example_dags/example_branch_operator_decorator.py
[2024-04-21T20:10:03.121+0000] {processor.py:840} INFO - DAG(s) 'example_branch_python_operator_decorator' retrieved from /home/airflow/.local/lib/python3.9/site-packages/airflow/example_dags/example_branch_operator_decorator.py
[2024-04-21T20:10:03.571+0000] {logging_mixin.py:188} INFO - [2024-04-21T20:10:03.571+0000] {dag.py:3047} INFO - Sync 1 DAGs
[2024-04-21T20:10:03.596+0000] {logging_mixin.py:188} INFO - [2024-04-21T20:10:03.596+0000] {dag.py:3834} INFO - Setting next_dagrun for example_branch_python_operator_decorator to 2024-04-20 00:00:00+00:00, run_after=2024-04-21 00:00:00+00:00
[2024-04-21T20:10:03.644+0000] {processor.py:183} INFO - Processing /home/airflow/.local/lib/python3.9/site-packages/airflow/example_dags/example_branch_operator_decorator.py took 0.587 seconds
[2024-04-21T20:10:34.007+0000] {processor.py:161} INFO - Started process (PID=858) to work on /home/airflow/.local/lib/python3.9/site-packages/airflow/example_dags/example_branch_operator_decorator.py
[2024-04-21T20:10:34.008+0000] {processor.py:830} INFO - Processing file /home/airflow/.local/lib/python3.9/site-packages/airflow/example_dags/example_branch_operator_decorator.py for tasks to queue
[2024-04-21T20:10:34.009+0000] {logging_mixin.py:188} INFO - [2024-04-21T20:10:34.009+0000] {dagbag.py:540} INFO - Filling up the DagBag from /home/airflow/.local/lib/python3.9/site-packages/airflow/example_dags/example_branch_operator_decorator.py
[2024-04-21T20:10:34.040+0000] {processor.py:840} INFO - DAG(s) 'example_branch_python_operator_decorator' retrieved from /home/airflow/.local/lib/python3.9/site-packages/airflow/example_dags/example_branch_operator_decorator.py
[2024-04-21T20:10:34.107+0000] {logging_mixin.py:188} INFO - [2024-04-21T20:10:34.107+0000] {dag.py:3047} INFO - Sync 1 DAGs
[2024-04-21T20:10:34.130+0000] {logging_mixin.py:188} INFO - [2024-04-21T20:10:34.130+0000] {dag.py:3834} INFO - Setting next_dagrun for example_branch_python_operator_decorator to 2024-04-20 00:00:00+00:00, run_after=2024-04-21 00:00:00+00:00
[2024-04-21T20:10:34.164+0000] {processor.py:183} INFO - Processing /home/airflow/.local/lib/python3.9/site-packages/airflow/example_dags/example_branch_operator_decorator.py took 0.161 seconds
[2024-04-21T20:11:04.530+0000] {processor.py:161} INFO - Started process (PID=917) to work on /home/airflow/.local/lib/python3.9/site-packages/airflow/example_dags/example_branch_operator_decorator.py
[2024-04-21T20:11:04.532+0000] {processor.py:830} INFO - Processing file /home/airflow/.local/lib/python3.9/site-packages/airflow/example_dags/example_branch_operator_decorator.py for tasks to queue
[2024-04-21T20:11:04.533+0000] {logging_mixin.py:188} INFO - [2024-04-21T20:11:04.533+0000] {dagbag.py:540} INFO - Filling up the DagBag from /home/airflow/.local/lib/python3.9/site-packages/airflow/example_dags/example_branch_operator_decorator.py
[2024-04-21T20:11:04.564+0000] {processor.py:840} INFO - DAG(s) 'example_branch_python_operator_decorator' retrieved from /home/airflow/.local/lib/python3.9/site-packages/airflow/example_dags/example_branch_operator_decorator.py
[2024-04-21T20:11:04.633+0000] {logging_mixin.py:188} INFO - [2024-04-21T20:11:04.633+0000] {dag.py:3047} INFO - Sync 1 DAGs
[2024-04-21T20:11:04.665+0000] {logging_mixin.py:188} INFO - [2024-04-21T20:11:04.665+0000] {dag.py:3834} INFO - Setting next_dagrun for example_branch_python_operator_decorator to 2024-04-20 00:00:00+00:00, run_after=2024-04-21 00:00:00+00:00
[2024-04-21T20:11:04.709+0000] {processor.py:183} INFO - Processing /home/airflow/.local/lib/python3.9/site-packages/airflow/example_dags/example_branch_operator_decorator.py took 0.182 seconds
[2024-04-21T20:14:16.084+0000] {processor.py:161} INFO - Started process (PID=41) to work on /home/airflow/.local/lib/python3.9/site-packages/airflow/example_dags/example_branch_operator_decorator.py
[2024-04-21T20:14:16.086+0000] {processor.py:830} INFO - Processing file /home/airflow/.local/lib/python3.9/site-packages/airflow/example_dags/example_branch_operator_decorator.py for tasks to queue
[2024-04-21T20:14:16.089+0000] {logging_mixin.py:188} INFO - [2024-04-21T20:14:16.088+0000] {dagbag.py:540} INFO - Filling up the DagBag from /home/airflow/.local/lib/python3.9/site-packages/airflow/example_dags/example_branch_operator_decorator.py
[2024-04-21T20:14:16.125+0000] {processor.py:840} INFO - DAG(s) 'example_branch_python_operator_decorator' retrieved from /home/airflow/.local/lib/python3.9/site-packages/airflow/example_dags/example_branch_operator_decorator.py
[2024-04-21T20:14:16.188+0000] {logging_mixin.py:188} INFO - [2024-04-21T20:14:16.187+0000] {dag.py:3047} INFO - Sync 1 DAGs
[2024-04-21T20:14:16.226+0000] {logging_mixin.py:188} INFO - [2024-04-21T20:14:16.226+0000] {dag.py:3834} INFO - Setting next_dagrun for example_branch_python_operator_decorator to 2024-04-20 00:00:00+00:00, run_after=2024-04-21 00:00:00+00:00
[2024-04-21T20:14:16.285+0000] {processor.py:183} INFO - Processing /home/airflow/.local/lib/python3.9/site-packages/airflow/example_dags/example_branch_operator_decorator.py took 0.205 seconds
[2024-04-21T20:14:46.606+0000] {processor.py:161} INFO - Started process (PID=99) to work on /home/airflow/.local/lib/python3.9/site-packages/airflow/example_dags/example_branch_operator_decorator.py
[2024-04-21T20:14:46.608+0000] {processor.py:830} INFO - Processing file /home/airflow/.local/lib/python3.9/site-packages/airflow/example_dags/example_branch_operator_decorator.py for tasks to queue
[2024-04-21T20:14:46.610+0000] {logging_mixin.py:188} INFO - [2024-04-21T20:14:46.610+0000] {dagbag.py:540} INFO - Filling up the DagBag from /home/airflow/.local/lib/python3.9/site-packages/airflow/example_dags/example_branch_operator_decorator.py
[2024-04-21T20:14:46.638+0000] {processor.py:840} INFO - DAG(s) 'example_branch_python_operator_decorator' retrieved from /home/airflow/.local/lib/python3.9/site-packages/airflow/example_dags/example_branch_operator_decorator.py
[2024-04-21T20:14:46.839+0000] {logging_mixin.py:188} INFO - [2024-04-21T20:14:46.839+0000] {dag.py:3047} INFO - Sync 1 DAGs
[2024-04-21T20:14:46.870+0000] {logging_mixin.py:188} INFO - [2024-04-21T20:14:46.869+0000] {dag.py:3834} INFO - Setting next_dagrun for example_branch_python_operator_decorator to 2024-04-20 00:00:00+00:00, run_after=2024-04-21 00:00:00+00:00
[2024-04-21T20:14:46.917+0000] {processor.py:183} INFO - Processing /home/airflow/.local/lib/python3.9/site-packages/airflow/example_dags/example_branch_operator_decorator.py took 0.313 seconds
[2024-04-21T20:15:17.344+0000] {processor.py:161} INFO - Started process (PID=154) to work on /home/airflow/.local/lib/python3.9/site-packages/airflow/example_dags/example_branch_operator_decorator.py
[2024-04-21T20:15:17.345+0000] {processor.py:830} INFO - Processing file /home/airflow/.local/lib/python3.9/site-packages/airflow/example_dags/example_branch_operator_decorator.py for tasks to queue
[2024-04-21T20:15:17.348+0000] {logging_mixin.py:188} INFO - [2024-04-21T20:15:17.347+0000] {dagbag.py:540} INFO - Filling up the DagBag from /home/airflow/.local/lib/python3.9/site-packages/airflow/example_dags/example_branch_operator_decorator.py
[2024-04-21T20:15:17.382+0000] {processor.py:840} INFO - DAG(s) 'example_branch_python_operator_decorator' retrieved from /home/airflow/.local/lib/python3.9/site-packages/airflow/example_dags/example_branch_operator_decorator.py
[2024-04-21T20:15:17.505+0000] {logging_mixin.py:188} INFO - [2024-04-21T20:15:17.505+0000] {dag.py:3047} INFO - Sync 1 DAGs
[2024-04-21T20:15:17.548+0000] {logging_mixin.py:188} INFO - [2024-04-21T20:15:17.547+0000] {dag.py:3834} INFO - Setting next_dagrun for example_branch_python_operator_decorator to 2024-04-20 00:00:00+00:00, run_after=2024-04-21 00:00:00+00:00
[2024-04-21T20:15:17.659+0000] {processor.py:183} INFO - Processing /home/airflow/.local/lib/python3.9/site-packages/airflow/example_dags/example_branch_operator_decorator.py took 0.319 seconds
[2024-04-21T20:16:15.113+0000] {processor.py:161} INFO - Started process (PID=41) to work on /home/airflow/.local/lib/python3.9/site-packages/airflow/example_dags/example_branch_operator_decorator.py
[2024-04-21T20:16:15.114+0000] {processor.py:830} INFO - Processing file /home/airflow/.local/lib/python3.9/site-packages/airflow/example_dags/example_branch_operator_decorator.py for tasks to queue
[2024-04-21T20:16:15.116+0000] {logging_mixin.py:188} INFO - [2024-04-21T20:16:15.116+0000] {dagbag.py:540} INFO - Filling up the DagBag from /home/airflow/.local/lib/python3.9/site-packages/airflow/example_dags/example_branch_operator_decorator.py
[2024-04-21T20:16:15.154+0000] {processor.py:840} INFO - DAG(s) 'example_branch_python_operator_decorator' retrieved from /home/airflow/.local/lib/python3.9/site-packages/airflow/example_dags/example_branch_operator_decorator.py
[2024-04-21T20:16:15.396+0000] {logging_mixin.py:188} INFO - [2024-04-21T20:16:15.395+0000] {dag.py:3047} INFO - Sync 1 DAGs
[2024-04-21T20:16:15.418+0000] {logging_mixin.py:188} INFO - [2024-04-21T20:16:15.418+0000] {dag.py:3834} INFO - Setting next_dagrun for example_branch_python_operator_decorator to 2024-04-20 00:00:00+00:00, run_after=2024-04-21 00:00:00+00:00
[2024-04-21T20:16:15.462+0000] {processor.py:183} INFO - Processing /home/airflow/.local/lib/python3.9/site-packages/airflow/example_dags/example_branch_operator_decorator.py took 0.352 seconds
[2024-04-21T20:16:46.046+0000] {processor.py:161} INFO - Started process (PID=98) to work on /home/airflow/.local/lib/python3.9/site-packages/airflow/example_dags/example_branch_operator_decorator.py
[2024-04-21T20:16:46.048+0000] {processor.py:830} INFO - Processing file /home/airflow/.local/lib/python3.9/site-packages/airflow/example_dags/example_branch_operator_decorator.py for tasks to queue
[2024-04-21T20:16:46.050+0000] {logging_mixin.py:188} INFO - [2024-04-21T20:16:46.050+0000] {dagbag.py:540} INFO - Filling up the DagBag from /home/airflow/.local/lib/python3.9/site-packages/airflow/example_dags/example_branch_operator_decorator.py
[2024-04-21T20:16:46.079+0000] {processor.py:840} INFO - DAG(s) 'example_branch_python_operator_decorator' retrieved from /home/airflow/.local/lib/python3.9/site-packages/airflow/example_dags/example_branch_operator_decorator.py
[2024-04-21T20:16:46.143+0000] {logging_mixin.py:188} INFO - [2024-04-21T20:16:46.143+0000] {dag.py:3047} INFO - Sync 1 DAGs
[2024-04-21T20:16:46.171+0000] {logging_mixin.py:188} INFO - [2024-04-21T20:16:46.170+0000] {dag.py:3834} INFO - Setting next_dagrun for example_branch_python_operator_decorator to 2024-04-20 00:00:00+00:00, run_after=2024-04-21 00:00:00+00:00
[2024-04-21T20:16:46.205+0000] {processor.py:183} INFO - Processing /home/airflow/.local/lib/python3.9/site-packages/airflow/example_dags/example_branch_operator_decorator.py took 0.164 seconds
[2024-04-21T20:17:16.262+0000] {processor.py:161} INFO - Started process (PID=153) to work on /home/airflow/.local/lib/python3.9/site-packages/airflow/example_dags/example_branch_operator_decorator.py
[2024-04-21T20:17:16.263+0000] {processor.py:830} INFO - Processing file /home/airflow/.local/lib/python3.9/site-packages/airflow/example_dags/example_branch_operator_decorator.py for tasks to queue
[2024-04-21T20:17:16.265+0000] {logging_mixin.py:188} INFO - [2024-04-21T20:17:16.265+0000] {dagbag.py:540} INFO - Filling up the DagBag from /home/airflow/.local/lib/python3.9/site-packages/airflow/example_dags/example_branch_operator_decorator.py
[2024-04-21T20:17:16.287+0000] {processor.py:840} INFO - DAG(s) 'example_branch_python_operator_decorator' retrieved from /home/airflow/.local/lib/python3.9/site-packages/airflow/example_dags/example_branch_operator_decorator.py
[2024-04-21T20:17:16.349+0000] {logging_mixin.py:188} INFO - [2024-04-21T20:17:16.349+0000] {dag.py:3047} INFO - Sync 1 DAGs
[2024-04-21T20:17:16.375+0000] {logging_mixin.py:188} INFO - [2024-04-21T20:17:16.375+0000] {dag.py:3834} INFO - Setting next_dagrun for example_branch_python_operator_decorator to 2024-04-20 00:00:00+00:00, run_after=2024-04-21 00:00:00+00:00
[2024-04-21T20:17:16.411+0000] {processor.py:183} INFO - Processing /home/airflow/.local/lib/python3.9/site-packages/airflow/example_dags/example_branch_operator_decorator.py took 0.152 seconds
[2024-04-21T20:17:47.341+0000] {processor.py:161} INFO - Started process (PID=210) to work on /home/airflow/.local/lib/python3.9/site-packages/airflow/example_dags/example_branch_operator_decorator.py
[2024-04-21T20:17:47.342+0000] {processor.py:830} INFO - Processing file /home/airflow/.local/lib/python3.9/site-packages/airflow/example_dags/example_branch_operator_decorator.py for tasks to queue
[2024-04-21T20:17:47.344+0000] {logging_mixin.py:188} INFO - [2024-04-21T20:17:47.343+0000] {dagbag.py:540} INFO - Filling up the DagBag from /home/airflow/.local/lib/python3.9/site-packages/airflow/example_dags/example_branch_operator_decorator.py
[2024-04-21T20:17:47.368+0000] {processor.py:840} INFO - DAG(s) 'example_branch_python_operator_decorator' retrieved from /home/airflow/.local/lib/python3.9/site-packages/airflow/example_dags/example_branch_operator_decorator.py
[2024-04-21T20:17:47.430+0000] {logging_mixin.py:188} INFO - [2024-04-21T20:17:47.429+0000] {dag.py:3047} INFO - Sync 1 DAGs
[2024-04-21T20:17:47.455+0000] {logging_mixin.py:188} INFO - [2024-04-21T20:17:47.455+0000] {dag.py:3834} INFO - Setting next_dagrun for example_branch_python_operator_decorator to 2024-04-20 00:00:00+00:00, run_after=2024-04-21 00:00:00+00:00
[2024-04-21T20:17:47.490+0000] {processor.py:183} INFO - Processing /home/airflow/.local/lib/python3.9/site-packages/airflow/example_dags/example_branch_operator_decorator.py took 0.153 seconds
[2024-04-21T20:18:18.165+0000] {processor.py:161} INFO - Started process (PID=267) to work on /home/airflow/.local/lib/python3.9/site-packages/airflow/example_dags/example_branch_operator_decorator.py
[2024-04-21T20:18:18.166+0000] {processor.py:830} INFO - Processing file /home/airflow/.local/lib/python3.9/site-packages/airflow/example_dags/example_branch_operator_decorator.py for tasks to queue
[2024-04-21T20:18:18.169+0000] {logging_mixin.py:188} INFO - [2024-04-21T20:18:18.168+0000] {dagbag.py:540} INFO - Filling up the DagBag from /home/airflow/.local/lib/python3.9/site-packages/airflow/example_dags/example_branch_operator_decorator.py
[2024-04-21T20:18:18.195+0000] {processor.py:840} INFO - DAG(s) 'example_branch_python_operator_decorator' retrieved from /home/airflow/.local/lib/python3.9/site-packages/airflow/example_dags/example_branch_operator_decorator.py
[2024-04-21T20:18:18.258+0000] {logging_mixin.py:188} INFO - [2024-04-21T20:18:18.257+0000] {dag.py:3047} INFO - Sync 1 DAGs
[2024-04-21T20:18:18.287+0000] {logging_mixin.py:188} INFO - [2024-04-21T20:18:18.287+0000] {dag.py:3834} INFO - Setting next_dagrun for example_branch_python_operator_decorator to 2024-04-20 00:00:00+00:00, run_after=2024-04-21 00:00:00+00:00
[2024-04-21T20:18:18.324+0000] {processor.py:183} INFO - Processing /home/airflow/.local/lib/python3.9/site-packages/airflow/example_dags/example_branch_operator_decorator.py took 0.162 seconds
[2024-04-21T20:18:48.543+0000] {processor.py:161} INFO - Started process (PID=324) to work on /home/airflow/.local/lib/python3.9/site-packages/airflow/example_dags/example_branch_operator_decorator.py
[2024-04-21T20:18:48.545+0000] {processor.py:830} INFO - Processing file /home/airflow/.local/lib/python3.9/site-packages/airflow/example_dags/example_branch_operator_decorator.py for tasks to queue
[2024-04-21T20:18:48.547+0000] {logging_mixin.py:188} INFO - [2024-04-21T20:18:48.547+0000] {dagbag.py:540} INFO - Filling up the DagBag from /home/airflow/.local/lib/python3.9/site-packages/airflow/example_dags/example_branch_operator_decorator.py
[2024-04-21T20:18:48.573+0000] {processor.py:840} INFO - DAG(s) 'example_branch_python_operator_decorator' retrieved from /home/airflow/.local/lib/python3.9/site-packages/airflow/example_dags/example_branch_operator_decorator.py
[2024-04-21T20:18:48.638+0000] {logging_mixin.py:188} INFO - [2024-04-21T20:18:48.637+0000] {dag.py:3047} INFO - Sync 1 DAGs
[2024-04-21T20:18:48.678+0000] {logging_mixin.py:188} INFO - [2024-04-21T20:18:48.678+0000] {dag.py:3834} INFO - Setting next_dagrun for example_branch_python_operator_decorator to 2024-04-20 00:00:00+00:00, run_after=2024-04-21 00:00:00+00:00
[2024-04-21T20:18:48.732+0000] {processor.py:183} INFO - Processing /home/airflow/.local/lib/python3.9/site-packages/airflow/example_dags/example_branch_operator_decorator.py took 0.192 seconds
[2024-04-21T20:32:45.712+0000] {processor.py:161} INFO - Started process (PID=41) to work on /home/airflow/.local/lib/python3.9/site-packages/airflow/example_dags/example_branch_operator_decorator.py
[2024-04-21T20:32:45.714+0000] {processor.py:830} INFO - Processing file /home/airflow/.local/lib/python3.9/site-packages/airflow/example_dags/example_branch_operator_decorator.py for tasks to queue
[2024-04-21T20:32:45.717+0000] {logging_mixin.py:188} INFO - [2024-04-21T20:32:45.716+0000] {dagbag.py:540} INFO - Filling up the DagBag from /home/airflow/.local/lib/python3.9/site-packages/airflow/example_dags/example_branch_operator_decorator.py
[2024-04-21T20:32:45.775+0000] {processor.py:840} INFO - DAG(s) 'example_branch_python_operator_decorator' retrieved from /home/airflow/.local/lib/python3.9/site-packages/airflow/example_dags/example_branch_operator_decorator.py
[2024-04-21T20:32:45.842+0000] {logging_mixin.py:188} INFO - [2024-04-21T20:32:45.841+0000] {dag.py:3047} INFO - Sync 1 DAGs
[2024-04-21T20:32:45.878+0000] {logging_mixin.py:188} INFO - [2024-04-21T20:32:45.878+0000] {dag.py:3834} INFO - Setting next_dagrun for example_branch_python_operator_decorator to 2024-04-20 00:00:00+00:00, run_after=2024-04-21 00:00:00+00:00
[2024-04-21T20:32:45.922+0000] {processor.py:183} INFO - Processing /home/airflow/.local/lib/python3.9/site-packages/airflow/example_dags/example_branch_operator_decorator.py took 0.212 seconds
[2024-04-21T20:33:20.295+0000] {processor.py:161} INFO - Started process (PID=41) to work on /home/airflow/.local/lib/python3.9/site-packages/airflow/example_dags/example_branch_operator_decorator.py
[2024-04-21T20:33:20.296+0000] {processor.py:830} INFO - Processing file /home/airflow/.local/lib/python3.9/site-packages/airflow/example_dags/example_branch_operator_decorator.py for tasks to queue
[2024-04-21T20:33:20.300+0000] {logging_mixin.py:188} INFO - [2024-04-21T20:33:20.299+0000] {dagbag.py:540} INFO - Filling up the DagBag from /home/airflow/.local/lib/python3.9/site-packages/airflow/example_dags/example_branch_operator_decorator.py
[2024-04-21T20:33:20.345+0000] {processor.py:840} INFO - DAG(s) 'example_branch_python_operator_decorator' retrieved from /home/airflow/.local/lib/python3.9/site-packages/airflow/example_dags/example_branch_operator_decorator.py
[2024-04-21T20:33:20.526+0000] {logging_mixin.py:188} INFO - [2024-04-21T20:33:20.526+0000] {dag.py:3047} INFO - Sync 1 DAGs
[2024-04-21T20:33:20.550+0000] {logging_mixin.py:188} INFO - [2024-04-21T20:33:20.550+0000] {dag.py:3834} INFO - Setting next_dagrun for example_branch_python_operator_decorator to 2024-04-20 00:00:00+00:00, run_after=2024-04-21 00:00:00+00:00
[2024-04-21T20:33:20.592+0000] {processor.py:183} INFO - Processing /home/airflow/.local/lib/python3.9/site-packages/airflow/example_dags/example_branch_operator_decorator.py took 0.303 seconds
[2024-04-21T20:33:51.367+0000] {processor.py:161} INFO - Started process (PID=98) to work on /home/airflow/.local/lib/python3.9/site-packages/airflow/example_dags/example_branch_operator_decorator.py
[2024-04-21T20:33:51.369+0000] {processor.py:830} INFO - Processing file /home/airflow/.local/lib/python3.9/site-packages/airflow/example_dags/example_branch_operator_decorator.py for tasks to queue
[2024-04-21T20:33:51.371+0000] {logging_mixin.py:188} INFO - [2024-04-21T20:33:51.370+0000] {dagbag.py:540} INFO - Filling up the DagBag from /home/airflow/.local/lib/python3.9/site-packages/airflow/example_dags/example_branch_operator_decorator.py
[2024-04-21T20:33:51.409+0000] {processor.py:840} INFO - DAG(s) 'example_branch_python_operator_decorator' retrieved from /home/airflow/.local/lib/python3.9/site-packages/airflow/example_dags/example_branch_operator_decorator.py
[2024-04-21T20:33:51.489+0000] {logging_mixin.py:188} INFO - [2024-04-21T20:33:51.489+0000] {dag.py:3047} INFO - Sync 1 DAGs
[2024-04-21T20:33:51.518+0000] {logging_mixin.py:188} INFO - [2024-04-21T20:33:51.517+0000] {dag.py:3834} INFO - Setting next_dagrun for example_branch_python_operator_decorator to 2024-04-20 00:00:00+00:00, run_after=2024-04-21 00:00:00+00:00
[2024-04-21T20:33:51.555+0000] {processor.py:183} INFO - Processing /home/airflow/.local/lib/python3.9/site-packages/airflow/example_dags/example_branch_operator_decorator.py took 0.191 seconds
[2024-04-21T20:34:28.735+0000] {processor.py:161} INFO - Started process (PID=41) to work on /home/airflow/.local/lib/python3.9/site-packages/airflow/example_dags/example_branch_operator_decorator.py
[2024-04-21T20:34:28.736+0000] {processor.py:830} INFO - Processing file /home/airflow/.local/lib/python3.9/site-packages/airflow/example_dags/example_branch_operator_decorator.py for tasks to queue
[2024-04-21T20:34:28.738+0000] {logging_mixin.py:188} INFO - [2024-04-21T20:34:28.738+0000] {dagbag.py:540} INFO - Filling up the DagBag from /home/airflow/.local/lib/python3.9/site-packages/airflow/example_dags/example_branch_operator_decorator.py
[2024-04-21T20:34:28.771+0000] {processor.py:840} INFO - DAG(s) 'example_branch_python_operator_decorator' retrieved from /home/airflow/.local/lib/python3.9/site-packages/airflow/example_dags/example_branch_operator_decorator.py
[2024-04-21T20:34:29.035+0000] {logging_mixin.py:188} INFO - [2024-04-21T20:34:29.035+0000] {dag.py:3047} INFO - Sync 1 DAGs
[2024-04-21T20:34:29.060+0000] {logging_mixin.py:188} INFO - [2024-04-21T20:34:29.059+0000] {dag.py:3834} INFO - Setting next_dagrun for example_branch_python_operator_decorator to 2024-04-20 00:00:00+00:00, run_after=2024-04-21 00:00:00+00:00
[2024-04-21T20:34:29.103+0000] {processor.py:183} INFO - Processing /home/airflow/.local/lib/python3.9/site-packages/airflow/example_dags/example_branch_operator_decorator.py took 0.371 seconds
[2024-04-21T20:35:00.092+0000] {processor.py:161} INFO - Started process (PID=99) to work on /home/airflow/.local/lib/python3.9/site-packages/airflow/example_dags/example_branch_operator_decorator.py
[2024-04-21T20:35:00.093+0000] {processor.py:830} INFO - Processing file /home/airflow/.local/lib/python3.9/site-packages/airflow/example_dags/example_branch_operator_decorator.py for tasks to queue
[2024-04-21T20:35:00.095+0000] {logging_mixin.py:188} INFO - [2024-04-21T20:35:00.095+0000] {dagbag.py:540} INFO - Filling up the DagBag from /home/airflow/.local/lib/python3.9/site-packages/airflow/example_dags/example_branch_operator_decorator.py
[2024-04-21T20:35:00.122+0000] {processor.py:840} INFO - DAG(s) 'example_branch_python_operator_decorator' retrieved from /home/airflow/.local/lib/python3.9/site-packages/airflow/example_dags/example_branch_operator_decorator.py
[2024-04-21T20:35:00.184+0000] {logging_mixin.py:188} INFO - [2024-04-21T20:35:00.184+0000] {dag.py:3047} INFO - Sync 1 DAGs
[2024-04-21T20:35:00.212+0000] {logging_mixin.py:188} INFO - [2024-04-21T20:35:00.212+0000] {dag.py:3834} INFO - Setting next_dagrun for example_branch_python_operator_decorator to 2024-04-20 00:00:00+00:00, run_after=2024-04-21 00:00:00+00:00
[2024-04-21T20:35:00.251+0000] {processor.py:183} INFO - Processing /home/airflow/.local/lib/python3.9/site-packages/airflow/example_dags/example_branch_operator_decorator.py took 0.162 seconds
[2024-04-21T20:35:30.779+0000] {processor.py:161} INFO - Started process (PID=155) to work on /home/airflow/.local/lib/python3.9/site-packages/airflow/example_dags/example_branch_operator_decorator.py
[2024-04-21T20:35:30.780+0000] {processor.py:830} INFO - Processing file /home/airflow/.local/lib/python3.9/site-packages/airflow/example_dags/example_branch_operator_decorator.py for tasks to queue
[2024-04-21T20:35:30.783+0000] {logging_mixin.py:188} INFO - [2024-04-21T20:35:30.782+0000] {dagbag.py:540} INFO - Filling up the DagBag from /home/airflow/.local/lib/python3.9/site-packages/airflow/example_dags/example_branch_operator_decorator.py
[2024-04-21T20:35:30.810+0000] {processor.py:840} INFO - DAG(s) 'example_branch_python_operator_decorator' retrieved from /home/airflow/.local/lib/python3.9/site-packages/airflow/example_dags/example_branch_operator_decorator.py
[2024-04-21T20:35:30.881+0000] {logging_mixin.py:188} INFO - [2024-04-21T20:35:30.880+0000] {dag.py:3047} INFO - Sync 1 DAGs
[2024-04-21T20:35:30.910+0000] {logging_mixin.py:188} INFO - [2024-04-21T20:35:30.909+0000] {dag.py:3834} INFO - Setting next_dagrun for example_branch_python_operator_decorator to 2024-04-20 00:00:00+00:00, run_after=2024-04-21 00:00:00+00:00
[2024-04-21T20:35:30.945+0000] {processor.py:183} INFO - Processing /home/airflow/.local/lib/python3.9/site-packages/airflow/example_dags/example_branch_operator_decorator.py took 0.170 seconds
[2024-04-21T20:36:01.223+0000] {processor.py:161} INFO - Started process (PID=210) to work on /home/airflow/.local/lib/python3.9/site-packages/airflow/example_dags/example_branch_operator_decorator.py
[2024-04-21T20:36:01.225+0000] {processor.py:830} INFO - Processing file /home/airflow/.local/lib/python3.9/site-packages/airflow/example_dags/example_branch_operator_decorator.py for tasks to queue
[2024-04-21T20:36:01.227+0000] {logging_mixin.py:188} INFO - [2024-04-21T20:36:01.227+0000] {dagbag.py:540} INFO - Filling up the DagBag from /home/airflow/.local/lib/python3.9/site-packages/airflow/example_dags/example_branch_operator_decorator.py
[2024-04-21T20:36:01.255+0000] {processor.py:840} INFO - DAG(s) 'example_branch_python_operator_decorator' retrieved from /home/airflow/.local/lib/python3.9/site-packages/airflow/example_dags/example_branch_operator_decorator.py
[2024-04-21T20:36:01.319+0000] {logging_mixin.py:188} INFO - [2024-04-21T20:36:01.319+0000] {dag.py:3047} INFO - Sync 1 DAGs
[2024-04-21T20:36:01.346+0000] {logging_mixin.py:188} INFO - [2024-04-21T20:36:01.346+0000] {dag.py:3834} INFO - Setting next_dagrun for example_branch_python_operator_decorator to 2024-04-20 00:00:00+00:00, run_after=2024-04-21 00:00:00+00:00
[2024-04-21T20:36:01.384+0000] {processor.py:183} INFO - Processing /home/airflow/.local/lib/python3.9/site-packages/airflow/example_dags/example_branch_operator_decorator.py took 0.164 seconds
[2024-04-21T20:36:31.549+0000] {processor.py:161} INFO - Started process (PID=267) to work on /home/airflow/.local/lib/python3.9/site-packages/airflow/example_dags/example_branch_operator_decorator.py
[2024-04-21T20:36:31.551+0000] {processor.py:830} INFO - Processing file /home/airflow/.local/lib/python3.9/site-packages/airflow/example_dags/example_branch_operator_decorator.py for tasks to queue
[2024-04-21T20:36:31.553+0000] {logging_mixin.py:188} INFO - [2024-04-21T20:36:31.553+0000] {dagbag.py:540} INFO - Filling up the DagBag from /home/airflow/.local/lib/python3.9/site-packages/airflow/example_dags/example_branch_operator_decorator.py
[2024-04-21T20:36:31.577+0000] {processor.py:840} INFO - DAG(s) 'example_branch_python_operator_decorator' retrieved from /home/airflow/.local/lib/python3.9/site-packages/airflow/example_dags/example_branch_operator_decorator.py
[2024-04-21T20:36:31.660+0000] {logging_mixin.py:188} INFO - [2024-04-21T20:36:31.659+0000] {dag.py:3047} INFO - Sync 1 DAGs
[2024-04-21T20:36:31.701+0000] {logging_mixin.py:188} INFO - [2024-04-21T20:36:31.700+0000] {dag.py:3834} INFO - Setting next_dagrun for example_branch_python_operator_decorator to 2024-04-20 00:00:00+00:00, run_after=2024-04-21 00:00:00+00:00
[2024-04-21T20:36:31.751+0000] {processor.py:183} INFO - Processing /home/airflow/.local/lib/python3.9/site-packages/airflow/example_dags/example_branch_operator_decorator.py took 0.205 seconds
[2024-04-21T20:37:01.868+0000] {processor.py:161} INFO - Started process (PID=324) to work on /home/airflow/.local/lib/python3.9/site-packages/airflow/example_dags/example_branch_operator_decorator.py
[2024-04-21T20:37:01.869+0000] {processor.py:830} INFO - Processing file /home/airflow/.local/lib/python3.9/site-packages/airflow/example_dags/example_branch_operator_decorator.py for tasks to queue
[2024-04-21T20:37:01.871+0000] {logging_mixin.py:188} INFO - [2024-04-21T20:37:01.871+0000] {dagbag.py:540} INFO - Filling up the DagBag from /home/airflow/.local/lib/python3.9/site-packages/airflow/example_dags/example_branch_operator_decorator.py
[2024-04-21T20:37:01.900+0000] {processor.py:840} INFO - DAG(s) 'example_branch_python_operator_decorator' retrieved from /home/airflow/.local/lib/python3.9/site-packages/airflow/example_dags/example_branch_operator_decorator.py
[2024-04-21T20:37:01.969+0000] {logging_mixin.py:188} INFO - [2024-04-21T20:37:01.969+0000] {dag.py:3047} INFO - Sync 1 DAGs
[2024-04-21T20:37:01.997+0000] {logging_mixin.py:188} INFO - [2024-04-21T20:37:01.997+0000] {dag.py:3834} INFO - Setting next_dagrun for example_branch_python_operator_decorator to 2024-04-20 00:00:00+00:00, run_after=2024-04-21 00:00:00+00:00
[2024-04-21T20:37:02.040+0000] {processor.py:183} INFO - Processing /home/airflow/.local/lib/python3.9/site-packages/airflow/example_dags/example_branch_operator_decorator.py took 0.176 seconds
[2024-04-21T20:37:32.514+0000] {processor.py:161} INFO - Started process (PID=381) to work on /home/airflow/.local/lib/python3.9/site-packages/airflow/example_dags/example_branch_operator_decorator.py
[2024-04-21T20:37:32.515+0000] {processor.py:830} INFO - Processing file /home/airflow/.local/lib/python3.9/site-packages/airflow/example_dags/example_branch_operator_decorator.py for tasks to queue
[2024-04-21T20:37:32.517+0000] {logging_mixin.py:188} INFO - [2024-04-21T20:37:32.517+0000] {dagbag.py:540} INFO - Filling up the DagBag from /home/airflow/.local/lib/python3.9/site-packages/airflow/example_dags/example_branch_operator_decorator.py
[2024-04-21T20:37:32.543+0000] {processor.py:840} INFO - DAG(s) 'example_branch_python_operator_decorator' retrieved from /home/airflow/.local/lib/python3.9/site-packages/airflow/example_dags/example_branch_operator_decorator.py
[2024-04-21T20:37:32.600+0000] {logging_mixin.py:188} INFO - [2024-04-21T20:37:32.599+0000] {dag.py:3047} INFO - Sync 1 DAGs
[2024-04-21T20:37:32.623+0000] {logging_mixin.py:188} INFO - [2024-04-21T20:37:32.623+0000] {dag.py:3834} INFO - Setting next_dagrun for example_branch_python_operator_decorator to 2024-04-20 00:00:00+00:00, run_after=2024-04-21 00:00:00+00:00
[2024-04-21T20:37:32.655+0000] {processor.py:183} INFO - Processing /home/airflow/.local/lib/python3.9/site-packages/airflow/example_dags/example_branch_operator_decorator.py took 0.143 seconds
[2024-04-21T20:38:03.498+0000] {processor.py:161} INFO - Started process (PID=438) to work on /home/airflow/.local/lib/python3.9/site-packages/airflow/example_dags/example_branch_operator_decorator.py
[2024-04-21T20:38:03.500+0000] {processor.py:830} INFO - Processing file /home/airflow/.local/lib/python3.9/site-packages/airflow/example_dags/example_branch_operator_decorator.py for tasks to queue
[2024-04-21T20:38:03.502+0000] {logging_mixin.py:188} INFO - [2024-04-21T20:38:03.501+0000] {dagbag.py:540} INFO - Filling up the DagBag from /home/airflow/.local/lib/python3.9/site-packages/airflow/example_dags/example_branch_operator_decorator.py
[2024-04-21T20:38:03.538+0000] {processor.py:840} INFO - DAG(s) 'example_branch_python_operator_decorator' retrieved from /home/airflow/.local/lib/python3.9/site-packages/airflow/example_dags/example_branch_operator_decorator.py
[2024-04-21T20:38:03.605+0000] {logging_mixin.py:188} INFO - [2024-04-21T20:38:03.604+0000] {dag.py:3047} INFO - Sync 1 DAGs
[2024-04-21T20:38:03.633+0000] {logging_mixin.py:188} INFO - [2024-04-21T20:38:03.633+0000] {dag.py:3834} INFO - Setting next_dagrun for example_branch_python_operator_decorator to 2024-04-20 00:00:00+00:00, run_after=2024-04-21 00:00:00+00:00
[2024-04-21T20:38:03.667+0000] {processor.py:183} INFO - Processing /home/airflow/.local/lib/python3.9/site-packages/airflow/example_dags/example_branch_operator_decorator.py took 0.171 seconds
[2024-04-21T20:38:34.092+0000] {processor.py:161} INFO - Started process (PID=495) to work on /home/airflow/.local/lib/python3.9/site-packages/airflow/example_dags/example_branch_operator_decorator.py
[2024-04-21T20:38:34.093+0000] {processor.py:830} INFO - Processing file /home/airflow/.local/lib/python3.9/site-packages/airflow/example_dags/example_branch_operator_decorator.py for tasks to queue
[2024-04-21T20:38:34.096+0000] {logging_mixin.py:188} INFO - [2024-04-21T20:38:34.095+0000] {dagbag.py:540} INFO - Filling up the DagBag from /home/airflow/.local/lib/python3.9/site-packages/airflow/example_dags/example_branch_operator_decorator.py
[2024-04-21T20:38:34.123+0000] {processor.py:840} INFO - DAG(s) 'example_branch_python_operator_decorator' retrieved from /home/airflow/.local/lib/python3.9/site-packages/airflow/example_dags/example_branch_operator_decorator.py
[2024-04-21T20:38:34.192+0000] {logging_mixin.py:188} INFO - [2024-04-21T20:38:34.192+0000] {dag.py:3047} INFO - Sync 1 DAGs
[2024-04-21T20:38:34.219+0000] {logging_mixin.py:188} INFO - [2024-04-21T20:38:34.219+0000] {dag.py:3834} INFO - Setting next_dagrun for example_branch_python_operator_decorator to 2024-04-20 00:00:00+00:00, run_after=2024-04-21 00:00:00+00:00
[2024-04-21T20:38:34.259+0000] {processor.py:183} INFO - Processing /home/airflow/.local/lib/python3.9/site-packages/airflow/example_dags/example_branch_operator_decorator.py took 0.170 seconds
[2024-04-21T20:39:04.424+0000] {processor.py:161} INFO - Started process (PID=552) to work on /home/airflow/.local/lib/python3.9/site-packages/airflow/example_dags/example_branch_operator_decorator.py
[2024-04-21T20:39:04.425+0000] {processor.py:830} INFO - Processing file /home/airflow/.local/lib/python3.9/site-packages/airflow/example_dags/example_branch_operator_decorator.py for tasks to queue
[2024-04-21T20:39:04.427+0000] {logging_mixin.py:188} INFO - [2024-04-21T20:39:04.427+0000] {dagbag.py:540} INFO - Filling up the DagBag from /home/airflow/.local/lib/python3.9/site-packages/airflow/example_dags/example_branch_operator_decorator.py
[2024-04-21T20:39:04.453+0000] {processor.py:840} INFO - DAG(s) 'example_branch_python_operator_decorator' retrieved from /home/airflow/.local/lib/python3.9/site-packages/airflow/example_dags/example_branch_operator_decorator.py
[2024-04-21T20:39:04.518+0000] {logging_mixin.py:188} INFO - [2024-04-21T20:39:04.517+0000] {dag.py:3047} INFO - Sync 1 DAGs
[2024-04-21T20:39:04.544+0000] {logging_mixin.py:188} INFO - [2024-04-21T20:39:04.544+0000] {dag.py:3834} INFO - Setting next_dagrun for example_branch_python_operator_decorator to 2024-04-20 00:00:00+00:00, run_after=2024-04-21 00:00:00+00:00
[2024-04-21T20:39:04.580+0000] {processor.py:183} INFO - Processing /home/airflow/.local/lib/python3.9/site-packages/airflow/example_dags/example_branch_operator_decorator.py took 0.160 seconds
[2024-04-21T20:40:39.787+0000] {processor.py:161} INFO - Started process (PID=585) to work on /home/airflow/.local/lib/python3.9/site-packages/airflow/example_dags/example_branch_operator_decorator.py
[2024-04-21T20:40:39.789+0000] {processor.py:830} INFO - Processing file /home/airflow/.local/lib/python3.9/site-packages/airflow/example_dags/example_branch_operator_decorator.py for tasks to queue
[2024-04-21T20:40:39.791+0000] {logging_mixin.py:188} INFO - [2024-04-21T20:40:39.791+0000] {dagbag.py:540} INFO - Filling up the DagBag from /home/airflow/.local/lib/python3.9/site-packages/airflow/example_dags/example_branch_operator_decorator.py
[2024-04-21T20:40:39.824+0000] {processor.py:840} INFO - DAG(s) 'example_branch_python_operator_decorator' retrieved from /home/airflow/.local/lib/python3.9/site-packages/airflow/example_dags/example_branch_operator_decorator.py
[2024-04-21T20:40:39.888+0000] {logging_mixin.py:188} INFO - [2024-04-21T20:40:39.888+0000] {dag.py:3047} INFO - Sync 1 DAGs
[2024-04-21T20:40:39.909+0000] {logging_mixin.py:188} INFO - [2024-04-21T20:40:39.908+0000] {dag.py:3834} INFO - Setting next_dagrun for example_branch_python_operator_decorator to 2024-04-20 00:00:00+00:00, run_after=2024-04-21 00:00:00+00:00
[2024-04-21T20:40:39.940+0000] {processor.py:183} INFO - Processing /home/airflow/.local/lib/python3.9/site-packages/airflow/example_dags/example_branch_operator_decorator.py took 0.156 seconds
[2024-04-21T20:41:10.653+0000] {processor.py:161} INFO - Started process (PID=644) to work on /home/airflow/.local/lib/python3.9/site-packages/airflow/example_dags/example_branch_operator_decorator.py
[2024-04-21T20:41:10.654+0000] {processor.py:830} INFO - Processing file /home/airflow/.local/lib/python3.9/site-packages/airflow/example_dags/example_branch_operator_decorator.py for tasks to queue
[2024-04-21T20:41:10.656+0000] {logging_mixin.py:188} INFO - [2024-04-21T20:41:10.656+0000] {dagbag.py:540} INFO - Filling up the DagBag from /home/airflow/.local/lib/python3.9/site-packages/airflow/example_dags/example_branch_operator_decorator.py
[2024-04-21T20:41:10.681+0000] {processor.py:840} INFO - DAG(s) 'example_branch_python_operator_decorator' retrieved from /home/airflow/.local/lib/python3.9/site-packages/airflow/example_dags/example_branch_operator_decorator.py
[2024-04-21T20:41:10.745+0000] {logging_mixin.py:188} INFO - [2024-04-21T20:41:10.744+0000] {dag.py:3047} INFO - Sync 1 DAGs
[2024-04-21T20:41:10.779+0000] {logging_mixin.py:188} INFO - [2024-04-21T20:41:10.778+0000] {dag.py:3834} INFO - Setting next_dagrun for example_branch_python_operator_decorator to 2024-04-20 00:00:00+00:00, run_after=2024-04-21 00:00:00+00:00
[2024-04-21T20:41:10.822+0000] {processor.py:183} INFO - Processing /home/airflow/.local/lib/python3.9/site-packages/airflow/example_dags/example_branch_operator_decorator.py took 0.172 seconds
[2024-04-21T20:41:41.045+0000] {processor.py:161} INFO - Started process (PID=701) to work on /home/airflow/.local/lib/python3.9/site-packages/airflow/example_dags/example_branch_operator_decorator.py
[2024-04-21T20:41:41.047+0000] {processor.py:830} INFO - Processing file /home/airflow/.local/lib/python3.9/site-packages/airflow/example_dags/example_branch_operator_decorator.py for tasks to queue
[2024-04-21T20:41:41.048+0000] {logging_mixin.py:188} INFO - [2024-04-21T20:41:41.048+0000] {dagbag.py:540} INFO - Filling up the DagBag from /home/airflow/.local/lib/python3.9/site-packages/airflow/example_dags/example_branch_operator_decorator.py
[2024-04-21T20:41:41.074+0000] {processor.py:840} INFO - DAG(s) 'example_branch_python_operator_decorator' retrieved from /home/airflow/.local/lib/python3.9/site-packages/airflow/example_dags/example_branch_operator_decorator.py
[2024-04-21T20:41:41.135+0000] {logging_mixin.py:188} INFO - [2024-04-21T20:41:41.135+0000] {dag.py:3047} INFO - Sync 1 DAGs
[2024-04-21T20:41:41.157+0000] {logging_mixin.py:188} INFO - [2024-04-21T20:41:41.156+0000] {dag.py:3834} INFO - Setting next_dagrun for example_branch_python_operator_decorator to 2024-04-20 00:00:00+00:00, run_after=2024-04-21 00:00:00+00:00
[2024-04-21T20:41:41.189+0000] {processor.py:183} INFO - Processing /home/airflow/.local/lib/python3.9/site-packages/airflow/example_dags/example_branch_operator_decorator.py took 0.146 seconds
[2024-04-21T20:42:35.588+0000] {processor.py:161} INFO - Started process (PID=41) to work on /home/airflow/.local/lib/python3.9/site-packages/airflow/example_dags/example_branch_operator_decorator.py
[2024-04-21T20:42:35.590+0000] {processor.py:830} INFO - Processing file /home/airflow/.local/lib/python3.9/site-packages/airflow/example_dags/example_branch_operator_decorator.py for tasks to queue
[2024-04-21T20:42:35.592+0000] {logging_mixin.py:188} INFO - [2024-04-21T20:42:35.592+0000] {dagbag.py:540} INFO - Filling up the DagBag from /home/airflow/.local/lib/python3.9/site-packages/airflow/example_dags/example_branch_operator_decorator.py
[2024-04-21T20:42:35.622+0000] {processor.py:840} INFO - DAG(s) 'example_branch_python_operator_decorator' retrieved from /home/airflow/.local/lib/python3.9/site-packages/airflow/example_dags/example_branch_operator_decorator.py
[2024-04-21T20:42:35.889+0000] {logging_mixin.py:188} INFO - [2024-04-21T20:42:35.889+0000] {dag.py:3047} INFO - Sync 1 DAGs
[2024-04-21T20:42:35.915+0000] {logging_mixin.py:188} INFO - [2024-04-21T20:42:35.915+0000] {dag.py:3834} INFO - Setting next_dagrun for example_branch_python_operator_decorator to 2024-04-20 00:00:00+00:00, run_after=2024-04-21 00:00:00+00:00
[2024-04-21T20:42:35.952+0000] {processor.py:183} INFO - Processing /home/airflow/.local/lib/python3.9/site-packages/airflow/example_dags/example_branch_operator_decorator.py took 0.366 seconds
[2024-04-21T20:43:06.597+0000] {processor.py:161} INFO - Started process (PID=97) to work on /home/airflow/.local/lib/python3.9/site-packages/airflow/example_dags/example_branch_operator_decorator.py
[2024-04-21T20:43:06.598+0000] {processor.py:830} INFO - Processing file /home/airflow/.local/lib/python3.9/site-packages/airflow/example_dags/example_branch_operator_decorator.py for tasks to queue
[2024-04-21T20:43:06.600+0000] {logging_mixin.py:188} INFO - [2024-04-21T20:43:06.600+0000] {dagbag.py:540} INFO - Filling up the DagBag from /home/airflow/.local/lib/python3.9/site-packages/airflow/example_dags/example_branch_operator_decorator.py
[2024-04-21T20:43:06.629+0000] {processor.py:840} INFO - DAG(s) 'example_branch_python_operator_decorator' retrieved from /home/airflow/.local/lib/python3.9/site-packages/airflow/example_dags/example_branch_operator_decorator.py
[2024-04-21T20:43:06.697+0000] {logging_mixin.py:188} INFO - [2024-04-21T20:43:06.697+0000] {dag.py:3047} INFO - Sync 1 DAGs
[2024-04-21T20:43:06.728+0000] {logging_mixin.py:188} INFO - [2024-04-21T20:43:06.728+0000] {dag.py:3834} INFO - Setting next_dagrun for example_branch_python_operator_decorator to 2024-04-20 00:00:00+00:00, run_after=2024-04-21 00:00:00+00:00
[2024-04-21T20:43:06.768+0000] {processor.py:183} INFO - Processing /home/airflow/.local/lib/python3.9/site-packages/airflow/example_dags/example_branch_operator_decorator.py took 0.175 seconds
[2024-04-21T20:43:36.944+0000] {processor.py:161} INFO - Started process (PID=153) to work on /home/airflow/.local/lib/python3.9/site-packages/airflow/example_dags/example_branch_operator_decorator.py
[2024-04-21T20:43:36.945+0000] {processor.py:830} INFO - Processing file /home/airflow/.local/lib/python3.9/site-packages/airflow/example_dags/example_branch_operator_decorator.py for tasks to queue
[2024-04-21T20:43:36.948+0000] {logging_mixin.py:188} INFO - [2024-04-21T20:43:36.947+0000] {dagbag.py:540} INFO - Filling up the DagBag from /home/airflow/.local/lib/python3.9/site-packages/airflow/example_dags/example_branch_operator_decorator.py
[2024-04-21T20:43:36.969+0000] {processor.py:840} INFO - DAG(s) 'example_branch_python_operator_decorator' retrieved from /home/airflow/.local/lib/python3.9/site-packages/airflow/example_dags/example_branch_operator_decorator.py
[2024-04-21T20:43:37.026+0000] {logging_mixin.py:188} INFO - [2024-04-21T20:43:37.026+0000] {dag.py:3047} INFO - Sync 1 DAGs
[2024-04-21T20:43:37.049+0000] {logging_mixin.py:188} INFO - [2024-04-21T20:43:37.049+0000] {dag.py:3834} INFO - Setting next_dagrun for example_branch_python_operator_decorator to 2024-04-20 00:00:00+00:00, run_after=2024-04-21 00:00:00+00:00
[2024-04-21T20:43:37.079+0000] {processor.py:183} INFO - Processing /home/airflow/.local/lib/python3.9/site-packages/airflow/example_dags/example_branch_operator_decorator.py took 0.137 seconds
[2024-04-21T20:44:07.439+0000] {processor.py:161} INFO - Started process (PID=210) to work on /home/airflow/.local/lib/python3.9/site-packages/airflow/example_dags/example_branch_operator_decorator.py
[2024-04-21T20:44:07.440+0000] {processor.py:830} INFO - Processing file /home/airflow/.local/lib/python3.9/site-packages/airflow/example_dags/example_branch_operator_decorator.py for tasks to queue
[2024-04-21T20:44:07.442+0000] {logging_mixin.py:188} INFO - [2024-04-21T20:44:07.442+0000] {dagbag.py:540} INFO - Filling up the DagBag from /home/airflow/.local/lib/python3.9/site-packages/airflow/example_dags/example_branch_operator_decorator.py
[2024-04-21T20:44:07.463+0000] {processor.py:840} INFO - DAG(s) 'example_branch_python_operator_decorator' retrieved from /home/airflow/.local/lib/python3.9/site-packages/airflow/example_dags/example_branch_operator_decorator.py
[2024-04-21T20:44:07.524+0000] {logging_mixin.py:188} INFO - [2024-04-21T20:44:07.524+0000] {dag.py:3047} INFO - Sync 1 DAGs
[2024-04-21T20:44:07.550+0000] {logging_mixin.py:188} INFO - [2024-04-21T20:44:07.550+0000] {dag.py:3834} INFO - Setting next_dagrun for example_branch_python_operator_decorator to 2024-04-20 00:00:00+00:00, run_after=2024-04-21 00:00:00+00:00
[2024-04-21T20:44:07.585+0000] {processor.py:183} INFO - Processing /home/airflow/.local/lib/python3.9/site-packages/airflow/example_dags/example_branch_operator_decorator.py took 0.149 seconds
[2024-04-21T20:44:38.114+0000] {processor.py:161} INFO - Started process (PID=267) to work on /home/airflow/.local/lib/python3.9/site-packages/airflow/example_dags/example_branch_operator_decorator.py
[2024-04-21T20:44:38.118+0000] {processor.py:830} INFO - Processing file /home/airflow/.local/lib/python3.9/site-packages/airflow/example_dags/example_branch_operator_decorator.py for tasks to queue
[2024-04-21T20:44:38.122+0000] {logging_mixin.py:188} INFO - [2024-04-21T20:44:38.121+0000] {dagbag.py:540} INFO - Filling up the DagBag from /home/airflow/.local/lib/python3.9/site-packages/airflow/example_dags/example_branch_operator_decorator.py
[2024-04-21T20:44:38.159+0000] {processor.py:840} INFO - DAG(s) 'example_branch_python_operator_decorator' retrieved from /home/airflow/.local/lib/python3.9/site-packages/airflow/example_dags/example_branch_operator_decorator.py
[2024-04-21T20:44:38.238+0000] {logging_mixin.py:188} INFO - [2024-04-21T20:44:38.238+0000] {dag.py:3047} INFO - Sync 1 DAGs
[2024-04-21T20:44:38.277+0000] {logging_mixin.py:188} INFO - [2024-04-21T20:44:38.277+0000] {dag.py:3834} INFO - Setting next_dagrun for example_branch_python_operator_decorator to 2024-04-20 00:00:00+00:00, run_after=2024-04-21 00:00:00+00:00
[2024-04-21T20:44:38.324+0000] {processor.py:183} INFO - Processing /home/airflow/.local/lib/python3.9/site-packages/airflow/example_dags/example_branch_operator_decorator.py took 0.221 seconds
[2024-04-21T20:45:08.847+0000] {processor.py:161} INFO - Started process (PID=324) to work on /home/airflow/.local/lib/python3.9/site-packages/airflow/example_dags/example_branch_operator_decorator.py
[2024-04-21T20:45:08.849+0000] {processor.py:830} INFO - Processing file /home/airflow/.local/lib/python3.9/site-packages/airflow/example_dags/example_branch_operator_decorator.py for tasks to queue
[2024-04-21T20:45:08.852+0000] {logging_mixin.py:188} INFO - [2024-04-21T20:45:08.852+0000] {dagbag.py:540} INFO - Filling up the DagBag from /home/airflow/.local/lib/python3.9/site-packages/airflow/example_dags/example_branch_operator_decorator.py
[2024-04-21T20:45:08.893+0000] {processor.py:840} INFO - DAG(s) 'example_branch_python_operator_decorator' retrieved from /home/airflow/.local/lib/python3.9/site-packages/airflow/example_dags/example_branch_operator_decorator.py
[2024-04-21T20:45:08.977+0000] {logging_mixin.py:188} INFO - [2024-04-21T20:45:08.976+0000] {dag.py:3047} INFO - Sync 1 DAGs
[2024-04-21T20:45:09.024+0000] {logging_mixin.py:188} INFO - [2024-04-21T20:45:09.023+0000] {dag.py:3834} INFO - Setting next_dagrun for example_branch_python_operator_decorator to 2024-04-20 00:00:00+00:00, run_after=2024-04-21 00:00:00+00:00
[2024-04-21T20:45:09.079+0000] {processor.py:183} INFO - Processing /home/airflow/.local/lib/python3.9/site-packages/airflow/example_dags/example_branch_operator_decorator.py took 0.237 seconds
[2024-04-21T20:45:40.112+0000] {processor.py:161} INFO - Started process (PID=381) to work on /home/airflow/.local/lib/python3.9/site-packages/airflow/example_dags/example_branch_operator_decorator.py
[2024-04-21T20:45:40.114+0000] {processor.py:830} INFO - Processing file /home/airflow/.local/lib/python3.9/site-packages/airflow/example_dags/example_branch_operator_decorator.py for tasks to queue
[2024-04-21T20:45:40.116+0000] {logging_mixin.py:188} INFO - [2024-04-21T20:45:40.116+0000] {dagbag.py:540} INFO - Filling up the DagBag from /home/airflow/.local/lib/python3.9/site-packages/airflow/example_dags/example_branch_operator_decorator.py
[2024-04-21T20:45:40.149+0000] {processor.py:840} INFO - DAG(s) 'example_branch_python_operator_decorator' retrieved from /home/airflow/.local/lib/python3.9/site-packages/airflow/example_dags/example_branch_operator_decorator.py
[2024-04-21T20:45:40.225+0000] {logging_mixin.py:188} INFO - [2024-04-21T20:45:40.224+0000] {dag.py:3047} INFO - Sync 1 DAGs
[2024-04-21T20:45:40.257+0000] {logging_mixin.py:188} INFO - [2024-04-21T20:45:40.257+0000] {dag.py:3834} INFO - Setting next_dagrun for example_branch_python_operator_decorator to 2024-04-20 00:00:00+00:00, run_after=2024-04-21 00:00:00+00:00
[2024-04-21T20:45:40.304+0000] {processor.py:183} INFO - Processing /home/airflow/.local/lib/python3.9/site-packages/airflow/example_dags/example_branch_operator_decorator.py took 0.195 seconds
[2024-04-21T20:46:10.838+0000] {processor.py:161} INFO - Started process (PID=438) to work on /home/airflow/.local/lib/python3.9/site-packages/airflow/example_dags/example_branch_operator_decorator.py
[2024-04-21T20:46:10.840+0000] {processor.py:830} INFO - Processing file /home/airflow/.local/lib/python3.9/site-packages/airflow/example_dags/example_branch_operator_decorator.py for tasks to queue
[2024-04-21T20:46:10.843+0000] {logging_mixin.py:188} INFO - [2024-04-21T20:46:10.842+0000] {dagbag.py:540} INFO - Filling up the DagBag from /home/airflow/.local/lib/python3.9/site-packages/airflow/example_dags/example_branch_operator_decorator.py
[2024-04-21T20:46:10.869+0000] {processor.py:840} INFO - DAG(s) 'example_branch_python_operator_decorator' retrieved from /home/airflow/.local/lib/python3.9/site-packages/airflow/example_dags/example_branch_operator_decorator.py
[2024-04-21T20:46:10.933+0000] {logging_mixin.py:188} INFO - [2024-04-21T20:46:10.932+0000] {dag.py:3047} INFO - Sync 1 DAGs
[2024-04-21T20:46:10.964+0000] {logging_mixin.py:188} INFO - [2024-04-21T20:46:10.963+0000] {dag.py:3834} INFO - Setting next_dagrun for example_branch_python_operator_decorator to 2024-04-20 00:00:00+00:00, run_after=2024-04-21 00:00:00+00:00
[2024-04-21T20:46:11.015+0000] {processor.py:183} INFO - Processing /home/airflow/.local/lib/python3.9/site-packages/airflow/example_dags/example_branch_operator_decorator.py took 0.179 seconds
[2024-04-21T20:46:41.485+0000] {processor.py:161} INFO - Started process (PID=495) to work on /home/airflow/.local/lib/python3.9/site-packages/airflow/example_dags/example_branch_operator_decorator.py
[2024-04-21T20:46:41.486+0000] {processor.py:830} INFO - Processing file /home/airflow/.local/lib/python3.9/site-packages/airflow/example_dags/example_branch_operator_decorator.py for tasks to queue
[2024-04-21T20:46:41.489+0000] {logging_mixin.py:188} INFO - [2024-04-21T20:46:41.489+0000] {dagbag.py:540} INFO - Filling up the DagBag from /home/airflow/.local/lib/python3.9/site-packages/airflow/example_dags/example_branch_operator_decorator.py
[2024-04-21T20:46:41.524+0000] {processor.py:840} INFO - DAG(s) 'example_branch_python_operator_decorator' retrieved from /home/airflow/.local/lib/python3.9/site-packages/airflow/example_dags/example_branch_operator_decorator.py
[2024-04-21T20:46:41.603+0000] {logging_mixin.py:188} INFO - [2024-04-21T20:46:41.603+0000] {dag.py:3047} INFO - Sync 1 DAGs
[2024-04-21T20:46:41.636+0000] {logging_mixin.py:188} INFO - [2024-04-21T20:46:41.636+0000] {dag.py:3834} INFO - Setting next_dagrun for example_branch_python_operator_decorator to 2024-04-20 00:00:00+00:00, run_after=2024-04-21 00:00:00+00:00
[2024-04-21T20:46:41.672+0000] {processor.py:183} INFO - Processing /home/airflow/.local/lib/python3.9/site-packages/airflow/example_dags/example_branch_operator_decorator.py took 0.191 seconds
[2024-04-21T20:47:12.130+0000] {processor.py:161} INFO - Started process (PID=552) to work on /home/airflow/.local/lib/python3.9/site-packages/airflow/example_dags/example_branch_operator_decorator.py
[2024-04-21T20:47:12.131+0000] {processor.py:830} INFO - Processing file /home/airflow/.local/lib/python3.9/site-packages/airflow/example_dags/example_branch_operator_decorator.py for tasks to queue
[2024-04-21T20:47:12.134+0000] {logging_mixin.py:188} INFO - [2024-04-21T20:47:12.133+0000] {dagbag.py:540} INFO - Filling up the DagBag from /home/airflow/.local/lib/python3.9/site-packages/airflow/example_dags/example_branch_operator_decorator.py
[2024-04-21T20:47:12.157+0000] {processor.py:840} INFO - DAG(s) 'example_branch_python_operator_decorator' retrieved from /home/airflow/.local/lib/python3.9/site-packages/airflow/example_dags/example_branch_operator_decorator.py
[2024-04-21T20:47:12.219+0000] {logging_mixin.py:188} INFO - [2024-04-21T20:47:12.219+0000] {dag.py:3047} INFO - Sync 1 DAGs
[2024-04-21T20:47:12.246+0000] {logging_mixin.py:188} INFO - [2024-04-21T20:47:12.246+0000] {dag.py:3834} INFO - Setting next_dagrun for example_branch_python_operator_decorator to 2024-04-20 00:00:00+00:00, run_after=2024-04-21 00:00:00+00:00
[2024-04-21T20:47:12.287+0000] {processor.py:183} INFO - Processing /home/airflow/.local/lib/python3.9/site-packages/airflow/example_dags/example_branch_operator_decorator.py took 0.162 seconds
[2024-04-21T20:47:43.039+0000] {processor.py:161} INFO - Started process (PID=609) to work on /home/airflow/.local/lib/python3.9/site-packages/airflow/example_dags/example_branch_operator_decorator.py
[2024-04-21T20:47:43.040+0000] {processor.py:830} INFO - Processing file /home/airflow/.local/lib/python3.9/site-packages/airflow/example_dags/example_branch_operator_decorator.py for tasks to queue
[2024-04-21T20:47:43.042+0000] {logging_mixin.py:188} INFO - [2024-04-21T20:47:43.042+0000] {dagbag.py:540} INFO - Filling up the DagBag from /home/airflow/.local/lib/python3.9/site-packages/airflow/example_dags/example_branch_operator_decorator.py
[2024-04-21T20:47:43.066+0000] {processor.py:840} INFO - DAG(s) 'example_branch_python_operator_decorator' retrieved from /home/airflow/.local/lib/python3.9/site-packages/airflow/example_dags/example_branch_operator_decorator.py
[2024-04-21T20:47:43.125+0000] {logging_mixin.py:188} INFO - [2024-04-21T20:47:43.125+0000] {dag.py:3047} INFO - Sync 1 DAGs
[2024-04-21T20:47:43.149+0000] {logging_mixin.py:188} INFO - [2024-04-21T20:47:43.149+0000] {dag.py:3834} INFO - Setting next_dagrun for example_branch_python_operator_decorator to 2024-04-20 00:00:00+00:00, run_after=2024-04-21 00:00:00+00:00
[2024-04-21T20:47:43.179+0000] {processor.py:183} INFO - Processing /home/airflow/.local/lib/python3.9/site-packages/airflow/example_dags/example_branch_operator_decorator.py took 0.143 seconds
[2024-04-21T21:00:41.715+0000] {processor.py:161} INFO - Started process (PID=41) to work on /home/airflow/.local/lib/python3.9/site-packages/airflow/example_dags/example_branch_operator_decorator.py
[2024-04-21T21:00:41.717+0000] {processor.py:830} INFO - Processing file /home/airflow/.local/lib/python3.9/site-packages/airflow/example_dags/example_branch_operator_decorator.py for tasks to queue
[2024-04-21T21:00:41.720+0000] {logging_mixin.py:188} INFO - [2024-04-21T21:00:41.719+0000] {dagbag.py:540} INFO - Filling up the DagBag from /home/airflow/.local/lib/python3.9/site-packages/airflow/example_dags/example_branch_operator_decorator.py
[2024-04-21T21:00:41.757+0000] {processor.py:840} INFO - DAG(s) 'example_branch_python_operator_decorator' retrieved from /home/airflow/.local/lib/python3.9/site-packages/airflow/example_dags/example_branch_operator_decorator.py
[2024-04-21T21:00:41.968+0000] {logging_mixin.py:188} INFO - [2024-04-21T21:00:41.967+0000] {dag.py:3047} INFO - Sync 1 DAGs
[2024-04-21T21:00:41.995+0000] {logging_mixin.py:188} INFO - [2024-04-21T21:00:41.995+0000] {dag.py:3834} INFO - Setting next_dagrun for example_branch_python_operator_decorator to 2024-04-20 00:00:00+00:00, run_after=2024-04-21 00:00:00+00:00
[2024-04-21T21:00:42.041+0000] {processor.py:183} INFO - Processing /home/airflow/.local/lib/python3.9/site-packages/airflow/example_dags/example_branch_operator_decorator.py took 0.330 seconds
[2024-04-21T21:01:13.829+0000] {processor.py:161} INFO - Started process (PID=99) to work on /home/airflow/.local/lib/python3.9/site-packages/airflow/example_dags/example_branch_operator_decorator.py
[2024-04-21T21:01:13.831+0000] {processor.py:830} INFO - Processing file /home/airflow/.local/lib/python3.9/site-packages/airflow/example_dags/example_branch_operator_decorator.py for tasks to queue
[2024-04-21T21:01:13.834+0000] {logging_mixin.py:188} INFO - [2024-04-21T21:01:13.833+0000] {dagbag.py:540} INFO - Filling up the DagBag from /home/airflow/.local/lib/python3.9/site-packages/airflow/example_dags/example_branch_operator_decorator.py
[2024-04-21T21:01:13.920+0000] {processor.py:840} INFO - DAG(s) 'example_branch_python_operator_decorator' retrieved from /home/airflow/.local/lib/python3.9/site-packages/airflow/example_dags/example_branch_operator_decorator.py
[2024-04-21T21:01:14.031+0000] {logging_mixin.py:188} INFO - [2024-04-21T21:01:14.030+0000] {dag.py:3047} INFO - Sync 1 DAGs
[2024-04-21T21:01:14.067+0000] {logging_mixin.py:188} INFO - [2024-04-21T21:01:14.066+0000] {dag.py:3834} INFO - Setting next_dagrun for example_branch_python_operator_decorator to 2024-04-20 00:00:00+00:00, run_after=2024-04-21 00:00:00+00:00
[2024-04-21T21:01:14.106+0000] {processor.py:183} INFO - Processing /home/airflow/.local/lib/python3.9/site-packages/airflow/example_dags/example_branch_operator_decorator.py took 0.281 seconds
[2024-04-21T21:03:15.950+0000] {processor.py:161} INFO - Started process (PID=47) to work on /home/airflow/.local/lib/python3.9/site-packages/airflow/example_dags/example_branch_operator_decorator.py
[2024-04-21T21:03:15.952+0000] {processor.py:830} INFO - Processing file /home/airflow/.local/lib/python3.9/site-packages/airflow/example_dags/example_branch_operator_decorator.py for tasks to queue
[2024-04-21T21:03:15.959+0000] {logging_mixin.py:188} INFO - [2024-04-21T21:03:15.956+0000] {dagbag.py:540} INFO - Filling up the DagBag from /home/airflow/.local/lib/python3.9/site-packages/airflow/example_dags/example_branch_operator_decorator.py
[2024-04-21T21:03:16.075+0000] {processor.py:840} INFO - DAG(s) 'example_branch_python_operator_decorator' retrieved from /home/airflow/.local/lib/python3.9/site-packages/airflow/example_dags/example_branch_operator_decorator.py
[2024-04-21T21:03:41.913+0000] {logging_mixin.py:188} INFO - [2024-04-21T21:03:41.911+0000] {dag.py:3047} INFO - Sync 1 DAGs
[2024-04-21T21:03:41.996+0000] {logging_mixin.py:188} INFO - [2024-04-21T21:03:41.993+0000] {dag.py:3834} INFO - Setting next_dagrun for example_branch_python_operator_decorator to 2024-04-20 00:00:00+00:00, run_after=2024-04-21 00:00:00+00:00
[2024-04-21T21:03:42.348+0000] {processor.py:183} INFO - Processing /home/airflow/.local/lib/python3.9/site-packages/airflow/example_dags/example_branch_operator_decorator.py took 26.407 seconds
[2024-04-21T21:04:45.155+0000] {processor.py:161} INFO - Started process (PID=104) to work on /home/airflow/.local/lib/python3.9/site-packages/airflow/example_dags/example_branch_operator_decorator.py
[2024-04-21T21:04:45.157+0000] {processor.py:830} INFO - Processing file /home/airflow/.local/lib/python3.9/site-packages/airflow/example_dags/example_branch_operator_decorator.py for tasks to queue
[2024-04-21T21:04:45.159+0000] {logging_mixin.py:188} INFO - [2024-04-21T21:04:45.159+0000] {dagbag.py:540} INFO - Filling up the DagBag from /home/airflow/.local/lib/python3.9/site-packages/airflow/example_dags/example_branch_operator_decorator.py
[2024-04-21T21:04:45.190+0000] {processor.py:840} INFO - DAG(s) 'example_branch_python_operator_decorator' retrieved from /home/airflow/.local/lib/python3.9/site-packages/airflow/example_dags/example_branch_operator_decorator.py
[2024-04-21T21:04:45.278+0000] {logging_mixin.py:188} INFO - [2024-04-21T21:04:45.277+0000] {dag.py:3047} INFO - Sync 1 DAGs
[2024-04-21T21:04:45.316+0000] {logging_mixin.py:188} INFO - [2024-04-21T21:04:45.315+0000] {dag.py:3834} INFO - Setting next_dagrun for example_branch_python_operator_decorator to 2024-04-20 00:00:00+00:00, run_after=2024-04-21 00:00:00+00:00
[2024-04-21T21:04:45.359+0000] {processor.py:183} INFO - Processing /home/airflow/.local/lib/python3.9/site-packages/airflow/example_dags/example_branch_operator_decorator.py took 0.208 seconds
[2024-04-21T21:05:16.449+0000] {processor.py:161} INFO - Started process (PID=171) to work on /home/airflow/.local/lib/python3.9/site-packages/airflow/example_dags/example_branch_operator_decorator.py
[2024-04-21T21:05:16.451+0000] {processor.py:830} INFO - Processing file /home/airflow/.local/lib/python3.9/site-packages/airflow/example_dags/example_branch_operator_decorator.py for tasks to queue
[2024-04-21T21:05:16.453+0000] {logging_mixin.py:188} INFO - [2024-04-21T21:05:16.453+0000] {dagbag.py:540} INFO - Filling up the DagBag from /home/airflow/.local/lib/python3.9/site-packages/airflow/example_dags/example_branch_operator_decorator.py
[2024-04-21T21:05:16.478+0000] {processor.py:840} INFO - DAG(s) 'example_branch_python_operator_decorator' retrieved from /home/airflow/.local/lib/python3.9/site-packages/airflow/example_dags/example_branch_operator_decorator.py
[2024-04-21T21:05:16.552+0000] {logging_mixin.py:188} INFO - [2024-04-21T21:05:16.552+0000] {dag.py:3047} INFO - Sync 1 DAGs
[2024-04-21T21:05:16.580+0000] {logging_mixin.py:188} INFO - [2024-04-21T21:05:16.580+0000] {dag.py:3834} INFO - Setting next_dagrun for example_branch_python_operator_decorator to 2024-04-20 00:00:00+00:00, run_after=2024-04-21 00:00:00+00:00
[2024-04-21T21:05:16.615+0000] {processor.py:183} INFO - Processing /home/airflow/.local/lib/python3.9/site-packages/airflow/example_dags/example_branch_operator_decorator.py took 0.170 seconds
[2024-04-21T21:05:47.896+0000] {processor.py:161} INFO - Started process (PID=232) to work on /home/airflow/.local/lib/python3.9/site-packages/airflow/example_dags/example_branch_operator_decorator.py
[2024-04-21T21:05:47.897+0000] {processor.py:830} INFO - Processing file /home/airflow/.local/lib/python3.9/site-packages/airflow/example_dags/example_branch_operator_decorator.py for tasks to queue
[2024-04-21T21:05:47.899+0000] {logging_mixin.py:188} INFO - [2024-04-21T21:05:47.899+0000] {dagbag.py:540} INFO - Filling up the DagBag from /home/airflow/.local/lib/python3.9/site-packages/airflow/example_dags/example_branch_operator_decorator.py
[2024-04-21T21:05:47.926+0000] {processor.py:840} INFO - DAG(s) 'example_branch_python_operator_decorator' retrieved from /home/airflow/.local/lib/python3.9/site-packages/airflow/example_dags/example_branch_operator_decorator.py
[2024-04-21T21:05:47.995+0000] {logging_mixin.py:188} INFO - [2024-04-21T21:05:47.994+0000] {dag.py:3047} INFO - Sync 1 DAGs
[2024-04-21T21:05:48.022+0000] {logging_mixin.py:188} INFO - [2024-04-21T21:05:48.022+0000] {dag.py:3834} INFO - Setting next_dagrun for example_branch_python_operator_decorator to 2024-04-20 00:00:00+00:00, run_after=2024-04-21 00:00:00+00:00
[2024-04-21T21:05:48.063+0000] {processor.py:183} INFO - Processing /home/airflow/.local/lib/python3.9/site-packages/airflow/example_dags/example_branch_operator_decorator.py took 0.170 seconds
