[2024-04-21T19:52:06.229+0000] {processor.py:161} INFO - Started process (PID=77) to work on /home/airflow/.local/lib/python3.9/site-packages/airflow/example_dags/example_python_decorator.py
[2024-04-21T19:52:06.231+0000] {processor.py:830} INFO - Processing file /home/airflow/.local/lib/python3.9/site-packages/airflow/example_dags/example_python_decorator.py for tasks to queue
[2024-04-21T19:52:06.234+0000] {logging_mixin.py:188} INFO - [2024-04-21T19:52:06.233+0000] {dagbag.py:540} INFO - Filling up the DagBag from /home/airflow/.local/lib/python3.9/site-packages/airflow/example_dags/example_python_decorator.py
[2024-04-21T19:52:06.256+0000] {processor.py:840} INFO - DAG(s) 'example_python_decorator' retrieved from /home/airflow/.local/lib/python3.9/site-packages/airflow/example_dags/example_python_decorator.py
[2024-04-21T19:52:06.489+0000] {logging_mixin.py:188} INFO - [2024-04-21T19:52:06.489+0000] {dag.py:3047} INFO - Sync 1 DAGs
[2024-04-21T19:52:06.520+0000] {logging_mixin.py:188} INFO - [2024-04-21T19:52:06.520+0000] {dag.py:3834} INFO - Setting next_dagrun for example_python_decorator to None, run_after=None
[2024-04-21T19:52:06.587+0000] {processor.py:183} INFO - Processing /home/airflow/.local/lib/python3.9/site-packages/airflow/example_dags/example_python_decorator.py took 0.373 seconds
[2024-04-21T19:52:37.167+0000] {processor.py:161} INFO - Started process (PID=134) to work on /home/airflow/.local/lib/python3.9/site-packages/airflow/example_dags/example_python_decorator.py
[2024-04-21T19:52:37.168+0000] {processor.py:830} INFO - Processing file /home/airflow/.local/lib/python3.9/site-packages/airflow/example_dags/example_python_decorator.py for tasks to queue
[2024-04-21T19:52:37.172+0000] {logging_mixin.py:188} INFO - [2024-04-21T19:52:37.171+0000] {dagbag.py:540} INFO - Filling up the DagBag from /home/airflow/.local/lib/python3.9/site-packages/airflow/example_dags/example_python_decorator.py
[2024-04-21T19:52:37.197+0000] {processor.py:840} INFO - DAG(s) 'example_python_decorator' retrieved from /home/airflow/.local/lib/python3.9/site-packages/airflow/example_dags/example_python_decorator.py
[2024-04-21T19:52:37.307+0000] {logging_mixin.py:188} INFO - [2024-04-21T19:52:37.306+0000] {dag.py:3047} INFO - Sync 1 DAGs
[2024-04-21T19:52:37.331+0000] {logging_mixin.py:188} INFO - [2024-04-21T19:52:37.330+0000] {dag.py:3834} INFO - Setting next_dagrun for example_python_decorator to None, run_after=None
[2024-04-21T19:52:37.383+0000] {processor.py:183} INFO - Processing /home/airflow/.local/lib/python3.9/site-packages/airflow/example_dags/example_python_decorator.py took 0.221 seconds
[2024-04-21T19:53:08.458+0000] {processor.py:161} INFO - Started process (PID=191) to work on /home/airflow/.local/lib/python3.9/site-packages/airflow/example_dags/example_python_decorator.py
[2024-04-21T19:53:08.462+0000] {processor.py:830} INFO - Processing file /home/airflow/.local/lib/python3.9/site-packages/airflow/example_dags/example_python_decorator.py for tasks to queue
[2024-04-21T19:53:08.475+0000] {logging_mixin.py:188} INFO - [2024-04-21T19:53:08.474+0000] {dagbag.py:540} INFO - Filling up the DagBag from /home/airflow/.local/lib/python3.9/site-packages/airflow/example_dags/example_python_decorator.py
[2024-04-21T19:53:08.549+0000] {processor.py:840} INFO - DAG(s) 'example_python_decorator' retrieved from /home/airflow/.local/lib/python3.9/site-packages/airflow/example_dags/example_python_decorator.py
[2024-04-21T19:53:08.725+0000] {logging_mixin.py:188} INFO - [2024-04-21T19:53:08.725+0000] {dag.py:3047} INFO - Sync 1 DAGs
[2024-04-21T19:53:08.752+0000] {logging_mixin.py:188} INFO - [2024-04-21T19:53:08.752+0000] {dag.py:3834} INFO - Setting next_dagrun for example_python_decorator to None, run_after=None
[2024-04-21T19:53:08.809+0000] {processor.py:183} INFO - Processing /home/airflow/.local/lib/python3.9/site-packages/airflow/example_dags/example_python_decorator.py took 0.365 seconds
[2024-04-21T19:53:39.106+0000] {processor.py:161} INFO - Started process (PID=252) to work on /home/airflow/.local/lib/python3.9/site-packages/airflow/example_dags/example_python_decorator.py
[2024-04-21T19:53:39.110+0000] {processor.py:830} INFO - Processing file /home/airflow/.local/lib/python3.9/site-packages/airflow/example_dags/example_python_decorator.py for tasks to queue
[2024-04-21T19:53:39.116+0000] {logging_mixin.py:188} INFO - [2024-04-21T19:53:39.115+0000] {dagbag.py:540} INFO - Filling up the DagBag from /home/airflow/.local/lib/python3.9/site-packages/airflow/example_dags/example_python_decorator.py
[2024-04-21T19:53:39.168+0000] {processor.py:840} INFO - DAG(s) 'example_python_decorator' retrieved from /home/airflow/.local/lib/python3.9/site-packages/airflow/example_dags/example_python_decorator.py
[2024-04-21T19:53:39.416+0000] {logging_mixin.py:188} INFO - [2024-04-21T19:53:39.415+0000] {dag.py:3047} INFO - Sync 1 DAGs
[2024-04-21T19:53:39.457+0000] {logging_mixin.py:188} INFO - [2024-04-21T19:53:39.457+0000] {dag.py:3834} INFO - Setting next_dagrun for example_python_decorator to None, run_after=None
[2024-04-21T19:53:39.523+0000] {processor.py:183} INFO - Processing /home/airflow/.local/lib/python3.9/site-packages/airflow/example_dags/example_python_decorator.py took 0.427 seconds
[2024-04-21T19:54:36.615+0000] {processor.py:161} INFO - Started process (PID=71) to work on /home/airflow/.local/lib/python3.9/site-packages/airflow/example_dags/example_python_decorator.py
[2024-04-21T19:54:36.617+0000] {processor.py:830} INFO - Processing file /home/airflow/.local/lib/python3.9/site-packages/airflow/example_dags/example_python_decorator.py for tasks to queue
[2024-04-21T19:54:36.619+0000] {logging_mixin.py:188} INFO - [2024-04-21T19:54:36.619+0000] {dagbag.py:540} INFO - Filling up the DagBag from /home/airflow/.local/lib/python3.9/site-packages/airflow/example_dags/example_python_decorator.py
[2024-04-21T19:54:36.634+0000] {processor.py:840} INFO - DAG(s) 'example_python_decorator' retrieved from /home/airflow/.local/lib/python3.9/site-packages/airflow/example_dags/example_python_decorator.py
[2024-04-21T19:54:36.796+0000] {logging_mixin.py:188} INFO - [2024-04-21T19:54:36.795+0000] {dag.py:3047} INFO - Sync 1 DAGs
[2024-04-21T19:54:36.809+0000] {logging_mixin.py:188} INFO - [2024-04-21T19:54:36.808+0000] {dag.py:3834} INFO - Setting next_dagrun for example_python_decorator to None, run_after=None
[2024-04-21T19:54:36.850+0000] {processor.py:183} INFO - Processing /home/airflow/.local/lib/python3.9/site-packages/airflow/example_dags/example_python_decorator.py took 0.238 seconds
[2024-04-21T19:55:22.161+0000] {processor.py:161} INFO - Started process (PID=138) to work on /home/airflow/.local/lib/python3.9/site-packages/airflow/example_dags/example_python_decorator.py
[2024-04-21T19:55:22.163+0000] {processor.py:830} INFO - Processing file /home/airflow/.local/lib/python3.9/site-packages/airflow/example_dags/example_python_decorator.py for tasks to queue
[2024-04-21T19:55:22.165+0000] {logging_mixin.py:188} INFO - [2024-04-21T19:55:22.165+0000] {dagbag.py:540} INFO - Filling up the DagBag from /home/airflow/.local/lib/python3.9/site-packages/airflow/example_dags/example_python_decorator.py
[2024-04-21T19:55:22.181+0000] {processor.py:840} INFO - DAG(s) 'example_python_decorator' retrieved from /home/airflow/.local/lib/python3.9/site-packages/airflow/example_dags/example_python_decorator.py
[2024-04-21T19:55:22.246+0000] {logging_mixin.py:188} INFO - [2024-04-21T19:55:22.245+0000] {dag.py:3047} INFO - Sync 1 DAGs
[2024-04-21T19:55:22.258+0000] {logging_mixin.py:188} INFO - [2024-04-21T19:55:22.258+0000] {dag.py:3834} INFO - Setting next_dagrun for example_python_decorator to None, run_after=None
[2024-04-21T19:55:22.299+0000] {processor.py:183} INFO - Processing /home/airflow/.local/lib/python3.9/site-packages/airflow/example_dags/example_python_decorator.py took 0.141 seconds
[2024-04-21T19:59:01.610+0000] {processor.py:161} INFO - Started process (PID=212) to work on /home/airflow/.local/lib/python3.9/site-packages/airflow/example_dags/example_python_decorator.py
[2024-04-21T19:59:01.612+0000] {processor.py:830} INFO - Processing file /home/airflow/.local/lib/python3.9/site-packages/airflow/example_dags/example_python_decorator.py for tasks to queue
[2024-04-21T19:59:01.615+0000] {logging_mixin.py:188} INFO - [2024-04-21T19:59:01.614+0000] {dagbag.py:540} INFO - Filling up the DagBag from /home/airflow/.local/lib/python3.9/site-packages/airflow/example_dags/example_python_decorator.py
[2024-04-21T19:59:01.647+0000] {processor.py:840} INFO - DAG(s) 'example_python_decorator' retrieved from /home/airflow/.local/lib/python3.9/site-packages/airflow/example_dags/example_python_decorator.py
[2024-04-21T19:59:01.753+0000] {logging_mixin.py:188} INFO - [2024-04-21T19:59:01.753+0000] {dag.py:3047} INFO - Sync 1 DAGs
[2024-04-21T19:59:01.780+0000] {logging_mixin.py:188} INFO - [2024-04-21T19:59:01.779+0000] {dag.py:3834} INFO - Setting next_dagrun for example_python_decorator to None, run_after=None
[2024-04-21T19:59:01.842+0000] {processor.py:183} INFO - Processing /home/airflow/.local/lib/python3.9/site-packages/airflow/example_dags/example_python_decorator.py took 0.239 seconds
[2024-04-21T20:03:12.971+0000] {processor.py:161} INFO - Started process (PID=284) to work on /home/airflow/.local/lib/python3.9/site-packages/airflow/example_dags/example_python_decorator.py
[2024-04-21T20:03:12.973+0000] {processor.py:830} INFO - Processing file /home/airflow/.local/lib/python3.9/site-packages/airflow/example_dags/example_python_decorator.py for tasks to queue
[2024-04-21T20:03:12.975+0000] {logging_mixin.py:188} INFO - [2024-04-21T20:03:12.974+0000] {dagbag.py:540} INFO - Filling up the DagBag from /home/airflow/.local/lib/python3.9/site-packages/airflow/example_dags/example_python_decorator.py
[2024-04-21T20:03:12.996+0000] {processor.py:840} INFO - DAG(s) 'example_python_decorator' retrieved from /home/airflow/.local/lib/python3.9/site-packages/airflow/example_dags/example_python_decorator.py
[2024-04-21T20:03:13.068+0000] {logging_mixin.py:188} INFO - [2024-04-21T20:03:13.068+0000] {dag.py:3047} INFO - Sync 1 DAGs
[2024-04-21T20:03:13.081+0000] {logging_mixin.py:188} INFO - [2024-04-21T20:03:13.081+0000] {dag.py:3834} INFO - Setting next_dagrun for example_python_decorator to None, run_after=None
[2024-04-21T20:03:13.114+0000] {processor.py:183} INFO - Processing /home/airflow/.local/lib/python3.9/site-packages/airflow/example_dags/example_python_decorator.py took 0.147 seconds
[2024-04-21T20:04:22.089+0000] {processor.py:161} INFO - Started process (PID=351) to work on /home/airflow/.local/lib/python3.9/site-packages/airflow/example_dags/example_python_decorator.py
[2024-04-21T20:04:22.090+0000] {processor.py:830} INFO - Processing file /home/airflow/.local/lib/python3.9/site-packages/airflow/example_dags/example_python_decorator.py for tasks to queue
[2024-04-21T20:04:22.091+0000] {logging_mixin.py:188} INFO - [2024-04-21T20:04:22.091+0000] {dagbag.py:540} INFO - Filling up the DagBag from /home/airflow/.local/lib/python3.9/site-packages/airflow/example_dags/example_python_decorator.py
[2024-04-21T20:04:22.107+0000] {processor.py:840} INFO - DAG(s) 'example_python_decorator' retrieved from /home/airflow/.local/lib/python3.9/site-packages/airflow/example_dags/example_python_decorator.py
[2024-04-21T20:04:22.178+0000] {logging_mixin.py:188} INFO - [2024-04-21T20:04:22.177+0000] {dag.py:3047} INFO - Sync 1 DAGs
[2024-04-21T20:04:22.192+0000] {logging_mixin.py:188} INFO - [2024-04-21T20:04:22.192+0000] {dag.py:3834} INFO - Setting next_dagrun for example_python_decorator to None, run_after=None
[2024-04-21T20:04:22.228+0000] {processor.py:183} INFO - Processing /home/airflow/.local/lib/python3.9/site-packages/airflow/example_dags/example_python_decorator.py took 0.144 seconds
[2024-04-21T20:04:53.394+0000] {processor.py:161} INFO - Started process (PID=408) to work on /home/airflow/.local/lib/python3.9/site-packages/airflow/example_dags/example_python_decorator.py
[2024-04-21T20:04:53.396+0000] {processor.py:830} INFO - Processing file /home/airflow/.local/lib/python3.9/site-packages/airflow/example_dags/example_python_decorator.py for tasks to queue
[2024-04-21T20:04:53.397+0000] {logging_mixin.py:188} INFO - [2024-04-21T20:04:53.397+0000] {dagbag.py:540} INFO - Filling up the DagBag from /home/airflow/.local/lib/python3.9/site-packages/airflow/example_dags/example_python_decorator.py
[2024-04-21T20:04:53.415+0000] {processor.py:840} INFO - DAG(s) 'example_python_decorator' retrieved from /home/airflow/.local/lib/python3.9/site-packages/airflow/example_dags/example_python_decorator.py
[2024-04-21T20:04:53.493+0000] {logging_mixin.py:188} INFO - [2024-04-21T20:04:53.493+0000] {dag.py:3047} INFO - Sync 1 DAGs
[2024-04-21T20:04:53.510+0000] {logging_mixin.py:188} INFO - [2024-04-21T20:04:53.510+0000] {dag.py:3834} INFO - Setting next_dagrun for example_python_decorator to None, run_after=None
[2024-04-21T20:04:53.559+0000] {processor.py:183} INFO - Processing /home/airflow/.local/lib/python3.9/site-packages/airflow/example_dags/example_python_decorator.py took 0.169 seconds
[2024-04-21T20:05:23.712+0000] {processor.py:161} INFO - Started process (PID=465) to work on /home/airflow/.local/lib/python3.9/site-packages/airflow/example_dags/example_python_decorator.py
[2024-04-21T20:05:23.714+0000] {processor.py:830} INFO - Processing file /home/airflow/.local/lib/python3.9/site-packages/airflow/example_dags/example_python_decorator.py for tasks to queue
[2024-04-21T20:05:23.715+0000] {logging_mixin.py:188} INFO - [2024-04-21T20:05:23.715+0000] {dagbag.py:540} INFO - Filling up the DagBag from /home/airflow/.local/lib/python3.9/site-packages/airflow/example_dags/example_python_decorator.py
[2024-04-21T20:05:23.737+0000] {processor.py:840} INFO - DAG(s) 'example_python_decorator' retrieved from /home/airflow/.local/lib/python3.9/site-packages/airflow/example_dags/example_python_decorator.py
[2024-04-21T20:05:23.848+0000] {logging_mixin.py:188} INFO - [2024-04-21T20:05:23.848+0000] {dag.py:3047} INFO - Sync 1 DAGs
[2024-04-21T20:05:23.867+0000] {logging_mixin.py:188} INFO - [2024-04-21T20:05:23.867+0000] {dag.py:3834} INFO - Setting next_dagrun for example_python_decorator to None, run_after=None
[2024-04-21T20:05:23.926+0000] {processor.py:183} INFO - Processing /home/airflow/.local/lib/python3.9/site-packages/airflow/example_dags/example_python_decorator.py took 0.219 seconds
[2024-04-21T20:05:55.552+0000] {processor.py:161} INFO - Started process (PID=522) to work on /home/airflow/.local/lib/python3.9/site-packages/airflow/example_dags/example_python_decorator.py
[2024-04-21T20:05:55.555+0000] {processor.py:830} INFO - Processing file /home/airflow/.local/lib/python3.9/site-packages/airflow/example_dags/example_python_decorator.py for tasks to queue
[2024-04-21T20:05:55.557+0000] {logging_mixin.py:188} INFO - [2024-04-21T20:05:55.556+0000] {dagbag.py:540} INFO - Filling up the DagBag from /home/airflow/.local/lib/python3.9/site-packages/airflow/example_dags/example_python_decorator.py
[2024-04-21T20:05:55.579+0000] {processor.py:840} INFO - DAG(s) 'example_python_decorator' retrieved from /home/airflow/.local/lib/python3.9/site-packages/airflow/example_dags/example_python_decorator.py
[2024-04-21T20:05:55.683+0000] {logging_mixin.py:188} INFO - [2024-04-21T20:05:55.682+0000] {dag.py:3047} INFO - Sync 1 DAGs
[2024-04-21T20:05:55.702+0000] {logging_mixin.py:188} INFO - [2024-04-21T20:05:55.702+0000] {dag.py:3834} INFO - Setting next_dagrun for example_python_decorator to None, run_after=None
[2024-04-21T20:05:55.765+0000] {processor.py:183} INFO - Processing /home/airflow/.local/lib/python3.9/site-packages/airflow/example_dags/example_python_decorator.py took 0.217 seconds
[2024-04-21T20:06:49.288+0000] {processor.py:161} INFO - Started process (PID=585) to work on /home/airflow/.local/lib/python3.9/site-packages/airflow/example_dags/example_python_decorator.py
[2024-04-21T20:06:49.289+0000] {processor.py:830} INFO - Processing file /home/airflow/.local/lib/python3.9/site-packages/airflow/example_dags/example_python_decorator.py for tasks to queue
[2024-04-21T20:06:49.290+0000] {logging_mixin.py:188} INFO - [2024-04-21T20:06:49.289+0000] {dagbag.py:540} INFO - Filling up the DagBag from /home/airflow/.local/lib/python3.9/site-packages/airflow/example_dags/example_python_decorator.py
[2024-04-21T20:06:49.303+0000] {processor.py:840} INFO - DAG(s) 'example_python_decorator' retrieved from /home/airflow/.local/lib/python3.9/site-packages/airflow/example_dags/example_python_decorator.py
[2024-04-21T20:06:49.364+0000] {logging_mixin.py:188} INFO - [2024-04-21T20:06:49.364+0000] {dag.py:3047} INFO - Sync 1 DAGs
[2024-04-21T20:06:49.377+0000] {logging_mixin.py:188} INFO - [2024-04-21T20:06:49.376+0000] {dag.py:3834} INFO - Setting next_dagrun for example_python_decorator to None, run_after=None
[2024-04-21T20:06:49.419+0000] {processor.py:183} INFO - Processing /home/airflow/.local/lib/python3.9/site-packages/airflow/example_dags/example_python_decorator.py took 0.135 seconds
[2024-04-21T20:07:20.478+0000] {processor.py:161} INFO - Started process (PID=643) to work on /home/airflow/.local/lib/python3.9/site-packages/airflow/example_dags/example_python_decorator.py
[2024-04-21T20:07:20.479+0000] {processor.py:830} INFO - Processing file /home/airflow/.local/lib/python3.9/site-packages/airflow/example_dags/example_python_decorator.py for tasks to queue
[2024-04-21T20:07:20.481+0000] {logging_mixin.py:188} INFO - [2024-04-21T20:07:20.481+0000] {dagbag.py:540} INFO - Filling up the DagBag from /home/airflow/.local/lib/python3.9/site-packages/airflow/example_dags/example_python_decorator.py
[2024-04-21T20:07:20.499+0000] {processor.py:840} INFO - DAG(s) 'example_python_decorator' retrieved from /home/airflow/.local/lib/python3.9/site-packages/airflow/example_dags/example_python_decorator.py
[2024-04-21T20:07:20.632+0000] {logging_mixin.py:188} INFO - [2024-04-21T20:07:20.631+0000] {dag.py:3047} INFO - Sync 1 DAGs
[2024-04-21T20:07:20.651+0000] {logging_mixin.py:188} INFO - [2024-04-21T20:07:20.651+0000] {dag.py:3834} INFO - Setting next_dagrun for example_python_decorator to None, run_after=None
[2024-04-21T20:07:20.695+0000] {processor.py:183} INFO - Processing /home/airflow/.local/lib/python3.9/site-packages/airflow/example_dags/example_python_decorator.py took 0.222 seconds
[2024-04-21T20:07:51.694+0000] {processor.py:161} INFO - Started process (PID=700) to work on /home/airflow/.local/lib/python3.9/site-packages/airflow/example_dags/example_python_decorator.py
[2024-04-21T20:07:51.696+0000] {processor.py:830} INFO - Processing file /home/airflow/.local/lib/python3.9/site-packages/airflow/example_dags/example_python_decorator.py for tasks to queue
[2024-04-21T20:07:51.698+0000] {logging_mixin.py:188} INFO - [2024-04-21T20:07:51.697+0000] {dagbag.py:540} INFO - Filling up the DagBag from /home/airflow/.local/lib/python3.9/site-packages/airflow/example_dags/example_python_decorator.py
[2024-04-21T20:07:51.724+0000] {processor.py:840} INFO - DAG(s) 'example_python_decorator' retrieved from /home/airflow/.local/lib/python3.9/site-packages/airflow/example_dags/example_python_decorator.py
[2024-04-21T20:07:51.836+0000] {logging_mixin.py:188} INFO - [2024-04-21T20:07:51.835+0000] {dag.py:3047} INFO - Sync 1 DAGs
[2024-04-21T20:07:51.859+0000] {logging_mixin.py:188} INFO - [2024-04-21T20:07:51.859+0000] {dag.py:3834} INFO - Setting next_dagrun for example_python_decorator to None, run_after=None
[2024-04-21T20:07:51.905+0000] {processor.py:183} INFO - Processing /home/airflow/.local/lib/python3.9/site-packages/airflow/example_dags/example_python_decorator.py took 0.217 seconds
[2024-04-21T20:08:23.702+0000] {processor.py:161} INFO - Started process (PID=756) to work on /home/airflow/.local/lib/python3.9/site-packages/airflow/example_dags/example_python_decorator.py
[2024-04-21T20:08:23.704+0000] {processor.py:830} INFO - Processing file /home/airflow/.local/lib/python3.9/site-packages/airflow/example_dags/example_python_decorator.py for tasks to queue
[2024-04-21T20:08:23.705+0000] {logging_mixin.py:188} INFO - [2024-04-21T20:08:23.705+0000] {dagbag.py:540} INFO - Filling up the DagBag from /home/airflow/.local/lib/python3.9/site-packages/airflow/example_dags/example_python_decorator.py
[2024-04-21T20:08:23.723+0000] {processor.py:840} INFO - DAG(s) 'example_python_decorator' retrieved from /home/airflow/.local/lib/python3.9/site-packages/airflow/example_dags/example_python_decorator.py
[2024-04-21T20:08:23.818+0000] {logging_mixin.py:188} INFO - [2024-04-21T20:08:23.817+0000] {dag.py:3047} INFO - Sync 1 DAGs
[2024-04-21T20:08:23.832+0000] {logging_mixin.py:188} INFO - [2024-04-21T20:08:23.832+0000] {dag.py:3834} INFO - Setting next_dagrun for example_python_decorator to None, run_after=None
[2024-04-21T20:08:23.871+0000] {processor.py:183} INFO - Processing /home/airflow/.local/lib/python3.9/site-packages/airflow/example_dags/example_python_decorator.py took 0.175 seconds
[2024-04-21T20:10:06.078+0000] {processor.py:161} INFO - Started process (PID=827) to work on /home/airflow/.local/lib/python3.9/site-packages/airflow/example_dags/example_python_decorator.py
[2024-04-21T20:10:06.080+0000] {processor.py:830} INFO - Processing file /home/airflow/.local/lib/python3.9/site-packages/airflow/example_dags/example_python_decorator.py for tasks to queue
[2024-04-21T20:10:06.082+0000] {logging_mixin.py:188} INFO - [2024-04-21T20:10:06.081+0000] {dagbag.py:540} INFO - Filling up the DagBag from /home/airflow/.local/lib/python3.9/site-packages/airflow/example_dags/example_python_decorator.py
[2024-04-21T20:10:06.096+0000] {processor.py:840} INFO - DAG(s) 'example_python_decorator' retrieved from /home/airflow/.local/lib/python3.9/site-packages/airflow/example_dags/example_python_decorator.py
[2024-04-21T20:10:06.165+0000] {logging_mixin.py:188} INFO - [2024-04-21T20:10:06.165+0000] {dag.py:3047} INFO - Sync 1 DAGs
[2024-04-21T20:10:06.181+0000] {logging_mixin.py:188} INFO - [2024-04-21T20:10:06.180+0000] {dag.py:3834} INFO - Setting next_dagrun for example_python_decorator to None, run_after=None
[2024-04-21T20:10:06.215+0000] {processor.py:183} INFO - Processing /home/airflow/.local/lib/python3.9/site-packages/airflow/example_dags/example_python_decorator.py took 0.140 seconds
[2024-04-21T20:10:37.348+0000] {processor.py:161} INFO - Started process (PID=884) to work on /home/airflow/.local/lib/python3.9/site-packages/airflow/example_dags/example_python_decorator.py
[2024-04-21T20:10:37.350+0000] {processor.py:830} INFO - Processing file /home/airflow/.local/lib/python3.9/site-packages/airflow/example_dags/example_python_decorator.py for tasks to queue
[2024-04-21T20:10:37.351+0000] {logging_mixin.py:188} INFO - [2024-04-21T20:10:37.351+0000] {dagbag.py:540} INFO - Filling up the DagBag from /home/airflow/.local/lib/python3.9/site-packages/airflow/example_dags/example_python_decorator.py
[2024-04-21T20:10:37.369+0000] {processor.py:840} INFO - DAG(s) 'example_python_decorator' retrieved from /home/airflow/.local/lib/python3.9/site-packages/airflow/example_dags/example_python_decorator.py
[2024-04-21T20:10:37.441+0000] {logging_mixin.py:188} INFO - [2024-04-21T20:10:37.440+0000] {dag.py:3047} INFO - Sync 1 DAGs
[2024-04-21T20:10:37.455+0000] {logging_mixin.py:188} INFO - [2024-04-21T20:10:37.454+0000] {dag.py:3834} INFO - Setting next_dagrun for example_python_decorator to None, run_after=None
[2024-04-21T20:10:37.494+0000] {processor.py:183} INFO - Processing /home/airflow/.local/lib/python3.9/site-packages/airflow/example_dags/example_python_decorator.py took 0.149 seconds
[2024-04-21T20:11:07.635+0000] {processor.py:161} INFO - Started process (PID=943) to work on /home/airflow/.local/lib/python3.9/site-packages/airflow/example_dags/example_python_decorator.py
[2024-04-21T20:11:07.636+0000] {processor.py:830} INFO - Processing file /home/airflow/.local/lib/python3.9/site-packages/airflow/example_dags/example_python_decorator.py for tasks to queue
[2024-04-21T20:11:07.638+0000] {logging_mixin.py:188} INFO - [2024-04-21T20:11:07.637+0000] {dagbag.py:540} INFO - Filling up the DagBag from /home/airflow/.local/lib/python3.9/site-packages/airflow/example_dags/example_python_decorator.py
[2024-04-21T20:11:07.652+0000] {processor.py:840} INFO - DAG(s) 'example_python_decorator' retrieved from /home/airflow/.local/lib/python3.9/site-packages/airflow/example_dags/example_python_decorator.py
[2024-04-21T20:11:07.709+0000] {logging_mixin.py:188} INFO - [2024-04-21T20:11:07.709+0000] {dag.py:3047} INFO - Sync 1 DAGs
[2024-04-21T20:11:07.724+0000] {logging_mixin.py:188} INFO - [2024-04-21T20:11:07.724+0000] {dag.py:3834} INFO - Setting next_dagrun for example_python_decorator to None, run_after=None
[2024-04-21T20:11:07.758+0000] {processor.py:183} INFO - Processing /home/airflow/.local/lib/python3.9/site-packages/airflow/example_dags/example_python_decorator.py took 0.126 seconds
[2024-04-21T20:14:24.420+0000] {processor.py:161} INFO - Started process (PID=71) to work on /home/airflow/.local/lib/python3.9/site-packages/airflow/example_dags/example_python_decorator.py
[2024-04-21T20:14:24.422+0000] {processor.py:830} INFO - Processing file /home/airflow/.local/lib/python3.9/site-packages/airflow/example_dags/example_python_decorator.py for tasks to queue
[2024-04-21T20:14:24.424+0000] {logging_mixin.py:188} INFO - [2024-04-21T20:14:24.424+0000] {dagbag.py:540} INFO - Filling up the DagBag from /home/airflow/.local/lib/python3.9/site-packages/airflow/example_dags/example_python_decorator.py
[2024-04-21T20:14:24.437+0000] {processor.py:840} INFO - DAG(s) 'example_python_decorator' retrieved from /home/airflow/.local/lib/python3.9/site-packages/airflow/example_dags/example_python_decorator.py
[2024-04-21T20:14:24.638+0000] {logging_mixin.py:188} INFO - [2024-04-21T20:14:24.637+0000] {dag.py:3047} INFO - Sync 1 DAGs
[2024-04-21T20:14:24.656+0000] {logging_mixin.py:188} INFO - [2024-04-21T20:14:24.656+0000] {dag.py:3834} INFO - Setting next_dagrun for example_python_decorator to None, run_after=None
[2024-04-21T20:14:24.709+0000] {processor.py:183} INFO - Processing /home/airflow/.local/lib/python3.9/site-packages/airflow/example_dags/example_python_decorator.py took 0.292 seconds
[2024-04-21T20:14:54.935+0000] {processor.py:161} INFO - Started process (PID=129) to work on /home/airflow/.local/lib/python3.9/site-packages/airflow/example_dags/example_python_decorator.py
[2024-04-21T20:14:54.938+0000] {processor.py:830} INFO - Processing file /home/airflow/.local/lib/python3.9/site-packages/airflow/example_dags/example_python_decorator.py for tasks to queue
[2024-04-21T20:14:54.942+0000] {logging_mixin.py:188} INFO - [2024-04-21T20:14:54.942+0000] {dagbag.py:540} INFO - Filling up the DagBag from /home/airflow/.local/lib/python3.9/site-packages/airflow/example_dags/example_python_decorator.py
[2024-04-21T20:14:54.973+0000] {processor.py:840} INFO - DAG(s) 'example_python_decorator' retrieved from /home/airflow/.local/lib/python3.9/site-packages/airflow/example_dags/example_python_decorator.py
[2024-04-21T20:14:55.045+0000] {logging_mixin.py:188} INFO - [2024-04-21T20:14:55.045+0000] {dag.py:3047} INFO - Sync 1 DAGs
[2024-04-21T20:14:55.058+0000] {logging_mixin.py:188} INFO - [2024-04-21T20:14:55.058+0000] {dag.py:3834} INFO - Setting next_dagrun for example_python_decorator to None, run_after=None
[2024-04-21T20:14:55.090+0000] {processor.py:183} INFO - Processing /home/airflow/.local/lib/python3.9/site-packages/airflow/example_dags/example_python_decorator.py took 0.161 seconds
[2024-04-21T20:15:25.140+0000] {processor.py:161} INFO - Started process (PID=186) to work on /home/airflow/.local/lib/python3.9/site-packages/airflow/example_dags/example_python_decorator.py
[2024-04-21T20:15:25.142+0000] {processor.py:830} INFO - Processing file /home/airflow/.local/lib/python3.9/site-packages/airflow/example_dags/example_python_decorator.py for tasks to queue
[2024-04-21T20:15:25.145+0000] {logging_mixin.py:188} INFO - [2024-04-21T20:15:25.144+0000] {dagbag.py:540} INFO - Filling up the DagBag from /home/airflow/.local/lib/python3.9/site-packages/airflow/example_dags/example_python_decorator.py
[2024-04-21T20:15:25.158+0000] {processor.py:840} INFO - DAG(s) 'example_python_decorator' retrieved from /home/airflow/.local/lib/python3.9/site-packages/airflow/example_dags/example_python_decorator.py
[2024-04-21T20:15:25.219+0000] {logging_mixin.py:188} INFO - [2024-04-21T20:15:25.218+0000] {dag.py:3047} INFO - Sync 1 DAGs
[2024-04-21T20:15:25.232+0000] {logging_mixin.py:188} INFO - [2024-04-21T20:15:25.232+0000] {dag.py:3834} INFO - Setting next_dagrun for example_python_decorator to None, run_after=None
[2024-04-21T20:15:25.266+0000] {processor.py:183} INFO - Processing /home/airflow/.local/lib/python3.9/site-packages/airflow/example_dags/example_python_decorator.py took 0.129 seconds
[2024-04-21T20:16:18.824+0000] {processor.py:161} INFO - Started process (PID=71) to work on /home/airflow/.local/lib/python3.9/site-packages/airflow/example_dags/example_python_decorator.py
[2024-04-21T20:16:18.826+0000] {processor.py:830} INFO - Processing file /home/airflow/.local/lib/python3.9/site-packages/airflow/example_dags/example_python_decorator.py for tasks to queue
[2024-04-21T20:16:18.828+0000] {logging_mixin.py:188} INFO - [2024-04-21T20:16:18.828+0000] {dagbag.py:540} INFO - Filling up the DagBag from /home/airflow/.local/lib/python3.9/site-packages/airflow/example_dags/example_python_decorator.py
[2024-04-21T20:16:18.842+0000] {processor.py:840} INFO - DAG(s) 'example_python_decorator' retrieved from /home/airflow/.local/lib/python3.9/site-packages/airflow/example_dags/example_python_decorator.py
[2024-04-21T20:16:19.001+0000] {logging_mixin.py:188} INFO - [2024-04-21T20:16:19.001+0000] {dag.py:3047} INFO - Sync 1 DAGs
[2024-04-21T20:16:19.012+0000] {logging_mixin.py:188} INFO - [2024-04-21T20:16:19.012+0000] {dag.py:3834} INFO - Setting next_dagrun for example_python_decorator to None, run_after=None
[2024-04-21T20:16:19.053+0000] {processor.py:183} INFO - Processing /home/airflow/.local/lib/python3.9/site-packages/airflow/example_dags/example_python_decorator.py took 0.232 seconds
[2024-04-21T20:16:49.542+0000] {processor.py:161} INFO - Started process (PID=128) to work on /home/airflow/.local/lib/python3.9/site-packages/airflow/example_dags/example_python_decorator.py
[2024-04-21T20:16:49.544+0000] {processor.py:830} INFO - Processing file /home/airflow/.local/lib/python3.9/site-packages/airflow/example_dags/example_python_decorator.py for tasks to queue
[2024-04-21T20:16:49.546+0000] {logging_mixin.py:188} INFO - [2024-04-21T20:16:49.545+0000] {dagbag.py:540} INFO - Filling up the DagBag from /home/airflow/.local/lib/python3.9/site-packages/airflow/example_dags/example_python_decorator.py
[2024-04-21T20:16:49.560+0000] {processor.py:840} INFO - DAG(s) 'example_python_decorator' retrieved from /home/airflow/.local/lib/python3.9/site-packages/airflow/example_dags/example_python_decorator.py
[2024-04-21T20:16:49.616+0000] {logging_mixin.py:188} INFO - [2024-04-21T20:16:49.616+0000] {dag.py:3047} INFO - Sync 1 DAGs
[2024-04-21T20:16:49.628+0000] {logging_mixin.py:188} INFO - [2024-04-21T20:16:49.628+0000] {dag.py:3834} INFO - Setting next_dagrun for example_python_decorator to None, run_after=None
[2024-04-21T20:16:49.662+0000] {processor.py:183} INFO - Processing /home/airflow/.local/lib/python3.9/site-packages/airflow/example_dags/example_python_decorator.py took 0.122 seconds
[2024-04-21T20:17:19.913+0000] {processor.py:161} INFO - Started process (PID=185) to work on /home/airflow/.local/lib/python3.9/site-packages/airflow/example_dags/example_python_decorator.py
[2024-04-21T20:17:19.914+0000] {processor.py:830} INFO - Processing file /home/airflow/.local/lib/python3.9/site-packages/airflow/example_dags/example_python_decorator.py for tasks to queue
[2024-04-21T20:17:19.916+0000] {logging_mixin.py:188} INFO - [2024-04-21T20:17:19.916+0000] {dagbag.py:540} INFO - Filling up the DagBag from /home/airflow/.local/lib/python3.9/site-packages/airflow/example_dags/example_python_decorator.py
[2024-04-21T20:17:19.929+0000] {processor.py:840} INFO - DAG(s) 'example_python_decorator' retrieved from /home/airflow/.local/lib/python3.9/site-packages/airflow/example_dags/example_python_decorator.py
[2024-04-21T20:17:19.987+0000] {logging_mixin.py:188} INFO - [2024-04-21T20:17:19.987+0000] {dag.py:3047} INFO - Sync 1 DAGs
[2024-04-21T20:17:20.000+0000] {logging_mixin.py:188} INFO - [2024-04-21T20:17:20.000+0000] {dag.py:3834} INFO - Setting next_dagrun for example_python_decorator to None, run_after=None
[2024-04-21T20:17:20.032+0000] {processor.py:183} INFO - Processing /home/airflow/.local/lib/python3.9/site-packages/airflow/example_dags/example_python_decorator.py took 0.123 seconds
[2024-04-21T20:17:50.543+0000] {processor.py:161} INFO - Started process (PID=242) to work on /home/airflow/.local/lib/python3.9/site-packages/airflow/example_dags/example_python_decorator.py
[2024-04-21T20:17:50.545+0000] {processor.py:830} INFO - Processing file /home/airflow/.local/lib/python3.9/site-packages/airflow/example_dags/example_python_decorator.py for tasks to queue
[2024-04-21T20:17:50.547+0000] {logging_mixin.py:188} INFO - [2024-04-21T20:17:50.547+0000] {dagbag.py:540} INFO - Filling up the DagBag from /home/airflow/.local/lib/python3.9/site-packages/airflow/example_dags/example_python_decorator.py
[2024-04-21T20:17:50.560+0000] {processor.py:840} INFO - DAG(s) 'example_python_decorator' retrieved from /home/airflow/.local/lib/python3.9/site-packages/airflow/example_dags/example_python_decorator.py
[2024-04-21T20:17:50.615+0000] {logging_mixin.py:188} INFO - [2024-04-21T20:17:50.615+0000] {dag.py:3047} INFO - Sync 1 DAGs
[2024-04-21T20:17:50.627+0000] {logging_mixin.py:188} INFO - [2024-04-21T20:17:50.626+0000] {dag.py:3834} INFO - Setting next_dagrun for example_python_decorator to None, run_after=None
[2024-04-21T20:17:50.659+0000] {processor.py:183} INFO - Processing /home/airflow/.local/lib/python3.9/site-packages/airflow/example_dags/example_python_decorator.py took 0.118 seconds
[2024-04-21T20:18:21.487+0000] {processor.py:161} INFO - Started process (PID=299) to work on /home/airflow/.local/lib/python3.9/site-packages/airflow/example_dags/example_python_decorator.py
[2024-04-21T20:18:21.489+0000] {processor.py:830} INFO - Processing file /home/airflow/.local/lib/python3.9/site-packages/airflow/example_dags/example_python_decorator.py for tasks to queue
[2024-04-21T20:18:21.491+0000] {logging_mixin.py:188} INFO - [2024-04-21T20:18:21.490+0000] {dagbag.py:540} INFO - Filling up the DagBag from /home/airflow/.local/lib/python3.9/site-packages/airflow/example_dags/example_python_decorator.py
[2024-04-21T20:18:21.506+0000] {processor.py:840} INFO - DAG(s) 'example_python_decorator' retrieved from /home/airflow/.local/lib/python3.9/site-packages/airflow/example_dags/example_python_decorator.py
[2024-04-21T20:18:21.576+0000] {logging_mixin.py:188} INFO - [2024-04-21T20:18:21.575+0000] {dag.py:3047} INFO - Sync 1 DAGs
[2024-04-21T20:18:21.596+0000] {logging_mixin.py:188} INFO - [2024-04-21T20:18:21.596+0000] {dag.py:3834} INFO - Setting next_dagrun for example_python_decorator to None, run_after=None
[2024-04-21T20:18:21.651+0000] {processor.py:183} INFO - Processing /home/airflow/.local/lib/python3.9/site-packages/airflow/example_dags/example_python_decorator.py took 0.167 seconds
[2024-04-21T20:18:53.378+0000] {processor.py:161} INFO - Started process (PID=356) to work on /home/airflow/.local/lib/python3.9/site-packages/airflow/example_dags/example_python_decorator.py
[2024-04-21T20:18:53.379+0000] {processor.py:830} INFO - Processing file /home/airflow/.local/lib/python3.9/site-packages/airflow/example_dags/example_python_decorator.py for tasks to queue
[2024-04-21T20:18:53.382+0000] {logging_mixin.py:188} INFO - [2024-04-21T20:18:53.381+0000] {dagbag.py:540} INFO - Filling up the DagBag from /home/airflow/.local/lib/python3.9/site-packages/airflow/example_dags/example_python_decorator.py
[2024-04-21T20:18:53.395+0000] {processor.py:840} INFO - DAG(s) 'example_python_decorator' retrieved from /home/airflow/.local/lib/python3.9/site-packages/airflow/example_dags/example_python_decorator.py
[2024-04-21T20:18:53.454+0000] {logging_mixin.py:188} INFO - [2024-04-21T20:18:53.454+0000] {dag.py:3047} INFO - Sync 1 DAGs
[2024-04-21T20:18:53.467+0000] {logging_mixin.py:188} INFO - [2024-04-21T20:18:53.467+0000] {dag.py:3834} INFO - Setting next_dagrun for example_python_decorator to None, run_after=None
[2024-04-21T20:18:53.502+0000] {processor.py:183} INFO - Processing /home/airflow/.local/lib/python3.9/site-packages/airflow/example_dags/example_python_decorator.py took 0.127 seconds
[2024-04-21T20:32:57.151+0000] {processor.py:161} INFO - Started process (PID=73) to work on /home/airflow/.local/lib/python3.9/site-packages/airflow/example_dags/example_python_decorator.py
[2024-04-21T20:32:57.152+0000] {processor.py:830} INFO - Processing file /home/airflow/.local/lib/python3.9/site-packages/airflow/example_dags/example_python_decorator.py for tasks to queue
[2024-04-21T20:32:57.155+0000] {logging_mixin.py:188} INFO - [2024-04-21T20:32:57.154+0000] {dagbag.py:540} INFO - Filling up the DagBag from /home/airflow/.local/lib/python3.9/site-packages/airflow/example_dags/example_python_decorator.py
[2024-04-21T20:32:57.168+0000] {processor.py:840} INFO - DAG(s) 'example_python_decorator' retrieved from /home/airflow/.local/lib/python3.9/site-packages/airflow/example_dags/example_python_decorator.py
[2024-04-21T20:32:57.311+0000] {logging_mixin.py:188} INFO - [2024-04-21T20:32:57.311+0000] {dag.py:3047} INFO - Sync 1 DAGs
[2024-04-21T20:32:57.323+0000] {logging_mixin.py:188} INFO - [2024-04-21T20:32:57.323+0000] {dag.py:3834} INFO - Setting next_dagrun for example_python_decorator to None, run_after=None
[2024-04-21T20:32:57.364+0000] {processor.py:183} INFO - Processing /home/airflow/.local/lib/python3.9/site-packages/airflow/example_dags/example_python_decorator.py took 0.216 seconds
[2024-04-21T20:33:24.420+0000] {processor.py:161} INFO - Started process (PID=71) to work on /home/airflow/.local/lib/python3.9/site-packages/airflow/example_dags/example_python_decorator.py
[2024-04-21T20:33:24.421+0000] {processor.py:830} INFO - Processing file /home/airflow/.local/lib/python3.9/site-packages/airflow/example_dags/example_python_decorator.py for tasks to queue
[2024-04-21T20:33:24.424+0000] {logging_mixin.py:188} INFO - [2024-04-21T20:33:24.423+0000] {dagbag.py:540} INFO - Filling up the DagBag from /home/airflow/.local/lib/python3.9/site-packages/airflow/example_dags/example_python_decorator.py
[2024-04-21T20:33:24.435+0000] {processor.py:840} INFO - DAG(s) 'example_python_decorator' retrieved from /home/airflow/.local/lib/python3.9/site-packages/airflow/example_dags/example_python_decorator.py
[2024-04-21T20:33:24.482+0000] {logging_mixin.py:188} INFO - [2024-04-21T20:33:24.482+0000] {dag.py:3047} INFO - Sync 1 DAGs
[2024-04-21T20:33:24.495+0000] {logging_mixin.py:188} INFO - [2024-04-21T20:33:24.495+0000] {dag.py:3834} INFO - Setting next_dagrun for example_python_decorator to None, run_after=None
[2024-04-21T20:33:24.540+0000] {processor.py:183} INFO - Processing /home/airflow/.local/lib/python3.9/site-packages/airflow/example_dags/example_python_decorator.py took 0.123 seconds
[2024-04-21T20:33:55.443+0000] {processor.py:161} INFO - Started process (PID=128) to work on /home/airflow/.local/lib/python3.9/site-packages/airflow/example_dags/example_python_decorator.py
[2024-04-21T20:33:55.444+0000] {processor.py:830} INFO - Processing file /home/airflow/.local/lib/python3.9/site-packages/airflow/example_dags/example_python_decorator.py for tasks to queue
[2024-04-21T20:33:55.447+0000] {logging_mixin.py:188} INFO - [2024-04-21T20:33:55.447+0000] {dagbag.py:540} INFO - Filling up the DagBag from /home/airflow/.local/lib/python3.9/site-packages/airflow/example_dags/example_python_decorator.py
[2024-04-21T20:33:55.461+0000] {processor.py:840} INFO - DAG(s) 'example_python_decorator' retrieved from /home/airflow/.local/lib/python3.9/site-packages/airflow/example_dags/example_python_decorator.py
[2024-04-21T20:33:55.628+0000] {logging_mixin.py:188} INFO - [2024-04-21T20:33:55.628+0000] {dag.py:3047} INFO - Sync 1 DAGs
[2024-04-21T20:33:55.641+0000] {logging_mixin.py:188} INFO - [2024-04-21T20:33:55.640+0000] {dag.py:3834} INFO - Setting next_dagrun for example_python_decorator to None, run_after=None
[2024-04-21T20:33:55.679+0000] {processor.py:183} INFO - Processing /home/airflow/.local/lib/python3.9/site-packages/airflow/example_dags/example_python_decorator.py took 0.240 seconds
[2024-04-21T20:34:32.102+0000] {processor.py:161} INFO - Started process (PID=71) to work on /home/airflow/.local/lib/python3.9/site-packages/airflow/example_dags/example_python_decorator.py
[2024-04-21T20:34:32.104+0000] {processor.py:830} INFO - Processing file /home/airflow/.local/lib/python3.9/site-packages/airflow/example_dags/example_python_decorator.py for tasks to queue
[2024-04-21T20:34:32.106+0000] {logging_mixin.py:188} INFO - [2024-04-21T20:34:32.105+0000] {dagbag.py:540} INFO - Filling up the DagBag from /home/airflow/.local/lib/python3.9/site-packages/airflow/example_dags/example_python_decorator.py
[2024-04-21T20:34:32.118+0000] {processor.py:840} INFO - DAG(s) 'example_python_decorator' retrieved from /home/airflow/.local/lib/python3.9/site-packages/airflow/example_dags/example_python_decorator.py
[2024-04-21T20:34:32.301+0000] {logging_mixin.py:188} INFO - [2024-04-21T20:34:32.301+0000] {dag.py:3047} INFO - Sync 1 DAGs
[2024-04-21T20:34:32.314+0000] {logging_mixin.py:188} INFO - [2024-04-21T20:34:32.314+0000] {dag.py:3834} INFO - Setting next_dagrun for example_python_decorator to None, run_after=None
[2024-04-21T20:34:32.350+0000] {processor.py:183} INFO - Processing /home/airflow/.local/lib/python3.9/site-packages/airflow/example_dags/example_python_decorator.py took 0.250 seconds
[2024-04-21T20:35:03.306+0000] {processor.py:161} INFO - Started process (PID=128) to work on /home/airflow/.local/lib/python3.9/site-packages/airflow/example_dags/example_python_decorator.py
[2024-04-21T20:35:03.308+0000] {processor.py:830} INFO - Processing file /home/airflow/.local/lib/python3.9/site-packages/airflow/example_dags/example_python_decorator.py for tasks to queue
[2024-04-21T20:35:03.311+0000] {logging_mixin.py:188} INFO - [2024-04-21T20:35:03.310+0000] {dagbag.py:540} INFO - Filling up the DagBag from /home/airflow/.local/lib/python3.9/site-packages/airflow/example_dags/example_python_decorator.py
[2024-04-21T20:35:03.327+0000] {processor.py:840} INFO - DAG(s) 'example_python_decorator' retrieved from /home/airflow/.local/lib/python3.9/site-packages/airflow/example_dags/example_python_decorator.py
[2024-04-21T20:35:03.401+0000] {logging_mixin.py:188} INFO - [2024-04-21T20:35:03.400+0000] {dag.py:3047} INFO - Sync 1 DAGs
[2024-04-21T20:35:03.417+0000] {logging_mixin.py:188} INFO - [2024-04-21T20:35:03.417+0000] {dag.py:3834} INFO - Setting next_dagrun for example_python_decorator to None, run_after=None
[2024-04-21T20:35:03.456+0000] {processor.py:183} INFO - Processing /home/airflow/.local/lib/python3.9/site-packages/airflow/example_dags/example_python_decorator.py took 0.154 seconds
[2024-04-21T20:35:33.921+0000] {processor.py:161} INFO - Started process (PID=185) to work on /home/airflow/.local/lib/python3.9/site-packages/airflow/example_dags/example_python_decorator.py
[2024-04-21T20:35:33.922+0000] {processor.py:830} INFO - Processing file /home/airflow/.local/lib/python3.9/site-packages/airflow/example_dags/example_python_decorator.py for tasks to queue
[2024-04-21T20:35:33.925+0000] {logging_mixin.py:188} INFO - [2024-04-21T20:35:33.924+0000] {dagbag.py:540} INFO - Filling up the DagBag from /home/airflow/.local/lib/python3.9/site-packages/airflow/example_dags/example_python_decorator.py
[2024-04-21T20:35:33.938+0000] {processor.py:840} INFO - DAG(s) 'example_python_decorator' retrieved from /home/airflow/.local/lib/python3.9/site-packages/airflow/example_dags/example_python_decorator.py
[2024-04-21T20:35:33.997+0000] {logging_mixin.py:188} INFO - [2024-04-21T20:35:33.997+0000] {dag.py:3047} INFO - Sync 1 DAGs
[2024-04-21T20:35:34.011+0000] {logging_mixin.py:188} INFO - [2024-04-21T20:35:34.011+0000] {dag.py:3834} INFO - Setting next_dagrun for example_python_decorator to None, run_after=None
[2024-04-21T20:35:34.047+0000] {processor.py:183} INFO - Processing /home/airflow/.local/lib/python3.9/site-packages/airflow/example_dags/example_python_decorator.py took 0.129 seconds
[2024-04-21T20:36:04.984+0000] {processor.py:161} INFO - Started process (PID=242) to work on /home/airflow/.local/lib/python3.9/site-packages/airflow/example_dags/example_python_decorator.py
[2024-04-21T20:36:04.985+0000] {processor.py:830} INFO - Processing file /home/airflow/.local/lib/python3.9/site-packages/airflow/example_dags/example_python_decorator.py for tasks to queue
[2024-04-21T20:36:04.988+0000] {logging_mixin.py:188} INFO - [2024-04-21T20:36:04.988+0000] {dagbag.py:540} INFO - Filling up the DagBag from /home/airflow/.local/lib/python3.9/site-packages/airflow/example_dags/example_python_decorator.py
[2024-04-21T20:36:05.001+0000] {processor.py:840} INFO - DAG(s) 'example_python_decorator' retrieved from /home/airflow/.local/lib/python3.9/site-packages/airflow/example_dags/example_python_decorator.py
[2024-04-21T20:36:05.059+0000] {logging_mixin.py:188} INFO - [2024-04-21T20:36:05.058+0000] {dag.py:3047} INFO - Sync 1 DAGs
[2024-04-21T20:36:05.072+0000] {logging_mixin.py:188} INFO - [2024-04-21T20:36:05.072+0000] {dag.py:3834} INFO - Setting next_dagrun for example_python_decorator to None, run_after=None
[2024-04-21T20:36:05.106+0000] {processor.py:183} INFO - Processing /home/airflow/.local/lib/python3.9/site-packages/airflow/example_dags/example_python_decorator.py took 0.125 seconds
[2024-04-21T20:36:36.736+0000] {processor.py:161} INFO - Started process (PID=299) to work on /home/airflow/.local/lib/python3.9/site-packages/airflow/example_dags/example_python_decorator.py
[2024-04-21T20:36:36.738+0000] {processor.py:830} INFO - Processing file /home/airflow/.local/lib/python3.9/site-packages/airflow/example_dags/example_python_decorator.py for tasks to queue
[2024-04-21T20:36:36.741+0000] {logging_mixin.py:188} INFO - [2024-04-21T20:36:36.740+0000] {dagbag.py:540} INFO - Filling up the DagBag from /home/airflow/.local/lib/python3.9/site-packages/airflow/example_dags/example_python_decorator.py
[2024-04-21T20:36:36.769+0000] {processor.py:840} INFO - DAG(s) 'example_python_decorator' retrieved from /home/airflow/.local/lib/python3.9/site-packages/airflow/example_dags/example_python_decorator.py
[2024-04-21T20:36:36.855+0000] {logging_mixin.py:188} INFO - [2024-04-21T20:36:36.855+0000] {dag.py:3047} INFO - Sync 1 DAGs
[2024-04-21T20:36:36.875+0000] {logging_mixin.py:188} INFO - [2024-04-21T20:36:36.874+0000] {dag.py:3834} INFO - Setting next_dagrun for example_python_decorator to None, run_after=None
[2024-04-21T20:36:36.943+0000] {processor.py:183} INFO - Processing /home/airflow/.local/lib/python3.9/site-packages/airflow/example_dags/example_python_decorator.py took 0.211 seconds
[2024-04-21T20:37:07.555+0000] {processor.py:161} INFO - Started process (PID=356) to work on /home/airflow/.local/lib/python3.9/site-packages/airflow/example_dags/example_python_decorator.py
[2024-04-21T20:37:07.557+0000] {processor.py:830} INFO - Processing file /home/airflow/.local/lib/python3.9/site-packages/airflow/example_dags/example_python_decorator.py for tasks to queue
[2024-04-21T20:37:07.559+0000] {logging_mixin.py:188} INFO - [2024-04-21T20:37:07.559+0000] {dagbag.py:540} INFO - Filling up the DagBag from /home/airflow/.local/lib/python3.9/site-packages/airflow/example_dags/example_python_decorator.py
[2024-04-21T20:37:07.571+0000] {processor.py:840} INFO - DAG(s) 'example_python_decorator' retrieved from /home/airflow/.local/lib/python3.9/site-packages/airflow/example_dags/example_python_decorator.py
[2024-04-21T20:37:07.630+0000] {logging_mixin.py:188} INFO - [2024-04-21T20:37:07.629+0000] {dag.py:3047} INFO - Sync 1 DAGs
[2024-04-21T20:37:07.643+0000] {logging_mixin.py:188} INFO - [2024-04-21T20:37:07.643+0000] {dag.py:3834} INFO - Setting next_dagrun for example_python_decorator to None, run_after=None
[2024-04-21T20:37:07.679+0000] {processor.py:183} INFO - Processing /home/airflow/.local/lib/python3.9/site-packages/airflow/example_dags/example_python_decorator.py took 0.126 seconds
[2024-04-21T20:37:38.665+0000] {processor.py:161} INFO - Started process (PID=413) to work on /home/airflow/.local/lib/python3.9/site-packages/airflow/example_dags/example_python_decorator.py
[2024-04-21T20:37:38.666+0000] {processor.py:830} INFO - Processing file /home/airflow/.local/lib/python3.9/site-packages/airflow/example_dags/example_python_decorator.py for tasks to queue
[2024-04-21T20:37:38.669+0000] {logging_mixin.py:188} INFO - [2024-04-21T20:37:38.669+0000] {dagbag.py:540} INFO - Filling up the DagBag from /home/airflow/.local/lib/python3.9/site-packages/airflow/example_dags/example_python_decorator.py
[2024-04-21T20:37:38.684+0000] {processor.py:840} INFO - DAG(s) 'example_python_decorator' retrieved from /home/airflow/.local/lib/python3.9/site-packages/airflow/example_dags/example_python_decorator.py
[2024-04-21T20:37:38.744+0000] {logging_mixin.py:188} INFO - [2024-04-21T20:37:38.744+0000] {dag.py:3047} INFO - Sync 1 DAGs
[2024-04-21T20:37:38.762+0000] {logging_mixin.py:188} INFO - [2024-04-21T20:37:38.761+0000] {dag.py:3834} INFO - Setting next_dagrun for example_python_decorator to None, run_after=None
[2024-04-21T20:37:38.804+0000] {processor.py:183} INFO - Processing /home/airflow/.local/lib/python3.9/site-packages/airflow/example_dags/example_python_decorator.py took 0.142 seconds
[2024-04-21T20:38:09.709+0000] {processor.py:161} INFO - Started process (PID=470) to work on /home/airflow/.local/lib/python3.9/site-packages/airflow/example_dags/example_python_decorator.py
[2024-04-21T20:38:09.711+0000] {processor.py:830} INFO - Processing file /home/airflow/.local/lib/python3.9/site-packages/airflow/example_dags/example_python_decorator.py for tasks to queue
[2024-04-21T20:38:09.713+0000] {logging_mixin.py:188} INFO - [2024-04-21T20:38:09.712+0000] {dagbag.py:540} INFO - Filling up the DagBag from /home/airflow/.local/lib/python3.9/site-packages/airflow/example_dags/example_python_decorator.py
[2024-04-21T20:38:09.725+0000] {processor.py:840} INFO - DAG(s) 'example_python_decorator' retrieved from /home/airflow/.local/lib/python3.9/site-packages/airflow/example_dags/example_python_decorator.py
[2024-04-21T20:38:09.780+0000] {logging_mixin.py:188} INFO - [2024-04-21T20:38:09.779+0000] {dag.py:3047} INFO - Sync 1 DAGs
[2024-04-21T20:38:09.791+0000] {logging_mixin.py:188} INFO - [2024-04-21T20:38:09.790+0000] {dag.py:3834} INFO - Setting next_dagrun for example_python_decorator to None, run_after=None
[2024-04-21T20:38:09.823+0000] {processor.py:183} INFO - Processing /home/airflow/.local/lib/python3.9/site-packages/airflow/example_dags/example_python_decorator.py took 0.117 seconds
[2024-04-21T20:38:41.881+0000] {processor.py:161} INFO - Started process (PID=527) to work on /home/airflow/.local/lib/python3.9/site-packages/airflow/example_dags/example_python_decorator.py
[2024-04-21T20:38:41.882+0000] {processor.py:830} INFO - Processing file /home/airflow/.local/lib/python3.9/site-packages/airflow/example_dags/example_python_decorator.py for tasks to queue
[2024-04-21T20:38:41.885+0000] {logging_mixin.py:188} INFO - [2024-04-21T20:38:41.884+0000] {dagbag.py:540} INFO - Filling up the DagBag from /home/airflow/.local/lib/python3.9/site-packages/airflow/example_dags/example_python_decorator.py
[2024-04-21T20:38:41.897+0000] {processor.py:840} INFO - DAG(s) 'example_python_decorator' retrieved from /home/airflow/.local/lib/python3.9/site-packages/airflow/example_dags/example_python_decorator.py
[2024-04-21T20:38:41.951+0000] {logging_mixin.py:188} INFO - [2024-04-21T20:38:41.951+0000] {dag.py:3047} INFO - Sync 1 DAGs
[2024-04-21T20:38:41.963+0000] {logging_mixin.py:188} INFO - [2024-04-21T20:38:41.963+0000] {dag.py:3834} INFO - Setting next_dagrun for example_python_decorator to None, run_after=None
[2024-04-21T20:38:41.998+0000] {processor.py:183} INFO - Processing /home/airflow/.local/lib/python3.9/site-packages/airflow/example_dags/example_python_decorator.py took 0.119 seconds
[2024-04-21T20:40:43.372+0000] {processor.py:161} INFO - Started process (PID=615) to work on /home/airflow/.local/lib/python3.9/site-packages/airflow/example_dags/example_python_decorator.py
[2024-04-21T20:40:43.374+0000] {processor.py:830} INFO - Processing file /home/airflow/.local/lib/python3.9/site-packages/airflow/example_dags/example_python_decorator.py for tasks to queue
[2024-04-21T20:40:43.376+0000] {logging_mixin.py:188} INFO - [2024-04-21T20:40:43.375+0000] {dagbag.py:540} INFO - Filling up the DagBag from /home/airflow/.local/lib/python3.9/site-packages/airflow/example_dags/example_python_decorator.py
[2024-04-21T20:40:43.390+0000] {processor.py:840} INFO - DAG(s) 'example_python_decorator' retrieved from /home/airflow/.local/lib/python3.9/site-packages/airflow/example_dags/example_python_decorator.py
[2024-04-21T20:40:43.450+0000] {logging_mixin.py:188} INFO - [2024-04-21T20:40:43.449+0000] {dag.py:3047} INFO - Sync 1 DAGs
[2024-04-21T20:40:43.461+0000] {logging_mixin.py:188} INFO - [2024-04-21T20:40:43.460+0000] {dag.py:3834} INFO - Setting next_dagrun for example_python_decorator to None, run_after=None
[2024-04-21T20:40:43.494+0000] {processor.py:183} INFO - Processing /home/airflow/.local/lib/python3.9/site-packages/airflow/example_dags/example_python_decorator.py took 0.124 seconds
[2024-04-21T20:41:16.169+0000] {processor.py:161} INFO - Started process (PID=674) to work on /home/airflow/.local/lib/python3.9/site-packages/airflow/example_dags/example_python_decorator.py
[2024-04-21T20:41:16.171+0000] {processor.py:830} INFO - Processing file /home/airflow/.local/lib/python3.9/site-packages/airflow/example_dags/example_python_decorator.py for tasks to queue
[2024-04-21T20:41:16.174+0000] {logging_mixin.py:188} INFO - [2024-04-21T20:41:16.173+0000] {dagbag.py:540} INFO - Filling up the DagBag from /home/airflow/.local/lib/python3.9/site-packages/airflow/example_dags/example_python_decorator.py
[2024-04-21T20:41:16.210+0000] {processor.py:840} INFO - DAG(s) 'example_python_decorator' retrieved from /home/airflow/.local/lib/python3.9/site-packages/airflow/example_dags/example_python_decorator.py
[2024-04-21T20:41:16.325+0000] {logging_mixin.py:188} INFO - [2024-04-21T20:41:16.325+0000] {dag.py:3047} INFO - Sync 1 DAGs
[2024-04-21T20:41:16.340+0000] {logging_mixin.py:188} INFO - [2024-04-21T20:41:16.340+0000] {dag.py:3834} INFO - Setting next_dagrun for example_python_decorator to None, run_after=None
[2024-04-21T20:41:16.380+0000] {processor.py:183} INFO - Processing /home/airflow/.local/lib/python3.9/site-packages/airflow/example_dags/example_python_decorator.py took 0.214 seconds
[2024-04-21T20:41:46.737+0000] {processor.py:161} INFO - Started process (PID=731) to work on /home/airflow/.local/lib/python3.9/site-packages/airflow/example_dags/example_python_decorator.py
[2024-04-21T20:41:46.739+0000] {processor.py:830} INFO - Processing file /home/airflow/.local/lib/python3.9/site-packages/airflow/example_dags/example_python_decorator.py for tasks to queue
[2024-04-21T20:41:46.742+0000] {logging_mixin.py:188} INFO - [2024-04-21T20:41:46.741+0000] {dagbag.py:540} INFO - Filling up the DagBag from /home/airflow/.local/lib/python3.9/site-packages/airflow/example_dags/example_python_decorator.py
[2024-04-21T20:41:46.759+0000] {processor.py:840} INFO - DAG(s) 'example_python_decorator' retrieved from /home/airflow/.local/lib/python3.9/site-packages/airflow/example_dags/example_python_decorator.py
[2024-04-21T20:41:46.827+0000] {logging_mixin.py:188} INFO - [2024-04-21T20:41:46.827+0000] {dag.py:3047} INFO - Sync 1 DAGs
[2024-04-21T20:41:46.847+0000] {logging_mixin.py:188} INFO - [2024-04-21T20:41:46.847+0000] {dag.py:3834} INFO - Setting next_dagrun for example_python_decorator to None, run_after=None
[2024-04-21T20:41:46.903+0000] {processor.py:183} INFO - Processing /home/airflow/.local/lib/python3.9/site-packages/airflow/example_dags/example_python_decorator.py took 0.170 seconds
[2024-04-21T20:42:38.607+0000] {processor.py:161} INFO - Started process (PID=71) to work on /home/airflow/.local/lib/python3.9/site-packages/airflow/example_dags/example_python_decorator.py
[2024-04-21T20:42:38.608+0000] {processor.py:830} INFO - Processing file /home/airflow/.local/lib/python3.9/site-packages/airflow/example_dags/example_python_decorator.py for tasks to queue
[2024-04-21T20:42:38.610+0000] {logging_mixin.py:188} INFO - [2024-04-21T20:42:38.610+0000] {dagbag.py:540} INFO - Filling up the DagBag from /home/airflow/.local/lib/python3.9/site-packages/airflow/example_dags/example_python_decorator.py
[2024-04-21T20:42:38.622+0000] {processor.py:840} INFO - DAG(s) 'example_python_decorator' retrieved from /home/airflow/.local/lib/python3.9/site-packages/airflow/example_dags/example_python_decorator.py
[2024-04-21T20:42:38.798+0000] {logging_mixin.py:188} INFO - [2024-04-21T20:42:38.797+0000] {dag.py:3047} INFO - Sync 1 DAGs
[2024-04-21T20:42:38.810+0000] {logging_mixin.py:188} INFO - [2024-04-21T20:42:38.810+0000] {dag.py:3834} INFO - Setting next_dagrun for example_python_decorator to None, run_after=None
[2024-04-21T20:42:38.852+0000] {processor.py:183} INFO - Processing /home/airflow/.local/lib/python3.9/site-packages/airflow/example_dags/example_python_decorator.py took 0.248 seconds
[2024-04-21T20:43:10.075+0000] {processor.py:161} INFO - Started process (PID=128) to work on /home/airflow/.local/lib/python3.9/site-packages/airflow/example_dags/example_python_decorator.py
[2024-04-21T20:43:10.076+0000] {processor.py:830} INFO - Processing file /home/airflow/.local/lib/python3.9/site-packages/airflow/example_dags/example_python_decorator.py for tasks to queue
[2024-04-21T20:43:10.078+0000] {logging_mixin.py:188} INFO - [2024-04-21T20:43:10.078+0000] {dagbag.py:540} INFO - Filling up the DagBag from /home/airflow/.local/lib/python3.9/site-packages/airflow/example_dags/example_python_decorator.py
[2024-04-21T20:43:10.092+0000] {processor.py:840} INFO - DAG(s) 'example_python_decorator' retrieved from /home/airflow/.local/lib/python3.9/site-packages/airflow/example_dags/example_python_decorator.py
[2024-04-21T20:43:10.163+0000] {logging_mixin.py:188} INFO - [2024-04-21T20:43:10.162+0000] {dag.py:3047} INFO - Sync 1 DAGs
[2024-04-21T20:43:10.193+0000] {logging_mixin.py:188} INFO - [2024-04-21T20:43:10.192+0000] {dag.py:3834} INFO - Setting next_dagrun for example_python_decorator to None, run_after=None
[2024-04-21T20:43:10.231+0000] {processor.py:183} INFO - Processing /home/airflow/.local/lib/python3.9/site-packages/airflow/example_dags/example_python_decorator.py took 0.159 seconds
[2024-04-21T20:43:40.309+0000] {processor.py:161} INFO - Started process (PID=185) to work on /home/airflow/.local/lib/python3.9/site-packages/airflow/example_dags/example_python_decorator.py
[2024-04-21T20:43:40.310+0000] {processor.py:830} INFO - Processing file /home/airflow/.local/lib/python3.9/site-packages/airflow/example_dags/example_python_decorator.py for tasks to queue
[2024-04-21T20:43:40.313+0000] {logging_mixin.py:188} INFO - [2024-04-21T20:43:40.312+0000] {dagbag.py:540} INFO - Filling up the DagBag from /home/airflow/.local/lib/python3.9/site-packages/airflow/example_dags/example_python_decorator.py
[2024-04-21T20:43:40.324+0000] {processor.py:840} INFO - DAG(s) 'example_python_decorator' retrieved from /home/airflow/.local/lib/python3.9/site-packages/airflow/example_dags/example_python_decorator.py
[2024-04-21T20:43:40.377+0000] {logging_mixin.py:188} INFO - [2024-04-21T20:43:40.377+0000] {dag.py:3047} INFO - Sync 1 DAGs
[2024-04-21T20:43:40.389+0000] {logging_mixin.py:188} INFO - [2024-04-21T20:43:40.388+0000] {dag.py:3834} INFO - Setting next_dagrun for example_python_decorator to None, run_after=None
[2024-04-21T20:43:40.417+0000] {processor.py:183} INFO - Processing /home/airflow/.local/lib/python3.9/site-packages/airflow/example_dags/example_python_decorator.py took 0.111 seconds
[2024-04-21T20:44:11.842+0000] {processor.py:161} INFO - Started process (PID=242) to work on /home/airflow/.local/lib/python3.9/site-packages/airflow/example_dags/example_python_decorator.py
[2024-04-21T20:44:11.844+0000] {processor.py:830} INFO - Processing file /home/airflow/.local/lib/python3.9/site-packages/airflow/example_dags/example_python_decorator.py for tasks to queue
[2024-04-21T20:44:11.846+0000] {logging_mixin.py:188} INFO - [2024-04-21T20:44:11.846+0000] {dagbag.py:540} INFO - Filling up the DagBag from /home/airflow/.local/lib/python3.9/site-packages/airflow/example_dags/example_python_decorator.py
[2024-04-21T20:44:11.859+0000] {processor.py:840} INFO - DAG(s) 'example_python_decorator' retrieved from /home/airflow/.local/lib/python3.9/site-packages/airflow/example_dags/example_python_decorator.py
[2024-04-21T20:44:11.915+0000] {logging_mixin.py:188} INFO - [2024-04-21T20:44:11.915+0000] {dag.py:3047} INFO - Sync 1 DAGs
[2024-04-21T20:44:11.927+0000] {logging_mixin.py:188} INFO - [2024-04-21T20:44:11.927+0000] {dag.py:3834} INFO - Setting next_dagrun for example_python_decorator to None, run_after=None
[2024-04-21T20:44:11.958+0000] {processor.py:183} INFO - Processing /home/airflow/.local/lib/python3.9/site-packages/airflow/example_dags/example_python_decorator.py took 0.119 seconds
[2024-04-21T20:44:43.879+0000] {processor.py:161} INFO - Started process (PID=299) to work on /home/airflow/.local/lib/python3.9/site-packages/airflow/example_dags/example_python_decorator.py
[2024-04-21T20:44:43.880+0000] {processor.py:830} INFO - Processing file /home/airflow/.local/lib/python3.9/site-packages/airflow/example_dags/example_python_decorator.py for tasks to queue
[2024-04-21T20:44:43.883+0000] {logging_mixin.py:188} INFO - [2024-04-21T20:44:43.882+0000] {dagbag.py:540} INFO - Filling up the DagBag from /home/airflow/.local/lib/python3.9/site-packages/airflow/example_dags/example_python_decorator.py
[2024-04-21T20:44:43.895+0000] {processor.py:840} INFO - DAG(s) 'example_python_decorator' retrieved from /home/airflow/.local/lib/python3.9/site-packages/airflow/example_dags/example_python_decorator.py
[2024-04-21T20:44:43.951+0000] {logging_mixin.py:188} INFO - [2024-04-21T20:44:43.951+0000] {dag.py:3047} INFO - Sync 1 DAGs
[2024-04-21T20:44:43.964+0000] {logging_mixin.py:188} INFO - [2024-04-21T20:44:43.964+0000] {dag.py:3834} INFO - Setting next_dagrun for example_python_decorator to None, run_after=None
[2024-04-21T20:44:43.999+0000] {processor.py:183} INFO - Processing /home/airflow/.local/lib/python3.9/site-packages/airflow/example_dags/example_python_decorator.py took 0.123 seconds
[2024-04-21T20:45:14.303+0000] {processor.py:161} INFO - Started process (PID=356) to work on /home/airflow/.local/lib/python3.9/site-packages/airflow/example_dags/example_python_decorator.py
[2024-04-21T20:45:14.305+0000] {processor.py:830} INFO - Processing file /home/airflow/.local/lib/python3.9/site-packages/airflow/example_dags/example_python_decorator.py for tasks to queue
[2024-04-21T20:45:14.307+0000] {logging_mixin.py:188} INFO - [2024-04-21T20:45:14.307+0000] {dagbag.py:540} INFO - Filling up the DagBag from /home/airflow/.local/lib/python3.9/site-packages/airflow/example_dags/example_python_decorator.py
[2024-04-21T20:45:14.320+0000] {processor.py:840} INFO - DAG(s) 'example_python_decorator' retrieved from /home/airflow/.local/lib/python3.9/site-packages/airflow/example_dags/example_python_decorator.py
[2024-04-21T20:45:14.377+0000] {logging_mixin.py:188} INFO - [2024-04-21T20:45:14.377+0000] {dag.py:3047} INFO - Sync 1 DAGs
[2024-04-21T20:45:14.391+0000] {logging_mixin.py:188} INFO - [2024-04-21T20:45:14.390+0000] {dag.py:3834} INFO - Setting next_dagrun for example_python_decorator to None, run_after=None
[2024-04-21T20:45:14.426+0000] {processor.py:183} INFO - Processing /home/airflow/.local/lib/python3.9/site-packages/airflow/example_dags/example_python_decorator.py took 0.125 seconds
[2024-04-21T20:45:46.383+0000] {processor.py:161} INFO - Started process (PID=413) to work on /home/airflow/.local/lib/python3.9/site-packages/airflow/example_dags/example_python_decorator.py
[2024-04-21T20:45:46.384+0000] {processor.py:830} INFO - Processing file /home/airflow/.local/lib/python3.9/site-packages/airflow/example_dags/example_python_decorator.py for tasks to queue
[2024-04-21T20:45:46.389+0000] {logging_mixin.py:188} INFO - [2024-04-21T20:45:46.386+0000] {dagbag.py:540} INFO - Filling up the DagBag from /home/airflow/.local/lib/python3.9/site-packages/airflow/example_dags/example_python_decorator.py
[2024-04-21T20:45:46.425+0000] {processor.py:840} INFO - DAG(s) 'example_python_decorator' retrieved from /home/airflow/.local/lib/python3.9/site-packages/airflow/example_dags/example_python_decorator.py
[2024-04-21T20:45:47.476+0000] {logging_mixin.py:188} INFO - [2024-04-21T20:45:47.470+0000] {dag.py:3047} INFO - Sync 1 DAGs
[2024-04-21T20:45:47.493+0000] {logging_mixin.py:188} INFO - [2024-04-21T20:45:47.493+0000] {dag.py:3834} INFO - Setting next_dagrun for example_python_decorator to None, run_after=None
[2024-04-21T20:45:47.574+0000] {processor.py:183} INFO - Processing /home/airflow/.local/lib/python3.9/site-packages/airflow/example_dags/example_python_decorator.py took 1.198 seconds
[2024-04-21T20:46:17.652+0000] {processor.py:161} INFO - Started process (PID=470) to work on /home/airflow/.local/lib/python3.9/site-packages/airflow/example_dags/example_python_decorator.py
[2024-04-21T20:46:17.654+0000] {processor.py:830} INFO - Processing file /home/airflow/.local/lib/python3.9/site-packages/airflow/example_dags/example_python_decorator.py for tasks to queue
[2024-04-21T20:46:17.656+0000] {logging_mixin.py:188} INFO - [2024-04-21T20:46:17.655+0000] {dagbag.py:540} INFO - Filling up the DagBag from /home/airflow/.local/lib/python3.9/site-packages/airflow/example_dags/example_python_decorator.py
[2024-04-21T20:46:17.670+0000] {processor.py:840} INFO - DAG(s) 'example_python_decorator' retrieved from /home/airflow/.local/lib/python3.9/site-packages/airflow/example_dags/example_python_decorator.py
[2024-04-21T20:46:17.731+0000] {logging_mixin.py:188} INFO - [2024-04-21T20:46:17.731+0000] {dag.py:3047} INFO - Sync 1 DAGs
[2024-04-21T20:46:17.747+0000] {logging_mixin.py:188} INFO - [2024-04-21T20:46:17.746+0000] {dag.py:3834} INFO - Setting next_dagrun for example_python_decorator to None, run_after=None
[2024-04-21T20:46:17.786+0000] {processor.py:183} INFO - Processing /home/airflow/.local/lib/python3.9/site-packages/airflow/example_dags/example_python_decorator.py took 0.137 seconds
[2024-04-21T20:46:48.544+0000] {processor.py:161} INFO - Started process (PID=527) to work on /home/airflow/.local/lib/python3.9/site-packages/airflow/example_dags/example_python_decorator.py
[2024-04-21T20:46:48.545+0000] {processor.py:830} INFO - Processing file /home/airflow/.local/lib/python3.9/site-packages/airflow/example_dags/example_python_decorator.py for tasks to queue
[2024-04-21T20:46:48.546+0000] {logging_mixin.py:188} INFO - [2024-04-21T20:46:48.546+0000] {dagbag.py:540} INFO - Filling up the DagBag from /home/airflow/.local/lib/python3.9/site-packages/airflow/example_dags/example_python_decorator.py
[2024-04-21T20:46:48.558+0000] {processor.py:840} INFO - DAG(s) 'example_python_decorator' retrieved from /home/airflow/.local/lib/python3.9/site-packages/airflow/example_dags/example_python_decorator.py
[2024-04-21T20:46:48.612+0000] {logging_mixin.py:188} INFO - [2024-04-21T20:46:48.612+0000] {dag.py:3047} INFO - Sync 1 DAGs
[2024-04-21T20:46:48.625+0000] {logging_mixin.py:188} INFO - [2024-04-21T20:46:48.625+0000] {dag.py:3834} INFO - Setting next_dagrun for example_python_decorator to None, run_after=None
[2024-04-21T20:46:48.658+0000] {processor.py:183} INFO - Processing /home/airflow/.local/lib/python3.9/site-packages/airflow/example_dags/example_python_decorator.py took 0.117 seconds
[2024-04-21T20:47:19.322+0000] {processor.py:161} INFO - Started process (PID=584) to work on /home/airflow/.local/lib/python3.9/site-packages/airflow/example_dags/example_python_decorator.py
[2024-04-21T20:47:19.324+0000] {processor.py:830} INFO - Processing file /home/airflow/.local/lib/python3.9/site-packages/airflow/example_dags/example_python_decorator.py for tasks to queue
[2024-04-21T20:47:19.329+0000] {logging_mixin.py:188} INFO - [2024-04-21T20:47:19.328+0000] {dagbag.py:540} INFO - Filling up the DagBag from /home/airflow/.local/lib/python3.9/site-packages/airflow/example_dags/example_python_decorator.py
[2024-04-21T20:47:19.368+0000] {processor.py:840} INFO - DAG(s) 'example_python_decorator' retrieved from /home/airflow/.local/lib/python3.9/site-packages/airflow/example_dags/example_python_decorator.py
[2024-04-21T20:47:19.475+0000] {logging_mixin.py:188} INFO - [2024-04-21T20:47:19.475+0000] {dag.py:3047} INFO - Sync 1 DAGs
[2024-04-21T20:47:19.500+0000] {logging_mixin.py:188} INFO - [2024-04-21T20:47:19.499+0000] {dag.py:3834} INFO - Setting next_dagrun for example_python_decorator to None, run_after=None
[2024-04-21T20:47:19.541+0000] {processor.py:183} INFO - Processing /home/airflow/.local/lib/python3.9/site-packages/airflow/example_dags/example_python_decorator.py took 0.227 seconds
[2024-04-21T20:47:50.060+0000] {processor.py:161} INFO - Started process (PID=641) to work on /home/airflow/.local/lib/python3.9/site-packages/airflow/example_dags/example_python_decorator.py
[2024-04-21T20:47:50.061+0000] {processor.py:830} INFO - Processing file /home/airflow/.local/lib/python3.9/site-packages/airflow/example_dags/example_python_decorator.py for tasks to queue
[2024-04-21T20:47:50.063+0000] {logging_mixin.py:188} INFO - [2024-04-21T20:47:50.062+0000] {dagbag.py:540} INFO - Filling up the DagBag from /home/airflow/.local/lib/python3.9/site-packages/airflow/example_dags/example_python_decorator.py
[2024-04-21T20:47:50.081+0000] {processor.py:840} INFO - DAG(s) 'example_python_decorator' retrieved from /home/airflow/.local/lib/python3.9/site-packages/airflow/example_dags/example_python_decorator.py
[2024-04-21T20:47:50.137+0000] {logging_mixin.py:188} INFO - [2024-04-21T20:47:50.136+0000] {dag.py:3047} INFO - Sync 1 DAGs
[2024-04-21T20:47:50.150+0000] {logging_mixin.py:188} INFO - [2024-04-21T20:47:50.150+0000] {dag.py:3834} INFO - Setting next_dagrun for example_python_decorator to None, run_after=None
[2024-04-21T20:47:50.183+0000] {processor.py:183} INFO - Processing /home/airflow/.local/lib/python3.9/site-packages/airflow/example_dags/example_python_decorator.py took 0.126 seconds
[2024-04-21T21:00:54.778+0000] {processor.py:161} INFO - Started process (PID=78) to work on /home/airflow/.local/lib/python3.9/site-packages/airflow/example_dags/example_python_decorator.py
[2024-04-21T21:00:54.780+0000] {processor.py:830} INFO - Processing file /home/airflow/.local/lib/python3.9/site-packages/airflow/example_dags/example_python_decorator.py for tasks to queue
[2024-04-21T21:00:54.783+0000] {logging_mixin.py:188} INFO - [2024-04-21T21:00:54.783+0000] {dagbag.py:540} INFO - Filling up the DagBag from /home/airflow/.local/lib/python3.9/site-packages/airflow/example_dags/example_python_decorator.py
[2024-04-21T21:00:54.803+0000] {processor.py:840} INFO - DAG(s) 'example_python_decorator' retrieved from /home/airflow/.local/lib/python3.9/site-packages/airflow/example_dags/example_python_decorator.py
[2024-04-21T21:00:55.056+0000] {logging_mixin.py:188} INFO - [2024-04-21T21:00:55.056+0000] {dag.py:3047} INFO - Sync 1 DAGs
[2024-04-21T21:00:55.073+0000] {logging_mixin.py:188} INFO - [2024-04-21T21:00:55.073+0000] {dag.py:3834} INFO - Setting next_dagrun for example_python_decorator to None, run_after=None
[2024-04-21T21:00:55.150+0000] {processor.py:183} INFO - Processing /home/airflow/.local/lib/python3.9/site-packages/airflow/example_dags/example_python_decorator.py took 0.376 seconds
[2024-04-21T21:01:25.395+0000] {processor.py:161} INFO - Started process (PID=135) to work on /home/airflow/.local/lib/python3.9/site-packages/airflow/example_dags/example_python_decorator.py
[2024-04-21T21:01:25.397+0000] {processor.py:830} INFO - Processing file /home/airflow/.local/lib/python3.9/site-packages/airflow/example_dags/example_python_decorator.py for tasks to queue
[2024-04-21T21:01:25.400+0000] {logging_mixin.py:188} INFO - [2024-04-21T21:01:25.400+0000] {dagbag.py:540} INFO - Filling up the DagBag from /home/airflow/.local/lib/python3.9/site-packages/airflow/example_dags/example_python_decorator.py
[2024-04-21T21:01:25.417+0000] {processor.py:840} INFO - DAG(s) 'example_python_decorator' retrieved from /home/airflow/.local/lib/python3.9/site-packages/airflow/example_dags/example_python_decorator.py
[2024-04-21T21:01:25.530+0000] {logging_mixin.py:188} INFO - [2024-04-21T21:01:25.530+0000] {dag.py:3047} INFO - Sync 1 DAGs
[2024-04-21T21:01:25.560+0000] {logging_mixin.py:188} INFO - [2024-04-21T21:01:25.560+0000] {dag.py:3834} INFO - Setting next_dagrun for example_python_decorator to None, run_after=None
[2024-04-21T21:01:25.628+0000] {processor.py:183} INFO - Processing /home/airflow/.local/lib/python3.9/site-packages/airflow/example_dags/example_python_decorator.py took 0.239 seconds
[2024-04-21T21:04:41.905+0000] {processor.py:161} INFO - Started process (PID=83) to work on /home/airflow/.local/lib/python3.9/site-packages/airflow/example_dags/example_python_decorator.py
[2024-04-21T21:04:41.907+0000] {processor.py:830} INFO - Processing file /home/airflow/.local/lib/python3.9/site-packages/airflow/example_dags/example_python_decorator.py for tasks to queue
[2024-04-21T21:04:41.909+0000] {logging_mixin.py:188} INFO - [2024-04-21T21:04:41.909+0000] {dagbag.py:540} INFO - Filling up the DagBag from /home/airflow/.local/lib/python3.9/site-packages/airflow/example_dags/example_python_decorator.py
[2024-04-21T21:04:41.923+0000] {processor.py:840} INFO - DAG(s) 'example_python_decorator' retrieved from /home/airflow/.local/lib/python3.9/site-packages/airflow/example_dags/example_python_decorator.py
[2024-04-21T21:04:42.114+0000] {logging_mixin.py:188} INFO - [2024-04-21T21:04:42.113+0000] {dag.py:3047} INFO - Sync 1 DAGs
[2024-04-21T21:04:42.129+0000] {logging_mixin.py:188} INFO - [2024-04-21T21:04:42.128+0000] {dag.py:3834} INFO - Setting next_dagrun for example_python_decorator to None, run_after=None
[2024-04-21T21:04:42.184+0000] {processor.py:183} INFO - Processing /home/airflow/.local/lib/python3.9/site-packages/airflow/example_dags/example_python_decorator.py took 0.281 seconds
[2024-04-21T21:05:12.682+0000] {processor.py:161} INFO - Started process (PID=140) to work on /home/airflow/.local/lib/python3.9/site-packages/airflow/example_dags/example_python_decorator.py
[2024-04-21T21:05:12.684+0000] {processor.py:830} INFO - Processing file /home/airflow/.local/lib/python3.9/site-packages/airflow/example_dags/example_python_decorator.py for tasks to queue
[2024-04-21T21:05:12.687+0000] {logging_mixin.py:188} INFO - [2024-04-21T21:05:12.686+0000] {dagbag.py:540} INFO - Filling up the DagBag from /home/airflow/.local/lib/python3.9/site-packages/airflow/example_dags/example_python_decorator.py
[2024-04-21T21:05:12.701+0000] {processor.py:840} INFO - DAG(s) 'example_python_decorator' retrieved from /home/airflow/.local/lib/python3.9/site-packages/airflow/example_dags/example_python_decorator.py
[2024-04-21T21:05:12.758+0000] {logging_mixin.py:188} INFO - [2024-04-21T21:05:12.757+0000] {dag.py:3047} INFO - Sync 1 DAGs
[2024-04-21T21:05:12.775+0000] {logging_mixin.py:188} INFO - [2024-04-21T21:05:12.775+0000] {dag.py:3834} INFO - Setting next_dagrun for example_python_decorator to None, run_after=None
[2024-04-21T21:05:12.820+0000] {processor.py:183} INFO - Processing /home/airflow/.local/lib/python3.9/site-packages/airflow/example_dags/example_python_decorator.py took 0.140 seconds
[2024-04-21T21:05:43.447+0000] {processor.py:161} INFO - Started process (PID=205) to work on /home/airflow/.local/lib/python3.9/site-packages/airflow/example_dags/example_python_decorator.py
[2024-04-21T21:05:43.448+0000] {processor.py:830} INFO - Processing file /home/airflow/.local/lib/python3.9/site-packages/airflow/example_dags/example_python_decorator.py for tasks to queue
[2024-04-21T21:05:43.451+0000] {logging_mixin.py:188} INFO - [2024-04-21T21:05:43.450+0000] {dagbag.py:540} INFO - Filling up the DagBag from /home/airflow/.local/lib/python3.9/site-packages/airflow/example_dags/example_python_decorator.py
[2024-04-21T21:05:43.467+0000] {processor.py:840} INFO - DAG(s) 'example_python_decorator' retrieved from /home/airflow/.local/lib/python3.9/site-packages/airflow/example_dags/example_python_decorator.py
[2024-04-21T21:05:43.546+0000] {logging_mixin.py:188} INFO - [2024-04-21T21:05:43.546+0000] {dag.py:3047} INFO - Sync 1 DAGs
[2024-04-21T21:05:43.562+0000] {logging_mixin.py:188} INFO - [2024-04-21T21:05:43.561+0000] {dag.py:3834} INFO - Setting next_dagrun for example_python_decorator to None, run_after=None
[2024-04-21T21:05:43.605+0000] {processor.py:183} INFO - Processing /home/airflow/.local/lib/python3.9/site-packages/airflow/example_dags/example_python_decorator.py took 0.162 seconds
