[2024-04-21T19:52:04.187+0000] {processor.py:161} INFO - Started process (PID=72) to work on /home/airflow/.local/lib/python3.9/site-packages/airflow/example_dags/example_python_operator.py
[2024-04-21T19:52:04.195+0000] {processor.py:830} INFO - Processing file /home/airflow/.local/lib/python3.9/site-packages/airflow/example_dags/example_python_operator.py for tasks to queue
[2024-04-21T19:52:04.215+0000] {logging_mixin.py:188} INFO - [2024-04-21T19:52:04.213+0000] {dagbag.py:540} INFO - Filling up the DagBag from /home/airflow/.local/lib/python3.9/site-packages/airflow/example_dags/example_python_operator.py
[2024-04-21T19:52:04.389+0000] {processor.py:840} INFO - DAG(s) 'example_python_operator' retrieved from /home/airflow/.local/lib/python3.9/site-packages/airflow/example_dags/example_python_operator.py
[2024-04-21T19:52:05.049+0000] {logging_mixin.py:188} INFO - [2024-04-21T19:52:05.049+0000] {dag.py:3047} INFO - Sync 1 DAGs
[2024-04-21T19:52:05.079+0000] {logging_mixin.py:188} INFO - [2024-04-21T19:52:05.078+0000] {dag.py:3834} INFO - Setting next_dagrun for example_python_operator to None, run_after=None
[2024-04-21T19:52:05.183+0000] {processor.py:183} INFO - Processing /home/airflow/.local/lib/python3.9/site-packages/airflow/example_dags/example_python_operator.py took 1.051 seconds
[2024-04-21T19:52:35.454+0000] {processor.py:161} INFO - Started process (PID=129) to work on /home/airflow/.local/lib/python3.9/site-packages/airflow/example_dags/example_python_operator.py
[2024-04-21T19:52:35.456+0000] {processor.py:830} INFO - Processing file /home/airflow/.local/lib/python3.9/site-packages/airflow/example_dags/example_python_operator.py for tasks to queue
[2024-04-21T19:52:35.460+0000] {logging_mixin.py:188} INFO - [2024-04-21T19:52:35.459+0000] {dagbag.py:540} INFO - Filling up the DagBag from /home/airflow/.local/lib/python3.9/site-packages/airflow/example_dags/example_python_operator.py
[2024-04-21T19:52:35.486+0000] {processor.py:840} INFO - DAG(s) 'example_python_operator' retrieved from /home/airflow/.local/lib/python3.9/site-packages/airflow/example_dags/example_python_operator.py
[2024-04-21T19:52:35.604+0000] {logging_mixin.py:188} INFO - [2024-04-21T19:52:35.604+0000] {dag.py:3047} INFO - Sync 1 DAGs
[2024-04-21T19:52:35.629+0000] {logging_mixin.py:188} INFO - [2024-04-21T19:52:35.629+0000] {dag.py:3834} INFO - Setting next_dagrun for example_python_operator to None, run_after=None
[2024-04-21T19:52:35.686+0000] {processor.py:183} INFO - Processing /home/airflow/.local/lib/python3.9/site-packages/airflow/example_dags/example_python_operator.py took 0.236 seconds
[2024-04-21T19:53:05.753+0000] {processor.py:161} INFO - Started process (PID=186) to work on /home/airflow/.local/lib/python3.9/site-packages/airflow/example_dags/example_python_operator.py
[2024-04-21T19:53:05.756+0000] {processor.py:830} INFO - Processing file /home/airflow/.local/lib/python3.9/site-packages/airflow/example_dags/example_python_operator.py for tasks to queue
[2024-04-21T19:53:05.759+0000] {logging_mixin.py:188} INFO - [2024-04-21T19:53:05.758+0000] {dagbag.py:540} INFO - Filling up the DagBag from /home/airflow/.local/lib/python3.9/site-packages/airflow/example_dags/example_python_operator.py
[2024-04-21T19:53:05.775+0000] {processor.py:840} INFO - DAG(s) 'example_python_operator' retrieved from /home/airflow/.local/lib/python3.9/site-packages/airflow/example_dags/example_python_operator.py
[2024-04-21T19:53:06.029+0000] {logging_mixin.py:188} INFO - [2024-04-21T19:53:06.029+0000] {dag.py:3047} INFO - Sync 1 DAGs
[2024-04-21T19:53:06.085+0000] {logging_mixin.py:188} INFO - [2024-04-21T19:53:06.083+0000] {dag.py:3834} INFO - Setting next_dagrun for example_python_operator to None, run_after=None
[2024-04-21T19:53:06.176+0000] {processor.py:183} INFO - Processing /home/airflow/.local/lib/python3.9/site-packages/airflow/example_dags/example_python_operator.py took 0.428 seconds
[2024-04-21T19:53:36.980+0000] {processor.py:161} INFO - Started process (PID=243) to work on /home/airflow/.local/lib/python3.9/site-packages/airflow/example_dags/example_python_operator.py
[2024-04-21T19:53:36.987+0000] {processor.py:830} INFO - Processing file /home/airflow/.local/lib/python3.9/site-packages/airflow/example_dags/example_python_operator.py for tasks to queue
[2024-04-21T19:53:36.992+0000] {logging_mixin.py:188} INFO - [2024-04-21T19:53:36.991+0000] {dagbag.py:540} INFO - Filling up the DagBag from /home/airflow/.local/lib/python3.9/site-packages/airflow/example_dags/example_python_operator.py
[2024-04-21T19:53:37.044+0000] {processor.py:840} INFO - DAG(s) 'example_python_operator' retrieved from /home/airflow/.local/lib/python3.9/site-packages/airflow/example_dags/example_python_operator.py
[2024-04-21T19:53:37.392+0000] {logging_mixin.py:188} INFO - [2024-04-21T19:53:37.392+0000] {dag.py:3047} INFO - Sync 1 DAGs
[2024-04-21T19:53:37.441+0000] {logging_mixin.py:188} INFO - [2024-04-21T19:53:37.440+0000] {dag.py:3834} INFO - Setting next_dagrun for example_python_operator to None, run_after=None
[2024-04-21T19:53:37.514+0000] {processor.py:183} INFO - Processing /home/airflow/.local/lib/python3.9/site-packages/airflow/example_dags/example_python_operator.py took 0.553 seconds
[2024-04-21T19:54:35.984+0000] {processor.py:161} INFO - Started process (PID=66) to work on /home/airflow/.local/lib/python3.9/site-packages/airflow/example_dags/example_python_operator.py
[2024-04-21T19:54:35.986+0000] {processor.py:830} INFO - Processing file /home/airflow/.local/lib/python3.9/site-packages/airflow/example_dags/example_python_operator.py for tasks to queue
[2024-04-21T19:54:35.988+0000] {logging_mixin.py:188} INFO - [2024-04-21T19:54:35.988+0000] {dagbag.py:540} INFO - Filling up the DagBag from /home/airflow/.local/lib/python3.9/site-packages/airflow/example_dags/example_python_operator.py
[2024-04-21T19:54:36.001+0000] {processor.py:840} INFO - DAG(s) 'example_python_operator' retrieved from /home/airflow/.local/lib/python3.9/site-packages/airflow/example_dags/example_python_operator.py
[2024-04-21T19:54:36.268+0000] {logging_mixin.py:188} INFO - [2024-04-21T19:54:36.268+0000] {dag.py:3047} INFO - Sync 1 DAGs
[2024-04-21T19:54:36.284+0000] {logging_mixin.py:188} INFO - [2024-04-21T19:54:36.284+0000] {dag.py:3834} INFO - Setting next_dagrun for example_python_operator to None, run_after=None
[2024-04-21T19:54:36.331+0000] {processor.py:183} INFO - Processing /home/airflow/.local/lib/python3.9/site-packages/airflow/example_dags/example_python_operator.py took 0.350 seconds
[2024-04-21T19:55:21.696+0000] {processor.py:161} INFO - Started process (PID=133) to work on /home/airflow/.local/lib/python3.9/site-packages/airflow/example_dags/example_python_operator.py
[2024-04-21T19:55:21.697+0000] {processor.py:830} INFO - Processing file /home/airflow/.local/lib/python3.9/site-packages/airflow/example_dags/example_python_operator.py for tasks to queue
[2024-04-21T19:55:21.699+0000] {logging_mixin.py:188} INFO - [2024-04-21T19:55:21.699+0000] {dagbag.py:540} INFO - Filling up the DagBag from /home/airflow/.local/lib/python3.9/site-packages/airflow/example_dags/example_python_operator.py
[2024-04-21T19:55:21.711+0000] {processor.py:840} INFO - DAG(s) 'example_python_operator' retrieved from /home/airflow/.local/lib/python3.9/site-packages/airflow/example_dags/example_python_operator.py
[2024-04-21T19:55:21.777+0000] {logging_mixin.py:188} INFO - [2024-04-21T19:55:21.776+0000] {dag.py:3047} INFO - Sync 1 DAGs
[2024-04-21T19:55:21.792+0000] {logging_mixin.py:188} INFO - [2024-04-21T19:55:21.791+0000] {dag.py:3834} INFO - Setting next_dagrun for example_python_operator to None, run_after=None
[2024-04-21T19:55:21.831+0000] {processor.py:183} INFO - Processing /home/airflow/.local/lib/python3.9/site-packages/airflow/example_dags/example_python_operator.py took 0.138 seconds
[2024-04-21T19:58:46.475+0000] {processor.py:161} INFO - Started process (PID=207) to work on /home/airflow/.local/lib/python3.9/site-packages/airflow/example_dags/example_python_operator.py
[2024-04-21T19:58:46.478+0000] {processor.py:830} INFO - Processing file /home/airflow/.local/lib/python3.9/site-packages/airflow/example_dags/example_python_operator.py for tasks to queue
[2024-04-21T19:58:46.484+0000] {logging_mixin.py:188} INFO - [2024-04-21T19:58:46.479+0000] {dagbag.py:540} INFO - Filling up the DagBag from /home/airflow/.local/lib/python3.9/site-packages/airflow/example_dags/example_python_operator.py
[2024-04-21T19:58:46.568+0000] {processor.py:840} INFO - DAG(s) 'example_python_operator' retrieved from /home/airflow/.local/lib/python3.9/site-packages/airflow/example_dags/example_python_operator.py
[2024-04-21T19:58:56.817+0000] {logging_mixin.py:188} INFO - [2024-04-21T19:58:56.675+0000] {dagbag.py:649} ERROR - Failed to write serialized DAG: /home/airflow/.local/lib/python3.9/site-packages/airflow/example_dags/example_python_operator.py
Traceback (most recent call last):
  File "/home/airflow/.local/lib/python3.9/site-packages/mysql/connector/connection_cext.py", line 323, in _open_connection
    self._cmysql.connect(**cnx_kwargs)
_mysql_connector.MySQLInterfaceError: Unknown MySQL server host 'mysql' (-3)

The above exception was the direct cause of the following exception:

Traceback (most recent call last):
  File "/home/airflow/.local/lib/python3.9/site-packages/sqlalchemy/engine/base.py", line 3371, in _wrap_pool_connect
    return fn()
  File "/home/airflow/.local/lib/python3.9/site-packages/sqlalchemy/pool/base.py", line 327, in connect
    return _ConnectionFairy._checkout(self)
  File "/home/airflow/.local/lib/python3.9/site-packages/sqlalchemy/pool/base.py", line 894, in _checkout
    fairy = _ConnectionRecord.checkout(pool)
  File "/home/airflow/.local/lib/python3.9/site-packages/sqlalchemy/pool/base.py", line 493, in checkout
    rec = pool._do_get()
  File "/home/airflow/.local/lib/python3.9/site-packages/sqlalchemy/pool/impl.py", line 146, in _do_get
    self._dec_overflow()
  File "/home/airflow/.local/lib/python3.9/site-packages/sqlalchemy/util/langhelpers.py", line 70, in __exit__
    compat.raise_(
  File "/home/airflow/.local/lib/python3.9/site-packages/sqlalchemy/util/compat.py", line 211, in raise_
    raise exception
  File "/home/airflow/.local/lib/python3.9/site-packages/sqlalchemy/pool/impl.py", line 143, in _do_get
    return self._create_connection()
  File "/home/airflow/.local/lib/python3.9/site-packages/sqlalchemy/pool/base.py", line 273, in _create_connection
    return _ConnectionRecord(self)
  File "/home/airflow/.local/lib/python3.9/site-packages/sqlalchemy/pool/base.py", line 388, in __init__
    self.__connect()
  File "/home/airflow/.local/lib/python3.9/site-packages/sqlalchemy/pool/base.py", line 691, in __connect
    pool.logger.debug("Error on connect(): %s", e)
  File "/home/airflow/.local/lib/python3.9/site-packages/sqlalchemy/util/langhelpers.py", line 70, in __exit__
    compat.raise_(
  File "/home/airflow/.local/lib/python3.9/site-packages/sqlalchemy/util/compat.py", line 211, in raise_
    raise exception
  File "/home/airflow/.local/lib/python3.9/site-packages/sqlalchemy/pool/base.py", line 686, in __connect
    self.dbapi_connection = connection = pool._invoke_creator(self)
  File "/home/airflow/.local/lib/python3.9/site-packages/sqlalchemy/engine/create.py", line 574, in connect
    return dialect.connect(*cargs, **cparams)
  File "/home/airflow/.local/lib/python3.9/site-packages/sqlalchemy/engine/default.py", line 598, in connect
    return self.dbapi.connect(*cargs, **cparams)
  File "/home/airflow/.local/lib/python3.9/site-packages/mysql/connector/pooling.py", line 322, in connect
    return CMySQLConnection(*args, **kwargs)
  File "/home/airflow/.local/lib/python3.9/site-packages/mysql/connector/connection_cext.py", line 140, in __init__
    self.connect(**kwargs)
  File "/home/airflow/.local/lib/python3.9/site-packages/mysql/connector/abstracts.py", line 1363, in connect
    self._open_connection()
  File "/home/airflow/.local/lib/python3.9/site-packages/mysql/connector/connection_cext.py", line 328, in _open_connection
    raise get_mysql_exception(
mysql.connector.errors.DatabaseError: 2005 (HY000): Unknown MySQL server host 'mysql' (-3)

The above exception was the direct cause of the following exception:

Traceback (most recent call last):
  File "/home/airflow/.local/lib/python3.9/site-packages/airflow/models/dagbag.py", line 637, in _serialize_dag_capturing_errors
    dag_was_updated = SerializedDagModel.write_dag(
  File "/home/airflow/.local/lib/python3.9/site-packages/airflow/utils/session.py", line 76, in wrapper
    return func(*args, **kwargs)
  File "/home/airflow/.local/lib/python3.9/site-packages/airflow/models/serialized_dag.py", line 157, in write_dag
    if session.scalar(
  File "/home/airflow/.local/lib/python3.9/site-packages/sqlalchemy/orm/session.py", line 1747, in scalar
    return self.execute(
  File "/home/airflow/.local/lib/python3.9/site-packages/sqlalchemy/orm/session.py", line 1716, in execute
    conn = self._connection_for_bind(bind)
  File "/home/airflow/.local/lib/python3.9/site-packages/sqlalchemy/orm/session.py", line 1555, in _connection_for_bind
    return self._transaction._connection_for_bind(
  File "/home/airflow/.local/lib/python3.9/site-packages/sqlalchemy/orm/session.py", line 750, in _connection_for_bind
    conn = bind.connect()
  File "/home/airflow/.local/lib/python3.9/site-packages/sqlalchemy/future/engine.py", line 412, in connect
    return super(Engine, self).connect()
  File "/home/airflow/.local/lib/python3.9/site-packages/sqlalchemy/engine/base.py", line 3325, in connect
    return self._connection_cls(self, close_with_result=close_with_result)
  File "/home/airflow/.local/lib/python3.9/site-packages/sqlalchemy/engine/base.py", line 96, in __init__
    else engine.raw_connection()
  File "/home/airflow/.local/lib/python3.9/site-packages/sqlalchemy/engine/base.py", line 3404, in raw_connection
    return self._wrap_pool_connect(self.pool.connect, _connection)
  File "/home/airflow/.local/lib/python3.9/site-packages/sqlalchemy/engine/base.py", line 3374, in _wrap_pool_connect
    Connection._handle_dbapi_exception_noconnection(
  File "/home/airflow/.local/lib/python3.9/site-packages/sqlalchemy/engine/base.py", line 2208, in _handle_dbapi_exception_noconnection
    util.raise_(
  File "/home/airflow/.local/lib/python3.9/site-packages/sqlalchemy/util/compat.py", line 211, in raise_
    raise exception
  File "/home/airflow/.local/lib/python3.9/site-packages/sqlalchemy/engine/base.py", line 3371, in _wrap_pool_connect
    return fn()
  File "/home/airflow/.local/lib/python3.9/site-packages/sqlalchemy/pool/base.py", line 327, in connect
    return _ConnectionFairy._checkout(self)
  File "/home/airflow/.local/lib/python3.9/site-packages/sqlalchemy/pool/base.py", line 894, in _checkout
    fairy = _ConnectionRecord.checkout(pool)
  File "/home/airflow/.local/lib/python3.9/site-packages/sqlalchemy/pool/base.py", line 493, in checkout
    rec = pool._do_get()
  File "/home/airflow/.local/lib/python3.9/site-packages/sqlalchemy/pool/impl.py", line 146, in _do_get
    self._dec_overflow()
  File "/home/airflow/.local/lib/python3.9/site-packages/sqlalchemy/util/langhelpers.py", line 70, in __exit__
    compat.raise_(
  File "/home/airflow/.local/lib/python3.9/site-packages/sqlalchemy/util/compat.py", line 211, in raise_
    raise exception
  File "/home/airflow/.local/lib/python3.9/site-packages/sqlalchemy/pool/impl.py", line 143, in _do_get
    return self._create_connection()
  File "/home/airflow/.local/lib/python3.9/site-packages/sqlalchemy/pool/base.py", line 273, in _create_connection
    return _ConnectionRecord(self)
  File "/home/airflow/.local/lib/python3.9/site-packages/sqlalchemy/pool/base.py", line 388, in __init__
    self.__connect()
  File "/home/airflow/.local/lib/python3.9/site-packages/sqlalchemy/pool/base.py", line 691, in __connect
    pool.logger.debug("Error on connect(): %s", e)
  File "/home/airflow/.local/lib/python3.9/site-packages/sqlalchemy/util/langhelpers.py", line 70, in __exit__
    compat.raise_(
  File "/home/airflow/.local/lib/python3.9/site-packages/sqlalchemy/util/compat.py", line 211, in raise_
    raise exception
  File "/home/airflow/.local/lib/python3.9/site-packages/sqlalchemy/pool/base.py", line 686, in __connect
    self.dbapi_connection = connection = pool._invoke_creator(self)
  File "/home/airflow/.local/lib/python3.9/site-packages/sqlalchemy/engine/create.py", line 574, in connect
    return dialect.connect(*cargs, **cparams)
  File "/home/airflow/.local/lib/python3.9/site-packages/sqlalchemy/engine/default.py", line 598, in connect
    return self.dbapi.connect(*cargs, **cparams)
  File "/home/airflow/.local/lib/python3.9/site-packages/mysql/connector/pooling.py", line 322, in connect
    return CMySQLConnection(*args, **kwargs)
  File "/home/airflow/.local/lib/python3.9/site-packages/mysql/connector/connection_cext.py", line 140, in __init__
    self.connect(**kwargs)
  File "/home/airflow/.local/lib/python3.9/site-packages/mysql/connector/abstracts.py", line 1363, in connect
    self._open_connection()
  File "/home/airflow/.local/lib/python3.9/site-packages/mysql/connector/connection_cext.py", line 328, in _open_connection
    raise get_mysql_exception(
sqlalchemy.exc.DatabaseError: (mysql.connector.errors.DatabaseError) 2005 (HY000): Unknown MySQL server host 'mysql' (-3)
(Background on this error at: https://sqlalche.me/e/14/4xp6)
[2024-04-21T19:58:56.857+0000] {logging_mixin.py:188} INFO - [2024-04-21T19:58:56.847+0000] {dag.py:3047} INFO - Sync 1 DAGs
[2024-04-21T19:59:00.863+0000] {logging_mixin.py:188} INFO - [2024-04-21T19:59:00.862+0000] {dag.py:3834} INFO - Setting next_dagrun for example_python_operator to None, run_after=None
[2024-04-21T19:59:00.968+0000] {processor.py:183} INFO - Processing /home/airflow/.local/lib/python3.9/site-packages/airflow/example_dags/example_python_operator.py took 14.506 seconds
[2024-04-21T20:03:12.470+0000] {processor.py:161} INFO - Started process (PID=279) to work on /home/airflow/.local/lib/python3.9/site-packages/airflow/example_dags/example_python_operator.py
[2024-04-21T20:03:12.472+0000] {processor.py:830} INFO - Processing file /home/airflow/.local/lib/python3.9/site-packages/airflow/example_dags/example_python_operator.py for tasks to queue
[2024-04-21T20:03:12.473+0000] {logging_mixin.py:188} INFO - [2024-04-21T20:03:12.473+0000] {dagbag.py:540} INFO - Filling up the DagBag from /home/airflow/.local/lib/python3.9/site-packages/airflow/example_dags/example_python_operator.py
[2024-04-21T20:03:12.483+0000] {processor.py:840} INFO - DAG(s) 'example_python_operator' retrieved from /home/airflow/.local/lib/python3.9/site-packages/airflow/example_dags/example_python_operator.py
[2024-04-21T20:03:12.549+0000] {logging_mixin.py:188} INFO - [2024-04-21T20:03:12.549+0000] {dag.py:3047} INFO - Sync 1 DAGs
[2024-04-21T20:03:12.563+0000] {logging_mixin.py:188} INFO - [2024-04-21T20:03:12.563+0000] {dag.py:3834} INFO - Setting next_dagrun for example_python_operator to None, run_after=None
[2024-04-21T20:03:12.604+0000] {processor.py:183} INFO - Processing /home/airflow/.local/lib/python3.9/site-packages/airflow/example_dags/example_python_operator.py took 0.136 seconds
[2024-04-21T20:04:21.633+0000] {processor.py:161} INFO - Started process (PID=346) to work on /home/airflow/.local/lib/python3.9/site-packages/airflow/example_dags/example_python_operator.py
[2024-04-21T20:04:21.634+0000] {processor.py:830} INFO - Processing file /home/airflow/.local/lib/python3.9/site-packages/airflow/example_dags/example_python_operator.py for tasks to queue
[2024-04-21T20:04:21.635+0000] {logging_mixin.py:188} INFO - [2024-04-21T20:04:21.635+0000] {dagbag.py:540} INFO - Filling up the DagBag from /home/airflow/.local/lib/python3.9/site-packages/airflow/example_dags/example_python_operator.py
[2024-04-21T20:04:21.647+0000] {processor.py:840} INFO - DAG(s) 'example_python_operator' retrieved from /home/airflow/.local/lib/python3.9/site-packages/airflow/example_dags/example_python_operator.py
[2024-04-21T20:04:21.714+0000] {logging_mixin.py:188} INFO - [2024-04-21T20:04:21.714+0000] {dag.py:3047} INFO - Sync 1 DAGs
[2024-04-21T20:04:21.729+0000] {logging_mixin.py:188} INFO - [2024-04-21T20:04:21.728+0000] {dag.py:3834} INFO - Setting next_dagrun for example_python_operator to None, run_after=None
[2024-04-21T20:04:21.768+0000] {processor.py:183} INFO - Processing /home/airflow/.local/lib/python3.9/site-packages/airflow/example_dags/example_python_operator.py took 0.139 seconds
[2024-04-21T20:04:52.383+0000] {processor.py:161} INFO - Started process (PID=403) to work on /home/airflow/.local/lib/python3.9/site-packages/airflow/example_dags/example_python_operator.py
[2024-04-21T20:04:52.385+0000] {processor.py:830} INFO - Processing file /home/airflow/.local/lib/python3.9/site-packages/airflow/example_dags/example_python_operator.py for tasks to queue
[2024-04-21T20:04:52.387+0000] {logging_mixin.py:188} INFO - [2024-04-21T20:04:52.386+0000] {dagbag.py:540} INFO - Filling up the DagBag from /home/airflow/.local/lib/python3.9/site-packages/airflow/example_dags/example_python_operator.py
[2024-04-21T20:04:52.406+0000] {processor.py:840} INFO - DAG(s) 'example_python_operator' retrieved from /home/airflow/.local/lib/python3.9/site-packages/airflow/example_dags/example_python_operator.py
[2024-04-21T20:04:52.528+0000] {logging_mixin.py:188} INFO - [2024-04-21T20:04:52.528+0000] {dag.py:3047} INFO - Sync 1 DAGs
[2024-04-21T20:04:52.551+0000] {logging_mixin.py:188} INFO - [2024-04-21T20:04:52.551+0000] {dag.py:3834} INFO - Setting next_dagrun for example_python_operator to None, run_after=None
[2024-04-21T20:04:52.607+0000] {processor.py:183} INFO - Processing /home/airflow/.local/lib/python3.9/site-packages/airflow/example_dags/example_python_operator.py took 0.231 seconds
[2024-04-21T20:05:22.670+0000] {processor.py:161} INFO - Started process (PID=459) to work on /home/airflow/.local/lib/python3.9/site-packages/airflow/example_dags/example_python_operator.py
[2024-04-21T20:05:22.672+0000] {processor.py:830} INFO - Processing file /home/airflow/.local/lib/python3.9/site-packages/airflow/example_dags/example_python_operator.py for tasks to queue
[2024-04-21T20:05:22.674+0000] {logging_mixin.py:188} INFO - [2024-04-21T20:05:22.673+0000] {dagbag.py:540} INFO - Filling up the DagBag from /home/airflow/.local/lib/python3.9/site-packages/airflow/example_dags/example_python_operator.py
[2024-04-21T20:05:22.693+0000] {processor.py:840} INFO - DAG(s) 'example_python_operator' retrieved from /home/airflow/.local/lib/python3.9/site-packages/airflow/example_dags/example_python_operator.py
[2024-04-21T20:05:22.802+0000] {logging_mixin.py:188} INFO - [2024-04-21T20:05:22.802+0000] {dag.py:3047} INFO - Sync 1 DAGs
[2024-04-21T20:05:22.822+0000] {logging_mixin.py:188} INFO - [2024-04-21T20:05:22.821+0000] {dag.py:3834} INFO - Setting next_dagrun for example_python_operator to None, run_after=None
[2024-04-21T20:05:22.879+0000] {processor.py:183} INFO - Processing /home/airflow/.local/lib/python3.9/site-packages/airflow/example_dags/example_python_operator.py took 0.213 seconds
[2024-04-21T20:05:54.665+0000] {processor.py:161} INFO - Started process (PID=517) to work on /home/airflow/.local/lib/python3.9/site-packages/airflow/example_dags/example_python_operator.py
[2024-04-21T20:05:54.667+0000] {processor.py:830} INFO - Processing file /home/airflow/.local/lib/python3.9/site-packages/airflow/example_dags/example_python_operator.py for tasks to queue
[2024-04-21T20:05:54.669+0000] {logging_mixin.py:188} INFO - [2024-04-21T20:05:54.668+0000] {dagbag.py:540} INFO - Filling up the DagBag from /home/airflow/.local/lib/python3.9/site-packages/airflow/example_dags/example_python_operator.py
[2024-04-21T20:05:54.691+0000] {processor.py:840} INFO - DAG(s) 'example_python_operator' retrieved from /home/airflow/.local/lib/python3.9/site-packages/airflow/example_dags/example_python_operator.py
[2024-04-21T20:05:54.805+0000] {logging_mixin.py:188} INFO - [2024-04-21T20:05:54.805+0000] {dag.py:3047} INFO - Sync 1 DAGs
[2024-04-21T20:05:54.838+0000] {logging_mixin.py:188} INFO - [2024-04-21T20:05:54.837+0000] {dag.py:3834} INFO - Setting next_dagrun for example_python_operator to None, run_after=None
[2024-04-21T20:05:54.899+0000] {processor.py:183} INFO - Processing /home/airflow/.local/lib/python3.9/site-packages/airflow/example_dags/example_python_operator.py took 0.240 seconds
[2024-04-21T20:06:48.915+0000] {processor.py:161} INFO - Started process (PID=580) to work on /home/airflow/.local/lib/python3.9/site-packages/airflow/example_dags/example_python_operator.py
[2024-04-21T20:06:48.916+0000] {processor.py:830} INFO - Processing file /home/airflow/.local/lib/python3.9/site-packages/airflow/example_dags/example_python_operator.py for tasks to queue
[2024-04-21T20:06:48.917+0000] {logging_mixin.py:188} INFO - [2024-04-21T20:06:48.917+0000] {dagbag.py:540} INFO - Filling up the DagBag from /home/airflow/.local/lib/python3.9/site-packages/airflow/example_dags/example_python_operator.py
[2024-04-21T20:06:48.932+0000] {processor.py:840} INFO - DAG(s) 'example_python_operator' retrieved from /home/airflow/.local/lib/python3.9/site-packages/airflow/example_dags/example_python_operator.py
[2024-04-21T20:06:49.003+0000] {logging_mixin.py:188} INFO - [2024-04-21T20:06:49.003+0000] {dag.py:3047} INFO - Sync 1 DAGs
[2024-04-21T20:06:49.017+0000] {logging_mixin.py:188} INFO - [2024-04-21T20:06:49.017+0000] {dag.py:3834} INFO - Setting next_dagrun for example_python_operator to None, run_after=None
[2024-04-21T20:06:49.057+0000] {processor.py:183} INFO - Processing /home/airflow/.local/lib/python3.9/site-packages/airflow/example_dags/example_python_operator.py took 0.145 seconds
[2024-04-21T20:07:19.750+0000] {processor.py:161} INFO - Started process (PID=638) to work on /home/airflow/.local/lib/python3.9/site-packages/airflow/example_dags/example_python_operator.py
[2024-04-21T20:07:19.752+0000] {processor.py:830} INFO - Processing file /home/airflow/.local/lib/python3.9/site-packages/airflow/example_dags/example_python_operator.py for tasks to queue
[2024-04-21T20:07:19.755+0000] {logging_mixin.py:188} INFO - [2024-04-21T20:07:19.754+0000] {dagbag.py:540} INFO - Filling up the DagBag from /home/airflow/.local/lib/python3.9/site-packages/airflow/example_dags/example_python_operator.py
[2024-04-21T20:07:19.776+0000] {processor.py:840} INFO - DAG(s) 'example_python_operator' retrieved from /home/airflow/.local/lib/python3.9/site-packages/airflow/example_dags/example_python_operator.py
[2024-04-21T20:07:19.909+0000] {logging_mixin.py:188} INFO - [2024-04-21T20:07:19.908+0000] {dag.py:3047} INFO - Sync 1 DAGs
[2024-04-21T20:07:19.938+0000] {logging_mixin.py:188} INFO - [2024-04-21T20:07:19.938+0000] {dag.py:3834} INFO - Setting next_dagrun for example_python_operator to None, run_after=None
[2024-04-21T20:07:19.999+0000] {processor.py:183} INFO - Processing /home/airflow/.local/lib/python3.9/site-packages/airflow/example_dags/example_python_operator.py took 0.257 seconds
[2024-04-21T20:07:50.941+0000] {processor.py:161} INFO - Started process (PID=695) to work on /home/airflow/.local/lib/python3.9/site-packages/airflow/example_dags/example_python_operator.py
[2024-04-21T20:07:50.943+0000] {processor.py:830} INFO - Processing file /home/airflow/.local/lib/python3.9/site-packages/airflow/example_dags/example_python_operator.py for tasks to queue
[2024-04-21T20:07:50.945+0000] {logging_mixin.py:188} INFO - [2024-04-21T20:07:50.944+0000] {dagbag.py:540} INFO - Filling up the DagBag from /home/airflow/.local/lib/python3.9/site-packages/airflow/example_dags/example_python_operator.py
[2024-04-21T20:07:50.962+0000] {processor.py:840} INFO - DAG(s) 'example_python_operator' retrieved from /home/airflow/.local/lib/python3.9/site-packages/airflow/example_dags/example_python_operator.py
[2024-04-21T20:07:51.074+0000] {logging_mixin.py:188} INFO - [2024-04-21T20:07:51.073+0000] {dag.py:3047} INFO - Sync 1 DAGs
[2024-04-21T20:07:51.097+0000] {logging_mixin.py:188} INFO - [2024-04-21T20:07:51.096+0000] {dag.py:3834} INFO - Setting next_dagrun for example_python_operator to None, run_after=None
[2024-04-21T20:07:51.155+0000] {processor.py:183} INFO - Processing /home/airflow/.local/lib/python3.9/site-packages/airflow/example_dags/example_python_operator.py took 0.220 seconds
[2024-04-21T20:08:23.229+0000] {processor.py:161} INFO - Started process (PID=751) to work on /home/airflow/.local/lib/python3.9/site-packages/airflow/example_dags/example_python_operator.py
[2024-04-21T20:08:23.231+0000] {processor.py:830} INFO - Processing file /home/airflow/.local/lib/python3.9/site-packages/airflow/example_dags/example_python_operator.py for tasks to queue
[2024-04-21T20:08:23.232+0000] {logging_mixin.py:188} INFO - [2024-04-21T20:08:23.232+0000] {dagbag.py:540} INFO - Filling up the DagBag from /home/airflow/.local/lib/python3.9/site-packages/airflow/example_dags/example_python_operator.py
[2024-04-21T20:08:23.245+0000] {processor.py:840} INFO - DAG(s) 'example_python_operator' retrieved from /home/airflow/.local/lib/python3.9/site-packages/airflow/example_dags/example_python_operator.py
[2024-04-21T20:08:23.323+0000] {logging_mixin.py:188} INFO - [2024-04-21T20:08:23.322+0000] {dag.py:3047} INFO - Sync 1 DAGs
[2024-04-21T20:08:23.344+0000] {logging_mixin.py:188} INFO - [2024-04-21T20:08:23.343+0000] {dag.py:3834} INFO - Setting next_dagrun for example_python_operator to None, run_after=None
[2024-04-21T20:08:23.389+0000] {processor.py:183} INFO - Processing /home/airflow/.local/lib/python3.9/site-packages/airflow/example_dags/example_python_operator.py took 0.164 seconds
[2024-04-21T20:10:05.504+0000] {processor.py:161} INFO - Started process (PID=822) to work on /home/airflow/.local/lib/python3.9/site-packages/airflow/example_dags/example_python_operator.py
[2024-04-21T20:10:05.506+0000] {processor.py:830} INFO - Processing file /home/airflow/.local/lib/python3.9/site-packages/airflow/example_dags/example_python_operator.py for tasks to queue
[2024-04-21T20:10:05.507+0000] {logging_mixin.py:188} INFO - [2024-04-21T20:10:05.506+0000] {dagbag.py:540} INFO - Filling up the DagBag from /home/airflow/.local/lib/python3.9/site-packages/airflow/example_dags/example_python_operator.py
[2024-04-21T20:10:05.524+0000] {processor.py:840} INFO - DAG(s) 'example_python_operator' retrieved from /home/airflow/.local/lib/python3.9/site-packages/airflow/example_dags/example_python_operator.py
[2024-04-21T20:10:05.628+0000] {logging_mixin.py:188} INFO - [2024-04-21T20:10:05.627+0000] {dag.py:3047} INFO - Sync 1 DAGs
[2024-04-21T20:10:05.675+0000] {logging_mixin.py:188} INFO - [2024-04-21T20:10:05.674+0000] {dag.py:3834} INFO - Setting next_dagrun for example_python_operator to None, run_after=None
[2024-04-21T20:10:05.777+0000] {processor.py:183} INFO - Processing /home/airflow/.local/lib/python3.9/site-packages/airflow/example_dags/example_python_operator.py took 0.276 seconds
[2024-04-21T20:10:36.618+0000] {processor.py:161} INFO - Started process (PID=879) to work on /home/airflow/.local/lib/python3.9/site-packages/airflow/example_dags/example_python_operator.py
[2024-04-21T20:10:36.620+0000] {processor.py:830} INFO - Processing file /home/airflow/.local/lib/python3.9/site-packages/airflow/example_dags/example_python_operator.py for tasks to queue
[2024-04-21T20:10:36.621+0000] {logging_mixin.py:188} INFO - [2024-04-21T20:10:36.621+0000] {dagbag.py:540} INFO - Filling up the DagBag from /home/airflow/.local/lib/python3.9/site-packages/airflow/example_dags/example_python_operator.py
[2024-04-21T20:10:36.637+0000] {processor.py:840} INFO - DAG(s) 'example_python_operator' retrieved from /home/airflow/.local/lib/python3.9/site-packages/airflow/example_dags/example_python_operator.py
[2024-04-21T20:10:36.700+0000] {logging_mixin.py:188} INFO - [2024-04-21T20:10:36.700+0000] {dag.py:3047} INFO - Sync 1 DAGs
[2024-04-21T20:10:36.716+0000] {logging_mixin.py:188} INFO - [2024-04-21T20:10:36.716+0000] {dag.py:3834} INFO - Setting next_dagrun for example_python_operator to None, run_after=None
[2024-04-21T20:10:36.755+0000] {processor.py:183} INFO - Processing /home/airflow/.local/lib/python3.9/site-packages/airflow/example_dags/example_python_operator.py took 0.141 seconds
[2024-04-21T20:11:07.152+0000] {processor.py:161} INFO - Started process (PID=938) to work on /home/airflow/.local/lib/python3.9/site-packages/airflow/example_dags/example_python_operator.py
[2024-04-21T20:11:07.153+0000] {processor.py:830} INFO - Processing file /home/airflow/.local/lib/python3.9/site-packages/airflow/example_dags/example_python_operator.py for tasks to queue
[2024-04-21T20:11:07.155+0000] {logging_mixin.py:188} INFO - [2024-04-21T20:11:07.155+0000] {dagbag.py:540} INFO - Filling up the DagBag from /home/airflow/.local/lib/python3.9/site-packages/airflow/example_dags/example_python_operator.py
[2024-04-21T20:11:07.166+0000] {processor.py:840} INFO - DAG(s) 'example_python_operator' retrieved from /home/airflow/.local/lib/python3.9/site-packages/airflow/example_dags/example_python_operator.py
[2024-04-21T20:11:07.232+0000] {logging_mixin.py:188} INFO - [2024-04-21T20:11:07.231+0000] {dag.py:3047} INFO - Sync 1 DAGs
[2024-04-21T20:11:07.245+0000] {logging_mixin.py:188} INFO - [2024-04-21T20:11:07.245+0000] {dag.py:3834} INFO - Setting next_dagrun for example_python_operator to None, run_after=None
[2024-04-21T20:11:07.281+0000] {processor.py:183} INFO - Processing /home/airflow/.local/lib/python3.9/site-packages/airflow/example_dags/example_python_operator.py took 0.132 seconds
[2024-04-21T20:14:23.493+0000] {processor.py:161} INFO - Started process (PID=66) to work on /home/airflow/.local/lib/python3.9/site-packages/airflow/example_dags/example_python_operator.py
[2024-04-21T20:14:23.496+0000] {processor.py:830} INFO - Processing file /home/airflow/.local/lib/python3.9/site-packages/airflow/example_dags/example_python_operator.py for tasks to queue
[2024-04-21T20:14:23.499+0000] {logging_mixin.py:188} INFO - [2024-04-21T20:14:23.498+0000] {dagbag.py:540} INFO - Filling up the DagBag from /home/airflow/.local/lib/python3.9/site-packages/airflow/example_dags/example_python_operator.py
[2024-04-21T20:14:23.512+0000] {processor.py:840} INFO - DAG(s) 'example_python_operator' retrieved from /home/airflow/.local/lib/python3.9/site-packages/airflow/example_dags/example_python_operator.py
[2024-04-21T20:14:23.882+0000] {logging_mixin.py:188} INFO - [2024-04-21T20:14:23.882+0000] {dag.py:3047} INFO - Sync 1 DAGs
[2024-04-21T20:14:23.896+0000] {logging_mixin.py:188} INFO - [2024-04-21T20:14:23.896+0000] {dag.py:3834} INFO - Setting next_dagrun for example_python_operator to None, run_after=None
[2024-04-21T20:14:23.942+0000] {processor.py:183} INFO - Processing /home/airflow/.local/lib/python3.9/site-packages/airflow/example_dags/example_python_operator.py took 0.452 seconds
[2024-04-21T20:14:54.108+0000] {processor.py:161} INFO - Started process (PID=124) to work on /home/airflow/.local/lib/python3.9/site-packages/airflow/example_dags/example_python_operator.py
[2024-04-21T20:14:54.109+0000] {processor.py:830} INFO - Processing file /home/airflow/.local/lib/python3.9/site-packages/airflow/example_dags/example_python_operator.py for tasks to queue
[2024-04-21T20:14:54.112+0000] {logging_mixin.py:188} INFO - [2024-04-21T20:14:54.111+0000] {dagbag.py:540} INFO - Filling up the DagBag from /home/airflow/.local/lib/python3.9/site-packages/airflow/example_dags/example_python_operator.py
[2024-04-21T20:14:54.123+0000] {processor.py:840} INFO - DAG(s) 'example_python_operator' retrieved from /home/airflow/.local/lib/python3.9/site-packages/airflow/example_dags/example_python_operator.py
[2024-04-21T20:14:54.180+0000] {logging_mixin.py:188} INFO - [2024-04-21T20:14:54.180+0000] {dag.py:3047} INFO - Sync 1 DAGs
[2024-04-21T20:14:54.193+0000] {logging_mixin.py:188} INFO - [2024-04-21T20:14:54.192+0000] {dag.py:3834} INFO - Setting next_dagrun for example_python_operator to None, run_after=None
[2024-04-21T20:14:54.225+0000] {processor.py:183} INFO - Processing /home/airflow/.local/lib/python3.9/site-packages/airflow/example_dags/example_python_operator.py took 0.121 seconds
[2024-04-21T20:15:24.622+0000] {processor.py:161} INFO - Started process (PID=181) to work on /home/airflow/.local/lib/python3.9/site-packages/airflow/example_dags/example_python_operator.py
[2024-04-21T20:15:24.623+0000] {processor.py:830} INFO - Processing file /home/airflow/.local/lib/python3.9/site-packages/airflow/example_dags/example_python_operator.py for tasks to queue
[2024-04-21T20:15:24.625+0000] {logging_mixin.py:188} INFO - [2024-04-21T20:15:24.625+0000] {dagbag.py:540} INFO - Filling up the DagBag from /home/airflow/.local/lib/python3.9/site-packages/airflow/example_dags/example_python_operator.py
[2024-04-21T20:15:24.639+0000] {processor.py:840} INFO - DAG(s) 'example_python_operator' retrieved from /home/airflow/.local/lib/python3.9/site-packages/airflow/example_dags/example_python_operator.py
[2024-04-21T20:15:24.704+0000] {logging_mixin.py:188} INFO - [2024-04-21T20:15:24.704+0000] {dag.py:3047} INFO - Sync 1 DAGs
[2024-04-21T20:15:24.718+0000] {logging_mixin.py:188} INFO - [2024-04-21T20:15:24.718+0000] {dag.py:3834} INFO - Setting next_dagrun for example_python_operator to None, run_after=None
[2024-04-21T20:15:24.759+0000] {processor.py:183} INFO - Processing /home/airflow/.local/lib/python3.9/site-packages/airflow/example_dags/example_python_operator.py took 0.140 seconds
[2024-04-21T20:16:18.246+0000] {processor.py:161} INFO - Started process (PID=66) to work on /home/airflow/.local/lib/python3.9/site-packages/airflow/example_dags/example_python_operator.py
[2024-04-21T20:16:18.248+0000] {processor.py:830} INFO - Processing file /home/airflow/.local/lib/python3.9/site-packages/airflow/example_dags/example_python_operator.py for tasks to queue
[2024-04-21T20:16:18.253+0000] {logging_mixin.py:188} INFO - [2024-04-21T20:16:18.253+0000] {dagbag.py:540} INFO - Filling up the DagBag from /home/airflow/.local/lib/python3.9/site-packages/airflow/example_dags/example_python_operator.py
[2024-04-21T20:16:18.275+0000] {processor.py:840} INFO - DAG(s) 'example_python_operator' retrieved from /home/airflow/.local/lib/python3.9/site-packages/airflow/example_dags/example_python_operator.py
[2024-04-21T20:16:18.456+0000] {logging_mixin.py:188} INFO - [2024-04-21T20:16:18.455+0000] {dag.py:3047} INFO - Sync 1 DAGs
[2024-04-21T20:16:18.467+0000] {logging_mixin.py:188} INFO - [2024-04-21T20:16:18.467+0000] {dag.py:3834} INFO - Setting next_dagrun for example_python_operator to None, run_after=None
[2024-04-21T20:16:18.508+0000] {processor.py:183} INFO - Processing /home/airflow/.local/lib/python3.9/site-packages/airflow/example_dags/example_python_operator.py took 0.266 seconds
[2024-04-21T20:16:48.817+0000] {processor.py:161} INFO - Started process (PID=123) to work on /home/airflow/.local/lib/python3.9/site-packages/airflow/example_dags/example_python_operator.py
[2024-04-21T20:16:48.821+0000] {processor.py:830} INFO - Processing file /home/airflow/.local/lib/python3.9/site-packages/airflow/example_dags/example_python_operator.py for tasks to queue
[2024-04-21T20:16:48.826+0000] {logging_mixin.py:188} INFO - [2024-04-21T20:16:48.825+0000] {dagbag.py:540} INFO - Filling up the DagBag from /home/airflow/.local/lib/python3.9/site-packages/airflow/example_dags/example_python_operator.py
[2024-04-21T20:16:48.847+0000] {processor.py:840} INFO - DAG(s) 'example_python_operator' retrieved from /home/airflow/.local/lib/python3.9/site-packages/airflow/example_dags/example_python_operator.py
[2024-04-21T20:16:48.952+0000] {logging_mixin.py:188} INFO - [2024-04-21T20:16:48.951+0000] {dag.py:3047} INFO - Sync 1 DAGs
[2024-04-21T20:16:48.977+0000] {logging_mixin.py:188} INFO - [2024-04-21T20:16:48.976+0000] {dag.py:3834} INFO - Setting next_dagrun for example_python_operator to None, run_after=None
[2024-04-21T20:16:49.034+0000] {processor.py:183} INFO - Processing /home/airflow/.local/lib/python3.9/site-packages/airflow/example_dags/example_python_operator.py took 0.232 seconds
[2024-04-21T20:17:19.472+0000] {processor.py:161} INFO - Started process (PID=180) to work on /home/airflow/.local/lib/python3.9/site-packages/airflow/example_dags/example_python_operator.py
[2024-04-21T20:17:19.474+0000] {processor.py:830} INFO - Processing file /home/airflow/.local/lib/python3.9/site-packages/airflow/example_dags/example_python_operator.py for tasks to queue
[2024-04-21T20:17:19.477+0000] {logging_mixin.py:188} INFO - [2024-04-21T20:17:19.476+0000] {dagbag.py:540} INFO - Filling up the DagBag from /home/airflow/.local/lib/python3.9/site-packages/airflow/example_dags/example_python_operator.py
[2024-04-21T20:17:19.488+0000] {processor.py:840} INFO - DAG(s) 'example_python_operator' retrieved from /home/airflow/.local/lib/python3.9/site-packages/airflow/example_dags/example_python_operator.py
[2024-04-21T20:17:19.547+0000] {logging_mixin.py:188} INFO - [2024-04-21T20:17:19.547+0000] {dag.py:3047} INFO - Sync 1 DAGs
[2024-04-21T20:17:19.563+0000] {logging_mixin.py:188} INFO - [2024-04-21T20:17:19.563+0000] {dag.py:3834} INFO - Setting next_dagrun for example_python_operator to None, run_after=None
[2024-04-21T20:17:19.597+0000] {processor.py:183} INFO - Processing /home/airflow/.local/lib/python3.9/site-packages/airflow/example_dags/example_python_operator.py took 0.128 seconds
[2024-04-21T20:17:50.093+0000] {processor.py:161} INFO - Started process (PID=237) to work on /home/airflow/.local/lib/python3.9/site-packages/airflow/example_dags/example_python_operator.py
[2024-04-21T20:17:50.095+0000] {processor.py:830} INFO - Processing file /home/airflow/.local/lib/python3.9/site-packages/airflow/example_dags/example_python_operator.py for tasks to queue
[2024-04-21T20:17:50.097+0000] {logging_mixin.py:188} INFO - [2024-04-21T20:17:50.097+0000] {dagbag.py:540} INFO - Filling up the DagBag from /home/airflow/.local/lib/python3.9/site-packages/airflow/example_dags/example_python_operator.py
[2024-04-21T20:17:50.108+0000] {processor.py:840} INFO - DAG(s) 'example_python_operator' retrieved from /home/airflow/.local/lib/python3.9/site-packages/airflow/example_dags/example_python_operator.py
[2024-04-21T20:17:50.163+0000] {logging_mixin.py:188} INFO - [2024-04-21T20:17:50.163+0000] {dag.py:3047} INFO - Sync 1 DAGs
[2024-04-21T20:17:50.176+0000] {logging_mixin.py:188} INFO - [2024-04-21T20:17:50.176+0000] {dag.py:3834} INFO - Setting next_dagrun for example_python_operator to None, run_after=None
[2024-04-21T20:17:50.208+0000] {processor.py:183} INFO - Processing /home/airflow/.local/lib/python3.9/site-packages/airflow/example_dags/example_python_operator.py took 0.118 seconds
[2024-04-21T20:18:20.971+0000] {processor.py:161} INFO - Started process (PID=294) to work on /home/airflow/.local/lib/python3.9/site-packages/airflow/example_dags/example_python_operator.py
[2024-04-21T20:18:20.973+0000] {processor.py:830} INFO - Processing file /home/airflow/.local/lib/python3.9/site-packages/airflow/example_dags/example_python_operator.py for tasks to queue
[2024-04-21T20:18:20.975+0000] {logging_mixin.py:188} INFO - [2024-04-21T20:18:20.975+0000] {dagbag.py:540} INFO - Filling up the DagBag from /home/airflow/.local/lib/python3.9/site-packages/airflow/example_dags/example_python_operator.py
[2024-04-21T20:18:20.985+0000] {processor.py:840} INFO - DAG(s) 'example_python_operator' retrieved from /home/airflow/.local/lib/python3.9/site-packages/airflow/example_dags/example_python_operator.py
[2024-04-21T20:18:21.050+0000] {logging_mixin.py:188} INFO - [2024-04-21T20:18:21.050+0000] {dag.py:3047} INFO - Sync 1 DAGs
[2024-04-21T20:18:21.071+0000] {logging_mixin.py:188} INFO - [2024-04-21T20:18:21.071+0000] {dag.py:3834} INFO - Setting next_dagrun for example_python_operator to None, run_after=None
[2024-04-21T20:18:21.127+0000] {processor.py:183} INFO - Processing /home/airflow/.local/lib/python3.9/site-packages/airflow/example_dags/example_python_operator.py took 0.158 seconds
[2024-04-21T20:18:52.737+0000] {processor.py:161} INFO - Started process (PID=351) to work on /home/airflow/.local/lib/python3.9/site-packages/airflow/example_dags/example_python_operator.py
[2024-04-21T20:18:52.740+0000] {processor.py:830} INFO - Processing file /home/airflow/.local/lib/python3.9/site-packages/airflow/example_dags/example_python_operator.py for tasks to queue
[2024-04-21T20:18:52.742+0000] {logging_mixin.py:188} INFO - [2024-04-21T20:18:52.742+0000] {dagbag.py:540} INFO - Filling up the DagBag from /home/airflow/.local/lib/python3.9/site-packages/airflow/example_dags/example_python_operator.py
[2024-04-21T20:18:52.755+0000] {processor.py:840} INFO - DAG(s) 'example_python_operator' retrieved from /home/airflow/.local/lib/python3.9/site-packages/airflow/example_dags/example_python_operator.py
[2024-04-21T20:18:52.815+0000] {logging_mixin.py:188} INFO - [2024-04-21T20:18:52.815+0000] {dag.py:3047} INFO - Sync 1 DAGs
[2024-04-21T20:18:52.828+0000] {logging_mixin.py:188} INFO - [2024-04-21T20:18:52.828+0000] {dag.py:3834} INFO - Setting next_dagrun for example_python_operator to None, run_after=None
[2024-04-21T20:18:52.864+0000] {processor.py:183} INFO - Processing /home/airflow/.local/lib/python3.9/site-packages/airflow/example_dags/example_python_operator.py took 0.131 seconds
[2024-04-21T20:32:55.458+0000] {processor.py:161} INFO - Started process (PID=68) to work on /home/airflow/.local/lib/python3.9/site-packages/airflow/example_dags/example_python_operator.py
[2024-04-21T20:32:55.460+0000] {processor.py:830} INFO - Processing file /home/airflow/.local/lib/python3.9/site-packages/airflow/example_dags/example_python_operator.py for tasks to queue
[2024-04-21T20:32:55.463+0000] {logging_mixin.py:188} INFO - [2024-04-21T20:32:55.462+0000] {dagbag.py:540} INFO - Filling up the DagBag from /home/airflow/.local/lib/python3.9/site-packages/airflow/example_dags/example_python_operator.py
[2024-04-21T20:32:55.484+0000] {processor.py:840} INFO - DAG(s) 'example_python_operator' retrieved from /home/airflow/.local/lib/python3.9/site-packages/airflow/example_dags/example_python_operator.py
[2024-04-21T20:32:55.834+0000] {logging_mixin.py:188} INFO - [2024-04-21T20:32:55.833+0000] {dag.py:3047} INFO - Sync 1 DAGs
[2024-04-21T20:32:55.861+0000] {logging_mixin.py:188} INFO - [2024-04-21T20:32:55.860+0000] {dag.py:3834} INFO - Setting next_dagrun for example_python_operator to None, run_after=None
[2024-04-21T20:32:55.914+0000] {processor.py:183} INFO - Processing /home/airflow/.local/lib/python3.9/site-packages/airflow/example_dags/example_python_operator.py took 0.460 seconds
[2024-04-21T20:33:24.091+0000] {processor.py:161} INFO - Started process (PID=66) to work on /home/airflow/.local/lib/python3.9/site-packages/airflow/example_dags/example_python_operator.py
[2024-04-21T20:33:24.092+0000] {processor.py:830} INFO - Processing file /home/airflow/.local/lib/python3.9/site-packages/airflow/example_dags/example_python_operator.py for tasks to queue
[2024-04-21T20:33:24.095+0000] {logging_mixin.py:188} INFO - [2024-04-21T20:33:24.094+0000] {dagbag.py:540} INFO - Filling up the DagBag from /home/airflow/.local/lib/python3.9/site-packages/airflow/example_dags/example_python_operator.py
[2024-04-21T20:33:24.105+0000] {processor.py:840} INFO - DAG(s) 'example_python_operator' retrieved from /home/airflow/.local/lib/python3.9/site-packages/airflow/example_dags/example_python_operator.py
[2024-04-21T20:33:24.152+0000] {logging_mixin.py:188} INFO - [2024-04-21T20:33:24.152+0000] {dag.py:3047} INFO - Sync 1 DAGs
[2024-04-21T20:33:24.164+0000] {logging_mixin.py:188} INFO - [2024-04-21T20:33:24.164+0000] {dag.py:3834} INFO - Setting next_dagrun for example_python_operator to None, run_after=None
[2024-04-21T20:33:24.197+0000] {processor.py:183} INFO - Processing /home/airflow/.local/lib/python3.9/site-packages/airflow/example_dags/example_python_operator.py took 0.109 seconds
[2024-04-21T20:33:54.868+0000] {processor.py:161} INFO - Started process (PID=123) to work on /home/airflow/.local/lib/python3.9/site-packages/airflow/example_dags/example_python_operator.py
[2024-04-21T20:33:54.869+0000] {processor.py:830} INFO - Processing file /home/airflow/.local/lib/python3.9/site-packages/airflow/example_dags/example_python_operator.py for tasks to queue
[2024-04-21T20:33:54.872+0000] {logging_mixin.py:188} INFO - [2024-04-21T20:33:54.871+0000] {dagbag.py:540} INFO - Filling up the DagBag from /home/airflow/.local/lib/python3.9/site-packages/airflow/example_dags/example_python_operator.py
[2024-04-21T20:33:54.883+0000] {processor.py:840} INFO - DAG(s) 'example_python_operator' retrieved from /home/airflow/.local/lib/python3.9/site-packages/airflow/example_dags/example_python_operator.py
[2024-04-21T20:33:55.120+0000] {logging_mixin.py:188} INFO - [2024-04-21T20:33:55.120+0000] {dag.py:3047} INFO - Sync 1 DAGs
[2024-04-21T20:33:55.134+0000] {logging_mixin.py:188} INFO - [2024-04-21T20:33:55.133+0000] {dag.py:3834} INFO - Setting next_dagrun for example_python_operator to None, run_after=None
[2024-04-21T20:33:55.178+0000] {processor.py:183} INFO - Processing /home/airflow/.local/lib/python3.9/site-packages/airflow/example_dags/example_python_operator.py took 0.313 seconds
[2024-04-21T20:34:31.551+0000] {processor.py:161} INFO - Started process (PID=66) to work on /home/airflow/.local/lib/python3.9/site-packages/airflow/example_dags/example_python_operator.py
[2024-04-21T20:34:31.552+0000] {processor.py:830} INFO - Processing file /home/airflow/.local/lib/python3.9/site-packages/airflow/example_dags/example_python_operator.py for tasks to queue
[2024-04-21T20:34:31.555+0000] {logging_mixin.py:188} INFO - [2024-04-21T20:34:31.554+0000] {dagbag.py:540} INFO - Filling up the DagBag from /home/airflow/.local/lib/python3.9/site-packages/airflow/example_dags/example_python_operator.py
[2024-04-21T20:34:31.566+0000] {processor.py:840} INFO - DAG(s) 'example_python_operator' retrieved from /home/airflow/.local/lib/python3.9/site-packages/airflow/example_dags/example_python_operator.py
[2024-04-21T20:34:31.746+0000] {logging_mixin.py:188} INFO - [2024-04-21T20:34:31.746+0000] {dag.py:3047} INFO - Sync 1 DAGs
[2024-04-21T20:34:31.759+0000] {logging_mixin.py:188} INFO - [2024-04-21T20:34:31.758+0000] {dag.py:3834} INFO - Setting next_dagrun for example_python_operator to None, run_after=None
[2024-04-21T20:34:31.799+0000] {processor.py:183} INFO - Processing /home/airflow/.local/lib/python3.9/site-packages/airflow/example_dags/example_python_operator.py took 0.251 seconds
[2024-04-21T20:35:02.724+0000] {processor.py:161} INFO - Started process (PID=123) to work on /home/airflow/.local/lib/python3.9/site-packages/airflow/example_dags/example_python_operator.py
[2024-04-21T20:35:02.726+0000] {processor.py:830} INFO - Processing file /home/airflow/.local/lib/python3.9/site-packages/airflow/example_dags/example_python_operator.py for tasks to queue
[2024-04-21T20:35:02.728+0000] {logging_mixin.py:188} INFO - [2024-04-21T20:35:02.728+0000] {dagbag.py:540} INFO - Filling up the DagBag from /home/airflow/.local/lib/python3.9/site-packages/airflow/example_dags/example_python_operator.py
[2024-04-21T20:35:02.739+0000] {processor.py:840} INFO - DAG(s) 'example_python_operator' retrieved from /home/airflow/.local/lib/python3.9/site-packages/airflow/example_dags/example_python_operator.py
[2024-04-21T20:35:02.800+0000] {logging_mixin.py:188} INFO - [2024-04-21T20:35:02.800+0000] {dag.py:3047} INFO - Sync 1 DAGs
[2024-04-21T20:35:02.814+0000] {logging_mixin.py:188} INFO - [2024-04-21T20:35:02.814+0000] {dag.py:3834} INFO - Setting next_dagrun for example_python_operator to None, run_after=None
[2024-04-21T20:35:02.846+0000] {processor.py:183} INFO - Processing /home/airflow/.local/lib/python3.9/site-packages/airflow/example_dags/example_python_operator.py took 0.125 seconds
[2024-04-21T20:35:33.497+0000] {processor.py:161} INFO - Started process (PID=180) to work on /home/airflow/.local/lib/python3.9/site-packages/airflow/example_dags/example_python_operator.py
[2024-04-21T20:35:33.499+0000] {processor.py:830} INFO - Processing file /home/airflow/.local/lib/python3.9/site-packages/airflow/example_dags/example_python_operator.py for tasks to queue
[2024-04-21T20:35:33.501+0000] {logging_mixin.py:188} INFO - [2024-04-21T20:35:33.501+0000] {dagbag.py:540} INFO - Filling up the DagBag from /home/airflow/.local/lib/python3.9/site-packages/airflow/example_dags/example_python_operator.py
[2024-04-21T20:35:33.512+0000] {processor.py:840} INFO - DAG(s) 'example_python_operator' retrieved from /home/airflow/.local/lib/python3.9/site-packages/airflow/example_dags/example_python_operator.py
[2024-04-21T20:35:33.574+0000] {logging_mixin.py:188} INFO - [2024-04-21T20:35:33.574+0000] {dag.py:3047} INFO - Sync 1 DAGs
[2024-04-21T20:35:33.589+0000] {logging_mixin.py:188} INFO - [2024-04-21T20:35:33.588+0000] {dag.py:3834} INFO - Setting next_dagrun for example_python_operator to None, run_after=None
[2024-04-21T20:35:33.632+0000] {processor.py:183} INFO - Processing /home/airflow/.local/lib/python3.9/site-packages/airflow/example_dags/example_python_operator.py took 0.138 seconds
[2024-04-21T20:36:04.587+0000] {processor.py:161} INFO - Started process (PID=237) to work on /home/airflow/.local/lib/python3.9/site-packages/airflow/example_dags/example_python_operator.py
[2024-04-21T20:36:04.588+0000] {processor.py:830} INFO - Processing file /home/airflow/.local/lib/python3.9/site-packages/airflow/example_dags/example_python_operator.py for tasks to queue
[2024-04-21T20:36:04.591+0000] {logging_mixin.py:188} INFO - [2024-04-21T20:36:04.590+0000] {dagbag.py:540} INFO - Filling up the DagBag from /home/airflow/.local/lib/python3.9/site-packages/airflow/example_dags/example_python_operator.py
[2024-04-21T20:36:04.601+0000] {processor.py:840} INFO - DAG(s) 'example_python_operator' retrieved from /home/airflow/.local/lib/python3.9/site-packages/airflow/example_dags/example_python_operator.py
[2024-04-21T20:36:04.661+0000] {logging_mixin.py:188} INFO - [2024-04-21T20:36:04.660+0000] {dag.py:3047} INFO - Sync 1 DAGs
[2024-04-21T20:36:04.674+0000] {logging_mixin.py:188} INFO - [2024-04-21T20:36:04.673+0000] {dag.py:3834} INFO - Setting next_dagrun for example_python_operator to None, run_after=None
[2024-04-21T20:36:04.709+0000] {processor.py:183} INFO - Processing /home/airflow/.local/lib/python3.9/site-packages/airflow/example_dags/example_python_operator.py took 0.125 seconds
[2024-04-21T20:36:36.235+0000] {processor.py:161} INFO - Started process (PID=294) to work on /home/airflow/.local/lib/python3.9/site-packages/airflow/example_dags/example_python_operator.py
[2024-04-21T20:36:36.236+0000] {processor.py:830} INFO - Processing file /home/airflow/.local/lib/python3.9/site-packages/airflow/example_dags/example_python_operator.py for tasks to queue
[2024-04-21T20:36:36.239+0000] {logging_mixin.py:188} INFO - [2024-04-21T20:36:36.238+0000] {dagbag.py:540} INFO - Filling up the DagBag from /home/airflow/.local/lib/python3.9/site-packages/airflow/example_dags/example_python_operator.py
[2024-04-21T20:36:36.257+0000] {processor.py:840} INFO - DAG(s) 'example_python_operator' retrieved from /home/airflow/.local/lib/python3.9/site-packages/airflow/example_dags/example_python_operator.py
[2024-04-21T20:36:36.348+0000] {logging_mixin.py:188} INFO - [2024-04-21T20:36:36.348+0000] {dag.py:3047} INFO - Sync 1 DAGs
[2024-04-21T20:36:36.363+0000] {logging_mixin.py:188} INFO - [2024-04-21T20:36:36.362+0000] {dag.py:3834} INFO - Setting next_dagrun for example_python_operator to None, run_after=None
[2024-04-21T20:36:36.401+0000] {processor.py:183} INFO - Processing /home/airflow/.local/lib/python3.9/site-packages/airflow/example_dags/example_python_operator.py took 0.170 seconds
[2024-04-21T20:37:06.934+0000] {processor.py:161} INFO - Started process (PID=351) to work on /home/airflow/.local/lib/python3.9/site-packages/airflow/example_dags/example_python_operator.py
[2024-04-21T20:37:06.935+0000] {processor.py:830} INFO - Processing file /home/airflow/.local/lib/python3.9/site-packages/airflow/example_dags/example_python_operator.py for tasks to queue
[2024-04-21T20:37:06.937+0000] {logging_mixin.py:188} INFO - [2024-04-21T20:37:06.937+0000] {dagbag.py:540} INFO - Filling up the DagBag from /home/airflow/.local/lib/python3.9/site-packages/airflow/example_dags/example_python_operator.py
[2024-04-21T20:37:06.946+0000] {processor.py:840} INFO - DAG(s) 'example_python_operator' retrieved from /home/airflow/.local/lib/python3.9/site-packages/airflow/example_dags/example_python_operator.py
[2024-04-21T20:37:07.001+0000] {logging_mixin.py:188} INFO - [2024-04-21T20:37:07.000+0000] {dag.py:3047} INFO - Sync 1 DAGs
[2024-04-21T20:37:07.014+0000] {logging_mixin.py:188} INFO - [2024-04-21T20:37:07.013+0000] {dag.py:3834} INFO - Setting next_dagrun for example_python_operator to None, run_after=None
[2024-04-21T20:37:07.044+0000] {processor.py:183} INFO - Processing /home/airflow/.local/lib/python3.9/site-packages/airflow/example_dags/example_python_operator.py took 0.113 seconds
[2024-04-21T20:37:37.738+0000] {processor.py:161} INFO - Started process (PID=408) to work on /home/airflow/.local/lib/python3.9/site-packages/airflow/example_dags/example_python_operator.py
[2024-04-21T20:37:37.740+0000] {processor.py:830} INFO - Processing file /home/airflow/.local/lib/python3.9/site-packages/airflow/example_dags/example_python_operator.py for tasks to queue
[2024-04-21T20:37:37.742+0000] {logging_mixin.py:188} INFO - [2024-04-21T20:37:37.742+0000] {dagbag.py:540} INFO - Filling up the DagBag from /home/airflow/.local/lib/python3.9/site-packages/airflow/example_dags/example_python_operator.py
[2024-04-21T20:37:37.754+0000] {processor.py:840} INFO - DAG(s) 'example_python_operator' retrieved from /home/airflow/.local/lib/python3.9/site-packages/airflow/example_dags/example_python_operator.py
[2024-04-21T20:37:37.822+0000] {logging_mixin.py:188} INFO - [2024-04-21T20:37:37.822+0000] {dag.py:3047} INFO - Sync 1 DAGs
[2024-04-21T20:37:37.839+0000] {logging_mixin.py:188} INFO - [2024-04-21T20:37:37.839+0000] {dag.py:3834} INFO - Setting next_dagrun for example_python_operator to None, run_after=None
[2024-04-21T20:37:37.879+0000] {processor.py:183} INFO - Processing /home/airflow/.local/lib/python3.9/site-packages/airflow/example_dags/example_python_operator.py took 0.143 seconds
[2024-04-21T20:38:09.105+0000] {processor.py:161} INFO - Started process (PID=465) to work on /home/airflow/.local/lib/python3.9/site-packages/airflow/example_dags/example_python_operator.py
[2024-04-21T20:38:09.106+0000] {processor.py:830} INFO - Processing file /home/airflow/.local/lib/python3.9/site-packages/airflow/example_dags/example_python_operator.py for tasks to queue
[2024-04-21T20:38:09.108+0000] {logging_mixin.py:188} INFO - [2024-04-21T20:38:09.108+0000] {dagbag.py:540} INFO - Filling up the DagBag from /home/airflow/.local/lib/python3.9/site-packages/airflow/example_dags/example_python_operator.py
[2024-04-21T20:38:09.118+0000] {processor.py:840} INFO - DAG(s) 'example_python_operator' retrieved from /home/airflow/.local/lib/python3.9/site-packages/airflow/example_dags/example_python_operator.py
[2024-04-21T20:38:09.173+0000] {logging_mixin.py:188} INFO - [2024-04-21T20:38:09.173+0000] {dag.py:3047} INFO - Sync 1 DAGs
[2024-04-21T20:38:09.185+0000] {logging_mixin.py:188} INFO - [2024-04-21T20:38:09.185+0000] {dag.py:3834} INFO - Setting next_dagrun for example_python_operator to None, run_after=None
[2024-04-21T20:38:09.219+0000] {processor.py:183} INFO - Processing /home/airflow/.local/lib/python3.9/site-packages/airflow/example_dags/example_python_operator.py took 0.116 seconds
[2024-04-21T20:38:41.411+0000] {processor.py:161} INFO - Started process (PID=522) to work on /home/airflow/.local/lib/python3.9/site-packages/airflow/example_dags/example_python_operator.py
[2024-04-21T20:38:41.412+0000] {processor.py:830} INFO - Processing file /home/airflow/.local/lib/python3.9/site-packages/airflow/example_dags/example_python_operator.py for tasks to queue
[2024-04-21T20:38:41.415+0000] {logging_mixin.py:188} INFO - [2024-04-21T20:38:41.415+0000] {dagbag.py:540} INFO - Filling up the DagBag from /home/airflow/.local/lib/python3.9/site-packages/airflow/example_dags/example_python_operator.py
[2024-04-21T20:38:41.440+0000] {processor.py:840} INFO - DAG(s) 'example_python_operator' retrieved from /home/airflow/.local/lib/python3.9/site-packages/airflow/example_dags/example_python_operator.py
[2024-04-21T20:38:41.502+0000] {logging_mixin.py:188} INFO - [2024-04-21T20:38:41.502+0000] {dag.py:3047} INFO - Sync 1 DAGs
[2024-04-21T20:38:41.514+0000] {logging_mixin.py:188} INFO - [2024-04-21T20:38:41.514+0000] {dag.py:3834} INFO - Setting next_dagrun for example_python_operator to None, run_after=None
[2024-04-21T20:38:41.549+0000] {processor.py:183} INFO - Processing /home/airflow/.local/lib/python3.9/site-packages/airflow/example_dags/example_python_operator.py took 0.144 seconds
[2024-04-21T20:40:42.763+0000] {processor.py:161} INFO - Started process (PID=610) to work on /home/airflow/.local/lib/python3.9/site-packages/airflow/example_dags/example_python_operator.py
[2024-04-21T20:40:42.764+0000] {processor.py:830} INFO - Processing file /home/airflow/.local/lib/python3.9/site-packages/airflow/example_dags/example_python_operator.py for tasks to queue
[2024-04-21T20:40:42.766+0000] {logging_mixin.py:188} INFO - [2024-04-21T20:40:42.766+0000] {dagbag.py:540} INFO - Filling up the DagBag from /home/airflow/.local/lib/python3.9/site-packages/airflow/example_dags/example_python_operator.py
[2024-04-21T20:40:42.776+0000] {processor.py:840} INFO - DAG(s) 'example_python_operator' retrieved from /home/airflow/.local/lib/python3.9/site-packages/airflow/example_dags/example_python_operator.py
[2024-04-21T20:40:42.836+0000] {logging_mixin.py:188} INFO - [2024-04-21T20:40:42.836+0000] {dag.py:3047} INFO - Sync 1 DAGs
[2024-04-21T20:40:42.848+0000] {logging_mixin.py:188} INFO - [2024-04-21T20:40:42.847+0000] {dag.py:3834} INFO - Setting next_dagrun for example_python_operator to None, run_after=None
[2024-04-21T20:40:42.878+0000] {processor.py:183} INFO - Processing /home/airflow/.local/lib/python3.9/site-packages/airflow/example_dags/example_python_operator.py took 0.118 seconds
[2024-04-21T20:41:14.396+0000] {processor.py:161} INFO - Started process (PID=669) to work on /home/airflow/.local/lib/python3.9/site-packages/airflow/example_dags/example_python_operator.py
[2024-04-21T20:41:14.397+0000] {processor.py:830} INFO - Processing file /home/airflow/.local/lib/python3.9/site-packages/airflow/example_dags/example_python_operator.py for tasks to queue
[2024-04-21T20:41:14.400+0000] {logging_mixin.py:188} INFO - [2024-04-21T20:41:14.400+0000] {dagbag.py:540} INFO - Filling up the DagBag from /home/airflow/.local/lib/python3.9/site-packages/airflow/example_dags/example_python_operator.py
[2024-04-21T20:41:14.420+0000] {processor.py:840} INFO - DAG(s) 'example_python_operator' retrieved from /home/airflow/.local/lib/python3.9/site-packages/airflow/example_dags/example_python_operator.py
[2024-04-21T20:41:14.708+0000] {logging_mixin.py:188} INFO - [2024-04-21T20:41:14.698+0000] {dag.py:3047} INFO - Sync 1 DAGs
[2024-04-21T20:41:14.747+0000] {logging_mixin.py:188} INFO - [2024-04-21T20:41:14.746+0000] {dag.py:3834} INFO - Setting next_dagrun for example_python_operator to None, run_after=None
[2024-04-21T20:41:15.071+0000] {processor.py:183} INFO - Processing /home/airflow/.local/lib/python3.9/site-packages/airflow/example_dags/example_python_operator.py took 0.678 seconds
[2024-04-21T20:41:45.254+0000] {processor.py:161} INFO - Started process (PID=726) to work on /home/airflow/.local/lib/python3.9/site-packages/airflow/example_dags/example_python_operator.py
[2024-04-21T20:41:45.256+0000] {processor.py:830} INFO - Processing file /home/airflow/.local/lib/python3.9/site-packages/airflow/example_dags/example_python_operator.py for tasks to queue
[2024-04-21T20:41:45.258+0000] {logging_mixin.py:188} INFO - [2024-04-21T20:41:45.258+0000] {dagbag.py:540} INFO - Filling up the DagBag from /home/airflow/.local/lib/python3.9/site-packages/airflow/example_dags/example_python_operator.py
[2024-04-21T20:41:45.269+0000] {processor.py:840} INFO - DAG(s) 'example_python_operator' retrieved from /home/airflow/.local/lib/python3.9/site-packages/airflow/example_dags/example_python_operator.py
[2024-04-21T20:41:45.324+0000] {logging_mixin.py:188} INFO - [2024-04-21T20:41:45.324+0000] {dag.py:3047} INFO - Sync 1 DAGs
[2024-04-21T20:41:45.336+0000] {logging_mixin.py:188} INFO - [2024-04-21T20:41:45.336+0000] {dag.py:3834} INFO - Setting next_dagrun for example_python_operator to None, run_after=None
[2024-04-21T20:41:45.368+0000] {processor.py:183} INFO - Processing /home/airflow/.local/lib/python3.9/site-packages/airflow/example_dags/example_python_operator.py took 0.116 seconds
[2024-04-21T20:42:38.123+0000] {processor.py:161} INFO - Started process (PID=66) to work on /home/airflow/.local/lib/python3.9/site-packages/airflow/example_dags/example_python_operator.py
[2024-04-21T20:42:38.124+0000] {processor.py:830} INFO - Processing file /home/airflow/.local/lib/python3.9/site-packages/airflow/example_dags/example_python_operator.py for tasks to queue
[2024-04-21T20:42:38.126+0000] {logging_mixin.py:188} INFO - [2024-04-21T20:42:38.126+0000] {dagbag.py:540} INFO - Filling up the DagBag from /home/airflow/.local/lib/python3.9/site-packages/airflow/example_dags/example_python_operator.py
[2024-04-21T20:42:38.137+0000] {processor.py:840} INFO - DAG(s) 'example_python_operator' retrieved from /home/airflow/.local/lib/python3.9/site-packages/airflow/example_dags/example_python_operator.py
[2024-04-21T20:42:38.286+0000] {logging_mixin.py:188} INFO - [2024-04-21T20:42:38.286+0000] {dag.py:3047} INFO - Sync 1 DAGs
[2024-04-21T20:42:38.297+0000] {logging_mixin.py:188} INFO - [2024-04-21T20:42:38.297+0000] {dag.py:3834} INFO - Setting next_dagrun for example_python_operator to None, run_after=None
[2024-04-21T20:42:38.335+0000] {processor.py:183} INFO - Processing /home/airflow/.local/lib/python3.9/site-packages/airflow/example_dags/example_python_operator.py took 0.215 seconds
[2024-04-21T20:43:09.632+0000] {processor.py:161} INFO - Started process (PID=123) to work on /home/airflow/.local/lib/python3.9/site-packages/airflow/example_dags/example_python_operator.py
[2024-04-21T20:43:09.634+0000] {processor.py:830} INFO - Processing file /home/airflow/.local/lib/python3.9/site-packages/airflow/example_dags/example_python_operator.py for tasks to queue
[2024-04-21T20:43:09.637+0000] {logging_mixin.py:188} INFO - [2024-04-21T20:43:09.636+0000] {dagbag.py:540} INFO - Filling up the DagBag from /home/airflow/.local/lib/python3.9/site-packages/airflow/example_dags/example_python_operator.py
[2024-04-21T20:43:09.647+0000] {processor.py:840} INFO - DAG(s) 'example_python_operator' retrieved from /home/airflow/.local/lib/python3.9/site-packages/airflow/example_dags/example_python_operator.py
[2024-04-21T20:43:09.707+0000] {logging_mixin.py:188} INFO - [2024-04-21T20:43:09.706+0000] {dag.py:3047} INFO - Sync 1 DAGs
[2024-04-21T20:43:09.720+0000] {logging_mixin.py:188} INFO - [2024-04-21T20:43:09.719+0000] {dag.py:3834} INFO - Setting next_dagrun for example_python_operator to None, run_after=None
[2024-04-21T20:43:09.770+0000] {processor.py:183} INFO - Processing /home/airflow/.local/lib/python3.9/site-packages/airflow/example_dags/example_python_operator.py took 0.141 seconds
[2024-04-21T20:43:39.854+0000] {processor.py:161} INFO - Started process (PID=180) to work on /home/airflow/.local/lib/python3.9/site-packages/airflow/example_dags/example_python_operator.py
[2024-04-21T20:43:39.855+0000] {processor.py:830} INFO - Processing file /home/airflow/.local/lib/python3.9/site-packages/airflow/example_dags/example_python_operator.py for tasks to queue
[2024-04-21T20:43:39.857+0000] {logging_mixin.py:188} INFO - [2024-04-21T20:43:39.857+0000] {dagbag.py:540} INFO - Filling up the DagBag from /home/airflow/.local/lib/python3.9/site-packages/airflow/example_dags/example_python_operator.py
[2024-04-21T20:43:39.867+0000] {processor.py:840} INFO - DAG(s) 'example_python_operator' retrieved from /home/airflow/.local/lib/python3.9/site-packages/airflow/example_dags/example_python_operator.py
[2024-04-21T20:43:39.930+0000] {logging_mixin.py:188} INFO - [2024-04-21T20:43:39.929+0000] {dag.py:3047} INFO - Sync 1 DAGs
[2024-04-21T20:43:39.943+0000] {logging_mixin.py:188} INFO - [2024-04-21T20:43:39.942+0000] {dag.py:3834} INFO - Setting next_dagrun for example_python_operator to None, run_after=None
[2024-04-21T20:43:39.975+0000] {processor.py:183} INFO - Processing /home/airflow/.local/lib/python3.9/site-packages/airflow/example_dags/example_python_operator.py took 0.125 seconds
[2024-04-21T20:44:11.374+0000] {processor.py:161} INFO - Started process (PID=237) to work on /home/airflow/.local/lib/python3.9/site-packages/airflow/example_dags/example_python_operator.py
[2024-04-21T20:44:11.375+0000] {processor.py:830} INFO - Processing file /home/airflow/.local/lib/python3.9/site-packages/airflow/example_dags/example_python_operator.py for tasks to queue
[2024-04-21T20:44:11.378+0000] {logging_mixin.py:188} INFO - [2024-04-21T20:44:11.377+0000] {dagbag.py:540} INFO - Filling up the DagBag from /home/airflow/.local/lib/python3.9/site-packages/airflow/example_dags/example_python_operator.py
[2024-04-21T20:44:11.389+0000] {processor.py:840} INFO - DAG(s) 'example_python_operator' retrieved from /home/airflow/.local/lib/python3.9/site-packages/airflow/example_dags/example_python_operator.py
[2024-04-21T20:44:11.460+0000] {logging_mixin.py:188} INFO - [2024-04-21T20:44:11.459+0000] {dag.py:3047} INFO - Sync 1 DAGs
[2024-04-21T20:44:11.482+0000] {logging_mixin.py:188} INFO - [2024-04-21T20:44:11.482+0000] {dag.py:3834} INFO - Setting next_dagrun for example_python_operator to None, run_after=None
[2024-04-21T20:44:11.522+0000] {processor.py:183} INFO - Processing /home/airflow/.local/lib/python3.9/site-packages/airflow/example_dags/example_python_operator.py took 0.150 seconds
[2024-04-21T20:44:43.420+0000] {processor.py:161} INFO - Started process (PID=294) to work on /home/airflow/.local/lib/python3.9/site-packages/airflow/example_dags/example_python_operator.py
[2024-04-21T20:44:43.422+0000] {processor.py:830} INFO - Processing file /home/airflow/.local/lib/python3.9/site-packages/airflow/example_dags/example_python_operator.py for tasks to queue
[2024-04-21T20:44:43.424+0000] {logging_mixin.py:188} INFO - [2024-04-21T20:44:43.424+0000] {dagbag.py:540} INFO - Filling up the DagBag from /home/airflow/.local/lib/python3.9/site-packages/airflow/example_dags/example_python_operator.py
[2024-04-21T20:44:43.434+0000] {processor.py:840} INFO - DAG(s) 'example_python_operator' retrieved from /home/airflow/.local/lib/python3.9/site-packages/airflow/example_dags/example_python_operator.py
[2024-04-21T20:44:43.488+0000] {logging_mixin.py:188} INFO - [2024-04-21T20:44:43.487+0000] {dag.py:3047} INFO - Sync 1 DAGs
[2024-04-21T20:44:43.500+0000] {logging_mixin.py:188} INFO - [2024-04-21T20:44:43.500+0000] {dag.py:3834} INFO - Setting next_dagrun for example_python_operator to None, run_after=None
[2024-04-21T20:44:43.534+0000] {processor.py:183} INFO - Processing /home/airflow/.local/lib/python3.9/site-packages/airflow/example_dags/example_python_operator.py took 0.116 seconds
[2024-04-21T20:45:13.897+0000] {processor.py:161} INFO - Started process (PID=351) to work on /home/airflow/.local/lib/python3.9/site-packages/airflow/example_dags/example_python_operator.py
[2024-04-21T20:45:13.898+0000] {processor.py:830} INFO - Processing file /home/airflow/.local/lib/python3.9/site-packages/airflow/example_dags/example_python_operator.py for tasks to queue
[2024-04-21T20:45:13.901+0000] {logging_mixin.py:188} INFO - [2024-04-21T20:45:13.900+0000] {dagbag.py:540} INFO - Filling up the DagBag from /home/airflow/.local/lib/python3.9/site-packages/airflow/example_dags/example_python_operator.py
[2024-04-21T20:45:13.915+0000] {processor.py:840} INFO - DAG(s) 'example_python_operator' retrieved from /home/airflow/.local/lib/python3.9/site-packages/airflow/example_dags/example_python_operator.py
[2024-04-21T20:45:13.974+0000] {logging_mixin.py:188} INFO - [2024-04-21T20:45:13.974+0000] {dag.py:3047} INFO - Sync 1 DAGs
[2024-04-21T20:45:13.987+0000] {logging_mixin.py:188} INFO - [2024-04-21T20:45:13.987+0000] {dag.py:3834} INFO - Setting next_dagrun for example_python_operator to None, run_after=None
[2024-04-21T20:45:14.022+0000] {processor.py:183} INFO - Processing /home/airflow/.local/lib/python3.9/site-packages/airflow/example_dags/example_python_operator.py took 0.129 seconds
[2024-04-21T20:45:45.139+0000] {processor.py:161} INFO - Started process (PID=408) to work on /home/airflow/.local/lib/python3.9/site-packages/airflow/example_dags/example_python_operator.py
[2024-04-21T20:45:45.140+0000] {processor.py:830} INFO - Processing file /home/airflow/.local/lib/python3.9/site-packages/airflow/example_dags/example_python_operator.py for tasks to queue
[2024-04-21T20:45:45.143+0000] {logging_mixin.py:188} INFO - [2024-04-21T20:45:45.142+0000] {dagbag.py:540} INFO - Filling up the DagBag from /home/airflow/.local/lib/python3.9/site-packages/airflow/example_dags/example_python_operator.py
[2024-04-21T20:45:45.171+0000] {processor.py:840} INFO - DAG(s) 'example_python_operator' retrieved from /home/airflow/.local/lib/python3.9/site-packages/airflow/example_dags/example_python_operator.py
[2024-04-21T20:45:45.457+0000] {logging_mixin.py:188} INFO - [2024-04-21T20:45:45.452+0000] {dag.py:3047} INFO - Sync 1 DAGs
[2024-04-21T20:45:45.478+0000] {logging_mixin.py:188} INFO - [2024-04-21T20:45:45.477+0000] {dag.py:3834} INFO - Setting next_dagrun for example_python_operator to None, run_after=None
[2024-04-21T20:45:45.567+0000] {processor.py:183} INFO - Processing /home/airflow/.local/lib/python3.9/site-packages/airflow/example_dags/example_python_operator.py took 0.432 seconds
[2024-04-21T20:46:16.134+0000] {processor.py:161} INFO - Started process (PID=465) to work on /home/airflow/.local/lib/python3.9/site-packages/airflow/example_dags/example_python_operator.py
[2024-04-21T20:46:16.135+0000] {processor.py:830} INFO - Processing file /home/airflow/.local/lib/python3.9/site-packages/airflow/example_dags/example_python_operator.py for tasks to queue
[2024-04-21T20:46:16.138+0000] {logging_mixin.py:188} INFO - [2024-04-21T20:46:16.137+0000] {dagbag.py:540} INFO - Filling up the DagBag from /home/airflow/.local/lib/python3.9/site-packages/airflow/example_dags/example_python_operator.py
[2024-04-21T20:46:16.149+0000] {processor.py:840} INFO - DAG(s) 'example_python_operator' retrieved from /home/airflow/.local/lib/python3.9/site-packages/airflow/example_dags/example_python_operator.py
[2024-04-21T20:46:16.211+0000] {logging_mixin.py:188} INFO - [2024-04-21T20:46:16.211+0000] {dag.py:3047} INFO - Sync 1 DAGs
[2024-04-21T20:46:16.233+0000] {logging_mixin.py:188} INFO - [2024-04-21T20:46:16.233+0000] {dag.py:3834} INFO - Setting next_dagrun for example_python_operator to None, run_after=None
[2024-04-21T20:46:16.269+0000] {processor.py:183} INFO - Processing /home/airflow/.local/lib/python3.9/site-packages/airflow/example_dags/example_python_operator.py took 0.134 seconds
[2024-04-21T20:46:47.205+0000] {processor.py:161} INFO - Started process (PID=522) to work on /home/airflow/.local/lib/python3.9/site-packages/airflow/example_dags/example_python_operator.py
[2024-04-21T20:46:47.206+0000] {processor.py:830} INFO - Processing file /home/airflow/.local/lib/python3.9/site-packages/airflow/example_dags/example_python_operator.py for tasks to queue
[2024-04-21T20:46:47.209+0000] {logging_mixin.py:188} INFO - [2024-04-21T20:46:47.208+0000] {dagbag.py:540} INFO - Filling up the DagBag from /home/airflow/.local/lib/python3.9/site-packages/airflow/example_dags/example_python_operator.py
[2024-04-21T20:46:47.220+0000] {processor.py:840} INFO - DAG(s) 'example_python_operator' retrieved from /home/airflow/.local/lib/python3.9/site-packages/airflow/example_dags/example_python_operator.py
[2024-04-21T20:46:47.277+0000] {logging_mixin.py:188} INFO - [2024-04-21T20:46:47.277+0000] {dag.py:3047} INFO - Sync 1 DAGs
[2024-04-21T20:46:47.293+0000] {logging_mixin.py:188} INFO - [2024-04-21T20:46:47.292+0000] {dag.py:3834} INFO - Setting next_dagrun for example_python_operator to None, run_after=None
[2024-04-21T20:46:47.326+0000] {processor.py:183} INFO - Processing /home/airflow/.local/lib/python3.9/site-packages/airflow/example_dags/example_python_operator.py took 0.124 seconds
[2024-04-21T20:47:17.805+0000] {processor.py:161} INFO - Started process (PID=579) to work on /home/airflow/.local/lib/python3.9/site-packages/airflow/example_dags/example_python_operator.py
[2024-04-21T20:47:17.807+0000] {processor.py:830} INFO - Processing file /home/airflow/.local/lib/python3.9/site-packages/airflow/example_dags/example_python_operator.py for tasks to queue
[2024-04-21T20:47:17.810+0000] {logging_mixin.py:188} INFO - [2024-04-21T20:47:17.809+0000] {dagbag.py:540} INFO - Filling up the DagBag from /home/airflow/.local/lib/python3.9/site-packages/airflow/example_dags/example_python_operator.py
[2024-04-21T20:47:17.831+0000] {processor.py:840} INFO - DAG(s) 'example_python_operator' retrieved from /home/airflow/.local/lib/python3.9/site-packages/airflow/example_dags/example_python_operator.py
[2024-04-21T20:47:17.892+0000] {logging_mixin.py:188} INFO - [2024-04-21T20:47:17.892+0000] {dag.py:3047} INFO - Sync 1 DAGs
[2024-04-21T20:47:17.905+0000] {logging_mixin.py:188} INFO - [2024-04-21T20:47:17.905+0000] {dag.py:3834} INFO - Setting next_dagrun for example_python_operator to None, run_after=None
[2024-04-21T20:47:17.937+0000] {processor.py:183} INFO - Processing /home/airflow/.local/lib/python3.9/site-packages/airflow/example_dags/example_python_operator.py took 0.136 seconds
[2024-04-21T20:47:48.254+0000] {processor.py:161} INFO - Started process (PID=634) to work on /home/airflow/.local/lib/python3.9/site-packages/airflow/example_dags/example_python_operator.py
[2024-04-21T20:47:48.256+0000] {processor.py:830} INFO - Processing file /home/airflow/.local/lib/python3.9/site-packages/airflow/example_dags/example_python_operator.py for tasks to queue
[2024-04-21T20:47:48.258+0000] {logging_mixin.py:188} INFO - [2024-04-21T20:47:48.257+0000] {dagbag.py:540} INFO - Filling up the DagBag from /home/airflow/.local/lib/python3.9/site-packages/airflow/example_dags/example_python_operator.py
[2024-04-21T20:47:48.268+0000] {processor.py:840} INFO - DAG(s) 'example_python_operator' retrieved from /home/airflow/.local/lib/python3.9/site-packages/airflow/example_dags/example_python_operator.py
[2024-04-21T20:47:48.324+0000] {logging_mixin.py:188} INFO - [2024-04-21T20:47:48.323+0000] {dag.py:3047} INFO - Sync 1 DAGs
[2024-04-21T20:47:48.336+0000] {logging_mixin.py:188} INFO - [2024-04-21T20:47:48.336+0000] {dag.py:3834} INFO - Setting next_dagrun for example_python_operator to None, run_after=None
[2024-04-21T20:47:48.368+0000] {processor.py:183} INFO - Processing /home/airflow/.local/lib/python3.9/site-packages/airflow/example_dags/example_python_operator.py took 0.117 seconds
[2024-04-21T21:00:53.424+0000] {processor.py:161} INFO - Started process (PID=73) to work on /home/airflow/.local/lib/python3.9/site-packages/airflow/example_dags/example_python_operator.py
[2024-04-21T21:00:53.426+0000] {processor.py:830} INFO - Processing file /home/airflow/.local/lib/python3.9/site-packages/airflow/example_dags/example_python_operator.py for tasks to queue
[2024-04-21T21:00:53.430+0000] {logging_mixin.py:188} INFO - [2024-04-21T21:00:53.429+0000] {dagbag.py:540} INFO - Filling up the DagBag from /home/airflow/.local/lib/python3.9/site-packages/airflow/example_dags/example_python_operator.py
[2024-04-21T21:00:53.449+0000] {processor.py:840} INFO - DAG(s) 'example_python_operator' retrieved from /home/airflow/.local/lib/python3.9/site-packages/airflow/example_dags/example_python_operator.py
[2024-04-21T21:00:53.718+0000] {logging_mixin.py:188} INFO - [2024-04-21T21:00:53.717+0000] {dag.py:3047} INFO - Sync 1 DAGs
[2024-04-21T21:00:53.755+0000] {logging_mixin.py:188} INFO - [2024-04-21T21:00:53.755+0000] {dag.py:3834} INFO - Setting next_dagrun for example_python_operator to None, run_after=None
[2024-04-21T21:00:53.911+0000] {processor.py:183} INFO - Processing /home/airflow/.local/lib/python3.9/site-packages/airflow/example_dags/example_python_operator.py took 0.492 seconds
[2024-04-21T21:01:23.959+0000] {processor.py:161} INFO - Started process (PID=124) to work on /home/airflow/.local/lib/python3.9/site-packages/airflow/example_dags/example_python_operator.py
[2024-04-21T21:01:23.960+0000] {processor.py:830} INFO - Processing file /home/airflow/.local/lib/python3.9/site-packages/airflow/example_dags/example_python_operator.py for tasks to queue
[2024-04-21T21:01:23.962+0000] {logging_mixin.py:188} INFO - [2024-04-21T21:01:23.962+0000] {dagbag.py:540} INFO - Filling up the DagBag from /home/airflow/.local/lib/python3.9/site-packages/airflow/example_dags/example_python_operator.py
[2024-04-21T21:01:23.973+0000] {processor.py:840} INFO - DAG(s) 'example_python_operator' retrieved from /home/airflow/.local/lib/python3.9/site-packages/airflow/example_dags/example_python_operator.py
[2024-04-21T21:01:24.040+0000] {logging_mixin.py:188} INFO - [2024-04-21T21:01:24.040+0000] {dag.py:3047} INFO - Sync 1 DAGs
[2024-04-21T21:01:24.054+0000] {logging_mixin.py:188} INFO - [2024-04-21T21:01:24.053+0000] {dag.py:3834} INFO - Setting next_dagrun for example_python_operator to None, run_after=None
[2024-04-21T21:01:24.091+0000] {processor.py:183} INFO - Processing /home/airflow/.local/lib/python3.9/site-packages/airflow/example_dags/example_python_operator.py took 0.135 seconds
[2024-04-21T21:04:41.151+0000] {processor.py:161} INFO - Started process (PID=78) to work on /home/airflow/.local/lib/python3.9/site-packages/airflow/example_dags/example_python_operator.py
[2024-04-21T21:04:41.154+0000] {processor.py:830} INFO - Processing file /home/airflow/.local/lib/python3.9/site-packages/airflow/example_dags/example_python_operator.py for tasks to queue
[2024-04-21T21:04:41.157+0000] {logging_mixin.py:188} INFO - [2024-04-21T21:04:41.157+0000] {dagbag.py:540} INFO - Filling up the DagBag from /home/airflow/.local/lib/python3.9/site-packages/airflow/example_dags/example_python_operator.py
[2024-04-21T21:04:41.179+0000] {processor.py:840} INFO - DAG(s) 'example_python_operator' retrieved from /home/airflow/.local/lib/python3.9/site-packages/airflow/example_dags/example_python_operator.py
[2024-04-21T21:04:41.571+0000] {logging_mixin.py:188} INFO - [2024-04-21T21:04:41.570+0000] {dag.py:3047} INFO - Sync 1 DAGs
[2024-04-21T21:04:41.590+0000] {logging_mixin.py:188} INFO - [2024-04-21T21:04:41.589+0000] {dag.py:3834} INFO - Setting next_dagrun for example_python_operator to None, run_after=None
[2024-04-21T21:04:41.650+0000] {processor.py:183} INFO - Processing /home/airflow/.local/lib/python3.9/site-packages/airflow/example_dags/example_python_operator.py took 0.504 seconds
[2024-04-21T21:05:12.206+0000] {processor.py:161} INFO - Started process (PID=135) to work on /home/airflow/.local/lib/python3.9/site-packages/airflow/example_dags/example_python_operator.py
[2024-04-21T21:05:12.208+0000] {processor.py:830} INFO - Processing file /home/airflow/.local/lib/python3.9/site-packages/airflow/example_dags/example_python_operator.py for tasks to queue
[2024-04-21T21:05:12.210+0000] {logging_mixin.py:188} INFO - [2024-04-21T21:05:12.209+0000] {dagbag.py:540} INFO - Filling up the DagBag from /home/airflow/.local/lib/python3.9/site-packages/airflow/example_dags/example_python_operator.py
[2024-04-21T21:05:12.222+0000] {processor.py:840} INFO - DAG(s) 'example_python_operator' retrieved from /home/airflow/.local/lib/python3.9/site-packages/airflow/example_dags/example_python_operator.py
[2024-04-21T21:05:12.281+0000] {logging_mixin.py:188} INFO - [2024-04-21T21:05:12.281+0000] {dag.py:3047} INFO - Sync 1 DAGs
[2024-04-21T21:05:12.295+0000] {logging_mixin.py:188} INFO - [2024-04-21T21:05:12.295+0000] {dag.py:3834} INFO - Setting next_dagrun for example_python_operator to None, run_after=None
[2024-04-21T21:05:12.332+0000] {processor.py:183} INFO - Processing /home/airflow/.local/lib/python3.9/site-packages/airflow/example_dags/example_python_operator.py took 0.129 seconds
[2024-04-21T21:05:43.003+0000] {processor.py:161} INFO - Started process (PID=200) to work on /home/airflow/.local/lib/python3.9/site-packages/airflow/example_dags/example_python_operator.py
[2024-04-21T21:05:43.004+0000] {processor.py:830} INFO - Processing file /home/airflow/.local/lib/python3.9/site-packages/airflow/example_dags/example_python_operator.py for tasks to queue
[2024-04-21T21:05:43.007+0000] {logging_mixin.py:188} INFO - [2024-04-21T21:05:43.006+0000] {dagbag.py:540} INFO - Filling up the DagBag from /home/airflow/.local/lib/python3.9/site-packages/airflow/example_dags/example_python_operator.py
[2024-04-21T21:05:43.018+0000] {processor.py:840} INFO - DAG(s) 'example_python_operator' retrieved from /home/airflow/.local/lib/python3.9/site-packages/airflow/example_dags/example_python_operator.py
[2024-04-21T21:05:43.080+0000] {logging_mixin.py:188} INFO - [2024-04-21T21:05:43.080+0000] {dag.py:3047} INFO - Sync 1 DAGs
[2024-04-21T21:05:43.097+0000] {logging_mixin.py:188} INFO - [2024-04-21T21:05:43.097+0000] {dag.py:3834} INFO - Setting next_dagrun for example_python_operator to None, run_after=None
[2024-04-21T21:05:43.133+0000] {processor.py:183} INFO - Processing /home/airflow/.local/lib/python3.9/site-packages/airflow/example_dags/example_python_operator.py took 0.133 seconds
