[2024-04-21T19:52:05.042+0000] {processor.py:161} INFO - Started process (PID=73) to work on /home/airflow/.local/lib/python3.9/site-packages/airflow/example_dags/example_time_delta_sensor_async.py
[2024-04-21T19:52:05.045+0000] {processor.py:830} INFO - Processing file /home/airflow/.local/lib/python3.9/site-packages/airflow/example_dags/example_time_delta_sensor_async.py for tasks to queue
[2024-04-21T19:52:05.050+0000] {logging_mixin.py:188} INFO - [2024-04-21T19:52:05.048+0000] {dagbag.py:540} INFO - Filling up the DagBag from /home/airflow/.local/lib/python3.9/site-packages/airflow/example_dags/example_time_delta_sensor_async.py
[2024-04-21T19:52:05.079+0000] {processor.py:840} INFO - DAG(s) 'example_time_delta_sensor_async' retrieved from /home/airflow/.local/lib/python3.9/site-packages/airflow/example_dags/example_time_delta_sensor_async.py
[2024-04-21T19:52:05.625+0000] {logging_mixin.py:188} INFO - [2024-04-21T19:52:05.625+0000] {dag.py:3047} INFO - Sync 1 DAGs
[2024-04-21T19:52:05.679+0000] {logging_mixin.py:188} INFO - [2024-04-21T19:52:05.679+0000] {dag.py:3834} INFO - Setting next_dagrun for example_time_delta_sensor_async to None, run_after=None
[2024-04-21T19:52:05.747+0000] {processor.py:183} INFO - Processing /home/airflow/.local/lib/python3.9/site-packages/airflow/example_dags/example_time_delta_sensor_async.py took 0.710 seconds
[2024-04-21T19:52:36.623+0000] {processor.py:161} INFO - Started process (PID=130) to work on /home/airflow/.local/lib/python3.9/site-packages/airflow/example_dags/example_time_delta_sensor_async.py
[2024-04-21T19:52:36.626+0000] {processor.py:830} INFO - Processing file /home/airflow/.local/lib/python3.9/site-packages/airflow/example_dags/example_time_delta_sensor_async.py for tasks to queue
[2024-04-21T19:52:36.631+0000] {logging_mixin.py:188} INFO - [2024-04-21T19:52:36.630+0000] {dagbag.py:540} INFO - Filling up the DagBag from /home/airflow/.local/lib/python3.9/site-packages/airflow/example_dags/example_time_delta_sensor_async.py
[2024-04-21T19:52:36.640+0000] {processor.py:840} INFO - DAG(s) 'example_time_delta_sensor_async' retrieved from /home/airflow/.local/lib/python3.9/site-packages/airflow/example_dags/example_time_delta_sensor_async.py
[2024-04-21T19:52:36.786+0000] {logging_mixin.py:188} INFO - [2024-04-21T19:52:36.786+0000] {dag.py:3047} INFO - Sync 1 DAGs
[2024-04-21T19:52:36.810+0000] {logging_mixin.py:188} INFO - [2024-04-21T19:52:36.809+0000] {dag.py:3834} INFO - Setting next_dagrun for example_time_delta_sensor_async to None, run_after=None
[2024-04-21T19:52:36.866+0000] {processor.py:183} INFO - Processing /home/airflow/.local/lib/python3.9/site-packages/airflow/example_dags/example_time_delta_sensor_async.py took 0.248 seconds
[2024-04-21T19:53:07.267+0000] {processor.py:161} INFO - Started process (PID=187) to work on /home/airflow/.local/lib/python3.9/site-packages/airflow/example_dags/example_time_delta_sensor_async.py
[2024-04-21T19:53:07.273+0000] {processor.py:830} INFO - Processing file /home/airflow/.local/lib/python3.9/site-packages/airflow/example_dags/example_time_delta_sensor_async.py for tasks to queue
[2024-04-21T19:53:07.282+0000] {logging_mixin.py:188} INFO - [2024-04-21T19:53:07.280+0000] {dagbag.py:540} INFO - Filling up the DagBag from /home/airflow/.local/lib/python3.9/site-packages/airflow/example_dags/example_time_delta_sensor_async.py
[2024-04-21T19:53:07.295+0000] {processor.py:840} INFO - DAG(s) 'example_time_delta_sensor_async' retrieved from /home/airflow/.local/lib/python3.9/site-packages/airflow/example_dags/example_time_delta_sensor_async.py
[2024-04-21T19:53:07.425+0000] {logging_mixin.py:188} INFO - [2024-04-21T19:53:07.424+0000] {dag.py:3047} INFO - Sync 1 DAGs
[2024-04-21T19:53:07.452+0000] {logging_mixin.py:188} INFO - [2024-04-21T19:53:07.451+0000] {dag.py:3834} INFO - Setting next_dagrun for example_time_delta_sensor_async to None, run_after=None
[2024-04-21T19:53:07.528+0000] {processor.py:183} INFO - Processing /home/airflow/.local/lib/python3.9/site-packages/airflow/example_dags/example_time_delta_sensor_async.py took 0.271 seconds
[2024-04-21T19:53:37.690+0000] {processor.py:161} INFO - Started process (PID=244) to work on /home/airflow/.local/lib/python3.9/site-packages/airflow/example_dags/example_time_delta_sensor_async.py
[2024-04-21T19:53:37.693+0000] {processor.py:830} INFO - Processing file /home/airflow/.local/lib/python3.9/site-packages/airflow/example_dags/example_time_delta_sensor_async.py for tasks to queue
[2024-04-21T19:53:37.697+0000] {logging_mixin.py:188} INFO - [2024-04-21T19:53:37.696+0000] {dagbag.py:540} INFO - Filling up the DagBag from /home/airflow/.local/lib/python3.9/site-packages/airflow/example_dags/example_time_delta_sensor_async.py
[2024-04-21T19:53:37.710+0000] {processor.py:840} INFO - DAG(s) 'example_time_delta_sensor_async' retrieved from /home/airflow/.local/lib/python3.9/site-packages/airflow/example_dags/example_time_delta_sensor_async.py
[2024-04-21T19:53:37.899+0000] {logging_mixin.py:188} INFO - [2024-04-21T19:53:37.898+0000] {dag.py:3047} INFO - Sync 1 DAGs
[2024-04-21T19:53:37.930+0000] {logging_mixin.py:188} INFO - [2024-04-21T19:53:37.930+0000] {dag.py:3834} INFO - Setting next_dagrun for example_time_delta_sensor_async to None, run_after=None
[2024-04-21T19:53:37.995+0000] {processor.py:183} INFO - Processing /home/airflow/.local/lib/python3.9/site-packages/airflow/example_dags/example_time_delta_sensor_async.py took 0.313 seconds
[2024-04-21T19:54:36.197+0000] {processor.py:161} INFO - Started process (PID=67) to work on /home/airflow/.local/lib/python3.9/site-packages/airflow/example_dags/example_time_delta_sensor_async.py
[2024-04-21T19:54:36.200+0000] {processor.py:830} INFO - Processing file /home/airflow/.local/lib/python3.9/site-packages/airflow/example_dags/example_time_delta_sensor_async.py for tasks to queue
[2024-04-21T19:54:36.205+0000] {logging_mixin.py:188} INFO - [2024-04-21T19:54:36.204+0000] {dagbag.py:540} INFO - Filling up the DagBag from /home/airflow/.local/lib/python3.9/site-packages/airflow/example_dags/example_time_delta_sensor_async.py
[2024-04-21T19:54:36.218+0000] {processor.py:840} INFO - DAG(s) 'example_time_delta_sensor_async' retrieved from /home/airflow/.local/lib/python3.9/site-packages/airflow/example_dags/example_time_delta_sensor_async.py
[2024-04-21T19:54:36.312+0000] {logging_mixin.py:188} INFO - [2024-04-21T19:54:36.312+0000] {dag.py:3047} INFO - Sync 1 DAGs
[2024-04-21T19:54:36.328+0000] {logging_mixin.py:188} INFO - [2024-04-21T19:54:36.328+0000] {dag.py:3834} INFO - Setting next_dagrun for example_time_delta_sensor_async to None, run_after=None
[2024-04-21T19:54:36.363+0000] {processor.py:183} INFO - Processing /home/airflow/.local/lib/python3.9/site-packages/airflow/example_dags/example_time_delta_sensor_async.py took 0.172 seconds
[2024-04-21T19:55:21.829+0000] {processor.py:161} INFO - Started process (PID=134) to work on /home/airflow/.local/lib/python3.9/site-packages/airflow/example_dags/example_time_delta_sensor_async.py
[2024-04-21T19:55:21.830+0000] {processor.py:830} INFO - Processing file /home/airflow/.local/lib/python3.9/site-packages/airflow/example_dags/example_time_delta_sensor_async.py for tasks to queue
[2024-04-21T19:55:21.833+0000] {logging_mixin.py:188} INFO - [2024-04-21T19:55:21.832+0000] {dagbag.py:540} INFO - Filling up the DagBag from /home/airflow/.local/lib/python3.9/site-packages/airflow/example_dags/example_time_delta_sensor_async.py
[2024-04-21T19:55:21.838+0000] {processor.py:840} INFO - DAG(s) 'example_time_delta_sensor_async' retrieved from /home/airflow/.local/lib/python3.9/site-packages/airflow/example_dags/example_time_delta_sensor_async.py
[2024-04-21T19:55:21.902+0000] {logging_mixin.py:188} INFO - [2024-04-21T19:55:21.902+0000] {dag.py:3047} INFO - Sync 1 DAGs
[2024-04-21T19:55:21.916+0000] {logging_mixin.py:188} INFO - [2024-04-21T19:55:21.916+0000] {dag.py:3834} INFO - Setting next_dagrun for example_time_delta_sensor_async to None, run_after=None
[2024-04-21T19:55:21.959+0000] {processor.py:183} INFO - Processing /home/airflow/.local/lib/python3.9/site-packages/airflow/example_dags/example_time_delta_sensor_async.py took 0.134 seconds
[2024-04-21T19:59:00.742+0000] {processor.py:161} INFO - Started process (PID=208) to work on /home/airflow/.local/lib/python3.9/site-packages/airflow/example_dags/example_time_delta_sensor_async.py
[2024-04-21T19:59:00.746+0000] {processor.py:830} INFO - Processing file /home/airflow/.local/lib/python3.9/site-packages/airflow/example_dags/example_time_delta_sensor_async.py for tasks to queue
[2024-04-21T19:59:00.755+0000] {logging_mixin.py:188} INFO - [2024-04-21T19:59:00.751+0000] {dagbag.py:540} INFO - Filling up the DagBag from /home/airflow/.local/lib/python3.9/site-packages/airflow/example_dags/example_time_delta_sensor_async.py
[2024-04-21T19:59:00.775+0000] {processor.py:840} INFO - DAG(s) 'example_time_delta_sensor_async' retrieved from /home/airflow/.local/lib/python3.9/site-packages/airflow/example_dags/example_time_delta_sensor_async.py
[2024-04-21T19:59:00.968+0000] {logging_mixin.py:188} INFO - [2024-04-21T19:59:00.967+0000] {dag.py:3047} INFO - Sync 1 DAGs
[2024-04-21T19:59:01.009+0000] {logging_mixin.py:188} INFO - [2024-04-21T19:59:01.008+0000] {dag.py:3834} INFO - Setting next_dagrun for example_time_delta_sensor_async to None, run_after=None
[2024-04-21T19:59:01.076+0000] {processor.py:183} INFO - Processing /home/airflow/.local/lib/python3.9/site-packages/airflow/example_dags/example_time_delta_sensor_async.py took 0.348 seconds
[2024-04-21T20:03:12.641+0000] {processor.py:161} INFO - Started process (PID=280) to work on /home/airflow/.local/lib/python3.9/site-packages/airflow/example_dags/example_time_delta_sensor_async.py
[2024-04-21T20:03:12.642+0000] {processor.py:830} INFO - Processing file /home/airflow/.local/lib/python3.9/site-packages/airflow/example_dags/example_time_delta_sensor_async.py for tasks to queue
[2024-04-21T20:03:12.644+0000] {logging_mixin.py:188} INFO - [2024-04-21T20:03:12.643+0000] {dagbag.py:540} INFO - Filling up the DagBag from /home/airflow/.local/lib/python3.9/site-packages/airflow/example_dags/example_time_delta_sensor_async.py
[2024-04-21T20:03:12.649+0000] {processor.py:840} INFO - DAG(s) 'example_time_delta_sensor_async' retrieved from /home/airflow/.local/lib/python3.9/site-packages/airflow/example_dags/example_time_delta_sensor_async.py
[2024-04-21T20:03:12.713+0000] {logging_mixin.py:188} INFO - [2024-04-21T20:03:12.713+0000] {dag.py:3047} INFO - Sync 1 DAGs
[2024-04-21T20:03:12.725+0000] {logging_mixin.py:188} INFO - [2024-04-21T20:03:12.725+0000] {dag.py:3834} INFO - Setting next_dagrun for example_time_delta_sensor_async to None, run_after=None
[2024-04-21T20:03:12.759+0000] {processor.py:183} INFO - Processing /home/airflow/.local/lib/python3.9/site-packages/airflow/example_dags/example_time_delta_sensor_async.py took 0.121 seconds
[2024-04-21T20:04:21.745+0000] {processor.py:161} INFO - Started process (PID=347) to work on /home/airflow/.local/lib/python3.9/site-packages/airflow/example_dags/example_time_delta_sensor_async.py
[2024-04-21T20:04:21.747+0000] {processor.py:830} INFO - Processing file /home/airflow/.local/lib/python3.9/site-packages/airflow/example_dags/example_time_delta_sensor_async.py for tasks to queue
[2024-04-21T20:04:21.748+0000] {logging_mixin.py:188} INFO - [2024-04-21T20:04:21.747+0000] {dagbag.py:540} INFO - Filling up the DagBag from /home/airflow/.local/lib/python3.9/site-packages/airflow/example_dags/example_time_delta_sensor_async.py
[2024-04-21T20:04:21.753+0000] {processor.py:840} INFO - DAG(s) 'example_time_delta_sensor_async' retrieved from /home/airflow/.local/lib/python3.9/site-packages/airflow/example_dags/example_time_delta_sensor_async.py
[2024-04-21T20:04:21.816+0000] {logging_mixin.py:188} INFO - [2024-04-21T20:04:21.815+0000] {dag.py:3047} INFO - Sync 1 DAGs
[2024-04-21T20:04:21.832+0000] {logging_mixin.py:188} INFO - [2024-04-21T20:04:21.831+0000] {dag.py:3834} INFO - Setting next_dagrun for example_time_delta_sensor_async to None, run_after=None
[2024-04-21T20:04:21.865+0000] {processor.py:183} INFO - Processing /home/airflow/.local/lib/python3.9/site-packages/airflow/example_dags/example_time_delta_sensor_async.py took 0.123 seconds
[2024-04-21T20:04:52.677+0000] {processor.py:161} INFO - Started process (PID=404) to work on /home/airflow/.local/lib/python3.9/site-packages/airflow/example_dags/example_time_delta_sensor_async.py
[2024-04-21T20:04:52.679+0000] {processor.py:830} INFO - Processing file /home/airflow/.local/lib/python3.9/site-packages/airflow/example_dags/example_time_delta_sensor_async.py for tasks to queue
[2024-04-21T20:04:52.681+0000] {logging_mixin.py:188} INFO - [2024-04-21T20:04:52.680+0000] {dagbag.py:540} INFO - Filling up the DagBag from /home/airflow/.local/lib/python3.9/site-packages/airflow/example_dags/example_time_delta_sensor_async.py
[2024-04-21T20:04:52.688+0000] {processor.py:840} INFO - DAG(s) 'example_time_delta_sensor_async' retrieved from /home/airflow/.local/lib/python3.9/site-packages/airflow/example_dags/example_time_delta_sensor_async.py
[2024-04-21T20:04:52.798+0000] {logging_mixin.py:188} INFO - [2024-04-21T20:04:52.797+0000] {dag.py:3047} INFO - Sync 1 DAGs
[2024-04-21T20:04:52.823+0000] {logging_mixin.py:188} INFO - [2024-04-21T20:04:52.823+0000] {dag.py:3834} INFO - Setting next_dagrun for example_time_delta_sensor_async to None, run_after=None
[2024-04-21T20:04:52.872+0000] {processor.py:183} INFO - Processing /home/airflow/.local/lib/python3.9/site-packages/airflow/example_dags/example_time_delta_sensor_async.py took 0.201 seconds
[2024-04-21T20:05:22.939+0000] {processor.py:161} INFO - Started process (PID=461) to work on /home/airflow/.local/lib/python3.9/site-packages/airflow/example_dags/example_time_delta_sensor_async.py
[2024-04-21T20:05:22.942+0000] {processor.py:830} INFO - Processing file /home/airflow/.local/lib/python3.9/site-packages/airflow/example_dags/example_time_delta_sensor_async.py for tasks to queue
[2024-04-21T20:05:22.944+0000] {logging_mixin.py:188} INFO - [2024-04-21T20:05:22.944+0000] {dagbag.py:540} INFO - Filling up the DagBag from /home/airflow/.local/lib/python3.9/site-packages/airflow/example_dags/example_time_delta_sensor_async.py
[2024-04-21T20:05:22.955+0000] {processor.py:840} INFO - DAG(s) 'example_time_delta_sensor_async' retrieved from /home/airflow/.local/lib/python3.9/site-packages/airflow/example_dags/example_time_delta_sensor_async.py
[2024-04-21T20:05:23.059+0000] {logging_mixin.py:188} INFO - [2024-04-21T20:05:23.059+0000] {dag.py:3047} INFO - Sync 1 DAGs
[2024-04-21T20:05:23.080+0000] {logging_mixin.py:188} INFO - [2024-04-21T20:05:23.079+0000] {dag.py:3834} INFO - Setting next_dagrun for example_time_delta_sensor_async to None, run_after=None
[2024-04-21T20:05:23.129+0000] {processor.py:183} INFO - Processing /home/airflow/.local/lib/python3.9/site-packages/airflow/example_dags/example_time_delta_sensor_async.py took 0.194 seconds
[2024-04-21T20:05:54.666+0000] {processor.py:161} INFO - Started process (PID=518) to work on /home/airflow/.local/lib/python3.9/site-packages/airflow/example_dags/example_time_delta_sensor_async.py
[2024-04-21T20:05:54.668+0000] {processor.py:830} INFO - Processing file /home/airflow/.local/lib/python3.9/site-packages/airflow/example_dags/example_time_delta_sensor_async.py for tasks to queue
[2024-04-21T20:05:54.670+0000] {logging_mixin.py:188} INFO - [2024-04-21T20:05:54.669+0000] {dagbag.py:540} INFO - Filling up the DagBag from /home/airflow/.local/lib/python3.9/site-packages/airflow/example_dags/example_time_delta_sensor_async.py
[2024-04-21T20:05:54.680+0000] {processor.py:840} INFO - DAG(s) 'example_time_delta_sensor_async' retrieved from /home/airflow/.local/lib/python3.9/site-packages/airflow/example_dags/example_time_delta_sensor_async.py
[2024-04-21T20:05:54.791+0000] {logging_mixin.py:188} INFO - [2024-04-21T20:05:54.790+0000] {dag.py:3047} INFO - Sync 1 DAGs
[2024-04-21T20:05:54.817+0000] {logging_mixin.py:188} INFO - [2024-04-21T20:05:54.816+0000] {dag.py:3834} INFO - Setting next_dagrun for example_time_delta_sensor_async to None, run_after=None
[2024-04-21T20:05:54.882+0000] {processor.py:183} INFO - Processing /home/airflow/.local/lib/python3.9/site-packages/airflow/example_dags/example_time_delta_sensor_async.py took 0.223 seconds
[2024-04-21T20:06:48.954+0000] {processor.py:161} INFO - Started process (PID=581) to work on /home/airflow/.local/lib/python3.9/site-packages/airflow/example_dags/example_time_delta_sensor_async.py
[2024-04-21T20:06:48.956+0000] {processor.py:830} INFO - Processing file /home/airflow/.local/lib/python3.9/site-packages/airflow/example_dags/example_time_delta_sensor_async.py for tasks to queue
[2024-04-21T20:06:48.957+0000] {logging_mixin.py:188} INFO - [2024-04-21T20:06:48.956+0000] {dagbag.py:540} INFO - Filling up the DagBag from /home/airflow/.local/lib/python3.9/site-packages/airflow/example_dags/example_time_delta_sensor_async.py
[2024-04-21T20:06:48.962+0000] {processor.py:840} INFO - DAG(s) 'example_time_delta_sensor_async' retrieved from /home/airflow/.local/lib/python3.9/site-packages/airflow/example_dags/example_time_delta_sensor_async.py
[2024-04-21T20:06:49.029+0000] {logging_mixin.py:188} INFO - [2024-04-21T20:06:49.029+0000] {dag.py:3047} INFO - Sync 1 DAGs
[2024-04-21T20:06:49.043+0000] {logging_mixin.py:188} INFO - [2024-04-21T20:06:49.043+0000] {dag.py:3834} INFO - Setting next_dagrun for example_time_delta_sensor_async to None, run_after=None
[2024-04-21T20:06:49.086+0000] {processor.py:183} INFO - Processing /home/airflow/.local/lib/python3.9/site-packages/airflow/example_dags/example_time_delta_sensor_async.py took 0.135 seconds
[2024-04-21T20:07:20.002+0000] {processor.py:161} INFO - Started process (PID=639) to work on /home/airflow/.local/lib/python3.9/site-packages/airflow/example_dags/example_time_delta_sensor_async.py
[2024-04-21T20:07:20.004+0000] {processor.py:830} INFO - Processing file /home/airflow/.local/lib/python3.9/site-packages/airflow/example_dags/example_time_delta_sensor_async.py for tasks to queue
[2024-04-21T20:07:20.006+0000] {logging_mixin.py:188} INFO - [2024-04-21T20:07:20.006+0000] {dagbag.py:540} INFO - Filling up the DagBag from /home/airflow/.local/lib/python3.9/site-packages/airflow/example_dags/example_time_delta_sensor_async.py
[2024-04-21T20:07:20.015+0000] {processor.py:840} INFO - DAG(s) 'example_time_delta_sensor_async' retrieved from /home/airflow/.local/lib/python3.9/site-packages/airflow/example_dags/example_time_delta_sensor_async.py
[2024-04-21T20:07:20.116+0000] {logging_mixin.py:188} INFO - [2024-04-21T20:07:20.115+0000] {dag.py:3047} INFO - Sync 1 DAGs
[2024-04-21T20:07:20.141+0000] {logging_mixin.py:188} INFO - [2024-04-21T20:07:20.140+0000] {dag.py:3834} INFO - Setting next_dagrun for example_time_delta_sensor_async to None, run_after=None
[2024-04-21T20:07:20.205+0000] {processor.py:183} INFO - Processing /home/airflow/.local/lib/python3.9/site-packages/airflow/example_dags/example_time_delta_sensor_async.py took 0.209 seconds
[2024-04-21T20:07:51.088+0000] {processor.py:161} INFO - Started process (PID=696) to work on /home/airflow/.local/lib/python3.9/site-packages/airflow/example_dags/example_time_delta_sensor_async.py
[2024-04-21T20:07:51.090+0000] {processor.py:830} INFO - Processing file /home/airflow/.local/lib/python3.9/site-packages/airflow/example_dags/example_time_delta_sensor_async.py for tasks to queue
[2024-04-21T20:07:51.093+0000] {logging_mixin.py:188} INFO - [2024-04-21T20:07:51.092+0000] {dagbag.py:540} INFO - Filling up the DagBag from /home/airflow/.local/lib/python3.9/site-packages/airflow/example_dags/example_time_delta_sensor_async.py
[2024-04-21T20:07:51.101+0000] {processor.py:840} INFO - DAG(s) 'example_time_delta_sensor_async' retrieved from /home/airflow/.local/lib/python3.9/site-packages/airflow/example_dags/example_time_delta_sensor_async.py
[2024-04-21T20:07:51.235+0000] {logging_mixin.py:188} INFO - [2024-04-21T20:07:51.235+0000] {dag.py:3047} INFO - Sync 1 DAGs
[2024-04-21T20:07:51.260+0000] {logging_mixin.py:188} INFO - [2024-04-21T20:07:51.260+0000] {dag.py:3834} INFO - Setting next_dagrun for example_time_delta_sensor_async to None, run_after=None
[2024-04-21T20:07:51.311+0000] {processor.py:183} INFO - Processing /home/airflow/.local/lib/python3.9/site-packages/airflow/example_dags/example_time_delta_sensor_async.py took 0.228 seconds
[2024-04-21T20:08:23.366+0000] {processor.py:161} INFO - Started process (PID=752) to work on /home/airflow/.local/lib/python3.9/site-packages/airflow/example_dags/example_time_delta_sensor_async.py
[2024-04-21T20:08:23.368+0000] {processor.py:830} INFO - Processing file /home/airflow/.local/lib/python3.9/site-packages/airflow/example_dags/example_time_delta_sensor_async.py for tasks to queue
[2024-04-21T20:08:23.369+0000] {logging_mixin.py:188} INFO - [2024-04-21T20:08:23.369+0000] {dagbag.py:540} INFO - Filling up the DagBag from /home/airflow/.local/lib/python3.9/site-packages/airflow/example_dags/example_time_delta_sensor_async.py
[2024-04-21T20:08:23.377+0000] {processor.py:840} INFO - DAG(s) 'example_time_delta_sensor_async' retrieved from /home/airflow/.local/lib/python3.9/site-packages/airflow/example_dags/example_time_delta_sensor_async.py
[2024-04-21T20:08:23.447+0000] {logging_mixin.py:188} INFO - [2024-04-21T20:08:23.447+0000] {dag.py:3047} INFO - Sync 1 DAGs
[2024-04-21T20:08:23.460+0000] {logging_mixin.py:188} INFO - [2024-04-21T20:08:23.460+0000] {dag.py:3834} INFO - Setting next_dagrun for example_time_delta_sensor_async to None, run_after=None
[2024-04-21T20:08:23.496+0000] {processor.py:183} INFO - Processing /home/airflow/.local/lib/python3.9/site-packages/airflow/example_dags/example_time_delta_sensor_async.py took 0.135 seconds
[2024-04-21T20:10:05.696+0000] {processor.py:161} INFO - Started process (PID=823) to work on /home/airflow/.local/lib/python3.9/site-packages/airflow/example_dags/example_time_delta_sensor_async.py
[2024-04-21T20:10:05.700+0000] {processor.py:830} INFO - Processing file /home/airflow/.local/lib/python3.9/site-packages/airflow/example_dags/example_time_delta_sensor_async.py for tasks to queue
[2024-04-21T20:10:05.704+0000] {logging_mixin.py:188} INFO - [2024-04-21T20:10:05.703+0000] {dagbag.py:540} INFO - Filling up the DagBag from /home/airflow/.local/lib/python3.9/site-packages/airflow/example_dags/example_time_delta_sensor_async.py
[2024-04-21T20:10:05.717+0000] {processor.py:840} INFO - DAG(s) 'example_time_delta_sensor_async' retrieved from /home/airflow/.local/lib/python3.9/site-packages/airflow/example_dags/example_time_delta_sensor_async.py
[2024-04-21T20:10:05.833+0000] {logging_mixin.py:188} INFO - [2024-04-21T20:10:05.833+0000] {dag.py:3047} INFO - Sync 1 DAGs
[2024-04-21T20:10:05.847+0000] {logging_mixin.py:188} INFO - [2024-04-21T20:10:05.847+0000] {dag.py:3834} INFO - Setting next_dagrun for example_time_delta_sensor_async to None, run_after=None
[2024-04-21T20:10:05.881+0000] {processor.py:183} INFO - Processing /home/airflow/.local/lib/python3.9/site-packages/airflow/example_dags/example_time_delta_sensor_async.py took 0.194 seconds
[2024-04-21T20:10:36.798+0000] {processor.py:161} INFO - Started process (PID=880) to work on /home/airflow/.local/lib/python3.9/site-packages/airflow/example_dags/example_time_delta_sensor_async.py
[2024-04-21T20:10:36.799+0000] {processor.py:830} INFO - Processing file /home/airflow/.local/lib/python3.9/site-packages/airflow/example_dags/example_time_delta_sensor_async.py for tasks to queue
[2024-04-21T20:10:36.800+0000] {logging_mixin.py:188} INFO - [2024-04-21T20:10:36.800+0000] {dagbag.py:540} INFO - Filling up the DagBag from /home/airflow/.local/lib/python3.9/site-packages/airflow/example_dags/example_time_delta_sensor_async.py
[2024-04-21T20:10:36.805+0000] {processor.py:840} INFO - DAG(s) 'example_time_delta_sensor_async' retrieved from /home/airflow/.local/lib/python3.9/site-packages/airflow/example_dags/example_time_delta_sensor_async.py
[2024-04-21T20:10:36.863+0000] {logging_mixin.py:188} INFO - [2024-04-21T20:10:36.863+0000] {dag.py:3047} INFO - Sync 1 DAGs
[2024-04-21T20:10:36.876+0000] {logging_mixin.py:188} INFO - [2024-04-21T20:10:36.875+0000] {dag.py:3834} INFO - Setting next_dagrun for example_time_delta_sensor_async to None, run_after=None
[2024-04-21T20:10:36.911+0000] {processor.py:183} INFO - Processing /home/airflow/.local/lib/python3.9/site-packages/airflow/example_dags/example_time_delta_sensor_async.py took 0.116 seconds
[2024-04-21T20:11:07.327+0000] {processor.py:161} INFO - Started process (PID=939) to work on /home/airflow/.local/lib/python3.9/site-packages/airflow/example_dags/example_time_delta_sensor_async.py
[2024-04-21T20:11:07.328+0000] {processor.py:830} INFO - Processing file /home/airflow/.local/lib/python3.9/site-packages/airflow/example_dags/example_time_delta_sensor_async.py for tasks to queue
[2024-04-21T20:11:07.329+0000] {logging_mixin.py:188} INFO - [2024-04-21T20:11:07.329+0000] {dagbag.py:540} INFO - Filling up the DagBag from /home/airflow/.local/lib/python3.9/site-packages/airflow/example_dags/example_time_delta_sensor_async.py
[2024-04-21T20:11:07.334+0000] {processor.py:840} INFO - DAG(s) 'example_time_delta_sensor_async' retrieved from /home/airflow/.local/lib/python3.9/site-packages/airflow/example_dags/example_time_delta_sensor_async.py
[2024-04-21T20:11:07.389+0000] {logging_mixin.py:188} INFO - [2024-04-21T20:11:07.389+0000] {dag.py:3047} INFO - Sync 1 DAGs
[2024-04-21T20:11:07.400+0000] {logging_mixin.py:188} INFO - [2024-04-21T20:11:07.400+0000] {dag.py:3834} INFO - Setting next_dagrun for example_time_delta_sensor_async to None, run_after=None
[2024-04-21T20:11:07.430+0000] {processor.py:183} INFO - Processing /home/airflow/.local/lib/python3.9/site-packages/airflow/example_dags/example_time_delta_sensor_async.py took 0.106 seconds
[2024-04-21T20:14:23.874+0000] {processor.py:161} INFO - Started process (PID=67) to work on /home/airflow/.local/lib/python3.9/site-packages/airflow/example_dags/example_time_delta_sensor_async.py
[2024-04-21T20:14:23.876+0000] {processor.py:830} INFO - Processing file /home/airflow/.local/lib/python3.9/site-packages/airflow/example_dags/example_time_delta_sensor_async.py for tasks to queue
[2024-04-21T20:14:23.878+0000] {logging_mixin.py:188} INFO - [2024-04-21T20:14:23.878+0000] {dagbag.py:540} INFO - Filling up the DagBag from /home/airflow/.local/lib/python3.9/site-packages/airflow/example_dags/example_time_delta_sensor_async.py
[2024-04-21T20:14:23.884+0000] {processor.py:840} INFO - DAG(s) 'example_time_delta_sensor_async' retrieved from /home/airflow/.local/lib/python3.9/site-packages/airflow/example_dags/example_time_delta_sensor_async.py
[2024-04-21T20:14:24.076+0000] {logging_mixin.py:188} INFO - [2024-04-21T20:14:24.076+0000] {dag.py:3047} INFO - Sync 1 DAGs
[2024-04-21T20:14:24.089+0000] {logging_mixin.py:188} INFO - [2024-04-21T20:14:24.088+0000] {dag.py:3834} INFO - Setting next_dagrun for example_time_delta_sensor_async to None, run_after=None
[2024-04-21T20:14:24.126+0000] {processor.py:183} INFO - Processing /home/airflow/.local/lib/python3.9/site-packages/airflow/example_dags/example_time_delta_sensor_async.py took 0.255 seconds
[2024-04-21T20:14:54.255+0000] {processor.py:161} INFO - Started process (PID=125) to work on /home/airflow/.local/lib/python3.9/site-packages/airflow/example_dags/example_time_delta_sensor_async.py
[2024-04-21T20:14:54.257+0000] {processor.py:830} INFO - Processing file /home/airflow/.local/lib/python3.9/site-packages/airflow/example_dags/example_time_delta_sensor_async.py for tasks to queue
[2024-04-21T20:14:54.259+0000] {logging_mixin.py:188} INFO - [2024-04-21T20:14:54.259+0000] {dagbag.py:540} INFO - Filling up the DagBag from /home/airflow/.local/lib/python3.9/site-packages/airflow/example_dags/example_time_delta_sensor_async.py
[2024-04-21T20:14:54.264+0000] {processor.py:840} INFO - DAG(s) 'example_time_delta_sensor_async' retrieved from /home/airflow/.local/lib/python3.9/site-packages/airflow/example_dags/example_time_delta_sensor_async.py
[2024-04-21T20:14:54.322+0000] {logging_mixin.py:188} INFO - [2024-04-21T20:14:54.321+0000] {dag.py:3047} INFO - Sync 1 DAGs
[2024-04-21T20:14:54.334+0000] {logging_mixin.py:188} INFO - [2024-04-21T20:14:54.334+0000] {dag.py:3834} INFO - Setting next_dagrun for example_time_delta_sensor_async to None, run_after=None
[2024-04-21T20:14:54.369+0000] {processor.py:183} INFO - Processing /home/airflow/.local/lib/python3.9/site-packages/airflow/example_dags/example_time_delta_sensor_async.py took 0.117 seconds
[2024-04-21T20:15:24.799+0000] {processor.py:161} INFO - Started process (PID=182) to work on /home/airflow/.local/lib/python3.9/site-packages/airflow/example_dags/example_time_delta_sensor_async.py
[2024-04-21T20:15:24.801+0000] {processor.py:830} INFO - Processing file /home/airflow/.local/lib/python3.9/site-packages/airflow/example_dags/example_time_delta_sensor_async.py for tasks to queue
[2024-04-21T20:15:24.803+0000] {logging_mixin.py:188} INFO - [2024-04-21T20:15:24.803+0000] {dagbag.py:540} INFO - Filling up the DagBag from /home/airflow/.local/lib/python3.9/site-packages/airflow/example_dags/example_time_delta_sensor_async.py
[2024-04-21T20:15:24.810+0000] {processor.py:840} INFO - DAG(s) 'example_time_delta_sensor_async' retrieved from /home/airflow/.local/lib/python3.9/site-packages/airflow/example_dags/example_time_delta_sensor_async.py
[2024-04-21T20:15:24.884+0000] {logging_mixin.py:188} INFO - [2024-04-21T20:15:24.883+0000] {dag.py:3047} INFO - Sync 1 DAGs
[2024-04-21T20:15:24.902+0000] {logging_mixin.py:188} INFO - [2024-04-21T20:15:24.902+0000] {dag.py:3834} INFO - Setting next_dagrun for example_time_delta_sensor_async to None, run_after=None
[2024-04-21T20:15:24.946+0000] {processor.py:183} INFO - Processing /home/airflow/.local/lib/python3.9/site-packages/airflow/example_dags/example_time_delta_sensor_async.py took 0.150 seconds
[2024-04-21T20:16:18.422+0000] {processor.py:161} INFO - Started process (PID=67) to work on /home/airflow/.local/lib/python3.9/site-packages/airflow/example_dags/example_time_delta_sensor_async.py
[2024-04-21T20:16:18.423+0000] {processor.py:830} INFO - Processing file /home/airflow/.local/lib/python3.9/site-packages/airflow/example_dags/example_time_delta_sensor_async.py for tasks to queue
[2024-04-21T20:16:18.425+0000] {logging_mixin.py:188} INFO - [2024-04-21T20:16:18.425+0000] {dagbag.py:540} INFO - Filling up the DagBag from /home/airflow/.local/lib/python3.9/site-packages/airflow/example_dags/example_time_delta_sensor_async.py
[2024-04-21T20:16:18.430+0000] {processor.py:840} INFO - DAG(s) 'example_time_delta_sensor_async' retrieved from /home/airflow/.local/lib/python3.9/site-packages/airflow/example_dags/example_time_delta_sensor_async.py
[2024-04-21T20:16:18.491+0000] {logging_mixin.py:188} INFO - [2024-04-21T20:16:18.491+0000] {dag.py:3047} INFO - Sync 1 DAGs
[2024-04-21T20:16:18.504+0000] {logging_mixin.py:188} INFO - [2024-04-21T20:16:18.504+0000] {dag.py:3834} INFO - Setting next_dagrun for example_time_delta_sensor_async to None, run_after=None
[2024-04-21T20:16:18.542+0000] {processor.py:183} INFO - Processing /home/airflow/.local/lib/python3.9/site-packages/airflow/example_dags/example_time_delta_sensor_async.py took 0.124 seconds
[2024-04-21T20:16:49.076+0000] {processor.py:161} INFO - Started process (PID=124) to work on /home/airflow/.local/lib/python3.9/site-packages/airflow/example_dags/example_time_delta_sensor_async.py
[2024-04-21T20:16:49.078+0000] {processor.py:830} INFO - Processing file /home/airflow/.local/lib/python3.9/site-packages/airflow/example_dags/example_time_delta_sensor_async.py for tasks to queue
[2024-04-21T20:16:49.080+0000] {logging_mixin.py:188} INFO - [2024-04-21T20:16:49.079+0000] {dagbag.py:540} INFO - Filling up the DagBag from /home/airflow/.local/lib/python3.9/site-packages/airflow/example_dags/example_time_delta_sensor_async.py
[2024-04-21T20:16:49.086+0000] {processor.py:840} INFO - DAG(s) 'example_time_delta_sensor_async' retrieved from /home/airflow/.local/lib/python3.9/site-packages/airflow/example_dags/example_time_delta_sensor_async.py
[2024-04-21T20:16:49.141+0000] {logging_mixin.py:188} INFO - [2024-04-21T20:16:49.141+0000] {dag.py:3047} INFO - Sync 1 DAGs
[2024-04-21T20:16:49.155+0000] {logging_mixin.py:188} INFO - [2024-04-21T20:16:49.155+0000] {dag.py:3834} INFO - Setting next_dagrun for example_time_delta_sensor_async to None, run_after=None
[2024-04-21T20:16:49.189+0000] {processor.py:183} INFO - Processing /home/airflow/.local/lib/python3.9/site-packages/airflow/example_dags/example_time_delta_sensor_async.py took 0.116 seconds
[2024-04-21T20:17:19.603+0000] {processor.py:161} INFO - Started process (PID=181) to work on /home/airflow/.local/lib/python3.9/site-packages/airflow/example_dags/example_time_delta_sensor_async.py
[2024-04-21T20:17:19.604+0000] {processor.py:830} INFO - Processing file /home/airflow/.local/lib/python3.9/site-packages/airflow/example_dags/example_time_delta_sensor_async.py for tasks to queue
[2024-04-21T20:17:19.607+0000] {logging_mixin.py:188} INFO - [2024-04-21T20:17:19.606+0000] {dagbag.py:540} INFO - Filling up the DagBag from /home/airflow/.local/lib/python3.9/site-packages/airflow/example_dags/example_time_delta_sensor_async.py
[2024-04-21T20:17:19.612+0000] {processor.py:840} INFO - DAG(s) 'example_time_delta_sensor_async' retrieved from /home/airflow/.local/lib/python3.9/site-packages/airflow/example_dags/example_time_delta_sensor_async.py
[2024-04-21T20:17:19.666+0000] {logging_mixin.py:188} INFO - [2024-04-21T20:17:19.665+0000] {dag.py:3047} INFO - Sync 1 DAGs
[2024-04-21T20:17:19.678+0000] {logging_mixin.py:188} INFO - [2024-04-21T20:17:19.677+0000] {dag.py:3834} INFO - Setting next_dagrun for example_time_delta_sensor_async to None, run_after=None
[2024-04-21T20:17:19.714+0000] {processor.py:183} INFO - Processing /home/airflow/.local/lib/python3.9/site-packages/airflow/example_dags/example_time_delta_sensor_async.py took 0.115 seconds
[2024-04-21T20:17:50.219+0000] {processor.py:161} INFO - Started process (PID=238) to work on /home/airflow/.local/lib/python3.9/site-packages/airflow/example_dags/example_time_delta_sensor_async.py
[2024-04-21T20:17:50.220+0000] {processor.py:830} INFO - Processing file /home/airflow/.local/lib/python3.9/site-packages/airflow/example_dags/example_time_delta_sensor_async.py for tasks to queue
[2024-04-21T20:17:50.222+0000] {logging_mixin.py:188} INFO - [2024-04-21T20:17:50.222+0000] {dagbag.py:540} INFO - Filling up the DagBag from /home/airflow/.local/lib/python3.9/site-packages/airflow/example_dags/example_time_delta_sensor_async.py
[2024-04-21T20:17:50.227+0000] {processor.py:840} INFO - DAG(s) 'example_time_delta_sensor_async' retrieved from /home/airflow/.local/lib/python3.9/site-packages/airflow/example_dags/example_time_delta_sensor_async.py
[2024-04-21T20:17:50.284+0000] {logging_mixin.py:188} INFO - [2024-04-21T20:17:50.284+0000] {dag.py:3047} INFO - Sync 1 DAGs
[2024-04-21T20:17:50.300+0000] {logging_mixin.py:188} INFO - [2024-04-21T20:17:50.300+0000] {dag.py:3834} INFO - Setting next_dagrun for example_time_delta_sensor_async to None, run_after=None
[2024-04-21T20:17:50.338+0000] {processor.py:183} INFO - Processing /home/airflow/.local/lib/python3.9/site-packages/airflow/example_dags/example_time_delta_sensor_async.py took 0.122 seconds
[2024-04-21T20:18:21.165+0000] {processor.py:161} INFO - Started process (PID=295) to work on /home/airflow/.local/lib/python3.9/site-packages/airflow/example_dags/example_time_delta_sensor_async.py
[2024-04-21T20:18:21.167+0000] {processor.py:830} INFO - Processing file /home/airflow/.local/lib/python3.9/site-packages/airflow/example_dags/example_time_delta_sensor_async.py for tasks to queue
[2024-04-21T20:18:21.170+0000] {logging_mixin.py:188} INFO - [2024-04-21T20:18:21.169+0000] {dagbag.py:540} INFO - Filling up the DagBag from /home/airflow/.local/lib/python3.9/site-packages/airflow/example_dags/example_time_delta_sensor_async.py
[2024-04-21T20:18:21.174+0000] {processor.py:840} INFO - DAG(s) 'example_time_delta_sensor_async' retrieved from /home/airflow/.local/lib/python3.9/site-packages/airflow/example_dags/example_time_delta_sensor_async.py
[2024-04-21T20:18:21.238+0000] {logging_mixin.py:188} INFO - [2024-04-21T20:18:21.238+0000] {dag.py:3047} INFO - Sync 1 DAGs
[2024-04-21T20:18:21.252+0000] {logging_mixin.py:188} INFO - [2024-04-21T20:18:21.252+0000] {dag.py:3834} INFO - Setting next_dagrun for example_time_delta_sensor_async to None, run_after=None
[2024-04-21T20:18:21.293+0000] {processor.py:183} INFO - Processing /home/airflow/.local/lib/python3.9/site-packages/airflow/example_dags/example_time_delta_sensor_async.py took 0.131 seconds
[2024-04-21T20:18:52.899+0000] {processor.py:161} INFO - Started process (PID=352) to work on /home/airflow/.local/lib/python3.9/site-packages/airflow/example_dags/example_time_delta_sensor_async.py
[2024-04-21T20:18:52.901+0000] {processor.py:830} INFO - Processing file /home/airflow/.local/lib/python3.9/site-packages/airflow/example_dags/example_time_delta_sensor_async.py for tasks to queue
[2024-04-21T20:18:52.903+0000] {logging_mixin.py:188} INFO - [2024-04-21T20:18:52.903+0000] {dagbag.py:540} INFO - Filling up the DagBag from /home/airflow/.local/lib/python3.9/site-packages/airflow/example_dags/example_time_delta_sensor_async.py
[2024-04-21T20:18:52.907+0000] {processor.py:840} INFO - DAG(s) 'example_time_delta_sensor_async' retrieved from /home/airflow/.local/lib/python3.9/site-packages/airflow/example_dags/example_time_delta_sensor_async.py
[2024-04-21T20:18:52.959+0000] {logging_mixin.py:188} INFO - [2024-04-21T20:18:52.959+0000] {dag.py:3047} INFO - Sync 1 DAGs
[2024-04-21T20:18:52.972+0000] {logging_mixin.py:188} INFO - [2024-04-21T20:18:52.972+0000] {dag.py:3834} INFO - Setting next_dagrun for example_time_delta_sensor_async to None, run_after=None
[2024-04-21T20:18:53.008+0000] {processor.py:183} INFO - Processing /home/airflow/.local/lib/python3.9/site-packages/airflow/example_dags/example_time_delta_sensor_async.py took 0.112 seconds
[2024-04-21T20:32:55.953+0000] {processor.py:161} INFO - Started process (PID=69) to work on /home/airflow/.local/lib/python3.9/site-packages/airflow/example_dags/example_time_delta_sensor_async.py
[2024-04-21T20:32:55.954+0000] {processor.py:830} INFO - Processing file /home/airflow/.local/lib/python3.9/site-packages/airflow/example_dags/example_time_delta_sensor_async.py for tasks to queue
[2024-04-21T20:32:55.956+0000] {logging_mixin.py:188} INFO - [2024-04-21T20:32:55.956+0000] {dagbag.py:540} INFO - Filling up the DagBag from /home/airflow/.local/lib/python3.9/site-packages/airflow/example_dags/example_time_delta_sensor_async.py
[2024-04-21T20:32:55.961+0000] {processor.py:840} INFO - DAG(s) 'example_time_delta_sensor_async' retrieved from /home/airflow/.local/lib/python3.9/site-packages/airflow/example_dags/example_time_delta_sensor_async.py
[2024-04-21T20:32:56.258+0000] {logging_mixin.py:188} INFO - [2024-04-21T20:32:56.258+0000] {dag.py:3047} INFO - Sync 1 DAGs
[2024-04-21T20:32:56.279+0000] {logging_mixin.py:188} INFO - [2024-04-21T20:32:56.278+0000] {dag.py:3834} INFO - Setting next_dagrun for example_time_delta_sensor_async to None, run_after=None
[2024-04-21T20:32:56.332+0000] {processor.py:183} INFO - Processing /home/airflow/.local/lib/python3.9/site-packages/airflow/example_dags/example_time_delta_sensor_async.py took 0.379 seconds
[2024-04-21T20:33:24.138+0000] {processor.py:161} INFO - Started process (PID=67) to work on /home/airflow/.local/lib/python3.9/site-packages/airflow/example_dags/example_time_delta_sensor_async.py
[2024-04-21T20:33:24.140+0000] {processor.py:830} INFO - Processing file /home/airflow/.local/lib/python3.9/site-packages/airflow/example_dags/example_time_delta_sensor_async.py for tasks to queue
[2024-04-21T20:33:24.142+0000] {logging_mixin.py:188} INFO - [2024-04-21T20:33:24.141+0000] {dagbag.py:540} INFO - Filling up the DagBag from /home/airflow/.local/lib/python3.9/site-packages/airflow/example_dags/example_time_delta_sensor_async.py
[2024-04-21T20:33:24.146+0000] {processor.py:840} INFO - DAG(s) 'example_time_delta_sensor_async' retrieved from /home/airflow/.local/lib/python3.9/site-packages/airflow/example_dags/example_time_delta_sensor_async.py
[2024-04-21T20:33:24.194+0000] {logging_mixin.py:188} INFO - [2024-04-21T20:33:24.193+0000] {dag.py:3047} INFO - Sync 1 DAGs
[2024-04-21T20:33:24.206+0000] {logging_mixin.py:188} INFO - [2024-04-21T20:33:24.206+0000] {dag.py:3834} INFO - Setting next_dagrun for example_time_delta_sensor_async to None, run_after=None
[2024-04-21T20:33:24.243+0000] {processor.py:183} INFO - Processing /home/airflow/.local/lib/python3.9/site-packages/airflow/example_dags/example_time_delta_sensor_async.py took 0.107 seconds
[2024-04-21T20:33:55.010+0000] {processor.py:161} INFO - Started process (PID=124) to work on /home/airflow/.local/lib/python3.9/site-packages/airflow/example_dags/example_time_delta_sensor_async.py
[2024-04-21T20:33:55.012+0000] {processor.py:830} INFO - Processing file /home/airflow/.local/lib/python3.9/site-packages/airflow/example_dags/example_time_delta_sensor_async.py for tasks to queue
[2024-04-21T20:33:55.014+0000] {logging_mixin.py:188} INFO - [2024-04-21T20:33:55.014+0000] {dagbag.py:540} INFO - Filling up the DagBag from /home/airflow/.local/lib/python3.9/site-packages/airflow/example_dags/example_time_delta_sensor_async.py
[2024-04-21T20:33:55.020+0000] {processor.py:840} INFO - DAG(s) 'example_time_delta_sensor_async' retrieved from /home/airflow/.local/lib/python3.9/site-packages/airflow/example_dags/example_time_delta_sensor_async.py
[2024-04-21T20:33:55.082+0000] {logging_mixin.py:188} INFO - [2024-04-21T20:33:55.082+0000] {dag.py:3047} INFO - Sync 1 DAGs
[2024-04-21T20:33:55.096+0000] {logging_mixin.py:188} INFO - [2024-04-21T20:33:55.096+0000] {dag.py:3834} INFO - Setting next_dagrun for example_time_delta_sensor_async to None, run_after=None
[2024-04-21T20:33:55.133+0000] {processor.py:183} INFO - Processing /home/airflow/.local/lib/python3.9/site-packages/airflow/example_dags/example_time_delta_sensor_async.py took 0.126 seconds
[2024-04-21T20:34:31.742+0000] {processor.py:161} INFO - Started process (PID=67) to work on /home/airflow/.local/lib/python3.9/site-packages/airflow/example_dags/example_time_delta_sensor_async.py
[2024-04-21T20:34:31.744+0000] {processor.py:830} INFO - Processing file /home/airflow/.local/lib/python3.9/site-packages/airflow/example_dags/example_time_delta_sensor_async.py for tasks to queue
[2024-04-21T20:34:31.747+0000] {logging_mixin.py:188} INFO - [2024-04-21T20:34:31.746+0000] {dagbag.py:540} INFO - Filling up the DagBag from /home/airflow/.local/lib/python3.9/site-packages/airflow/example_dags/example_time_delta_sensor_async.py
[2024-04-21T20:34:31.752+0000] {processor.py:840} INFO - DAG(s) 'example_time_delta_sensor_async' retrieved from /home/airflow/.local/lib/python3.9/site-packages/airflow/example_dags/example_time_delta_sensor_async.py
[2024-04-21T20:34:31.820+0000] {logging_mixin.py:188} INFO - [2024-04-21T20:34:31.820+0000] {dag.py:3047} INFO - Sync 1 DAGs
[2024-04-21T20:34:31.834+0000] {logging_mixin.py:188} INFO - [2024-04-21T20:34:31.834+0000] {dag.py:3834} INFO - Setting next_dagrun for example_time_delta_sensor_async to None, run_after=None
[2024-04-21T20:34:31.866+0000] {processor.py:183} INFO - Processing /home/airflow/.local/lib/python3.9/site-packages/airflow/example_dags/example_time_delta_sensor_async.py took 0.127 seconds
[2024-04-21T20:35:02.876+0000] {processor.py:161} INFO - Started process (PID=124) to work on /home/airflow/.local/lib/python3.9/site-packages/airflow/example_dags/example_time_delta_sensor_async.py
[2024-04-21T20:35:02.877+0000] {processor.py:830} INFO - Processing file /home/airflow/.local/lib/python3.9/site-packages/airflow/example_dags/example_time_delta_sensor_async.py for tasks to queue
[2024-04-21T20:35:02.880+0000] {logging_mixin.py:188} INFO - [2024-04-21T20:35:02.879+0000] {dagbag.py:540} INFO - Filling up the DagBag from /home/airflow/.local/lib/python3.9/site-packages/airflow/example_dags/example_time_delta_sensor_async.py
[2024-04-21T20:35:02.886+0000] {processor.py:840} INFO - DAG(s) 'example_time_delta_sensor_async' retrieved from /home/airflow/.local/lib/python3.9/site-packages/airflow/example_dags/example_time_delta_sensor_async.py
[2024-04-21T20:35:02.948+0000] {logging_mixin.py:188} INFO - [2024-04-21T20:35:02.947+0000] {dag.py:3047} INFO - Sync 1 DAGs
[2024-04-21T20:35:02.965+0000] {logging_mixin.py:188} INFO - [2024-04-21T20:35:02.965+0000] {dag.py:3834} INFO - Setting next_dagrun for example_time_delta_sensor_async to None, run_after=None
[2024-04-21T20:35:03.011+0000] {processor.py:183} INFO - Processing /home/airflow/.local/lib/python3.9/site-packages/airflow/example_dags/example_time_delta_sensor_async.py took 0.138 seconds
[2024-04-21T20:35:33.601+0000] {processor.py:161} INFO - Started process (PID=181) to work on /home/airflow/.local/lib/python3.9/site-packages/airflow/example_dags/example_time_delta_sensor_async.py
[2024-04-21T20:35:33.602+0000] {processor.py:830} INFO - Processing file /home/airflow/.local/lib/python3.9/site-packages/airflow/example_dags/example_time_delta_sensor_async.py for tasks to queue
[2024-04-21T20:35:33.605+0000] {logging_mixin.py:188} INFO - [2024-04-21T20:35:33.605+0000] {dagbag.py:540} INFO - Filling up the DagBag from /home/airflow/.local/lib/python3.9/site-packages/airflow/example_dags/example_time_delta_sensor_async.py
[2024-04-21T20:35:33.611+0000] {processor.py:840} INFO - DAG(s) 'example_time_delta_sensor_async' retrieved from /home/airflow/.local/lib/python3.9/site-packages/airflow/example_dags/example_time_delta_sensor_async.py
[2024-04-21T20:35:33.679+0000] {logging_mixin.py:188} INFO - [2024-04-21T20:35:33.678+0000] {dag.py:3047} INFO - Sync 1 DAGs
[2024-04-21T20:35:33.693+0000] {logging_mixin.py:188} INFO - [2024-04-21T20:35:33.693+0000] {dag.py:3834} INFO - Setting next_dagrun for example_time_delta_sensor_async to None, run_after=None
[2024-04-21T20:35:33.728+0000] {processor.py:183} INFO - Processing /home/airflow/.local/lib/python3.9/site-packages/airflow/example_dags/example_time_delta_sensor_async.py took 0.131 seconds
[2024-04-21T20:36:04.693+0000] {processor.py:161} INFO - Started process (PID=238) to work on /home/airflow/.local/lib/python3.9/site-packages/airflow/example_dags/example_time_delta_sensor_async.py
[2024-04-21T20:36:04.694+0000] {processor.py:830} INFO - Processing file /home/airflow/.local/lib/python3.9/site-packages/airflow/example_dags/example_time_delta_sensor_async.py for tasks to queue
[2024-04-21T20:36:04.697+0000] {logging_mixin.py:188} INFO - [2024-04-21T20:36:04.696+0000] {dagbag.py:540} INFO - Filling up the DagBag from /home/airflow/.local/lib/python3.9/site-packages/airflow/example_dags/example_time_delta_sensor_async.py
[2024-04-21T20:36:04.702+0000] {processor.py:840} INFO - DAG(s) 'example_time_delta_sensor_async' retrieved from /home/airflow/.local/lib/python3.9/site-packages/airflow/example_dags/example_time_delta_sensor_async.py
[2024-04-21T20:36:04.756+0000] {logging_mixin.py:188} INFO - [2024-04-21T20:36:04.756+0000] {dag.py:3047} INFO - Sync 1 DAGs
[2024-04-21T20:36:04.770+0000] {logging_mixin.py:188} INFO - [2024-04-21T20:36:04.770+0000] {dag.py:3834} INFO - Setting next_dagrun for example_time_delta_sensor_async to None, run_after=None
[2024-04-21T20:36:04.804+0000] {processor.py:183} INFO - Processing /home/airflow/.local/lib/python3.9/site-packages/airflow/example_dags/example_time_delta_sensor_async.py took 0.114 seconds
[2024-04-21T20:36:36.346+0000] {processor.py:161} INFO - Started process (PID=295) to work on /home/airflow/.local/lib/python3.9/site-packages/airflow/example_dags/example_time_delta_sensor_async.py
[2024-04-21T20:36:36.348+0000] {processor.py:830} INFO - Processing file /home/airflow/.local/lib/python3.9/site-packages/airflow/example_dags/example_time_delta_sensor_async.py for tasks to queue
[2024-04-21T20:36:36.350+0000] {logging_mixin.py:188} INFO - [2024-04-21T20:36:36.350+0000] {dagbag.py:540} INFO - Filling up the DagBag from /home/airflow/.local/lib/python3.9/site-packages/airflow/example_dags/example_time_delta_sensor_async.py
[2024-04-21T20:36:36.357+0000] {processor.py:840} INFO - DAG(s) 'example_time_delta_sensor_async' retrieved from /home/airflow/.local/lib/python3.9/site-packages/airflow/example_dags/example_time_delta_sensor_async.py
[2024-04-21T20:36:36.433+0000] {logging_mixin.py:188} INFO - [2024-04-21T20:36:36.432+0000] {dag.py:3047} INFO - Sync 1 DAGs
[2024-04-21T20:36:36.448+0000] {logging_mixin.py:188} INFO - [2024-04-21T20:36:36.448+0000] {dag.py:3834} INFO - Setting next_dagrun for example_time_delta_sensor_async to None, run_after=None
[2024-04-21T20:36:36.494+0000] {processor.py:183} INFO - Processing /home/airflow/.local/lib/python3.9/site-packages/airflow/example_dags/example_time_delta_sensor_async.py took 0.152 seconds
[2024-04-21T20:37:07.079+0000] {processor.py:161} INFO - Started process (PID=352) to work on /home/airflow/.local/lib/python3.9/site-packages/airflow/example_dags/example_time_delta_sensor_async.py
[2024-04-21T20:37:07.080+0000] {processor.py:830} INFO - Processing file /home/airflow/.local/lib/python3.9/site-packages/airflow/example_dags/example_time_delta_sensor_async.py for tasks to queue
[2024-04-21T20:37:07.082+0000] {logging_mixin.py:188} INFO - [2024-04-21T20:37:07.082+0000] {dagbag.py:540} INFO - Filling up the DagBag from /home/airflow/.local/lib/python3.9/site-packages/airflow/example_dags/example_time_delta_sensor_async.py
[2024-04-21T20:37:07.086+0000] {processor.py:840} INFO - DAG(s) 'example_time_delta_sensor_async' retrieved from /home/airflow/.local/lib/python3.9/site-packages/airflow/example_dags/example_time_delta_sensor_async.py
[2024-04-21T20:37:07.140+0000] {logging_mixin.py:188} INFO - [2024-04-21T20:37:07.140+0000] {dag.py:3047} INFO - Sync 1 DAGs
[2024-04-21T20:37:07.153+0000] {logging_mixin.py:188} INFO - [2024-04-21T20:37:07.153+0000] {dag.py:3834} INFO - Setting next_dagrun for example_time_delta_sensor_async to None, run_after=None
[2024-04-21T20:37:07.182+0000] {processor.py:183} INFO - Processing /home/airflow/.local/lib/python3.9/site-packages/airflow/example_dags/example_time_delta_sensor_async.py took 0.106 seconds
[2024-04-21T20:37:37.914+0000] {processor.py:161} INFO - Started process (PID=409) to work on /home/airflow/.local/lib/python3.9/site-packages/airflow/example_dags/example_time_delta_sensor_async.py
[2024-04-21T20:37:37.915+0000] {processor.py:830} INFO - Processing file /home/airflow/.local/lib/python3.9/site-packages/airflow/example_dags/example_time_delta_sensor_async.py for tasks to queue
[2024-04-21T20:37:37.918+0000] {logging_mixin.py:188} INFO - [2024-04-21T20:37:37.917+0000] {dagbag.py:540} INFO - Filling up the DagBag from /home/airflow/.local/lib/python3.9/site-packages/airflow/example_dags/example_time_delta_sensor_async.py
[2024-04-21T20:37:37.923+0000] {processor.py:840} INFO - DAG(s) 'example_time_delta_sensor_async' retrieved from /home/airflow/.local/lib/python3.9/site-packages/airflow/example_dags/example_time_delta_sensor_async.py
[2024-04-21T20:37:37.978+0000] {logging_mixin.py:188} INFO - [2024-04-21T20:37:37.978+0000] {dag.py:3047} INFO - Sync 1 DAGs
[2024-04-21T20:37:37.991+0000] {logging_mixin.py:188} INFO - [2024-04-21T20:37:37.990+0000] {dag.py:3834} INFO - Setting next_dagrun for example_time_delta_sensor_async to None, run_after=None
[2024-04-21T20:37:38.035+0000] {processor.py:183} INFO - Processing /home/airflow/.local/lib/python3.9/site-packages/airflow/example_dags/example_time_delta_sensor_async.py took 0.124 seconds
[2024-04-21T20:38:09.252+0000] {processor.py:161} INFO - Started process (PID=466) to work on /home/airflow/.local/lib/python3.9/site-packages/airflow/example_dags/example_time_delta_sensor_async.py
[2024-04-21T20:38:09.253+0000] {processor.py:830} INFO - Processing file /home/airflow/.local/lib/python3.9/site-packages/airflow/example_dags/example_time_delta_sensor_async.py for tasks to queue
[2024-04-21T20:38:09.256+0000] {logging_mixin.py:188} INFO - [2024-04-21T20:38:09.255+0000] {dagbag.py:540} INFO - Filling up the DagBag from /home/airflow/.local/lib/python3.9/site-packages/airflow/example_dags/example_time_delta_sensor_async.py
[2024-04-21T20:38:09.261+0000] {processor.py:840} INFO - DAG(s) 'example_time_delta_sensor_async' retrieved from /home/airflow/.local/lib/python3.9/site-packages/airflow/example_dags/example_time_delta_sensor_async.py
[2024-04-21T20:38:09.314+0000] {logging_mixin.py:188} INFO - [2024-04-21T20:38:09.314+0000] {dag.py:3047} INFO - Sync 1 DAGs
[2024-04-21T20:38:09.326+0000] {logging_mixin.py:188} INFO - [2024-04-21T20:38:09.325+0000] {dag.py:3834} INFO - Setting next_dagrun for example_time_delta_sensor_async to None, run_after=None
[2024-04-21T20:38:09.353+0000] {processor.py:183} INFO - Processing /home/airflow/.local/lib/python3.9/site-packages/airflow/example_dags/example_time_delta_sensor_async.py took 0.104 seconds
[2024-04-21T20:38:41.411+0000] {processor.py:161} INFO - Started process (PID=523) to work on /home/airflow/.local/lib/python3.9/site-packages/airflow/example_dags/example_time_delta_sensor_async.py
[2024-04-21T20:38:41.412+0000] {processor.py:830} INFO - Processing file /home/airflow/.local/lib/python3.9/site-packages/airflow/example_dags/example_time_delta_sensor_async.py for tasks to queue
[2024-04-21T20:38:41.415+0000] {logging_mixin.py:188} INFO - [2024-04-21T20:38:41.415+0000] {dagbag.py:540} INFO - Filling up the DagBag from /home/airflow/.local/lib/python3.9/site-packages/airflow/example_dags/example_time_delta_sensor_async.py
[2024-04-21T20:38:41.421+0000] {processor.py:840} INFO - DAG(s) 'example_time_delta_sensor_async' retrieved from /home/airflow/.local/lib/python3.9/site-packages/airflow/example_dags/example_time_delta_sensor_async.py
[2024-04-21T20:38:41.487+0000] {logging_mixin.py:188} INFO - [2024-04-21T20:38:41.486+0000] {dag.py:3047} INFO - Sync 1 DAGs
[2024-04-21T20:38:41.501+0000] {logging_mixin.py:188} INFO - [2024-04-21T20:38:41.500+0000] {dag.py:3834} INFO - Setting next_dagrun for example_time_delta_sensor_async to None, run_after=None
[2024-04-21T20:38:41.536+0000] {processor.py:183} INFO - Processing /home/airflow/.local/lib/python3.9/site-packages/airflow/example_dags/example_time_delta_sensor_async.py took 0.129 seconds
[2024-04-21T20:40:42.913+0000] {processor.py:161} INFO - Started process (PID=611) to work on /home/airflow/.local/lib/python3.9/site-packages/airflow/example_dags/example_time_delta_sensor_async.py
[2024-04-21T20:40:42.914+0000] {processor.py:830} INFO - Processing file /home/airflow/.local/lib/python3.9/site-packages/airflow/example_dags/example_time_delta_sensor_async.py for tasks to queue
[2024-04-21T20:40:42.916+0000] {logging_mixin.py:188} INFO - [2024-04-21T20:40:42.916+0000] {dagbag.py:540} INFO - Filling up the DagBag from /home/airflow/.local/lib/python3.9/site-packages/airflow/example_dags/example_time_delta_sensor_async.py
[2024-04-21T20:40:42.921+0000] {processor.py:840} INFO - DAG(s) 'example_time_delta_sensor_async' retrieved from /home/airflow/.local/lib/python3.9/site-packages/airflow/example_dags/example_time_delta_sensor_async.py
[2024-04-21T20:40:42.978+0000] {logging_mixin.py:188} INFO - [2024-04-21T20:40:42.977+0000] {dag.py:3047} INFO - Sync 1 DAGs
[2024-04-21T20:40:42.990+0000] {logging_mixin.py:188} INFO - [2024-04-21T20:40:42.990+0000] {dag.py:3834} INFO - Setting next_dagrun for example_time_delta_sensor_async to None, run_after=None
[2024-04-21T20:40:43.017+0000] {processor.py:183} INFO - Processing /home/airflow/.local/lib/python3.9/site-packages/airflow/example_dags/example_time_delta_sensor_async.py took 0.107 seconds
[2024-04-21T20:41:14.399+0000] {processor.py:161} INFO - Started process (PID=670) to work on /home/airflow/.local/lib/python3.9/site-packages/airflow/example_dags/example_time_delta_sensor_async.py
[2024-04-21T20:41:14.400+0000] {processor.py:830} INFO - Processing file /home/airflow/.local/lib/python3.9/site-packages/airflow/example_dags/example_time_delta_sensor_async.py for tasks to queue
[2024-04-21T20:41:14.403+0000] {logging_mixin.py:188} INFO - [2024-04-21T20:41:14.402+0000] {dagbag.py:540} INFO - Filling up the DagBag from /home/airflow/.local/lib/python3.9/site-packages/airflow/example_dags/example_time_delta_sensor_async.py
[2024-04-21T20:41:14.408+0000] {processor.py:840} INFO - DAG(s) 'example_time_delta_sensor_async' retrieved from /home/airflow/.local/lib/python3.9/site-packages/airflow/example_dags/example_time_delta_sensor_async.py
[2024-04-21T20:41:14.708+0000] {logging_mixin.py:188} INFO - [2024-04-21T20:41:14.698+0000] {dag.py:3047} INFO - Sync 1 DAGs
[2024-04-21T20:41:14.747+0000] {logging_mixin.py:188} INFO - [2024-04-21T20:41:14.746+0000] {dag.py:3834} INFO - Setting next_dagrun for example_time_delta_sensor_async to None, run_after=None
[2024-04-21T20:41:15.071+0000] {processor.py:183} INFO - Processing /home/airflow/.local/lib/python3.9/site-packages/airflow/example_dags/example_time_delta_sensor_async.py took 0.677 seconds
[2024-04-21T20:41:45.400+0000] {processor.py:161} INFO - Started process (PID=727) to work on /home/airflow/.local/lib/python3.9/site-packages/airflow/example_dags/example_time_delta_sensor_async.py
[2024-04-21T20:41:45.401+0000] {processor.py:830} INFO - Processing file /home/airflow/.local/lib/python3.9/site-packages/airflow/example_dags/example_time_delta_sensor_async.py for tasks to queue
[2024-04-21T20:41:45.404+0000] {logging_mixin.py:188} INFO - [2024-04-21T20:41:45.403+0000] {dagbag.py:540} INFO - Filling up the DagBag from /home/airflow/.local/lib/python3.9/site-packages/airflow/example_dags/example_time_delta_sensor_async.py
[2024-04-21T20:41:45.409+0000] {processor.py:840} INFO - DAG(s) 'example_time_delta_sensor_async' retrieved from /home/airflow/.local/lib/python3.9/site-packages/airflow/example_dags/example_time_delta_sensor_async.py
[2024-04-21T20:41:45.459+0000] {logging_mixin.py:188} INFO - [2024-04-21T20:41:45.459+0000] {dag.py:3047} INFO - Sync 1 DAGs
[2024-04-21T20:41:45.471+0000] {logging_mixin.py:188} INFO - [2024-04-21T20:41:45.471+0000] {dag.py:3834} INFO - Setting next_dagrun for example_time_delta_sensor_async to None, run_after=None
[2024-04-21T20:41:45.500+0000] {processor.py:183} INFO - Processing /home/airflow/.local/lib/python3.9/site-packages/airflow/example_dags/example_time_delta_sensor_async.py took 0.103 seconds
[2024-04-21T20:42:38.256+0000] {processor.py:161} INFO - Started process (PID=67) to work on /home/airflow/.local/lib/python3.9/site-packages/airflow/example_dags/example_time_delta_sensor_async.py
[2024-04-21T20:42:38.257+0000] {processor.py:830} INFO - Processing file /home/airflow/.local/lib/python3.9/site-packages/airflow/example_dags/example_time_delta_sensor_async.py for tasks to queue
[2024-04-21T20:42:38.260+0000] {logging_mixin.py:188} INFO - [2024-04-21T20:42:38.259+0000] {dagbag.py:540} INFO - Filling up the DagBag from /home/airflow/.local/lib/python3.9/site-packages/airflow/example_dags/example_time_delta_sensor_async.py
[2024-04-21T20:42:38.265+0000] {processor.py:840} INFO - DAG(s) 'example_time_delta_sensor_async' retrieved from /home/airflow/.local/lib/python3.9/site-packages/airflow/example_dags/example_time_delta_sensor_async.py
[2024-04-21T20:42:38.323+0000] {logging_mixin.py:188} INFO - [2024-04-21T20:42:38.323+0000] {dag.py:3047} INFO - Sync 1 DAGs
[2024-04-21T20:42:38.339+0000] {logging_mixin.py:188} INFO - [2024-04-21T20:42:38.339+0000] {dag.py:3834} INFO - Setting next_dagrun for example_time_delta_sensor_async to None, run_after=None
[2024-04-21T20:42:38.370+0000] {processor.py:183} INFO - Processing /home/airflow/.local/lib/python3.9/site-packages/airflow/example_dags/example_time_delta_sensor_async.py took 0.117 seconds
[2024-04-21T20:43:09.760+0000] {processor.py:161} INFO - Started process (PID=124) to work on /home/airflow/.local/lib/python3.9/site-packages/airflow/example_dags/example_time_delta_sensor_async.py
[2024-04-21T20:43:09.762+0000] {processor.py:830} INFO - Processing file /home/airflow/.local/lib/python3.9/site-packages/airflow/example_dags/example_time_delta_sensor_async.py for tasks to queue
[2024-04-21T20:43:09.765+0000] {logging_mixin.py:188} INFO - [2024-04-21T20:43:09.765+0000] {dagbag.py:540} INFO - Filling up the DagBag from /home/airflow/.local/lib/python3.9/site-packages/airflow/example_dags/example_time_delta_sensor_async.py
[2024-04-21T20:43:09.773+0000] {processor.py:840} INFO - DAG(s) 'example_time_delta_sensor_async' retrieved from /home/airflow/.local/lib/python3.9/site-packages/airflow/example_dags/example_time_delta_sensor_async.py
[2024-04-21T20:43:09.833+0000] {logging_mixin.py:188} INFO - [2024-04-21T20:43:09.833+0000] {dag.py:3047} INFO - Sync 1 DAGs
[2024-04-21T20:43:09.845+0000] {logging_mixin.py:188} INFO - [2024-04-21T20:43:09.845+0000] {dag.py:3834} INFO - Setting next_dagrun for example_time_delta_sensor_async to None, run_after=None
[2024-04-21T20:43:09.881+0000] {processor.py:183} INFO - Processing /home/airflow/.local/lib/python3.9/site-packages/airflow/example_dags/example_time_delta_sensor_async.py took 0.126 seconds
[2024-04-21T20:43:39.967+0000] {processor.py:161} INFO - Started process (PID=181) to work on /home/airflow/.local/lib/python3.9/site-packages/airflow/example_dags/example_time_delta_sensor_async.py
[2024-04-21T20:43:39.969+0000] {processor.py:830} INFO - Processing file /home/airflow/.local/lib/python3.9/site-packages/airflow/example_dags/example_time_delta_sensor_async.py for tasks to queue
[2024-04-21T20:43:39.971+0000] {logging_mixin.py:188} INFO - [2024-04-21T20:43:39.970+0000] {dagbag.py:540} INFO - Filling up the DagBag from /home/airflow/.local/lib/python3.9/site-packages/airflow/example_dags/example_time_delta_sensor_async.py
[2024-04-21T20:43:39.975+0000] {processor.py:840} INFO - DAG(s) 'example_time_delta_sensor_async' retrieved from /home/airflow/.local/lib/python3.9/site-packages/airflow/example_dags/example_time_delta_sensor_async.py
[2024-04-21T20:43:40.033+0000] {logging_mixin.py:188} INFO - [2024-04-21T20:43:40.033+0000] {dag.py:3047} INFO - Sync 1 DAGs
[2024-04-21T20:43:40.045+0000] {logging_mixin.py:188} INFO - [2024-04-21T20:43:40.045+0000] {dag.py:3834} INFO - Setting next_dagrun for example_time_delta_sensor_async to None, run_after=None
[2024-04-21T20:43:40.075+0000] {processor.py:183} INFO - Processing /home/airflow/.local/lib/python3.9/site-packages/airflow/example_dags/example_time_delta_sensor_async.py took 0.111 seconds
[2024-04-21T20:44:11.562+0000] {processor.py:161} INFO - Started process (PID=238) to work on /home/airflow/.local/lib/python3.9/site-packages/airflow/example_dags/example_time_delta_sensor_async.py
[2024-04-21T20:44:11.564+0000] {processor.py:830} INFO - Processing file /home/airflow/.local/lib/python3.9/site-packages/airflow/example_dags/example_time_delta_sensor_async.py for tasks to queue
[2024-04-21T20:44:11.566+0000] {logging_mixin.py:188} INFO - [2024-04-21T20:44:11.565+0000] {dagbag.py:540} INFO - Filling up the DagBag from /home/airflow/.local/lib/python3.9/site-packages/airflow/example_dags/example_time_delta_sensor_async.py
[2024-04-21T20:44:11.570+0000] {processor.py:840} INFO - DAG(s) 'example_time_delta_sensor_async' retrieved from /home/airflow/.local/lib/python3.9/site-packages/airflow/example_dags/example_time_delta_sensor_async.py
[2024-04-21T20:44:11.628+0000] {logging_mixin.py:188} INFO - [2024-04-21T20:44:11.628+0000] {dag.py:3047} INFO - Sync 1 DAGs
[2024-04-21T20:44:11.641+0000] {logging_mixin.py:188} INFO - [2024-04-21T20:44:11.640+0000] {dag.py:3834} INFO - Setting next_dagrun for example_time_delta_sensor_async to None, run_after=None
[2024-04-21T20:44:11.675+0000] {processor.py:183} INFO - Processing /home/airflow/.local/lib/python3.9/site-packages/airflow/example_dags/example_time_delta_sensor_async.py took 0.116 seconds
[2024-04-21T20:44:43.420+0000] {processor.py:161} INFO - Started process (PID=295) to work on /home/airflow/.local/lib/python3.9/site-packages/airflow/example_dags/example_time_delta_sensor_async.py
[2024-04-21T20:44:43.422+0000] {processor.py:830} INFO - Processing file /home/airflow/.local/lib/python3.9/site-packages/airflow/example_dags/example_time_delta_sensor_async.py for tasks to queue
[2024-04-21T20:44:43.424+0000] {logging_mixin.py:188} INFO - [2024-04-21T20:44:43.424+0000] {dagbag.py:540} INFO - Filling up the DagBag from /home/airflow/.local/lib/python3.9/site-packages/airflow/example_dags/example_time_delta_sensor_async.py
[2024-04-21T20:44:43.429+0000] {processor.py:840} INFO - DAG(s) 'example_time_delta_sensor_async' retrieved from /home/airflow/.local/lib/python3.9/site-packages/airflow/example_dags/example_time_delta_sensor_async.py
[2024-04-21T20:44:43.482+0000] {logging_mixin.py:188} INFO - [2024-04-21T20:44:43.482+0000] {dag.py:3047} INFO - Sync 1 DAGs
[2024-04-21T20:44:43.495+0000] {logging_mixin.py:188} INFO - [2024-04-21T20:44:43.495+0000] {dag.py:3834} INFO - Setting next_dagrun for example_time_delta_sensor_async to None, run_after=None
[2024-04-21T20:44:43.529+0000] {processor.py:183} INFO - Processing /home/airflow/.local/lib/python3.9/site-packages/airflow/example_dags/example_time_delta_sensor_async.py took 0.111 seconds
[2024-04-21T20:45:14.003+0000] {processor.py:161} INFO - Started process (PID=352) to work on /home/airflow/.local/lib/python3.9/site-packages/airflow/example_dags/example_time_delta_sensor_async.py
[2024-04-21T20:45:14.004+0000] {processor.py:830} INFO - Processing file /home/airflow/.local/lib/python3.9/site-packages/airflow/example_dags/example_time_delta_sensor_async.py for tasks to queue
[2024-04-21T20:45:14.007+0000] {logging_mixin.py:188} INFO - [2024-04-21T20:45:14.006+0000] {dagbag.py:540} INFO - Filling up the DagBag from /home/airflow/.local/lib/python3.9/site-packages/airflow/example_dags/example_time_delta_sensor_async.py
[2024-04-21T20:45:14.011+0000] {processor.py:840} INFO - DAG(s) 'example_time_delta_sensor_async' retrieved from /home/airflow/.local/lib/python3.9/site-packages/airflow/example_dags/example_time_delta_sensor_async.py
[2024-04-21T20:45:14.070+0000] {logging_mixin.py:188} INFO - [2024-04-21T20:45:14.069+0000] {dag.py:3047} INFO - Sync 1 DAGs
[2024-04-21T20:45:14.082+0000] {logging_mixin.py:188} INFO - [2024-04-21T20:45:14.082+0000] {dag.py:3834} INFO - Setting next_dagrun for example_time_delta_sensor_async to None, run_after=None
[2024-04-21T20:45:14.116+0000] {processor.py:183} INFO - Processing /home/airflow/.local/lib/python3.9/site-packages/airflow/example_dags/example_time_delta_sensor_async.py took 0.115 seconds
[2024-04-21T20:45:45.645+0000] {processor.py:161} INFO - Started process (PID=409) to work on /home/airflow/.local/lib/python3.9/site-packages/airflow/example_dags/example_time_delta_sensor_async.py
[2024-04-21T20:45:45.646+0000] {processor.py:830} INFO - Processing file /home/airflow/.local/lib/python3.9/site-packages/airflow/example_dags/example_time_delta_sensor_async.py for tasks to queue
[2024-04-21T20:45:45.649+0000] {logging_mixin.py:188} INFO - [2024-04-21T20:45:45.648+0000] {dagbag.py:540} INFO - Filling up the DagBag from /home/airflow/.local/lib/python3.9/site-packages/airflow/example_dags/example_time_delta_sensor_async.py
[2024-04-21T20:45:45.656+0000] {processor.py:840} INFO - DAG(s) 'example_time_delta_sensor_async' retrieved from /home/airflow/.local/lib/python3.9/site-packages/airflow/example_dags/example_time_delta_sensor_async.py
[2024-04-21T20:45:45.822+0000] {logging_mixin.py:188} INFO - [2024-04-21T20:45:45.821+0000] {dag.py:3047} INFO - Sync 1 DAGs
[2024-04-21T20:45:45.844+0000] {logging_mixin.py:188} INFO - [2024-04-21T20:45:45.844+0000] {dag.py:3834} INFO - Setting next_dagrun for example_time_delta_sensor_async to None, run_after=None
[2024-04-21T20:45:45.926+0000] {processor.py:183} INFO - Processing /home/airflow/.local/lib/python3.9/site-packages/airflow/example_dags/example_time_delta_sensor_async.py took 0.286 seconds
[2024-04-21T20:46:16.314+0000] {processor.py:161} INFO - Started process (PID=466) to work on /home/airflow/.local/lib/python3.9/site-packages/airflow/example_dags/example_time_delta_sensor_async.py
[2024-04-21T20:46:16.315+0000] {processor.py:830} INFO - Processing file /home/airflow/.local/lib/python3.9/site-packages/airflow/example_dags/example_time_delta_sensor_async.py for tasks to queue
[2024-04-21T20:46:16.318+0000] {logging_mixin.py:188} INFO - [2024-04-21T20:46:16.317+0000] {dagbag.py:540} INFO - Filling up the DagBag from /home/airflow/.local/lib/python3.9/site-packages/airflow/example_dags/example_time_delta_sensor_async.py
[2024-04-21T20:46:16.324+0000] {processor.py:840} INFO - DAG(s) 'example_time_delta_sensor_async' retrieved from /home/airflow/.local/lib/python3.9/site-packages/airflow/example_dags/example_time_delta_sensor_async.py
[2024-04-21T20:46:16.388+0000] {logging_mixin.py:188} INFO - [2024-04-21T20:46:16.387+0000] {dag.py:3047} INFO - Sync 1 DAGs
[2024-04-21T20:46:16.400+0000] {logging_mixin.py:188} INFO - [2024-04-21T20:46:16.400+0000] {dag.py:3834} INFO - Setting next_dagrun for example_time_delta_sensor_async to None, run_after=None
[2024-04-21T20:46:16.438+0000] {processor.py:183} INFO - Processing /home/airflow/.local/lib/python3.9/site-packages/airflow/example_dags/example_time_delta_sensor_async.py took 0.127 seconds
[2024-04-21T20:46:47.358+0000] {processor.py:161} INFO - Started process (PID=523) to work on /home/airflow/.local/lib/python3.9/site-packages/airflow/example_dags/example_time_delta_sensor_async.py
[2024-04-21T20:46:47.360+0000] {processor.py:830} INFO - Processing file /home/airflow/.local/lib/python3.9/site-packages/airflow/example_dags/example_time_delta_sensor_async.py for tasks to queue
[2024-04-21T20:46:47.362+0000] {logging_mixin.py:188} INFO - [2024-04-21T20:46:47.362+0000] {dagbag.py:540} INFO - Filling up the DagBag from /home/airflow/.local/lib/python3.9/site-packages/airflow/example_dags/example_time_delta_sensor_async.py
[2024-04-21T20:46:47.366+0000] {processor.py:840} INFO - DAG(s) 'example_time_delta_sensor_async' retrieved from /home/airflow/.local/lib/python3.9/site-packages/airflow/example_dags/example_time_delta_sensor_async.py
[2024-04-21T20:46:47.419+0000] {logging_mixin.py:188} INFO - [2024-04-21T20:46:47.419+0000] {dag.py:3047} INFO - Sync 1 DAGs
[2024-04-21T20:46:47.431+0000] {logging_mixin.py:188} INFO - [2024-04-21T20:46:47.431+0000] {dag.py:3834} INFO - Setting next_dagrun for example_time_delta_sensor_async to None, run_after=None
[2024-04-21T20:46:47.463+0000] {processor.py:183} INFO - Processing /home/airflow/.local/lib/python3.9/site-packages/airflow/example_dags/example_time_delta_sensor_async.py took 0.108 seconds
[2024-04-21T20:47:17.976+0000] {processor.py:161} INFO - Started process (PID=580) to work on /home/airflow/.local/lib/python3.9/site-packages/airflow/example_dags/example_time_delta_sensor_async.py
[2024-04-21T20:47:17.977+0000] {processor.py:830} INFO - Processing file /home/airflow/.local/lib/python3.9/site-packages/airflow/example_dags/example_time_delta_sensor_async.py for tasks to queue
[2024-04-21T20:47:17.979+0000] {logging_mixin.py:188} INFO - [2024-04-21T20:47:17.979+0000] {dagbag.py:540} INFO - Filling up the DagBag from /home/airflow/.local/lib/python3.9/site-packages/airflow/example_dags/example_time_delta_sensor_async.py
[2024-04-21T20:47:17.983+0000] {processor.py:840} INFO - DAG(s) 'example_time_delta_sensor_async' retrieved from /home/airflow/.local/lib/python3.9/site-packages/airflow/example_dags/example_time_delta_sensor_async.py
[2024-04-21T20:47:18.037+0000] {logging_mixin.py:188} INFO - [2024-04-21T20:47:18.037+0000] {dag.py:3047} INFO - Sync 1 DAGs
[2024-04-21T20:47:18.051+0000] {logging_mixin.py:188} INFO - [2024-04-21T20:47:18.051+0000] {dag.py:3834} INFO - Setting next_dagrun for example_time_delta_sensor_async to None, run_after=None
[2024-04-21T20:47:18.082+0000] {processor.py:183} INFO - Processing /home/airflow/.local/lib/python3.9/site-packages/airflow/example_dags/example_time_delta_sensor_async.py took 0.109 seconds
[2024-04-21T20:47:48.405+0000] {processor.py:161} INFO - Started process (PID=636) to work on /home/airflow/.local/lib/python3.9/site-packages/airflow/example_dags/example_time_delta_sensor_async.py
[2024-04-21T20:47:48.407+0000] {processor.py:830} INFO - Processing file /home/airflow/.local/lib/python3.9/site-packages/airflow/example_dags/example_time_delta_sensor_async.py for tasks to queue
[2024-04-21T20:47:48.409+0000] {logging_mixin.py:188} INFO - [2024-04-21T20:47:48.409+0000] {dagbag.py:540} INFO - Filling up the DagBag from /home/airflow/.local/lib/python3.9/site-packages/airflow/example_dags/example_time_delta_sensor_async.py
[2024-04-21T20:47:48.414+0000] {processor.py:840} INFO - DAG(s) 'example_time_delta_sensor_async' retrieved from /home/airflow/.local/lib/python3.9/site-packages/airflow/example_dags/example_time_delta_sensor_async.py
[2024-04-21T20:47:48.468+0000] {logging_mixin.py:188} INFO - [2024-04-21T20:47:48.468+0000] {dag.py:3047} INFO - Sync 1 DAGs
[2024-04-21T20:47:48.481+0000] {logging_mixin.py:188} INFO - [2024-04-21T20:47:48.481+0000] {dag.py:3834} INFO - Setting next_dagrun for example_time_delta_sensor_async to None, run_after=None
[2024-04-21T20:47:48.521+0000] {processor.py:183} INFO - Processing /home/airflow/.local/lib/python3.9/site-packages/airflow/example_dags/example_time_delta_sensor_async.py took 0.118 seconds
[2024-04-21T21:00:53.620+0000] {processor.py:161} INFO - Started process (PID=74) to work on /home/airflow/.local/lib/python3.9/site-packages/airflow/example_dags/example_time_delta_sensor_async.py
[2024-04-21T21:00:53.622+0000] {processor.py:830} INFO - Processing file /home/airflow/.local/lib/python3.9/site-packages/airflow/example_dags/example_time_delta_sensor_async.py for tasks to queue
[2024-04-21T21:00:53.626+0000] {logging_mixin.py:188} INFO - [2024-04-21T21:00:53.625+0000] {dagbag.py:540} INFO - Filling up the DagBag from /home/airflow/.local/lib/python3.9/site-packages/airflow/example_dags/example_time_delta_sensor_async.py
[2024-04-21T21:00:53.635+0000] {processor.py:840} INFO - DAG(s) 'example_time_delta_sensor_async' retrieved from /home/airflow/.local/lib/python3.9/site-packages/airflow/example_dags/example_time_delta_sensor_async.py
[2024-04-21T21:00:54.083+0000] {logging_mixin.py:188} INFO - [2024-04-21T21:00:54.082+0000] {dag.py:3047} INFO - Sync 1 DAGs
[2024-04-21T21:00:54.100+0000] {logging_mixin.py:188} INFO - [2024-04-21T21:00:54.100+0000] {dag.py:3834} INFO - Setting next_dagrun for example_time_delta_sensor_async to None, run_after=None
[2024-04-21T21:00:54.178+0000] {processor.py:183} INFO - Processing /home/airflow/.local/lib/python3.9/site-packages/airflow/example_dags/example_time_delta_sensor_async.py took 0.564 seconds
[2024-04-21T21:01:24.979+0000] {processor.py:161} INFO - Started process (PID=131) to work on /home/airflow/.local/lib/python3.9/site-packages/airflow/example_dags/example_time_delta_sensor_async.py
[2024-04-21T21:01:24.981+0000] {processor.py:830} INFO - Processing file /home/airflow/.local/lib/python3.9/site-packages/airflow/example_dags/example_time_delta_sensor_async.py for tasks to queue
[2024-04-21T21:01:24.985+0000] {logging_mixin.py:188} INFO - [2024-04-21T21:01:24.984+0000] {dagbag.py:540} INFO - Filling up the DagBag from /home/airflow/.local/lib/python3.9/site-packages/airflow/example_dags/example_time_delta_sensor_async.py
[2024-04-21T21:01:24.992+0000] {processor.py:840} INFO - DAG(s) 'example_time_delta_sensor_async' retrieved from /home/airflow/.local/lib/python3.9/site-packages/airflow/example_dags/example_time_delta_sensor_async.py
[2024-04-21T21:01:25.069+0000] {logging_mixin.py:188} INFO - [2024-04-21T21:01:25.069+0000] {dag.py:3047} INFO - Sync 1 DAGs
[2024-04-21T21:01:25.085+0000] {logging_mixin.py:188} INFO - [2024-04-21T21:01:25.085+0000] {dag.py:3834} INFO - Setting next_dagrun for example_time_delta_sensor_async to None, run_after=None
[2024-04-21T21:01:25.129+0000] {processor.py:183} INFO - Processing /home/airflow/.local/lib/python3.9/site-packages/airflow/example_dags/example_time_delta_sensor_async.py took 0.157 seconds
[2024-04-21T21:04:41.384+0000] {processor.py:161} INFO - Started process (PID=79) to work on /home/airflow/.local/lib/python3.9/site-packages/airflow/example_dags/example_time_delta_sensor_async.py
[2024-04-21T21:04:41.386+0000] {processor.py:830} INFO - Processing file /home/airflow/.local/lib/python3.9/site-packages/airflow/example_dags/example_time_delta_sensor_async.py for tasks to queue
[2024-04-21T21:04:41.390+0000] {logging_mixin.py:188} INFO - [2024-04-21T21:04:41.389+0000] {dagbag.py:540} INFO - Filling up the DagBag from /home/airflow/.local/lib/python3.9/site-packages/airflow/example_dags/example_time_delta_sensor_async.py
[2024-04-21T21:04:41.396+0000] {processor.py:840} INFO - DAG(s) 'example_time_delta_sensor_async' retrieved from /home/airflow/.local/lib/python3.9/site-packages/airflow/example_dags/example_time_delta_sensor_async.py
[2024-04-21T21:04:41.477+0000] {logging_mixin.py:188} INFO - [2024-04-21T21:04:41.476+0000] {dag.py:3047} INFO - Sync 1 DAGs
[2024-04-21T21:04:41.501+0000] {logging_mixin.py:188} INFO - [2024-04-21T21:04:41.500+0000] {dag.py:3834} INFO - Setting next_dagrun for example_time_delta_sensor_async to None, run_after=None
[2024-04-21T21:04:41.549+0000] {processor.py:183} INFO - Processing /home/airflow/.local/lib/python3.9/site-packages/airflow/example_dags/example_time_delta_sensor_async.py took 0.168 seconds
[2024-04-21T21:05:12.210+0000] {processor.py:161} INFO - Started process (PID=136) to work on /home/airflow/.local/lib/python3.9/site-packages/airflow/example_dags/example_time_delta_sensor_async.py
[2024-04-21T21:05:12.211+0000] {processor.py:830} INFO - Processing file /home/airflow/.local/lib/python3.9/site-packages/airflow/example_dags/example_time_delta_sensor_async.py for tasks to queue
[2024-04-21T21:05:12.214+0000] {logging_mixin.py:188} INFO - [2024-04-21T21:05:12.213+0000] {dagbag.py:540} INFO - Filling up the DagBag from /home/airflow/.local/lib/python3.9/site-packages/airflow/example_dags/example_time_delta_sensor_async.py
[2024-04-21T21:05:12.219+0000] {processor.py:840} INFO - DAG(s) 'example_time_delta_sensor_async' retrieved from /home/airflow/.local/lib/python3.9/site-packages/airflow/example_dags/example_time_delta_sensor_async.py
[2024-04-21T21:05:12.275+0000] {logging_mixin.py:188} INFO - [2024-04-21T21:05:12.275+0000] {dag.py:3047} INFO - Sync 1 DAGs
[2024-04-21T21:05:12.289+0000] {logging_mixin.py:188} INFO - [2024-04-21T21:05:12.288+0000] {dag.py:3834} INFO - Setting next_dagrun for example_time_delta_sensor_async to None, run_after=None
[2024-04-21T21:05:12.326+0000] {processor.py:183} INFO - Processing /home/airflow/.local/lib/python3.9/site-packages/airflow/example_dags/example_time_delta_sensor_async.py took 0.119 seconds
[2024-04-21T21:05:43.087+0000] {processor.py:161} INFO - Started process (PID=201) to work on /home/airflow/.local/lib/python3.9/site-packages/airflow/example_dags/example_time_delta_sensor_async.py
[2024-04-21T21:05:43.089+0000] {processor.py:830} INFO - Processing file /home/airflow/.local/lib/python3.9/site-packages/airflow/example_dags/example_time_delta_sensor_async.py for tasks to queue
[2024-04-21T21:05:43.091+0000] {logging_mixin.py:188} INFO - [2024-04-21T21:05:43.090+0000] {dagbag.py:540} INFO - Filling up the DagBag from /home/airflow/.local/lib/python3.9/site-packages/airflow/example_dags/example_time_delta_sensor_async.py
[2024-04-21T21:05:43.095+0000] {processor.py:840} INFO - DAG(s) 'example_time_delta_sensor_async' retrieved from /home/airflow/.local/lib/python3.9/site-packages/airflow/example_dags/example_time_delta_sensor_async.py
[2024-04-21T21:05:43.175+0000] {logging_mixin.py:188} INFO - [2024-04-21T21:05:43.174+0000] {dag.py:3047} INFO - Sync 1 DAGs
[2024-04-21T21:05:43.191+0000] {logging_mixin.py:188} INFO - [2024-04-21T21:05:43.190+0000] {dag.py:3834} INFO - Setting next_dagrun for example_time_delta_sensor_async to None, run_after=None
[2024-04-21T21:05:43.228+0000] {processor.py:183} INFO - Processing /home/airflow/.local/lib/python3.9/site-packages/airflow/example_dags/example_time_delta_sensor_async.py took 0.145 seconds
