[2024-04-21T19:51:59.577+0000] {processor.py:161} INFO - Started process (PID=56) to work on /home/airflow/.local/lib/python3.9/site-packages/airflow/example_dags/example_latest_only.py
[2024-04-21T19:51:59.579+0000] {processor.py:830} INFO - Processing file /home/airflow/.local/lib/python3.9/site-packages/airflow/example_dags/example_latest_only.py for tasks to queue
[2024-04-21T19:51:59.582+0000] {logging_mixin.py:188} INFO - [2024-04-21T19:51:59.581+0000] {dagbag.py:540} INFO - Filling up the DagBag from /home/airflow/.local/lib/python3.9/site-packages/airflow/example_dags/example_latest_only.py
[2024-04-21T19:51:59.598+0000] {processor.py:840} INFO - DAG(s) 'latest_only' retrieved from /home/airflow/.local/lib/python3.9/site-packages/airflow/example_dags/example_latest_only.py
[2024-04-21T19:51:59.914+0000] {logging_mixin.py:188} INFO - [2024-04-21T19:51:59.913+0000] {dag.py:3047} INFO - Sync 1 DAGs
[2024-04-21T19:52:00.025+0000] {logging_mixin.py:188} INFO - [2024-04-21T19:52:00.024+0000] {dag.py:3834} INFO - Setting next_dagrun for latest_only to 2024-04-21 12:00:00+00:00, run_after=2024-04-21 16:00:00+00:00
[2024-04-21T19:52:00.090+0000] {processor.py:183} INFO - Processing /home/airflow/.local/lib/python3.9/site-packages/airflow/example_dags/example_latest_only.py took 0.517 seconds
[2024-04-21T19:52:30.483+0000] {processor.py:161} INFO - Started process (PID=113) to work on /home/airflow/.local/lib/python3.9/site-packages/airflow/example_dags/example_latest_only.py
[2024-04-21T19:52:30.484+0000] {processor.py:830} INFO - Processing file /home/airflow/.local/lib/python3.9/site-packages/airflow/example_dags/example_latest_only.py for tasks to queue
[2024-04-21T19:52:30.488+0000] {logging_mixin.py:188} INFO - [2024-04-21T19:52:30.487+0000] {dagbag.py:540} INFO - Filling up the DagBag from /home/airflow/.local/lib/python3.9/site-packages/airflow/example_dags/example_latest_only.py
[2024-04-21T19:52:30.497+0000] {processor.py:840} INFO - DAG(s) 'latest_only' retrieved from /home/airflow/.local/lib/python3.9/site-packages/airflow/example_dags/example_latest_only.py
[2024-04-21T19:52:30.606+0000] {logging_mixin.py:188} INFO - [2024-04-21T19:52:30.605+0000] {dag.py:3047} INFO - Sync 1 DAGs
[2024-04-21T19:52:30.651+0000] {logging_mixin.py:188} INFO - [2024-04-21T19:52:30.651+0000] {dag.py:3834} INFO - Setting next_dagrun for latest_only to 2024-04-21 12:00:00+00:00, run_after=2024-04-21 16:00:00+00:00
[2024-04-21T19:52:30.702+0000] {processor.py:183} INFO - Processing /home/airflow/.local/lib/python3.9/site-packages/airflow/example_dags/example_latest_only.py took 0.224 seconds
[2024-04-21T19:53:01.074+0000] {processor.py:161} INFO - Started process (PID=170) to work on /home/airflow/.local/lib/python3.9/site-packages/airflow/example_dags/example_latest_only.py
[2024-04-21T19:53:01.077+0000] {processor.py:830} INFO - Processing file /home/airflow/.local/lib/python3.9/site-packages/airflow/example_dags/example_latest_only.py for tasks to queue
[2024-04-21T19:53:01.081+0000] {logging_mixin.py:188} INFO - [2024-04-21T19:53:01.080+0000] {dagbag.py:540} INFO - Filling up the DagBag from /home/airflow/.local/lib/python3.9/site-packages/airflow/example_dags/example_latest_only.py
[2024-04-21T19:53:01.090+0000] {processor.py:840} INFO - DAG(s) 'latest_only' retrieved from /home/airflow/.local/lib/python3.9/site-packages/airflow/example_dags/example_latest_only.py
[2024-04-21T19:53:01.190+0000] {logging_mixin.py:188} INFO - [2024-04-21T19:53:01.190+0000] {dag.py:3047} INFO - Sync 1 DAGs
[2024-04-21T19:53:01.229+0000] {logging_mixin.py:188} INFO - [2024-04-21T19:53:01.228+0000] {dag.py:3834} INFO - Setting next_dagrun for latest_only to 2024-04-21 12:00:00+00:00, run_after=2024-04-21 16:00:00+00:00
[2024-04-21T19:53:01.282+0000] {processor.py:183} INFO - Processing /home/airflow/.local/lib/python3.9/site-packages/airflow/example_dags/example_latest_only.py took 0.213 seconds
[2024-04-21T19:53:32.227+0000] {processor.py:161} INFO - Started process (PID=227) to work on /home/airflow/.local/lib/python3.9/site-packages/airflow/example_dags/example_latest_only.py
[2024-04-21T19:53:32.228+0000] {processor.py:830} INFO - Processing file /home/airflow/.local/lib/python3.9/site-packages/airflow/example_dags/example_latest_only.py for tasks to queue
[2024-04-21T19:53:32.232+0000] {logging_mixin.py:188} INFO - [2024-04-21T19:53:32.231+0000] {dagbag.py:540} INFO - Filling up the DagBag from /home/airflow/.local/lib/python3.9/site-packages/airflow/example_dags/example_latest_only.py
[2024-04-21T19:53:32.240+0000] {processor.py:840} INFO - DAG(s) 'latest_only' retrieved from /home/airflow/.local/lib/python3.9/site-packages/airflow/example_dags/example_latest_only.py
[2024-04-21T19:53:32.341+0000] {logging_mixin.py:188} INFO - [2024-04-21T19:53:32.341+0000] {dag.py:3047} INFO - Sync 1 DAGs
[2024-04-21T19:53:32.380+0000] {logging_mixin.py:188} INFO - [2024-04-21T19:53:32.379+0000] {dag.py:3834} INFO - Setting next_dagrun for latest_only to 2024-04-21 12:00:00+00:00, run_after=2024-04-21 16:00:00+00:00
[2024-04-21T19:53:32.430+0000] {processor.py:183} INFO - Processing /home/airflow/.local/lib/python3.9/site-packages/airflow/example_dags/example_latest_only.py took 0.209 seconds
[2024-04-21T19:54:35.037+0000] {processor.py:161} INFO - Started process (PID=56) to work on /home/airflow/.local/lib/python3.9/site-packages/airflow/example_dags/example_latest_only.py
[2024-04-21T19:54:35.039+0000] {processor.py:830} INFO - Processing file /home/airflow/.local/lib/python3.9/site-packages/airflow/example_dags/example_latest_only.py for tasks to queue
[2024-04-21T19:54:35.042+0000] {logging_mixin.py:188} INFO - [2024-04-21T19:54:35.041+0000] {dagbag.py:540} INFO - Filling up the DagBag from /home/airflow/.local/lib/python3.9/site-packages/airflow/example_dags/example_latest_only.py
[2024-04-21T19:54:35.050+0000] {processor.py:840} INFO - DAG(s) 'latest_only' retrieved from /home/airflow/.local/lib/python3.9/site-packages/airflow/example_dags/example_latest_only.py
[2024-04-21T19:54:35.123+0000] {logging_mixin.py:188} INFO - [2024-04-21T19:54:35.122+0000] {dag.py:3047} INFO - Sync 1 DAGs
[2024-04-21T19:54:35.152+0000] {logging_mixin.py:188} INFO - [2024-04-21T19:54:35.151+0000] {dag.py:3834} INFO - Setting next_dagrun for latest_only to 2024-04-21 12:00:00+00:00, run_after=2024-04-21 16:00:00+00:00
[2024-04-21T19:54:35.189+0000] {processor.py:183} INFO - Processing /home/airflow/.local/lib/python3.9/site-packages/airflow/example_dags/example_latest_only.py took 0.156 seconds
[2024-04-21T19:55:20.616+0000] {processor.py:161} INFO - Started process (PID=123) to work on /home/airflow/.local/lib/python3.9/site-packages/airflow/example_dags/example_latest_only.py
[2024-04-21T19:55:20.617+0000] {processor.py:830} INFO - Processing file /home/airflow/.local/lib/python3.9/site-packages/airflow/example_dags/example_latest_only.py for tasks to queue
[2024-04-21T19:55:20.621+0000] {logging_mixin.py:188} INFO - [2024-04-21T19:55:20.621+0000] {dagbag.py:540} INFO - Filling up the DagBag from /home/airflow/.local/lib/python3.9/site-packages/airflow/example_dags/example_latest_only.py
[2024-04-21T19:55:20.627+0000] {processor.py:840} INFO - DAG(s) 'latest_only' retrieved from /home/airflow/.local/lib/python3.9/site-packages/airflow/example_dags/example_latest_only.py
[2024-04-21T19:55:20.688+0000] {logging_mixin.py:188} INFO - [2024-04-21T19:55:20.688+0000] {dag.py:3047} INFO - Sync 1 DAGs
[2024-04-21T19:55:20.716+0000] {logging_mixin.py:188} INFO - [2024-04-21T19:55:20.716+0000] {dag.py:3834} INFO - Setting next_dagrun for latest_only to 2024-04-21 12:00:00+00:00, run_after=2024-04-21 16:00:00+00:00
[2024-04-21T19:55:20.764+0000] {processor.py:183} INFO - Processing /home/airflow/.local/lib/python3.9/site-packages/airflow/example_dags/example_latest_only.py took 0.151 seconds
[2024-04-21T19:58:11.100+0000] {processor.py:161} INFO - Started process (PID=197) to work on /home/airflow/.local/lib/python3.9/site-packages/airflow/example_dags/example_latest_only.py
[2024-04-21T19:58:11.103+0000] {processor.py:830} INFO - Processing file /home/airflow/.local/lib/python3.9/site-packages/airflow/example_dags/example_latest_only.py for tasks to queue
[2024-04-21T19:58:11.107+0000] {logging_mixin.py:188} INFO - [2024-04-21T19:58:11.106+0000] {dagbag.py:540} INFO - Filling up the DagBag from /home/airflow/.local/lib/python3.9/site-packages/airflow/example_dags/example_latest_only.py
[2024-04-21T19:58:11.123+0000] {processor.py:840} INFO - DAG(s) 'latest_only' retrieved from /home/airflow/.local/lib/python3.9/site-packages/airflow/example_dags/example_latest_only.py
[2024-04-21T19:58:13.204+0000] {logging_mixin.py:188} INFO - [2024-04-21T19:58:13.199+0000] {dag.py:3047} INFO - Sync 1 DAGs
[2024-04-21T19:58:13.265+0000] {logging_mixin.py:188} INFO - [2024-04-21T19:58:13.264+0000] {dag.py:3834} INFO - Setting next_dagrun for latest_only to 2024-04-21 12:00:00+00:00, run_after=2024-04-21 16:00:00+00:00
[2024-04-21T19:58:13.321+0000] {processor.py:183} INFO - Processing /home/airflow/.local/lib/python3.9/site-packages/airflow/example_dags/example_latest_only.py took 2.233 seconds
[2024-04-21T20:03:11.563+0000] {processor.py:161} INFO - Started process (PID=269) to work on /home/airflow/.local/lib/python3.9/site-packages/airflow/example_dags/example_latest_only.py
[2024-04-21T20:03:11.564+0000] {processor.py:830} INFO - Processing file /home/airflow/.local/lib/python3.9/site-packages/airflow/example_dags/example_latest_only.py for tasks to queue
[2024-04-21T20:03:11.565+0000] {logging_mixin.py:188} INFO - [2024-04-21T20:03:11.565+0000] {dagbag.py:540} INFO - Filling up the DagBag from /home/airflow/.local/lib/python3.9/site-packages/airflow/example_dags/example_latest_only.py
[2024-04-21T20:03:11.571+0000] {processor.py:840} INFO - DAG(s) 'latest_only' retrieved from /home/airflow/.local/lib/python3.9/site-packages/airflow/example_dags/example_latest_only.py
[2024-04-21T20:03:11.637+0000] {logging_mixin.py:188} INFO - [2024-04-21T20:03:11.637+0000] {dag.py:3047} INFO - Sync 1 DAGs
[2024-04-21T20:03:11.659+0000] {logging_mixin.py:188} INFO - [2024-04-21T20:03:11.659+0000] {dag.py:3834} INFO - Setting next_dagrun for latest_only to 2024-04-21 16:00:00+00:00, run_after=2024-04-21 20:00:00+00:00
[2024-04-21T20:03:11.696+0000] {processor.py:183} INFO - Processing /home/airflow/.local/lib/python3.9/site-packages/airflow/example_dags/example_latest_only.py took 0.136 seconds
[2024-04-21T20:04:19.703+0000] {processor.py:161} INFO - Started process (PID=333) to work on /home/airflow/.local/lib/python3.9/site-packages/airflow/example_dags/example_latest_only.py
[2024-04-21T20:04:19.705+0000] {processor.py:830} INFO - Processing file /home/airflow/.local/lib/python3.9/site-packages/airflow/example_dags/example_latest_only.py for tasks to queue
[2024-04-21T20:04:19.706+0000] {logging_mixin.py:188} INFO - [2024-04-21T20:04:19.706+0000] {dagbag.py:540} INFO - Filling up the DagBag from /home/airflow/.local/lib/python3.9/site-packages/airflow/example_dags/example_latest_only.py
[2024-04-21T20:04:19.714+0000] {processor.py:840} INFO - DAG(s) 'latest_only' retrieved from /home/airflow/.local/lib/python3.9/site-packages/airflow/example_dags/example_latest_only.py
[2024-04-21T20:04:19.849+0000] {logging_mixin.py:188} INFO - [2024-04-21T20:04:19.848+0000] {dag.py:3047} INFO - Sync 1 DAGs
[2024-04-21T20:04:19.878+0000] {logging_mixin.py:188} INFO - [2024-04-21T20:04:19.878+0000] {dag.py:3834} INFO - Setting next_dagrun for latest_only to 2024-04-21 16:00:00+00:00, run_after=2024-04-21 20:00:00+00:00
[2024-04-21T20:04:19.925+0000] {processor.py:183} INFO - Processing /home/airflow/.local/lib/python3.9/site-packages/airflow/example_dags/example_latest_only.py took 0.226 seconds
[2024-04-21T20:04:50.710+0000] {processor.py:161} INFO - Started process (PID=392) to work on /home/airflow/.local/lib/python3.9/site-packages/airflow/example_dags/example_latest_only.py
[2024-04-21T20:04:50.713+0000] {processor.py:830} INFO - Processing file /home/airflow/.local/lib/python3.9/site-packages/airflow/example_dags/example_latest_only.py for tasks to queue
[2024-04-21T20:04:50.716+0000] {logging_mixin.py:188} INFO - [2024-04-21T20:04:50.715+0000] {dagbag.py:540} INFO - Filling up the DagBag from /home/airflow/.local/lib/python3.9/site-packages/airflow/example_dags/example_latest_only.py
[2024-04-21T20:04:50.728+0000] {processor.py:840} INFO - DAG(s) 'latest_only' retrieved from /home/airflow/.local/lib/python3.9/site-packages/airflow/example_dags/example_latest_only.py
[2024-04-21T20:04:50.866+0000] {logging_mixin.py:188} INFO - [2024-04-21T20:04:50.866+0000] {dag.py:3047} INFO - Sync 1 DAGs
[2024-04-21T20:04:50.919+0000] {logging_mixin.py:188} INFO - [2024-04-21T20:04:50.919+0000] {dag.py:3834} INFO - Setting next_dagrun for latest_only to 2024-04-21 16:00:00+00:00, run_after=2024-04-21 20:00:00+00:00
[2024-04-21T20:04:50.979+0000] {processor.py:183} INFO - Processing /home/airflow/.local/lib/python3.9/site-packages/airflow/example_dags/example_latest_only.py took 0.277 seconds
[2024-04-21T20:05:21.260+0000] {processor.py:161} INFO - Started process (PID=449) to work on /home/airflow/.local/lib/python3.9/site-packages/airflow/example_dags/example_latest_only.py
[2024-04-21T20:05:21.262+0000] {processor.py:830} INFO - Processing file /home/airflow/.local/lib/python3.9/site-packages/airflow/example_dags/example_latest_only.py for tasks to queue
[2024-04-21T20:05:21.264+0000] {logging_mixin.py:188} INFO - [2024-04-21T20:05:21.264+0000] {dagbag.py:540} INFO - Filling up the DagBag from /home/airflow/.local/lib/python3.9/site-packages/airflow/example_dags/example_latest_only.py
[2024-04-21T20:05:21.274+0000] {processor.py:840} INFO - DAG(s) 'latest_only' retrieved from /home/airflow/.local/lib/python3.9/site-packages/airflow/example_dags/example_latest_only.py
[2024-04-21T20:05:21.376+0000] {logging_mixin.py:188} INFO - [2024-04-21T20:05:21.375+0000] {dag.py:3047} INFO - Sync 1 DAGs
[2024-04-21T20:05:21.410+0000] {logging_mixin.py:188} INFO - [2024-04-21T20:05:21.410+0000] {dag.py:3834} INFO - Setting next_dagrun for latest_only to 2024-04-21 16:00:00+00:00, run_after=2024-04-21 20:00:00+00:00
[2024-04-21T20:05:21.460+0000] {processor.py:183} INFO - Processing /home/airflow/.local/lib/python3.9/site-packages/airflow/example_dags/example_latest_only.py took 0.207 seconds
[2024-04-21T20:05:52.278+0000] {processor.py:161} INFO - Started process (PID=506) to work on /home/airflow/.local/lib/python3.9/site-packages/airflow/example_dags/example_latest_only.py
[2024-04-21T20:05:52.280+0000] {processor.py:830} INFO - Processing file /home/airflow/.local/lib/python3.9/site-packages/airflow/example_dags/example_latest_only.py for tasks to queue
[2024-04-21T20:05:52.282+0000] {logging_mixin.py:188} INFO - [2024-04-21T20:05:52.281+0000] {dagbag.py:540} INFO - Filling up the DagBag from /home/airflow/.local/lib/python3.9/site-packages/airflow/example_dags/example_latest_only.py
[2024-04-21T20:05:52.291+0000] {processor.py:840} INFO - DAG(s) 'latest_only' retrieved from /home/airflow/.local/lib/python3.9/site-packages/airflow/example_dags/example_latest_only.py
[2024-04-21T20:05:52.392+0000] {logging_mixin.py:188} INFO - [2024-04-21T20:05:52.391+0000] {dag.py:3047} INFO - Sync 1 DAGs
[2024-04-21T20:05:52.425+0000] {logging_mixin.py:188} INFO - [2024-04-21T20:05:52.425+0000] {dag.py:3834} INFO - Setting next_dagrun for latest_only to 2024-04-21 16:00:00+00:00, run_after=2024-04-21 20:00:00+00:00
[2024-04-21T20:05:52.483+0000] {processor.py:183} INFO - Processing /home/airflow/.local/lib/python3.9/site-packages/airflow/example_dags/example_latest_only.py took 0.210 seconds
[2024-04-21T20:06:46.236+0000] {processor.py:161} INFO - Started process (PID=570) to work on /home/airflow/.local/lib/python3.9/site-packages/airflow/example_dags/example_latest_only.py
[2024-04-21T20:06:46.238+0000] {processor.py:830} INFO - Processing file /home/airflow/.local/lib/python3.9/site-packages/airflow/example_dags/example_latest_only.py for tasks to queue
[2024-04-21T20:06:46.240+0000] {logging_mixin.py:188} INFO - [2024-04-21T20:06:46.239+0000] {dagbag.py:540} INFO - Filling up the DagBag from /home/airflow/.local/lib/python3.9/site-packages/airflow/example_dags/example_latest_only.py
[2024-04-21T20:06:46.249+0000] {processor.py:840} INFO - DAG(s) 'latest_only' retrieved from /home/airflow/.local/lib/python3.9/site-packages/airflow/example_dags/example_latest_only.py
[2024-04-21T20:06:46.394+0000] {logging_mixin.py:188} INFO - [2024-04-21T20:06:46.394+0000] {dag.py:3047} INFO - Sync 1 DAGs
[2024-04-21T20:06:46.435+0000] {logging_mixin.py:188} INFO - [2024-04-21T20:06:46.434+0000] {dag.py:3834} INFO - Setting next_dagrun for latest_only to 2024-04-21 16:00:00+00:00, run_after=2024-04-21 20:00:00+00:00
[2024-04-21T20:06:46.492+0000] {processor.py:183} INFO - Processing /home/airflow/.local/lib/python3.9/site-packages/airflow/example_dags/example_latest_only.py took 0.259 seconds
[2024-04-21T20:07:18.279+0000] {processor.py:161} INFO - Started process (PID=628) to work on /home/airflow/.local/lib/python3.9/site-packages/airflow/example_dags/example_latest_only.py
[2024-04-21T20:07:18.281+0000] {processor.py:830} INFO - Processing file /home/airflow/.local/lib/python3.9/site-packages/airflow/example_dags/example_latest_only.py for tasks to queue
[2024-04-21T20:07:18.283+0000] {logging_mixin.py:188} INFO - [2024-04-21T20:07:18.283+0000] {dagbag.py:540} INFO - Filling up the DagBag from /home/airflow/.local/lib/python3.9/site-packages/airflow/example_dags/example_latest_only.py
[2024-04-21T20:07:18.292+0000] {processor.py:840} INFO - DAG(s) 'latest_only' retrieved from /home/airflow/.local/lib/python3.9/site-packages/airflow/example_dags/example_latest_only.py
[2024-04-21T20:07:18.415+0000] {logging_mixin.py:188} INFO - [2024-04-21T20:07:18.415+0000] {dag.py:3047} INFO - Sync 1 DAGs
[2024-04-21T20:07:18.450+0000] {logging_mixin.py:188} INFO - [2024-04-21T20:07:18.450+0000] {dag.py:3834} INFO - Setting next_dagrun for latest_only to 2024-04-21 16:00:00+00:00, run_after=2024-04-21 20:00:00+00:00
[2024-04-21T20:07:18.515+0000] {processor.py:183} INFO - Processing /home/airflow/.local/lib/python3.9/site-packages/airflow/example_dags/example_latest_only.py took 0.241 seconds
[2024-04-21T20:07:49.446+0000] {processor.py:161} INFO - Started process (PID=685) to work on /home/airflow/.local/lib/python3.9/site-packages/airflow/example_dags/example_latest_only.py
[2024-04-21T20:07:49.449+0000] {processor.py:830} INFO - Processing file /home/airflow/.local/lib/python3.9/site-packages/airflow/example_dags/example_latest_only.py for tasks to queue
[2024-04-21T20:07:49.450+0000] {logging_mixin.py:188} INFO - [2024-04-21T20:07:49.450+0000] {dagbag.py:540} INFO - Filling up the DagBag from /home/airflow/.local/lib/python3.9/site-packages/airflow/example_dags/example_latest_only.py
[2024-04-21T20:07:49.461+0000] {processor.py:840} INFO - DAG(s) 'latest_only' retrieved from /home/airflow/.local/lib/python3.9/site-packages/airflow/example_dags/example_latest_only.py
[2024-04-21T20:07:49.584+0000] {logging_mixin.py:188} INFO - [2024-04-21T20:07:49.584+0000] {dag.py:3047} INFO - Sync 1 DAGs
[2024-04-21T20:07:49.637+0000] {logging_mixin.py:188} INFO - [2024-04-21T20:07:49.636+0000] {dag.py:3834} INFO - Setting next_dagrun for latest_only to 2024-04-21 16:00:00+00:00, run_after=2024-04-21 20:00:00+00:00
[2024-04-21T20:07:49.706+0000] {processor.py:183} INFO - Processing /home/airflow/.local/lib/python3.9/site-packages/airflow/example_dags/example_latest_only.py took 0.265 seconds
[2024-04-21T20:08:22.331+0000] {processor.py:161} INFO - Started process (PID=741) to work on /home/airflow/.local/lib/python3.9/site-packages/airflow/example_dags/example_latest_only.py
[2024-04-21T20:08:22.332+0000] {processor.py:830} INFO - Processing file /home/airflow/.local/lib/python3.9/site-packages/airflow/example_dags/example_latest_only.py for tasks to queue
[2024-04-21T20:08:22.334+0000] {logging_mixin.py:188} INFO - [2024-04-21T20:08:22.334+0000] {dagbag.py:540} INFO - Filling up the DagBag from /home/airflow/.local/lib/python3.9/site-packages/airflow/example_dags/example_latest_only.py
[2024-04-21T20:08:22.341+0000] {processor.py:840} INFO - DAG(s) 'latest_only' retrieved from /home/airflow/.local/lib/python3.9/site-packages/airflow/example_dags/example_latest_only.py
[2024-04-21T20:08:22.406+0000] {logging_mixin.py:188} INFO - [2024-04-21T20:08:22.406+0000] {dag.py:3047} INFO - Sync 1 DAGs
[2024-04-21T20:08:22.431+0000] {logging_mixin.py:188} INFO - [2024-04-21T20:08:22.431+0000] {dag.py:3834} INFO - Setting next_dagrun for latest_only to 2024-04-21 16:00:00+00:00, run_after=2024-04-21 20:00:00+00:00
[2024-04-21T20:08:22.467+0000] {processor.py:183} INFO - Processing /home/airflow/.local/lib/python3.9/site-packages/airflow/example_dags/example_latest_only.py took 0.140 seconds
[2024-04-21T20:10:04.633+0000] {processor.py:161} INFO - Started process (PID=812) to work on /home/airflow/.local/lib/python3.9/site-packages/airflow/example_dags/example_latest_only.py
[2024-04-21T20:10:04.635+0000] {processor.py:830} INFO - Processing file /home/airflow/.local/lib/python3.9/site-packages/airflow/example_dags/example_latest_only.py for tasks to queue
[2024-04-21T20:10:04.636+0000] {logging_mixin.py:188} INFO - [2024-04-21T20:10:04.636+0000] {dagbag.py:540} INFO - Filling up the DagBag from /home/airflow/.local/lib/python3.9/site-packages/airflow/example_dags/example_latest_only.py
[2024-04-21T20:10:04.642+0000] {processor.py:840} INFO - DAG(s) 'latest_only' retrieved from /home/airflow/.local/lib/python3.9/site-packages/airflow/example_dags/example_latest_only.py
[2024-04-21T20:10:04.706+0000] {logging_mixin.py:188} INFO - [2024-04-21T20:10:04.706+0000] {dag.py:3047} INFO - Sync 1 DAGs
[2024-04-21T20:10:04.730+0000] {logging_mixin.py:188} INFO - [2024-04-21T20:10:04.730+0000] {dag.py:3834} INFO - Setting next_dagrun for latest_only to 2024-04-21 16:00:00+00:00, run_after=2024-04-21 20:00:00+00:00
[2024-04-21T20:10:04.762+0000] {processor.py:183} INFO - Processing /home/airflow/.local/lib/python3.9/site-packages/airflow/example_dags/example_latest_only.py took 0.133 seconds
[2024-04-21T20:10:35.530+0000] {processor.py:161} INFO - Started process (PID=869) to work on /home/airflow/.local/lib/python3.9/site-packages/airflow/example_dags/example_latest_only.py
[2024-04-21T20:10:35.532+0000] {processor.py:830} INFO - Processing file /home/airflow/.local/lib/python3.9/site-packages/airflow/example_dags/example_latest_only.py for tasks to queue
[2024-04-21T20:10:35.533+0000] {logging_mixin.py:188} INFO - [2024-04-21T20:10:35.533+0000] {dagbag.py:540} INFO - Filling up the DagBag from /home/airflow/.local/lib/python3.9/site-packages/airflow/example_dags/example_latest_only.py
[2024-04-21T20:10:35.541+0000] {processor.py:840} INFO - DAG(s) 'latest_only' retrieved from /home/airflow/.local/lib/python3.9/site-packages/airflow/example_dags/example_latest_only.py
[2024-04-21T20:10:35.616+0000] {logging_mixin.py:188} INFO - [2024-04-21T20:10:35.615+0000] {dag.py:3047} INFO - Sync 1 DAGs
[2024-04-21T20:10:35.652+0000] {logging_mixin.py:188} INFO - [2024-04-21T20:10:35.652+0000] {dag.py:3834} INFO - Setting next_dagrun for latest_only to 2024-04-21 16:00:00+00:00, run_after=2024-04-21 20:00:00+00:00
[2024-04-21T20:10:35.702+0000] {processor.py:183} INFO - Processing /home/airflow/.local/lib/python3.9/site-packages/airflow/example_dags/example_latest_only.py took 0.176 seconds
[2024-04-21T20:11:06.000+0000] {processor.py:161} INFO - Started process (PID=928) to work on /home/airflow/.local/lib/python3.9/site-packages/airflow/example_dags/example_latest_only.py
[2024-04-21T20:11:06.001+0000] {processor.py:830} INFO - Processing file /home/airflow/.local/lib/python3.9/site-packages/airflow/example_dags/example_latest_only.py for tasks to queue
[2024-04-21T20:11:06.003+0000] {logging_mixin.py:188} INFO - [2024-04-21T20:11:06.002+0000] {dagbag.py:540} INFO - Filling up the DagBag from /home/airflow/.local/lib/python3.9/site-packages/airflow/example_dags/example_latest_only.py
[2024-04-21T20:11:06.011+0000] {processor.py:840} INFO - DAG(s) 'latest_only' retrieved from /home/airflow/.local/lib/python3.9/site-packages/airflow/example_dags/example_latest_only.py
[2024-04-21T20:11:06.082+0000] {logging_mixin.py:188} INFO - [2024-04-21T20:11:06.081+0000] {dag.py:3047} INFO - Sync 1 DAGs
[2024-04-21T20:11:06.104+0000] {logging_mixin.py:188} INFO - [2024-04-21T20:11:06.104+0000] {dag.py:3834} INFO - Setting next_dagrun for latest_only to 2024-04-21 16:00:00+00:00, run_after=2024-04-21 20:00:00+00:00
[2024-04-21T20:11:06.139+0000] {processor.py:183} INFO - Processing /home/airflow/.local/lib/python3.9/site-packages/airflow/example_dags/example_latest_only.py took 0.143 seconds
[2024-04-21T20:14:20.471+0000] {processor.py:161} INFO - Started process (PID=56) to work on /home/airflow/.local/lib/python3.9/site-packages/airflow/example_dags/example_latest_only.py
[2024-04-21T20:14:20.476+0000] {processor.py:830} INFO - Processing file /home/airflow/.local/lib/python3.9/site-packages/airflow/example_dags/example_latest_only.py for tasks to queue
[2024-04-21T20:14:20.481+0000] {logging_mixin.py:188} INFO - [2024-04-21T20:14:20.480+0000] {dagbag.py:540} INFO - Filling up the DagBag from /home/airflow/.local/lib/python3.9/site-packages/airflow/example_dags/example_latest_only.py
[2024-04-21T20:14:20.538+0000] {processor.py:840} INFO - DAG(s) 'latest_only' retrieved from /home/airflow/.local/lib/python3.9/site-packages/airflow/example_dags/example_latest_only.py
[2024-04-21T20:14:21.037+0000] {logging_mixin.py:188} INFO - [2024-04-21T20:14:21.036+0000] {dag.py:3047} INFO - Sync 1 DAGs
[2024-04-21T20:14:21.104+0000] {logging_mixin.py:188} INFO - [2024-04-21T20:14:21.104+0000] {dag.py:3834} INFO - Setting next_dagrun for latest_only to 2024-04-21 16:00:00+00:00, run_after=2024-04-21 20:00:00+00:00
[2024-04-21T20:14:21.178+0000] {processor.py:183} INFO - Processing /home/airflow/.local/lib/python3.9/site-packages/airflow/example_dags/example_latest_only.py took 0.719 seconds
[2024-04-21T20:14:51.246+0000] {processor.py:161} INFO - Started process (PID=114) to work on /home/airflow/.local/lib/python3.9/site-packages/airflow/example_dags/example_latest_only.py
[2024-04-21T20:14:51.250+0000] {processor.py:830} INFO - Processing file /home/airflow/.local/lib/python3.9/site-packages/airflow/example_dags/example_latest_only.py for tasks to queue
[2024-04-21T20:14:51.256+0000] {logging_mixin.py:188} INFO - [2024-04-21T20:14:51.255+0000] {dagbag.py:540} INFO - Filling up the DagBag from /home/airflow/.local/lib/python3.9/site-packages/airflow/example_dags/example_latest_only.py
[2024-04-21T20:14:51.265+0000] {processor.py:840} INFO - DAG(s) 'latest_only' retrieved from /home/airflow/.local/lib/python3.9/site-packages/airflow/example_dags/example_latest_only.py
[2024-04-21T20:14:51.343+0000] {logging_mixin.py:188} INFO - [2024-04-21T20:14:51.343+0000] {dag.py:3047} INFO - Sync 1 DAGs
[2024-04-21T20:14:51.382+0000] {logging_mixin.py:188} INFO - [2024-04-21T20:14:51.381+0000] {dag.py:3834} INFO - Setting next_dagrun for latest_only to 2024-04-21 16:00:00+00:00, run_after=2024-04-21 20:00:00+00:00
[2024-04-21T20:14:51.423+0000] {processor.py:183} INFO - Processing /home/airflow/.local/lib/python3.9/site-packages/airflow/example_dags/example_latest_only.py took 0.187 seconds
[2024-04-21T20:15:21.524+0000] {processor.py:161} INFO - Started process (PID=171) to work on /home/airflow/.local/lib/python3.9/site-packages/airflow/example_dags/example_latest_only.py
[2024-04-21T20:15:21.526+0000] {processor.py:830} INFO - Processing file /home/airflow/.local/lib/python3.9/site-packages/airflow/example_dags/example_latest_only.py for tasks to queue
[2024-04-21T20:15:21.528+0000] {logging_mixin.py:188} INFO - [2024-04-21T20:15:21.527+0000] {dagbag.py:540} INFO - Filling up the DagBag from /home/airflow/.local/lib/python3.9/site-packages/airflow/example_dags/example_latest_only.py
[2024-04-21T20:15:21.533+0000] {processor.py:840} INFO - DAG(s) 'latest_only' retrieved from /home/airflow/.local/lib/python3.9/site-packages/airflow/example_dags/example_latest_only.py
[2024-04-21T20:15:21.600+0000] {logging_mixin.py:188} INFO - [2024-04-21T20:15:21.599+0000] {dag.py:3047} INFO - Sync 1 DAGs
[2024-04-21T20:15:21.624+0000] {logging_mixin.py:188} INFO - [2024-04-21T20:15:21.624+0000] {dag.py:3834} INFO - Setting next_dagrun for latest_only to 2024-04-21 16:00:00+00:00, run_after=2024-04-21 20:00:00+00:00
[2024-04-21T20:15:21.665+0000] {processor.py:183} INFO - Processing /home/airflow/.local/lib/python3.9/site-packages/airflow/example_dags/example_latest_only.py took 0.144 seconds
[2024-04-21T20:16:17.104+0000] {processor.py:161} INFO - Started process (PID=56) to work on /home/airflow/.local/lib/python3.9/site-packages/airflow/example_dags/example_latest_only.py
[2024-04-21T20:16:17.106+0000] {processor.py:830} INFO - Processing file /home/airflow/.local/lib/python3.9/site-packages/airflow/example_dags/example_latest_only.py for tasks to queue
[2024-04-21T20:16:17.108+0000] {logging_mixin.py:188} INFO - [2024-04-21T20:16:17.107+0000] {dagbag.py:540} INFO - Filling up the DagBag from /home/airflow/.local/lib/python3.9/site-packages/airflow/example_dags/example_latest_only.py
[2024-04-21T20:16:17.116+0000] {processor.py:840} INFO - DAG(s) 'latest_only' retrieved from /home/airflow/.local/lib/python3.9/site-packages/airflow/example_dags/example_latest_only.py
[2024-04-21T20:16:17.203+0000] {logging_mixin.py:188} INFO - [2024-04-21T20:16:17.202+0000] {dag.py:3047} INFO - Sync 1 DAGs
[2024-04-21T20:16:17.229+0000] {logging_mixin.py:188} INFO - [2024-04-21T20:16:17.228+0000] {dag.py:3834} INFO - Setting next_dagrun for latest_only to 2024-04-21 16:00:00+00:00, run_after=2024-04-21 20:00:00+00:00
[2024-04-21T20:16:17.262+0000] {processor.py:183} INFO - Processing /home/airflow/.local/lib/python3.9/site-packages/airflow/example_dags/example_latest_only.py took 0.161 seconds
[2024-04-21T20:16:47.894+0000] {processor.py:161} INFO - Started process (PID=113) to work on /home/airflow/.local/lib/python3.9/site-packages/airflow/example_dags/example_latest_only.py
[2024-04-21T20:16:47.895+0000] {processor.py:830} INFO - Processing file /home/airflow/.local/lib/python3.9/site-packages/airflow/example_dags/example_latest_only.py for tasks to queue
[2024-04-21T20:16:47.898+0000] {logging_mixin.py:188} INFO - [2024-04-21T20:16:47.897+0000] {dagbag.py:540} INFO - Filling up the DagBag from /home/airflow/.local/lib/python3.9/site-packages/airflow/example_dags/example_latest_only.py
[2024-04-21T20:16:47.903+0000] {processor.py:840} INFO - DAG(s) 'latest_only' retrieved from /home/airflow/.local/lib/python3.9/site-packages/airflow/example_dags/example_latest_only.py
[2024-04-21T20:16:47.960+0000] {logging_mixin.py:188} INFO - [2024-04-21T20:16:47.960+0000] {dag.py:3047} INFO - Sync 1 DAGs
[2024-04-21T20:16:47.987+0000] {logging_mixin.py:188} INFO - [2024-04-21T20:16:47.987+0000] {dag.py:3834} INFO - Setting next_dagrun for latest_only to 2024-04-21 16:00:00+00:00, run_after=2024-04-21 20:00:00+00:00
[2024-04-21T20:16:48.021+0000] {processor.py:183} INFO - Processing /home/airflow/.local/lib/python3.9/site-packages/airflow/example_dags/example_latest_only.py took 0.131 seconds
[2024-04-21T20:17:18.499+0000] {processor.py:161} INFO - Started process (PID=170) to work on /home/airflow/.local/lib/python3.9/site-packages/airflow/example_dags/example_latest_only.py
[2024-04-21T20:17:18.501+0000] {processor.py:830} INFO - Processing file /home/airflow/.local/lib/python3.9/site-packages/airflow/example_dags/example_latest_only.py for tasks to queue
[2024-04-21T20:17:18.503+0000] {logging_mixin.py:188} INFO - [2024-04-21T20:17:18.502+0000] {dagbag.py:540} INFO - Filling up the DagBag from /home/airflow/.local/lib/python3.9/site-packages/airflow/example_dags/example_latest_only.py
[2024-04-21T20:17:18.508+0000] {processor.py:840} INFO - DAG(s) 'latest_only' retrieved from /home/airflow/.local/lib/python3.9/site-packages/airflow/example_dags/example_latest_only.py
[2024-04-21T20:17:18.564+0000] {logging_mixin.py:188} INFO - [2024-04-21T20:17:18.564+0000] {dag.py:3047} INFO - Sync 1 DAGs
[2024-04-21T20:17:18.589+0000] {logging_mixin.py:188} INFO - [2024-04-21T20:17:18.589+0000] {dag.py:3834} INFO - Setting next_dagrun for latest_only to 2024-04-21 16:00:00+00:00, run_after=2024-04-21 20:00:00+00:00
[2024-04-21T20:17:18.626+0000] {processor.py:183} INFO - Processing /home/airflow/.local/lib/python3.9/site-packages/airflow/example_dags/example_latest_only.py took 0.130 seconds
[2024-04-21T20:17:49.291+0000] {processor.py:161} INFO - Started process (PID=227) to work on /home/airflow/.local/lib/python3.9/site-packages/airflow/example_dags/example_latest_only.py
[2024-04-21T20:17:49.293+0000] {processor.py:830} INFO - Processing file /home/airflow/.local/lib/python3.9/site-packages/airflow/example_dags/example_latest_only.py for tasks to queue
[2024-04-21T20:17:49.295+0000] {logging_mixin.py:188} INFO - [2024-04-21T20:17:49.295+0000] {dagbag.py:540} INFO - Filling up the DagBag from /home/airflow/.local/lib/python3.9/site-packages/airflow/example_dags/example_latest_only.py
[2024-04-21T20:17:49.301+0000] {processor.py:840} INFO - DAG(s) 'latest_only' retrieved from /home/airflow/.local/lib/python3.9/site-packages/airflow/example_dags/example_latest_only.py
[2024-04-21T20:17:49.354+0000] {logging_mixin.py:188} INFO - [2024-04-21T20:17:49.354+0000] {dag.py:3047} INFO - Sync 1 DAGs
[2024-04-21T20:17:49.379+0000] {logging_mixin.py:188} INFO - [2024-04-21T20:17:49.379+0000] {dag.py:3834} INFO - Setting next_dagrun for latest_only to 2024-04-21 16:00:00+00:00, run_after=2024-04-21 20:00:00+00:00
[2024-04-21T20:17:49.416+0000] {processor.py:183} INFO - Processing /home/airflow/.local/lib/python3.9/site-packages/airflow/example_dags/example_latest_only.py took 0.127 seconds
[2024-04-21T20:18:20.129+0000] {processor.py:161} INFO - Started process (PID=284) to work on /home/airflow/.local/lib/python3.9/site-packages/airflow/example_dags/example_latest_only.py
[2024-04-21T20:18:20.131+0000] {processor.py:830} INFO - Processing file /home/airflow/.local/lib/python3.9/site-packages/airflow/example_dags/example_latest_only.py for tasks to queue
[2024-04-21T20:18:20.133+0000] {logging_mixin.py:188} INFO - [2024-04-21T20:18:20.133+0000] {dagbag.py:540} INFO - Filling up the DagBag from /home/airflow/.local/lib/python3.9/site-packages/airflow/example_dags/example_latest_only.py
[2024-04-21T20:18:20.139+0000] {processor.py:840} INFO - DAG(s) 'latest_only' retrieved from /home/airflow/.local/lib/python3.9/site-packages/airflow/example_dags/example_latest_only.py
[2024-04-21T20:18:20.199+0000] {logging_mixin.py:188} INFO - [2024-04-21T20:18:20.198+0000] {dag.py:3047} INFO - Sync 1 DAGs
[2024-04-21T20:18:20.230+0000] {logging_mixin.py:188} INFO - [2024-04-21T20:18:20.229+0000] {dag.py:3834} INFO - Setting next_dagrun for latest_only to 2024-04-21 16:00:00+00:00, run_after=2024-04-21 20:00:00+00:00
[2024-04-21T20:18:20.265+0000] {processor.py:183} INFO - Processing /home/airflow/.local/lib/python3.9/site-packages/airflow/example_dags/example_latest_only.py took 0.139 seconds
[2024-04-21T20:18:51.364+0000] {processor.py:161} INFO - Started process (PID=341) to work on /home/airflow/.local/lib/python3.9/site-packages/airflow/example_dags/example_latest_only.py
[2024-04-21T20:18:51.366+0000] {processor.py:830} INFO - Processing file /home/airflow/.local/lib/python3.9/site-packages/airflow/example_dags/example_latest_only.py for tasks to queue
[2024-04-21T20:18:51.368+0000] {logging_mixin.py:188} INFO - [2024-04-21T20:18:51.368+0000] {dagbag.py:540} INFO - Filling up the DagBag from /home/airflow/.local/lib/python3.9/site-packages/airflow/example_dags/example_latest_only.py
[2024-04-21T20:18:51.374+0000] {processor.py:840} INFO - DAG(s) 'latest_only' retrieved from /home/airflow/.local/lib/python3.9/site-packages/airflow/example_dags/example_latest_only.py
[2024-04-21T20:18:51.429+0000] {logging_mixin.py:188} INFO - [2024-04-21T20:18:51.429+0000] {dag.py:3047} INFO - Sync 1 DAGs
[2024-04-21T20:18:51.454+0000] {logging_mixin.py:188} INFO - [2024-04-21T20:18:51.454+0000] {dag.py:3834} INFO - Setting next_dagrun for latest_only to 2024-04-21 16:00:00+00:00, run_after=2024-04-21 20:00:00+00:00
[2024-04-21T20:18:51.488+0000] {processor.py:183} INFO - Processing /home/airflow/.local/lib/python3.9/site-packages/airflow/example_dags/example_latest_only.py took 0.127 seconds
[2024-04-21T20:32:50.572+0000] {processor.py:161} INFO - Started process (PID=56) to work on /home/airflow/.local/lib/python3.9/site-packages/airflow/example_dags/example_latest_only.py
[2024-04-21T20:32:50.576+0000] {processor.py:830} INFO - Processing file /home/airflow/.local/lib/python3.9/site-packages/airflow/example_dags/example_latest_only.py for tasks to queue
[2024-04-21T20:32:50.580+0000] {logging_mixin.py:188} INFO - [2024-04-21T20:32:50.579+0000] {dagbag.py:540} INFO - Filling up the DagBag from /home/airflow/.local/lib/python3.9/site-packages/airflow/example_dags/example_latest_only.py
[2024-04-21T20:32:50.605+0000] {processor.py:840} INFO - DAG(s) 'latest_only' retrieved from /home/airflow/.local/lib/python3.9/site-packages/airflow/example_dags/example_latest_only.py
[2024-04-21T20:32:50.876+0000] {logging_mixin.py:188} INFO - [2024-04-21T20:32:50.875+0000] {dag.py:3047} INFO - Sync 1 DAGs
[2024-04-21T20:32:50.922+0000] {logging_mixin.py:188} INFO - [2024-04-21T20:32:50.922+0000] {dag.py:3834} INFO - Setting next_dagrun for latest_only to 2024-04-21 16:00:00+00:00, run_after=2024-04-21 20:00:00+00:00
[2024-04-21T20:32:51.012+0000] {processor.py:183} INFO - Processing /home/airflow/.local/lib/python3.9/site-packages/airflow/example_dags/example_latest_only.py took 0.446 seconds
[2024-04-21T20:33:22.970+0000] {processor.py:161} INFO - Started process (PID=56) to work on /home/airflow/.local/lib/python3.9/site-packages/airflow/example_dags/example_latest_only.py
[2024-04-21T20:33:22.972+0000] {processor.py:830} INFO - Processing file /home/airflow/.local/lib/python3.9/site-packages/airflow/example_dags/example_latest_only.py for tasks to queue
[2024-04-21T20:33:22.975+0000] {logging_mixin.py:188} INFO - [2024-04-21T20:33:22.974+0000] {dagbag.py:540} INFO - Filling up the DagBag from /home/airflow/.local/lib/python3.9/site-packages/airflow/example_dags/example_latest_only.py
[2024-04-21T20:33:22.985+0000] {processor.py:840} INFO - DAG(s) 'latest_only' retrieved from /home/airflow/.local/lib/python3.9/site-packages/airflow/example_dags/example_latest_only.py
[2024-04-21T20:33:23.088+0000] {logging_mixin.py:188} INFO - [2024-04-21T20:33:23.088+0000] {dag.py:3047} INFO - Sync 1 DAGs
[2024-04-21T20:33:23.135+0000] {logging_mixin.py:188} INFO - [2024-04-21T20:33:23.134+0000] {dag.py:3834} INFO - Setting next_dagrun for latest_only to 2024-04-21 16:00:00+00:00, run_after=2024-04-21 20:00:00+00:00
[2024-04-21T20:33:23.218+0000] {processor.py:183} INFO - Processing /home/airflow/.local/lib/python3.9/site-packages/airflow/example_dags/example_latest_only.py took 0.253 seconds
[2024-04-21T20:33:54.004+0000] {processor.py:161} INFO - Started process (PID=113) to work on /home/airflow/.local/lib/python3.9/site-packages/airflow/example_dags/example_latest_only.py
[2024-04-21T20:33:54.006+0000] {processor.py:830} INFO - Processing file /home/airflow/.local/lib/python3.9/site-packages/airflow/example_dags/example_latest_only.py for tasks to queue
[2024-04-21T20:33:54.008+0000] {logging_mixin.py:188} INFO - [2024-04-21T20:33:54.007+0000] {dagbag.py:540} INFO - Filling up the DagBag from /home/airflow/.local/lib/python3.9/site-packages/airflow/example_dags/example_latest_only.py
[2024-04-21T20:33:54.013+0000] {processor.py:840} INFO - DAG(s) 'latest_only' retrieved from /home/airflow/.local/lib/python3.9/site-packages/airflow/example_dags/example_latest_only.py
[2024-04-21T20:33:54.082+0000] {logging_mixin.py:188} INFO - [2024-04-21T20:33:54.082+0000] {dag.py:3047} INFO - Sync 1 DAGs
[2024-04-21T20:33:54.109+0000] {logging_mixin.py:188} INFO - [2024-04-21T20:33:54.108+0000] {dag.py:3834} INFO - Setting next_dagrun for latest_only to 2024-04-21 16:00:00+00:00, run_after=2024-04-21 20:00:00+00:00
[2024-04-21T20:33:54.141+0000] {processor.py:183} INFO - Processing /home/airflow/.local/lib/python3.9/site-packages/airflow/example_dags/example_latest_only.py took 0.140 seconds
[2024-04-21T20:34:30.656+0000] {processor.py:161} INFO - Started process (PID=56) to work on /home/airflow/.local/lib/python3.9/site-packages/airflow/example_dags/example_latest_only.py
[2024-04-21T20:34:30.658+0000] {processor.py:830} INFO - Processing file /home/airflow/.local/lib/python3.9/site-packages/airflow/example_dags/example_latest_only.py for tasks to queue
[2024-04-21T20:34:30.660+0000] {logging_mixin.py:188} INFO - [2024-04-21T20:34:30.660+0000] {dagbag.py:540} INFO - Filling up the DagBag from /home/airflow/.local/lib/python3.9/site-packages/airflow/example_dags/example_latest_only.py
[2024-04-21T20:34:30.668+0000] {processor.py:840} INFO - DAG(s) 'latest_only' retrieved from /home/airflow/.local/lib/python3.9/site-packages/airflow/example_dags/example_latest_only.py
[2024-04-21T20:34:30.732+0000] {logging_mixin.py:188} INFO - [2024-04-21T20:34:30.732+0000] {dag.py:3047} INFO - Sync 1 DAGs
[2024-04-21T20:34:30.755+0000] {logging_mixin.py:188} INFO - [2024-04-21T20:34:30.755+0000] {dag.py:3834} INFO - Setting next_dagrun for latest_only to 2024-04-21 16:00:00+00:00, run_after=2024-04-21 20:00:00+00:00
[2024-04-21T20:34:30.802+0000] {processor.py:183} INFO - Processing /home/airflow/.local/lib/python3.9/site-packages/airflow/example_dags/example_latest_only.py took 0.148 seconds
[2024-04-21T20:35:01.725+0000] {processor.py:161} INFO - Started process (PID=113) to work on /home/airflow/.local/lib/python3.9/site-packages/airflow/example_dags/example_latest_only.py
[2024-04-21T20:35:01.726+0000] {processor.py:830} INFO - Processing file /home/airflow/.local/lib/python3.9/site-packages/airflow/example_dags/example_latest_only.py for tasks to queue
[2024-04-21T20:35:01.728+0000] {logging_mixin.py:188} INFO - [2024-04-21T20:35:01.727+0000] {dagbag.py:540} INFO - Filling up the DagBag from /home/airflow/.local/lib/python3.9/site-packages/airflow/example_dags/example_latest_only.py
[2024-04-21T20:35:01.733+0000] {processor.py:840} INFO - DAG(s) 'latest_only' retrieved from /home/airflow/.local/lib/python3.9/site-packages/airflow/example_dags/example_latest_only.py
[2024-04-21T20:35:01.790+0000] {logging_mixin.py:188} INFO - [2024-04-21T20:35:01.790+0000] {dag.py:3047} INFO - Sync 1 DAGs
[2024-04-21T20:35:01.813+0000] {logging_mixin.py:188} INFO - [2024-04-21T20:35:01.813+0000] {dag.py:3834} INFO - Setting next_dagrun for latest_only to 2024-04-21 16:00:00+00:00, run_after=2024-04-21 20:00:00+00:00
[2024-04-21T20:35:01.845+0000] {processor.py:183} INFO - Processing /home/airflow/.local/lib/python3.9/site-packages/airflow/example_dags/example_latest_only.py took 0.125 seconds
[2024-04-21T20:35:32.612+0000] {processor.py:161} INFO - Started process (PID=170) to work on /home/airflow/.local/lib/python3.9/site-packages/airflow/example_dags/example_latest_only.py
[2024-04-21T20:35:32.613+0000] {processor.py:830} INFO - Processing file /home/airflow/.local/lib/python3.9/site-packages/airflow/example_dags/example_latest_only.py for tasks to queue
[2024-04-21T20:35:32.615+0000] {logging_mixin.py:188} INFO - [2024-04-21T20:35:32.614+0000] {dagbag.py:540} INFO - Filling up the DagBag from /home/airflow/.local/lib/python3.9/site-packages/airflow/example_dags/example_latest_only.py
[2024-04-21T20:35:32.620+0000] {processor.py:840} INFO - DAG(s) 'latest_only' retrieved from /home/airflow/.local/lib/python3.9/site-packages/airflow/example_dags/example_latest_only.py
[2024-04-21T20:35:32.670+0000] {logging_mixin.py:188} INFO - [2024-04-21T20:35:32.670+0000] {dag.py:3047} INFO - Sync 1 DAGs
[2024-04-21T20:35:32.695+0000] {logging_mixin.py:188} INFO - [2024-04-21T20:35:32.694+0000] {dag.py:3834} INFO - Setting next_dagrun for latest_only to 2024-04-21 16:00:00+00:00, run_after=2024-04-21 20:00:00+00:00
[2024-04-21T20:35:32.729+0000] {processor.py:183} INFO - Processing /home/airflow/.local/lib/python3.9/site-packages/airflow/example_dags/example_latest_only.py took 0.120 seconds
[2024-04-21T20:36:03.769+0000] {processor.py:161} INFO - Started process (PID=227) to work on /home/airflow/.local/lib/python3.9/site-packages/airflow/example_dags/example_latest_only.py
[2024-04-21T20:36:03.772+0000] {processor.py:830} INFO - Processing file /home/airflow/.local/lib/python3.9/site-packages/airflow/example_dags/example_latest_only.py for tasks to queue
[2024-04-21T20:36:03.774+0000] {logging_mixin.py:188} INFO - [2024-04-21T20:36:03.774+0000] {dagbag.py:540} INFO - Filling up the DagBag from /home/airflow/.local/lib/python3.9/site-packages/airflow/example_dags/example_latest_only.py
[2024-04-21T20:36:03.780+0000] {processor.py:840} INFO - DAG(s) 'latest_only' retrieved from /home/airflow/.local/lib/python3.9/site-packages/airflow/example_dags/example_latest_only.py
[2024-04-21T20:36:03.836+0000] {logging_mixin.py:188} INFO - [2024-04-21T20:36:03.836+0000] {dag.py:3047} INFO - Sync 1 DAGs
[2024-04-21T20:36:03.862+0000] {logging_mixin.py:188} INFO - [2024-04-21T20:36:03.862+0000] {dag.py:3834} INFO - Setting next_dagrun for latest_only to 2024-04-21 16:00:00+00:00, run_after=2024-04-21 20:00:00+00:00
[2024-04-21T20:36:03.897+0000] {processor.py:183} INFO - Processing /home/airflow/.local/lib/python3.9/site-packages/airflow/example_dags/example_latest_only.py took 0.132 seconds
[2024-04-21T20:36:35.339+0000] {processor.py:161} INFO - Started process (PID=284) to work on /home/airflow/.local/lib/python3.9/site-packages/airflow/example_dags/example_latest_only.py
[2024-04-21T20:36:35.341+0000] {processor.py:830} INFO - Processing file /home/airflow/.local/lib/python3.9/site-packages/airflow/example_dags/example_latest_only.py for tasks to queue
[2024-04-21T20:36:35.343+0000] {logging_mixin.py:188} INFO - [2024-04-21T20:36:35.343+0000] {dagbag.py:540} INFO - Filling up the DagBag from /home/airflow/.local/lib/python3.9/site-packages/airflow/example_dags/example_latest_only.py
[2024-04-21T20:36:35.349+0000] {processor.py:840} INFO - DAG(s) 'latest_only' retrieved from /home/airflow/.local/lib/python3.9/site-packages/airflow/example_dags/example_latest_only.py
[2024-04-21T20:36:35.406+0000] {logging_mixin.py:188} INFO - [2024-04-21T20:36:35.405+0000] {dag.py:3047} INFO - Sync 1 DAGs
[2024-04-21T20:36:35.432+0000] {logging_mixin.py:188} INFO - [2024-04-21T20:36:35.431+0000] {dag.py:3834} INFO - Setting next_dagrun for latest_only to 2024-04-21 16:00:00+00:00, run_after=2024-04-21 20:00:00+00:00
[2024-04-21T20:36:35.470+0000] {processor.py:183} INFO - Processing /home/airflow/.local/lib/python3.9/site-packages/airflow/example_dags/example_latest_only.py took 0.135 seconds
[2024-04-21T20:37:05.957+0000] {processor.py:161} INFO - Started process (PID=341) to work on /home/airflow/.local/lib/python3.9/site-packages/airflow/example_dags/example_latest_only.py
[2024-04-21T20:37:05.958+0000] {processor.py:830} INFO - Processing file /home/airflow/.local/lib/python3.9/site-packages/airflow/example_dags/example_latest_only.py for tasks to queue
[2024-04-21T20:37:05.960+0000] {logging_mixin.py:188} INFO - [2024-04-21T20:37:05.960+0000] {dagbag.py:540} INFO - Filling up the DagBag from /home/airflow/.local/lib/python3.9/site-packages/airflow/example_dags/example_latest_only.py
[2024-04-21T20:37:05.965+0000] {processor.py:840} INFO - DAG(s) 'latest_only' retrieved from /home/airflow/.local/lib/python3.9/site-packages/airflow/example_dags/example_latest_only.py
[2024-04-21T20:37:06.018+0000] {logging_mixin.py:188} INFO - [2024-04-21T20:37:06.018+0000] {dag.py:3047} INFO - Sync 1 DAGs
[2024-04-21T20:37:06.042+0000] {logging_mixin.py:188} INFO - [2024-04-21T20:37:06.042+0000] {dag.py:3834} INFO - Setting next_dagrun for latest_only to 2024-04-21 16:00:00+00:00, run_after=2024-04-21 20:00:00+00:00
[2024-04-21T20:37:06.074+0000] {processor.py:183} INFO - Processing /home/airflow/.local/lib/python3.9/site-packages/airflow/example_dags/example_latest_only.py took 0.120 seconds
[2024-04-21T20:37:36.378+0000] {processor.py:161} INFO - Started process (PID=398) to work on /home/airflow/.local/lib/python3.9/site-packages/airflow/example_dags/example_latest_only.py
[2024-04-21T20:37:36.379+0000] {processor.py:830} INFO - Processing file /home/airflow/.local/lib/python3.9/site-packages/airflow/example_dags/example_latest_only.py for tasks to queue
[2024-04-21T20:37:36.382+0000] {logging_mixin.py:188} INFO - [2024-04-21T20:37:36.381+0000] {dagbag.py:540} INFO - Filling up the DagBag from /home/airflow/.local/lib/python3.9/site-packages/airflow/example_dags/example_latest_only.py
[2024-04-21T20:37:36.387+0000] {processor.py:840} INFO - DAG(s) 'latest_only' retrieved from /home/airflow/.local/lib/python3.9/site-packages/airflow/example_dags/example_latest_only.py
[2024-04-21T20:37:36.443+0000] {logging_mixin.py:188} INFO - [2024-04-21T20:37:36.443+0000] {dag.py:3047} INFO - Sync 1 DAGs
[2024-04-21T20:37:36.468+0000] {logging_mixin.py:188} INFO - [2024-04-21T20:37:36.467+0000] {dag.py:3834} INFO - Setting next_dagrun for latest_only to 2024-04-21 16:00:00+00:00, run_after=2024-04-21 20:00:00+00:00
[2024-04-21T20:37:36.498+0000] {processor.py:183} INFO - Processing /home/airflow/.local/lib/python3.9/site-packages/airflow/example_dags/example_latest_only.py took 0.123 seconds
[2024-04-21T20:38:08.216+0000] {processor.py:161} INFO - Started process (PID=455) to work on /home/airflow/.local/lib/python3.9/site-packages/airflow/example_dags/example_latest_only.py
[2024-04-21T20:38:08.218+0000] {processor.py:830} INFO - Processing file /home/airflow/.local/lib/python3.9/site-packages/airflow/example_dags/example_latest_only.py for tasks to queue
[2024-04-21T20:38:08.221+0000] {logging_mixin.py:188} INFO - [2024-04-21T20:38:08.220+0000] {dagbag.py:540} INFO - Filling up the DagBag from /home/airflow/.local/lib/python3.9/site-packages/airflow/example_dags/example_latest_only.py
[2024-04-21T20:38:08.228+0000] {processor.py:840} INFO - DAG(s) 'latest_only' retrieved from /home/airflow/.local/lib/python3.9/site-packages/airflow/example_dags/example_latest_only.py
[2024-04-21T20:38:08.294+0000] {logging_mixin.py:188} INFO - [2024-04-21T20:38:08.294+0000] {dag.py:3047} INFO - Sync 1 DAGs
[2024-04-21T20:38:08.327+0000] {logging_mixin.py:188} INFO - [2024-04-21T20:38:08.327+0000] {dag.py:3834} INFO - Setting next_dagrun for latest_only to 2024-04-21 16:00:00+00:00, run_after=2024-04-21 20:00:00+00:00
[2024-04-21T20:38:08.373+0000] {processor.py:183} INFO - Processing /home/airflow/.local/lib/python3.9/site-packages/airflow/example_dags/example_latest_only.py took 0.160 seconds
[2024-04-21T20:38:40.078+0000] {processor.py:161} INFO - Started process (PID=512) to work on /home/airflow/.local/lib/python3.9/site-packages/airflow/example_dags/example_latest_only.py
[2024-04-21T20:38:40.079+0000] {processor.py:830} INFO - Processing file /home/airflow/.local/lib/python3.9/site-packages/airflow/example_dags/example_latest_only.py for tasks to queue
[2024-04-21T20:38:40.082+0000] {logging_mixin.py:188} INFO - [2024-04-21T20:38:40.082+0000] {dagbag.py:540} INFO - Filling up the DagBag from /home/airflow/.local/lib/python3.9/site-packages/airflow/example_dags/example_latest_only.py
[2024-04-21T20:38:40.089+0000] {processor.py:840} INFO - DAG(s) 'latest_only' retrieved from /home/airflow/.local/lib/python3.9/site-packages/airflow/example_dags/example_latest_only.py
[2024-04-21T20:38:40.150+0000] {logging_mixin.py:188} INFO - [2024-04-21T20:38:40.150+0000] {dag.py:3047} INFO - Sync 1 DAGs
[2024-04-21T20:38:40.177+0000] {logging_mixin.py:188} INFO - [2024-04-21T20:38:40.177+0000] {dag.py:3834} INFO - Setting next_dagrun for latest_only to 2024-04-21 16:00:00+00:00, run_after=2024-04-21 20:00:00+00:00
[2024-04-21T20:38:40.210+0000] {processor.py:183} INFO - Processing /home/airflow/.local/lib/python3.9/site-packages/airflow/example_dags/example_latest_only.py took 0.136 seconds
[2024-04-21T20:39:10.958+0000] {processor.py:161} INFO - Started process (PID=569) to work on /home/airflow/.local/lib/python3.9/site-packages/airflow/example_dags/example_latest_only.py
[2024-04-21T20:39:10.959+0000] {processor.py:830} INFO - Processing file /home/airflow/.local/lib/python3.9/site-packages/airflow/example_dags/example_latest_only.py for tasks to queue
[2024-04-21T20:39:10.962+0000] {logging_mixin.py:188} INFO - [2024-04-21T20:39:10.962+0000] {dagbag.py:540} INFO - Filling up the DagBag from /home/airflow/.local/lib/python3.9/site-packages/airflow/example_dags/example_latest_only.py
[2024-04-21T20:39:10.968+0000] {processor.py:840} INFO - DAG(s) 'latest_only' retrieved from /home/airflow/.local/lib/python3.9/site-packages/airflow/example_dags/example_latest_only.py
[2024-04-21T20:39:11.047+0000] {logging_mixin.py:188} INFO - [2024-04-21T20:39:11.047+0000] {dag.py:3047} INFO - Sync 1 DAGs
[2024-04-21T20:39:11.101+0000] {logging_mixin.py:188} INFO - [2024-04-21T20:39:11.101+0000] {dag.py:3834} INFO - Setting next_dagrun for latest_only to 2024-04-21 16:00:00+00:00, run_after=2024-04-21 20:00:00+00:00
[2024-04-21T20:39:11.160+0000] {processor.py:183} INFO - Processing /home/airflow/.local/lib/python3.9/site-packages/airflow/example_dags/example_latest_only.py took 0.205 seconds
[2024-04-21T20:40:41.738+0000] {processor.py:161} INFO - Started process (PID=600) to work on /home/airflow/.local/lib/python3.9/site-packages/airflow/example_dags/example_latest_only.py
[2024-04-21T20:40:41.739+0000] {processor.py:830} INFO - Processing file /home/airflow/.local/lib/python3.9/site-packages/airflow/example_dags/example_latest_only.py for tasks to queue
[2024-04-21T20:40:41.741+0000] {logging_mixin.py:188} INFO - [2024-04-21T20:40:41.741+0000] {dagbag.py:540} INFO - Filling up the DagBag from /home/airflow/.local/lib/python3.9/site-packages/airflow/example_dags/example_latest_only.py
[2024-04-21T20:40:41.747+0000] {processor.py:840} INFO - DAG(s) 'latest_only' retrieved from /home/airflow/.local/lib/python3.9/site-packages/airflow/example_dags/example_latest_only.py
[2024-04-21T20:40:41.810+0000] {logging_mixin.py:188} INFO - [2024-04-21T20:40:41.810+0000] {dag.py:3047} INFO - Sync 1 DAGs
[2024-04-21T20:40:41.835+0000] {logging_mixin.py:188} INFO - [2024-04-21T20:40:41.835+0000] {dag.py:3834} INFO - Setting next_dagrun for latest_only to 2024-04-21 16:00:00+00:00, run_after=2024-04-21 20:00:00+00:00
[2024-04-21T20:40:41.872+0000] {processor.py:183} INFO - Processing /home/airflow/.local/lib/python3.9/site-packages/airflow/example_dags/example_latest_only.py took 0.136 seconds
[2024-04-21T20:41:12.425+0000] {processor.py:161} INFO - Started process (PID=659) to work on /home/airflow/.local/lib/python3.9/site-packages/airflow/example_dags/example_latest_only.py
[2024-04-21T20:41:12.427+0000] {processor.py:830} INFO - Processing file /home/airflow/.local/lib/python3.9/site-packages/airflow/example_dags/example_latest_only.py for tasks to queue
[2024-04-21T20:41:12.430+0000] {logging_mixin.py:188} INFO - [2024-04-21T20:41:12.429+0000] {dagbag.py:540} INFO - Filling up the DagBag from /home/airflow/.local/lib/python3.9/site-packages/airflow/example_dags/example_latest_only.py
[2024-04-21T20:41:12.440+0000] {processor.py:840} INFO - DAG(s) 'latest_only' retrieved from /home/airflow/.local/lib/python3.9/site-packages/airflow/example_dags/example_latest_only.py
[2024-04-21T20:41:12.528+0000] {logging_mixin.py:188} INFO - [2024-04-21T20:41:12.527+0000] {dag.py:3047} INFO - Sync 1 DAGs
[2024-04-21T20:41:12.555+0000] {logging_mixin.py:188} INFO - [2024-04-21T20:41:12.555+0000] {dag.py:3834} INFO - Setting next_dagrun for latest_only to 2024-04-21 16:00:00+00:00, run_after=2024-04-21 20:00:00+00:00
[2024-04-21T20:41:12.596+0000] {processor.py:183} INFO - Processing /home/airflow/.local/lib/python3.9/site-packages/airflow/example_dags/example_latest_only.py took 0.175 seconds
[2024-04-21T20:41:43.517+0000] {processor.py:161} INFO - Started process (PID=716) to work on /home/airflow/.local/lib/python3.9/site-packages/airflow/example_dags/example_latest_only.py
[2024-04-21T20:41:43.518+0000] {processor.py:830} INFO - Processing file /home/airflow/.local/lib/python3.9/site-packages/airflow/example_dags/example_latest_only.py for tasks to queue
[2024-04-21T20:41:43.521+0000] {logging_mixin.py:188} INFO - [2024-04-21T20:41:43.520+0000] {dagbag.py:540} INFO - Filling up the DagBag from /home/airflow/.local/lib/python3.9/site-packages/airflow/example_dags/example_latest_only.py
[2024-04-21T20:41:43.526+0000] {processor.py:840} INFO - DAG(s) 'latest_only' retrieved from /home/airflow/.local/lib/python3.9/site-packages/airflow/example_dags/example_latest_only.py
[2024-04-21T20:41:43.579+0000] {logging_mixin.py:188} INFO - [2024-04-21T20:41:43.579+0000] {dag.py:3047} INFO - Sync 1 DAGs
[2024-04-21T20:41:43.600+0000] {logging_mixin.py:188} INFO - [2024-04-21T20:41:43.600+0000] {dag.py:3834} INFO - Setting next_dagrun for latest_only to 2024-04-21 16:00:00+00:00, run_after=2024-04-21 20:00:00+00:00
[2024-04-21T20:41:43.632+0000] {processor.py:183} INFO - Processing /home/airflow/.local/lib/python3.9/site-packages/airflow/example_dags/example_latest_only.py took 0.118 seconds
[2024-04-21T20:42:37.257+0000] {processor.py:161} INFO - Started process (PID=56) to work on /home/airflow/.local/lib/python3.9/site-packages/airflow/example_dags/example_latest_only.py
[2024-04-21T20:42:37.258+0000] {processor.py:830} INFO - Processing file /home/airflow/.local/lib/python3.9/site-packages/airflow/example_dags/example_latest_only.py for tasks to queue
[2024-04-21T20:42:37.260+0000] {logging_mixin.py:188} INFO - [2024-04-21T20:42:37.260+0000] {dagbag.py:540} INFO - Filling up the DagBag from /home/airflow/.local/lib/python3.9/site-packages/airflow/example_dags/example_latest_only.py
[2024-04-21T20:42:37.268+0000] {processor.py:840} INFO - DAG(s) 'latest_only' retrieved from /home/airflow/.local/lib/python3.9/site-packages/airflow/example_dags/example_latest_only.py
[2024-04-21T20:42:37.330+0000] {logging_mixin.py:188} INFO - [2024-04-21T20:42:37.330+0000] {dag.py:3047} INFO - Sync 1 DAGs
[2024-04-21T20:42:37.356+0000] {logging_mixin.py:188} INFO - [2024-04-21T20:42:37.355+0000] {dag.py:3834} INFO - Setting next_dagrun for latest_only to 2024-04-21 16:00:00+00:00, run_after=2024-04-21 20:00:00+00:00
[2024-04-21T20:42:37.390+0000] {processor.py:183} INFO - Processing /home/airflow/.local/lib/python3.9/site-packages/airflow/example_dags/example_latest_only.py took 0.136 seconds
[2024-04-21T20:43:08.582+0000] {processor.py:161} INFO - Started process (PID=113) to work on /home/airflow/.local/lib/python3.9/site-packages/airflow/example_dags/example_latest_only.py
[2024-04-21T20:43:08.584+0000] {processor.py:830} INFO - Processing file /home/airflow/.local/lib/python3.9/site-packages/airflow/example_dags/example_latest_only.py for tasks to queue
[2024-04-21T20:43:08.586+0000] {logging_mixin.py:188} INFO - [2024-04-21T20:43:08.585+0000] {dagbag.py:540} INFO - Filling up the DagBag from /home/airflow/.local/lib/python3.9/site-packages/airflow/example_dags/example_latest_only.py
[2024-04-21T20:43:08.592+0000] {processor.py:840} INFO - DAG(s) 'latest_only' retrieved from /home/airflow/.local/lib/python3.9/site-packages/airflow/example_dags/example_latest_only.py
[2024-04-21T20:43:08.668+0000] {logging_mixin.py:188} INFO - [2024-04-21T20:43:08.667+0000] {dag.py:3047} INFO - Sync 1 DAGs
[2024-04-21T20:43:08.697+0000] {logging_mixin.py:188} INFO - [2024-04-21T20:43:08.697+0000] {dag.py:3834} INFO - Setting next_dagrun for latest_only to 2024-04-21 16:00:00+00:00, run_after=2024-04-21 20:00:00+00:00
[2024-04-21T20:43:08.744+0000] {processor.py:183} INFO - Processing /home/airflow/.local/lib/python3.9/site-packages/airflow/example_dags/example_latest_only.py took 0.165 seconds
[2024-04-21T20:43:39.085+0000] {processor.py:161} INFO - Started process (PID=170) to work on /home/airflow/.local/lib/python3.9/site-packages/airflow/example_dags/example_latest_only.py
[2024-04-21T20:43:39.087+0000] {processor.py:830} INFO - Processing file /home/airflow/.local/lib/python3.9/site-packages/airflow/example_dags/example_latest_only.py for tasks to queue
[2024-04-21T20:43:39.089+0000] {logging_mixin.py:188} INFO - [2024-04-21T20:43:39.088+0000] {dagbag.py:540} INFO - Filling up the DagBag from /home/airflow/.local/lib/python3.9/site-packages/airflow/example_dags/example_latest_only.py
[2024-04-21T20:43:39.095+0000] {processor.py:840} INFO - DAG(s) 'latest_only' retrieved from /home/airflow/.local/lib/python3.9/site-packages/airflow/example_dags/example_latest_only.py
[2024-04-21T20:43:39.151+0000] {logging_mixin.py:188} INFO - [2024-04-21T20:43:39.151+0000] {dag.py:3047} INFO - Sync 1 DAGs
[2024-04-21T20:43:39.174+0000] {logging_mixin.py:188} INFO - [2024-04-21T20:43:39.174+0000] {dag.py:3834} INFO - Setting next_dagrun for latest_only to 2024-04-21 16:00:00+00:00, run_after=2024-04-21 20:00:00+00:00
[2024-04-21T20:43:39.205+0000] {processor.py:183} INFO - Processing /home/airflow/.local/lib/python3.9/site-packages/airflow/example_dags/example_latest_only.py took 0.123 seconds
[2024-04-21T20:44:10.314+0000] {processor.py:161} INFO - Started process (PID=227) to work on /home/airflow/.local/lib/python3.9/site-packages/airflow/example_dags/example_latest_only.py
[2024-04-21T20:44:10.316+0000] {processor.py:830} INFO - Processing file /home/airflow/.local/lib/python3.9/site-packages/airflow/example_dags/example_latest_only.py for tasks to queue
[2024-04-21T20:44:10.320+0000] {logging_mixin.py:188} INFO - [2024-04-21T20:44:10.319+0000] {dagbag.py:540} INFO - Filling up the DagBag from /home/airflow/.local/lib/python3.9/site-packages/airflow/example_dags/example_latest_only.py
[2024-04-21T20:44:10.325+0000] {processor.py:840} INFO - DAG(s) 'latest_only' retrieved from /home/airflow/.local/lib/python3.9/site-packages/airflow/example_dags/example_latest_only.py
[2024-04-21T20:44:10.389+0000] {logging_mixin.py:188} INFO - [2024-04-21T20:44:10.389+0000] {dag.py:3047} INFO - Sync 1 DAGs
[2024-04-21T20:44:10.417+0000] {logging_mixin.py:188} INFO - [2024-04-21T20:44:10.417+0000] {dag.py:3834} INFO - Setting next_dagrun for latest_only to 2024-04-21 16:00:00+00:00, run_after=2024-04-21 20:00:00+00:00
[2024-04-21T20:44:10.454+0000] {processor.py:183} INFO - Processing /home/airflow/.local/lib/python3.9/site-packages/airflow/example_dags/example_latest_only.py took 0.143 seconds
[2024-04-21T20:44:42.225+0000] {processor.py:161} INFO - Started process (PID=284) to work on /home/airflow/.local/lib/python3.9/site-packages/airflow/example_dags/example_latest_only.py
[2024-04-21T20:44:42.226+0000] {processor.py:830} INFO - Processing file /home/airflow/.local/lib/python3.9/site-packages/airflow/example_dags/example_latest_only.py for tasks to queue
[2024-04-21T20:44:42.228+0000] {logging_mixin.py:188} INFO - [2024-04-21T20:44:42.228+0000] {dagbag.py:540} INFO - Filling up the DagBag from /home/airflow/.local/lib/python3.9/site-packages/airflow/example_dags/example_latest_only.py
[2024-04-21T20:44:42.234+0000] {processor.py:840} INFO - DAG(s) 'latest_only' retrieved from /home/airflow/.local/lib/python3.9/site-packages/airflow/example_dags/example_latest_only.py
[2024-04-21T20:44:42.296+0000] {logging_mixin.py:188} INFO - [2024-04-21T20:44:42.296+0000] {dag.py:3047} INFO - Sync 1 DAGs
[2024-04-21T20:44:42.322+0000] {logging_mixin.py:188} INFO - [2024-04-21T20:44:42.322+0000] {dag.py:3834} INFO - Setting next_dagrun for latest_only to 2024-04-21 16:00:00+00:00, run_after=2024-04-21 20:00:00+00:00
[2024-04-21T20:44:42.354+0000] {processor.py:183} INFO - Processing /home/airflow/.local/lib/python3.9/site-packages/airflow/example_dags/example_latest_only.py took 0.131 seconds
[2024-04-21T20:45:13.063+0000] {processor.py:161} INFO - Started process (PID=341) to work on /home/airflow/.local/lib/python3.9/site-packages/airflow/example_dags/example_latest_only.py
[2024-04-21T20:45:13.065+0000] {processor.py:830} INFO - Processing file /home/airflow/.local/lib/python3.9/site-packages/airflow/example_dags/example_latest_only.py for tasks to queue
[2024-04-21T20:45:13.067+0000] {logging_mixin.py:188} INFO - [2024-04-21T20:45:13.066+0000] {dagbag.py:540} INFO - Filling up the DagBag from /home/airflow/.local/lib/python3.9/site-packages/airflow/example_dags/example_latest_only.py
[2024-04-21T20:45:13.072+0000] {processor.py:840} INFO - DAG(s) 'latest_only' retrieved from /home/airflow/.local/lib/python3.9/site-packages/airflow/example_dags/example_latest_only.py
[2024-04-21T20:45:13.129+0000] {logging_mixin.py:188} INFO - [2024-04-21T20:45:13.128+0000] {dag.py:3047} INFO - Sync 1 DAGs
[2024-04-21T20:45:13.152+0000] {logging_mixin.py:188} INFO - [2024-04-21T20:45:13.151+0000] {dag.py:3834} INFO - Setting next_dagrun for latest_only to 2024-04-21 16:00:00+00:00, run_after=2024-04-21 20:00:00+00:00
[2024-04-21T20:45:13.186+0000] {processor.py:183} INFO - Processing /home/airflow/.local/lib/python3.9/site-packages/airflow/example_dags/example_latest_only.py took 0.126 seconds
[2024-04-21T20:45:44.125+0000] {processor.py:161} INFO - Started process (PID=398) to work on /home/airflow/.local/lib/python3.9/site-packages/airflow/example_dags/example_latest_only.py
[2024-04-21T20:45:44.127+0000] {processor.py:830} INFO - Processing file /home/airflow/.local/lib/python3.9/site-packages/airflow/example_dags/example_latest_only.py for tasks to queue
[2024-04-21T20:45:44.129+0000] {logging_mixin.py:188} INFO - [2024-04-21T20:45:44.129+0000] {dagbag.py:540} INFO - Filling up the DagBag from /home/airflow/.local/lib/python3.9/site-packages/airflow/example_dags/example_latest_only.py
[2024-04-21T20:45:44.136+0000] {processor.py:840} INFO - DAG(s) 'latest_only' retrieved from /home/airflow/.local/lib/python3.9/site-packages/airflow/example_dags/example_latest_only.py
[2024-04-21T20:45:44.210+0000] {logging_mixin.py:188} INFO - [2024-04-21T20:45:44.209+0000] {dag.py:3047} INFO - Sync 1 DAGs
[2024-04-21T20:45:44.242+0000] {logging_mixin.py:188} INFO - [2024-04-21T20:45:44.241+0000] {dag.py:3834} INFO - Setting next_dagrun for latest_only to 2024-04-21 16:00:00+00:00, run_after=2024-04-21 20:00:00+00:00
[2024-04-21T20:45:44.283+0000] {processor.py:183} INFO - Processing /home/airflow/.local/lib/python3.9/site-packages/airflow/example_dags/example_latest_only.py took 0.161 seconds
[2024-04-21T20:46:14.619+0000] {processor.py:161} INFO - Started process (PID=454) to work on /home/airflow/.local/lib/python3.9/site-packages/airflow/example_dags/example_latest_only.py
[2024-04-21T20:46:14.620+0000] {processor.py:830} INFO - Processing file /home/airflow/.local/lib/python3.9/site-packages/airflow/example_dags/example_latest_only.py for tasks to queue
[2024-04-21T20:46:14.622+0000] {logging_mixin.py:188} INFO - [2024-04-21T20:46:14.622+0000] {dagbag.py:540} INFO - Filling up the DagBag from /home/airflow/.local/lib/python3.9/site-packages/airflow/example_dags/example_latest_only.py
[2024-04-21T20:46:14.629+0000] {processor.py:840} INFO - DAG(s) 'latest_only' retrieved from /home/airflow/.local/lib/python3.9/site-packages/airflow/example_dags/example_latest_only.py
[2024-04-21T20:46:14.799+0000] {logging_mixin.py:188} INFO - [2024-04-21T20:46:14.797+0000] {dag.py:3047} INFO - Sync 1 DAGs
[2024-04-21T20:46:14.829+0000] {logging_mixin.py:188} INFO - [2024-04-21T20:46:14.829+0000] {dag.py:3834} INFO - Setting next_dagrun for latest_only to 2024-04-21 16:00:00+00:00, run_after=2024-04-21 20:00:00+00:00
[2024-04-21T20:46:14.865+0000] {processor.py:183} INFO - Processing /home/airflow/.local/lib/python3.9/site-packages/airflow/example_dags/example_latest_only.py took 0.249 seconds
[2024-04-21T20:46:44.911+0000] {processor.py:161} INFO - Started process (PID=510) to work on /home/airflow/.local/lib/python3.9/site-packages/airflow/example_dags/example_latest_only.py
[2024-04-21T20:46:44.912+0000] {processor.py:830} INFO - Processing file /home/airflow/.local/lib/python3.9/site-packages/airflow/example_dags/example_latest_only.py for tasks to queue
[2024-04-21T20:46:44.915+0000] {logging_mixin.py:188} INFO - [2024-04-21T20:46:44.914+0000] {dagbag.py:540} INFO - Filling up the DagBag from /home/airflow/.local/lib/python3.9/site-packages/airflow/example_dags/example_latest_only.py
[2024-04-21T20:46:44.920+0000] {processor.py:840} INFO - DAG(s) 'latest_only' retrieved from /home/airflow/.local/lib/python3.9/site-packages/airflow/example_dags/example_latest_only.py
[2024-04-21T20:46:44.973+0000] {logging_mixin.py:188} INFO - [2024-04-21T20:46:44.973+0000] {dag.py:3047} INFO - Sync 1 DAGs
[2024-04-21T20:46:44.995+0000] {logging_mixin.py:188} INFO - [2024-04-21T20:46:44.995+0000] {dag.py:3834} INFO - Setting next_dagrun for latest_only to 2024-04-21 16:00:00+00:00, run_after=2024-04-21 20:00:00+00:00
[2024-04-21T20:46:45.030+0000] {processor.py:183} INFO - Processing /home/airflow/.local/lib/python3.9/site-packages/airflow/example_dags/example_latest_only.py took 0.122 seconds
[2024-04-21T20:47:15.515+0000] {processor.py:161} INFO - Started process (PID=567) to work on /home/airflow/.local/lib/python3.9/site-packages/airflow/example_dags/example_latest_only.py
[2024-04-21T20:47:15.516+0000] {processor.py:830} INFO - Processing file /home/airflow/.local/lib/python3.9/site-packages/airflow/example_dags/example_latest_only.py for tasks to queue
[2024-04-21T20:47:15.518+0000] {logging_mixin.py:188} INFO - [2024-04-21T20:47:15.518+0000] {dagbag.py:540} INFO - Filling up the DagBag from /home/airflow/.local/lib/python3.9/site-packages/airflow/example_dags/example_latest_only.py
[2024-04-21T20:47:15.523+0000] {processor.py:840} INFO - DAG(s) 'latest_only' retrieved from /home/airflow/.local/lib/python3.9/site-packages/airflow/example_dags/example_latest_only.py
[2024-04-21T20:47:15.574+0000] {logging_mixin.py:188} INFO - [2024-04-21T20:47:15.574+0000] {dag.py:3047} INFO - Sync 1 DAGs
[2024-04-21T20:47:15.598+0000] {logging_mixin.py:188} INFO - [2024-04-21T20:47:15.598+0000] {dag.py:3834} INFO - Setting next_dagrun for latest_only to 2024-04-21 16:00:00+00:00, run_after=2024-04-21 20:00:00+00:00
[2024-04-21T20:47:15.633+0000] {processor.py:183} INFO - Processing /home/airflow/.local/lib/python3.9/site-packages/airflow/example_dags/example_latest_only.py took 0.121 seconds
[2024-04-21T20:47:46.428+0000] {processor.py:161} INFO - Started process (PID=624) to work on /home/airflow/.local/lib/python3.9/site-packages/airflow/example_dags/example_latest_only.py
[2024-04-21T20:47:46.429+0000] {processor.py:830} INFO - Processing file /home/airflow/.local/lib/python3.9/site-packages/airflow/example_dags/example_latest_only.py for tasks to queue
[2024-04-21T20:47:46.432+0000] {logging_mixin.py:188} INFO - [2024-04-21T20:47:46.431+0000] {dagbag.py:540} INFO - Filling up the DagBag from /home/airflow/.local/lib/python3.9/site-packages/airflow/example_dags/example_latest_only.py
[2024-04-21T20:47:46.436+0000] {processor.py:840} INFO - DAG(s) 'latest_only' retrieved from /home/airflow/.local/lib/python3.9/site-packages/airflow/example_dags/example_latest_only.py
[2024-04-21T20:47:46.489+0000] {logging_mixin.py:188} INFO - [2024-04-21T20:47:46.489+0000] {dag.py:3047} INFO - Sync 1 DAGs
[2024-04-21T20:47:46.512+0000] {logging_mixin.py:188} INFO - [2024-04-21T20:47:46.511+0000] {dag.py:3834} INFO - Setting next_dagrun for latest_only to 2024-04-21 16:00:00+00:00, run_after=2024-04-21 20:00:00+00:00
[2024-04-21T20:47:46.544+0000] {processor.py:183} INFO - Processing /home/airflow/.local/lib/python3.9/site-packages/airflow/example_dags/example_latest_only.py took 0.119 seconds
[2024-04-21T21:00:48.025+0000] {processor.py:161} INFO - Started process (PID=56) to work on /home/airflow/.local/lib/python3.9/site-packages/airflow/example_dags/example_latest_only.py
[2024-04-21T21:00:48.027+0000] {processor.py:830} INFO - Processing file /home/airflow/.local/lib/python3.9/site-packages/airflow/example_dags/example_latest_only.py for tasks to queue
[2024-04-21T21:00:48.030+0000] {logging_mixin.py:188} INFO - [2024-04-21T21:00:48.029+0000] {dagbag.py:540} INFO - Filling up the DagBag from /home/airflow/.local/lib/python3.9/site-packages/airflow/example_dags/example_latest_only.py
[2024-04-21T21:00:48.040+0000] {processor.py:840} INFO - DAG(s) 'latest_only' retrieved from /home/airflow/.local/lib/python3.9/site-packages/airflow/example_dags/example_latest_only.py
[2024-04-21T21:00:48.460+0000] {logging_mixin.py:188} INFO - [2024-04-21T21:00:48.459+0000] {dag.py:3047} INFO - Sync 1 DAGs
[2024-04-21T21:00:48.515+0000] {logging_mixin.py:188} INFO - [2024-04-21T21:00:48.515+0000] {dag.py:3834} INFO - Setting next_dagrun for latest_only to 2024-04-21 16:00:00+00:00, run_after=2024-04-21 20:00:00+00:00
[2024-04-21T21:00:48.585+0000] {processor.py:183} INFO - Processing /home/airflow/.local/lib/python3.9/site-packages/airflow/example_dags/example_latest_only.py took 0.573 seconds
[2024-04-21T21:01:18.692+0000] {processor.py:161} INFO - Started process (PID=114) to work on /home/airflow/.local/lib/python3.9/site-packages/airflow/example_dags/example_latest_only.py
[2024-04-21T21:01:18.694+0000] {processor.py:830} INFO - Processing file /home/airflow/.local/lib/python3.9/site-packages/airflow/example_dags/example_latest_only.py for tasks to queue
[2024-04-21T21:01:18.696+0000] {logging_mixin.py:188} INFO - [2024-04-21T21:01:18.696+0000] {dagbag.py:540} INFO - Filling up the DagBag from /home/airflow/.local/lib/python3.9/site-packages/airflow/example_dags/example_latest_only.py
[2024-04-21T21:01:18.703+0000] {processor.py:840} INFO - DAG(s) 'latest_only' retrieved from /home/airflow/.local/lib/python3.9/site-packages/airflow/example_dags/example_latest_only.py
[2024-04-21T21:01:18.784+0000] {logging_mixin.py:188} INFO - [2024-04-21T21:01:18.783+0000] {dag.py:3047} INFO - Sync 1 DAGs
[2024-04-21T21:01:18.812+0000] {logging_mixin.py:188} INFO - [2024-04-21T21:01:18.811+0000] {dag.py:3834} INFO - Setting next_dagrun for latest_only to 2024-04-21 16:00:00+00:00, run_after=2024-04-21 20:00:00+00:00
[2024-04-21T21:01:18.855+0000] {processor.py:183} INFO - Processing /home/airflow/.local/lib/python3.9/site-packages/airflow/example_dags/example_latest_only.py took 0.166 seconds
[2024-04-21T21:04:39.584+0000] {processor.py:161} INFO - Started process (PID=68) to work on /home/airflow/.local/lib/python3.9/site-packages/airflow/example_dags/example_latest_only.py
[2024-04-21T21:04:39.587+0000] {processor.py:830} INFO - Processing file /home/airflow/.local/lib/python3.9/site-packages/airflow/example_dags/example_latest_only.py for tasks to queue
[2024-04-21T21:04:39.591+0000] {logging_mixin.py:188} INFO - [2024-04-21T21:04:39.590+0000] {dagbag.py:540} INFO - Filling up the DagBag from /home/airflow/.local/lib/python3.9/site-packages/airflow/example_dags/example_latest_only.py
[2024-04-21T21:04:39.609+0000] {processor.py:840} INFO - DAG(s) 'latest_only' retrieved from /home/airflow/.local/lib/python3.9/site-packages/airflow/example_dags/example_latest_only.py
[2024-04-21T21:04:39.767+0000] {logging_mixin.py:188} INFO - [2024-04-21T21:04:39.767+0000] {dag.py:3047} INFO - Sync 1 DAGs
[2024-04-21T21:04:39.833+0000] {logging_mixin.py:188} INFO - [2024-04-21T21:04:39.832+0000] {dag.py:3834} INFO - Setting next_dagrun for latest_only to 2024-04-21 16:00:00+00:00, run_after=2024-04-21 20:00:00+00:00
[2024-04-21T21:04:39.900+0000] {processor.py:183} INFO - Processing /home/airflow/.local/lib/python3.9/site-packages/airflow/example_dags/example_latest_only.py took 0.321 seconds
[2024-04-21T21:05:10.089+0000] {processor.py:161} INFO - Started process (PID=125) to work on /home/airflow/.local/lib/python3.9/site-packages/airflow/example_dags/example_latest_only.py
[2024-04-21T21:05:10.090+0000] {processor.py:830} INFO - Processing file /home/airflow/.local/lib/python3.9/site-packages/airflow/example_dags/example_latest_only.py for tasks to queue
[2024-04-21T21:05:10.093+0000] {logging_mixin.py:188} INFO - [2024-04-21T21:05:10.093+0000] {dagbag.py:540} INFO - Filling up the DagBag from /home/airflow/.local/lib/python3.9/site-packages/airflow/example_dags/example_latest_only.py
[2024-04-21T21:05:10.100+0000] {processor.py:840} INFO - DAG(s) 'latest_only' retrieved from /home/airflow/.local/lib/python3.9/site-packages/airflow/example_dags/example_latest_only.py
[2024-04-21T21:05:10.163+0000] {logging_mixin.py:188} INFO - [2024-04-21T21:05:10.162+0000] {dag.py:3047} INFO - Sync 1 DAGs
[2024-04-21T21:05:10.189+0000] {logging_mixin.py:188} INFO - [2024-04-21T21:05:10.188+0000] {dag.py:3834} INFO - Setting next_dagrun for latest_only to 2024-04-21 16:00:00+00:00, run_after=2024-04-21 20:00:00+00:00
[2024-04-21T21:05:10.226+0000] {processor.py:183} INFO - Processing /home/airflow/.local/lib/python3.9/site-packages/airflow/example_dags/example_latest_only.py took 0.141 seconds
[2024-04-21T21:05:41.144+0000] {processor.py:161} INFO - Started process (PID=186) to work on /home/airflow/.local/lib/python3.9/site-packages/airflow/example_dags/example_latest_only.py
[2024-04-21T21:05:41.145+0000] {processor.py:830} INFO - Processing file /home/airflow/.local/lib/python3.9/site-packages/airflow/example_dags/example_latest_only.py for tasks to queue
[2024-04-21T21:05:41.147+0000] {logging_mixin.py:188} INFO - [2024-04-21T21:05:41.147+0000] {dagbag.py:540} INFO - Filling up the DagBag from /home/airflow/.local/lib/python3.9/site-packages/airflow/example_dags/example_latest_only.py
[2024-04-21T21:05:41.152+0000] {processor.py:840} INFO - DAG(s) 'latest_only' retrieved from /home/airflow/.local/lib/python3.9/site-packages/airflow/example_dags/example_latest_only.py
[2024-04-21T21:05:41.206+0000] {logging_mixin.py:188} INFO - [2024-04-21T21:05:41.206+0000] {dag.py:3047} INFO - Sync 1 DAGs
[2024-04-21T21:05:41.231+0000] {logging_mixin.py:188} INFO - [2024-04-21T21:05:41.231+0000] {dag.py:3834} INFO - Setting next_dagrun for latest_only to 2024-04-21 16:00:00+00:00, run_after=2024-04-21 20:00:00+00:00
[2024-04-21T21:05:41.264+0000] {processor.py:183} INFO - Processing /home/airflow/.local/lib/python3.9/site-packages/airflow/example_dags/example_latest_only.py took 0.123 seconds
