[2024-04-21T19:51:57.171+0000] {processor.py:161} INFO - Started process (PID=50) to work on /home/airflow/.local/lib/python3.9/site-packages/airflow/example_dags/example_params_trigger_ui.py
[2024-04-21T19:51:57.172+0000] {processor.py:830} INFO - Processing file /home/airflow/.local/lib/python3.9/site-packages/airflow/example_dags/example_params_trigger_ui.py for tasks to queue
[2024-04-21T19:51:57.175+0000] {logging_mixin.py:188} INFO - [2024-04-21T19:51:57.174+0000] {dagbag.py:540} INFO - Filling up the DagBag from /home/airflow/.local/lib/python3.9/site-packages/airflow/example_dags/example_params_trigger_ui.py
[2024-04-21T19:51:57.290+0000] {processor.py:840} INFO - DAG(s) 'example_params_trigger_ui' retrieved from /home/airflow/.local/lib/python3.9/site-packages/airflow/example_dags/example_params_trigger_ui.py
[2024-04-21T19:51:57.736+0000] {logging_mixin.py:188} INFO - [2024-04-21T19:51:57.735+0000] {dag.py:3047} INFO - Sync 1 DAGs
[2024-04-21T19:51:57.755+0000] {logging_mixin.py:188} INFO - [2024-04-21T19:51:57.755+0000] {dag.py:3834} INFO - Setting next_dagrun for example_params_trigger_ui to None, run_after=None
[2024-04-21T19:51:57.804+0000] {processor.py:183} INFO - Processing /home/airflow/.local/lib/python3.9/site-packages/airflow/example_dags/example_params_trigger_ui.py took 0.637 seconds
[2024-04-21T19:52:28.289+0000] {processor.py:161} INFO - Started process (PID=107) to work on /home/airflow/.local/lib/python3.9/site-packages/airflow/example_dags/example_params_trigger_ui.py
[2024-04-21T19:52:28.292+0000] {processor.py:830} INFO - Processing file /home/airflow/.local/lib/python3.9/site-packages/airflow/example_dags/example_params_trigger_ui.py for tasks to queue
[2024-04-21T19:52:28.296+0000] {logging_mixin.py:188} INFO - [2024-04-21T19:52:28.295+0000] {dagbag.py:540} INFO - Filling up the DagBag from /home/airflow/.local/lib/python3.9/site-packages/airflow/example_dags/example_params_trigger_ui.py
[2024-04-21T19:52:28.322+0000] {processor.py:840} INFO - DAG(s) 'example_params_trigger_ui' retrieved from /home/airflow/.local/lib/python3.9/site-packages/airflow/example_dags/example_params_trigger_ui.py
[2024-04-21T19:52:28.516+0000] {logging_mixin.py:188} INFO - [2024-04-21T19:52:28.515+0000] {dag.py:3047} INFO - Sync 1 DAGs
[2024-04-21T19:52:28.540+0000] {logging_mixin.py:188} INFO - [2024-04-21T19:52:28.539+0000] {dag.py:3834} INFO - Setting next_dagrun for example_params_trigger_ui to None, run_after=None
[2024-04-21T19:52:28.603+0000] {processor.py:183} INFO - Processing /home/airflow/.local/lib/python3.9/site-packages/airflow/example_dags/example_params_trigger_ui.py took 0.319 seconds
[2024-04-21T19:52:59.951+0000] {processor.py:161} INFO - Started process (PID=164) to work on /home/airflow/.local/lib/python3.9/site-packages/airflow/example_dags/example_params_trigger_ui.py
[2024-04-21T19:52:59.953+0000] {processor.py:830} INFO - Processing file /home/airflow/.local/lib/python3.9/site-packages/airflow/example_dags/example_params_trigger_ui.py for tasks to queue
[2024-04-21T19:52:59.958+0000] {logging_mixin.py:188} INFO - [2024-04-21T19:52:59.957+0000] {dagbag.py:540} INFO - Filling up the DagBag from /home/airflow/.local/lib/python3.9/site-packages/airflow/example_dags/example_params_trigger_ui.py
[2024-04-21T19:52:59.999+0000] {processor.py:840} INFO - DAG(s) 'example_params_trigger_ui' retrieved from /home/airflow/.local/lib/python3.9/site-packages/airflow/example_dags/example_params_trigger_ui.py
[2024-04-21T19:53:00.195+0000] {logging_mixin.py:188} INFO - [2024-04-21T19:53:00.194+0000] {dag.py:3047} INFO - Sync 1 DAGs
[2024-04-21T19:53:00.219+0000] {logging_mixin.py:188} INFO - [2024-04-21T19:53:00.219+0000] {dag.py:3834} INFO - Setting next_dagrun for example_params_trigger_ui to None, run_after=None
[2024-04-21T19:53:00.287+0000] {processor.py:183} INFO - Processing /home/airflow/.local/lib/python3.9/site-packages/airflow/example_dags/example_params_trigger_ui.py took 0.344 seconds
[2024-04-21T19:53:31.157+0000] {processor.py:161} INFO - Started process (PID=221) to work on /home/airflow/.local/lib/python3.9/site-packages/airflow/example_dags/example_params_trigger_ui.py
[2024-04-21T19:53:31.159+0000] {processor.py:830} INFO - Processing file /home/airflow/.local/lib/python3.9/site-packages/airflow/example_dags/example_params_trigger_ui.py for tasks to queue
[2024-04-21T19:53:31.165+0000] {logging_mixin.py:188} INFO - [2024-04-21T19:53:31.165+0000] {dagbag.py:540} INFO - Filling up the DagBag from /home/airflow/.local/lib/python3.9/site-packages/airflow/example_dags/example_params_trigger_ui.py
[2024-04-21T19:53:31.198+0000] {processor.py:840} INFO - DAG(s) 'example_params_trigger_ui' retrieved from /home/airflow/.local/lib/python3.9/site-packages/airflow/example_dags/example_params_trigger_ui.py
[2024-04-21T19:53:31.363+0000] {logging_mixin.py:188} INFO - [2024-04-21T19:53:31.363+0000] {dag.py:3047} INFO - Sync 1 DAGs
[2024-04-21T19:53:31.386+0000] {logging_mixin.py:188} INFO - [2024-04-21T19:53:31.385+0000] {dag.py:3834} INFO - Setting next_dagrun for example_params_trigger_ui to None, run_after=None
[2024-04-21T19:53:31.438+0000] {processor.py:183} INFO - Processing /home/airflow/.local/lib/python3.9/site-packages/airflow/example_dags/example_params_trigger_ui.py took 0.286 seconds
[2024-04-21T19:54:34.349+0000] {processor.py:161} INFO - Started process (PID=50) to work on /home/airflow/.local/lib/python3.9/site-packages/airflow/example_dags/example_params_trigger_ui.py
[2024-04-21T19:54:34.350+0000] {processor.py:830} INFO - Processing file /home/airflow/.local/lib/python3.9/site-packages/airflow/example_dags/example_params_trigger_ui.py for tasks to queue
[2024-04-21T19:54:34.353+0000] {logging_mixin.py:188} INFO - [2024-04-21T19:54:34.352+0000] {dagbag.py:540} INFO - Filling up the DagBag from /home/airflow/.local/lib/python3.9/site-packages/airflow/example_dags/example_params_trigger_ui.py
[2024-04-21T19:54:34.367+0000] {processor.py:840} INFO - DAG(s) 'example_params_trigger_ui' retrieved from /home/airflow/.local/lib/python3.9/site-packages/airflow/example_dags/example_params_trigger_ui.py
[2024-04-21T19:54:34.469+0000] {logging_mixin.py:188} INFO - [2024-04-21T19:54:34.468+0000] {dag.py:3047} INFO - Sync 1 DAGs
[2024-04-21T19:54:34.482+0000] {logging_mixin.py:188} INFO - [2024-04-21T19:54:34.481+0000] {dag.py:3834} INFO - Setting next_dagrun for example_params_trigger_ui to None, run_after=None
[2024-04-21T19:54:34.519+0000] {processor.py:183} INFO - Processing /home/airflow/.local/lib/python3.9/site-packages/airflow/example_dags/example_params_trigger_ui.py took 0.173 seconds
[2024-04-21T19:55:19.914+0000] {processor.py:161} INFO - Started process (PID=117) to work on /home/airflow/.local/lib/python3.9/site-packages/airflow/example_dags/example_params_trigger_ui.py
[2024-04-21T19:55:19.916+0000] {processor.py:830} INFO - Processing file /home/airflow/.local/lib/python3.9/site-packages/airflow/example_dags/example_params_trigger_ui.py for tasks to queue
[2024-04-21T19:55:19.918+0000] {logging_mixin.py:188} INFO - [2024-04-21T19:55:19.918+0000] {dagbag.py:540} INFO - Filling up the DagBag from /home/airflow/.local/lib/python3.9/site-packages/airflow/example_dags/example_params_trigger_ui.py
[2024-04-21T19:55:19.934+0000] {processor.py:840} INFO - DAG(s) 'example_params_trigger_ui' retrieved from /home/airflow/.local/lib/python3.9/site-packages/airflow/example_dags/example_params_trigger_ui.py
[2024-04-21T19:55:20.029+0000] {logging_mixin.py:188} INFO - [2024-04-21T19:55:20.028+0000] {dag.py:3047} INFO - Sync 1 DAGs
[2024-04-21T19:55:20.045+0000] {logging_mixin.py:188} INFO - [2024-04-21T19:55:20.045+0000] {dag.py:3834} INFO - Setting next_dagrun for example_params_trigger_ui to None, run_after=None
[2024-04-21T19:55:20.092+0000] {processor.py:183} INFO - Processing /home/airflow/.local/lib/python3.9/site-packages/airflow/example_dags/example_params_trigger_ui.py took 0.180 seconds
[2024-04-21T19:57:34.085+0000] {processor.py:161} INFO - Started process (PID=191) to work on /home/airflow/.local/lib/python3.9/site-packages/airflow/example_dags/example_params_trigger_ui.py
[2024-04-21T19:57:34.087+0000] {processor.py:830} INFO - Processing file /home/airflow/.local/lib/python3.9/site-packages/airflow/example_dags/example_params_trigger_ui.py for tasks to queue
[2024-04-21T19:57:34.089+0000] {logging_mixin.py:188} INFO - [2024-04-21T19:57:34.089+0000] {dagbag.py:540} INFO - Filling up the DagBag from /home/airflow/.local/lib/python3.9/site-packages/airflow/example_dags/example_params_trigger_ui.py
[2024-04-21T19:57:34.107+0000] {processor.py:840} INFO - DAG(s) 'example_params_trigger_ui' retrieved from /home/airflow/.local/lib/python3.9/site-packages/airflow/example_dags/example_params_trigger_ui.py
[2024-04-21T19:57:34.240+0000] {logging_mixin.py:188} INFO - [2024-04-21T19:57:34.240+0000] {dag.py:3047} INFO - Sync 1 DAGs
[2024-04-21T19:57:34.264+0000] {logging_mixin.py:188} INFO - [2024-04-21T19:57:34.263+0000] {dag.py:3834} INFO - Setting next_dagrun for example_params_trigger_ui to None, run_after=None
[2024-04-21T19:57:34.353+0000] {processor.py:183} INFO - Processing /home/airflow/.local/lib/python3.9/site-packages/airflow/example_dags/example_params_trigger_ui.py took 0.272 seconds
[2024-04-21T20:03:10.879+0000] {processor.py:161} INFO - Started process (PID=263) to work on /home/airflow/.local/lib/python3.9/site-packages/airflow/example_dags/example_params_trigger_ui.py
[2024-04-21T20:03:10.881+0000] {processor.py:830} INFO - Processing file /home/airflow/.local/lib/python3.9/site-packages/airflow/example_dags/example_params_trigger_ui.py for tasks to queue
[2024-04-21T20:03:10.882+0000] {logging_mixin.py:188} INFO - [2024-04-21T20:03:10.882+0000] {dagbag.py:540} INFO - Filling up the DagBag from /home/airflow/.local/lib/python3.9/site-packages/airflow/example_dags/example_params_trigger_ui.py
[2024-04-21T20:03:10.895+0000] {processor.py:840} INFO - DAG(s) 'example_params_trigger_ui' retrieved from /home/airflow/.local/lib/python3.9/site-packages/airflow/example_dags/example_params_trigger_ui.py
[2024-04-21T20:03:11.010+0000] {logging_mixin.py:188} INFO - [2024-04-21T20:03:11.010+0000] {dag.py:3047} INFO - Sync 1 DAGs
[2024-04-21T20:03:11.030+0000] {logging_mixin.py:188} INFO - [2024-04-21T20:03:11.030+0000] {dag.py:3834} INFO - Setting next_dagrun for example_params_trigger_ui to None, run_after=None
[2024-04-21T20:03:11.076+0000] {processor.py:183} INFO - Processing /home/airflow/.local/lib/python3.9/site-packages/airflow/example_dags/example_params_trigger_ui.py took 0.199 seconds
[2024-04-21T20:04:18.924+0000] {processor.py:161} INFO - Started process (PID=327) to work on /home/airflow/.local/lib/python3.9/site-packages/airflow/example_dags/example_params_trigger_ui.py
[2024-04-21T20:04:18.925+0000] {processor.py:830} INFO - Processing file /home/airflow/.local/lib/python3.9/site-packages/airflow/example_dags/example_params_trigger_ui.py for tasks to queue
[2024-04-21T20:04:18.926+0000] {logging_mixin.py:188} INFO - [2024-04-21T20:04:18.926+0000] {dagbag.py:540} INFO - Filling up the DagBag from /home/airflow/.local/lib/python3.9/site-packages/airflow/example_dags/example_params_trigger_ui.py
[2024-04-21T20:04:18.943+0000] {processor.py:840} INFO - DAG(s) 'example_params_trigger_ui' retrieved from /home/airflow/.local/lib/python3.9/site-packages/airflow/example_dags/example_params_trigger_ui.py
[2024-04-21T20:04:19.062+0000] {logging_mixin.py:188} INFO - [2024-04-21T20:04:19.062+0000] {dag.py:3047} INFO - Sync 1 DAGs
[2024-04-21T20:04:19.080+0000] {logging_mixin.py:188} INFO - [2024-04-21T20:04:19.080+0000] {dag.py:3834} INFO - Setting next_dagrun for example_params_trigger_ui to None, run_after=None
[2024-04-21T20:04:19.124+0000] {processor.py:183} INFO - Processing /home/airflow/.local/lib/python3.9/site-packages/airflow/example_dags/example_params_trigger_ui.py took 0.203 seconds
[2024-04-21T20:04:49.583+0000] {processor.py:161} INFO - Started process (PID=386) to work on /home/airflow/.local/lib/python3.9/site-packages/airflow/example_dags/example_params_trigger_ui.py
[2024-04-21T20:04:49.586+0000] {processor.py:830} INFO - Processing file /home/airflow/.local/lib/python3.9/site-packages/airflow/example_dags/example_params_trigger_ui.py for tasks to queue
[2024-04-21T20:04:49.588+0000] {logging_mixin.py:188} INFO - [2024-04-21T20:04:49.588+0000] {dagbag.py:540} INFO - Filling up the DagBag from /home/airflow/.local/lib/python3.9/site-packages/airflow/example_dags/example_params_trigger_ui.py
[2024-04-21T20:04:49.618+0000] {processor.py:840} INFO - DAG(s) 'example_params_trigger_ui' retrieved from /home/airflow/.local/lib/python3.9/site-packages/airflow/example_dags/example_params_trigger_ui.py
[2024-04-21T20:04:49.817+0000] {logging_mixin.py:188} INFO - [2024-04-21T20:04:49.816+0000] {dag.py:3047} INFO - Sync 1 DAGs
[2024-04-21T20:04:49.845+0000] {logging_mixin.py:188} INFO - [2024-04-21T20:04:49.844+0000] {dag.py:3834} INFO - Setting next_dagrun for example_params_trigger_ui to None, run_after=None
[2024-04-21T20:04:49.902+0000] {processor.py:183} INFO - Processing /home/airflow/.local/lib/python3.9/site-packages/airflow/example_dags/example_params_trigger_ui.py took 0.326 seconds
[2024-04-21T20:05:20.315+0000] {processor.py:161} INFO - Started process (PID=443) to work on /home/airflow/.local/lib/python3.9/site-packages/airflow/example_dags/example_params_trigger_ui.py
[2024-04-21T20:05:20.317+0000] {processor.py:830} INFO - Processing file /home/airflow/.local/lib/python3.9/site-packages/airflow/example_dags/example_params_trigger_ui.py for tasks to queue
[2024-04-21T20:05:20.319+0000] {logging_mixin.py:188} INFO - [2024-04-21T20:05:20.319+0000] {dagbag.py:540} INFO - Filling up the DagBag from /home/airflow/.local/lib/python3.9/site-packages/airflow/example_dags/example_params_trigger_ui.py
[2024-04-21T20:05:20.345+0000] {processor.py:840} INFO - DAG(s) 'example_params_trigger_ui' retrieved from /home/airflow/.local/lib/python3.9/site-packages/airflow/example_dags/example_params_trigger_ui.py
[2024-04-21T20:05:20.502+0000] {logging_mixin.py:188} INFO - [2024-04-21T20:05:20.502+0000] {dag.py:3047} INFO - Sync 1 DAGs
[2024-04-21T20:05:20.521+0000] {logging_mixin.py:188} INFO - [2024-04-21T20:05:20.521+0000] {dag.py:3834} INFO - Setting next_dagrun for example_params_trigger_ui to None, run_after=None
[2024-04-21T20:05:20.571+0000] {processor.py:183} INFO - Processing /home/airflow/.local/lib/python3.9/site-packages/airflow/example_dags/example_params_trigger_ui.py took 0.262 seconds
[2024-04-21T20:05:50.899+0000] {processor.py:161} INFO - Started process (PID=500) to work on /home/airflow/.local/lib/python3.9/site-packages/airflow/example_dags/example_params_trigger_ui.py
[2024-04-21T20:05:50.901+0000] {processor.py:830} INFO - Processing file /home/airflow/.local/lib/python3.9/site-packages/airflow/example_dags/example_params_trigger_ui.py for tasks to queue
[2024-04-21T20:05:50.903+0000] {logging_mixin.py:188} INFO - [2024-04-21T20:05:50.902+0000] {dagbag.py:540} INFO - Filling up the DagBag from /home/airflow/.local/lib/python3.9/site-packages/airflow/example_dags/example_params_trigger_ui.py
[2024-04-21T20:05:50.931+0000] {processor.py:840} INFO - DAG(s) 'example_params_trigger_ui' retrieved from /home/airflow/.local/lib/python3.9/site-packages/airflow/example_dags/example_params_trigger_ui.py
[2024-04-21T20:05:51.097+0000] {logging_mixin.py:188} INFO - [2024-04-21T20:05:51.096+0000] {dag.py:3047} INFO - Sync 1 DAGs
[2024-04-21T20:05:51.117+0000] {logging_mixin.py:188} INFO - [2024-04-21T20:05:51.116+0000] {dag.py:3834} INFO - Setting next_dagrun for example_params_trigger_ui to None, run_after=None
[2024-04-21T20:05:51.167+0000] {processor.py:183} INFO - Processing /home/airflow/.local/lib/python3.9/site-packages/airflow/example_dags/example_params_trigger_ui.py took 0.273 seconds
[2024-04-21T20:06:45.479+0000] {processor.py:161} INFO - Started process (PID=564) to work on /home/airflow/.local/lib/python3.9/site-packages/airflow/example_dags/example_params_trigger_ui.py
[2024-04-21T20:06:45.480+0000] {processor.py:830} INFO - Processing file /home/airflow/.local/lib/python3.9/site-packages/airflow/example_dags/example_params_trigger_ui.py for tasks to queue
[2024-04-21T20:06:45.482+0000] {logging_mixin.py:188} INFO - [2024-04-21T20:06:45.482+0000] {dagbag.py:540} INFO - Filling up the DagBag from /home/airflow/.local/lib/python3.9/site-packages/airflow/example_dags/example_params_trigger_ui.py
[2024-04-21T20:06:45.495+0000] {processor.py:840} INFO - DAG(s) 'example_params_trigger_ui' retrieved from /home/airflow/.local/lib/python3.9/site-packages/airflow/example_dags/example_params_trigger_ui.py
[2024-04-21T20:06:45.586+0000] {logging_mixin.py:188} INFO - [2024-04-21T20:06:45.586+0000] {dag.py:3047} INFO - Sync 1 DAGs
[2024-04-21T20:06:45.600+0000] {logging_mixin.py:188} INFO - [2024-04-21T20:06:45.600+0000] {dag.py:3834} INFO - Setting next_dagrun for example_params_trigger_ui to None, run_after=None
[2024-04-21T20:06:45.640+0000] {processor.py:183} INFO - Processing /home/airflow/.local/lib/python3.9/site-packages/airflow/example_dags/example_params_trigger_ui.py took 0.165 seconds
[2024-04-21T20:07:17.123+0000] {processor.py:161} INFO - Started process (PID=622) to work on /home/airflow/.local/lib/python3.9/site-packages/airflow/example_dags/example_params_trigger_ui.py
[2024-04-21T20:07:17.124+0000] {processor.py:830} INFO - Processing file /home/airflow/.local/lib/python3.9/site-packages/airflow/example_dags/example_params_trigger_ui.py for tasks to queue
[2024-04-21T20:07:17.126+0000] {logging_mixin.py:188} INFO - [2024-04-21T20:07:17.126+0000] {dagbag.py:540} INFO - Filling up the DagBag from /home/airflow/.local/lib/python3.9/site-packages/airflow/example_dags/example_params_trigger_ui.py
[2024-04-21T20:07:17.149+0000] {processor.py:840} INFO - DAG(s) 'example_params_trigger_ui' retrieved from /home/airflow/.local/lib/python3.9/site-packages/airflow/example_dags/example_params_trigger_ui.py
[2024-04-21T20:07:17.333+0000] {logging_mixin.py:188} INFO - [2024-04-21T20:07:17.333+0000] {dag.py:3047} INFO - Sync 1 DAGs
[2024-04-21T20:07:17.354+0000] {logging_mixin.py:188} INFO - [2024-04-21T20:07:17.354+0000] {dag.py:3834} INFO - Setting next_dagrun for example_params_trigger_ui to None, run_after=None
[2024-04-21T20:07:17.413+0000] {processor.py:183} INFO - Processing /home/airflow/.local/lib/python3.9/site-packages/airflow/example_dags/example_params_trigger_ui.py took 0.295 seconds
[2024-04-21T20:07:48.085+0000] {processor.py:161} INFO - Started process (PID=679) to work on /home/airflow/.local/lib/python3.9/site-packages/airflow/example_dags/example_params_trigger_ui.py
[2024-04-21T20:07:48.086+0000] {processor.py:830} INFO - Processing file /home/airflow/.local/lib/python3.9/site-packages/airflow/example_dags/example_params_trigger_ui.py for tasks to queue
[2024-04-21T20:07:48.089+0000] {logging_mixin.py:188} INFO - [2024-04-21T20:07:48.088+0000] {dagbag.py:540} INFO - Filling up the DagBag from /home/airflow/.local/lib/python3.9/site-packages/airflow/example_dags/example_params_trigger_ui.py
[2024-04-21T20:07:48.119+0000] {processor.py:840} INFO - DAG(s) 'example_params_trigger_ui' retrieved from /home/airflow/.local/lib/python3.9/site-packages/airflow/example_dags/example_params_trigger_ui.py
[2024-04-21T20:07:48.293+0000] {logging_mixin.py:188} INFO - [2024-04-21T20:07:48.292+0000] {dag.py:3047} INFO - Sync 1 DAGs
[2024-04-21T20:07:48.313+0000] {logging_mixin.py:188} INFO - [2024-04-21T20:07:48.313+0000] {dag.py:3834} INFO - Setting next_dagrun for example_params_trigger_ui to None, run_after=None
[2024-04-21T20:07:48.365+0000] {processor.py:183} INFO - Processing /home/airflow/.local/lib/python3.9/site-packages/airflow/example_dags/example_params_trigger_ui.py took 0.285 seconds
[2024-04-21T20:08:21.602+0000] {processor.py:161} INFO - Started process (PID=735) to work on /home/airflow/.local/lib/python3.9/site-packages/airflow/example_dags/example_params_trigger_ui.py
[2024-04-21T20:08:21.604+0000] {processor.py:830} INFO - Processing file /home/airflow/.local/lib/python3.9/site-packages/airflow/example_dags/example_params_trigger_ui.py for tasks to queue
[2024-04-21T20:08:21.605+0000] {logging_mixin.py:188} INFO - [2024-04-21T20:08:21.605+0000] {dagbag.py:540} INFO - Filling up the DagBag from /home/airflow/.local/lib/python3.9/site-packages/airflow/example_dags/example_params_trigger_ui.py
[2024-04-21T20:08:21.621+0000] {processor.py:840} INFO - DAG(s) 'example_params_trigger_ui' retrieved from /home/airflow/.local/lib/python3.9/site-packages/airflow/example_dags/example_params_trigger_ui.py
[2024-04-21T20:08:21.709+0000] {logging_mixin.py:188} INFO - [2024-04-21T20:08:21.709+0000] {dag.py:3047} INFO - Sync 1 DAGs
[2024-04-21T20:08:21.723+0000] {logging_mixin.py:188} INFO - [2024-04-21T20:08:21.722+0000] {dag.py:3834} INFO - Setting next_dagrun for example_params_trigger_ui to None, run_after=None
[2024-04-21T20:08:21.766+0000] {processor.py:183} INFO - Processing /home/airflow/.local/lib/python3.9/site-packages/airflow/example_dags/example_params_trigger_ui.py took 0.166 seconds
[2024-04-21T20:10:04.035+0000] {processor.py:161} INFO - Started process (PID=806) to work on /home/airflow/.local/lib/python3.9/site-packages/airflow/example_dags/example_params_trigger_ui.py
[2024-04-21T20:10:04.037+0000] {processor.py:830} INFO - Processing file /home/airflow/.local/lib/python3.9/site-packages/airflow/example_dags/example_params_trigger_ui.py for tasks to queue
[2024-04-21T20:10:04.038+0000] {logging_mixin.py:188} INFO - [2024-04-21T20:10:04.037+0000] {dagbag.py:540} INFO - Filling up the DagBag from /home/airflow/.local/lib/python3.9/site-packages/airflow/example_dags/example_params_trigger_ui.py
[2024-04-21T20:10:04.052+0000] {processor.py:840} INFO - DAG(s) 'example_params_trigger_ui' retrieved from /home/airflow/.local/lib/python3.9/site-packages/airflow/example_dags/example_params_trigger_ui.py
[2024-04-21T20:10:04.153+0000] {logging_mixin.py:188} INFO - [2024-04-21T20:10:04.153+0000] {dag.py:3047} INFO - Sync 1 DAGs
[2024-04-21T20:10:04.166+0000] {logging_mixin.py:188} INFO - [2024-04-21T20:10:04.166+0000] {dag.py:3834} INFO - Setting next_dagrun for example_params_trigger_ui to None, run_after=None
[2024-04-21T20:10:04.201+0000] {processor.py:183} INFO - Processing /home/airflow/.local/lib/python3.9/site-packages/airflow/example_dags/example_params_trigger_ui.py took 0.170 seconds
[2024-04-21T20:10:34.825+0000] {processor.py:161} INFO - Started process (PID=863) to work on /home/airflow/.local/lib/python3.9/site-packages/airflow/example_dags/example_params_trigger_ui.py
[2024-04-21T20:10:34.826+0000] {processor.py:830} INFO - Processing file /home/airflow/.local/lib/python3.9/site-packages/airflow/example_dags/example_params_trigger_ui.py for tasks to queue
[2024-04-21T20:10:34.828+0000] {logging_mixin.py:188} INFO - [2024-04-21T20:10:34.828+0000] {dagbag.py:540} INFO - Filling up the DagBag from /home/airflow/.local/lib/python3.9/site-packages/airflow/example_dags/example_params_trigger_ui.py
[2024-04-21T20:10:34.850+0000] {processor.py:840} INFO - DAG(s) 'example_params_trigger_ui' retrieved from /home/airflow/.local/lib/python3.9/site-packages/airflow/example_dags/example_params_trigger_ui.py
[2024-04-21T20:10:34.951+0000] {logging_mixin.py:188} INFO - [2024-04-21T20:10:34.950+0000] {dag.py:3047} INFO - Sync 1 DAGs
[2024-04-21T20:10:34.967+0000] {logging_mixin.py:188} INFO - [2024-04-21T20:10:34.967+0000] {dag.py:3834} INFO - Setting next_dagrun for example_params_trigger_ui to None, run_after=None
[2024-04-21T20:10:35.015+0000] {processor.py:183} INFO - Processing /home/airflow/.local/lib/python3.9/site-packages/airflow/example_dags/example_params_trigger_ui.py took 0.194 seconds
[2024-04-21T20:11:05.155+0000] {processor.py:161} INFO - Started process (PID=922) to work on /home/airflow/.local/lib/python3.9/site-packages/airflow/example_dags/example_params_trigger_ui.py
[2024-04-21T20:11:05.157+0000] {processor.py:830} INFO - Processing file /home/airflow/.local/lib/python3.9/site-packages/airflow/example_dags/example_params_trigger_ui.py for tasks to queue
[2024-04-21T20:11:05.158+0000] {logging_mixin.py:188} INFO - [2024-04-21T20:11:05.158+0000] {dagbag.py:540} INFO - Filling up the DagBag from /home/airflow/.local/lib/python3.9/site-packages/airflow/example_dags/example_params_trigger_ui.py
[2024-04-21T20:11:05.184+0000] {processor.py:840} INFO - DAG(s) 'example_params_trigger_ui' retrieved from /home/airflow/.local/lib/python3.9/site-packages/airflow/example_dags/example_params_trigger_ui.py
[2024-04-21T20:11:05.283+0000] {logging_mixin.py:188} INFO - [2024-04-21T20:11:05.283+0000] {dag.py:3047} INFO - Sync 1 DAGs
[2024-04-21T20:11:05.295+0000] {logging_mixin.py:188} INFO - [2024-04-21T20:11:05.295+0000] {dag.py:3834} INFO - Setting next_dagrun for example_params_trigger_ui to None, run_after=None
[2024-04-21T20:11:05.328+0000] {processor.py:183} INFO - Processing /home/airflow/.local/lib/python3.9/site-packages/airflow/example_dags/example_params_trigger_ui.py took 0.178 seconds
[2024-04-21T20:14:17.722+0000] {processor.py:161} INFO - Started process (PID=50) to work on /home/airflow/.local/lib/python3.9/site-packages/airflow/example_dags/example_params_trigger_ui.py
[2024-04-21T20:14:17.729+0000] {processor.py:830} INFO - Processing file /home/airflow/.local/lib/python3.9/site-packages/airflow/example_dags/example_params_trigger_ui.py for tasks to queue
[2024-04-21T20:14:17.791+0000] {logging_mixin.py:188} INFO - [2024-04-21T20:14:17.786+0000] {dagbag.py:540} INFO - Filling up the DagBag from /home/airflow/.local/lib/python3.9/site-packages/airflow/example_dags/example_params_trigger_ui.py
[2024-04-21T20:14:18.044+0000] {processor.py:840} INFO - DAG(s) 'example_params_trigger_ui' retrieved from /home/airflow/.local/lib/python3.9/site-packages/airflow/example_dags/example_params_trigger_ui.py
[2024-04-21T20:14:18.696+0000] {logging_mixin.py:188} INFO - [2024-04-21T20:14:18.695+0000] {dag.py:3047} INFO - Sync 1 DAGs
[2024-04-21T20:14:18.757+0000] {logging_mixin.py:188} INFO - [2024-04-21T20:14:18.756+0000] {dag.py:3834} INFO - Setting next_dagrun for example_params_trigger_ui to None, run_after=None
[2024-04-21T20:14:18.839+0000] {processor.py:183} INFO - Processing /home/airflow/.local/lib/python3.9/site-packages/airflow/example_dags/example_params_trigger_ui.py took 1.193 seconds
[2024-04-21T20:14:49.150+0000] {processor.py:161} INFO - Started process (PID=108) to work on /home/airflow/.local/lib/python3.9/site-packages/airflow/example_dags/example_params_trigger_ui.py
[2024-04-21T20:14:49.152+0000] {processor.py:830} INFO - Processing file /home/airflow/.local/lib/python3.9/site-packages/airflow/example_dags/example_params_trigger_ui.py for tasks to queue
[2024-04-21T20:14:49.154+0000] {logging_mixin.py:188} INFO - [2024-04-21T20:14:49.154+0000] {dagbag.py:540} INFO - Filling up the DagBag from /home/airflow/.local/lib/python3.9/site-packages/airflow/example_dags/example_params_trigger_ui.py
[2024-04-21T20:14:49.179+0000] {processor.py:840} INFO - DAG(s) 'example_params_trigger_ui' retrieved from /home/airflow/.local/lib/python3.9/site-packages/airflow/example_dags/example_params_trigger_ui.py
[2024-04-21T20:14:49.285+0000] {logging_mixin.py:188} INFO - [2024-04-21T20:14:49.285+0000] {dag.py:3047} INFO - Sync 1 DAGs
[2024-04-21T20:14:49.302+0000] {logging_mixin.py:188} INFO - [2024-04-21T20:14:49.302+0000] {dag.py:3834} INFO - Setting next_dagrun for example_params_trigger_ui to None, run_after=None
[2024-04-21T20:14:49.340+0000] {processor.py:183} INFO - Processing /home/airflow/.local/lib/python3.9/site-packages/airflow/example_dags/example_params_trigger_ui.py took 0.193 seconds
[2024-04-21T20:15:19.601+0000] {processor.py:161} INFO - Started process (PID=165) to work on /home/airflow/.local/lib/python3.9/site-packages/airflow/example_dags/example_params_trigger_ui.py
[2024-04-21T20:15:19.602+0000] {processor.py:830} INFO - Processing file /home/airflow/.local/lib/python3.9/site-packages/airflow/example_dags/example_params_trigger_ui.py for tasks to queue
[2024-04-21T20:15:19.604+0000] {logging_mixin.py:188} INFO - [2024-04-21T20:15:19.604+0000] {dagbag.py:540} INFO - Filling up the DagBag from /home/airflow/.local/lib/python3.9/site-packages/airflow/example_dags/example_params_trigger_ui.py
[2024-04-21T20:15:19.619+0000] {processor.py:840} INFO - DAG(s) 'example_params_trigger_ui' retrieved from /home/airflow/.local/lib/python3.9/site-packages/airflow/example_dags/example_params_trigger_ui.py
[2024-04-21T20:15:19.712+0000] {logging_mixin.py:188} INFO - [2024-04-21T20:15:19.712+0000] {dag.py:3047} INFO - Sync 1 DAGs
[2024-04-21T20:15:19.725+0000] {logging_mixin.py:188} INFO - [2024-04-21T20:15:19.725+0000] {dag.py:3834} INFO - Setting next_dagrun for example_params_trigger_ui to None, run_after=None
[2024-04-21T20:15:19.757+0000] {processor.py:183} INFO - Processing /home/airflow/.local/lib/python3.9/site-packages/airflow/example_dags/example_params_trigger_ui.py took 0.160 seconds
[2024-04-21T20:16:16.400+0000] {processor.py:161} INFO - Started process (PID=50) to work on /home/airflow/.local/lib/python3.9/site-packages/airflow/example_dags/example_params_trigger_ui.py
[2024-04-21T20:16:16.401+0000] {processor.py:830} INFO - Processing file /home/airflow/.local/lib/python3.9/site-packages/airflow/example_dags/example_params_trigger_ui.py for tasks to queue
[2024-04-21T20:16:16.403+0000] {logging_mixin.py:188} INFO - [2024-04-21T20:16:16.403+0000] {dagbag.py:540} INFO - Filling up the DagBag from /home/airflow/.local/lib/python3.9/site-packages/airflow/example_dags/example_params_trigger_ui.py
[2024-04-21T20:16:16.419+0000] {processor.py:840} INFO - DAG(s) 'example_params_trigger_ui' retrieved from /home/airflow/.local/lib/python3.9/site-packages/airflow/example_dags/example_params_trigger_ui.py
[2024-04-21T20:16:16.514+0000] {logging_mixin.py:188} INFO - [2024-04-21T20:16:16.513+0000] {dag.py:3047} INFO - Sync 1 DAGs
[2024-04-21T20:16:16.527+0000] {logging_mixin.py:188} INFO - [2024-04-21T20:16:16.526+0000] {dag.py:3834} INFO - Setting next_dagrun for example_params_trigger_ui to None, run_after=None
[2024-04-21T20:16:16.565+0000] {processor.py:183} INFO - Processing /home/airflow/.local/lib/python3.9/site-packages/airflow/example_dags/example_params_trigger_ui.py took 0.169 seconds
[2024-04-21T20:16:47.290+0000] {processor.py:161} INFO - Started process (PID=107) to work on /home/airflow/.local/lib/python3.9/site-packages/airflow/example_dags/example_params_trigger_ui.py
[2024-04-21T20:16:47.291+0000] {processor.py:830} INFO - Processing file /home/airflow/.local/lib/python3.9/site-packages/airflow/example_dags/example_params_trigger_ui.py for tasks to queue
[2024-04-21T20:16:47.293+0000] {logging_mixin.py:188} INFO - [2024-04-21T20:16:47.293+0000] {dagbag.py:540} INFO - Filling up the DagBag from /home/airflow/.local/lib/python3.9/site-packages/airflow/example_dags/example_params_trigger_ui.py
[2024-04-21T20:16:47.308+0000] {processor.py:840} INFO - DAG(s) 'example_params_trigger_ui' retrieved from /home/airflow/.local/lib/python3.9/site-packages/airflow/example_dags/example_params_trigger_ui.py
[2024-04-21T20:16:47.391+0000] {logging_mixin.py:188} INFO - [2024-04-21T20:16:47.391+0000] {dag.py:3047} INFO - Sync 1 DAGs
[2024-04-21T20:16:47.404+0000] {logging_mixin.py:188} INFO - [2024-04-21T20:16:47.404+0000] {dag.py:3834} INFO - Setting next_dagrun for example_params_trigger_ui to None, run_after=None
[2024-04-21T20:16:47.438+0000] {processor.py:183} INFO - Processing /home/airflow/.local/lib/python3.9/site-packages/airflow/example_dags/example_params_trigger_ui.py took 0.151 seconds
[2024-04-21T20:17:17.824+0000] {processor.py:161} INFO - Started process (PID=164) to work on /home/airflow/.local/lib/python3.9/site-packages/airflow/example_dags/example_params_trigger_ui.py
[2024-04-21T20:17:17.826+0000] {processor.py:830} INFO - Processing file /home/airflow/.local/lib/python3.9/site-packages/airflow/example_dags/example_params_trigger_ui.py for tasks to queue
[2024-04-21T20:17:17.828+0000] {logging_mixin.py:188} INFO - [2024-04-21T20:17:17.828+0000] {dagbag.py:540} INFO - Filling up the DagBag from /home/airflow/.local/lib/python3.9/site-packages/airflow/example_dags/example_params_trigger_ui.py
[2024-04-21T20:17:17.847+0000] {processor.py:840} INFO - DAG(s) 'example_params_trigger_ui' retrieved from /home/airflow/.local/lib/python3.9/site-packages/airflow/example_dags/example_params_trigger_ui.py
[2024-04-21T20:17:17.960+0000] {logging_mixin.py:188} INFO - [2024-04-21T20:17:17.959+0000] {dag.py:3047} INFO - Sync 1 DAGs
[2024-04-21T20:17:17.978+0000] {logging_mixin.py:188} INFO - [2024-04-21T20:17:17.978+0000] {dag.py:3834} INFO - Setting next_dagrun for example_params_trigger_ui to None, run_after=None
[2024-04-21T20:17:18.028+0000] {processor.py:183} INFO - Processing /home/airflow/.local/lib/python3.9/site-packages/airflow/example_dags/example_params_trigger_ui.py took 0.208 seconds
[2024-04-21T20:17:48.563+0000] {processor.py:161} INFO - Started process (PID=221) to work on /home/airflow/.local/lib/python3.9/site-packages/airflow/example_dags/example_params_trigger_ui.py
[2024-04-21T20:17:48.564+0000] {processor.py:830} INFO - Processing file /home/airflow/.local/lib/python3.9/site-packages/airflow/example_dags/example_params_trigger_ui.py for tasks to queue
[2024-04-21T20:17:48.567+0000] {logging_mixin.py:188} INFO - [2024-04-21T20:17:48.567+0000] {dagbag.py:540} INFO - Filling up the DagBag from /home/airflow/.local/lib/python3.9/site-packages/airflow/example_dags/example_params_trigger_ui.py
[2024-04-21T20:17:48.586+0000] {processor.py:840} INFO - DAG(s) 'example_params_trigger_ui' retrieved from /home/airflow/.local/lib/python3.9/site-packages/airflow/example_dags/example_params_trigger_ui.py
[2024-04-21T20:17:48.677+0000] {logging_mixin.py:188} INFO - [2024-04-21T20:17:48.677+0000] {dag.py:3047} INFO - Sync 1 DAGs
[2024-04-21T20:17:48.690+0000] {logging_mixin.py:188} INFO - [2024-04-21T20:17:48.690+0000] {dag.py:3834} INFO - Setting next_dagrun for example_params_trigger_ui to None, run_after=None
[2024-04-21T20:17:48.729+0000] {processor.py:183} INFO - Processing /home/airflow/.local/lib/python3.9/site-packages/airflow/example_dags/example_params_trigger_ui.py took 0.169 seconds
[2024-04-21T20:18:19.041+0000] {processor.py:161} INFO - Started process (PID=276) to work on /home/airflow/.local/lib/python3.9/site-packages/airflow/example_dags/example_params_trigger_ui.py
[2024-04-21T20:18:19.043+0000] {processor.py:830} INFO - Processing file /home/airflow/.local/lib/python3.9/site-packages/airflow/example_dags/example_params_trigger_ui.py for tasks to queue
[2024-04-21T20:18:19.046+0000] {logging_mixin.py:188} INFO - [2024-04-21T20:18:19.045+0000] {dagbag.py:540} INFO - Filling up the DagBag from /home/airflow/.local/lib/python3.9/site-packages/airflow/example_dags/example_params_trigger_ui.py
[2024-04-21T20:18:19.061+0000] {processor.py:840} INFO - DAG(s) 'example_params_trigger_ui' retrieved from /home/airflow/.local/lib/python3.9/site-packages/airflow/example_dags/example_params_trigger_ui.py
[2024-04-21T20:18:19.155+0000] {logging_mixin.py:188} INFO - [2024-04-21T20:18:19.154+0000] {dag.py:3047} INFO - Sync 1 DAGs
[2024-04-21T20:18:19.168+0000] {logging_mixin.py:188} INFO - [2024-04-21T20:18:19.167+0000] {dag.py:3834} INFO - Setting next_dagrun for example_params_trigger_ui to None, run_after=None
[2024-04-21T20:18:19.203+0000] {processor.py:183} INFO - Processing /home/airflow/.local/lib/python3.9/site-packages/airflow/example_dags/example_params_trigger_ui.py took 0.165 seconds
[2024-04-21T20:18:49.477+0000] {processor.py:161} INFO - Started process (PID=333) to work on /home/airflow/.local/lib/python3.9/site-packages/airflow/example_dags/example_params_trigger_ui.py
[2024-04-21T20:18:49.479+0000] {processor.py:830} INFO - Processing file /home/airflow/.local/lib/python3.9/site-packages/airflow/example_dags/example_params_trigger_ui.py for tasks to queue
[2024-04-21T20:18:49.481+0000] {logging_mixin.py:188} INFO - [2024-04-21T20:18:49.481+0000] {dagbag.py:540} INFO - Filling up the DagBag from /home/airflow/.local/lib/python3.9/site-packages/airflow/example_dags/example_params_trigger_ui.py
[2024-04-21T20:18:49.496+0000] {processor.py:840} INFO - DAG(s) 'example_params_trigger_ui' retrieved from /home/airflow/.local/lib/python3.9/site-packages/airflow/example_dags/example_params_trigger_ui.py
[2024-04-21T20:18:49.586+0000] {logging_mixin.py:188} INFO - [2024-04-21T20:18:49.586+0000] {dag.py:3047} INFO - Sync 1 DAGs
[2024-04-21T20:18:49.601+0000] {logging_mixin.py:188} INFO - [2024-04-21T20:18:49.600+0000] {dag.py:3834} INFO - Setting next_dagrun for example_params_trigger_ui to None, run_after=None
[2024-04-21T20:18:49.639+0000] {processor.py:183} INFO - Processing /home/airflow/.local/lib/python3.9/site-packages/airflow/example_dags/example_params_trigger_ui.py took 0.165 seconds
[2024-04-21T20:32:47.623+0000] {processor.py:161} INFO - Started process (PID=50) to work on /home/airflow/.local/lib/python3.9/site-packages/airflow/example_dags/example_params_trigger_ui.py
[2024-04-21T20:32:47.641+0000] {processor.py:830} INFO - Processing file /home/airflow/.local/lib/python3.9/site-packages/airflow/example_dags/example_params_trigger_ui.py for tasks to queue
[2024-04-21T20:32:47.666+0000] {logging_mixin.py:188} INFO - [2024-04-21T20:32:47.664+0000] {dagbag.py:540} INFO - Filling up the DagBag from /home/airflow/.local/lib/python3.9/site-packages/airflow/example_dags/example_params_trigger_ui.py
[2024-04-21T20:32:47.788+0000] {processor.py:840} INFO - DAG(s) 'example_params_trigger_ui' retrieved from /home/airflow/.local/lib/python3.9/site-packages/airflow/example_dags/example_params_trigger_ui.py
[2024-04-21T20:32:47.910+0000] {logging_mixin.py:188} INFO - [2024-04-21T20:32:47.910+0000] {dag.py:3047} INFO - Sync 1 DAGs
[2024-04-21T20:32:47.963+0000] {logging_mixin.py:188} INFO - [2024-04-21T20:32:47.962+0000] {dag.py:3834} INFO - Setting next_dagrun for example_params_trigger_ui to None, run_after=None
[2024-04-21T20:32:48.063+0000] {processor.py:183} INFO - Processing /home/airflow/.local/lib/python3.9/site-packages/airflow/example_dags/example_params_trigger_ui.py took 0.443 seconds
[2024-04-21T20:33:21.963+0000] {processor.py:161} INFO - Started process (PID=50) to work on /home/airflow/.local/lib/python3.9/site-packages/airflow/example_dags/example_params_trigger_ui.py
[2024-04-21T20:33:21.965+0000] {processor.py:830} INFO - Processing file /home/airflow/.local/lib/python3.9/site-packages/airflow/example_dags/example_params_trigger_ui.py for tasks to queue
[2024-04-21T20:33:21.967+0000] {logging_mixin.py:188} INFO - [2024-04-21T20:33:21.967+0000] {dagbag.py:540} INFO - Filling up the DagBag from /home/airflow/.local/lib/python3.9/site-packages/airflow/example_dags/example_params_trigger_ui.py
[2024-04-21T20:33:21.983+0000] {processor.py:840} INFO - DAG(s) 'example_params_trigger_ui' retrieved from /home/airflow/.local/lib/python3.9/site-packages/airflow/example_dags/example_params_trigger_ui.py
[2024-04-21T20:33:22.207+0000] {logging_mixin.py:188} INFO - [2024-04-21T20:33:22.207+0000] {dag.py:3047} INFO - Sync 1 DAGs
[2024-04-21T20:33:22.230+0000] {logging_mixin.py:188} INFO - [2024-04-21T20:33:22.230+0000] {dag.py:3834} INFO - Setting next_dagrun for example_params_trigger_ui to None, run_after=None
[2024-04-21T20:33:22.271+0000] {processor.py:183} INFO - Processing /home/airflow/.local/lib/python3.9/site-packages/airflow/example_dags/example_params_trigger_ui.py took 0.311 seconds
[2024-04-21T20:33:52.415+0000] {processor.py:161} INFO - Started process (PID=107) to work on /home/airflow/.local/lib/python3.9/site-packages/airflow/example_dags/example_params_trigger_ui.py
[2024-04-21T20:33:52.416+0000] {processor.py:830} INFO - Processing file /home/airflow/.local/lib/python3.9/site-packages/airflow/example_dags/example_params_trigger_ui.py for tasks to queue
[2024-04-21T20:33:52.418+0000] {logging_mixin.py:188} INFO - [2024-04-21T20:33:52.418+0000] {dagbag.py:540} INFO - Filling up the DagBag from /home/airflow/.local/lib/python3.9/site-packages/airflow/example_dags/example_params_trigger_ui.py
[2024-04-21T20:33:52.431+0000] {processor.py:840} INFO - DAG(s) 'example_params_trigger_ui' retrieved from /home/airflow/.local/lib/python3.9/site-packages/airflow/example_dags/example_params_trigger_ui.py
[2024-04-21T20:33:52.517+0000] {logging_mixin.py:188} INFO - [2024-04-21T20:33:52.517+0000] {dag.py:3047} INFO - Sync 1 DAGs
[2024-04-21T20:33:52.530+0000] {logging_mixin.py:188} INFO - [2024-04-21T20:33:52.530+0000] {dag.py:3834} INFO - Setting next_dagrun for example_params_trigger_ui to None, run_after=None
[2024-04-21T20:33:52.563+0000] {processor.py:183} INFO - Processing /home/airflow/.local/lib/python3.9/site-packages/airflow/example_dags/example_params_trigger_ui.py took 0.151 seconds
[2024-04-21T20:34:30.036+0000] {processor.py:161} INFO - Started process (PID=50) to work on /home/airflow/.local/lib/python3.9/site-packages/airflow/example_dags/example_params_trigger_ui.py
[2024-04-21T20:34:30.037+0000] {processor.py:830} INFO - Processing file /home/airflow/.local/lib/python3.9/site-packages/airflow/example_dags/example_params_trigger_ui.py for tasks to queue
[2024-04-21T20:34:30.040+0000] {logging_mixin.py:188} INFO - [2024-04-21T20:34:30.039+0000] {dagbag.py:540} INFO - Filling up the DagBag from /home/airflow/.local/lib/python3.9/site-packages/airflow/example_dags/example_params_trigger_ui.py
[2024-04-21T20:34:30.055+0000] {processor.py:840} INFO - DAG(s) 'example_params_trigger_ui' retrieved from /home/airflow/.local/lib/python3.9/site-packages/airflow/example_dags/example_params_trigger_ui.py
[2024-04-21T20:34:30.146+0000] {logging_mixin.py:188} INFO - [2024-04-21T20:34:30.146+0000] {dag.py:3047} INFO - Sync 1 DAGs
[2024-04-21T20:34:30.159+0000] {logging_mixin.py:188} INFO - [2024-04-21T20:34:30.159+0000] {dag.py:3834} INFO - Setting next_dagrun for example_params_trigger_ui to None, run_after=None
[2024-04-21T20:34:30.192+0000] {processor.py:183} INFO - Processing /home/airflow/.local/lib/python3.9/site-packages/airflow/example_dags/example_params_trigger_ui.py took 0.159 seconds
[2024-04-21T20:35:01.090+0000] {processor.py:161} INFO - Started process (PID=107) to work on /home/airflow/.local/lib/python3.9/site-packages/airflow/example_dags/example_params_trigger_ui.py
[2024-04-21T20:35:01.091+0000] {processor.py:830} INFO - Processing file /home/airflow/.local/lib/python3.9/site-packages/airflow/example_dags/example_params_trigger_ui.py for tasks to queue
[2024-04-21T20:35:01.094+0000] {logging_mixin.py:188} INFO - [2024-04-21T20:35:01.093+0000] {dagbag.py:540} INFO - Filling up the DagBag from /home/airflow/.local/lib/python3.9/site-packages/airflow/example_dags/example_params_trigger_ui.py
[2024-04-21T20:35:01.110+0000] {processor.py:840} INFO - DAG(s) 'example_params_trigger_ui' retrieved from /home/airflow/.local/lib/python3.9/site-packages/airflow/example_dags/example_params_trigger_ui.py
[2024-04-21T20:35:01.199+0000] {logging_mixin.py:188} INFO - [2024-04-21T20:35:01.199+0000] {dag.py:3047} INFO - Sync 1 DAGs
[2024-04-21T20:35:01.214+0000] {logging_mixin.py:188} INFO - [2024-04-21T20:35:01.213+0000] {dag.py:3834} INFO - Setting next_dagrun for example_params_trigger_ui to None, run_after=None
[2024-04-21T20:35:01.243+0000] {processor.py:183} INFO - Processing /home/airflow/.local/lib/python3.9/site-packages/airflow/example_dags/example_params_trigger_ui.py took 0.157 seconds
[2024-04-21T20:35:32.040+0000] {processor.py:161} INFO - Started process (PID=164) to work on /home/airflow/.local/lib/python3.9/site-packages/airflow/example_dags/example_params_trigger_ui.py
[2024-04-21T20:35:32.041+0000] {processor.py:830} INFO - Processing file /home/airflow/.local/lib/python3.9/site-packages/airflow/example_dags/example_params_trigger_ui.py for tasks to queue
[2024-04-21T20:35:32.044+0000] {logging_mixin.py:188} INFO - [2024-04-21T20:35:32.043+0000] {dagbag.py:540} INFO - Filling up the DagBag from /home/airflow/.local/lib/python3.9/site-packages/airflow/example_dags/example_params_trigger_ui.py
[2024-04-21T20:35:32.058+0000] {processor.py:840} INFO - DAG(s) 'example_params_trigger_ui' retrieved from /home/airflow/.local/lib/python3.9/site-packages/airflow/example_dags/example_params_trigger_ui.py
[2024-04-21T20:35:32.140+0000] {logging_mixin.py:188} INFO - [2024-04-21T20:35:32.139+0000] {dag.py:3047} INFO - Sync 1 DAGs
[2024-04-21T20:35:32.152+0000] {logging_mixin.py:188} INFO - [2024-04-21T20:35:32.151+0000] {dag.py:3834} INFO - Setting next_dagrun for example_params_trigger_ui to None, run_after=None
[2024-04-21T20:35:32.186+0000] {processor.py:183} INFO - Processing /home/airflow/.local/lib/python3.9/site-packages/airflow/example_dags/example_params_trigger_ui.py took 0.148 seconds
[2024-04-21T20:36:03.158+0000] {processor.py:161} INFO - Started process (PID=221) to work on /home/airflow/.local/lib/python3.9/site-packages/airflow/example_dags/example_params_trigger_ui.py
[2024-04-21T20:36:03.160+0000] {processor.py:830} INFO - Processing file /home/airflow/.local/lib/python3.9/site-packages/airflow/example_dags/example_params_trigger_ui.py for tasks to queue
[2024-04-21T20:36:03.162+0000] {logging_mixin.py:188} INFO - [2024-04-21T20:36:03.162+0000] {dagbag.py:540} INFO - Filling up the DagBag from /home/airflow/.local/lib/python3.9/site-packages/airflow/example_dags/example_params_trigger_ui.py
[2024-04-21T20:36:03.175+0000] {processor.py:840} INFO - DAG(s) 'example_params_trigger_ui' retrieved from /home/airflow/.local/lib/python3.9/site-packages/airflow/example_dags/example_params_trigger_ui.py
[2024-04-21T20:36:03.259+0000] {logging_mixin.py:188} INFO - [2024-04-21T20:36:03.259+0000] {dag.py:3047} INFO - Sync 1 DAGs
[2024-04-21T20:36:03.270+0000] {logging_mixin.py:188} INFO - [2024-04-21T20:36:03.270+0000] {dag.py:3834} INFO - Setting next_dagrun for example_params_trigger_ui to None, run_after=None
[2024-04-21T20:36:03.302+0000] {processor.py:183} INFO - Processing /home/airflow/.local/lib/python3.9/site-packages/airflow/example_dags/example_params_trigger_ui.py took 0.146 seconds
[2024-04-21T20:36:34.402+0000] {processor.py:161} INFO - Started process (PID=278) to work on /home/airflow/.local/lib/python3.9/site-packages/airflow/example_dags/example_params_trigger_ui.py
[2024-04-21T20:36:34.404+0000] {processor.py:830} INFO - Processing file /home/airflow/.local/lib/python3.9/site-packages/airflow/example_dags/example_params_trigger_ui.py for tasks to queue
[2024-04-21T20:36:34.406+0000] {logging_mixin.py:188} INFO - [2024-04-21T20:36:34.406+0000] {dagbag.py:540} INFO - Filling up the DagBag from /home/airflow/.local/lib/python3.9/site-packages/airflow/example_dags/example_params_trigger_ui.py
[2024-04-21T20:36:34.431+0000] {processor.py:840} INFO - DAG(s) 'example_params_trigger_ui' retrieved from /home/airflow/.local/lib/python3.9/site-packages/airflow/example_dags/example_params_trigger_ui.py
[2024-04-21T20:36:34.816+0000] {logging_mixin.py:188} INFO - [2024-04-21T20:36:34.816+0000] {dag.py:3047} INFO - Sync 1 DAGs
[2024-04-21T20:36:34.830+0000] {logging_mixin.py:188} INFO - [2024-04-21T20:36:34.829+0000] {dag.py:3834} INFO - Setting next_dagrun for example_params_trigger_ui to None, run_after=None
[2024-04-21T20:36:34.876+0000] {processor.py:183} INFO - Processing /home/airflow/.local/lib/python3.9/site-packages/airflow/example_dags/example_params_trigger_ui.py took 0.479 seconds
[2024-04-21T20:37:04.955+0000] {processor.py:161} INFO - Started process (PID=335) to work on /home/airflow/.local/lib/python3.9/site-packages/airflow/example_dags/example_params_trigger_ui.py
[2024-04-21T20:37:04.956+0000] {processor.py:830} INFO - Processing file /home/airflow/.local/lib/python3.9/site-packages/airflow/example_dags/example_params_trigger_ui.py for tasks to queue
[2024-04-21T20:37:04.959+0000] {logging_mixin.py:188} INFO - [2024-04-21T20:37:04.958+0000] {dagbag.py:540} INFO - Filling up the DagBag from /home/airflow/.local/lib/python3.9/site-packages/airflow/example_dags/example_params_trigger_ui.py
[2024-04-21T20:37:04.971+0000] {processor.py:840} INFO - DAG(s) 'example_params_trigger_ui' retrieved from /home/airflow/.local/lib/python3.9/site-packages/airflow/example_dags/example_params_trigger_ui.py
[2024-04-21T20:37:05.048+0000] {logging_mixin.py:188} INFO - [2024-04-21T20:37:05.047+0000] {dag.py:3047} INFO - Sync 1 DAGs
[2024-04-21T20:37:05.059+0000] {logging_mixin.py:188} INFO - [2024-04-21T20:37:05.059+0000] {dag.py:3834} INFO - Setting next_dagrun for example_params_trigger_ui to None, run_after=None
[2024-04-21T20:37:05.089+0000] {processor.py:183} INFO - Processing /home/airflow/.local/lib/python3.9/site-packages/airflow/example_dags/example_params_trigger_ui.py took 0.137 seconds
[2024-04-21T20:37:35.222+0000] {processor.py:161} INFO - Started process (PID=390) to work on /home/airflow/.local/lib/python3.9/site-packages/airflow/example_dags/example_params_trigger_ui.py
[2024-04-21T20:37:35.224+0000] {processor.py:830} INFO - Processing file /home/airflow/.local/lib/python3.9/site-packages/airflow/example_dags/example_params_trigger_ui.py for tasks to queue
[2024-04-21T20:37:35.226+0000] {logging_mixin.py:188} INFO - [2024-04-21T20:37:35.225+0000] {dagbag.py:540} INFO - Filling up the DagBag from /home/airflow/.local/lib/python3.9/site-packages/airflow/example_dags/example_params_trigger_ui.py
[2024-04-21T20:37:35.243+0000] {processor.py:840} INFO - DAG(s) 'example_params_trigger_ui' retrieved from /home/airflow/.local/lib/python3.9/site-packages/airflow/example_dags/example_params_trigger_ui.py
[2024-04-21T20:37:35.342+0000] {logging_mixin.py:188} INFO - [2024-04-21T20:37:35.341+0000] {dag.py:3047} INFO - Sync 1 DAGs
[2024-04-21T20:37:35.357+0000] {logging_mixin.py:188} INFO - [2024-04-21T20:37:35.356+0000] {dag.py:3834} INFO - Setting next_dagrun for example_params_trigger_ui to None, run_after=None
[2024-04-21T20:37:35.397+0000] {processor.py:183} INFO - Processing /home/airflow/.local/lib/python3.9/site-packages/airflow/example_dags/example_params_trigger_ui.py took 0.178 seconds
[2024-04-21T20:38:06.226+0000] {processor.py:161} INFO - Started process (PID=447) to work on /home/airflow/.local/lib/python3.9/site-packages/airflow/example_dags/example_params_trigger_ui.py
[2024-04-21T20:38:06.227+0000] {processor.py:830} INFO - Processing file /home/airflow/.local/lib/python3.9/site-packages/airflow/example_dags/example_params_trigger_ui.py for tasks to queue
[2024-04-21T20:38:06.230+0000] {logging_mixin.py:188} INFO - [2024-04-21T20:38:06.230+0000] {dagbag.py:540} INFO - Filling up the DagBag from /home/airflow/.local/lib/python3.9/site-packages/airflow/example_dags/example_params_trigger_ui.py
[2024-04-21T20:38:06.247+0000] {processor.py:840} INFO - DAG(s) 'example_params_trigger_ui' retrieved from /home/airflow/.local/lib/python3.9/site-packages/airflow/example_dags/example_params_trigger_ui.py
[2024-04-21T20:38:06.331+0000] {logging_mixin.py:188} INFO - [2024-04-21T20:38:06.330+0000] {dag.py:3047} INFO - Sync 1 DAGs
[2024-04-21T20:38:06.344+0000] {logging_mixin.py:188} INFO - [2024-04-21T20:38:06.343+0000] {dag.py:3834} INFO - Setting next_dagrun for example_params_trigger_ui to None, run_after=None
[2024-04-21T20:38:06.383+0000] {processor.py:183} INFO - Processing /home/airflow/.local/lib/python3.9/site-packages/airflow/example_dags/example_params_trigger_ui.py took 0.162 seconds
[2024-04-21T20:38:36.651+0000] {processor.py:161} INFO - Started process (PID=504) to work on /home/airflow/.local/lib/python3.9/site-packages/airflow/example_dags/example_params_trigger_ui.py
[2024-04-21T20:38:36.653+0000] {processor.py:830} INFO - Processing file /home/airflow/.local/lib/python3.9/site-packages/airflow/example_dags/example_params_trigger_ui.py for tasks to queue
[2024-04-21T20:38:36.659+0000] {logging_mixin.py:188} INFO - [2024-04-21T20:38:36.656+0000] {dagbag.py:540} INFO - Filling up the DagBag from /home/airflow/.local/lib/python3.9/site-packages/airflow/example_dags/example_params_trigger_ui.py
[2024-04-21T20:38:36.695+0000] {processor.py:840} INFO - DAG(s) 'example_params_trigger_ui' retrieved from /home/airflow/.local/lib/python3.9/site-packages/airflow/example_dags/example_params_trigger_ui.py
[2024-04-21T20:38:37.864+0000] {logging_mixin.py:188} INFO - [2024-04-21T20:38:37.863+0000] {dag.py:3047} INFO - Sync 1 DAGs
[2024-04-21T20:38:37.880+0000] {logging_mixin.py:188} INFO - [2024-04-21T20:38:37.880+0000] {dag.py:3834} INFO - Setting next_dagrun for example_params_trigger_ui to None, run_after=None
[2024-04-21T20:38:37.938+0000] {processor.py:183} INFO - Processing /home/airflow/.local/lib/python3.9/site-packages/airflow/example_dags/example_params_trigger_ui.py took 1.297 seconds
[2024-04-21T20:39:08.155+0000] {processor.py:161} INFO - Started process (PID=561) to work on /home/airflow/.local/lib/python3.9/site-packages/airflow/example_dags/example_params_trigger_ui.py
[2024-04-21T20:39:08.156+0000] {processor.py:830} INFO - Processing file /home/airflow/.local/lib/python3.9/site-packages/airflow/example_dags/example_params_trigger_ui.py for tasks to queue
[2024-04-21T20:39:08.158+0000] {logging_mixin.py:188} INFO - [2024-04-21T20:39:08.158+0000] {dagbag.py:540} INFO - Filling up the DagBag from /home/airflow/.local/lib/python3.9/site-packages/airflow/example_dags/example_params_trigger_ui.py
[2024-04-21T20:39:08.173+0000] {processor.py:840} INFO - DAG(s) 'example_params_trigger_ui' retrieved from /home/airflow/.local/lib/python3.9/site-packages/airflow/example_dags/example_params_trigger_ui.py
[2024-04-21T20:39:08.278+0000] {logging_mixin.py:188} INFO - [2024-04-21T20:39:08.278+0000] {dag.py:3047} INFO - Sync 1 DAGs
[2024-04-21T20:39:08.298+0000] {logging_mixin.py:188} INFO - [2024-04-21T20:39:08.298+0000] {dag.py:3834} INFO - Setting next_dagrun for example_params_trigger_ui to None, run_after=None
[2024-04-21T20:39:08.344+0000] {processor.py:183} INFO - Processing /home/airflow/.local/lib/python3.9/site-packages/airflow/example_dags/example_params_trigger_ui.py took 0.191 seconds
[2024-04-21T20:40:41.168+0000] {processor.py:161} INFO - Started process (PID=594) to work on /home/airflow/.local/lib/python3.9/site-packages/airflow/example_dags/example_params_trigger_ui.py
[2024-04-21T20:40:41.169+0000] {processor.py:830} INFO - Processing file /home/airflow/.local/lib/python3.9/site-packages/airflow/example_dags/example_params_trigger_ui.py for tasks to queue
[2024-04-21T20:40:41.171+0000] {logging_mixin.py:188} INFO - [2024-04-21T20:40:41.171+0000] {dagbag.py:540} INFO - Filling up the DagBag from /home/airflow/.local/lib/python3.9/site-packages/airflow/example_dags/example_params_trigger_ui.py
[2024-04-21T20:40:41.185+0000] {processor.py:840} INFO - DAG(s) 'example_params_trigger_ui' retrieved from /home/airflow/.local/lib/python3.9/site-packages/airflow/example_dags/example_params_trigger_ui.py
[2024-04-21T20:40:41.268+0000] {logging_mixin.py:188} INFO - [2024-04-21T20:40:41.268+0000] {dag.py:3047} INFO - Sync 1 DAGs
[2024-04-21T20:40:41.282+0000] {logging_mixin.py:188} INFO - [2024-04-21T20:40:41.282+0000] {dag.py:3834} INFO - Setting next_dagrun for example_params_trigger_ui to None, run_after=None
[2024-04-21T20:40:41.314+0000] {processor.py:183} INFO - Processing /home/airflow/.local/lib/python3.9/site-packages/airflow/example_dags/example_params_trigger_ui.py took 0.150 seconds
[2024-04-21T20:41:11.778+0000] {processor.py:161} INFO - Started process (PID=653) to work on /home/airflow/.local/lib/python3.9/site-packages/airflow/example_dags/example_params_trigger_ui.py
[2024-04-21T20:41:11.780+0000] {processor.py:830} INFO - Processing file /home/airflow/.local/lib/python3.9/site-packages/airflow/example_dags/example_params_trigger_ui.py for tasks to queue
[2024-04-21T20:41:11.782+0000] {logging_mixin.py:188} INFO - [2024-04-21T20:41:11.782+0000] {dagbag.py:540} INFO - Filling up the DagBag from /home/airflow/.local/lib/python3.9/site-packages/airflow/example_dags/example_params_trigger_ui.py
[2024-04-21T20:41:11.798+0000] {processor.py:840} INFO - DAG(s) 'example_params_trigger_ui' retrieved from /home/airflow/.local/lib/python3.9/site-packages/airflow/example_dags/example_params_trigger_ui.py
[2024-04-21T20:41:11.890+0000] {logging_mixin.py:188} INFO - [2024-04-21T20:41:11.889+0000] {dag.py:3047} INFO - Sync 1 DAGs
[2024-04-21T20:41:11.903+0000] {logging_mixin.py:188} INFO - [2024-04-21T20:41:11.903+0000] {dag.py:3834} INFO - Setting next_dagrun for example_params_trigger_ui to None, run_after=None
[2024-04-21T20:41:11.944+0000] {processor.py:183} INFO - Processing /home/airflow/.local/lib/python3.9/site-packages/airflow/example_dags/example_params_trigger_ui.py took 0.170 seconds
[2024-04-21T20:41:42.018+0000] {processor.py:161} INFO - Started process (PID=710) to work on /home/airflow/.local/lib/python3.9/site-packages/airflow/example_dags/example_params_trigger_ui.py
[2024-04-21T20:41:42.019+0000] {processor.py:830} INFO - Processing file /home/airflow/.local/lib/python3.9/site-packages/airflow/example_dags/example_params_trigger_ui.py for tasks to queue
[2024-04-21T20:41:42.022+0000] {logging_mixin.py:188} INFO - [2024-04-21T20:41:42.021+0000] {dagbag.py:540} INFO - Filling up the DagBag from /home/airflow/.local/lib/python3.9/site-packages/airflow/example_dags/example_params_trigger_ui.py
[2024-04-21T20:41:42.035+0000] {processor.py:840} INFO - DAG(s) 'example_params_trigger_ui' retrieved from /home/airflow/.local/lib/python3.9/site-packages/airflow/example_dags/example_params_trigger_ui.py
[2024-04-21T20:41:42.115+0000] {logging_mixin.py:188} INFO - [2024-04-21T20:41:42.114+0000] {dag.py:3047} INFO - Sync 1 DAGs
[2024-04-21T20:41:42.126+0000] {logging_mixin.py:188} INFO - [2024-04-21T20:41:42.125+0000] {dag.py:3834} INFO - Setting next_dagrun for example_params_trigger_ui to None, run_after=None
[2024-04-21T20:41:42.156+0000] {processor.py:183} INFO - Processing /home/airflow/.local/lib/python3.9/site-packages/airflow/example_dags/example_params_trigger_ui.py took 0.141 seconds
[2024-04-21T20:42:36.547+0000] {processor.py:161} INFO - Started process (PID=50) to work on /home/airflow/.local/lib/python3.9/site-packages/airflow/example_dags/example_params_trigger_ui.py
[2024-04-21T20:42:36.549+0000] {processor.py:830} INFO - Processing file /home/airflow/.local/lib/python3.9/site-packages/airflow/example_dags/example_params_trigger_ui.py for tasks to queue
[2024-04-21T20:42:36.551+0000] {logging_mixin.py:188} INFO - [2024-04-21T20:42:36.550+0000] {dagbag.py:540} INFO - Filling up the DagBag from /home/airflow/.local/lib/python3.9/site-packages/airflow/example_dags/example_params_trigger_ui.py
[2024-04-21T20:42:36.565+0000] {processor.py:840} INFO - DAG(s) 'example_params_trigger_ui' retrieved from /home/airflow/.local/lib/python3.9/site-packages/airflow/example_dags/example_params_trigger_ui.py
[2024-04-21T20:42:36.656+0000] {logging_mixin.py:188} INFO - [2024-04-21T20:42:36.656+0000] {dag.py:3047} INFO - Sync 1 DAGs
[2024-04-21T20:42:36.671+0000] {logging_mixin.py:188} INFO - [2024-04-21T20:42:36.671+0000] {dag.py:3834} INFO - Setting next_dagrun for example_params_trigger_ui to None, run_after=None
[2024-04-21T20:42:36.717+0000] {processor.py:183} INFO - Processing /home/airflow/.local/lib/python3.9/site-packages/airflow/example_dags/example_params_trigger_ui.py took 0.172 seconds
[2024-04-21T20:43:07.865+0000] {processor.py:161} INFO - Started process (PID=107) to work on /home/airflow/.local/lib/python3.9/site-packages/airflow/example_dags/example_params_trigger_ui.py
[2024-04-21T20:43:07.866+0000] {processor.py:830} INFO - Processing file /home/airflow/.local/lib/python3.9/site-packages/airflow/example_dags/example_params_trigger_ui.py for tasks to queue
[2024-04-21T20:43:07.868+0000] {logging_mixin.py:188} INFO - [2024-04-21T20:43:07.868+0000] {dagbag.py:540} INFO - Filling up the DagBag from /home/airflow/.local/lib/python3.9/site-packages/airflow/example_dags/example_params_trigger_ui.py
[2024-04-21T20:43:07.882+0000] {processor.py:840} INFO - DAG(s) 'example_params_trigger_ui' retrieved from /home/airflow/.local/lib/python3.9/site-packages/airflow/example_dags/example_params_trigger_ui.py
[2024-04-21T20:43:07.983+0000] {logging_mixin.py:188} INFO - [2024-04-21T20:43:07.982+0000] {dag.py:3047} INFO - Sync 1 DAGs
[2024-04-21T20:43:08.007+0000] {logging_mixin.py:188} INFO - [2024-04-21T20:43:08.006+0000] {dag.py:3834} INFO - Setting next_dagrun for example_params_trigger_ui to None, run_after=None
[2024-04-21T20:43:08.081+0000] {processor.py:183} INFO - Processing /home/airflow/.local/lib/python3.9/site-packages/airflow/example_dags/example_params_trigger_ui.py took 0.220 seconds
[2024-04-21T20:43:38.491+0000] {processor.py:161} INFO - Started process (PID=164) to work on /home/airflow/.local/lib/python3.9/site-packages/airflow/example_dags/example_params_trigger_ui.py
[2024-04-21T20:43:38.492+0000] {processor.py:830} INFO - Processing file /home/airflow/.local/lib/python3.9/site-packages/airflow/example_dags/example_params_trigger_ui.py for tasks to queue
[2024-04-21T20:43:38.494+0000] {logging_mixin.py:188} INFO - [2024-04-21T20:43:38.494+0000] {dagbag.py:540} INFO - Filling up the DagBag from /home/airflow/.local/lib/python3.9/site-packages/airflow/example_dags/example_params_trigger_ui.py
[2024-04-21T20:43:38.507+0000] {processor.py:840} INFO - DAG(s) 'example_params_trigger_ui' retrieved from /home/airflow/.local/lib/python3.9/site-packages/airflow/example_dags/example_params_trigger_ui.py
[2024-04-21T20:43:38.590+0000] {logging_mixin.py:188} INFO - [2024-04-21T20:43:38.590+0000] {dag.py:3047} INFO - Sync 1 DAGs
[2024-04-21T20:43:38.603+0000] {logging_mixin.py:188} INFO - [2024-04-21T20:43:38.602+0000] {dag.py:3834} INFO - Setting next_dagrun for example_params_trigger_ui to None, run_after=None
[2024-04-21T20:43:38.634+0000] {processor.py:183} INFO - Processing /home/airflow/.local/lib/python3.9/site-packages/airflow/example_dags/example_params_trigger_ui.py took 0.146 seconds
[2024-04-21T20:44:09.715+0000] {processor.py:161} INFO - Started process (PID=221) to work on /home/airflow/.local/lib/python3.9/site-packages/airflow/example_dags/example_params_trigger_ui.py
[2024-04-21T20:44:09.716+0000] {processor.py:830} INFO - Processing file /home/airflow/.local/lib/python3.9/site-packages/airflow/example_dags/example_params_trigger_ui.py for tasks to queue
[2024-04-21T20:44:09.719+0000] {logging_mixin.py:188} INFO - [2024-04-21T20:44:09.718+0000] {dagbag.py:540} INFO - Filling up the DagBag from /home/airflow/.local/lib/python3.9/site-packages/airflow/example_dags/example_params_trigger_ui.py
[2024-04-21T20:44:09.732+0000] {processor.py:840} INFO - DAG(s) 'example_params_trigger_ui' retrieved from /home/airflow/.local/lib/python3.9/site-packages/airflow/example_dags/example_params_trigger_ui.py
[2024-04-21T20:44:09.816+0000] {logging_mixin.py:188} INFO - [2024-04-21T20:44:09.816+0000] {dag.py:3047} INFO - Sync 1 DAGs
[2024-04-21T20:44:09.830+0000] {logging_mixin.py:188} INFO - [2024-04-21T20:44:09.830+0000] {dag.py:3834} INFO - Setting next_dagrun for example_params_trigger_ui to None, run_after=None
[2024-04-21T20:44:09.865+0000] {processor.py:183} INFO - Processing /home/airflow/.local/lib/python3.9/site-packages/airflow/example_dags/example_params_trigger_ui.py took 0.153 seconds
[2024-04-21T20:44:41.163+0000] {processor.py:161} INFO - Started process (PID=278) to work on /home/airflow/.local/lib/python3.9/site-packages/airflow/example_dags/example_params_trigger_ui.py
[2024-04-21T20:44:41.165+0000] {processor.py:830} INFO - Processing file /home/airflow/.local/lib/python3.9/site-packages/airflow/example_dags/example_params_trigger_ui.py for tasks to queue
[2024-04-21T20:44:41.167+0000] {logging_mixin.py:188} INFO - [2024-04-21T20:44:41.166+0000] {dagbag.py:540} INFO - Filling up the DagBag from /home/airflow/.local/lib/python3.9/site-packages/airflow/example_dags/example_params_trigger_ui.py
[2024-04-21T20:44:41.184+0000] {processor.py:840} INFO - DAG(s) 'example_params_trigger_ui' retrieved from /home/airflow/.local/lib/python3.9/site-packages/airflow/example_dags/example_params_trigger_ui.py
[2024-04-21T20:44:41.438+0000] {logging_mixin.py:188} INFO - [2024-04-21T20:44:41.437+0000] {dag.py:3047} INFO - Sync 1 DAGs
[2024-04-21T20:44:41.478+0000] {logging_mixin.py:188} INFO - [2024-04-21T20:44:41.477+0000] {dag.py:3834} INFO - Setting next_dagrun for example_params_trigger_ui to None, run_after=None
[2024-04-21T20:44:41.541+0000] {processor.py:183} INFO - Processing /home/airflow/.local/lib/python3.9/site-packages/airflow/example_dags/example_params_trigger_ui.py took 0.382 seconds
[2024-04-21T20:45:11.939+0000] {processor.py:161} INFO - Started process (PID=335) to work on /home/airflow/.local/lib/python3.9/site-packages/airflow/example_dags/example_params_trigger_ui.py
[2024-04-21T20:45:11.940+0000] {processor.py:830} INFO - Processing file /home/airflow/.local/lib/python3.9/site-packages/airflow/example_dags/example_params_trigger_ui.py for tasks to queue
[2024-04-21T20:45:11.943+0000] {logging_mixin.py:188} INFO - [2024-04-21T20:45:11.942+0000] {dagbag.py:540} INFO - Filling up the DagBag from /home/airflow/.local/lib/python3.9/site-packages/airflow/example_dags/example_params_trigger_ui.py
[2024-04-21T20:45:11.962+0000] {processor.py:840} INFO - DAG(s) 'example_params_trigger_ui' retrieved from /home/airflow/.local/lib/python3.9/site-packages/airflow/example_dags/example_params_trigger_ui.py
[2024-04-21T20:45:12.127+0000] {logging_mixin.py:188} INFO - [2024-04-21T20:45:12.126+0000] {dag.py:3047} INFO - Sync 1 DAGs
[2024-04-21T20:45:12.149+0000] {logging_mixin.py:188} INFO - [2024-04-21T20:45:12.149+0000] {dag.py:3834} INFO - Setting next_dagrun for example_params_trigger_ui to None, run_after=None
[2024-04-21T20:45:12.190+0000] {processor.py:183} INFO - Processing /home/airflow/.local/lib/python3.9/site-packages/airflow/example_dags/example_params_trigger_ui.py took 0.255 seconds
[2024-04-21T20:45:42.657+0000] {processor.py:161} INFO - Started process (PID=390) to work on /home/airflow/.local/lib/python3.9/site-packages/airflow/example_dags/example_params_trigger_ui.py
[2024-04-21T20:45:42.659+0000] {processor.py:830} INFO - Processing file /home/airflow/.local/lib/python3.9/site-packages/airflow/example_dags/example_params_trigger_ui.py for tasks to queue
[2024-04-21T20:45:42.664+0000] {logging_mixin.py:188} INFO - [2024-04-21T20:45:42.663+0000] {dagbag.py:540} INFO - Filling up the DagBag from /home/airflow/.local/lib/python3.9/site-packages/airflow/example_dags/example_params_trigger_ui.py
[2024-04-21T20:45:42.686+0000] {processor.py:840} INFO - DAG(s) 'example_params_trigger_ui' retrieved from /home/airflow/.local/lib/python3.9/site-packages/airflow/example_dags/example_params_trigger_ui.py
[2024-04-21T20:45:42.797+0000] {logging_mixin.py:188} INFO - [2024-04-21T20:45:42.797+0000] {dag.py:3047} INFO - Sync 1 DAGs
[2024-04-21T20:45:42.812+0000] {logging_mixin.py:188} INFO - [2024-04-21T20:45:42.812+0000] {dag.py:3834} INFO - Setting next_dagrun for example_params_trigger_ui to None, run_after=None
[2024-04-21T20:45:42.849+0000] {processor.py:183} INFO - Processing /home/airflow/.local/lib/python3.9/site-packages/airflow/example_dags/example_params_trigger_ui.py took 0.196 seconds
[2024-04-21T20:46:13.612+0000] {processor.py:161} INFO - Started process (PID=447) to work on /home/airflow/.local/lib/python3.9/site-packages/airflow/example_dags/example_params_trigger_ui.py
[2024-04-21T20:46:13.614+0000] {processor.py:830} INFO - Processing file /home/airflow/.local/lib/python3.9/site-packages/airflow/example_dags/example_params_trigger_ui.py for tasks to queue
[2024-04-21T20:46:13.616+0000] {logging_mixin.py:188} INFO - [2024-04-21T20:46:13.615+0000] {dagbag.py:540} INFO - Filling up the DagBag from /home/airflow/.local/lib/python3.9/site-packages/airflow/example_dags/example_params_trigger_ui.py
[2024-04-21T20:46:13.629+0000] {processor.py:840} INFO - DAG(s) 'example_params_trigger_ui' retrieved from /home/airflow/.local/lib/python3.9/site-packages/airflow/example_dags/example_params_trigger_ui.py
[2024-04-21T20:46:13.716+0000] {logging_mixin.py:188} INFO - [2024-04-21T20:46:13.716+0000] {dag.py:3047} INFO - Sync 1 DAGs
[2024-04-21T20:46:13.733+0000] {logging_mixin.py:188} INFO - [2024-04-21T20:46:13.732+0000] {dag.py:3834} INFO - Setting next_dagrun for example_params_trigger_ui to None, run_after=None
[2024-04-21T20:46:13.768+0000] {processor.py:183} INFO - Processing /home/airflow/.local/lib/python3.9/site-packages/airflow/example_dags/example_params_trigger_ui.py took 0.158 seconds
[2024-04-21T20:46:44.045+0000] {processor.py:161} INFO - Started process (PID=504) to work on /home/airflow/.local/lib/python3.9/site-packages/airflow/example_dags/example_params_trigger_ui.py
[2024-04-21T20:46:44.047+0000] {processor.py:830} INFO - Processing file /home/airflow/.local/lib/python3.9/site-packages/airflow/example_dags/example_params_trigger_ui.py for tasks to queue
[2024-04-21T20:46:44.049+0000] {logging_mixin.py:188} INFO - [2024-04-21T20:46:44.049+0000] {dagbag.py:540} INFO - Filling up the DagBag from /home/airflow/.local/lib/python3.9/site-packages/airflow/example_dags/example_params_trigger_ui.py
[2024-04-21T20:46:44.064+0000] {processor.py:840} INFO - DAG(s) 'example_params_trigger_ui' retrieved from /home/airflow/.local/lib/python3.9/site-packages/airflow/example_dags/example_params_trigger_ui.py
[2024-04-21T20:46:44.166+0000] {logging_mixin.py:188} INFO - [2024-04-21T20:46:44.165+0000] {dag.py:3047} INFO - Sync 1 DAGs
[2024-04-21T20:46:44.181+0000] {logging_mixin.py:188} INFO - [2024-04-21T20:46:44.180+0000] {dag.py:3834} INFO - Setting next_dagrun for example_params_trigger_ui to None, run_after=None
[2024-04-21T20:46:44.221+0000] {processor.py:183} INFO - Processing /home/airflow/.local/lib/python3.9/site-packages/airflow/example_dags/example_params_trigger_ui.py took 0.179 seconds
[2024-04-21T20:47:14.782+0000] {processor.py:161} INFO - Started process (PID=561) to work on /home/airflow/.local/lib/python3.9/site-packages/airflow/example_dags/example_params_trigger_ui.py
[2024-04-21T20:47:14.783+0000] {processor.py:830} INFO - Processing file /home/airflow/.local/lib/python3.9/site-packages/airflow/example_dags/example_params_trigger_ui.py for tasks to queue
[2024-04-21T20:47:14.785+0000] {logging_mixin.py:188} INFO - [2024-04-21T20:47:14.785+0000] {dagbag.py:540} INFO - Filling up the DagBag from /home/airflow/.local/lib/python3.9/site-packages/airflow/example_dags/example_params_trigger_ui.py
[2024-04-21T20:47:14.797+0000] {processor.py:840} INFO - DAG(s) 'example_params_trigger_ui' retrieved from /home/airflow/.local/lib/python3.9/site-packages/airflow/example_dags/example_params_trigger_ui.py
[2024-04-21T20:47:14.875+0000] {logging_mixin.py:188} INFO - [2024-04-21T20:47:14.875+0000] {dag.py:3047} INFO - Sync 1 DAGs
[2024-04-21T20:47:14.887+0000] {logging_mixin.py:188} INFO - [2024-04-21T20:47:14.887+0000] {dag.py:3834} INFO - Setting next_dagrun for example_params_trigger_ui to None, run_after=None
[2024-04-21T20:47:14.921+0000] {processor.py:183} INFO - Processing /home/airflow/.local/lib/python3.9/site-packages/airflow/example_dags/example_params_trigger_ui.py took 0.141 seconds
[2024-04-21T20:47:45.688+0000] {processor.py:161} INFO - Started process (PID=618) to work on /home/airflow/.local/lib/python3.9/site-packages/airflow/example_dags/example_params_trigger_ui.py
[2024-04-21T20:47:45.689+0000] {processor.py:830} INFO - Processing file /home/airflow/.local/lib/python3.9/site-packages/airflow/example_dags/example_params_trigger_ui.py for tasks to queue
[2024-04-21T20:47:45.691+0000] {logging_mixin.py:188} INFO - [2024-04-21T20:47:45.691+0000] {dagbag.py:540} INFO - Filling up the DagBag from /home/airflow/.local/lib/python3.9/site-packages/airflow/example_dags/example_params_trigger_ui.py
[2024-04-21T20:47:45.704+0000] {processor.py:840} INFO - DAG(s) 'example_params_trigger_ui' retrieved from /home/airflow/.local/lib/python3.9/site-packages/airflow/example_dags/example_params_trigger_ui.py
[2024-04-21T20:47:45.784+0000] {logging_mixin.py:188} INFO - [2024-04-21T20:47:45.784+0000] {dag.py:3047} INFO - Sync 1 DAGs
[2024-04-21T20:47:45.796+0000] {logging_mixin.py:188} INFO - [2024-04-21T20:47:45.795+0000] {dag.py:3834} INFO - Setting next_dagrun for example_params_trigger_ui to None, run_after=None
[2024-04-21T20:47:45.829+0000] {processor.py:183} INFO - Processing /home/airflow/.local/lib/python3.9/site-packages/airflow/example_dags/example_params_trigger_ui.py took 0.143 seconds
[2024-04-21T21:00:45.371+0000] {processor.py:161} INFO - Started process (PID=50) to work on /home/airflow/.local/lib/python3.9/site-packages/airflow/example_dags/example_params_trigger_ui.py
[2024-04-21T21:00:45.373+0000] {processor.py:830} INFO - Processing file /home/airflow/.local/lib/python3.9/site-packages/airflow/example_dags/example_params_trigger_ui.py for tasks to queue
[2024-04-21T21:00:45.375+0000] {logging_mixin.py:188} INFO - [2024-04-21T21:00:45.375+0000] {dagbag.py:540} INFO - Filling up the DagBag from /home/airflow/.local/lib/python3.9/site-packages/airflow/example_dags/example_params_trigger_ui.py
[2024-04-21T21:00:45.405+0000] {processor.py:840} INFO - DAG(s) 'example_params_trigger_ui' retrieved from /home/airflow/.local/lib/python3.9/site-packages/airflow/example_dags/example_params_trigger_ui.py
[2024-04-21T21:00:45.821+0000] {logging_mixin.py:188} INFO - [2024-04-21T21:00:45.820+0000] {dag.py:3047} INFO - Sync 1 DAGs
[2024-04-21T21:00:45.847+0000] {logging_mixin.py:188} INFO - [2024-04-21T21:00:45.846+0000] {dag.py:3834} INFO - Setting next_dagrun for example_params_trigger_ui to None, run_after=None
[2024-04-21T21:00:45.914+0000] {processor.py:183} INFO - Processing /home/airflow/.local/lib/python3.9/site-packages/airflow/example_dags/example_params_trigger_ui.py took 0.546 seconds
[2024-04-21T21:01:15.985+0000] {processor.py:161} INFO - Started process (PID=108) to work on /home/airflow/.local/lib/python3.9/site-packages/airflow/example_dags/example_params_trigger_ui.py
[2024-04-21T21:01:15.986+0000] {processor.py:830} INFO - Processing file /home/airflow/.local/lib/python3.9/site-packages/airflow/example_dags/example_params_trigger_ui.py for tasks to queue
[2024-04-21T21:01:15.989+0000] {logging_mixin.py:188} INFO - [2024-04-21T21:01:15.989+0000] {dagbag.py:540} INFO - Filling up the DagBag from /home/airflow/.local/lib/python3.9/site-packages/airflow/example_dags/example_params_trigger_ui.py
[2024-04-21T21:01:16.009+0000] {processor.py:840} INFO - DAG(s) 'example_params_trigger_ui' retrieved from /home/airflow/.local/lib/python3.9/site-packages/airflow/example_dags/example_params_trigger_ui.py
[2024-04-21T21:01:16.114+0000] {logging_mixin.py:188} INFO - [2024-04-21T21:01:16.113+0000] {dag.py:3047} INFO - Sync 1 DAGs
[2024-04-21T21:01:16.136+0000] {logging_mixin.py:188} INFO - [2024-04-21T21:01:16.135+0000] {dag.py:3834} INFO - Setting next_dagrun for example_params_trigger_ui to None, run_after=None
[2024-04-21T21:01:16.209+0000] {processor.py:183} INFO - Processing /home/airflow/.local/lib/python3.9/site-packages/airflow/example_dags/example_params_trigger_ui.py took 0.227 seconds
[2024-04-21T21:04:16.299+0000] {processor.py:161} INFO - Started process (PID=62) to work on /home/airflow/.local/lib/python3.9/site-packages/airflow/example_dags/example_params_trigger_ui.py
[2024-04-21T21:04:16.301+0000] {processor.py:830} INFO - Processing file /home/airflow/.local/lib/python3.9/site-packages/airflow/example_dags/example_params_trigger_ui.py for tasks to queue
[2024-04-21T21:04:16.306+0000] {logging_mixin.py:188} INFO - [2024-04-21T21:04:16.304+0000] {dagbag.py:540} INFO - Filling up the DagBag from /home/airflow/.local/lib/python3.9/site-packages/airflow/example_dags/example_params_trigger_ui.py
[2024-04-21T21:04:16.332+0000] {processor.py:840} INFO - DAG(s) 'example_params_trigger_ui' retrieved from /home/airflow/.local/lib/python3.9/site-packages/airflow/example_dags/example_params_trigger_ui.py
[2024-04-21T21:04:16.504+0000] {logging_mixin.py:188} INFO - [2024-04-21T21:04:16.494+0000] {dag.py:3047} INFO - Sync 1 DAGs
[2024-04-21T21:04:16.570+0000] {logging_mixin.py:188} INFO - [2024-04-21T21:04:16.564+0000] {dag.py:3834} INFO - Setting next_dagrun for example_params_trigger_ui to None, run_after=None
[2024-04-21T21:04:18.466+0000] {processor.py:183} INFO - Processing /home/airflow/.local/lib/python3.9/site-packages/airflow/example_dags/example_params_trigger_ui.py took 2.173 seconds
[2024-04-21T21:04:48.971+0000] {processor.py:161} INFO - Started process (PID=118) to work on /home/airflow/.local/lib/python3.9/site-packages/airflow/example_dags/example_params_trigger_ui.py
[2024-04-21T21:04:48.973+0000] {processor.py:830} INFO - Processing file /home/airflow/.local/lib/python3.9/site-packages/airflow/example_dags/example_params_trigger_ui.py for tasks to queue
[2024-04-21T21:04:48.976+0000] {logging_mixin.py:188} INFO - [2024-04-21T21:04:48.975+0000] {dagbag.py:540} INFO - Filling up the DagBag from /home/airflow/.local/lib/python3.9/site-packages/airflow/example_dags/example_params_trigger_ui.py
[2024-04-21T21:04:48.998+0000] {processor.py:840} INFO - DAG(s) 'example_params_trigger_ui' retrieved from /home/airflow/.local/lib/python3.9/site-packages/airflow/example_dags/example_params_trigger_ui.py
[2024-04-21T21:04:49.121+0000] {logging_mixin.py:188} INFO - [2024-04-21T21:04:49.121+0000] {dag.py:3047} INFO - Sync 1 DAGs
[2024-04-21T21:04:49.138+0000] {logging_mixin.py:188} INFO - [2024-04-21T21:04:49.137+0000] {dag.py:3834} INFO - Setting next_dagrun for example_params_trigger_ui to None, run_after=None
[2024-04-21T21:04:49.182+0000] {processor.py:183} INFO - Processing /home/airflow/.local/lib/python3.9/site-packages/airflow/example_dags/example_params_trigger_ui.py took 0.217 seconds
[2024-04-21T21:05:19.319+0000] {processor.py:161} INFO - Started process (PID=179) to work on /home/airflow/.local/lib/python3.9/site-packages/airflow/example_dags/example_params_trigger_ui.py
[2024-04-21T21:05:19.321+0000] {processor.py:830} INFO - Processing file /home/airflow/.local/lib/python3.9/site-packages/airflow/example_dags/example_params_trigger_ui.py for tasks to queue
[2024-04-21T21:05:19.324+0000] {logging_mixin.py:188} INFO - [2024-04-21T21:05:19.323+0000] {dagbag.py:540} INFO - Filling up the DagBag from /home/airflow/.local/lib/python3.9/site-packages/airflow/example_dags/example_params_trigger_ui.py
[2024-04-21T21:05:19.343+0000] {processor.py:840} INFO - DAG(s) 'example_params_trigger_ui' retrieved from /home/airflow/.local/lib/python3.9/site-packages/airflow/example_dags/example_params_trigger_ui.py
[2024-04-21T21:05:19.453+0000] {logging_mixin.py:188} INFO - [2024-04-21T21:05:19.453+0000] {dag.py:3047} INFO - Sync 1 DAGs
[2024-04-21T21:05:19.473+0000] {logging_mixin.py:188} INFO - [2024-04-21T21:05:19.472+0000] {dag.py:3834} INFO - Setting next_dagrun for example_params_trigger_ui to None, run_after=None
[2024-04-21T21:05:19.520+0000] {processor.py:183} INFO - Processing /home/airflow/.local/lib/python3.9/site-packages/airflow/example_dags/example_params_trigger_ui.py took 0.205 seconds
[2024-04-21T21:05:49.713+0000] {processor.py:161} INFO - Started process (PID=240) to work on /home/airflow/.local/lib/python3.9/site-packages/airflow/example_dags/example_params_trigger_ui.py
[2024-04-21T21:05:49.714+0000] {processor.py:830} INFO - Processing file /home/airflow/.local/lib/python3.9/site-packages/airflow/example_dags/example_params_trigger_ui.py for tasks to queue
[2024-04-21T21:05:49.716+0000] {logging_mixin.py:188} INFO - [2024-04-21T21:05:49.716+0000] {dagbag.py:540} INFO - Filling up the DagBag from /home/airflow/.local/lib/python3.9/site-packages/airflow/example_dags/example_params_trigger_ui.py
[2024-04-21T21:05:49.729+0000] {processor.py:840} INFO - DAG(s) 'example_params_trigger_ui' retrieved from /home/airflow/.local/lib/python3.9/site-packages/airflow/example_dags/example_params_trigger_ui.py
[2024-04-21T21:05:49.812+0000] {logging_mixin.py:188} INFO - [2024-04-21T21:05:49.812+0000] {dag.py:3047} INFO - Sync 1 DAGs
[2024-04-21T21:05:49.824+0000] {logging_mixin.py:188} INFO - [2024-04-21T21:05:49.824+0000] {dag.py:3834} INFO - Setting next_dagrun for example_params_trigger_ui to None, run_after=None
[2024-04-21T21:05:49.852+0000] {processor.py:183} INFO - Processing /home/airflow/.local/lib/python3.9/site-packages/airflow/example_dags/example_params_trigger_ui.py took 0.142 seconds
