[2024-04-21T19:52:02.948+0000] {processor.py:161} INFO - Started process (PID=64) to work on /home/airflow/.local/lib/python3.9/site-packages/airflow/example_dags/example_local_kubernetes_executor.py
[2024-04-21T19:52:02.950+0000] {processor.py:830} INFO - Processing file /home/airflow/.local/lib/python3.9/site-packages/airflow/example_dags/example_local_kubernetes_executor.py for tasks to queue
[2024-04-21T19:52:02.956+0000] {logging_mixin.py:188} INFO - [2024-04-21T19:52:02.955+0000] {dagbag.py:540} INFO - Filling up the DagBag from /home/airflow/.local/lib/python3.9/site-packages/airflow/example_dags/example_local_kubernetes_executor.py
[2024-04-21T19:52:03.017+0000] {processor.py:840} INFO - DAG(s) 'example_local_kubernetes_executor' retrieved from /home/airflow/.local/lib/python3.9/site-packages/airflow/example_dags/example_local_kubernetes_executor.py
[2024-04-21T19:52:03.666+0000] {logging_mixin.py:188} INFO - [2024-04-21T19:52:03.665+0000] {dag.py:3047} INFO - Sync 1 DAGs
[2024-04-21T19:52:03.713+0000] {logging_mixin.py:188} INFO - [2024-04-21T19:52:03.712+0000] {dag.py:3834} INFO - Setting next_dagrun for example_local_kubernetes_executor to None, run_after=None
[2024-04-21T19:52:03.979+0000] {processor.py:183} INFO - Processing /home/airflow/.local/lib/python3.9/site-packages/airflow/example_dags/example_local_kubernetes_executor.py took 1.064 seconds
[2024-04-21T19:52:34.170+0000] {processor.py:161} INFO - Started process (PID=121) to work on /home/airflow/.local/lib/python3.9/site-packages/airflow/example_dags/example_local_kubernetes_executor.py
[2024-04-21T19:52:34.172+0000] {processor.py:830} INFO - Processing file /home/airflow/.local/lib/python3.9/site-packages/airflow/example_dags/example_local_kubernetes_executor.py for tasks to queue
[2024-04-21T19:52:34.177+0000] {logging_mixin.py:188} INFO - [2024-04-21T19:52:34.176+0000] {dagbag.py:540} INFO - Filling up the DagBag from /home/airflow/.local/lib/python3.9/site-packages/airflow/example_dags/example_local_kubernetes_executor.py
[2024-04-21T19:52:34.194+0000] {processor.py:840} INFO - DAG(s) 'example_local_kubernetes_executor' retrieved from /home/airflow/.local/lib/python3.9/site-packages/airflow/example_dags/example_local_kubernetes_executor.py
[2024-04-21T19:52:34.322+0000] {logging_mixin.py:188} INFO - [2024-04-21T19:52:34.321+0000] {dag.py:3047} INFO - Sync 1 DAGs
[2024-04-21T19:52:34.341+0000] {logging_mixin.py:188} INFO - [2024-04-21T19:52:34.340+0000] {dag.py:3834} INFO - Setting next_dagrun for example_local_kubernetes_executor to None, run_after=None
[2024-04-21T19:52:34.393+0000] {processor.py:183} INFO - Processing /home/airflow/.local/lib/python3.9/site-packages/airflow/example_dags/example_local_kubernetes_executor.py took 0.229 seconds
[2024-04-21T19:53:04.734+0000] {processor.py:161} INFO - Started process (PID=178) to work on /home/airflow/.local/lib/python3.9/site-packages/airflow/example_dags/example_local_kubernetes_executor.py
[2024-04-21T19:53:04.737+0000] {processor.py:830} INFO - Processing file /home/airflow/.local/lib/python3.9/site-packages/airflow/example_dags/example_local_kubernetes_executor.py for tasks to queue
[2024-04-21T19:53:04.741+0000] {logging_mixin.py:188} INFO - [2024-04-21T19:53:04.741+0000] {dagbag.py:540} INFO - Filling up the DagBag from /home/airflow/.local/lib/python3.9/site-packages/airflow/example_dags/example_local_kubernetes_executor.py
[2024-04-21T19:53:04.753+0000] {processor.py:840} INFO - DAG(s) 'example_local_kubernetes_executor' retrieved from /home/airflow/.local/lib/python3.9/site-packages/airflow/example_dags/example_local_kubernetes_executor.py
[2024-04-21T19:53:04.908+0000] {logging_mixin.py:188} INFO - [2024-04-21T19:53:04.907+0000] {dag.py:3047} INFO - Sync 1 DAGs
[2024-04-21T19:53:04.954+0000] {logging_mixin.py:188} INFO - [2024-04-21T19:53:04.953+0000] {dag.py:3834} INFO - Setting next_dagrun for example_local_kubernetes_executor to None, run_after=None
[2024-04-21T19:53:05.015+0000] {processor.py:183} INFO - Processing /home/airflow/.local/lib/python3.9/site-packages/airflow/example_dags/example_local_kubernetes_executor.py took 0.285 seconds
[2024-04-21T19:53:35.560+0000] {processor.py:161} INFO - Started process (PID=237) to work on /home/airflow/.local/lib/python3.9/site-packages/airflow/example_dags/example_local_kubernetes_executor.py
[2024-04-21T19:53:35.563+0000] {processor.py:830} INFO - Processing file /home/airflow/.local/lib/python3.9/site-packages/airflow/example_dags/example_local_kubernetes_executor.py for tasks to queue
[2024-04-21T19:53:35.567+0000] {logging_mixin.py:188} INFO - [2024-04-21T19:53:35.566+0000] {dagbag.py:540} INFO - Filling up the DagBag from /home/airflow/.local/lib/python3.9/site-packages/airflow/example_dags/example_local_kubernetes_executor.py
[2024-04-21T19:53:35.591+0000] {processor.py:840} INFO - DAG(s) 'example_local_kubernetes_executor' retrieved from /home/airflow/.local/lib/python3.9/site-packages/airflow/example_dags/example_local_kubernetes_executor.py
[2024-04-21T19:53:35.735+0000] {logging_mixin.py:188} INFO - [2024-04-21T19:53:35.734+0000] {dag.py:3047} INFO - Sync 1 DAGs
[2024-04-21T19:53:35.759+0000] {logging_mixin.py:188} INFO - [2024-04-21T19:53:35.758+0000] {dag.py:3834} INFO - Setting next_dagrun for example_local_kubernetes_executor to None, run_after=None
[2024-04-21T19:53:35.810+0000] {processor.py:183} INFO - Processing /home/airflow/.local/lib/python3.9/site-packages/airflow/example_dags/example_local_kubernetes_executor.py took 0.256 seconds
[2024-04-21T19:54:35.774+0000] {processor.py:161} INFO - Started process (PID=64) to work on /home/airflow/.local/lib/python3.9/site-packages/airflow/example_dags/example_local_kubernetes_executor.py
[2024-04-21T19:54:35.777+0000] {processor.py:830} INFO - Processing file /home/airflow/.local/lib/python3.9/site-packages/airflow/example_dags/example_local_kubernetes_executor.py for tasks to queue
[2024-04-21T19:54:35.779+0000] {logging_mixin.py:188} INFO - [2024-04-21T19:54:35.779+0000] {dagbag.py:540} INFO - Filling up the DagBag from /home/airflow/.local/lib/python3.9/site-packages/airflow/example_dags/example_local_kubernetes_executor.py
[2024-04-21T19:54:35.791+0000] {processor.py:840} INFO - DAG(s) 'example_local_kubernetes_executor' retrieved from /home/airflow/.local/lib/python3.9/site-packages/airflow/example_dags/example_local_kubernetes_executor.py
[2024-04-21T19:54:35.886+0000] {logging_mixin.py:188} INFO - [2024-04-21T19:54:35.885+0000] {dag.py:3047} INFO - Sync 1 DAGs
[2024-04-21T19:54:35.909+0000] {logging_mixin.py:188} INFO - [2024-04-21T19:54:35.909+0000] {dag.py:3834} INFO - Setting next_dagrun for example_local_kubernetes_executor to None, run_after=None
[2024-04-21T19:54:35.948+0000] {processor.py:183} INFO - Processing /home/airflow/.local/lib/python3.9/site-packages/airflow/example_dags/example_local_kubernetes_executor.py took 0.176 seconds
[2024-04-21T19:55:21.416+0000] {processor.py:161} INFO - Started process (PID=131) to work on /home/airflow/.local/lib/python3.9/site-packages/airflow/example_dags/example_local_kubernetes_executor.py
[2024-04-21T19:55:21.418+0000] {processor.py:830} INFO - Processing file /home/airflow/.local/lib/python3.9/site-packages/airflow/example_dags/example_local_kubernetes_executor.py for tasks to queue
[2024-04-21T19:55:21.423+0000] {logging_mixin.py:188} INFO - [2024-04-21T19:55:21.422+0000] {dagbag.py:540} INFO - Filling up the DagBag from /home/airflow/.local/lib/python3.9/site-packages/airflow/example_dags/example_local_kubernetes_executor.py
[2024-04-21T19:55:21.442+0000] {processor.py:840} INFO - DAG(s) 'example_local_kubernetes_executor' retrieved from /home/airflow/.local/lib/python3.9/site-packages/airflow/example_dags/example_local_kubernetes_executor.py
[2024-04-21T19:55:21.576+0000] {logging_mixin.py:188} INFO - [2024-04-21T19:55:21.575+0000] {dag.py:3047} INFO - Sync 1 DAGs
[2024-04-21T19:55:21.599+0000] {logging_mixin.py:188} INFO - [2024-04-21T19:55:21.599+0000] {dag.py:3834} INFO - Setting next_dagrun for example_local_kubernetes_executor to None, run_after=None
[2024-04-21T19:55:21.654+0000] {processor.py:183} INFO - Processing /home/airflow/.local/lib/python3.9/site-packages/airflow/example_dags/example_local_kubernetes_executor.py took 0.245 seconds
[2024-04-21T19:58:39.105+0000] {processor.py:161} INFO - Started process (PID=205) to work on /home/airflow/.local/lib/python3.9/site-packages/airflow/example_dags/example_local_kubernetes_executor.py
[2024-04-21T19:58:39.106+0000] {processor.py:830} INFO - Processing file /home/airflow/.local/lib/python3.9/site-packages/airflow/example_dags/example_local_kubernetes_executor.py for tasks to queue
[2024-04-21T19:58:39.108+0000] {logging_mixin.py:188} INFO - [2024-04-21T19:58:39.107+0000] {dagbag.py:540} INFO - Filling up the DagBag from /home/airflow/.local/lib/python3.9/site-packages/airflow/example_dags/example_local_kubernetes_executor.py
[2024-04-21T19:58:39.120+0000] {processor.py:840} INFO - DAG(s) 'example_local_kubernetes_executor' retrieved from /home/airflow/.local/lib/python3.9/site-packages/airflow/example_dags/example_local_kubernetes_executor.py
[2024-04-21T19:58:42.218+0000] {logging_mixin.py:188} INFO - [2024-04-21T19:58:42.207+0000] {dag.py:3047} INFO - Sync 1 DAGs
[2024-04-21T19:58:42.279+0000] {logging_mixin.py:188} INFO - [2024-04-21T19:58:42.278+0000] {dag.py:3834} INFO - Setting next_dagrun for example_local_kubernetes_executor to None, run_after=None
[2024-04-21T19:58:45.271+0000] {processor.py:183} INFO - Processing /home/airflow/.local/lib/python3.9/site-packages/airflow/example_dags/example_local_kubernetes_executor.py took 6.170 seconds
[2024-04-21T20:03:12.295+0000] {processor.py:161} INFO - Started process (PID=277) to work on /home/airflow/.local/lib/python3.9/site-packages/airflow/example_dags/example_local_kubernetes_executor.py
[2024-04-21T20:03:12.297+0000] {processor.py:830} INFO - Processing file /home/airflow/.local/lib/python3.9/site-packages/airflow/example_dags/example_local_kubernetes_executor.py for tasks to queue
[2024-04-21T20:03:12.298+0000] {logging_mixin.py:188} INFO - [2024-04-21T20:03:12.298+0000] {dagbag.py:540} INFO - Filling up the DagBag from /home/airflow/.local/lib/python3.9/site-packages/airflow/example_dags/example_local_kubernetes_executor.py
[2024-04-21T20:03:12.307+0000] {processor.py:840} INFO - DAG(s) 'example_local_kubernetes_executor' retrieved from /home/airflow/.local/lib/python3.9/site-packages/airflow/example_dags/example_local_kubernetes_executor.py
[2024-04-21T20:03:12.388+0000] {logging_mixin.py:188} INFO - [2024-04-21T20:03:12.388+0000] {dag.py:3047} INFO - Sync 1 DAGs
[2024-04-21T20:03:12.400+0000] {logging_mixin.py:188} INFO - [2024-04-21T20:03:12.400+0000] {dag.py:3834} INFO - Setting next_dagrun for example_local_kubernetes_executor to None, run_after=None
[2024-04-21T20:03:12.434+0000] {processor.py:183} INFO - Processing /home/airflow/.local/lib/python3.9/site-packages/airflow/example_dags/example_local_kubernetes_executor.py took 0.141 seconds
[2024-04-21T20:04:21.435+0000] {processor.py:161} INFO - Started process (PID=344) to work on /home/airflow/.local/lib/python3.9/site-packages/airflow/example_dags/example_local_kubernetes_executor.py
[2024-04-21T20:04:21.436+0000] {processor.py:830} INFO - Processing file /home/airflow/.local/lib/python3.9/site-packages/airflow/example_dags/example_local_kubernetes_executor.py for tasks to queue
[2024-04-21T20:04:21.438+0000] {logging_mixin.py:188} INFO - [2024-04-21T20:04:21.437+0000] {dagbag.py:540} INFO - Filling up the DagBag from /home/airflow/.local/lib/python3.9/site-packages/airflow/example_dags/example_local_kubernetes_executor.py
[2024-04-21T20:04:21.448+0000] {processor.py:840} INFO - DAG(s) 'example_local_kubernetes_executor' retrieved from /home/airflow/.local/lib/python3.9/site-packages/airflow/example_dags/example_local_kubernetes_executor.py
[2024-04-21T20:04:21.538+0000] {logging_mixin.py:188} INFO - [2024-04-21T20:04:21.537+0000] {dag.py:3047} INFO - Sync 1 DAGs
[2024-04-21T20:04:21.553+0000] {logging_mixin.py:188} INFO - [2024-04-21T20:04:21.552+0000] {dag.py:3834} INFO - Setting next_dagrun for example_local_kubernetes_executor to None, run_after=None
[2024-04-21T20:04:21.590+0000] {processor.py:183} INFO - Processing /home/airflow/.local/lib/python3.9/site-packages/airflow/example_dags/example_local_kubernetes_executor.py took 0.158 seconds
[2024-04-21T20:04:52.064+0000] {processor.py:161} INFO - Started process (PID=401) to work on /home/airflow/.local/lib/python3.9/site-packages/airflow/example_dags/example_local_kubernetes_executor.py
[2024-04-21T20:04:52.066+0000] {processor.py:830} INFO - Processing file /home/airflow/.local/lib/python3.9/site-packages/airflow/example_dags/example_local_kubernetes_executor.py for tasks to queue
[2024-04-21T20:04:52.069+0000] {logging_mixin.py:188} INFO - [2024-04-21T20:04:52.068+0000] {dagbag.py:540} INFO - Filling up the DagBag from /home/airflow/.local/lib/python3.9/site-packages/airflow/example_dags/example_local_kubernetes_executor.py
[2024-04-21T20:04:52.082+0000] {processor.py:840} INFO - DAG(s) 'example_local_kubernetes_executor' retrieved from /home/airflow/.local/lib/python3.9/site-packages/airflow/example_dags/example_local_kubernetes_executor.py
[2024-04-21T20:04:52.234+0000] {logging_mixin.py:188} INFO - [2024-04-21T20:04:52.233+0000] {dag.py:3047} INFO - Sync 1 DAGs
[2024-04-21T20:04:52.264+0000] {logging_mixin.py:188} INFO - [2024-04-21T20:04:52.263+0000] {dag.py:3834} INFO - Setting next_dagrun for example_local_kubernetes_executor to None, run_after=None
[2024-04-21T20:04:52.320+0000] {processor.py:183} INFO - Processing /home/airflow/.local/lib/python3.9/site-packages/airflow/example_dags/example_local_kubernetes_executor.py took 0.261 seconds
[2024-04-21T20:05:22.459+0000] {processor.py:161} INFO - Started process (PID=458) to work on /home/airflow/.local/lib/python3.9/site-packages/airflow/example_dags/example_local_kubernetes_executor.py
[2024-04-21T20:05:22.461+0000] {processor.py:830} INFO - Processing file /home/airflow/.local/lib/python3.9/site-packages/airflow/example_dags/example_local_kubernetes_executor.py for tasks to queue
[2024-04-21T20:05:22.463+0000] {logging_mixin.py:188} INFO - [2024-04-21T20:05:22.462+0000] {dagbag.py:540} INFO - Filling up the DagBag from /home/airflow/.local/lib/python3.9/site-packages/airflow/example_dags/example_local_kubernetes_executor.py
[2024-04-21T20:05:22.475+0000] {processor.py:840} INFO - DAG(s) 'example_local_kubernetes_executor' retrieved from /home/airflow/.local/lib/python3.9/site-packages/airflow/example_dags/example_local_kubernetes_executor.py
[2024-04-21T20:05:22.623+0000] {logging_mixin.py:188} INFO - [2024-04-21T20:05:22.623+0000] {dag.py:3047} INFO - Sync 1 DAGs
[2024-04-21T20:05:22.645+0000] {logging_mixin.py:188} INFO - [2024-04-21T20:05:22.644+0000] {dag.py:3834} INFO - Setting next_dagrun for example_local_kubernetes_executor to None, run_after=None
[2024-04-21T20:05:22.697+0000] {processor.py:183} INFO - Processing /home/airflow/.local/lib/python3.9/site-packages/airflow/example_dags/example_local_kubernetes_executor.py took 0.243 seconds
[2024-04-21T20:05:53.991+0000] {processor.py:161} INFO - Started process (PID=515) to work on /home/airflow/.local/lib/python3.9/site-packages/airflow/example_dags/example_local_kubernetes_executor.py
[2024-04-21T20:05:53.994+0000] {processor.py:830} INFO - Processing file /home/airflow/.local/lib/python3.9/site-packages/airflow/example_dags/example_local_kubernetes_executor.py for tasks to queue
[2024-04-21T20:05:53.995+0000] {logging_mixin.py:188} INFO - [2024-04-21T20:05:53.995+0000] {dagbag.py:540} INFO - Filling up the DagBag from /home/airflow/.local/lib/python3.9/site-packages/airflow/example_dags/example_local_kubernetes_executor.py
[2024-04-21T20:05:54.007+0000] {processor.py:840} INFO - DAG(s) 'example_local_kubernetes_executor' retrieved from /home/airflow/.local/lib/python3.9/site-packages/airflow/example_dags/example_local_kubernetes_executor.py
[2024-04-21T20:05:54.153+0000] {logging_mixin.py:188} INFO - [2024-04-21T20:05:54.152+0000] {dag.py:3047} INFO - Sync 1 DAGs
[2024-04-21T20:05:54.178+0000] {logging_mixin.py:188} INFO - [2024-04-21T20:05:54.178+0000] {dag.py:3834} INFO - Setting next_dagrun for example_local_kubernetes_executor to None, run_after=None
[2024-04-21T20:05:54.247+0000] {processor.py:183} INFO - Processing /home/airflow/.local/lib/python3.9/site-packages/airflow/example_dags/example_local_kubernetes_executor.py took 0.261 seconds
[2024-04-21T20:06:48.723+0000] {processor.py:161} INFO - Started process (PID=578) to work on /home/airflow/.local/lib/python3.9/site-packages/airflow/example_dags/example_local_kubernetes_executor.py
[2024-04-21T20:06:48.724+0000] {processor.py:830} INFO - Processing file /home/airflow/.local/lib/python3.9/site-packages/airflow/example_dags/example_local_kubernetes_executor.py for tasks to queue
[2024-04-21T20:06:48.726+0000] {logging_mixin.py:188} INFO - [2024-04-21T20:06:48.726+0000] {dagbag.py:540} INFO - Filling up the DagBag from /home/airflow/.local/lib/python3.9/site-packages/airflow/example_dags/example_local_kubernetes_executor.py
[2024-04-21T20:06:48.734+0000] {processor.py:840} INFO - DAG(s) 'example_local_kubernetes_executor' retrieved from /home/airflow/.local/lib/python3.9/site-packages/airflow/example_dags/example_local_kubernetes_executor.py
[2024-04-21T20:06:48.831+0000] {logging_mixin.py:188} INFO - [2024-04-21T20:06:48.831+0000] {dag.py:3047} INFO - Sync 1 DAGs
[2024-04-21T20:06:48.843+0000] {logging_mixin.py:188} INFO - [2024-04-21T20:06:48.843+0000] {dag.py:3834} INFO - Setting next_dagrun for example_local_kubernetes_executor to None, run_after=None
[2024-04-21T20:06:48.877+0000] {processor.py:183} INFO - Processing /home/airflow/.local/lib/python3.9/site-packages/airflow/example_dags/example_local_kubernetes_executor.py took 0.157 seconds
[2024-04-21T20:07:19.396+0000] {processor.py:161} INFO - Started process (PID=636) to work on /home/airflow/.local/lib/python3.9/site-packages/airflow/example_dags/example_local_kubernetes_executor.py
[2024-04-21T20:07:19.398+0000] {processor.py:830} INFO - Processing file /home/airflow/.local/lib/python3.9/site-packages/airflow/example_dags/example_local_kubernetes_executor.py for tasks to queue
[2024-04-21T20:07:19.401+0000] {logging_mixin.py:188} INFO - [2024-04-21T20:07:19.400+0000] {dagbag.py:540} INFO - Filling up the DagBag from /home/airflow/.local/lib/python3.9/site-packages/airflow/example_dags/example_local_kubernetes_executor.py
[2024-04-21T20:07:19.419+0000] {processor.py:840} INFO - DAG(s) 'example_local_kubernetes_executor' retrieved from /home/airflow/.local/lib/python3.9/site-packages/airflow/example_dags/example_local_kubernetes_executor.py
[2024-04-21T20:07:19.597+0000] {logging_mixin.py:188} INFO - [2024-04-21T20:07:19.596+0000] {dag.py:3047} INFO - Sync 1 DAGs
[2024-04-21T20:07:19.620+0000] {logging_mixin.py:188} INFO - [2024-04-21T20:07:19.620+0000] {dag.py:3834} INFO - Setting next_dagrun for example_local_kubernetes_executor to None, run_after=None
[2024-04-21T20:07:19.678+0000] {processor.py:183} INFO - Processing /home/airflow/.local/lib/python3.9/site-packages/airflow/example_dags/example_local_kubernetes_executor.py took 0.288 seconds
[2024-04-21T20:07:50.649+0000] {processor.py:161} INFO - Started process (PID=693) to work on /home/airflow/.local/lib/python3.9/site-packages/airflow/example_dags/example_local_kubernetes_executor.py
[2024-04-21T20:07:50.651+0000] {processor.py:830} INFO - Processing file /home/airflow/.local/lib/python3.9/site-packages/airflow/example_dags/example_local_kubernetes_executor.py for tasks to queue
[2024-04-21T20:07:50.653+0000] {logging_mixin.py:188} INFO - [2024-04-21T20:07:50.652+0000] {dagbag.py:540} INFO - Filling up the DagBag from /home/airflow/.local/lib/python3.9/site-packages/airflow/example_dags/example_local_kubernetes_executor.py
[2024-04-21T20:07:50.666+0000] {processor.py:840} INFO - DAG(s) 'example_local_kubernetes_executor' retrieved from /home/airflow/.local/lib/python3.9/site-packages/airflow/example_dags/example_local_kubernetes_executor.py
[2024-04-21T20:07:50.814+0000] {logging_mixin.py:188} INFO - [2024-04-21T20:07:50.813+0000] {dag.py:3047} INFO - Sync 1 DAGs
[2024-04-21T20:07:50.835+0000] {logging_mixin.py:188} INFO - [2024-04-21T20:07:50.834+0000] {dag.py:3834} INFO - Setting next_dagrun for example_local_kubernetes_executor to None, run_after=None
[2024-04-21T20:07:50.884+0000] {processor.py:183} INFO - Processing /home/airflow/.local/lib/python3.9/site-packages/airflow/example_dags/example_local_kubernetes_executor.py took 0.242 seconds
[2024-04-21T20:08:23.045+0000] {processor.py:161} INFO - Started process (PID=749) to work on /home/airflow/.local/lib/python3.9/site-packages/airflow/example_dags/example_local_kubernetes_executor.py
[2024-04-21T20:08:23.046+0000] {processor.py:830} INFO - Processing file /home/airflow/.local/lib/python3.9/site-packages/airflow/example_dags/example_local_kubernetes_executor.py for tasks to queue
[2024-04-21T20:08:23.048+0000] {logging_mixin.py:188} INFO - [2024-04-21T20:08:23.047+0000] {dagbag.py:540} INFO - Filling up the DagBag from /home/airflow/.local/lib/python3.9/site-packages/airflow/example_dags/example_local_kubernetes_executor.py
[2024-04-21T20:08:23.057+0000] {processor.py:840} INFO - DAG(s) 'example_local_kubernetes_executor' retrieved from /home/airflow/.local/lib/python3.9/site-packages/airflow/example_dags/example_local_kubernetes_executor.py
[2024-04-21T20:08:23.135+0000] {logging_mixin.py:188} INFO - [2024-04-21T20:08:23.135+0000] {dag.py:3047} INFO - Sync 1 DAGs
[2024-04-21T20:08:23.150+0000] {logging_mixin.py:188} INFO - [2024-04-21T20:08:23.149+0000] {dag.py:3834} INFO - Setting next_dagrun for example_local_kubernetes_executor to None, run_after=None
[2024-04-21T20:08:23.186+0000] {processor.py:183} INFO - Processing /home/airflow/.local/lib/python3.9/site-packages/airflow/example_dags/example_local_kubernetes_executor.py took 0.145 seconds
[2024-04-21T20:10:05.330+0000] {processor.py:161} INFO - Started process (PID=820) to work on /home/airflow/.local/lib/python3.9/site-packages/airflow/example_dags/example_local_kubernetes_executor.py
[2024-04-21T20:10:05.331+0000] {processor.py:830} INFO - Processing file /home/airflow/.local/lib/python3.9/site-packages/airflow/example_dags/example_local_kubernetes_executor.py for tasks to queue
[2024-04-21T20:10:05.333+0000] {logging_mixin.py:188} INFO - [2024-04-21T20:10:05.333+0000] {dagbag.py:540} INFO - Filling up the DagBag from /home/airflow/.local/lib/python3.9/site-packages/airflow/example_dags/example_local_kubernetes_executor.py
[2024-04-21T20:10:05.340+0000] {processor.py:840} INFO - DAG(s) 'example_local_kubernetes_executor' retrieved from /home/airflow/.local/lib/python3.9/site-packages/airflow/example_dags/example_local_kubernetes_executor.py
[2024-04-21T20:10:05.412+0000] {logging_mixin.py:188} INFO - [2024-04-21T20:10:05.412+0000] {dag.py:3047} INFO - Sync 1 DAGs
[2024-04-21T20:10:05.425+0000] {logging_mixin.py:188} INFO - [2024-04-21T20:10:05.425+0000] {dag.py:3834} INFO - Setting next_dagrun for example_local_kubernetes_executor to None, run_after=None
[2024-04-21T20:10:05.467+0000] {processor.py:183} INFO - Processing /home/airflow/.local/lib/python3.9/site-packages/airflow/example_dags/example_local_kubernetes_executor.py took 0.140 seconds
[2024-04-21T20:10:36.412+0000] {processor.py:161} INFO - Started process (PID=877) to work on /home/airflow/.local/lib/python3.9/site-packages/airflow/example_dags/example_local_kubernetes_executor.py
[2024-04-21T20:10:36.414+0000] {processor.py:830} INFO - Processing file /home/airflow/.local/lib/python3.9/site-packages/airflow/example_dags/example_local_kubernetes_executor.py for tasks to queue
[2024-04-21T20:10:36.415+0000] {logging_mixin.py:188} INFO - [2024-04-21T20:10:36.414+0000] {dagbag.py:540} INFO - Filling up the DagBag from /home/airflow/.local/lib/python3.9/site-packages/airflow/example_dags/example_local_kubernetes_executor.py
[2024-04-21T20:10:36.424+0000] {processor.py:840} INFO - DAG(s) 'example_local_kubernetes_executor' retrieved from /home/airflow/.local/lib/python3.9/site-packages/airflow/example_dags/example_local_kubernetes_executor.py
[2024-04-21T20:10:36.521+0000] {logging_mixin.py:188} INFO - [2024-04-21T20:10:36.521+0000] {dag.py:3047} INFO - Sync 1 DAGs
[2024-04-21T20:10:36.536+0000] {logging_mixin.py:188} INFO - [2024-04-21T20:10:36.535+0000] {dag.py:3834} INFO - Setting next_dagrun for example_local_kubernetes_executor to None, run_after=None
[2024-04-21T20:10:36.576+0000] {processor.py:183} INFO - Processing /home/airflow/.local/lib/python3.9/site-packages/airflow/example_dags/example_local_kubernetes_executor.py took 0.168 seconds
[2024-04-21T20:11:06.975+0000] {processor.py:161} INFO - Started process (PID=936) to work on /home/airflow/.local/lib/python3.9/site-packages/airflow/example_dags/example_local_kubernetes_executor.py
[2024-04-21T20:11:06.976+0000] {processor.py:830} INFO - Processing file /home/airflow/.local/lib/python3.9/site-packages/airflow/example_dags/example_local_kubernetes_executor.py for tasks to queue
[2024-04-21T20:11:06.977+0000] {logging_mixin.py:188} INFO - [2024-04-21T20:11:06.977+0000] {dagbag.py:540} INFO - Filling up the DagBag from /home/airflow/.local/lib/python3.9/site-packages/airflow/example_dags/example_local_kubernetes_executor.py
[2024-04-21T20:11:06.985+0000] {processor.py:840} INFO - DAG(s) 'example_local_kubernetes_executor' retrieved from /home/airflow/.local/lib/python3.9/site-packages/airflow/example_dags/example_local_kubernetes_executor.py
[2024-04-21T20:11:07.058+0000] {logging_mixin.py:188} INFO - [2024-04-21T20:11:07.057+0000] {dag.py:3047} INFO - Sync 1 DAGs
[2024-04-21T20:11:07.072+0000] {logging_mixin.py:188} INFO - [2024-04-21T20:11:07.072+0000] {dag.py:3834} INFO - Setting next_dagrun for example_local_kubernetes_executor to None, run_after=None
[2024-04-21T20:11:07.111+0000] {processor.py:183} INFO - Processing /home/airflow/.local/lib/python3.9/site-packages/airflow/example_dags/example_local_kubernetes_executor.py took 0.139 seconds
[2024-04-21T20:14:22.770+0000] {processor.py:161} INFO - Started process (PID=64) to work on /home/airflow/.local/lib/python3.9/site-packages/airflow/example_dags/example_local_kubernetes_executor.py
[2024-04-21T20:14:22.772+0000] {processor.py:830} INFO - Processing file /home/airflow/.local/lib/python3.9/site-packages/airflow/example_dags/example_local_kubernetes_executor.py for tasks to queue
[2024-04-21T20:14:22.775+0000] {logging_mixin.py:188} INFO - [2024-04-21T20:14:22.775+0000] {dagbag.py:540} INFO - Filling up the DagBag from /home/airflow/.local/lib/python3.9/site-packages/airflow/example_dags/example_local_kubernetes_executor.py
[2024-04-21T20:14:22.811+0000] {processor.py:840} INFO - DAG(s) 'example_local_kubernetes_executor' retrieved from /home/airflow/.local/lib/python3.9/site-packages/airflow/example_dags/example_local_kubernetes_executor.py
[2024-04-21T20:14:23.381+0000] {logging_mixin.py:188} INFO - [2024-04-21T20:14:23.380+0000] {dag.py:3047} INFO - Sync 1 DAGs
[2024-04-21T20:14:23.397+0000] {logging_mixin.py:188} INFO - [2024-04-21T20:14:23.396+0000] {dag.py:3834} INFO - Setting next_dagrun for example_local_kubernetes_executor to None, run_after=None
[2024-04-21T20:14:23.451+0000] {processor.py:183} INFO - Processing /home/airflow/.local/lib/python3.9/site-packages/airflow/example_dags/example_local_kubernetes_executor.py took 0.685 seconds
[2024-04-21T20:14:53.911+0000] {processor.py:161} INFO - Started process (PID=122) to work on /home/airflow/.local/lib/python3.9/site-packages/airflow/example_dags/example_local_kubernetes_executor.py
[2024-04-21T20:14:53.913+0000] {processor.py:830} INFO - Processing file /home/airflow/.local/lib/python3.9/site-packages/airflow/example_dags/example_local_kubernetes_executor.py for tasks to queue
[2024-04-21T20:14:53.916+0000] {logging_mixin.py:188} INFO - [2024-04-21T20:14:53.916+0000] {dagbag.py:540} INFO - Filling up the DagBag from /home/airflow/.local/lib/python3.9/site-packages/airflow/example_dags/example_local_kubernetes_executor.py
[2024-04-21T20:14:53.927+0000] {processor.py:840} INFO - DAG(s) 'example_local_kubernetes_executor' retrieved from /home/airflow/.local/lib/python3.9/site-packages/airflow/example_dags/example_local_kubernetes_executor.py
[2024-04-21T20:14:54.005+0000] {logging_mixin.py:188} INFO - [2024-04-21T20:14:54.004+0000] {dag.py:3047} INFO - Sync 1 DAGs
[2024-04-21T20:14:54.024+0000] {logging_mixin.py:188} INFO - [2024-04-21T20:14:54.023+0000] {dag.py:3834} INFO - Setting next_dagrun for example_local_kubernetes_executor to None, run_after=None
[2024-04-21T20:14:54.061+0000] {processor.py:183} INFO - Processing /home/airflow/.local/lib/python3.9/site-packages/airflow/example_dags/example_local_kubernetes_executor.py took 0.154 seconds
[2024-04-21T20:15:24.211+0000] {processor.py:161} INFO - Started process (PID=179) to work on /home/airflow/.local/lib/python3.9/site-packages/airflow/example_dags/example_local_kubernetes_executor.py
[2024-04-21T20:15:24.213+0000] {processor.py:830} INFO - Processing file /home/airflow/.local/lib/python3.9/site-packages/airflow/example_dags/example_local_kubernetes_executor.py for tasks to queue
[2024-04-21T20:15:24.216+0000] {logging_mixin.py:188} INFO - [2024-04-21T20:15:24.215+0000] {dagbag.py:540} INFO - Filling up the DagBag from /home/airflow/.local/lib/python3.9/site-packages/airflow/example_dags/example_local_kubernetes_executor.py
[2024-04-21T20:15:24.224+0000] {processor.py:840} INFO - DAG(s) 'example_local_kubernetes_executor' retrieved from /home/airflow/.local/lib/python3.9/site-packages/airflow/example_dags/example_local_kubernetes_executor.py
[2024-04-21T20:15:24.306+0000] {logging_mixin.py:188} INFO - [2024-04-21T20:15:24.305+0000] {dag.py:3047} INFO - Sync 1 DAGs
[2024-04-21T20:15:24.320+0000] {logging_mixin.py:188} INFO - [2024-04-21T20:15:24.319+0000] {dag.py:3834} INFO - Setting next_dagrun for example_local_kubernetes_executor to None, run_after=None
[2024-04-21T20:15:24.359+0000] {processor.py:183} INFO - Processing /home/airflow/.local/lib/python3.9/site-packages/airflow/example_dags/example_local_kubernetes_executor.py took 0.152 seconds
[2024-04-21T20:16:17.999+0000] {processor.py:161} INFO - Started process (PID=64) to work on /home/airflow/.local/lib/python3.9/site-packages/airflow/example_dags/example_local_kubernetes_executor.py
[2024-04-21T20:16:18.000+0000] {processor.py:830} INFO - Processing file /home/airflow/.local/lib/python3.9/site-packages/airflow/example_dags/example_local_kubernetes_executor.py for tasks to queue
[2024-04-21T20:16:18.004+0000] {logging_mixin.py:188} INFO - [2024-04-21T20:16:18.003+0000] {dagbag.py:540} INFO - Filling up the DagBag from /home/airflow/.local/lib/python3.9/site-packages/airflow/example_dags/example_local_kubernetes_executor.py
[2024-04-21T20:16:18.016+0000] {processor.py:840} INFO - DAG(s) 'example_local_kubernetes_executor' retrieved from /home/airflow/.local/lib/python3.9/site-packages/airflow/example_dags/example_local_kubernetes_executor.py
[2024-04-21T20:16:18.116+0000] {logging_mixin.py:188} INFO - [2024-04-21T20:16:18.115+0000] {dag.py:3047} INFO - Sync 1 DAGs
[2024-04-21T20:16:18.132+0000] {logging_mixin.py:188} INFO - [2024-04-21T20:16:18.132+0000] {dag.py:3834} INFO - Setting next_dagrun for example_local_kubernetes_executor to None, run_after=None
[2024-04-21T20:16:18.185+0000] {processor.py:183} INFO - Processing /home/airflow/.local/lib/python3.9/site-packages/airflow/example_dags/example_local_kubernetes_executor.py took 0.189 seconds
[2024-04-21T20:16:48.559+0000] {processor.py:161} INFO - Started process (PID=121) to work on /home/airflow/.local/lib/python3.9/site-packages/airflow/example_dags/example_local_kubernetes_executor.py
[2024-04-21T20:16:48.561+0000] {processor.py:830} INFO - Processing file /home/airflow/.local/lib/python3.9/site-packages/airflow/example_dags/example_local_kubernetes_executor.py for tasks to queue
[2024-04-21T20:16:48.563+0000] {logging_mixin.py:188} INFO - [2024-04-21T20:16:48.562+0000] {dagbag.py:540} INFO - Filling up the DagBag from /home/airflow/.local/lib/python3.9/site-packages/airflow/example_dags/example_local_kubernetes_executor.py
[2024-04-21T20:16:48.570+0000] {processor.py:840} INFO - DAG(s) 'example_local_kubernetes_executor' retrieved from /home/airflow/.local/lib/python3.9/site-packages/airflow/example_dags/example_local_kubernetes_executor.py
[2024-04-21T20:16:48.642+0000] {logging_mixin.py:188} INFO - [2024-04-21T20:16:48.642+0000] {dag.py:3047} INFO - Sync 1 DAGs
[2024-04-21T20:16:48.674+0000] {logging_mixin.py:188} INFO - [2024-04-21T20:16:48.673+0000] {dag.py:3834} INFO - Setting next_dagrun for example_local_kubernetes_executor to None, run_after=None
[2024-04-21T20:16:48.729+0000] {processor.py:183} INFO - Processing /home/airflow/.local/lib/python3.9/site-packages/airflow/example_dags/example_local_kubernetes_executor.py took 0.172 seconds
[2024-04-21T20:17:19.307+0000] {processor.py:161} INFO - Started process (PID=178) to work on /home/airflow/.local/lib/python3.9/site-packages/airflow/example_dags/example_local_kubernetes_executor.py
[2024-04-21T20:17:19.308+0000] {processor.py:830} INFO - Processing file /home/airflow/.local/lib/python3.9/site-packages/airflow/example_dags/example_local_kubernetes_executor.py for tasks to queue
[2024-04-21T20:17:19.310+0000] {logging_mixin.py:188} INFO - [2024-04-21T20:17:19.310+0000] {dagbag.py:540} INFO - Filling up the DagBag from /home/airflow/.local/lib/python3.9/site-packages/airflow/example_dags/example_local_kubernetes_executor.py
[2024-04-21T20:17:19.319+0000] {processor.py:840} INFO - DAG(s) 'example_local_kubernetes_executor' retrieved from /home/airflow/.local/lib/python3.9/site-packages/airflow/example_dags/example_local_kubernetes_executor.py
[2024-04-21T20:17:19.392+0000] {logging_mixin.py:188} INFO - [2024-04-21T20:17:19.392+0000] {dag.py:3047} INFO - Sync 1 DAGs
[2024-04-21T20:17:19.405+0000] {logging_mixin.py:188} INFO - [2024-04-21T20:17:19.405+0000] {dag.py:3834} INFO - Setting next_dagrun for example_local_kubernetes_executor to None, run_after=None
[2024-04-21T20:17:19.437+0000] {processor.py:183} INFO - Processing /home/airflow/.local/lib/python3.9/site-packages/airflow/example_dags/example_local_kubernetes_executor.py took 0.134 seconds
[2024-04-21T20:17:49.927+0000] {processor.py:161} INFO - Started process (PID=235) to work on /home/airflow/.local/lib/python3.9/site-packages/airflow/example_dags/example_local_kubernetes_executor.py
[2024-04-21T20:17:49.929+0000] {processor.py:830} INFO - Processing file /home/airflow/.local/lib/python3.9/site-packages/airflow/example_dags/example_local_kubernetes_executor.py for tasks to queue
[2024-04-21T20:17:49.931+0000] {logging_mixin.py:188} INFO - [2024-04-21T20:17:49.931+0000] {dagbag.py:540} INFO - Filling up the DagBag from /home/airflow/.local/lib/python3.9/site-packages/airflow/example_dags/example_local_kubernetes_executor.py
[2024-04-21T20:17:49.939+0000] {processor.py:840} INFO - DAG(s) 'example_local_kubernetes_executor' retrieved from /home/airflow/.local/lib/python3.9/site-packages/airflow/example_dags/example_local_kubernetes_executor.py
[2024-04-21T20:17:50.011+0000] {logging_mixin.py:188} INFO - [2024-04-21T20:17:50.010+0000] {dag.py:3047} INFO - Sync 1 DAGs
[2024-04-21T20:17:50.026+0000] {logging_mixin.py:188} INFO - [2024-04-21T20:17:50.026+0000] {dag.py:3834} INFO - Setting next_dagrun for example_local_kubernetes_executor to None, run_after=None
[2024-04-21T20:17:50.059+0000] {processor.py:183} INFO - Processing /home/airflow/.local/lib/python3.9/site-packages/airflow/example_dags/example_local_kubernetes_executor.py took 0.135 seconds
[2024-04-21T20:18:20.796+0000] {processor.py:161} INFO - Started process (PID=292) to work on /home/airflow/.local/lib/python3.9/site-packages/airflow/example_dags/example_local_kubernetes_executor.py
[2024-04-21T20:18:20.797+0000] {processor.py:830} INFO - Processing file /home/airflow/.local/lib/python3.9/site-packages/airflow/example_dags/example_local_kubernetes_executor.py for tasks to queue
[2024-04-21T20:18:20.801+0000] {logging_mixin.py:188} INFO - [2024-04-21T20:18:20.800+0000] {dagbag.py:540} INFO - Filling up the DagBag from /home/airflow/.local/lib/python3.9/site-packages/airflow/example_dags/example_local_kubernetes_executor.py
[2024-04-21T20:18:20.809+0000] {processor.py:840} INFO - DAG(s) 'example_local_kubernetes_executor' retrieved from /home/airflow/.local/lib/python3.9/site-packages/airflow/example_dags/example_local_kubernetes_executor.py
[2024-04-21T20:18:20.878+0000] {logging_mixin.py:188} INFO - [2024-04-21T20:18:20.877+0000] {dag.py:3047} INFO - Sync 1 DAGs
[2024-04-21T20:18:20.894+0000] {logging_mixin.py:188} INFO - [2024-04-21T20:18:20.894+0000] {dag.py:3834} INFO - Setting next_dagrun for example_local_kubernetes_executor to None, run_after=None
[2024-04-21T20:18:20.933+0000] {processor.py:183} INFO - Processing /home/airflow/.local/lib/python3.9/site-packages/airflow/example_dags/example_local_kubernetes_executor.py took 0.141 seconds
[2024-04-21T20:18:52.553+0000] {processor.py:161} INFO - Started process (PID=349) to work on /home/airflow/.local/lib/python3.9/site-packages/airflow/example_dags/example_local_kubernetes_executor.py
[2024-04-21T20:18:52.554+0000] {processor.py:830} INFO - Processing file /home/airflow/.local/lib/python3.9/site-packages/airflow/example_dags/example_local_kubernetes_executor.py for tasks to queue
[2024-04-21T20:18:52.556+0000] {logging_mixin.py:188} INFO - [2024-04-21T20:18:52.556+0000] {dagbag.py:540} INFO - Filling up the DagBag from /home/airflow/.local/lib/python3.9/site-packages/airflow/example_dags/example_local_kubernetes_executor.py
[2024-04-21T20:18:52.564+0000] {processor.py:840} INFO - DAG(s) 'example_local_kubernetes_executor' retrieved from /home/airflow/.local/lib/python3.9/site-packages/airflow/example_dags/example_local_kubernetes_executor.py
[2024-04-21T20:18:52.637+0000] {logging_mixin.py:188} INFO - [2024-04-21T20:18:52.636+0000] {dag.py:3047} INFO - Sync 1 DAGs
[2024-04-21T20:18:52.654+0000] {logging_mixin.py:188} INFO - [2024-04-21T20:18:52.653+0000] {dag.py:3834} INFO - Setting next_dagrun for example_local_kubernetes_executor to None, run_after=None
[2024-04-21T20:18:52.695+0000] {processor.py:183} INFO - Processing /home/airflow/.local/lib/python3.9/site-packages/airflow/example_dags/example_local_kubernetes_executor.py took 0.145 seconds
[2024-04-21T20:32:54.415+0000] {processor.py:161} INFO - Started process (PID=65) to work on /home/airflow/.local/lib/python3.9/site-packages/airflow/example_dags/example_local_kubernetes_executor.py
[2024-04-21T20:32:54.418+0000] {processor.py:830} INFO - Processing file /home/airflow/.local/lib/python3.9/site-packages/airflow/example_dags/example_local_kubernetes_executor.py for tasks to queue
[2024-04-21T20:32:54.421+0000] {logging_mixin.py:188} INFO - [2024-04-21T20:32:54.420+0000] {dagbag.py:540} INFO - Filling up the DagBag from /home/airflow/.local/lib/python3.9/site-packages/airflow/example_dags/example_local_kubernetes_executor.py
[2024-04-21T20:32:54.432+0000] {processor.py:840} INFO - DAG(s) 'example_local_kubernetes_executor' retrieved from /home/airflow/.local/lib/python3.9/site-packages/airflow/example_dags/example_local_kubernetes_executor.py
[2024-04-21T20:32:54.831+0000] {logging_mixin.py:188} INFO - [2024-04-21T20:32:54.831+0000] {dag.py:3047} INFO - Sync 1 DAGs
[2024-04-21T20:32:54.848+0000] {logging_mixin.py:188} INFO - [2024-04-21T20:32:54.847+0000] {dag.py:3834} INFO - Setting next_dagrun for example_local_kubernetes_executor to None, run_after=None
[2024-04-21T20:32:54.909+0000] {processor.py:183} INFO - Processing /home/airflow/.local/lib/python3.9/site-packages/airflow/example_dags/example_local_kubernetes_executor.py took 0.497 seconds
[2024-04-21T20:33:23.950+0000] {processor.py:161} INFO - Started process (PID=64) to work on /home/airflow/.local/lib/python3.9/site-packages/airflow/example_dags/example_local_kubernetes_executor.py
[2024-04-21T20:33:23.952+0000] {processor.py:830} INFO - Processing file /home/airflow/.local/lib/python3.9/site-packages/airflow/example_dags/example_local_kubernetes_executor.py for tasks to queue
[2024-04-21T20:33:23.954+0000] {logging_mixin.py:188} INFO - [2024-04-21T20:33:23.954+0000] {dagbag.py:540} INFO - Filling up the DagBag from /home/airflow/.local/lib/python3.9/site-packages/airflow/example_dags/example_local_kubernetes_executor.py
[2024-04-21T20:33:23.963+0000] {processor.py:840} INFO - DAG(s) 'example_local_kubernetes_executor' retrieved from /home/airflow/.local/lib/python3.9/site-packages/airflow/example_dags/example_local_kubernetes_executor.py
[2024-04-21T20:33:24.014+0000] {logging_mixin.py:188} INFO - [2024-04-21T20:33:24.013+0000] {dag.py:3047} INFO - Sync 1 DAGs
[2024-04-21T20:33:24.027+0000] {logging_mixin.py:188} INFO - [2024-04-21T20:33:24.027+0000] {dag.py:3834} INFO - Setting next_dagrun for example_local_kubernetes_executor to None, run_after=None
[2024-04-21T20:33:24.060+0000] {processor.py:183} INFO - Processing /home/airflow/.local/lib/python3.9/site-packages/airflow/example_dags/example_local_kubernetes_executor.py took 0.112 seconds
[2024-04-21T20:33:54.688+0000] {processor.py:161} INFO - Started process (PID=121) to work on /home/airflow/.local/lib/python3.9/site-packages/airflow/example_dags/example_local_kubernetes_executor.py
[2024-04-21T20:33:54.689+0000] {processor.py:830} INFO - Processing file /home/airflow/.local/lib/python3.9/site-packages/airflow/example_dags/example_local_kubernetes_executor.py for tasks to queue
[2024-04-21T20:33:54.691+0000] {logging_mixin.py:188} INFO - [2024-04-21T20:33:54.690+0000] {dagbag.py:540} INFO - Filling up the DagBag from /home/airflow/.local/lib/python3.9/site-packages/airflow/example_dags/example_local_kubernetes_executor.py
[2024-04-21T20:33:54.699+0000] {processor.py:840} INFO - DAG(s) 'example_local_kubernetes_executor' retrieved from /home/airflow/.local/lib/python3.9/site-packages/airflow/example_dags/example_local_kubernetes_executor.py
[2024-04-21T20:33:54.780+0000] {logging_mixin.py:188} INFO - [2024-04-21T20:33:54.780+0000] {dag.py:3047} INFO - Sync 1 DAGs
[2024-04-21T20:33:54.798+0000] {logging_mixin.py:188} INFO - [2024-04-21T20:33:54.797+0000] {dag.py:3834} INFO - Setting next_dagrun for example_local_kubernetes_executor to None, run_after=None
[2024-04-21T20:33:54.833+0000] {processor.py:183} INFO - Processing /home/airflow/.local/lib/python3.9/site-packages/airflow/example_dags/example_local_kubernetes_executor.py took 0.149 seconds
[2024-04-21T20:34:31.375+0000] {processor.py:161} INFO - Started process (PID=64) to work on /home/airflow/.local/lib/python3.9/site-packages/airflow/example_dags/example_local_kubernetes_executor.py
[2024-04-21T20:34:31.377+0000] {processor.py:830} INFO - Processing file /home/airflow/.local/lib/python3.9/site-packages/airflow/example_dags/example_local_kubernetes_executor.py for tasks to queue
[2024-04-21T20:34:31.379+0000] {logging_mixin.py:188} INFO - [2024-04-21T20:34:31.379+0000] {dagbag.py:540} INFO - Filling up the DagBag from /home/airflow/.local/lib/python3.9/site-packages/airflow/example_dags/example_local_kubernetes_executor.py
[2024-04-21T20:34:31.390+0000] {processor.py:840} INFO - DAG(s) 'example_local_kubernetes_executor' retrieved from /home/airflow/.local/lib/python3.9/site-packages/airflow/example_dags/example_local_kubernetes_executor.py
[2024-04-21T20:34:31.467+0000] {logging_mixin.py:188} INFO - [2024-04-21T20:34:31.466+0000] {dag.py:3047} INFO - Sync 1 DAGs
[2024-04-21T20:34:31.479+0000] {logging_mixin.py:188} INFO - [2024-04-21T20:34:31.479+0000] {dag.py:3834} INFO - Setting next_dagrun for example_local_kubernetes_executor to None, run_after=None
[2024-04-21T20:34:31.514+0000] {processor.py:183} INFO - Processing /home/airflow/.local/lib/python3.9/site-packages/airflow/example_dags/example_local_kubernetes_executor.py took 0.142 seconds
[2024-04-21T20:35:02.556+0000] {processor.py:161} INFO - Started process (PID=121) to work on /home/airflow/.local/lib/python3.9/site-packages/airflow/example_dags/example_local_kubernetes_executor.py
[2024-04-21T20:35:02.557+0000] {processor.py:830} INFO - Processing file /home/airflow/.local/lib/python3.9/site-packages/airflow/example_dags/example_local_kubernetes_executor.py for tasks to queue
[2024-04-21T20:35:02.559+0000] {logging_mixin.py:188} INFO - [2024-04-21T20:35:02.559+0000] {dagbag.py:540} INFO - Filling up the DagBag from /home/airflow/.local/lib/python3.9/site-packages/airflow/example_dags/example_local_kubernetes_executor.py
[2024-04-21T20:35:02.567+0000] {processor.py:840} INFO - DAG(s) 'example_local_kubernetes_executor' retrieved from /home/airflow/.local/lib/python3.9/site-packages/airflow/example_dags/example_local_kubernetes_executor.py
[2024-04-21T20:35:02.635+0000] {logging_mixin.py:188} INFO - [2024-04-21T20:35:02.635+0000] {dag.py:3047} INFO - Sync 1 DAGs
[2024-04-21T20:35:02.647+0000] {logging_mixin.py:188} INFO - [2024-04-21T20:35:02.647+0000] {dag.py:3834} INFO - Setting next_dagrun for example_local_kubernetes_executor to None, run_after=None
[2024-04-21T20:35:02.681+0000] {processor.py:183} INFO - Processing /home/airflow/.local/lib/python3.9/site-packages/airflow/example_dags/example_local_kubernetes_executor.py took 0.128 seconds
[2024-04-21T20:35:33.327+0000] {processor.py:161} INFO - Started process (PID=178) to work on /home/airflow/.local/lib/python3.9/site-packages/airflow/example_dags/example_local_kubernetes_executor.py
[2024-04-21T20:35:33.329+0000] {processor.py:830} INFO - Processing file /home/airflow/.local/lib/python3.9/site-packages/airflow/example_dags/example_local_kubernetes_executor.py for tasks to queue
[2024-04-21T20:35:33.331+0000] {logging_mixin.py:188} INFO - [2024-04-21T20:35:33.331+0000] {dagbag.py:540} INFO - Filling up the DagBag from /home/airflow/.local/lib/python3.9/site-packages/airflow/example_dags/example_local_kubernetes_executor.py
[2024-04-21T20:35:33.339+0000] {processor.py:840} INFO - DAG(s) 'example_local_kubernetes_executor' retrieved from /home/airflow/.local/lib/python3.9/site-packages/airflow/example_dags/example_local_kubernetes_executor.py
[2024-04-21T20:35:33.413+0000] {logging_mixin.py:188} INFO - [2024-04-21T20:35:33.413+0000] {dag.py:3047} INFO - Sync 1 DAGs
[2024-04-21T20:35:33.426+0000] {logging_mixin.py:188} INFO - [2024-04-21T20:35:33.426+0000] {dag.py:3834} INFO - Setting next_dagrun for example_local_kubernetes_executor to None, run_after=None
[2024-04-21T20:35:33.461+0000] {processor.py:183} INFO - Processing /home/airflow/.local/lib/python3.9/site-packages/airflow/example_dags/example_local_kubernetes_executor.py took 0.137 seconds
[2024-04-21T20:36:04.423+0000] {processor.py:161} INFO - Started process (PID=235) to work on /home/airflow/.local/lib/python3.9/site-packages/airflow/example_dags/example_local_kubernetes_executor.py
[2024-04-21T20:36:04.424+0000] {processor.py:830} INFO - Processing file /home/airflow/.local/lib/python3.9/site-packages/airflow/example_dags/example_local_kubernetes_executor.py for tasks to queue
[2024-04-21T20:36:04.426+0000] {logging_mixin.py:188} INFO - [2024-04-21T20:36:04.426+0000] {dagbag.py:540} INFO - Filling up the DagBag from /home/airflow/.local/lib/python3.9/site-packages/airflow/example_dags/example_local_kubernetes_executor.py
[2024-04-21T20:36:04.435+0000] {processor.py:840} INFO - DAG(s) 'example_local_kubernetes_executor' retrieved from /home/airflow/.local/lib/python3.9/site-packages/airflow/example_dags/example_local_kubernetes_executor.py
[2024-04-21T20:36:04.506+0000] {logging_mixin.py:188} INFO - [2024-04-21T20:36:04.505+0000] {dag.py:3047} INFO - Sync 1 DAGs
[2024-04-21T20:36:04.519+0000] {logging_mixin.py:188} INFO - [2024-04-21T20:36:04.519+0000] {dag.py:3834} INFO - Setting next_dagrun for example_local_kubernetes_executor to None, run_after=None
[2024-04-21T20:36:04.552+0000] {processor.py:183} INFO - Processing /home/airflow/.local/lib/python3.9/site-packages/airflow/example_dags/example_local_kubernetes_executor.py took 0.132 seconds
[2024-04-21T20:36:36.037+0000] {processor.py:161} INFO - Started process (PID=292) to work on /home/airflow/.local/lib/python3.9/site-packages/airflow/example_dags/example_local_kubernetes_executor.py
[2024-04-21T20:36:36.039+0000] {processor.py:830} INFO - Processing file /home/airflow/.local/lib/python3.9/site-packages/airflow/example_dags/example_local_kubernetes_executor.py for tasks to queue
[2024-04-21T20:36:36.042+0000] {logging_mixin.py:188} INFO - [2024-04-21T20:36:36.041+0000] {dagbag.py:540} INFO - Filling up the DagBag from /home/airflow/.local/lib/python3.9/site-packages/airflow/example_dags/example_local_kubernetes_executor.py
[2024-04-21T20:36:36.051+0000] {processor.py:840} INFO - DAG(s) 'example_local_kubernetes_executor' retrieved from /home/airflow/.local/lib/python3.9/site-packages/airflow/example_dags/example_local_kubernetes_executor.py
[2024-04-21T20:36:36.141+0000] {logging_mixin.py:188} INFO - [2024-04-21T20:36:36.141+0000] {dag.py:3047} INFO - Sync 1 DAGs
[2024-04-21T20:36:36.155+0000] {logging_mixin.py:188} INFO - [2024-04-21T20:36:36.154+0000] {dag.py:3834} INFO - Setting next_dagrun for example_local_kubernetes_executor to None, run_after=None
[2024-04-21T20:36:36.193+0000] {processor.py:183} INFO - Processing /home/airflow/.local/lib/python3.9/site-packages/airflow/example_dags/example_local_kubernetes_executor.py took 0.160 seconds
[2024-04-21T20:37:06.777+0000] {processor.py:161} INFO - Started process (PID=349) to work on /home/airflow/.local/lib/python3.9/site-packages/airflow/example_dags/example_local_kubernetes_executor.py
[2024-04-21T20:37:06.778+0000] {processor.py:830} INFO - Processing file /home/airflow/.local/lib/python3.9/site-packages/airflow/example_dags/example_local_kubernetes_executor.py for tasks to queue
[2024-04-21T20:37:06.780+0000] {logging_mixin.py:188} INFO - [2024-04-21T20:37:06.780+0000] {dagbag.py:540} INFO - Filling up the DagBag from /home/airflow/.local/lib/python3.9/site-packages/airflow/example_dags/example_local_kubernetes_executor.py
[2024-04-21T20:37:06.787+0000] {processor.py:840} INFO - DAG(s) 'example_local_kubernetes_executor' retrieved from /home/airflow/.local/lib/python3.9/site-packages/airflow/example_dags/example_local_kubernetes_executor.py
[2024-04-21T20:37:06.855+0000] {logging_mixin.py:188} INFO - [2024-04-21T20:37:06.854+0000] {dag.py:3047} INFO - Sync 1 DAGs
[2024-04-21T20:37:06.869+0000] {logging_mixin.py:188} INFO - [2024-04-21T20:37:06.869+0000] {dag.py:3834} INFO - Setting next_dagrun for example_local_kubernetes_executor to None, run_after=None
[2024-04-21T20:37:06.901+0000] {processor.py:183} INFO - Processing /home/airflow/.local/lib/python3.9/site-packages/airflow/example_dags/example_local_kubernetes_executor.py took 0.127 seconds
[2024-04-21T20:37:37.255+0000] {processor.py:161} INFO - Started process (PID=406) to work on /home/airflow/.local/lib/python3.9/site-packages/airflow/example_dags/example_local_kubernetes_executor.py
[2024-04-21T20:37:37.256+0000] {processor.py:830} INFO - Processing file /home/airflow/.local/lib/python3.9/site-packages/airflow/example_dags/example_local_kubernetes_executor.py for tasks to queue
[2024-04-21T20:37:37.259+0000] {logging_mixin.py:188} INFO - [2024-04-21T20:37:37.258+0000] {dagbag.py:540} INFO - Filling up the DagBag from /home/airflow/.local/lib/python3.9/site-packages/airflow/example_dags/example_local_kubernetes_executor.py
[2024-04-21T20:37:37.267+0000] {processor.py:840} INFO - DAG(s) 'example_local_kubernetes_executor' retrieved from /home/airflow/.local/lib/python3.9/site-packages/airflow/example_dags/example_local_kubernetes_executor.py
[2024-04-21T20:37:37.481+0000] {logging_mixin.py:188} INFO - [2024-04-21T20:37:37.479+0000] {dag.py:3047} INFO - Sync 1 DAGs
[2024-04-21T20:37:37.565+0000] {logging_mixin.py:188} INFO - [2024-04-21T20:37:37.564+0000] {dag.py:3834} INFO - Setting next_dagrun for example_local_kubernetes_executor to None, run_after=None
[2024-04-21T20:37:37.658+0000] {processor.py:183} INFO - Processing /home/airflow/.local/lib/python3.9/site-packages/airflow/example_dags/example_local_kubernetes_executor.py took 0.405 seconds
[2024-04-21T20:38:08.949+0000] {processor.py:161} INFO - Started process (PID=463) to work on /home/airflow/.local/lib/python3.9/site-packages/airflow/example_dags/example_local_kubernetes_executor.py
[2024-04-21T20:38:08.950+0000] {processor.py:830} INFO - Processing file /home/airflow/.local/lib/python3.9/site-packages/airflow/example_dags/example_local_kubernetes_executor.py for tasks to queue
[2024-04-21T20:38:08.952+0000] {logging_mixin.py:188} INFO - [2024-04-21T20:38:08.952+0000] {dagbag.py:540} INFO - Filling up the DagBag from /home/airflow/.local/lib/python3.9/site-packages/airflow/example_dags/example_local_kubernetes_executor.py
[2024-04-21T20:38:08.961+0000] {processor.py:840} INFO - DAG(s) 'example_local_kubernetes_executor' retrieved from /home/airflow/.local/lib/python3.9/site-packages/airflow/example_dags/example_local_kubernetes_executor.py
[2024-04-21T20:38:09.028+0000] {logging_mixin.py:188} INFO - [2024-04-21T20:38:09.027+0000] {dag.py:3047} INFO - Sync 1 DAGs
[2024-04-21T20:38:09.040+0000] {logging_mixin.py:188} INFO - [2024-04-21T20:38:09.040+0000] {dag.py:3834} INFO - Setting next_dagrun for example_local_kubernetes_executor to None, run_after=None
[2024-04-21T20:38:09.073+0000] {processor.py:183} INFO - Processing /home/airflow/.local/lib/python3.9/site-packages/airflow/example_dags/example_local_kubernetes_executor.py took 0.126 seconds
[2024-04-21T20:38:40.911+0000] {processor.py:161} INFO - Started process (PID=520) to work on /home/airflow/.local/lib/python3.9/site-packages/airflow/example_dags/example_local_kubernetes_executor.py
[2024-04-21T20:38:40.912+0000] {processor.py:830} INFO - Processing file /home/airflow/.local/lib/python3.9/site-packages/airflow/example_dags/example_local_kubernetes_executor.py for tasks to queue
[2024-04-21T20:38:40.916+0000] {logging_mixin.py:188} INFO - [2024-04-21T20:38:40.915+0000] {dagbag.py:540} INFO - Filling up the DagBag from /home/airflow/.local/lib/python3.9/site-packages/airflow/example_dags/example_local_kubernetes_executor.py
[2024-04-21T20:38:40.924+0000] {processor.py:840} INFO - DAG(s) 'example_local_kubernetes_executor' retrieved from /home/airflow/.local/lib/python3.9/site-packages/airflow/example_dags/example_local_kubernetes_executor.py
[2024-04-21T20:38:40.997+0000] {logging_mixin.py:188} INFO - [2024-04-21T20:38:40.997+0000] {dag.py:3047} INFO - Sync 1 DAGs
[2024-04-21T20:38:41.010+0000] {logging_mixin.py:188} INFO - [2024-04-21T20:38:41.009+0000] {dag.py:3834} INFO - Setting next_dagrun for example_local_kubernetes_executor to None, run_after=None
[2024-04-21T20:38:41.048+0000] {processor.py:183} INFO - Processing /home/airflow/.local/lib/python3.9/site-packages/airflow/example_dags/example_local_kubernetes_executor.py took 0.140 seconds
[2024-04-21T20:40:42.604+0000] {processor.py:161} INFO - Started process (PID=608) to work on /home/airflow/.local/lib/python3.9/site-packages/airflow/example_dags/example_local_kubernetes_executor.py
[2024-04-21T20:40:42.605+0000] {processor.py:830} INFO - Processing file /home/airflow/.local/lib/python3.9/site-packages/airflow/example_dags/example_local_kubernetes_executor.py for tasks to queue
[2024-04-21T20:40:42.608+0000] {logging_mixin.py:188} INFO - [2024-04-21T20:40:42.607+0000] {dagbag.py:540} INFO - Filling up the DagBag from /home/airflow/.local/lib/python3.9/site-packages/airflow/example_dags/example_local_kubernetes_executor.py
[2024-04-21T20:40:42.616+0000] {processor.py:840} INFO - DAG(s) 'example_local_kubernetes_executor' retrieved from /home/airflow/.local/lib/python3.9/site-packages/airflow/example_dags/example_local_kubernetes_executor.py
[2024-04-21T20:40:42.687+0000] {logging_mixin.py:188} INFO - [2024-04-21T20:40:42.686+0000] {dag.py:3047} INFO - Sync 1 DAGs
[2024-04-21T20:40:42.697+0000] {logging_mixin.py:188} INFO - [2024-04-21T20:40:42.697+0000] {dag.py:3834} INFO - Setting next_dagrun for example_local_kubernetes_executor to None, run_after=None
[2024-04-21T20:40:42.728+0000] {processor.py:183} INFO - Processing /home/airflow/.local/lib/python3.9/site-packages/airflow/example_dags/example_local_kubernetes_executor.py took 0.127 seconds
[2024-04-21T20:41:13.611+0000] {processor.py:161} INFO - Started process (PID=667) to work on /home/airflow/.local/lib/python3.9/site-packages/airflow/example_dags/example_local_kubernetes_executor.py
[2024-04-21T20:41:13.612+0000] {processor.py:830} INFO - Processing file /home/airflow/.local/lib/python3.9/site-packages/airflow/example_dags/example_local_kubernetes_executor.py for tasks to queue
[2024-04-21T20:41:13.615+0000] {logging_mixin.py:188} INFO - [2024-04-21T20:41:13.615+0000] {dagbag.py:540} INFO - Filling up the DagBag from /home/airflow/.local/lib/python3.9/site-packages/airflow/example_dags/example_local_kubernetes_executor.py
[2024-04-21T20:41:13.623+0000] {processor.py:840} INFO - DAG(s) 'example_local_kubernetes_executor' retrieved from /home/airflow/.local/lib/python3.9/site-packages/airflow/example_dags/example_local_kubernetes_executor.py
[2024-04-21T20:41:13.752+0000] {logging_mixin.py:188} INFO - [2024-04-21T20:41:13.752+0000] {dag.py:3047} INFO - Sync 1 DAGs
[2024-04-21T20:41:13.769+0000] {logging_mixin.py:188} INFO - [2024-04-21T20:41:13.768+0000] {dag.py:3834} INFO - Setting next_dagrun for example_local_kubernetes_executor to None, run_after=None
[2024-04-21T20:41:13.890+0000] {processor.py:183} INFO - Processing /home/airflow/.local/lib/python3.9/site-packages/airflow/example_dags/example_local_kubernetes_executor.py took 0.282 seconds
[2024-04-21T20:41:44.136+0000] {processor.py:161} INFO - Started process (PID=724) to work on /home/airflow/.local/lib/python3.9/site-packages/airflow/example_dags/example_local_kubernetes_executor.py
[2024-04-21T20:41:44.137+0000] {processor.py:830} INFO - Processing file /home/airflow/.local/lib/python3.9/site-packages/airflow/example_dags/example_local_kubernetes_executor.py for tasks to queue
[2024-04-21T20:41:44.140+0000] {logging_mixin.py:188} INFO - [2024-04-21T20:41:44.139+0000] {dagbag.py:540} INFO - Filling up the DagBag from /home/airflow/.local/lib/python3.9/site-packages/airflow/example_dags/example_local_kubernetes_executor.py
[2024-04-21T20:41:44.148+0000] {processor.py:840} INFO - DAG(s) 'example_local_kubernetes_executor' retrieved from /home/airflow/.local/lib/python3.9/site-packages/airflow/example_dags/example_local_kubernetes_executor.py
[2024-04-21T20:41:44.219+0000] {logging_mixin.py:188} INFO - [2024-04-21T20:41:44.218+0000] {dag.py:3047} INFO - Sync 1 DAGs
[2024-04-21T20:41:44.232+0000] {logging_mixin.py:188} INFO - [2024-04-21T20:41:44.231+0000] {dag.py:3834} INFO - Setting next_dagrun for example_local_kubernetes_executor to None, run_after=None
[2024-04-21T20:41:44.264+0000] {processor.py:183} INFO - Processing /home/airflow/.local/lib/python3.9/site-packages/airflow/example_dags/example_local_kubernetes_executor.py took 0.131 seconds
[2024-04-21T20:42:37.943+0000] {processor.py:161} INFO - Started process (PID=64) to work on /home/airflow/.local/lib/python3.9/site-packages/airflow/example_dags/example_local_kubernetes_executor.py
[2024-04-21T20:42:37.944+0000] {processor.py:830} INFO - Processing file /home/airflow/.local/lib/python3.9/site-packages/airflow/example_dags/example_local_kubernetes_executor.py for tasks to queue
[2024-04-21T20:42:37.947+0000] {logging_mixin.py:188} INFO - [2024-04-21T20:42:37.946+0000] {dagbag.py:540} INFO - Filling up the DagBag from /home/airflow/.local/lib/python3.9/site-packages/airflow/example_dags/example_local_kubernetes_executor.py
[2024-04-21T20:42:37.961+0000] {processor.py:840} INFO - DAG(s) 'example_local_kubernetes_executor' retrieved from /home/airflow/.local/lib/python3.9/site-packages/airflow/example_dags/example_local_kubernetes_executor.py
[2024-04-21T20:42:38.044+0000] {logging_mixin.py:188} INFO - [2024-04-21T20:42:38.044+0000] {dag.py:3047} INFO - Sync 1 DAGs
[2024-04-21T20:42:38.057+0000] {logging_mixin.py:188} INFO - [2024-04-21T20:42:38.057+0000] {dag.py:3834} INFO - Setting next_dagrun for example_local_kubernetes_executor to None, run_after=None
[2024-04-21T20:42:38.090+0000] {processor.py:183} INFO - Processing /home/airflow/.local/lib/python3.9/site-packages/airflow/example_dags/example_local_kubernetes_executor.py took 0.150 seconds
[2024-04-21T20:43:09.461+0000] {processor.py:161} INFO - Started process (PID=121) to work on /home/airflow/.local/lib/python3.9/site-packages/airflow/example_dags/example_local_kubernetes_executor.py
[2024-04-21T20:43:09.462+0000] {processor.py:830} INFO - Processing file /home/airflow/.local/lib/python3.9/site-packages/airflow/example_dags/example_local_kubernetes_executor.py for tasks to queue
[2024-04-21T20:43:09.464+0000] {logging_mixin.py:188} INFO - [2024-04-21T20:43:09.464+0000] {dagbag.py:540} INFO - Filling up the DagBag from /home/airflow/.local/lib/python3.9/site-packages/airflow/example_dags/example_local_kubernetes_executor.py
[2024-04-21T20:43:09.472+0000] {processor.py:840} INFO - DAG(s) 'example_local_kubernetes_executor' retrieved from /home/airflow/.local/lib/python3.9/site-packages/airflow/example_dags/example_local_kubernetes_executor.py
[2024-04-21T20:43:09.547+0000] {logging_mixin.py:188} INFO - [2024-04-21T20:43:09.546+0000] {dag.py:3047} INFO - Sync 1 DAGs
[2024-04-21T20:43:09.562+0000] {logging_mixin.py:188} INFO - [2024-04-21T20:43:09.561+0000] {dag.py:3834} INFO - Setting next_dagrun for example_local_kubernetes_executor to None, run_after=None
[2024-04-21T20:43:09.597+0000] {processor.py:183} INFO - Processing /home/airflow/.local/lib/python3.9/site-packages/airflow/example_dags/example_local_kubernetes_executor.py took 0.139 seconds
[2024-04-21T20:43:39.695+0000] {processor.py:161} INFO - Started process (PID=178) to work on /home/airflow/.local/lib/python3.9/site-packages/airflow/example_dags/example_local_kubernetes_executor.py
[2024-04-21T20:43:39.697+0000] {processor.py:830} INFO - Processing file /home/airflow/.local/lib/python3.9/site-packages/airflow/example_dags/example_local_kubernetes_executor.py for tasks to queue
[2024-04-21T20:43:39.699+0000] {logging_mixin.py:188} INFO - [2024-04-21T20:43:39.698+0000] {dagbag.py:540} INFO - Filling up the DagBag from /home/airflow/.local/lib/python3.9/site-packages/airflow/example_dags/example_local_kubernetes_executor.py
[2024-04-21T20:43:39.705+0000] {processor.py:840} INFO - DAG(s) 'example_local_kubernetes_executor' retrieved from /home/airflow/.local/lib/python3.9/site-packages/airflow/example_dags/example_local_kubernetes_executor.py
[2024-04-21T20:43:39.776+0000] {logging_mixin.py:188} INFO - [2024-04-21T20:43:39.775+0000] {dag.py:3047} INFO - Sync 1 DAGs
[2024-04-21T20:43:39.789+0000] {logging_mixin.py:188} INFO - [2024-04-21T20:43:39.788+0000] {dag.py:3834} INFO - Setting next_dagrun for example_local_kubernetes_executor to None, run_after=None
[2024-04-21T20:43:39.820+0000] {processor.py:183} INFO - Processing /home/airflow/.local/lib/python3.9/site-packages/airflow/example_dags/example_local_kubernetes_executor.py took 0.127 seconds
[2024-04-21T20:44:11.160+0000] {processor.py:161} INFO - Started process (PID=235) to work on /home/airflow/.local/lib/python3.9/site-packages/airflow/example_dags/example_local_kubernetes_executor.py
[2024-04-21T20:44:11.162+0000] {processor.py:830} INFO - Processing file /home/airflow/.local/lib/python3.9/site-packages/airflow/example_dags/example_local_kubernetes_executor.py for tasks to queue
[2024-04-21T20:44:11.166+0000] {logging_mixin.py:188} INFO - [2024-04-21T20:44:11.165+0000] {dagbag.py:540} INFO - Filling up the DagBag from /home/airflow/.local/lib/python3.9/site-packages/airflow/example_dags/example_local_kubernetes_executor.py
[2024-04-21T20:44:11.177+0000] {processor.py:840} INFO - DAG(s) 'example_local_kubernetes_executor' retrieved from /home/airflow/.local/lib/python3.9/site-packages/airflow/example_dags/example_local_kubernetes_executor.py
[2024-04-21T20:44:11.276+0000] {logging_mixin.py:188} INFO - [2024-04-21T20:44:11.276+0000] {dag.py:3047} INFO - Sync 1 DAGs
[2024-04-21T20:44:11.290+0000] {logging_mixin.py:188} INFO - [2024-04-21T20:44:11.290+0000] {dag.py:3834} INFO - Setting next_dagrun for example_local_kubernetes_executor to None, run_after=None
[2024-04-21T20:44:11.328+0000] {processor.py:183} INFO - Processing /home/airflow/.local/lib/python3.9/site-packages/airflow/example_dags/example_local_kubernetes_executor.py took 0.171 seconds
[2024-04-21T20:44:43.048+0000] {processor.py:161} INFO - Started process (PID=292) to work on /home/airflow/.local/lib/python3.9/site-packages/airflow/example_dags/example_local_kubernetes_executor.py
[2024-04-21T20:44:43.050+0000] {processor.py:830} INFO - Processing file /home/airflow/.local/lib/python3.9/site-packages/airflow/example_dags/example_local_kubernetes_executor.py for tasks to queue
[2024-04-21T20:44:43.052+0000] {logging_mixin.py:188} INFO - [2024-04-21T20:44:43.052+0000] {dagbag.py:540} INFO - Filling up the DagBag from /home/airflow/.local/lib/python3.9/site-packages/airflow/example_dags/example_local_kubernetes_executor.py
[2024-04-21T20:44:43.060+0000] {processor.py:840} INFO - DAG(s) 'example_local_kubernetes_executor' retrieved from /home/airflow/.local/lib/python3.9/site-packages/airflow/example_dags/example_local_kubernetes_executor.py
[2024-04-21T20:44:43.135+0000] {logging_mixin.py:188} INFO - [2024-04-21T20:44:43.135+0000] {dag.py:3047} INFO - Sync 1 DAGs
[2024-04-21T20:44:43.149+0000] {logging_mixin.py:188} INFO - [2024-04-21T20:44:43.149+0000] {dag.py:3834} INFO - Setting next_dagrun for example_local_kubernetes_executor to None, run_after=None
[2024-04-21T20:44:43.182+0000] {processor.py:183} INFO - Processing /home/airflow/.local/lib/python3.9/site-packages/airflow/example_dags/example_local_kubernetes_executor.py took 0.137 seconds
[2024-04-21T20:45:13.723+0000] {processor.py:161} INFO - Started process (PID=349) to work on /home/airflow/.local/lib/python3.9/site-packages/airflow/example_dags/example_local_kubernetes_executor.py
[2024-04-21T20:45:13.724+0000] {processor.py:830} INFO - Processing file /home/airflow/.local/lib/python3.9/site-packages/airflow/example_dags/example_local_kubernetes_executor.py for tasks to queue
[2024-04-21T20:45:13.727+0000] {logging_mixin.py:188} INFO - [2024-04-21T20:45:13.726+0000] {dagbag.py:540} INFO - Filling up the DagBag from /home/airflow/.local/lib/python3.9/site-packages/airflow/example_dags/example_local_kubernetes_executor.py
[2024-04-21T20:45:13.737+0000] {processor.py:840} INFO - DAG(s) 'example_local_kubernetes_executor' retrieved from /home/airflow/.local/lib/python3.9/site-packages/airflow/example_dags/example_local_kubernetes_executor.py
[2024-04-21T20:45:13.811+0000] {logging_mixin.py:188} INFO - [2024-04-21T20:45:13.811+0000] {dag.py:3047} INFO - Sync 1 DAGs
[2024-04-21T20:45:13.826+0000] {logging_mixin.py:188} INFO - [2024-04-21T20:45:13.825+0000] {dag.py:3834} INFO - Setting next_dagrun for example_local_kubernetes_executor to None, run_after=None
[2024-04-21T20:45:13.858+0000] {processor.py:183} INFO - Processing /home/airflow/.local/lib/python3.9/site-packages/airflow/example_dags/example_local_kubernetes_executor.py took 0.138 seconds
[2024-04-21T20:45:44.873+0000] {processor.py:161} INFO - Started process (PID=406) to work on /home/airflow/.local/lib/python3.9/site-packages/airflow/example_dags/example_local_kubernetes_executor.py
[2024-04-21T20:45:44.875+0000] {processor.py:830} INFO - Processing file /home/airflow/.local/lib/python3.9/site-packages/airflow/example_dags/example_local_kubernetes_executor.py for tasks to queue
[2024-04-21T20:45:44.878+0000] {logging_mixin.py:188} INFO - [2024-04-21T20:45:44.877+0000] {dagbag.py:540} INFO - Filling up the DagBag from /home/airflow/.local/lib/python3.9/site-packages/airflow/example_dags/example_local_kubernetes_executor.py
[2024-04-21T20:45:44.887+0000] {processor.py:840} INFO - DAG(s) 'example_local_kubernetes_executor' retrieved from /home/airflow/.local/lib/python3.9/site-packages/airflow/example_dags/example_local_kubernetes_executor.py
[2024-04-21T20:45:45.001+0000] {logging_mixin.py:188} INFO - [2024-04-21T20:45:45.000+0000] {dag.py:3047} INFO - Sync 1 DAGs
[2024-04-21T20:45:45.020+0000] {logging_mixin.py:188} INFO - [2024-04-21T20:45:45.018+0000] {dag.py:3834} INFO - Setting next_dagrun for example_local_kubernetes_executor to None, run_after=None
[2024-04-21T20:45:45.087+0000] {processor.py:183} INFO - Processing /home/airflow/.local/lib/python3.9/site-packages/airflow/example_dags/example_local_kubernetes_executor.py took 0.217 seconds
[2024-04-21T20:46:15.970+0000] {processor.py:161} INFO - Started process (PID=463) to work on /home/airflow/.local/lib/python3.9/site-packages/airflow/example_dags/example_local_kubernetes_executor.py
[2024-04-21T20:46:15.972+0000] {processor.py:830} INFO - Processing file /home/airflow/.local/lib/python3.9/site-packages/airflow/example_dags/example_local_kubernetes_executor.py for tasks to queue
[2024-04-21T20:46:15.974+0000] {logging_mixin.py:188} INFO - [2024-04-21T20:46:15.974+0000] {dagbag.py:540} INFO - Filling up the DagBag from /home/airflow/.local/lib/python3.9/site-packages/airflow/example_dags/example_local_kubernetes_executor.py
[2024-04-21T20:46:15.982+0000] {processor.py:840} INFO - DAG(s) 'example_local_kubernetes_executor' retrieved from /home/airflow/.local/lib/python3.9/site-packages/airflow/example_dags/example_local_kubernetes_executor.py
[2024-04-21T20:46:16.053+0000] {logging_mixin.py:188} INFO - [2024-04-21T20:46:16.052+0000] {dag.py:3047} INFO - Sync 1 DAGs
[2024-04-21T20:46:16.065+0000] {logging_mixin.py:188} INFO - [2024-04-21T20:46:16.065+0000] {dag.py:3834} INFO - Setting next_dagrun for example_local_kubernetes_executor to None, run_after=None
[2024-04-21T20:46:16.098+0000] {processor.py:183} INFO - Processing /home/airflow/.local/lib/python3.9/site-packages/airflow/example_dags/example_local_kubernetes_executor.py took 0.130 seconds
[2024-04-21T20:46:47.045+0000] {processor.py:161} INFO - Started process (PID=520) to work on /home/airflow/.local/lib/python3.9/site-packages/airflow/example_dags/example_local_kubernetes_executor.py
[2024-04-21T20:46:47.047+0000] {processor.py:830} INFO - Processing file /home/airflow/.local/lib/python3.9/site-packages/airflow/example_dags/example_local_kubernetes_executor.py for tasks to queue
[2024-04-21T20:46:47.049+0000] {logging_mixin.py:188} INFO - [2024-04-21T20:46:47.049+0000] {dagbag.py:540} INFO - Filling up the DagBag from /home/airflow/.local/lib/python3.9/site-packages/airflow/example_dags/example_local_kubernetes_executor.py
[2024-04-21T20:46:47.057+0000] {processor.py:840} INFO - DAG(s) 'example_local_kubernetes_executor' retrieved from /home/airflow/.local/lib/python3.9/site-packages/airflow/example_dags/example_local_kubernetes_executor.py
[2024-04-21T20:46:47.123+0000] {logging_mixin.py:188} INFO - [2024-04-21T20:46:47.123+0000] {dag.py:3047} INFO - Sync 1 DAGs
[2024-04-21T20:46:47.135+0000] {logging_mixin.py:188} INFO - [2024-04-21T20:46:47.134+0000] {dag.py:3834} INFO - Setting next_dagrun for example_local_kubernetes_executor to None, run_after=None
[2024-04-21T20:46:47.170+0000] {processor.py:183} INFO - Processing /home/airflow/.local/lib/python3.9/site-packages/airflow/example_dags/example_local_kubernetes_executor.py took 0.128 seconds
[2024-04-21T20:47:17.386+0000] {processor.py:161} INFO - Started process (PID=577) to work on /home/airflow/.local/lib/python3.9/site-packages/airflow/example_dags/example_local_kubernetes_executor.py
[2024-04-21T20:47:17.387+0000] {processor.py:830} INFO - Processing file /home/airflow/.local/lib/python3.9/site-packages/airflow/example_dags/example_local_kubernetes_executor.py for tasks to queue
[2024-04-21T20:47:17.389+0000] {logging_mixin.py:188} INFO - [2024-04-21T20:47:17.389+0000] {dagbag.py:540} INFO - Filling up the DagBag from /home/airflow/.local/lib/python3.9/site-packages/airflow/example_dags/example_local_kubernetes_executor.py
[2024-04-21T20:47:17.396+0000] {processor.py:840} INFO - DAG(s) 'example_local_kubernetes_executor' retrieved from /home/airflow/.local/lib/python3.9/site-packages/airflow/example_dags/example_local_kubernetes_executor.py
[2024-04-21T20:47:17.464+0000] {logging_mixin.py:188} INFO - [2024-04-21T20:47:17.463+0000] {dag.py:3047} INFO - Sync 1 DAGs
[2024-04-21T20:47:17.478+0000] {logging_mixin.py:188} INFO - [2024-04-21T20:47:17.478+0000] {dag.py:3834} INFO - Setting next_dagrun for example_local_kubernetes_executor to None, run_after=None
[2024-04-21T20:47:17.509+0000] {processor.py:183} INFO - Processing /home/airflow/.local/lib/python3.9/site-packages/airflow/example_dags/example_local_kubernetes_executor.py took 0.126 seconds
[2024-04-21T20:47:48.094+0000] {processor.py:161} INFO - Started process (PID=632) to work on /home/airflow/.local/lib/python3.9/site-packages/airflow/example_dags/example_local_kubernetes_executor.py
[2024-04-21T20:47:48.095+0000] {processor.py:830} INFO - Processing file /home/airflow/.local/lib/python3.9/site-packages/airflow/example_dags/example_local_kubernetes_executor.py for tasks to queue
[2024-04-21T20:47:48.097+0000] {logging_mixin.py:188} INFO - [2024-04-21T20:47:48.097+0000] {dagbag.py:540} INFO - Filling up the DagBag from /home/airflow/.local/lib/python3.9/site-packages/airflow/example_dags/example_local_kubernetes_executor.py
[2024-04-21T20:47:48.104+0000] {processor.py:840} INFO - DAG(s) 'example_local_kubernetes_executor' retrieved from /home/airflow/.local/lib/python3.9/site-packages/airflow/example_dags/example_local_kubernetes_executor.py
[2024-04-21T20:47:48.173+0000] {logging_mixin.py:188} INFO - [2024-04-21T20:47:48.172+0000] {dag.py:3047} INFO - Sync 1 DAGs
[2024-04-21T20:47:48.187+0000] {logging_mixin.py:188} INFO - [2024-04-21T20:47:48.187+0000] {dag.py:3834} INFO - Setting next_dagrun for example_local_kubernetes_executor to None, run_after=None
[2024-04-21T20:47:48.222+0000] {processor.py:183} INFO - Processing /home/airflow/.local/lib/python3.9/site-packages/airflow/example_dags/example_local_kubernetes_executor.py took 0.133 seconds
[2024-04-21T21:00:52.240+0000] {processor.py:161} INFO - Started process (PID=64) to work on /home/airflow/.local/lib/python3.9/site-packages/airflow/example_dags/example_local_kubernetes_executor.py
[2024-04-21T21:00:52.255+0000] {processor.py:830} INFO - Processing file /home/airflow/.local/lib/python3.9/site-packages/airflow/example_dags/example_local_kubernetes_executor.py for tasks to queue
[2024-04-21T21:00:52.282+0000] {logging_mixin.py:188} INFO - [2024-04-21T21:00:52.277+0000] {dagbag.py:540} INFO - Filling up the DagBag from /home/airflow/.local/lib/python3.9/site-packages/airflow/example_dags/example_local_kubernetes_executor.py
[2024-04-21T21:00:52.422+0000] {processor.py:840} INFO - DAG(s) 'example_local_kubernetes_executor' retrieved from /home/airflow/.local/lib/python3.9/site-packages/airflow/example_dags/example_local_kubernetes_executor.py
[2024-04-21T21:00:53.244+0000] {logging_mixin.py:188} INFO - [2024-04-21T21:00:53.243+0000] {dag.py:3047} INFO - Sync 1 DAGs
[2024-04-21T21:00:53.297+0000] {logging_mixin.py:188} INFO - [2024-04-21T21:00:53.296+0000] {dag.py:3834} INFO - Setting next_dagrun for example_local_kubernetes_executor to None, run_after=None
[2024-04-21T21:00:53.371+0000] {processor.py:183} INFO - Processing /home/airflow/.local/lib/python3.9/site-packages/airflow/example_dags/example_local_kubernetes_executor.py took 1.173 seconds
[2024-04-21T21:01:23.570+0000] {processor.py:161} INFO - Started process (PID=122) to work on /home/airflow/.local/lib/python3.9/site-packages/airflow/example_dags/example_local_kubernetes_executor.py
[2024-04-21T21:01:23.571+0000] {processor.py:830} INFO - Processing file /home/airflow/.local/lib/python3.9/site-packages/airflow/example_dags/example_local_kubernetes_executor.py for tasks to queue
[2024-04-21T21:01:23.573+0000] {logging_mixin.py:188} INFO - [2024-04-21T21:01:23.573+0000] {dagbag.py:540} INFO - Filling up the DagBag from /home/airflow/.local/lib/python3.9/site-packages/airflow/example_dags/example_local_kubernetes_executor.py
[2024-04-21T21:01:23.581+0000] {processor.py:840} INFO - DAG(s) 'example_local_kubernetes_executor' retrieved from /home/airflow/.local/lib/python3.9/site-packages/airflow/example_dags/example_local_kubernetes_executor.py
[2024-04-21T21:01:23.664+0000] {logging_mixin.py:188} INFO - [2024-04-21T21:01:23.664+0000] {dag.py:3047} INFO - Sync 1 DAGs
[2024-04-21T21:01:23.678+0000] {logging_mixin.py:188} INFO - [2024-04-21T21:01:23.678+0000] {dag.py:3834} INFO - Setting next_dagrun for example_local_kubernetes_executor to None, run_after=None
[2024-04-21T21:01:23.711+0000] {processor.py:183} INFO - Processing /home/airflow/.local/lib/python3.9/site-packages/airflow/example_dags/example_local_kubernetes_executor.py took 0.143 seconds
[2024-04-21T21:04:40.856+0000] {processor.py:161} INFO - Started process (PID=76) to work on /home/airflow/.local/lib/python3.9/site-packages/airflow/example_dags/example_local_kubernetes_executor.py
[2024-04-21T21:04:40.858+0000] {processor.py:830} INFO - Processing file /home/airflow/.local/lib/python3.9/site-packages/airflow/example_dags/example_local_kubernetes_executor.py for tasks to queue
[2024-04-21T21:04:40.862+0000] {logging_mixin.py:188} INFO - [2024-04-21T21:04:40.861+0000] {dagbag.py:540} INFO - Filling up the DagBag from /home/airflow/.local/lib/python3.9/site-packages/airflow/example_dags/example_local_kubernetes_executor.py
[2024-04-21T21:04:40.877+0000] {processor.py:840} INFO - DAG(s) 'example_local_kubernetes_executor' retrieved from /home/airflow/.local/lib/python3.9/site-packages/airflow/example_dags/example_local_kubernetes_executor.py
[2024-04-21T21:04:41.023+0000] {logging_mixin.py:188} INFO - [2024-04-21T21:04:41.022+0000] {dag.py:3047} INFO - Sync 1 DAGs
[2024-04-21T21:04:41.044+0000] {logging_mixin.py:188} INFO - [2024-04-21T21:04:41.044+0000] {dag.py:3834} INFO - Setting next_dagrun for example_local_kubernetes_executor to None, run_after=None
[2024-04-21T21:04:41.098+0000] {processor.py:183} INFO - Processing /home/airflow/.local/lib/python3.9/site-packages/airflow/example_dags/example_local_kubernetes_executor.py took 0.247 seconds
[2024-04-21T21:05:11.802+0000] {processor.py:161} INFO - Started process (PID=133) to work on /home/airflow/.local/lib/python3.9/site-packages/airflow/example_dags/example_local_kubernetes_executor.py
[2024-04-21T21:05:11.804+0000] {processor.py:830} INFO - Processing file /home/airflow/.local/lib/python3.9/site-packages/airflow/example_dags/example_local_kubernetes_executor.py for tasks to queue
[2024-04-21T21:05:11.806+0000] {logging_mixin.py:188} INFO - [2024-04-21T21:05:11.806+0000] {dagbag.py:540} INFO - Filling up the DagBag from /home/airflow/.local/lib/python3.9/site-packages/airflow/example_dags/example_local_kubernetes_executor.py
[2024-04-21T21:05:11.815+0000] {processor.py:840} INFO - DAG(s) 'example_local_kubernetes_executor' retrieved from /home/airflow/.local/lib/python3.9/site-packages/airflow/example_dags/example_local_kubernetes_executor.py
[2024-04-21T21:05:11.889+0000] {logging_mixin.py:188} INFO - [2024-04-21T21:05:11.889+0000] {dag.py:3047} INFO - Sync 1 DAGs
[2024-04-21T21:05:11.904+0000] {logging_mixin.py:188} INFO - [2024-04-21T21:05:11.903+0000] {dag.py:3834} INFO - Setting next_dagrun for example_local_kubernetes_executor to None, run_after=None
[2024-04-21T21:05:11.944+0000] {processor.py:183} INFO - Processing /home/airflow/.local/lib/python3.9/site-packages/airflow/example_dags/example_local_kubernetes_executor.py took 0.145 seconds
[2024-04-21T21:05:42.818+0000] {processor.py:161} INFO - Started process (PID=198) to work on /home/airflow/.local/lib/python3.9/site-packages/airflow/example_dags/example_local_kubernetes_executor.py
[2024-04-21T21:05:42.819+0000] {processor.py:830} INFO - Processing file /home/airflow/.local/lib/python3.9/site-packages/airflow/example_dags/example_local_kubernetes_executor.py for tasks to queue
[2024-04-21T21:05:42.821+0000] {logging_mixin.py:188} INFO - [2024-04-21T21:05:42.821+0000] {dagbag.py:540} INFO - Filling up the DagBag from /home/airflow/.local/lib/python3.9/site-packages/airflow/example_dags/example_local_kubernetes_executor.py
[2024-04-21T21:05:42.830+0000] {processor.py:840} INFO - DAG(s) 'example_local_kubernetes_executor' retrieved from /home/airflow/.local/lib/python3.9/site-packages/airflow/example_dags/example_local_kubernetes_executor.py
[2024-04-21T21:05:42.907+0000] {logging_mixin.py:188} INFO - [2024-04-21T21:05:42.907+0000] {dag.py:3047} INFO - Sync 1 DAGs
[2024-04-21T21:05:42.924+0000] {logging_mixin.py:188} INFO - [2024-04-21T21:05:42.924+0000] {dag.py:3834} INFO - Setting next_dagrun for example_local_kubernetes_executor to None, run_after=None
[2024-04-21T21:05:42.966+0000] {processor.py:183} INFO - Processing /home/airflow/.local/lib/python3.9/site-packages/airflow/example_dags/example_local_kubernetes_executor.py took 0.151 seconds
