[2024-04-21T19:51:57.713+0000] {processor.py:161} INFO - Started process (PID=51) to work on /home/airflow/.local/lib/python3.9/site-packages/airflow/example_dags/example_params_ui_tutorial.py
[2024-04-21T19:51:57.730+0000] {processor.py:830} INFO - Processing file /home/airflow/.local/lib/python3.9/site-packages/airflow/example_dags/example_params_ui_tutorial.py for tasks to queue
[2024-04-21T19:51:57.744+0000] {logging_mixin.py:188} INFO - [2024-04-21T19:51:57.743+0000] {dagbag.py:540} INFO - Filling up the DagBag from /home/airflow/.local/lib/python3.9/site-packages/airflow/example_dags/example_params_ui_tutorial.py
[2024-04-21T19:51:57.773+0000] {processor.py:840} INFO - DAG(s) 'example_params_ui_tutorial' retrieved from /home/airflow/.local/lib/python3.9/site-packages/airflow/example_dags/example_params_ui_tutorial.py
[2024-04-21T19:51:58.292+0000] {logging_mixin.py:188} INFO - [2024-04-21T19:51:58.291+0000] {dag.py:3047} INFO - Sync 1 DAGs
[2024-04-21T19:51:58.330+0000] {logging_mixin.py:188} INFO - [2024-04-21T19:51:58.330+0000] {dag.py:3834} INFO - Setting next_dagrun for example_params_ui_tutorial to None, run_after=None
[2024-04-21T19:51:58.397+0000] {processor.py:183} INFO - Processing /home/airflow/.local/lib/python3.9/site-packages/airflow/example_dags/example_params_ui_tutorial.py took 0.695 seconds
[2024-04-21T19:52:28.635+0000] {processor.py:161} INFO - Started process (PID=108) to work on /home/airflow/.local/lib/python3.9/site-packages/airflow/example_dags/example_params_ui_tutorial.py
[2024-04-21T19:52:28.638+0000] {processor.py:830} INFO - Processing file /home/airflow/.local/lib/python3.9/site-packages/airflow/example_dags/example_params_ui_tutorial.py for tasks to queue
[2024-04-21T19:52:28.642+0000] {logging_mixin.py:188} INFO - [2024-04-21T19:52:28.642+0000] {dagbag.py:540} INFO - Filling up the DagBag from /home/airflow/.local/lib/python3.9/site-packages/airflow/example_dags/example_params_ui_tutorial.py
[2024-04-21T19:52:28.672+0000] {processor.py:840} INFO - DAG(s) 'example_params_ui_tutorial' retrieved from /home/airflow/.local/lib/python3.9/site-packages/airflow/example_dags/example_params_ui_tutorial.py
[2024-04-21T19:52:28.868+0000] {logging_mixin.py:188} INFO - [2024-04-21T19:52:28.868+0000] {dag.py:3047} INFO - Sync 1 DAGs
[2024-04-21T19:52:28.894+0000] {logging_mixin.py:188} INFO - [2024-04-21T19:52:28.894+0000] {dag.py:3834} INFO - Setting next_dagrun for example_params_ui_tutorial to None, run_after=None
[2024-04-21T19:52:28.947+0000] {processor.py:183} INFO - Processing /home/airflow/.local/lib/python3.9/site-packages/airflow/example_dags/example_params_ui_tutorial.py took 0.317 seconds
[2024-04-21T19:53:00.180+0000] {processor.py:161} INFO - Started process (PID=165) to work on /home/airflow/.local/lib/python3.9/site-packages/airflow/example_dags/example_params_ui_tutorial.py
[2024-04-21T19:53:00.182+0000] {processor.py:830} INFO - Processing file /home/airflow/.local/lib/python3.9/site-packages/airflow/example_dags/example_params_ui_tutorial.py for tasks to queue
[2024-04-21T19:53:00.185+0000] {logging_mixin.py:188} INFO - [2024-04-21T19:53:00.185+0000] {dagbag.py:540} INFO - Filling up the DagBag from /home/airflow/.local/lib/python3.9/site-packages/airflow/example_dags/example_params_ui_tutorial.py
[2024-04-21T19:53:00.207+0000] {processor.py:840} INFO - DAG(s) 'example_params_ui_tutorial' retrieved from /home/airflow/.local/lib/python3.9/site-packages/airflow/example_dags/example_params_ui_tutorial.py
[2024-04-21T19:53:00.419+0000] {logging_mixin.py:188} INFO - [2024-04-21T19:53:00.419+0000] {dag.py:3047} INFO - Sync 1 DAGs
[2024-04-21T19:53:00.443+0000] {logging_mixin.py:188} INFO - [2024-04-21T19:53:00.443+0000] {dag.py:3834} INFO - Setting next_dagrun for example_params_ui_tutorial to None, run_after=None
[2024-04-21T19:53:00.505+0000] {processor.py:183} INFO - Processing /home/airflow/.local/lib/python3.9/site-packages/airflow/example_dags/example_params_ui_tutorial.py took 0.330 seconds
[2024-04-21T19:53:31.373+0000] {processor.py:161} INFO - Started process (PID=222) to work on /home/airflow/.local/lib/python3.9/site-packages/airflow/example_dags/example_params_ui_tutorial.py
[2024-04-21T19:53:31.375+0000] {processor.py:830} INFO - Processing file /home/airflow/.local/lib/python3.9/site-packages/airflow/example_dags/example_params_ui_tutorial.py for tasks to queue
[2024-04-21T19:53:31.379+0000] {logging_mixin.py:188} INFO - [2024-04-21T19:53:31.378+0000] {dagbag.py:540} INFO - Filling up the DagBag from /home/airflow/.local/lib/python3.9/site-packages/airflow/example_dags/example_params_ui_tutorial.py
[2024-04-21T19:53:31.399+0000] {processor.py:840} INFO - DAG(s) 'example_params_ui_tutorial' retrieved from /home/airflow/.local/lib/python3.9/site-packages/airflow/example_dags/example_params_ui_tutorial.py
[2024-04-21T19:53:31.584+0000] {logging_mixin.py:188} INFO - [2024-04-21T19:53:31.584+0000] {dag.py:3047} INFO - Sync 1 DAGs
[2024-04-21T19:53:31.607+0000] {logging_mixin.py:188} INFO - [2024-04-21T19:53:31.607+0000] {dag.py:3834} INFO - Setting next_dagrun for example_params_ui_tutorial to None, run_after=None
[2024-04-21T19:53:31.665+0000] {processor.py:183} INFO - Processing /home/airflow/.local/lib/python3.9/site-packages/airflow/example_dags/example_params_ui_tutorial.py took 0.297 seconds
[2024-04-21T19:54:34.555+0000] {processor.py:161} INFO - Started process (PID=51) to work on /home/airflow/.local/lib/python3.9/site-packages/airflow/example_dags/example_params_ui_tutorial.py
[2024-04-21T19:54:34.556+0000] {processor.py:830} INFO - Processing file /home/airflow/.local/lib/python3.9/site-packages/airflow/example_dags/example_params_ui_tutorial.py for tasks to queue
[2024-04-21T19:54:34.559+0000] {logging_mixin.py:188} INFO - [2024-04-21T19:54:34.558+0000] {dagbag.py:540} INFO - Filling up the DagBag from /home/airflow/.local/lib/python3.9/site-packages/airflow/example_dags/example_params_ui_tutorial.py
[2024-04-21T19:54:34.574+0000] {processor.py:840} INFO - DAG(s) 'example_params_ui_tutorial' retrieved from /home/airflow/.local/lib/python3.9/site-packages/airflow/example_dags/example_params_ui_tutorial.py
[2024-04-21T19:54:34.674+0000] {logging_mixin.py:188} INFO - [2024-04-21T19:54:34.674+0000] {dag.py:3047} INFO - Sync 1 DAGs
[2024-04-21T19:54:34.688+0000] {logging_mixin.py:188} INFO - [2024-04-21T19:54:34.688+0000] {dag.py:3834} INFO - Setting next_dagrun for example_params_ui_tutorial to None, run_after=None
[2024-04-21T19:54:34.726+0000] {processor.py:183} INFO - Processing /home/airflow/.local/lib/python3.9/site-packages/airflow/example_dags/example_params_ui_tutorial.py took 0.174 seconds
[2024-04-21T19:55:19.943+0000] {processor.py:161} INFO - Started process (PID=118) to work on /home/airflow/.local/lib/python3.9/site-packages/airflow/example_dags/example_params_ui_tutorial.py
[2024-04-21T19:55:19.944+0000] {processor.py:830} INFO - Processing file /home/airflow/.local/lib/python3.9/site-packages/airflow/example_dags/example_params_ui_tutorial.py for tasks to queue
[2024-04-21T19:55:19.947+0000] {logging_mixin.py:188} INFO - [2024-04-21T19:55:19.946+0000] {dagbag.py:540} INFO - Filling up the DagBag from /home/airflow/.local/lib/python3.9/site-packages/airflow/example_dags/example_params_ui_tutorial.py
[2024-04-21T19:55:19.959+0000] {processor.py:840} INFO - DAG(s) 'example_params_ui_tutorial' retrieved from /home/airflow/.local/lib/python3.9/site-packages/airflow/example_dags/example_params_ui_tutorial.py
[2024-04-21T19:55:20.066+0000] {logging_mixin.py:188} INFO - [2024-04-21T19:55:20.065+0000] {dag.py:3047} INFO - Sync 1 DAGs
[2024-04-21T19:55:20.084+0000] {logging_mixin.py:188} INFO - [2024-04-21T19:55:20.084+0000] {dag.py:3834} INFO - Setting next_dagrun for example_params_ui_tutorial to None, run_after=None
[2024-04-21T19:55:20.131+0000] {processor.py:183} INFO - Processing /home/airflow/.local/lib/python3.9/site-packages/airflow/example_dags/example_params_ui_tutorial.py took 0.191 seconds
[2024-04-21T19:57:34.445+0000] {processor.py:161} INFO - Started process (PID=192) to work on /home/airflow/.local/lib/python3.9/site-packages/airflow/example_dags/example_params_ui_tutorial.py
[2024-04-21T19:57:34.447+0000] {processor.py:830} INFO - Processing file /home/airflow/.local/lib/python3.9/site-packages/airflow/example_dags/example_params_ui_tutorial.py for tasks to queue
[2024-04-21T19:57:34.452+0000] {logging_mixin.py:188} INFO - [2024-04-21T19:57:34.449+0000] {dagbag.py:540} INFO - Filling up the DagBag from /home/airflow/.local/lib/python3.9/site-packages/airflow/example_dags/example_params_ui_tutorial.py
[2024-04-21T19:57:34.470+0000] {processor.py:840} INFO - DAG(s) 'example_params_ui_tutorial' retrieved from /home/airflow/.local/lib/python3.9/site-packages/airflow/example_dags/example_params_ui_tutorial.py
[2024-04-21T19:57:34.795+0000] {logging_mixin.py:188} INFO - [2024-04-21T19:57:34.794+0000] {dag.py:3047} INFO - Sync 1 DAGs
[2024-04-21T19:57:34.817+0000] {logging_mixin.py:188} INFO - [2024-04-21T19:57:34.817+0000] {dag.py:3834} INFO - Setting next_dagrun for example_params_ui_tutorial to None, run_after=None
[2024-04-21T19:57:34.898+0000] {processor.py:183} INFO - Processing /home/airflow/.local/lib/python3.9/site-packages/airflow/example_dags/example_params_ui_tutorial.py took 0.458 seconds
[2024-04-21T20:03:10.882+0000] {processor.py:161} INFO - Started process (PID=264) to work on /home/airflow/.local/lib/python3.9/site-packages/airflow/example_dags/example_params_ui_tutorial.py
[2024-04-21T20:03:10.883+0000] {processor.py:830} INFO - Processing file /home/airflow/.local/lib/python3.9/site-packages/airflow/example_dags/example_params_ui_tutorial.py for tasks to queue
[2024-04-21T20:03:10.884+0000] {logging_mixin.py:188} INFO - [2024-04-21T20:03:10.884+0000] {dagbag.py:540} INFO - Filling up the DagBag from /home/airflow/.local/lib/python3.9/site-packages/airflow/example_dags/example_params_ui_tutorial.py
[2024-04-21T20:03:10.895+0000] {processor.py:840} INFO - DAG(s) 'example_params_ui_tutorial' retrieved from /home/airflow/.local/lib/python3.9/site-packages/airflow/example_dags/example_params_ui_tutorial.py
[2024-04-21T20:03:11.024+0000] {logging_mixin.py:188} INFO - [2024-04-21T20:03:11.023+0000] {dag.py:3047} INFO - Sync 1 DAGs
[2024-04-21T20:03:11.037+0000] {logging_mixin.py:188} INFO - [2024-04-21T20:03:11.036+0000] {dag.py:3834} INFO - Setting next_dagrun for example_params_ui_tutorial to None, run_after=None
[2024-04-21T20:03:11.081+0000] {processor.py:183} INFO - Processing /home/airflow/.local/lib/python3.9/site-packages/airflow/example_dags/example_params_ui_tutorial.py took 0.202 seconds
[2024-04-21T20:04:19.176+0000] {processor.py:161} INFO - Started process (PID=328) to work on /home/airflow/.local/lib/python3.9/site-packages/airflow/example_dags/example_params_ui_tutorial.py
[2024-04-21T20:04:19.177+0000] {processor.py:830} INFO - Processing file /home/airflow/.local/lib/python3.9/site-packages/airflow/example_dags/example_params_ui_tutorial.py for tasks to queue
[2024-04-21T20:04:19.179+0000] {logging_mixin.py:188} INFO - [2024-04-21T20:04:19.178+0000] {dagbag.py:540} INFO - Filling up the DagBag from /home/airflow/.local/lib/python3.9/site-packages/airflow/example_dags/example_params_ui_tutorial.py
[2024-04-21T20:04:19.191+0000] {processor.py:840} INFO - DAG(s) 'example_params_ui_tutorial' retrieved from /home/airflow/.local/lib/python3.9/site-packages/airflow/example_dags/example_params_ui_tutorial.py
[2024-04-21T20:04:19.309+0000] {logging_mixin.py:188} INFO - [2024-04-21T20:04:19.308+0000] {dag.py:3047} INFO - Sync 1 DAGs
[2024-04-21T20:04:19.323+0000] {logging_mixin.py:188} INFO - [2024-04-21T20:04:19.323+0000] {dag.py:3834} INFO - Setting next_dagrun for example_params_ui_tutorial to None, run_after=None
[2024-04-21T20:04:19.361+0000] {processor.py:183} INFO - Processing /home/airflow/.local/lib/python3.9/site-packages/airflow/example_dags/example_params_ui_tutorial.py took 0.188 seconds
[2024-04-21T20:04:49.673+0000] {processor.py:161} INFO - Started process (PID=387) to work on /home/airflow/.local/lib/python3.9/site-packages/airflow/example_dags/example_params_ui_tutorial.py
[2024-04-21T20:04:49.676+0000] {processor.py:830} INFO - Processing file /home/airflow/.local/lib/python3.9/site-packages/airflow/example_dags/example_params_ui_tutorial.py for tasks to queue
[2024-04-21T20:04:49.678+0000] {logging_mixin.py:188} INFO - [2024-04-21T20:04:49.677+0000] {dagbag.py:540} INFO - Filling up the DagBag from /home/airflow/.local/lib/python3.9/site-packages/airflow/example_dags/example_params_ui_tutorial.py
[2024-04-21T20:04:49.699+0000] {processor.py:840} INFO - DAG(s) 'example_params_ui_tutorial' retrieved from /home/airflow/.local/lib/python3.9/site-packages/airflow/example_dags/example_params_ui_tutorial.py
[2024-04-21T20:04:49.911+0000] {logging_mixin.py:188} INFO - [2024-04-21T20:04:49.910+0000] {dag.py:3047} INFO - Sync 1 DAGs
[2024-04-21T20:04:49.937+0000] {logging_mixin.py:188} INFO - [2024-04-21T20:04:49.936+0000] {dag.py:3834} INFO - Setting next_dagrun for example_params_ui_tutorial to None, run_after=None
[2024-04-21T20:04:49.994+0000] {processor.py:183} INFO - Processing /home/airflow/.local/lib/python3.9/site-packages/airflow/example_dags/example_params_ui_tutorial.py took 0.328 seconds
[2024-04-21T20:05:20.351+0000] {processor.py:161} INFO - Started process (PID=444) to work on /home/airflow/.local/lib/python3.9/site-packages/airflow/example_dags/example_params_ui_tutorial.py
[2024-04-21T20:05:20.353+0000] {processor.py:830} INFO - Processing file /home/airflow/.local/lib/python3.9/site-packages/airflow/example_dags/example_params_ui_tutorial.py for tasks to queue
[2024-04-21T20:05:20.354+0000] {logging_mixin.py:188} INFO - [2024-04-21T20:05:20.354+0000] {dagbag.py:540} INFO - Filling up the DagBag from /home/airflow/.local/lib/python3.9/site-packages/airflow/example_dags/example_params_ui_tutorial.py
[2024-04-21T20:05:20.372+0000] {processor.py:840} INFO - DAG(s) 'example_params_ui_tutorial' retrieved from /home/airflow/.local/lib/python3.9/site-packages/airflow/example_dags/example_params_ui_tutorial.py
[2024-04-21T20:05:20.547+0000] {logging_mixin.py:188} INFO - [2024-04-21T20:05:20.547+0000] {dag.py:3047} INFO - Sync 1 DAGs
[2024-04-21T20:05:20.565+0000] {logging_mixin.py:188} INFO - [2024-04-21T20:05:20.565+0000] {dag.py:3834} INFO - Setting next_dagrun for example_params_ui_tutorial to None, run_after=None
[2024-04-21T20:05:20.616+0000] {processor.py:183} INFO - Processing /home/airflow/.local/lib/python3.9/site-packages/airflow/example_dags/example_params_ui_tutorial.py took 0.271 seconds
[2024-04-21T20:05:51.241+0000] {processor.py:161} INFO - Started process (PID=501) to work on /home/airflow/.local/lib/python3.9/site-packages/airflow/example_dags/example_params_ui_tutorial.py
[2024-04-21T20:05:51.243+0000] {processor.py:830} INFO - Processing file /home/airflow/.local/lib/python3.9/site-packages/airflow/example_dags/example_params_ui_tutorial.py for tasks to queue
[2024-04-21T20:05:51.245+0000] {logging_mixin.py:188} INFO - [2024-04-21T20:05:51.244+0000] {dagbag.py:540} INFO - Filling up the DagBag from /home/airflow/.local/lib/python3.9/site-packages/airflow/example_dags/example_params_ui_tutorial.py
[2024-04-21T20:05:51.268+0000] {processor.py:840} INFO - DAG(s) 'example_params_ui_tutorial' retrieved from /home/airflow/.local/lib/python3.9/site-packages/airflow/example_dags/example_params_ui_tutorial.py
[2024-04-21T20:05:51.450+0000] {logging_mixin.py:188} INFO - [2024-04-21T20:05:51.449+0000] {dag.py:3047} INFO - Sync 1 DAGs
[2024-04-21T20:05:51.468+0000] {logging_mixin.py:188} INFO - [2024-04-21T20:05:51.467+0000] {dag.py:3834} INFO - Setting next_dagrun for example_params_ui_tutorial to None, run_after=None
[2024-04-21T20:05:51.516+0000] {processor.py:183} INFO - Processing /home/airflow/.local/lib/python3.9/site-packages/airflow/example_dags/example_params_ui_tutorial.py took 0.282 seconds
[2024-04-21T20:06:45.659+0000] {processor.py:161} INFO - Started process (PID=565) to work on /home/airflow/.local/lib/python3.9/site-packages/airflow/example_dags/example_params_ui_tutorial.py
[2024-04-21T20:06:45.660+0000] {processor.py:830} INFO - Processing file /home/airflow/.local/lib/python3.9/site-packages/airflow/example_dags/example_params_ui_tutorial.py for tasks to queue
[2024-04-21T20:06:45.662+0000] {logging_mixin.py:188} INFO - [2024-04-21T20:06:45.661+0000] {dagbag.py:540} INFO - Filling up the DagBag from /home/airflow/.local/lib/python3.9/site-packages/airflow/example_dags/example_params_ui_tutorial.py
[2024-04-21T20:06:45.675+0000] {processor.py:840} INFO - DAG(s) 'example_params_ui_tutorial' retrieved from /home/airflow/.local/lib/python3.9/site-packages/airflow/example_dags/example_params_ui_tutorial.py
[2024-04-21T20:06:45.783+0000] {logging_mixin.py:188} INFO - [2024-04-21T20:06:45.783+0000] {dag.py:3047} INFO - Sync 1 DAGs
[2024-04-21T20:06:45.801+0000] {logging_mixin.py:188} INFO - [2024-04-21T20:06:45.801+0000] {dag.py:3834} INFO - Setting next_dagrun for example_params_ui_tutorial to None, run_after=None
[2024-04-21T20:06:45.845+0000] {processor.py:183} INFO - Processing /home/airflow/.local/lib/python3.9/site-packages/airflow/example_dags/example_params_ui_tutorial.py took 0.190 seconds
[2024-04-21T20:07:17.370+0000] {processor.py:161} INFO - Started process (PID=623) to work on /home/airflow/.local/lib/python3.9/site-packages/airflow/example_dags/example_params_ui_tutorial.py
[2024-04-21T20:07:17.372+0000] {processor.py:830} INFO - Processing file /home/airflow/.local/lib/python3.9/site-packages/airflow/example_dags/example_params_ui_tutorial.py for tasks to queue
[2024-04-21T20:07:17.374+0000] {logging_mixin.py:188} INFO - [2024-04-21T20:07:17.374+0000] {dagbag.py:540} INFO - Filling up the DagBag from /home/airflow/.local/lib/python3.9/site-packages/airflow/example_dags/example_params_ui_tutorial.py
[2024-04-21T20:07:17.396+0000] {processor.py:840} INFO - DAG(s) 'example_params_ui_tutorial' retrieved from /home/airflow/.local/lib/python3.9/site-packages/airflow/example_dags/example_params_ui_tutorial.py
[2024-04-21T20:07:17.587+0000] {logging_mixin.py:188} INFO - [2024-04-21T20:07:17.586+0000] {dag.py:3047} INFO - Sync 1 DAGs
[2024-04-21T20:07:17.608+0000] {logging_mixin.py:188} INFO - [2024-04-21T20:07:17.607+0000] {dag.py:3834} INFO - Setting next_dagrun for example_params_ui_tutorial to None, run_after=None
[2024-04-21T20:07:17.664+0000] {processor.py:183} INFO - Processing /home/airflow/.local/lib/python3.9/site-packages/airflow/example_dags/example_params_ui_tutorial.py took 0.299 seconds
[2024-04-21T20:07:48.271+0000] {processor.py:161} INFO - Started process (PID=680) to work on /home/airflow/.local/lib/python3.9/site-packages/airflow/example_dags/example_params_ui_tutorial.py
[2024-04-21T20:07:48.273+0000] {processor.py:830} INFO - Processing file /home/airflow/.local/lib/python3.9/site-packages/airflow/example_dags/example_params_ui_tutorial.py for tasks to queue
[2024-04-21T20:07:48.276+0000] {logging_mixin.py:188} INFO - [2024-04-21T20:07:48.275+0000] {dagbag.py:540} INFO - Filling up the DagBag from /home/airflow/.local/lib/python3.9/site-packages/airflow/example_dags/example_params_ui_tutorial.py
[2024-04-21T20:07:48.296+0000] {processor.py:840} INFO - DAG(s) 'example_params_ui_tutorial' retrieved from /home/airflow/.local/lib/python3.9/site-packages/airflow/example_dags/example_params_ui_tutorial.py
[2024-04-21T20:07:48.475+0000] {logging_mixin.py:188} INFO - [2024-04-21T20:07:48.474+0000] {dag.py:3047} INFO - Sync 1 DAGs
[2024-04-21T20:07:48.495+0000] {logging_mixin.py:188} INFO - [2024-04-21T20:07:48.494+0000] {dag.py:3834} INFO - Setting next_dagrun for example_params_ui_tutorial to None, run_after=None
[2024-04-21T20:07:48.552+0000] {processor.py:183} INFO - Processing /home/airflow/.local/lib/python3.9/site-packages/airflow/example_dags/example_params_ui_tutorial.py took 0.285 seconds
[2024-04-21T20:08:21.731+0000] {processor.py:161} INFO - Started process (PID=736) to work on /home/airflow/.local/lib/python3.9/site-packages/airflow/example_dags/example_params_ui_tutorial.py
[2024-04-21T20:08:21.732+0000] {processor.py:830} INFO - Processing file /home/airflow/.local/lib/python3.9/site-packages/airflow/example_dags/example_params_ui_tutorial.py for tasks to queue
[2024-04-21T20:08:21.734+0000] {logging_mixin.py:188} INFO - [2024-04-21T20:08:21.733+0000] {dagbag.py:540} INFO - Filling up the DagBag from /home/airflow/.local/lib/python3.9/site-packages/airflow/example_dags/example_params_ui_tutorial.py
[2024-04-21T20:08:21.749+0000] {processor.py:840} INFO - DAG(s) 'example_params_ui_tutorial' retrieved from /home/airflow/.local/lib/python3.9/site-packages/airflow/example_dags/example_params_ui_tutorial.py
[2024-04-21T20:08:21.866+0000] {logging_mixin.py:188} INFO - [2024-04-21T20:08:21.865+0000] {dag.py:3047} INFO - Sync 1 DAGs
[2024-04-21T20:08:21.882+0000] {logging_mixin.py:188} INFO - [2024-04-21T20:08:21.881+0000] {dag.py:3834} INFO - Setting next_dagrun for example_params_ui_tutorial to None, run_after=None
[2024-04-21T20:08:21.921+0000] {processor.py:183} INFO - Processing /home/airflow/.local/lib/python3.9/site-packages/airflow/example_dags/example_params_ui_tutorial.py took 0.194 seconds
[2024-04-21T20:10:04.059+0000] {processor.py:161} INFO - Started process (PID=807) to work on /home/airflow/.local/lib/python3.9/site-packages/airflow/example_dags/example_params_ui_tutorial.py
[2024-04-21T20:10:04.060+0000] {processor.py:830} INFO - Processing file /home/airflow/.local/lib/python3.9/site-packages/airflow/example_dags/example_params_ui_tutorial.py for tasks to queue
[2024-04-21T20:10:04.062+0000] {logging_mixin.py:188} INFO - [2024-04-21T20:10:04.061+0000] {dagbag.py:540} INFO - Filling up the DagBag from /home/airflow/.local/lib/python3.9/site-packages/airflow/example_dags/example_params_ui_tutorial.py
[2024-04-21T20:10:04.074+0000] {processor.py:840} INFO - DAG(s) 'example_params_ui_tutorial' retrieved from /home/airflow/.local/lib/python3.9/site-packages/airflow/example_dags/example_params_ui_tutorial.py
[2024-04-21T20:10:04.188+0000] {logging_mixin.py:188} INFO - [2024-04-21T20:10:04.187+0000] {dag.py:3047} INFO - Sync 1 DAGs
[2024-04-21T20:10:04.201+0000] {logging_mixin.py:188} INFO - [2024-04-21T20:10:04.200+0000] {dag.py:3834} INFO - Setting next_dagrun for example_params_ui_tutorial to None, run_after=None
[2024-04-21T20:10:04.241+0000] {processor.py:183} INFO - Processing /home/airflow/.local/lib/python3.9/site-packages/airflow/example_dags/example_params_ui_tutorial.py took 0.186 seconds
[2024-04-21T20:10:34.836+0000] {processor.py:161} INFO - Started process (PID=864) to work on /home/airflow/.local/lib/python3.9/site-packages/airflow/example_dags/example_params_ui_tutorial.py
[2024-04-21T20:10:34.839+0000] {processor.py:830} INFO - Processing file /home/airflow/.local/lib/python3.9/site-packages/airflow/example_dags/example_params_ui_tutorial.py for tasks to queue
[2024-04-21T20:10:34.841+0000] {logging_mixin.py:188} INFO - [2024-04-21T20:10:34.840+0000] {dagbag.py:540} INFO - Filling up the DagBag from /home/airflow/.local/lib/python3.9/site-packages/airflow/example_dags/example_params_ui_tutorial.py
[2024-04-21T20:10:34.857+0000] {processor.py:840} INFO - DAG(s) 'example_params_ui_tutorial' retrieved from /home/airflow/.local/lib/python3.9/site-packages/airflow/example_dags/example_params_ui_tutorial.py
[2024-04-21T20:10:34.968+0000] {logging_mixin.py:188} INFO - [2024-04-21T20:10:34.968+0000] {dag.py:3047} INFO - Sync 1 DAGs
[2024-04-21T20:10:34.984+0000] {logging_mixin.py:188} INFO - [2024-04-21T20:10:34.983+0000] {dag.py:3834} INFO - Setting next_dagrun for example_params_ui_tutorial to None, run_after=None
[2024-04-21T20:10:35.037+0000] {processor.py:183} INFO - Processing /home/airflow/.local/lib/python3.9/site-packages/airflow/example_dags/example_params_ui_tutorial.py took 0.205 seconds
[2024-04-21T20:11:05.367+0000] {processor.py:161} INFO - Started process (PID=923) to work on /home/airflow/.local/lib/python3.9/site-packages/airflow/example_dags/example_params_ui_tutorial.py
[2024-04-21T20:11:05.369+0000] {processor.py:830} INFO - Processing file /home/airflow/.local/lib/python3.9/site-packages/airflow/example_dags/example_params_ui_tutorial.py for tasks to queue
[2024-04-21T20:11:05.370+0000] {logging_mixin.py:188} INFO - [2024-04-21T20:11:05.370+0000] {dagbag.py:540} INFO - Filling up the DagBag from /home/airflow/.local/lib/python3.9/site-packages/airflow/example_dags/example_params_ui_tutorial.py
[2024-04-21T20:11:05.383+0000] {processor.py:840} INFO - DAG(s) 'example_params_ui_tutorial' retrieved from /home/airflow/.local/lib/python3.9/site-packages/airflow/example_dags/example_params_ui_tutorial.py
[2024-04-21T20:11:05.479+0000] {logging_mixin.py:188} INFO - [2024-04-21T20:11:05.479+0000] {dag.py:3047} INFO - Sync 1 DAGs
[2024-04-21T20:11:05.491+0000] {logging_mixin.py:188} INFO - [2024-04-21T20:11:05.491+0000] {dag.py:3834} INFO - Setting next_dagrun for example_params_ui_tutorial to None, run_after=None
[2024-04-21T20:11:05.522+0000] {processor.py:183} INFO - Processing /home/airflow/.local/lib/python3.9/site-packages/airflow/example_dags/example_params_ui_tutorial.py took 0.158 seconds
[2024-04-21T20:14:18.232+0000] {processor.py:161} INFO - Started process (PID=51) to work on /home/airflow/.local/lib/python3.9/site-packages/airflow/example_dags/example_params_ui_tutorial.py
[2024-04-21T20:14:18.236+0000] {processor.py:830} INFO - Processing file /home/airflow/.local/lib/python3.9/site-packages/airflow/example_dags/example_params_ui_tutorial.py for tasks to queue
[2024-04-21T20:14:18.243+0000] {logging_mixin.py:188} INFO - [2024-04-21T20:14:18.242+0000] {dagbag.py:540} INFO - Filling up the DagBag from /home/airflow/.local/lib/python3.9/site-packages/airflow/example_dags/example_params_ui_tutorial.py
[2024-04-21T20:14:18.408+0000] {processor.py:840} INFO - DAG(s) 'example_params_ui_tutorial' retrieved from /home/airflow/.local/lib/python3.9/site-packages/airflow/example_dags/example_params_ui_tutorial.py
[2024-04-21T20:14:19.009+0000] {logging_mixin.py:188} INFO - [2024-04-21T20:14:19.008+0000] {dag.py:3047} INFO - Sync 1 DAGs
[2024-04-21T20:14:19.055+0000] {logging_mixin.py:188} INFO - [2024-04-21T20:14:19.054+0000] {dag.py:3834} INFO - Setting next_dagrun for example_params_ui_tutorial to None, run_after=None
[2024-04-21T20:14:19.125+0000] {processor.py:183} INFO - Processing /home/airflow/.local/lib/python3.9/site-packages/airflow/example_dags/example_params_ui_tutorial.py took 0.904 seconds
[2024-04-21T20:14:49.444+0000] {processor.py:161} INFO - Started process (PID=109) to work on /home/airflow/.local/lib/python3.9/site-packages/airflow/example_dags/example_params_ui_tutorial.py
[2024-04-21T20:14:49.446+0000] {processor.py:830} INFO - Processing file /home/airflow/.local/lib/python3.9/site-packages/airflow/example_dags/example_params_ui_tutorial.py for tasks to queue
[2024-04-21T20:14:49.449+0000] {logging_mixin.py:188} INFO - [2024-04-21T20:14:49.448+0000] {dagbag.py:540} INFO - Filling up the DagBag from /home/airflow/.local/lib/python3.9/site-packages/airflow/example_dags/example_params_ui_tutorial.py
[2024-04-21T20:14:49.472+0000] {processor.py:840} INFO - DAG(s) 'example_params_ui_tutorial' retrieved from /home/airflow/.local/lib/python3.9/site-packages/airflow/example_dags/example_params_ui_tutorial.py
[2024-04-21T20:14:49.601+0000] {logging_mixin.py:188} INFO - [2024-04-21T20:14:49.601+0000] {dag.py:3047} INFO - Sync 1 DAGs
[2024-04-21T20:14:49.619+0000] {logging_mixin.py:188} INFO - [2024-04-21T20:14:49.619+0000] {dag.py:3834} INFO - Setting next_dagrun for example_params_ui_tutorial to None, run_after=None
[2024-04-21T20:14:49.660+0000] {processor.py:183} INFO - Processing /home/airflow/.local/lib/python3.9/site-packages/airflow/example_dags/example_params_ui_tutorial.py took 0.219 seconds
[2024-04-21T20:15:19.691+0000] {processor.py:161} INFO - Started process (PID=166) to work on /home/airflow/.local/lib/python3.9/site-packages/airflow/example_dags/example_params_ui_tutorial.py
[2024-04-21T20:15:19.693+0000] {processor.py:830} INFO - Processing file /home/airflow/.local/lib/python3.9/site-packages/airflow/example_dags/example_params_ui_tutorial.py for tasks to queue
[2024-04-21T20:15:19.695+0000] {logging_mixin.py:188} INFO - [2024-04-21T20:15:19.694+0000] {dagbag.py:540} INFO - Filling up the DagBag from /home/airflow/.local/lib/python3.9/site-packages/airflow/example_dags/example_params_ui_tutorial.py
[2024-04-21T20:15:19.707+0000] {processor.py:840} INFO - DAG(s) 'example_params_ui_tutorial' retrieved from /home/airflow/.local/lib/python3.9/site-packages/airflow/example_dags/example_params_ui_tutorial.py
[2024-04-21T20:15:19.820+0000] {logging_mixin.py:188} INFO - [2024-04-21T20:15:19.820+0000] {dag.py:3047} INFO - Sync 1 DAGs
[2024-04-21T20:15:19.846+0000] {logging_mixin.py:188} INFO - [2024-04-21T20:15:19.846+0000] {dag.py:3834} INFO - Setting next_dagrun for example_params_ui_tutorial to None, run_after=None
[2024-04-21T20:15:19.949+0000] {processor.py:183} INFO - Processing /home/airflow/.local/lib/python3.9/site-packages/airflow/example_dags/example_params_ui_tutorial.py took 0.261 seconds
[2024-04-21T20:16:16.400+0000] {processor.py:161} INFO - Started process (PID=51) to work on /home/airflow/.local/lib/python3.9/site-packages/airflow/example_dags/example_params_ui_tutorial.py
[2024-04-21T20:16:16.401+0000] {processor.py:830} INFO - Processing file /home/airflow/.local/lib/python3.9/site-packages/airflow/example_dags/example_params_ui_tutorial.py for tasks to queue
[2024-04-21T20:16:16.403+0000] {logging_mixin.py:188} INFO - [2024-04-21T20:16:16.403+0000] {dagbag.py:540} INFO - Filling up the DagBag from /home/airflow/.local/lib/python3.9/site-packages/airflow/example_dags/example_params_ui_tutorial.py
[2024-04-21T20:16:16.417+0000] {processor.py:840} INFO - DAG(s) 'example_params_ui_tutorial' retrieved from /home/airflow/.local/lib/python3.9/site-packages/airflow/example_dags/example_params_ui_tutorial.py
[2024-04-21T20:16:16.518+0000] {logging_mixin.py:188} INFO - [2024-04-21T20:16:16.518+0000] {dag.py:3047} INFO - Sync 1 DAGs
[2024-04-21T20:16:16.536+0000] {logging_mixin.py:188} INFO - [2024-04-21T20:16:16.536+0000] {dag.py:3834} INFO - Setting next_dagrun for example_params_ui_tutorial to None, run_after=None
[2024-04-21T20:16:16.571+0000] {processor.py:183} INFO - Processing /home/airflow/.local/lib/python3.9/site-packages/airflow/example_dags/example_params_ui_tutorial.py took 0.174 seconds
[2024-04-21T20:16:47.292+0000] {processor.py:161} INFO - Started process (PID=108) to work on /home/airflow/.local/lib/python3.9/site-packages/airflow/example_dags/example_params_ui_tutorial.py
[2024-04-21T20:16:47.293+0000] {processor.py:830} INFO - Processing file /home/airflow/.local/lib/python3.9/site-packages/airflow/example_dags/example_params_ui_tutorial.py for tasks to queue
[2024-04-21T20:16:47.295+0000] {logging_mixin.py:188} INFO - [2024-04-21T20:16:47.295+0000] {dagbag.py:540} INFO - Filling up the DagBag from /home/airflow/.local/lib/python3.9/site-packages/airflow/example_dags/example_params_ui_tutorial.py
[2024-04-21T20:16:47.308+0000] {processor.py:840} INFO - DAG(s) 'example_params_ui_tutorial' retrieved from /home/airflow/.local/lib/python3.9/site-packages/airflow/example_dags/example_params_ui_tutorial.py
[2024-04-21T20:16:47.401+0000] {logging_mixin.py:188} INFO - [2024-04-21T20:16:47.400+0000] {dag.py:3047} INFO - Sync 1 DAGs
[2024-04-21T20:16:47.413+0000] {logging_mixin.py:188} INFO - [2024-04-21T20:16:47.413+0000] {dag.py:3834} INFO - Setting next_dagrun for example_params_ui_tutorial to None, run_after=None
[2024-04-21T20:16:47.445+0000] {processor.py:183} INFO - Processing /home/airflow/.local/lib/python3.9/site-packages/airflow/example_dags/example_params_ui_tutorial.py took 0.156 seconds
[2024-04-21T20:17:17.999+0000] {processor.py:161} INFO - Started process (PID=165) to work on /home/airflow/.local/lib/python3.9/site-packages/airflow/example_dags/example_params_ui_tutorial.py
[2024-04-21T20:17:18.001+0000] {processor.py:830} INFO - Processing file /home/airflow/.local/lib/python3.9/site-packages/airflow/example_dags/example_params_ui_tutorial.py for tasks to queue
[2024-04-21T20:17:18.004+0000] {logging_mixin.py:188} INFO - [2024-04-21T20:17:18.004+0000] {dagbag.py:540} INFO - Filling up the DagBag from /home/airflow/.local/lib/python3.9/site-packages/airflow/example_dags/example_params_ui_tutorial.py
[2024-04-21T20:17:18.020+0000] {processor.py:840} INFO - DAG(s) 'example_params_ui_tutorial' retrieved from /home/airflow/.local/lib/python3.9/site-packages/airflow/example_dags/example_params_ui_tutorial.py
[2024-04-21T20:17:18.124+0000] {logging_mixin.py:188} INFO - [2024-04-21T20:17:18.124+0000] {dag.py:3047} INFO - Sync 1 DAGs
[2024-04-21T20:17:18.138+0000] {logging_mixin.py:188} INFO - [2024-04-21T20:17:18.138+0000] {dag.py:3834} INFO - Setting next_dagrun for example_params_ui_tutorial to None, run_after=None
[2024-04-21T20:17:18.175+0000] {processor.py:183} INFO - Processing /home/airflow/.local/lib/python3.9/site-packages/airflow/example_dags/example_params_ui_tutorial.py took 0.180 seconds
[2024-04-21T20:17:48.766+0000] {processor.py:161} INFO - Started process (PID=222) to work on /home/airflow/.local/lib/python3.9/site-packages/airflow/example_dags/example_params_ui_tutorial.py
[2024-04-21T20:17:48.767+0000] {processor.py:830} INFO - Processing file /home/airflow/.local/lib/python3.9/site-packages/airflow/example_dags/example_params_ui_tutorial.py for tasks to queue
[2024-04-21T20:17:48.770+0000] {logging_mixin.py:188} INFO - [2024-04-21T20:17:48.769+0000] {dagbag.py:540} INFO - Filling up the DagBag from /home/airflow/.local/lib/python3.9/site-packages/airflow/example_dags/example_params_ui_tutorial.py
[2024-04-21T20:17:48.782+0000] {processor.py:840} INFO - DAG(s) 'example_params_ui_tutorial' retrieved from /home/airflow/.local/lib/python3.9/site-packages/airflow/example_dags/example_params_ui_tutorial.py
[2024-04-21T20:17:48.885+0000] {logging_mixin.py:188} INFO - [2024-04-21T20:17:48.884+0000] {dag.py:3047} INFO - Sync 1 DAGs
[2024-04-21T20:17:48.897+0000] {logging_mixin.py:188} INFO - [2024-04-21T20:17:48.897+0000] {dag.py:3834} INFO - Setting next_dagrun for example_params_ui_tutorial to None, run_after=None
[2024-04-21T20:17:48.935+0000] {processor.py:183} INFO - Processing /home/airflow/.local/lib/python3.9/site-packages/airflow/example_dags/example_params_ui_tutorial.py took 0.172 seconds
[2024-04-21T20:18:19.242+0000] {processor.py:161} INFO - Started process (PID=279) to work on /home/airflow/.local/lib/python3.9/site-packages/airflow/example_dags/example_params_ui_tutorial.py
[2024-04-21T20:18:19.243+0000] {processor.py:830} INFO - Processing file /home/airflow/.local/lib/python3.9/site-packages/airflow/example_dags/example_params_ui_tutorial.py for tasks to queue
[2024-04-21T20:18:19.245+0000] {logging_mixin.py:188} INFO - [2024-04-21T20:18:19.245+0000] {dagbag.py:540} INFO - Filling up the DagBag from /home/airflow/.local/lib/python3.9/site-packages/airflow/example_dags/example_params_ui_tutorial.py
[2024-04-21T20:18:19.257+0000] {processor.py:840} INFO - DAG(s) 'example_params_ui_tutorial' retrieved from /home/airflow/.local/lib/python3.9/site-packages/airflow/example_dags/example_params_ui_tutorial.py
[2024-04-21T20:18:19.350+0000] {logging_mixin.py:188} INFO - [2024-04-21T20:18:19.350+0000] {dag.py:3047} INFO - Sync 1 DAGs
[2024-04-21T20:18:19.363+0000] {logging_mixin.py:188} INFO - [2024-04-21T20:18:19.363+0000] {dag.py:3834} INFO - Setting next_dagrun for example_params_ui_tutorial to None, run_after=None
[2024-04-21T20:18:19.398+0000] {processor.py:183} INFO - Processing /home/airflow/.local/lib/python3.9/site-packages/airflow/example_dags/example_params_ui_tutorial.py took 0.159 seconds
[2024-04-21T20:18:49.528+0000] {processor.py:161} INFO - Started process (PID=334) to work on /home/airflow/.local/lib/python3.9/site-packages/airflow/example_dags/example_params_ui_tutorial.py
[2024-04-21T20:18:49.529+0000] {processor.py:830} INFO - Processing file /home/airflow/.local/lib/python3.9/site-packages/airflow/example_dags/example_params_ui_tutorial.py for tasks to queue
[2024-04-21T20:18:49.531+0000] {logging_mixin.py:188} INFO - [2024-04-21T20:18:49.531+0000] {dagbag.py:540} INFO - Filling up the DagBag from /home/airflow/.local/lib/python3.9/site-packages/airflow/example_dags/example_params_ui_tutorial.py
[2024-04-21T20:18:49.542+0000] {processor.py:840} INFO - DAG(s) 'example_params_ui_tutorial' retrieved from /home/airflow/.local/lib/python3.9/site-packages/airflow/example_dags/example_params_ui_tutorial.py
[2024-04-21T20:18:49.639+0000] {logging_mixin.py:188} INFO - [2024-04-21T20:18:49.638+0000] {dag.py:3047} INFO - Sync 1 DAGs
[2024-04-21T20:18:49.652+0000] {logging_mixin.py:188} INFO - [2024-04-21T20:18:49.652+0000] {dag.py:3834} INFO - Setting next_dagrun for example_params_ui_tutorial to None, run_after=None
[2024-04-21T20:18:49.694+0000] {processor.py:183} INFO - Processing /home/airflow/.local/lib/python3.9/site-packages/airflow/example_dags/example_params_ui_tutorial.py took 0.170 seconds
[2024-04-21T20:32:47.996+0000] {processor.py:161} INFO - Started process (PID=51) to work on /home/airflow/.local/lib/python3.9/site-packages/airflow/example_dags/example_params_ui_tutorial.py
[2024-04-21T20:32:48.010+0000] {processor.py:830} INFO - Processing file /home/airflow/.local/lib/python3.9/site-packages/airflow/example_dags/example_params_ui_tutorial.py for tasks to queue
[2024-04-21T20:32:48.043+0000] {logging_mixin.py:188} INFO - [2024-04-21T20:32:48.041+0000] {dagbag.py:540} INFO - Filling up the DagBag from /home/airflow/.local/lib/python3.9/site-packages/airflow/example_dags/example_params_ui_tutorial.py
[2024-04-21T20:32:48.095+0000] {processor.py:840} INFO - DAG(s) 'example_params_ui_tutorial' retrieved from /home/airflow/.local/lib/python3.9/site-packages/airflow/example_dags/example_params_ui_tutorial.py
[2024-04-21T20:32:48.199+0000] {logging_mixin.py:188} INFO - [2024-04-21T20:32:48.198+0000] {dag.py:3047} INFO - Sync 1 DAGs
[2024-04-21T20:32:48.346+0000] {logging_mixin.py:188} INFO - [2024-04-21T20:32:48.346+0000] {dag.py:3834} INFO - Setting next_dagrun for example_params_ui_tutorial to None, run_after=None
[2024-04-21T20:32:48.658+0000] {processor.py:183} INFO - Processing /home/airflow/.local/lib/python3.9/site-packages/airflow/example_dags/example_params_ui_tutorial.py took 0.690 seconds
[2024-04-21T20:33:22.232+0000] {processor.py:161} INFO - Started process (PID=51) to work on /home/airflow/.local/lib/python3.9/site-packages/airflow/example_dags/example_params_ui_tutorial.py
[2024-04-21T20:33:22.234+0000] {processor.py:830} INFO - Processing file /home/airflow/.local/lib/python3.9/site-packages/airflow/example_dags/example_params_ui_tutorial.py for tasks to queue
[2024-04-21T20:33:22.236+0000] {logging_mixin.py:188} INFO - [2024-04-21T20:33:22.236+0000] {dagbag.py:540} INFO - Filling up the DagBag from /home/airflow/.local/lib/python3.9/site-packages/airflow/example_dags/example_params_ui_tutorial.py
[2024-04-21T20:33:22.252+0000] {processor.py:840} INFO - DAG(s) 'example_params_ui_tutorial' retrieved from /home/airflow/.local/lib/python3.9/site-packages/airflow/example_dags/example_params_ui_tutorial.py
[2024-04-21T20:33:22.499+0000] {logging_mixin.py:188} INFO - [2024-04-21T20:33:22.498+0000] {dag.py:3047} INFO - Sync 1 DAGs
[2024-04-21T20:33:22.518+0000] {logging_mixin.py:188} INFO - [2024-04-21T20:33:22.517+0000] {dag.py:3834} INFO - Setting next_dagrun for example_params_ui_tutorial to None, run_after=None
[2024-04-21T20:33:22.565+0000] {processor.py:183} INFO - Processing /home/airflow/.local/lib/python3.9/site-packages/airflow/example_dags/example_params_ui_tutorial.py took 0.336 seconds
[2024-04-21T20:33:53.540+0000] {processor.py:161} INFO - Started process (PID=108) to work on /home/airflow/.local/lib/python3.9/site-packages/airflow/example_dags/example_params_ui_tutorial.py
[2024-04-21T20:33:53.542+0000] {processor.py:830} INFO - Processing file /home/airflow/.local/lib/python3.9/site-packages/airflow/example_dags/example_params_ui_tutorial.py for tasks to queue
[2024-04-21T20:33:53.544+0000] {logging_mixin.py:188} INFO - [2024-04-21T20:33:53.544+0000] {dagbag.py:540} INFO - Filling up the DagBag from /home/airflow/.local/lib/python3.9/site-packages/airflow/example_dags/example_params_ui_tutorial.py
[2024-04-21T20:33:53.558+0000] {processor.py:840} INFO - DAG(s) 'example_params_ui_tutorial' retrieved from /home/airflow/.local/lib/python3.9/site-packages/airflow/example_dags/example_params_ui_tutorial.py
[2024-04-21T20:33:53.665+0000] {logging_mixin.py:188} INFO - [2024-04-21T20:33:53.665+0000] {dag.py:3047} INFO - Sync 1 DAGs
[2024-04-21T20:33:53.680+0000] {logging_mixin.py:188} INFO - [2024-04-21T20:33:53.680+0000] {dag.py:3834} INFO - Setting next_dagrun for example_params_ui_tutorial to None, run_after=None
[2024-04-21T20:33:53.716+0000] {processor.py:183} INFO - Processing /home/airflow/.local/lib/python3.9/site-packages/airflow/example_dags/example_params_ui_tutorial.py took 0.179 seconds
[2024-04-21T20:34:30.037+0000] {processor.py:161} INFO - Started process (PID=51) to work on /home/airflow/.local/lib/python3.9/site-packages/airflow/example_dags/example_params_ui_tutorial.py
[2024-04-21T20:34:30.039+0000] {processor.py:830} INFO - Processing file /home/airflow/.local/lib/python3.9/site-packages/airflow/example_dags/example_params_ui_tutorial.py for tasks to queue
[2024-04-21T20:34:30.041+0000] {logging_mixin.py:188} INFO - [2024-04-21T20:34:30.041+0000] {dagbag.py:540} INFO - Filling up the DagBag from /home/airflow/.local/lib/python3.9/site-packages/airflow/example_dags/example_params_ui_tutorial.py
[2024-04-21T20:34:30.055+0000] {processor.py:840} INFO - DAG(s) 'example_params_ui_tutorial' retrieved from /home/airflow/.local/lib/python3.9/site-packages/airflow/example_dags/example_params_ui_tutorial.py
[2024-04-21T20:34:30.154+0000] {logging_mixin.py:188} INFO - [2024-04-21T20:34:30.154+0000] {dag.py:3047} INFO - Sync 1 DAGs
[2024-04-21T20:34:30.166+0000] {logging_mixin.py:188} INFO - [2024-04-21T20:34:30.166+0000] {dag.py:3834} INFO - Setting next_dagrun for example_params_ui_tutorial to None, run_after=None
[2024-04-21T20:34:30.199+0000] {processor.py:183} INFO - Processing /home/airflow/.local/lib/python3.9/site-packages/airflow/example_dags/example_params_ui_tutorial.py took 0.165 seconds
[2024-04-21T20:35:01.192+0000] {processor.py:161} INFO - Started process (PID=108) to work on /home/airflow/.local/lib/python3.9/site-packages/airflow/example_dags/example_params_ui_tutorial.py
[2024-04-21T20:35:01.193+0000] {processor.py:830} INFO - Processing file /home/airflow/.local/lib/python3.9/site-packages/airflow/example_dags/example_params_ui_tutorial.py for tasks to queue
[2024-04-21T20:35:01.195+0000] {logging_mixin.py:188} INFO - [2024-04-21T20:35:01.195+0000] {dagbag.py:540} INFO - Filling up the DagBag from /home/airflow/.local/lib/python3.9/site-packages/airflow/example_dags/example_params_ui_tutorial.py
[2024-04-21T20:35:01.207+0000] {processor.py:840} INFO - DAG(s) 'example_params_ui_tutorial' retrieved from /home/airflow/.local/lib/python3.9/site-packages/airflow/example_dags/example_params_ui_tutorial.py
[2024-04-21T20:35:01.298+0000] {logging_mixin.py:188} INFO - [2024-04-21T20:35:01.298+0000] {dag.py:3047} INFO - Sync 1 DAGs
[2024-04-21T20:35:01.310+0000] {logging_mixin.py:188} INFO - [2024-04-21T20:35:01.310+0000] {dag.py:3834} INFO - Setting next_dagrun for example_params_ui_tutorial to None, run_after=None
[2024-04-21T20:35:01.345+0000] {processor.py:183} INFO - Processing /home/airflow/.local/lib/python3.9/site-packages/airflow/example_dags/example_params_ui_tutorial.py took 0.156 seconds
[2024-04-21T20:35:32.106+0000] {processor.py:161} INFO - Started process (PID=165) to work on /home/airflow/.local/lib/python3.9/site-packages/airflow/example_dags/example_params_ui_tutorial.py
[2024-04-21T20:35:32.108+0000] {processor.py:830} INFO - Processing file /home/airflow/.local/lib/python3.9/site-packages/airflow/example_dags/example_params_ui_tutorial.py for tasks to queue
[2024-04-21T20:35:32.110+0000] {logging_mixin.py:188} INFO - [2024-04-21T20:35:32.109+0000] {dagbag.py:540} INFO - Filling up the DagBag from /home/airflow/.local/lib/python3.9/site-packages/airflow/example_dags/example_params_ui_tutorial.py
[2024-04-21T20:35:32.121+0000] {processor.py:840} INFO - DAG(s) 'example_params_ui_tutorial' retrieved from /home/airflow/.local/lib/python3.9/site-packages/airflow/example_dags/example_params_ui_tutorial.py
[2024-04-21T20:35:32.212+0000] {logging_mixin.py:188} INFO - [2024-04-21T20:35:32.212+0000] {dag.py:3047} INFO - Sync 1 DAGs
[2024-04-21T20:35:32.225+0000] {logging_mixin.py:188} INFO - [2024-04-21T20:35:32.225+0000] {dag.py:3834} INFO - Setting next_dagrun for example_params_ui_tutorial to None, run_after=None
[2024-04-21T20:35:32.261+0000] {processor.py:183} INFO - Processing /home/airflow/.local/lib/python3.9/site-packages/airflow/example_dags/example_params_ui_tutorial.py took 0.158 seconds
[2024-04-21T20:36:03.247+0000] {processor.py:161} INFO - Started process (PID=222) to work on /home/airflow/.local/lib/python3.9/site-packages/airflow/example_dags/example_params_ui_tutorial.py
[2024-04-21T20:36:03.248+0000] {processor.py:830} INFO - Processing file /home/airflow/.local/lib/python3.9/site-packages/airflow/example_dags/example_params_ui_tutorial.py for tasks to queue
[2024-04-21T20:36:03.250+0000] {logging_mixin.py:188} INFO - [2024-04-21T20:36:03.250+0000] {dagbag.py:540} INFO - Filling up the DagBag from /home/airflow/.local/lib/python3.9/site-packages/airflow/example_dags/example_params_ui_tutorial.py
[2024-04-21T20:36:03.263+0000] {processor.py:840} INFO - DAG(s) 'example_params_ui_tutorial' retrieved from /home/airflow/.local/lib/python3.9/site-packages/airflow/example_dags/example_params_ui_tutorial.py
[2024-04-21T20:36:03.355+0000] {logging_mixin.py:188} INFO - [2024-04-21T20:36:03.355+0000] {dag.py:3047} INFO - Sync 1 DAGs
[2024-04-21T20:36:03.367+0000] {logging_mixin.py:188} INFO - [2024-04-21T20:36:03.367+0000] {dag.py:3834} INFO - Setting next_dagrun for example_params_ui_tutorial to None, run_after=None
[2024-04-21T20:36:03.403+0000] {processor.py:183} INFO - Processing /home/airflow/.local/lib/python3.9/site-packages/airflow/example_dags/example_params_ui_tutorial.py took 0.159 seconds
[2024-04-21T20:36:34.728+0000] {processor.py:161} INFO - Started process (PID=279) to work on /home/airflow/.local/lib/python3.9/site-packages/airflow/example_dags/example_params_ui_tutorial.py
[2024-04-21T20:36:34.731+0000] {processor.py:830} INFO - Processing file /home/airflow/.local/lib/python3.9/site-packages/airflow/example_dags/example_params_ui_tutorial.py for tasks to queue
[2024-04-21T20:36:34.734+0000] {logging_mixin.py:188} INFO - [2024-04-21T20:36:34.733+0000] {dagbag.py:540} INFO - Filling up the DagBag from /home/airflow/.local/lib/python3.9/site-packages/airflow/example_dags/example_params_ui_tutorial.py
[2024-04-21T20:36:34.753+0000] {processor.py:840} INFO - DAG(s) 'example_params_ui_tutorial' retrieved from /home/airflow/.local/lib/python3.9/site-packages/airflow/example_dags/example_params_ui_tutorial.py
[2024-04-21T20:36:34.898+0000] {logging_mixin.py:188} INFO - [2024-04-21T20:36:34.897+0000] {dag.py:3047} INFO - Sync 1 DAGs
[2024-04-21T20:36:34.913+0000] {logging_mixin.py:188} INFO - [2024-04-21T20:36:34.913+0000] {dag.py:3834} INFO - Setting next_dagrun for example_params_ui_tutorial to None, run_after=None
[2024-04-21T20:36:34.953+0000] {processor.py:183} INFO - Processing /home/airflow/.local/lib/python3.9/site-packages/airflow/example_dags/example_params_ui_tutorial.py took 0.228 seconds
[2024-04-21T20:37:05.127+0000] {processor.py:161} INFO - Started process (PID=336) to work on /home/airflow/.local/lib/python3.9/site-packages/airflow/example_dags/example_params_ui_tutorial.py
[2024-04-21T20:37:05.128+0000] {processor.py:830} INFO - Processing file /home/airflow/.local/lib/python3.9/site-packages/airflow/example_dags/example_params_ui_tutorial.py for tasks to queue
[2024-04-21T20:37:05.130+0000] {logging_mixin.py:188} INFO - [2024-04-21T20:37:05.130+0000] {dagbag.py:540} INFO - Filling up the DagBag from /home/airflow/.local/lib/python3.9/site-packages/airflow/example_dags/example_params_ui_tutorial.py
[2024-04-21T20:37:05.141+0000] {processor.py:840} INFO - DAG(s) 'example_params_ui_tutorial' retrieved from /home/airflow/.local/lib/python3.9/site-packages/airflow/example_dags/example_params_ui_tutorial.py
[2024-04-21T20:37:05.233+0000] {logging_mixin.py:188} INFO - [2024-04-21T20:37:05.232+0000] {dag.py:3047} INFO - Sync 1 DAGs
[2024-04-21T20:37:05.245+0000] {logging_mixin.py:188} INFO - [2024-04-21T20:37:05.245+0000] {dag.py:3834} INFO - Setting next_dagrun for example_params_ui_tutorial to None, run_after=None
[2024-04-21T20:37:05.280+0000] {processor.py:183} INFO - Processing /home/airflow/.local/lib/python3.9/site-packages/airflow/example_dags/example_params_ui_tutorial.py took 0.156 seconds
[2024-04-21T20:37:35.437+0000] {processor.py:161} INFO - Started process (PID=391) to work on /home/airflow/.local/lib/python3.9/site-packages/airflow/example_dags/example_params_ui_tutorial.py
[2024-04-21T20:37:35.438+0000] {processor.py:830} INFO - Processing file /home/airflow/.local/lib/python3.9/site-packages/airflow/example_dags/example_params_ui_tutorial.py for tasks to queue
[2024-04-21T20:37:35.440+0000] {logging_mixin.py:188} INFO - [2024-04-21T20:37:35.440+0000] {dagbag.py:540} INFO - Filling up the DagBag from /home/airflow/.local/lib/python3.9/site-packages/airflow/example_dags/example_params_ui_tutorial.py
[2024-04-21T20:37:35.452+0000] {processor.py:840} INFO - DAG(s) 'example_params_ui_tutorial' retrieved from /home/airflow/.local/lib/python3.9/site-packages/airflow/example_dags/example_params_ui_tutorial.py
[2024-04-21T20:37:35.546+0000] {logging_mixin.py:188} INFO - [2024-04-21T20:37:35.546+0000] {dag.py:3047} INFO - Sync 1 DAGs
[2024-04-21T20:37:35.559+0000] {logging_mixin.py:188} INFO - [2024-04-21T20:37:35.559+0000] {dag.py:3834} INFO - Setting next_dagrun for example_params_ui_tutorial to None, run_after=None
[2024-04-21T20:37:35.593+0000] {processor.py:183} INFO - Processing /home/airflow/.local/lib/python3.9/site-packages/airflow/example_dags/example_params_ui_tutorial.py took 0.159 seconds
[2024-04-21T20:38:06.428+0000] {processor.py:161} INFO - Started process (PID=448) to work on /home/airflow/.local/lib/python3.9/site-packages/airflow/example_dags/example_params_ui_tutorial.py
[2024-04-21T20:38:06.430+0000] {processor.py:830} INFO - Processing file /home/airflow/.local/lib/python3.9/site-packages/airflow/example_dags/example_params_ui_tutorial.py for tasks to queue
[2024-04-21T20:38:06.433+0000] {logging_mixin.py:188} INFO - [2024-04-21T20:38:06.432+0000] {dagbag.py:540} INFO - Filling up the DagBag from /home/airflow/.local/lib/python3.9/site-packages/airflow/example_dags/example_params_ui_tutorial.py
[2024-04-21T20:38:06.448+0000] {processor.py:840} INFO - DAG(s) 'example_params_ui_tutorial' retrieved from /home/airflow/.local/lib/python3.9/site-packages/airflow/example_dags/example_params_ui_tutorial.py
[2024-04-21T20:38:06.607+0000] {logging_mixin.py:188} INFO - [2024-04-21T20:38:06.606+0000] {dag.py:3047} INFO - Sync 1 DAGs
[2024-04-21T20:38:06.676+0000] {logging_mixin.py:188} INFO - [2024-04-21T20:38:06.675+0000] {dag.py:3834} INFO - Setting next_dagrun for example_params_ui_tutorial to None, run_after=None
[2024-04-21T20:38:06.764+0000] {processor.py:183} INFO - Processing /home/airflow/.local/lib/python3.9/site-packages/airflow/example_dags/example_params_ui_tutorial.py took 0.339 seconds
[2024-04-21T20:38:37.994+0000] {processor.py:161} INFO - Started process (PID=505) to work on /home/airflow/.local/lib/python3.9/site-packages/airflow/example_dags/example_params_ui_tutorial.py
[2024-04-21T20:38:37.996+0000] {processor.py:830} INFO - Processing file /home/airflow/.local/lib/python3.9/site-packages/airflow/example_dags/example_params_ui_tutorial.py for tasks to queue
[2024-04-21T20:38:37.998+0000] {logging_mixin.py:188} INFO - [2024-04-21T20:38:37.997+0000] {dagbag.py:540} INFO - Filling up the DagBag from /home/airflow/.local/lib/python3.9/site-packages/airflow/example_dags/example_params_ui_tutorial.py
[2024-04-21T20:38:38.017+0000] {processor.py:840} INFO - DAG(s) 'example_params_ui_tutorial' retrieved from /home/airflow/.local/lib/python3.9/site-packages/airflow/example_dags/example_params_ui_tutorial.py
[2024-04-21T20:38:38.220+0000] {logging_mixin.py:188} INFO - [2024-04-21T20:38:38.219+0000] {dag.py:3047} INFO - Sync 1 DAGs
[2024-04-21T20:38:38.244+0000] {logging_mixin.py:188} INFO - [2024-04-21T20:38:38.243+0000] {dag.py:3834} INFO - Setting next_dagrun for example_params_ui_tutorial to None, run_after=None
[2024-04-21T20:38:38.321+0000] {processor.py:183} INFO - Processing /home/airflow/.local/lib/python3.9/site-packages/airflow/example_dags/example_params_ui_tutorial.py took 0.331 seconds
[2024-04-21T20:39:08.391+0000] {processor.py:161} INFO - Started process (PID=562) to work on /home/airflow/.local/lib/python3.9/site-packages/airflow/example_dags/example_params_ui_tutorial.py
[2024-04-21T20:39:08.393+0000] {processor.py:830} INFO - Processing file /home/airflow/.local/lib/python3.9/site-packages/airflow/example_dags/example_params_ui_tutorial.py for tasks to queue
[2024-04-21T20:39:08.396+0000] {logging_mixin.py:188} INFO - [2024-04-21T20:39:08.396+0000] {dagbag.py:540} INFO - Filling up the DagBag from /home/airflow/.local/lib/python3.9/site-packages/airflow/example_dags/example_params_ui_tutorial.py
[2024-04-21T20:39:08.413+0000] {processor.py:840} INFO - DAG(s) 'example_params_ui_tutorial' retrieved from /home/airflow/.local/lib/python3.9/site-packages/airflow/example_dags/example_params_ui_tutorial.py
[2024-04-21T20:39:08.527+0000] {logging_mixin.py:188} INFO - [2024-04-21T20:39:08.527+0000] {dag.py:3047} INFO - Sync 1 DAGs
[2024-04-21T20:39:08.542+0000] {logging_mixin.py:188} INFO - [2024-04-21T20:39:08.541+0000] {dag.py:3834} INFO - Setting next_dagrun for example_params_ui_tutorial to None, run_after=None
[2024-04-21T20:39:08.576+0000] {processor.py:183} INFO - Processing /home/airflow/.local/lib/python3.9/site-packages/airflow/example_dags/example_params_ui_tutorial.py took 0.189 seconds
[2024-04-21T20:40:41.170+0000] {processor.py:161} INFO - Started process (PID=595) to work on /home/airflow/.local/lib/python3.9/site-packages/airflow/example_dags/example_params_ui_tutorial.py
[2024-04-21T20:40:41.171+0000] {processor.py:830} INFO - Processing file /home/airflow/.local/lib/python3.9/site-packages/airflow/example_dags/example_params_ui_tutorial.py for tasks to queue
[2024-04-21T20:40:41.174+0000] {logging_mixin.py:188} INFO - [2024-04-21T20:40:41.173+0000] {dagbag.py:540} INFO - Filling up the DagBag from /home/airflow/.local/lib/python3.9/site-packages/airflow/example_dags/example_params_ui_tutorial.py
[2024-04-21T20:40:41.185+0000] {processor.py:840} INFO - DAG(s) 'example_params_ui_tutorial' retrieved from /home/airflow/.local/lib/python3.9/site-packages/airflow/example_dags/example_params_ui_tutorial.py
[2024-04-21T20:40:41.283+0000] {logging_mixin.py:188} INFO - [2024-04-21T20:40:41.282+0000] {dag.py:3047} INFO - Sync 1 DAGs
[2024-04-21T20:40:41.294+0000] {logging_mixin.py:188} INFO - [2024-04-21T20:40:41.294+0000] {dag.py:3834} INFO - Setting next_dagrun for example_params_ui_tutorial to None, run_after=None
[2024-04-21T20:40:41.329+0000] {processor.py:183} INFO - Processing /home/airflow/.local/lib/python3.9/site-packages/airflow/example_dags/example_params_ui_tutorial.py took 0.162 seconds
[2024-04-21T20:41:11.808+0000] {processor.py:161} INFO - Started process (PID=654) to work on /home/airflow/.local/lib/python3.9/site-packages/airflow/example_dags/example_params_ui_tutorial.py
[2024-04-21T20:41:11.809+0000] {processor.py:830} INFO - Processing file /home/airflow/.local/lib/python3.9/site-packages/airflow/example_dags/example_params_ui_tutorial.py for tasks to queue
[2024-04-21T20:41:11.812+0000] {logging_mixin.py:188} INFO - [2024-04-21T20:41:11.812+0000] {dagbag.py:540} INFO - Filling up the DagBag from /home/airflow/.local/lib/python3.9/site-packages/airflow/example_dags/example_params_ui_tutorial.py
[2024-04-21T20:41:11.825+0000] {processor.py:840} INFO - DAG(s) 'example_params_ui_tutorial' retrieved from /home/airflow/.local/lib/python3.9/site-packages/airflow/example_dags/example_params_ui_tutorial.py
[2024-04-21T20:41:11.929+0000] {logging_mixin.py:188} INFO - [2024-04-21T20:41:11.928+0000] {dag.py:3047} INFO - Sync 1 DAGs
[2024-04-21T20:41:11.944+0000] {logging_mixin.py:188} INFO - [2024-04-21T20:41:11.944+0000] {dag.py:3834} INFO - Setting next_dagrun for example_params_ui_tutorial to None, run_after=None
[2024-04-21T20:41:11.988+0000] {processor.py:183} INFO - Processing /home/airflow/.local/lib/python3.9/site-packages/airflow/example_dags/example_params_ui_tutorial.py took 0.184 seconds
[2024-04-21T20:41:42.036+0000] {processor.py:161} INFO - Started process (PID=711) to work on /home/airflow/.local/lib/python3.9/site-packages/airflow/example_dags/example_params_ui_tutorial.py
[2024-04-21T20:41:42.037+0000] {processor.py:830} INFO - Processing file /home/airflow/.local/lib/python3.9/site-packages/airflow/example_dags/example_params_ui_tutorial.py for tasks to queue
[2024-04-21T20:41:42.040+0000] {logging_mixin.py:188} INFO - [2024-04-21T20:41:42.040+0000] {dagbag.py:540} INFO - Filling up the DagBag from /home/airflow/.local/lib/python3.9/site-packages/airflow/example_dags/example_params_ui_tutorial.py
[2024-04-21T20:41:42.051+0000] {processor.py:840} INFO - DAG(s) 'example_params_ui_tutorial' retrieved from /home/airflow/.local/lib/python3.9/site-packages/airflow/example_dags/example_params_ui_tutorial.py
[2024-04-21T20:41:42.138+0000] {logging_mixin.py:188} INFO - [2024-04-21T20:41:42.138+0000] {dag.py:3047} INFO - Sync 1 DAGs
[2024-04-21T20:41:42.150+0000] {logging_mixin.py:188} INFO - [2024-04-21T20:41:42.149+0000] {dag.py:3834} INFO - Setting next_dagrun for example_params_ui_tutorial to None, run_after=None
[2024-04-21T20:41:42.182+0000] {processor.py:183} INFO - Processing /home/airflow/.local/lib/python3.9/site-packages/airflow/example_dags/example_params_ui_tutorial.py took 0.149 seconds
[2024-04-21T20:42:36.736+0000] {processor.py:161} INFO - Started process (PID=51) to work on /home/airflow/.local/lib/python3.9/site-packages/airflow/example_dags/example_params_ui_tutorial.py
[2024-04-21T20:42:36.738+0000] {processor.py:830} INFO - Processing file /home/airflow/.local/lib/python3.9/site-packages/airflow/example_dags/example_params_ui_tutorial.py for tasks to queue
[2024-04-21T20:42:36.741+0000] {logging_mixin.py:188} INFO - [2024-04-21T20:42:36.740+0000] {dagbag.py:540} INFO - Filling up the DagBag from /home/airflow/.local/lib/python3.9/site-packages/airflow/example_dags/example_params_ui_tutorial.py
[2024-04-21T20:42:36.761+0000] {processor.py:840} INFO - DAG(s) 'example_params_ui_tutorial' retrieved from /home/airflow/.local/lib/python3.9/site-packages/airflow/example_dags/example_params_ui_tutorial.py
[2024-04-21T20:42:36.854+0000] {logging_mixin.py:188} INFO - [2024-04-21T20:42:36.854+0000] {dag.py:3047} INFO - Sync 1 DAGs
[2024-04-21T20:42:36.867+0000] {logging_mixin.py:188} INFO - [2024-04-21T20:42:36.866+0000] {dag.py:3834} INFO - Setting next_dagrun for example_params_ui_tutorial to None, run_after=None
[2024-04-21T20:42:36.901+0000] {processor.py:183} INFO - Processing /home/airflow/.local/lib/python3.9/site-packages/airflow/example_dags/example_params_ui_tutorial.py took 0.169 seconds
[2024-04-21T20:43:07.999+0000] {processor.py:161} INFO - Started process (PID=108) to work on /home/airflow/.local/lib/python3.9/site-packages/airflow/example_dags/example_params_ui_tutorial.py
[2024-04-21T20:43:08.001+0000] {processor.py:830} INFO - Processing file /home/airflow/.local/lib/python3.9/site-packages/airflow/example_dags/example_params_ui_tutorial.py for tasks to queue
[2024-04-21T20:43:08.004+0000] {logging_mixin.py:188} INFO - [2024-04-21T20:43:08.004+0000] {dagbag.py:540} INFO - Filling up the DagBag from /home/airflow/.local/lib/python3.9/site-packages/airflow/example_dags/example_params_ui_tutorial.py
[2024-04-21T20:43:08.027+0000] {processor.py:840} INFO - DAG(s) 'example_params_ui_tutorial' retrieved from /home/airflow/.local/lib/python3.9/site-packages/airflow/example_dags/example_params_ui_tutorial.py
[2024-04-21T20:43:08.195+0000] {logging_mixin.py:188} INFO - [2024-04-21T20:43:08.194+0000] {dag.py:3047} INFO - Sync 1 DAGs
[2024-04-21T20:43:08.212+0000] {logging_mixin.py:188} INFO - [2024-04-21T20:43:08.211+0000] {dag.py:3834} INFO - Setting next_dagrun for example_params_ui_tutorial to None, run_after=None
[2024-04-21T20:43:08.255+0000] {processor.py:183} INFO - Processing /home/airflow/.local/lib/python3.9/site-packages/airflow/example_dags/example_params_ui_tutorial.py took 0.262 seconds
[2024-04-21T20:43:38.535+0000] {processor.py:161} INFO - Started process (PID=165) to work on /home/airflow/.local/lib/python3.9/site-packages/airflow/example_dags/example_params_ui_tutorial.py
[2024-04-21T20:43:38.536+0000] {processor.py:830} INFO - Processing file /home/airflow/.local/lib/python3.9/site-packages/airflow/example_dags/example_params_ui_tutorial.py for tasks to queue
[2024-04-21T20:43:38.539+0000] {logging_mixin.py:188} INFO - [2024-04-21T20:43:38.538+0000] {dagbag.py:540} INFO - Filling up the DagBag from /home/airflow/.local/lib/python3.9/site-packages/airflow/example_dags/example_params_ui_tutorial.py
[2024-04-21T20:43:38.550+0000] {processor.py:840} INFO - DAG(s) 'example_params_ui_tutorial' retrieved from /home/airflow/.local/lib/python3.9/site-packages/airflow/example_dags/example_params_ui_tutorial.py
[2024-04-21T20:43:38.640+0000] {logging_mixin.py:188} INFO - [2024-04-21T20:43:38.639+0000] {dag.py:3047} INFO - Sync 1 DAGs
[2024-04-21T20:43:38.653+0000] {logging_mixin.py:188} INFO - [2024-04-21T20:43:38.653+0000] {dag.py:3834} INFO - Setting next_dagrun for example_params_ui_tutorial to None, run_after=None
[2024-04-21T20:43:38.689+0000] {processor.py:183} INFO - Processing /home/airflow/.local/lib/python3.9/site-packages/airflow/example_dags/example_params_ui_tutorial.py took 0.157 seconds
[2024-04-21T20:44:09.804+0000] {processor.py:161} INFO - Started process (PID=222) to work on /home/airflow/.local/lib/python3.9/site-packages/airflow/example_dags/example_params_ui_tutorial.py
[2024-04-21T20:44:09.806+0000] {processor.py:830} INFO - Processing file /home/airflow/.local/lib/python3.9/site-packages/airflow/example_dags/example_params_ui_tutorial.py for tasks to queue
[2024-04-21T20:44:09.808+0000] {logging_mixin.py:188} INFO - [2024-04-21T20:44:09.808+0000] {dagbag.py:540} INFO - Filling up the DagBag from /home/airflow/.local/lib/python3.9/site-packages/airflow/example_dags/example_params_ui_tutorial.py
[2024-04-21T20:44:09.818+0000] {processor.py:840} INFO - DAG(s) 'example_params_ui_tutorial' retrieved from /home/airflow/.local/lib/python3.9/site-packages/airflow/example_dags/example_params_ui_tutorial.py
[2024-04-21T20:44:09.917+0000] {logging_mixin.py:188} INFO - [2024-04-21T20:44:09.916+0000] {dag.py:3047} INFO - Sync 1 DAGs
[2024-04-21T20:44:09.929+0000] {logging_mixin.py:188} INFO - [2024-04-21T20:44:09.929+0000] {dag.py:3834} INFO - Setting next_dagrun for example_params_ui_tutorial to None, run_after=None
[2024-04-21T20:44:09.964+0000] {processor.py:183} INFO - Processing /home/airflow/.local/lib/python3.9/site-packages/airflow/example_dags/example_params_ui_tutorial.py took 0.162 seconds
[2024-04-21T20:44:41.588+0000] {processor.py:161} INFO - Started process (PID=279) to work on /home/airflow/.local/lib/python3.9/site-packages/airflow/example_dags/example_params_ui_tutorial.py
[2024-04-21T20:44:41.590+0000] {processor.py:830} INFO - Processing file /home/airflow/.local/lib/python3.9/site-packages/airflow/example_dags/example_params_ui_tutorial.py for tasks to queue
[2024-04-21T20:44:41.593+0000] {logging_mixin.py:188} INFO - [2024-04-21T20:44:41.593+0000] {dagbag.py:540} INFO - Filling up the DagBag from /home/airflow/.local/lib/python3.9/site-packages/airflow/example_dags/example_params_ui_tutorial.py
[2024-04-21T20:44:41.606+0000] {processor.py:840} INFO - DAG(s) 'example_params_ui_tutorial' retrieved from /home/airflow/.local/lib/python3.9/site-packages/airflow/example_dags/example_params_ui_tutorial.py
[2024-04-21T20:44:41.705+0000] {logging_mixin.py:188} INFO - [2024-04-21T20:44:41.705+0000] {dag.py:3047} INFO - Sync 1 DAGs
[2024-04-21T20:44:41.718+0000] {logging_mixin.py:188} INFO - [2024-04-21T20:44:41.718+0000] {dag.py:3834} INFO - Setting next_dagrun for example_params_ui_tutorial to None, run_after=None
[2024-04-21T20:44:41.786+0000] {processor.py:183} INFO - Processing /home/airflow/.local/lib/python3.9/site-packages/airflow/example_dags/example_params_ui_tutorial.py took 0.202 seconds
[2024-04-21T20:45:12.232+0000] {processor.py:161} INFO - Started process (PID=336) to work on /home/airflow/.local/lib/python3.9/site-packages/airflow/example_dags/example_params_ui_tutorial.py
[2024-04-21T20:45:12.234+0000] {processor.py:830} INFO - Processing file /home/airflow/.local/lib/python3.9/site-packages/airflow/example_dags/example_params_ui_tutorial.py for tasks to queue
[2024-04-21T20:45:12.236+0000] {logging_mixin.py:188} INFO - [2024-04-21T20:45:12.235+0000] {dagbag.py:540} INFO - Filling up the DagBag from /home/airflow/.local/lib/python3.9/site-packages/airflow/example_dags/example_params_ui_tutorial.py
[2024-04-21T20:45:12.247+0000] {processor.py:840} INFO - DAG(s) 'example_params_ui_tutorial' retrieved from /home/airflow/.local/lib/python3.9/site-packages/airflow/example_dags/example_params_ui_tutorial.py
[2024-04-21T20:45:12.343+0000] {logging_mixin.py:188} INFO - [2024-04-21T20:45:12.342+0000] {dag.py:3047} INFO - Sync 1 DAGs
[2024-04-21T20:45:12.357+0000] {logging_mixin.py:188} INFO - [2024-04-21T20:45:12.357+0000] {dag.py:3834} INFO - Setting next_dagrun for example_params_ui_tutorial to None, run_after=None
[2024-04-21T20:45:12.400+0000] {processor.py:183} INFO - Processing /home/airflow/.local/lib/python3.9/site-packages/airflow/example_dags/example_params_ui_tutorial.py took 0.171 seconds
[2024-04-21T20:45:42.888+0000] {processor.py:161} INFO - Started process (PID=391) to work on /home/airflow/.local/lib/python3.9/site-packages/airflow/example_dags/example_params_ui_tutorial.py
[2024-04-21T20:45:42.890+0000] {processor.py:830} INFO - Processing file /home/airflow/.local/lib/python3.9/site-packages/airflow/example_dags/example_params_ui_tutorial.py for tasks to queue
[2024-04-21T20:45:42.892+0000] {logging_mixin.py:188} INFO - [2024-04-21T20:45:42.892+0000] {dagbag.py:540} INFO - Filling up the DagBag from /home/airflow/.local/lib/python3.9/site-packages/airflow/example_dags/example_params_ui_tutorial.py
[2024-04-21T20:45:42.906+0000] {processor.py:840} INFO - DAG(s) 'example_params_ui_tutorial' retrieved from /home/airflow/.local/lib/python3.9/site-packages/airflow/example_dags/example_params_ui_tutorial.py
[2024-04-21T20:45:43.010+0000] {logging_mixin.py:188} INFO - [2024-04-21T20:45:43.010+0000] {dag.py:3047} INFO - Sync 1 DAGs
[2024-04-21T20:45:43.025+0000] {logging_mixin.py:188} INFO - [2024-04-21T20:45:43.024+0000] {dag.py:3834} INFO - Setting next_dagrun for example_params_ui_tutorial to None, run_after=None
[2024-04-21T20:45:43.064+0000] {processor.py:183} INFO - Processing /home/airflow/.local/lib/python3.9/site-packages/airflow/example_dags/example_params_ui_tutorial.py took 0.179 seconds
[2024-04-21T20:46:13.804+0000] {processor.py:161} INFO - Started process (PID=448) to work on /home/airflow/.local/lib/python3.9/site-packages/airflow/example_dags/example_params_ui_tutorial.py
[2024-04-21T20:46:13.805+0000] {processor.py:830} INFO - Processing file /home/airflow/.local/lib/python3.9/site-packages/airflow/example_dags/example_params_ui_tutorial.py for tasks to queue
[2024-04-21T20:46:13.807+0000] {logging_mixin.py:188} INFO - [2024-04-21T20:46:13.807+0000] {dagbag.py:540} INFO - Filling up the DagBag from /home/airflow/.local/lib/python3.9/site-packages/airflow/example_dags/example_params_ui_tutorial.py
[2024-04-21T20:46:13.818+0000] {processor.py:840} INFO - DAG(s) 'example_params_ui_tutorial' retrieved from /home/airflow/.local/lib/python3.9/site-packages/airflow/example_dags/example_params_ui_tutorial.py
[2024-04-21T20:46:13.907+0000] {logging_mixin.py:188} INFO - [2024-04-21T20:46:13.907+0000] {dag.py:3047} INFO - Sync 1 DAGs
[2024-04-21T20:46:13.919+0000] {logging_mixin.py:188} INFO - [2024-04-21T20:46:13.919+0000] {dag.py:3834} INFO - Setting next_dagrun for example_params_ui_tutorial to None, run_after=None
[2024-04-21T20:46:13.951+0000] {processor.py:183} INFO - Processing /home/airflow/.local/lib/python3.9/site-packages/airflow/example_dags/example_params_ui_tutorial.py took 0.149 seconds
[2024-04-21T20:46:44.263+0000] {processor.py:161} INFO - Started process (PID=505) to work on /home/airflow/.local/lib/python3.9/site-packages/airflow/example_dags/example_params_ui_tutorial.py
[2024-04-21T20:46:44.265+0000] {processor.py:830} INFO - Processing file /home/airflow/.local/lib/python3.9/site-packages/airflow/example_dags/example_params_ui_tutorial.py for tasks to queue
[2024-04-21T20:46:44.267+0000] {logging_mixin.py:188} INFO - [2024-04-21T20:46:44.266+0000] {dagbag.py:540} INFO - Filling up the DagBag from /home/airflow/.local/lib/python3.9/site-packages/airflow/example_dags/example_params_ui_tutorial.py
[2024-04-21T20:46:44.280+0000] {processor.py:840} INFO - DAG(s) 'example_params_ui_tutorial' retrieved from /home/airflow/.local/lib/python3.9/site-packages/airflow/example_dags/example_params_ui_tutorial.py
[2024-04-21T20:46:44.383+0000] {logging_mixin.py:188} INFO - [2024-04-21T20:46:44.383+0000] {dag.py:3047} INFO - Sync 1 DAGs
[2024-04-21T20:46:44.400+0000] {logging_mixin.py:188} INFO - [2024-04-21T20:46:44.399+0000] {dag.py:3834} INFO - Setting next_dagrun for example_params_ui_tutorial to None, run_after=None
[2024-04-21T20:46:44.442+0000] {processor.py:183} INFO - Processing /home/airflow/.local/lib/python3.9/site-packages/airflow/example_dags/example_params_ui_tutorial.py took 0.182 seconds
[2024-04-21T20:47:14.956+0000] {processor.py:161} INFO - Started process (PID=562) to work on /home/airflow/.local/lib/python3.9/site-packages/airflow/example_dags/example_params_ui_tutorial.py
[2024-04-21T20:47:14.957+0000] {processor.py:830} INFO - Processing file /home/airflow/.local/lib/python3.9/site-packages/airflow/example_dags/example_params_ui_tutorial.py for tasks to queue
[2024-04-21T20:47:14.960+0000] {logging_mixin.py:188} INFO - [2024-04-21T20:47:14.959+0000] {dagbag.py:540} INFO - Filling up the DagBag from /home/airflow/.local/lib/python3.9/site-packages/airflow/example_dags/example_params_ui_tutorial.py
[2024-04-21T20:47:14.972+0000] {processor.py:840} INFO - DAG(s) 'example_params_ui_tutorial' retrieved from /home/airflow/.local/lib/python3.9/site-packages/airflow/example_dags/example_params_ui_tutorial.py
[2024-04-21T20:47:15.056+0000] {logging_mixin.py:188} INFO - [2024-04-21T20:47:15.056+0000] {dag.py:3047} INFO - Sync 1 DAGs
[2024-04-21T20:47:15.068+0000] {logging_mixin.py:188} INFO - [2024-04-21T20:47:15.067+0000] {dag.py:3834} INFO - Setting next_dagrun for example_params_ui_tutorial to None, run_after=None
[2024-04-21T20:47:15.098+0000] {processor.py:183} INFO - Processing /home/airflow/.local/lib/python3.9/site-packages/airflow/example_dags/example_params_ui_tutorial.py took 0.145 seconds
[2024-04-21T20:47:45.857+0000] {processor.py:161} INFO - Started process (PID=619) to work on /home/airflow/.local/lib/python3.9/site-packages/airflow/example_dags/example_params_ui_tutorial.py
[2024-04-21T20:47:45.859+0000] {processor.py:830} INFO - Processing file /home/airflow/.local/lib/python3.9/site-packages/airflow/example_dags/example_params_ui_tutorial.py for tasks to queue
[2024-04-21T20:47:45.861+0000] {logging_mixin.py:188} INFO - [2024-04-21T20:47:45.860+0000] {dagbag.py:540} INFO - Filling up the DagBag from /home/airflow/.local/lib/python3.9/site-packages/airflow/example_dags/example_params_ui_tutorial.py
[2024-04-21T20:47:45.871+0000] {processor.py:840} INFO - DAG(s) 'example_params_ui_tutorial' retrieved from /home/airflow/.local/lib/python3.9/site-packages/airflow/example_dags/example_params_ui_tutorial.py
[2024-04-21T20:47:45.961+0000] {logging_mixin.py:188} INFO - [2024-04-21T20:47:45.961+0000] {dag.py:3047} INFO - Sync 1 DAGs
[2024-04-21T20:47:45.973+0000] {logging_mixin.py:188} INFO - [2024-04-21T20:47:45.973+0000] {dag.py:3834} INFO - Setting next_dagrun for example_params_ui_tutorial to None, run_after=None
[2024-04-21T20:47:46.002+0000] {processor.py:183} INFO - Processing /home/airflow/.local/lib/python3.9/site-packages/airflow/example_dags/example_params_ui_tutorial.py took 0.147 seconds
[2024-04-21T21:00:45.959+0000] {processor.py:161} INFO - Started process (PID=51) to work on /home/airflow/.local/lib/python3.9/site-packages/airflow/example_dags/example_params_ui_tutorial.py
[2024-04-21T21:00:45.963+0000] {processor.py:830} INFO - Processing file /home/airflow/.local/lib/python3.9/site-packages/airflow/example_dags/example_params_ui_tutorial.py for tasks to queue
[2024-04-21T21:00:45.966+0000] {logging_mixin.py:188} INFO - [2024-04-21T21:00:45.965+0000] {dagbag.py:540} INFO - Filling up the DagBag from /home/airflow/.local/lib/python3.9/site-packages/airflow/example_dags/example_params_ui_tutorial.py
[2024-04-21T21:00:45.990+0000] {processor.py:840} INFO - DAG(s) 'example_params_ui_tutorial' retrieved from /home/airflow/.local/lib/python3.9/site-packages/airflow/example_dags/example_params_ui_tutorial.py
[2024-04-21T21:00:46.517+0000] {logging_mixin.py:188} INFO - [2024-04-21T21:00:46.516+0000] {dag.py:3047} INFO - Sync 1 DAGs
[2024-04-21T21:00:46.551+0000] {logging_mixin.py:188} INFO - [2024-04-21T21:00:46.551+0000] {dag.py:3834} INFO - Setting next_dagrun for example_params_ui_tutorial to None, run_after=None
[2024-04-21T21:00:46.636+0000] {processor.py:183} INFO - Processing /home/airflow/.local/lib/python3.9/site-packages/airflow/example_dags/example_params_ui_tutorial.py took 0.680 seconds
[2024-04-21T21:01:17.246+0000] {processor.py:161} INFO - Started process (PID=109) to work on /home/airflow/.local/lib/python3.9/site-packages/airflow/example_dags/example_params_ui_tutorial.py
[2024-04-21T21:01:17.248+0000] {processor.py:830} INFO - Processing file /home/airflow/.local/lib/python3.9/site-packages/airflow/example_dags/example_params_ui_tutorial.py for tasks to queue
[2024-04-21T21:01:17.250+0000] {logging_mixin.py:188} INFO - [2024-04-21T21:01:17.250+0000] {dagbag.py:540} INFO - Filling up the DagBag from /home/airflow/.local/lib/python3.9/site-packages/airflow/example_dags/example_params_ui_tutorial.py
[2024-04-21T21:01:17.263+0000] {processor.py:840} INFO - DAG(s) 'example_params_ui_tutorial' retrieved from /home/airflow/.local/lib/python3.9/site-packages/airflow/example_dags/example_params_ui_tutorial.py
[2024-04-21T21:01:17.384+0000] {logging_mixin.py:188} INFO - [2024-04-21T21:01:17.384+0000] {dag.py:3047} INFO - Sync 1 DAGs
[2024-04-21T21:01:17.398+0000] {logging_mixin.py:188} INFO - [2024-04-21T21:01:17.398+0000] {dag.py:3834} INFO - Setting next_dagrun for example_params_ui_tutorial to None, run_after=None
[2024-04-21T21:01:17.436+0000] {processor.py:183} INFO - Processing /home/airflow/.local/lib/python3.9/site-packages/airflow/example_dags/example_params_ui_tutorial.py took 0.193 seconds
[2024-04-21T21:04:18.570+0000] {processor.py:161} INFO - Started process (PID=63) to work on /home/airflow/.local/lib/python3.9/site-packages/airflow/example_dags/example_params_ui_tutorial.py
[2024-04-21T21:04:18.573+0000] {processor.py:830} INFO - Processing file /home/airflow/.local/lib/python3.9/site-packages/airflow/example_dags/example_params_ui_tutorial.py for tasks to queue
[2024-04-21T21:04:18.579+0000] {logging_mixin.py:188} INFO - [2024-04-21T21:04:18.577+0000] {dagbag.py:540} INFO - Filling up the DagBag from /home/airflow/.local/lib/python3.9/site-packages/airflow/example_dags/example_params_ui_tutorial.py
[2024-04-21T21:04:18.641+0000] {processor.py:840} INFO - DAG(s) 'example_params_ui_tutorial' retrieved from /home/airflow/.local/lib/python3.9/site-packages/airflow/example_dags/example_params_ui_tutorial.py
[2024-04-21T21:04:28.234+0000] {logging_mixin.py:188} INFO - [2024-04-21T21:04:28.231+0000] {dag.py:3047} INFO - Sync 1 DAGs
[2024-04-21T21:04:28.277+0000] {logging_mixin.py:188} INFO - [2024-04-21T21:04:28.277+0000] {dag.py:3834} INFO - Setting next_dagrun for example_params_ui_tutorial to None, run_after=None
[2024-04-21T21:04:28.345+0000] {processor.py:183} INFO - Processing /home/airflow/.local/lib/python3.9/site-packages/airflow/example_dags/example_params_ui_tutorial.py took 9.784 seconds
[2024-04-21T21:04:58.397+0000] {processor.py:161} INFO - Started process (PID=120) to work on /home/airflow/.local/lib/python3.9/site-packages/airflow/example_dags/example_params_ui_tutorial.py
[2024-04-21T21:04:58.398+0000] {processor.py:830} INFO - Processing file /home/airflow/.local/lib/python3.9/site-packages/airflow/example_dags/example_params_ui_tutorial.py for tasks to queue
[2024-04-21T21:04:58.401+0000] {logging_mixin.py:188} INFO - [2024-04-21T21:04:58.401+0000] {dagbag.py:540} INFO - Filling up the DagBag from /home/airflow/.local/lib/python3.9/site-packages/airflow/example_dags/example_params_ui_tutorial.py
[2024-04-21T21:04:58.415+0000] {processor.py:840} INFO - DAG(s) 'example_params_ui_tutorial' retrieved from /home/airflow/.local/lib/python3.9/site-packages/airflow/example_dags/example_params_ui_tutorial.py
[2024-04-21T21:04:58.510+0000] {logging_mixin.py:188} INFO - [2024-04-21T21:04:58.510+0000] {dag.py:3047} INFO - Sync 1 DAGs
[2024-04-21T21:04:58.528+0000] {logging_mixin.py:188} INFO - [2024-04-21T21:04:58.528+0000] {dag.py:3834} INFO - Setting next_dagrun for example_params_ui_tutorial to None, run_after=None
[2024-04-21T21:04:58.563+0000] {processor.py:183} INFO - Processing /home/airflow/.local/lib/python3.9/site-packages/airflow/example_dags/example_params_ui_tutorial.py took 0.171 seconds
[2024-04-21T21:05:28.641+0000] {processor.py:161} INFO - Started process (PID=181) to work on /home/airflow/.local/lib/python3.9/site-packages/airflow/example_dags/example_params_ui_tutorial.py
[2024-04-21T21:05:28.642+0000] {processor.py:830} INFO - Processing file /home/airflow/.local/lib/python3.9/site-packages/airflow/example_dags/example_params_ui_tutorial.py for tasks to queue
[2024-04-21T21:05:28.645+0000] {logging_mixin.py:188} INFO - [2024-04-21T21:05:28.644+0000] {dagbag.py:540} INFO - Filling up the DagBag from /home/airflow/.local/lib/python3.9/site-packages/airflow/example_dags/example_params_ui_tutorial.py
[2024-04-21T21:05:28.655+0000] {processor.py:840} INFO - DAG(s) 'example_params_ui_tutorial' retrieved from /home/airflow/.local/lib/python3.9/site-packages/airflow/example_dags/example_params_ui_tutorial.py
[2024-04-21T21:05:28.740+0000] {logging_mixin.py:188} INFO - [2024-04-21T21:05:28.740+0000] {dag.py:3047} INFO - Sync 1 DAGs
[2024-04-21T21:05:28.754+0000] {logging_mixin.py:188} INFO - [2024-04-21T21:05:28.753+0000] {dag.py:3834} INFO - Setting next_dagrun for example_params_ui_tutorial to None, run_after=None
[2024-04-21T21:05:28.789+0000] {processor.py:183} INFO - Processing /home/airflow/.local/lib/python3.9/site-packages/airflow/example_dags/example_params_ui_tutorial.py took 0.151 seconds
[2024-04-21T21:05:58.977+0000] {processor.py:161} INFO - Started process (PID=242) to work on /home/airflow/.local/lib/python3.9/site-packages/airflow/example_dags/example_params_ui_tutorial.py
[2024-04-21T21:05:58.982+0000] {processor.py:830} INFO - Processing file /home/airflow/.local/lib/python3.9/site-packages/airflow/example_dags/example_params_ui_tutorial.py for tasks to queue
[2024-04-21T21:05:58.994+0000] {logging_mixin.py:188} INFO - [2024-04-21T21:05:58.993+0000] {dagbag.py:540} INFO - Filling up the DagBag from /home/airflow/.local/lib/python3.9/site-packages/airflow/example_dags/example_params_ui_tutorial.py
[2024-04-21T21:05:59.059+0000] {processor.py:840} INFO - DAG(s) 'example_params_ui_tutorial' retrieved from /home/airflow/.local/lib/python3.9/site-packages/airflow/example_dags/example_params_ui_tutorial.py
[2024-04-21T21:05:59.305+0000] {logging_mixin.py:188} INFO - [2024-04-21T21:05:59.304+0000] {dag.py:3047} INFO - Sync 1 DAGs
[2024-04-21T21:05:59.336+0000] {logging_mixin.py:188} INFO - [2024-04-21T21:05:59.335+0000] {dag.py:3834} INFO - Setting next_dagrun for example_params_ui_tutorial to None, run_after=None
[2024-04-21T21:05:59.383+0000] {processor.py:183} INFO - Processing /home/airflow/.local/lib/python3.9/site-packages/airflow/example_dags/example_params_ui_tutorial.py took 0.420 seconds
