[2024-04-21T19:52:08.498+0000] {processor.py:161} INFO - Started process (PID=85) to work on /home/airflow/.local/lib/python3.9/site-packages/airflow/example_dags/example_branch_day_of_week_operator.py
[2024-04-21T19:52:08.499+0000] {processor.py:830} INFO - Processing file /home/airflow/.local/lib/python3.9/site-packages/airflow/example_dags/example_branch_day_of_week_operator.py for tasks to queue
[2024-04-21T19:52:08.503+0000] {logging_mixin.py:188} INFO - [2024-04-21T19:52:08.503+0000] {dagbag.py:540} INFO - Filling up the DagBag from /home/airflow/.local/lib/python3.9/site-packages/airflow/example_dags/example_branch_day_of_week_operator.py
[2024-04-21T19:52:08.536+0000] {processor.py:840} INFO - DAG(s) 'example_weekday_branch_operator' retrieved from /home/airflow/.local/lib/python3.9/site-packages/airflow/example_dags/example_branch_day_of_week_operator.py
[2024-04-21T19:52:08.778+0000] {logging_mixin.py:188} INFO - [2024-04-21T19:52:08.778+0000] {dag.py:3047} INFO - Sync 1 DAGs
[2024-04-21T19:52:08.812+0000] {logging_mixin.py:188} INFO - [2024-04-21T19:52:08.812+0000] {dag.py:3834} INFO - Setting next_dagrun for example_weekday_branch_operator to 2024-04-20 00:00:00+00:00, run_after=2024-04-21 00:00:00+00:00
[2024-04-21T19:52:08.861+0000] {processor.py:183} INFO - Processing /home/airflow/.local/lib/python3.9/site-packages/airflow/example_dags/example_branch_day_of_week_operator.py took 0.368 seconds
[2024-04-21T19:52:39.802+0000] {processor.py:161} INFO - Started process (PID=142) to work on /home/airflow/.local/lib/python3.9/site-packages/airflow/example_dags/example_branch_day_of_week_operator.py
[2024-04-21T19:52:39.803+0000] {processor.py:830} INFO - Processing file /home/airflow/.local/lib/python3.9/site-packages/airflow/example_dags/example_branch_day_of_week_operator.py for tasks to queue
[2024-04-21T19:52:39.807+0000] {logging_mixin.py:188} INFO - [2024-04-21T19:52:39.806+0000] {dagbag.py:540} INFO - Filling up the DagBag from /home/airflow/.local/lib/python3.9/site-packages/airflow/example_dags/example_branch_day_of_week_operator.py
[2024-04-21T19:52:39.825+0000] {processor.py:840} INFO - DAG(s) 'example_weekday_branch_operator' retrieved from /home/airflow/.local/lib/python3.9/site-packages/airflow/example_dags/example_branch_day_of_week_operator.py
[2024-04-21T19:52:39.953+0000] {logging_mixin.py:188} INFO - [2024-04-21T19:52:39.952+0000] {dag.py:3047} INFO - Sync 1 DAGs
[2024-04-21T19:52:39.995+0000] {logging_mixin.py:188} INFO - [2024-04-21T19:52:39.995+0000] {dag.py:3834} INFO - Setting next_dagrun for example_weekday_branch_operator to 2024-04-20 00:00:00+00:00, run_after=2024-04-21 00:00:00+00:00
[2024-04-21T19:52:40.060+0000] {processor.py:183} INFO - Processing /home/airflow/.local/lib/python3.9/site-packages/airflow/example_dags/example_branch_day_of_week_operator.py took 0.263 seconds
[2024-04-21T19:53:10.955+0000] {processor.py:161} INFO - Started process (PID=199) to work on /home/airflow/.local/lib/python3.9/site-packages/airflow/example_dags/example_branch_day_of_week_operator.py
[2024-04-21T19:53:10.956+0000] {processor.py:830} INFO - Processing file /home/airflow/.local/lib/python3.9/site-packages/airflow/example_dags/example_branch_day_of_week_operator.py for tasks to queue
[2024-04-21T19:53:10.961+0000] {logging_mixin.py:188} INFO - [2024-04-21T19:53:10.959+0000] {dagbag.py:540} INFO - Filling up the DagBag from /home/airflow/.local/lib/python3.9/site-packages/airflow/example_dags/example_branch_day_of_week_operator.py
[2024-04-21T19:53:10.978+0000] {processor.py:840} INFO - DAG(s) 'example_weekday_branch_operator' retrieved from /home/airflow/.local/lib/python3.9/site-packages/airflow/example_dags/example_branch_day_of_week_operator.py
[2024-04-21T19:53:11.134+0000] {logging_mixin.py:188} INFO - [2024-04-21T19:53:11.133+0000] {dag.py:3047} INFO - Sync 1 DAGs
[2024-04-21T19:53:11.187+0000] {logging_mixin.py:188} INFO - [2024-04-21T19:53:11.187+0000] {dag.py:3834} INFO - Setting next_dagrun for example_weekday_branch_operator to 2024-04-20 00:00:00+00:00, run_after=2024-04-21 00:00:00+00:00
[2024-04-21T19:53:11.251+0000] {processor.py:183} INFO - Processing /home/airflow/.local/lib/python3.9/site-packages/airflow/example_dags/example_branch_day_of_week_operator.py took 0.311 seconds
[2024-04-21T19:53:41.320+0000] {processor.py:161} INFO - Started process (PID=259) to work on /home/airflow/.local/lib/python3.9/site-packages/airflow/example_dags/example_branch_day_of_week_operator.py
[2024-04-21T19:53:41.322+0000] {processor.py:830} INFO - Processing file /home/airflow/.local/lib/python3.9/site-packages/airflow/example_dags/example_branch_day_of_week_operator.py for tasks to queue
[2024-04-21T19:53:41.325+0000] {logging_mixin.py:188} INFO - [2024-04-21T19:53:41.324+0000] {dagbag.py:540} INFO - Filling up the DagBag from /home/airflow/.local/lib/python3.9/site-packages/airflow/example_dags/example_branch_day_of_week_operator.py
[2024-04-21T19:53:41.335+0000] {processor.py:840} INFO - DAG(s) 'example_weekday_branch_operator' retrieved from /home/airflow/.local/lib/python3.9/site-packages/airflow/example_dags/example_branch_day_of_week_operator.py
[2024-04-21T19:53:41.420+0000] {logging_mixin.py:188} INFO - [2024-04-21T19:53:41.420+0000] {dag.py:3047} INFO - Sync 1 DAGs
[2024-04-21T19:53:41.454+0000] {logging_mixin.py:188} INFO - [2024-04-21T19:53:41.454+0000] {dag.py:3834} INFO - Setting next_dagrun for example_weekday_branch_operator to 2024-04-20 00:00:00+00:00, run_after=2024-04-21 00:00:00+00:00
[2024-04-21T19:53:41.502+0000] {processor.py:183} INFO - Processing /home/airflow/.local/lib/python3.9/site-packages/airflow/example_dags/example_branch_day_of_week_operator.py took 0.186 seconds
[2024-04-21T19:54:37.589+0000] {processor.py:161} INFO - Started process (PID=79) to work on /home/airflow/.local/lib/python3.9/site-packages/airflow/example_dags/example_branch_day_of_week_operator.py
[2024-04-21T19:54:37.591+0000] {processor.py:830} INFO - Processing file /home/airflow/.local/lib/python3.9/site-packages/airflow/example_dags/example_branch_day_of_week_operator.py for tasks to queue
[2024-04-21T19:54:37.593+0000] {logging_mixin.py:188} INFO - [2024-04-21T19:54:37.593+0000] {dagbag.py:540} INFO - Filling up the DagBag from /home/airflow/.local/lib/python3.9/site-packages/airflow/example_dags/example_branch_day_of_week_operator.py
[2024-04-21T19:54:37.601+0000] {processor.py:840} INFO - DAG(s) 'example_weekday_branch_operator' retrieved from /home/airflow/.local/lib/python3.9/site-packages/airflow/example_dags/example_branch_day_of_week_operator.py
[2024-04-21T19:54:37.663+0000] {logging_mixin.py:188} INFO - [2024-04-21T19:54:37.662+0000] {dag.py:3047} INFO - Sync 1 DAGs
[2024-04-21T19:54:37.691+0000] {logging_mixin.py:188} INFO - [2024-04-21T19:54:37.691+0000] {dag.py:3834} INFO - Setting next_dagrun for example_weekday_branch_operator to 2024-04-20 00:00:00+00:00, run_after=2024-04-21 00:00:00+00:00
[2024-04-21T19:54:37.728+0000] {processor.py:183} INFO - Processing /home/airflow/.local/lib/python3.9/site-packages/airflow/example_dags/example_branch_day_of_week_operator.py took 0.142 seconds
[2024-04-21T19:55:23.206+0000] {processor.py:161} INFO - Started process (PID=146) to work on /home/airflow/.local/lib/python3.9/site-packages/airflow/example_dags/example_branch_day_of_week_operator.py
[2024-04-21T19:55:23.208+0000] {processor.py:830} INFO - Processing file /home/airflow/.local/lib/python3.9/site-packages/airflow/example_dags/example_branch_day_of_week_operator.py for tasks to queue
[2024-04-21T19:55:23.210+0000] {logging_mixin.py:188} INFO - [2024-04-21T19:55:23.210+0000] {dagbag.py:540} INFO - Filling up the DagBag from /home/airflow/.local/lib/python3.9/site-packages/airflow/example_dags/example_branch_day_of_week_operator.py
[2024-04-21T19:55:23.219+0000] {processor.py:840} INFO - DAG(s) 'example_weekday_branch_operator' retrieved from /home/airflow/.local/lib/python3.9/site-packages/airflow/example_dags/example_branch_day_of_week_operator.py
[2024-04-21T19:55:23.291+0000] {logging_mixin.py:188} INFO - [2024-04-21T19:55:23.290+0000] {dag.py:3047} INFO - Sync 1 DAGs
[2024-04-21T19:55:23.319+0000] {logging_mixin.py:188} INFO - [2024-04-21T19:55:23.318+0000] {dag.py:3834} INFO - Setting next_dagrun for example_weekday_branch_operator to 2024-04-20 00:00:00+00:00, run_after=2024-04-21 00:00:00+00:00
[2024-04-21T19:55:23.360+0000] {processor.py:183} INFO - Processing /home/airflow/.local/lib/python3.9/site-packages/airflow/example_dags/example_branch_day_of_week_operator.py took 0.156 seconds
[2024-04-21T19:59:03.160+0000] {processor.py:161} INFO - Started process (PID=220) to work on /home/airflow/.local/lib/python3.9/site-packages/airflow/example_dags/example_branch_day_of_week_operator.py
[2024-04-21T19:59:03.162+0000] {processor.py:830} INFO - Processing file /home/airflow/.local/lib/python3.9/site-packages/airflow/example_dags/example_branch_day_of_week_operator.py for tasks to queue
[2024-04-21T19:59:03.164+0000] {logging_mixin.py:188} INFO - [2024-04-21T19:59:03.163+0000] {dagbag.py:540} INFO - Filling up the DagBag from /home/airflow/.local/lib/python3.9/site-packages/airflow/example_dags/example_branch_day_of_week_operator.py
[2024-04-21T19:59:03.173+0000] {processor.py:840} INFO - DAG(s) 'example_weekday_branch_operator' retrieved from /home/airflow/.local/lib/python3.9/site-packages/airflow/example_dags/example_branch_day_of_week_operator.py
[2024-04-21T19:59:03.248+0000] {logging_mixin.py:188} INFO - [2024-04-21T19:59:03.246+0000] {dag.py:3047} INFO - Sync 1 DAGs
[2024-04-21T19:59:03.294+0000] {logging_mixin.py:188} INFO - [2024-04-21T19:59:03.294+0000] {dag.py:3834} INFO - Setting next_dagrun for example_weekday_branch_operator to 2024-04-20 00:00:00+00:00, run_after=2024-04-21 00:00:00+00:00
[2024-04-21T19:59:03.352+0000] {processor.py:183} INFO - Processing /home/airflow/.local/lib/python3.9/site-packages/airflow/example_dags/example_branch_day_of_week_operator.py took 0.195 seconds
[2024-04-21T20:03:13.890+0000] {processor.py:161} INFO - Started process (PID=292) to work on /home/airflow/.local/lib/python3.9/site-packages/airflow/example_dags/example_branch_day_of_week_operator.py
[2024-04-21T20:03:13.891+0000] {processor.py:830} INFO - Processing file /home/airflow/.local/lib/python3.9/site-packages/airflow/example_dags/example_branch_day_of_week_operator.py for tasks to queue
[2024-04-21T20:03:13.892+0000] {logging_mixin.py:188} INFO - [2024-04-21T20:03:13.892+0000] {dagbag.py:540} INFO - Filling up the DagBag from /home/airflow/.local/lib/python3.9/site-packages/airflow/example_dags/example_branch_day_of_week_operator.py
[2024-04-21T20:03:13.900+0000] {processor.py:840} INFO - DAG(s) 'example_weekday_branch_operator' retrieved from /home/airflow/.local/lib/python3.9/site-packages/airflow/example_dags/example_branch_day_of_week_operator.py
[2024-04-21T20:03:13.959+0000] {logging_mixin.py:188} INFO - [2024-04-21T20:03:13.959+0000] {dag.py:3047} INFO - Sync 1 DAGs
[2024-04-21T20:03:13.983+0000] {logging_mixin.py:188} INFO - [2024-04-21T20:03:13.982+0000] {dag.py:3834} INFO - Setting next_dagrun for example_weekday_branch_operator to 2024-04-20 00:00:00+00:00, run_after=2024-04-21 00:00:00+00:00
[2024-04-21T20:03:14.024+0000] {processor.py:183} INFO - Processing /home/airflow/.local/lib/python3.9/site-packages/airflow/example_dags/example_branch_day_of_week_operator.py took 0.139 seconds
[2024-04-21T20:04:23.011+0000] {processor.py:161} INFO - Started process (PID=359) to work on /home/airflow/.local/lib/python3.9/site-packages/airflow/example_dags/example_branch_day_of_week_operator.py
[2024-04-21T20:04:23.012+0000] {processor.py:830} INFO - Processing file /home/airflow/.local/lib/python3.9/site-packages/airflow/example_dags/example_branch_day_of_week_operator.py for tasks to queue
[2024-04-21T20:04:23.013+0000] {logging_mixin.py:188} INFO - [2024-04-21T20:04:23.013+0000] {dagbag.py:540} INFO - Filling up the DagBag from /home/airflow/.local/lib/python3.9/site-packages/airflow/example_dags/example_branch_day_of_week_operator.py
[2024-04-21T20:04:23.020+0000] {processor.py:840} INFO - DAG(s) 'example_weekday_branch_operator' retrieved from /home/airflow/.local/lib/python3.9/site-packages/airflow/example_dags/example_branch_day_of_week_operator.py
[2024-04-21T20:04:23.076+0000] {logging_mixin.py:188} INFO - [2024-04-21T20:04:23.076+0000] {dag.py:3047} INFO - Sync 1 DAGs
[2024-04-21T20:04:23.100+0000] {logging_mixin.py:188} INFO - [2024-04-21T20:04:23.099+0000] {dag.py:3834} INFO - Setting next_dagrun for example_weekday_branch_operator to 2024-04-20 00:00:00+00:00, run_after=2024-04-21 00:00:00+00:00
[2024-04-21T20:04:23.133+0000] {processor.py:183} INFO - Processing /home/airflow/.local/lib/python3.9/site-packages/airflow/example_dags/example_branch_day_of_week_operator.py took 0.125 seconds
[2024-04-21T20:04:54.633+0000] {processor.py:161} INFO - Started process (PID=416) to work on /home/airflow/.local/lib/python3.9/site-packages/airflow/example_dags/example_branch_day_of_week_operator.py
[2024-04-21T20:04:54.634+0000] {processor.py:830} INFO - Processing file /home/airflow/.local/lib/python3.9/site-packages/airflow/example_dags/example_branch_day_of_week_operator.py for tasks to queue
[2024-04-21T20:04:54.636+0000] {logging_mixin.py:188} INFO - [2024-04-21T20:04:54.636+0000] {dagbag.py:540} INFO - Filling up the DagBag from /home/airflow/.local/lib/python3.9/site-packages/airflow/example_dags/example_branch_day_of_week_operator.py
[2024-04-21T20:04:54.644+0000] {processor.py:840} INFO - DAG(s) 'example_weekday_branch_operator' retrieved from /home/airflow/.local/lib/python3.9/site-packages/airflow/example_dags/example_branch_day_of_week_operator.py
[2024-04-21T20:04:54.715+0000] {logging_mixin.py:188} INFO - [2024-04-21T20:04:54.715+0000] {dag.py:3047} INFO - Sync 1 DAGs
[2024-04-21T20:04:54.754+0000] {logging_mixin.py:188} INFO - [2024-04-21T20:04:54.753+0000] {dag.py:3834} INFO - Setting next_dagrun for example_weekday_branch_operator to 2024-04-20 00:00:00+00:00, run_after=2024-04-21 00:00:00+00:00
[2024-04-21T20:04:54.801+0000] {processor.py:183} INFO - Processing /home/airflow/.local/lib/python3.9/site-packages/airflow/example_dags/example_branch_day_of_week_operator.py took 0.171 seconds
[2024-04-21T20:05:25.412+0000] {processor.py:161} INFO - Started process (PID=473) to work on /home/airflow/.local/lib/python3.9/site-packages/airflow/example_dags/example_branch_day_of_week_operator.py
[2024-04-21T20:05:25.414+0000] {processor.py:830} INFO - Processing file /home/airflow/.local/lib/python3.9/site-packages/airflow/example_dags/example_branch_day_of_week_operator.py for tasks to queue
[2024-04-21T20:05:25.416+0000] {logging_mixin.py:188} INFO - [2024-04-21T20:05:25.416+0000] {dagbag.py:540} INFO - Filling up the DagBag from /home/airflow/.local/lib/python3.9/site-packages/airflow/example_dags/example_branch_day_of_week_operator.py
[2024-04-21T20:05:25.428+0000] {processor.py:840} INFO - DAG(s) 'example_weekday_branch_operator' retrieved from /home/airflow/.local/lib/python3.9/site-packages/airflow/example_dags/example_branch_day_of_week_operator.py
[2024-04-21T20:05:25.543+0000] {logging_mixin.py:188} INFO - [2024-04-21T20:05:25.542+0000] {dag.py:3047} INFO - Sync 1 DAGs
[2024-04-21T20:05:25.590+0000] {logging_mixin.py:188} INFO - [2024-04-21T20:05:25.590+0000] {dag.py:3834} INFO - Setting next_dagrun for example_weekday_branch_operator to 2024-04-20 00:00:00+00:00, run_after=2024-04-21 00:00:00+00:00
[2024-04-21T20:05:25.647+0000] {processor.py:183} INFO - Processing /home/airflow/.local/lib/python3.9/site-packages/airflow/example_dags/example_branch_day_of_week_operator.py took 0.240 seconds
[2024-04-21T20:05:57.612+0000] {processor.py:161} INFO - Started process (PID=534) to work on /home/airflow/.local/lib/python3.9/site-packages/airflow/example_dags/example_branch_day_of_week_operator.py
[2024-04-21T20:05:57.613+0000] {processor.py:830} INFO - Processing file /home/airflow/.local/lib/python3.9/site-packages/airflow/example_dags/example_branch_day_of_week_operator.py for tasks to queue
[2024-04-21T20:05:57.616+0000] {logging_mixin.py:188} INFO - [2024-04-21T20:05:57.615+0000] {dagbag.py:540} INFO - Filling up the DagBag from /home/airflow/.local/lib/python3.9/site-packages/airflow/example_dags/example_branch_day_of_week_operator.py
[2024-04-21T20:05:57.632+0000] {processor.py:840} INFO - DAG(s) 'example_weekday_branch_operator' retrieved from /home/airflow/.local/lib/python3.9/site-packages/airflow/example_dags/example_branch_day_of_week_operator.py
[2024-04-21T20:05:57.780+0000] {logging_mixin.py:188} INFO - [2024-04-21T20:05:57.780+0000] {dag.py:3047} INFO - Sync 1 DAGs
[2024-04-21T20:05:57.826+0000] {logging_mixin.py:188} INFO - [2024-04-21T20:05:57.826+0000] {dag.py:3834} INFO - Setting next_dagrun for example_weekday_branch_operator to 2024-04-20 00:00:00+00:00, run_after=2024-04-21 00:00:00+00:00
[2024-04-21T20:05:57.893+0000] {processor.py:183} INFO - Processing /home/airflow/.local/lib/python3.9/site-packages/airflow/example_dags/example_branch_day_of_week_operator.py took 0.289 seconds
[2024-04-21T20:06:50.229+0000] {processor.py:161} INFO - Started process (PID=593) to work on /home/airflow/.local/lib/python3.9/site-packages/airflow/example_dags/example_branch_day_of_week_operator.py
[2024-04-21T20:06:50.230+0000] {processor.py:830} INFO - Processing file /home/airflow/.local/lib/python3.9/site-packages/airflow/example_dags/example_branch_day_of_week_operator.py for tasks to queue
[2024-04-21T20:06:50.231+0000] {logging_mixin.py:188} INFO - [2024-04-21T20:06:50.231+0000] {dagbag.py:540} INFO - Filling up the DagBag from /home/airflow/.local/lib/python3.9/site-packages/airflow/example_dags/example_branch_day_of_week_operator.py
[2024-04-21T20:06:50.239+0000] {processor.py:840} INFO - DAG(s) 'example_weekday_branch_operator' retrieved from /home/airflow/.local/lib/python3.9/site-packages/airflow/example_dags/example_branch_day_of_week_operator.py
[2024-04-21T20:06:50.306+0000] {logging_mixin.py:188} INFO - [2024-04-21T20:06:50.306+0000] {dag.py:3047} INFO - Sync 1 DAGs
[2024-04-21T20:06:50.333+0000] {logging_mixin.py:188} INFO - [2024-04-21T20:06:50.332+0000] {dag.py:3834} INFO - Setting next_dagrun for example_weekday_branch_operator to 2024-04-20 00:00:00+00:00, run_after=2024-04-21 00:00:00+00:00
[2024-04-21T20:06:50.375+0000] {processor.py:183} INFO - Processing /home/airflow/.local/lib/python3.9/site-packages/airflow/example_dags/example_branch_day_of_week_operator.py took 0.149 seconds
[2024-04-21T20:07:22.418+0000] {processor.py:161} INFO - Started process (PID=651) to work on /home/airflow/.local/lib/python3.9/site-packages/airflow/example_dags/example_branch_day_of_week_operator.py
[2024-04-21T20:07:22.420+0000] {processor.py:830} INFO - Processing file /home/airflow/.local/lib/python3.9/site-packages/airflow/example_dags/example_branch_day_of_week_operator.py for tasks to queue
[2024-04-21T20:07:22.422+0000] {logging_mixin.py:188} INFO - [2024-04-21T20:07:22.421+0000] {dagbag.py:540} INFO - Filling up the DagBag from /home/airflow/.local/lib/python3.9/site-packages/airflow/example_dags/example_branch_day_of_week_operator.py
[2024-04-21T20:07:22.438+0000] {processor.py:840} INFO - DAG(s) 'example_weekday_branch_operator' retrieved from /home/airflow/.local/lib/python3.9/site-packages/airflow/example_dags/example_branch_day_of_week_operator.py
[2024-04-21T20:07:22.757+0000] {logging_mixin.py:188} INFO - [2024-04-21T20:07:22.755+0000] {dag.py:3047} INFO - Sync 1 DAGs
[2024-04-21T20:07:22.794+0000] {logging_mixin.py:188} INFO - [2024-04-21T20:07:22.793+0000] {dag.py:3834} INFO - Setting next_dagrun for example_weekday_branch_operator to 2024-04-20 00:00:00+00:00, run_after=2024-04-21 00:00:00+00:00
[2024-04-21T20:07:22.856+0000] {processor.py:183} INFO - Processing /home/airflow/.local/lib/python3.9/site-packages/airflow/example_dags/example_branch_day_of_week_operator.py took 0.444 seconds
[2024-04-21T20:07:52.959+0000] {processor.py:161} INFO - Started process (PID=709) to work on /home/airflow/.local/lib/python3.9/site-packages/airflow/example_dags/example_branch_day_of_week_operator.py
[2024-04-21T20:07:52.960+0000] {processor.py:830} INFO - Processing file /home/airflow/.local/lib/python3.9/site-packages/airflow/example_dags/example_branch_day_of_week_operator.py for tasks to queue
[2024-04-21T20:07:52.962+0000] {logging_mixin.py:188} INFO - [2024-04-21T20:07:52.961+0000] {dagbag.py:540} INFO - Filling up the DagBag from /home/airflow/.local/lib/python3.9/site-packages/airflow/example_dags/example_branch_day_of_week_operator.py
[2024-04-21T20:07:52.969+0000] {processor.py:840} INFO - DAG(s) 'example_weekday_branch_operator' retrieved from /home/airflow/.local/lib/python3.9/site-packages/airflow/example_dags/example_branch_day_of_week_operator.py
[2024-04-21T20:07:53.032+0000] {logging_mixin.py:188} INFO - [2024-04-21T20:07:53.031+0000] {dag.py:3047} INFO - Sync 1 DAGs
[2024-04-21T20:07:53.059+0000] {logging_mixin.py:188} INFO - [2024-04-21T20:07:53.059+0000] {dag.py:3834} INFO - Setting next_dagrun for example_weekday_branch_operator to 2024-04-20 00:00:00+00:00, run_after=2024-04-21 00:00:00+00:00
[2024-04-21T20:07:53.105+0000] {processor.py:183} INFO - Processing /home/airflow/.local/lib/python3.9/site-packages/airflow/example_dags/example_branch_day_of_week_operator.py took 0.149 seconds
[2024-04-21T20:08:24.697+0000] {processor.py:161} INFO - Started process (PID=764) to work on /home/airflow/.local/lib/python3.9/site-packages/airflow/example_dags/example_branch_day_of_week_operator.py
[2024-04-21T20:08:24.699+0000] {processor.py:830} INFO - Processing file /home/airflow/.local/lib/python3.9/site-packages/airflow/example_dags/example_branch_day_of_week_operator.py for tasks to queue
[2024-04-21T20:08:24.701+0000] {logging_mixin.py:188} INFO - [2024-04-21T20:08:24.700+0000] {dagbag.py:540} INFO - Filling up the DagBag from /home/airflow/.local/lib/python3.9/site-packages/airflow/example_dags/example_branch_day_of_week_operator.py
[2024-04-21T20:08:24.710+0000] {processor.py:840} INFO - DAG(s) 'example_weekday_branch_operator' retrieved from /home/airflow/.local/lib/python3.9/site-packages/airflow/example_dags/example_branch_day_of_week_operator.py
[2024-04-21T20:08:24.780+0000] {logging_mixin.py:188} INFO - [2024-04-21T20:08:24.780+0000] {dag.py:3047} INFO - Sync 1 DAGs
[2024-04-21T20:08:24.812+0000] {logging_mixin.py:188} INFO - [2024-04-21T20:08:24.812+0000] {dag.py:3834} INFO - Setting next_dagrun for example_weekday_branch_operator to 2024-04-20 00:00:00+00:00, run_after=2024-04-21 00:00:00+00:00
[2024-04-21T20:08:24.855+0000] {processor.py:183} INFO - Processing /home/airflow/.local/lib/python3.9/site-packages/airflow/example_dags/example_branch_day_of_week_operator.py took 0.162 seconds
[2024-04-21T20:10:07.133+0000] {processor.py:161} INFO - Started process (PID=835) to work on /home/airflow/.local/lib/python3.9/site-packages/airflow/example_dags/example_branch_day_of_week_operator.py
[2024-04-21T20:10:07.135+0000] {processor.py:830} INFO - Processing file /home/airflow/.local/lib/python3.9/site-packages/airflow/example_dags/example_branch_day_of_week_operator.py for tasks to queue
[2024-04-21T20:10:07.137+0000] {logging_mixin.py:188} INFO - [2024-04-21T20:10:07.136+0000] {dagbag.py:540} INFO - Filling up the DagBag from /home/airflow/.local/lib/python3.9/site-packages/airflow/example_dags/example_branch_day_of_week_operator.py
[2024-04-21T20:10:07.144+0000] {processor.py:840} INFO - DAG(s) 'example_weekday_branch_operator' retrieved from /home/airflow/.local/lib/python3.9/site-packages/airflow/example_dags/example_branch_day_of_week_operator.py
[2024-04-21T20:10:07.201+0000] {logging_mixin.py:188} INFO - [2024-04-21T20:10:07.200+0000] {dag.py:3047} INFO - Sync 1 DAGs
[2024-04-21T20:10:07.226+0000] {logging_mixin.py:188} INFO - [2024-04-21T20:10:07.226+0000] {dag.py:3834} INFO - Setting next_dagrun for example_weekday_branch_operator to 2024-04-20 00:00:00+00:00, run_after=2024-04-21 00:00:00+00:00
[2024-04-21T20:10:07.263+0000] {processor.py:183} INFO - Processing /home/airflow/.local/lib/python3.9/site-packages/airflow/example_dags/example_branch_day_of_week_operator.py took 0.132 seconds
[2024-04-21T20:10:42.836+0000] {processor.py:161} INFO - Started process (PID=892) to work on /home/airflow/.local/lib/python3.9/site-packages/airflow/example_dags/example_branch_day_of_week_operator.py
[2024-04-21T20:10:42.838+0000] {processor.py:830} INFO - Processing file /home/airflow/.local/lib/python3.9/site-packages/airflow/example_dags/example_branch_day_of_week_operator.py for tasks to queue
[2024-04-21T20:10:42.840+0000] {logging_mixin.py:188} INFO - [2024-04-21T20:10:42.840+0000] {dagbag.py:540} INFO - Filling up the DagBag from /home/airflow/.local/lib/python3.9/site-packages/airflow/example_dags/example_branch_day_of_week_operator.py
[2024-04-21T20:10:42.854+0000] {processor.py:840} INFO - DAG(s) 'example_weekday_branch_operator' retrieved from /home/airflow/.local/lib/python3.9/site-packages/airflow/example_dags/example_branch_day_of_week_operator.py
[2024-04-21T20:10:42.943+0000] {logging_mixin.py:188} INFO - [2024-04-21T20:10:42.943+0000] {dag.py:3047} INFO - Sync 1 DAGs
[2024-04-21T20:10:42.972+0000] {logging_mixin.py:188} INFO - [2024-04-21T20:10:42.972+0000] {dag.py:3834} INFO - Setting next_dagrun for example_weekday_branch_operator to 2024-04-20 00:00:00+00:00, run_after=2024-04-21 00:00:00+00:00
[2024-04-21T20:10:43.012+0000] {processor.py:183} INFO - Processing /home/airflow/.local/lib/python3.9/site-packages/airflow/example_dags/example_branch_day_of_week_operator.py took 0.181 seconds
[2024-04-21T20:11:14.000+0000] {processor.py:161} INFO - Started process (PID=951) to work on /home/airflow/.local/lib/python3.9/site-packages/airflow/example_dags/example_branch_day_of_week_operator.py
[2024-04-21T20:11:14.002+0000] {processor.py:830} INFO - Processing file /home/airflow/.local/lib/python3.9/site-packages/airflow/example_dags/example_branch_day_of_week_operator.py for tasks to queue
[2024-04-21T20:11:14.003+0000] {logging_mixin.py:188} INFO - [2024-04-21T20:11:14.003+0000] {dagbag.py:540} INFO - Filling up the DagBag from /home/airflow/.local/lib/python3.9/site-packages/airflow/example_dags/example_branch_day_of_week_operator.py
[2024-04-21T20:11:14.011+0000] {processor.py:840} INFO - DAG(s) 'example_weekday_branch_operator' retrieved from /home/airflow/.local/lib/python3.9/site-packages/airflow/example_dags/example_branch_day_of_week_operator.py
[2024-04-21T20:11:14.082+0000] {logging_mixin.py:188} INFO - [2024-04-21T20:11:14.081+0000] {dag.py:3047} INFO - Sync 1 DAGs
[2024-04-21T20:11:14.113+0000] {logging_mixin.py:188} INFO - [2024-04-21T20:11:14.113+0000] {dag.py:3834} INFO - Setting next_dagrun for example_weekday_branch_operator to 2024-04-20 00:00:00+00:00, run_after=2024-04-21 00:00:00+00:00
[2024-04-21T20:11:14.159+0000] {processor.py:183} INFO - Processing /home/airflow/.local/lib/python3.9/site-packages/airflow/example_dags/example_branch_day_of_week_operator.py took 0.162 seconds
[2024-04-21T20:14:25.696+0000] {processor.py:161} INFO - Started process (PID=79) to work on /home/airflow/.local/lib/python3.9/site-packages/airflow/example_dags/example_branch_day_of_week_operator.py
[2024-04-21T20:14:25.699+0000] {processor.py:830} INFO - Processing file /home/airflow/.local/lib/python3.9/site-packages/airflow/example_dags/example_branch_day_of_week_operator.py for tasks to queue
[2024-04-21T20:14:25.702+0000] {logging_mixin.py:188} INFO - [2024-04-21T20:14:25.702+0000] {dagbag.py:540} INFO - Filling up the DagBag from /home/airflow/.local/lib/python3.9/site-packages/airflow/example_dags/example_branch_day_of_week_operator.py
[2024-04-21T20:14:25.717+0000] {processor.py:840} INFO - DAG(s) 'example_weekday_branch_operator' retrieved from /home/airflow/.local/lib/python3.9/site-packages/airflow/example_dags/example_branch_day_of_week_operator.py
[2024-04-21T20:14:25.963+0000] {logging_mixin.py:188} INFO - [2024-04-21T20:14:25.963+0000] {dag.py:3047} INFO - Sync 1 DAGs
[2024-04-21T20:14:25.997+0000] {logging_mixin.py:188} INFO - [2024-04-21T20:14:25.997+0000] {dag.py:3834} INFO - Setting next_dagrun for example_weekday_branch_operator to 2024-04-20 00:00:00+00:00, run_after=2024-04-21 00:00:00+00:00
[2024-04-21T20:14:26.039+0000] {processor.py:183} INFO - Processing /home/airflow/.local/lib/python3.9/site-packages/airflow/example_dags/example_branch_day_of_week_operator.py took 0.349 seconds
[2024-04-21T20:14:56.905+0000] {processor.py:161} INFO - Started process (PID=137) to work on /home/airflow/.local/lib/python3.9/site-packages/airflow/example_dags/example_branch_day_of_week_operator.py
[2024-04-21T20:14:56.908+0000] {processor.py:830} INFO - Processing file /home/airflow/.local/lib/python3.9/site-packages/airflow/example_dags/example_branch_day_of_week_operator.py for tasks to queue
[2024-04-21T20:14:56.913+0000] {logging_mixin.py:188} INFO - [2024-04-21T20:14:56.911+0000] {dagbag.py:540} INFO - Filling up the DagBag from /home/airflow/.local/lib/python3.9/site-packages/airflow/example_dags/example_branch_day_of_week_operator.py
[2024-04-21T20:14:56.933+0000] {processor.py:840} INFO - DAG(s) 'example_weekday_branch_operator' retrieved from /home/airflow/.local/lib/python3.9/site-packages/airflow/example_dags/example_branch_day_of_week_operator.py
[2024-04-21T20:14:57.028+0000] {logging_mixin.py:188} INFO - [2024-04-21T20:14:57.028+0000] {dag.py:3047} INFO - Sync 1 DAGs
[2024-04-21T20:14:57.071+0000] {logging_mixin.py:188} INFO - [2024-04-21T20:14:57.070+0000] {dag.py:3834} INFO - Setting next_dagrun for example_weekday_branch_operator to 2024-04-20 00:00:00+00:00, run_after=2024-04-21 00:00:00+00:00
[2024-04-21T20:14:57.151+0000] {processor.py:183} INFO - Processing /home/airflow/.local/lib/python3.9/site-packages/airflow/example_dags/example_branch_day_of_week_operator.py took 0.253 seconds
[2024-04-21T20:15:27.857+0000] {processor.py:161} INFO - Started process (PID=194) to work on /home/airflow/.local/lib/python3.9/site-packages/airflow/example_dags/example_branch_day_of_week_operator.py
[2024-04-21T20:15:27.859+0000] {processor.py:830} INFO - Processing file /home/airflow/.local/lib/python3.9/site-packages/airflow/example_dags/example_branch_day_of_week_operator.py for tasks to queue
[2024-04-21T20:15:27.862+0000] {logging_mixin.py:188} INFO - [2024-04-21T20:15:27.862+0000] {dagbag.py:540} INFO - Filling up the DagBag from /home/airflow/.local/lib/python3.9/site-packages/airflow/example_dags/example_branch_day_of_week_operator.py
[2024-04-21T20:15:27.871+0000] {processor.py:840} INFO - DAG(s) 'example_weekday_branch_operator' retrieved from /home/airflow/.local/lib/python3.9/site-packages/airflow/example_dags/example_branch_day_of_week_operator.py
[2024-04-21T20:15:27.943+0000] {logging_mixin.py:188} INFO - [2024-04-21T20:15:27.943+0000] {dag.py:3047} INFO - Sync 1 DAGs
[2024-04-21T20:15:27.973+0000] {logging_mixin.py:188} INFO - [2024-04-21T20:15:27.973+0000] {dag.py:3834} INFO - Setting next_dagrun for example_weekday_branch_operator to 2024-04-20 00:00:00+00:00, run_after=2024-04-21 00:00:00+00:00
[2024-04-21T20:15:28.008+0000] {processor.py:183} INFO - Processing /home/airflow/.local/lib/python3.9/site-packages/airflow/example_dags/example_branch_day_of_week_operator.py took 0.155 seconds
[2024-04-21T20:16:19.868+0000] {processor.py:161} INFO - Started process (PID=79) to work on /home/airflow/.local/lib/python3.9/site-packages/airflow/example_dags/example_branch_day_of_week_operator.py
[2024-04-21T20:16:19.870+0000] {processor.py:830} INFO - Processing file /home/airflow/.local/lib/python3.9/site-packages/airflow/example_dags/example_branch_day_of_week_operator.py for tasks to queue
[2024-04-21T20:16:19.872+0000] {logging_mixin.py:188} INFO - [2024-04-21T20:16:19.871+0000] {dagbag.py:540} INFO - Filling up the DagBag from /home/airflow/.local/lib/python3.9/site-packages/airflow/example_dags/example_branch_day_of_week_operator.py
[2024-04-21T20:16:19.882+0000] {processor.py:840} INFO - DAG(s) 'example_weekday_branch_operator' retrieved from /home/airflow/.local/lib/python3.9/site-packages/airflow/example_dags/example_branch_day_of_week_operator.py
[2024-04-21T20:16:19.946+0000] {logging_mixin.py:188} INFO - [2024-04-21T20:16:19.945+0000] {dag.py:3047} INFO - Sync 1 DAGs
[2024-04-21T20:16:19.976+0000] {logging_mixin.py:188} INFO - [2024-04-21T20:16:19.976+0000] {dag.py:3834} INFO - Setting next_dagrun for example_weekday_branch_operator to 2024-04-20 00:00:00+00:00, run_after=2024-04-21 00:00:00+00:00
[2024-04-21T20:16:20.015+0000] {processor.py:183} INFO - Processing /home/airflow/.local/lib/python3.9/site-packages/airflow/example_dags/example_branch_day_of_week_operator.py took 0.151 seconds
[2024-04-21T20:16:50.656+0000] {processor.py:161} INFO - Started process (PID=136) to work on /home/airflow/.local/lib/python3.9/site-packages/airflow/example_dags/example_branch_day_of_week_operator.py
[2024-04-21T20:16:50.657+0000] {processor.py:830} INFO - Processing file /home/airflow/.local/lib/python3.9/site-packages/airflow/example_dags/example_branch_day_of_week_operator.py for tasks to queue
[2024-04-21T20:16:50.659+0000] {logging_mixin.py:188} INFO - [2024-04-21T20:16:50.659+0000] {dagbag.py:540} INFO - Filling up the DagBag from /home/airflow/.local/lib/python3.9/site-packages/airflow/example_dags/example_branch_day_of_week_operator.py
[2024-04-21T20:16:50.666+0000] {processor.py:840} INFO - DAG(s) 'example_weekday_branch_operator' retrieved from /home/airflow/.local/lib/python3.9/site-packages/airflow/example_dags/example_branch_day_of_week_operator.py
[2024-04-21T20:16:50.721+0000] {logging_mixin.py:188} INFO - [2024-04-21T20:16:50.720+0000] {dag.py:3047} INFO - Sync 1 DAGs
[2024-04-21T20:16:50.744+0000] {logging_mixin.py:188} INFO - [2024-04-21T20:16:50.743+0000] {dag.py:3834} INFO - Setting next_dagrun for example_weekday_branch_operator to 2024-04-20 00:00:00+00:00, run_after=2024-04-21 00:00:00+00:00
[2024-04-21T20:16:50.775+0000] {processor.py:183} INFO - Processing /home/airflow/.local/lib/python3.9/site-packages/airflow/example_dags/example_branch_day_of_week_operator.py took 0.122 seconds
[2024-04-21T20:17:21.660+0000] {processor.py:161} INFO - Started process (PID=193) to work on /home/airflow/.local/lib/python3.9/site-packages/airflow/example_dags/example_branch_day_of_week_operator.py
[2024-04-21T20:17:21.662+0000] {processor.py:830} INFO - Processing file /home/airflow/.local/lib/python3.9/site-packages/airflow/example_dags/example_branch_day_of_week_operator.py for tasks to queue
[2024-04-21T20:17:21.666+0000] {logging_mixin.py:188} INFO - [2024-04-21T20:17:21.665+0000] {dagbag.py:540} INFO - Filling up the DagBag from /home/airflow/.local/lib/python3.9/site-packages/airflow/example_dags/example_branch_day_of_week_operator.py
[2024-04-21T20:17:21.689+0000] {processor.py:840} INFO - DAG(s) 'example_weekday_branch_operator' retrieved from /home/airflow/.local/lib/python3.9/site-packages/airflow/example_dags/example_branch_day_of_week_operator.py
[2024-04-21T20:17:21.923+0000] {logging_mixin.py:188} INFO - [2024-04-21T20:17:21.921+0000] {dag.py:3047} INFO - Sync 1 DAGs
[2024-04-21T20:17:22.091+0000] {logging_mixin.py:188} INFO - [2024-04-21T20:17:22.091+0000] {dag.py:3834} INFO - Setting next_dagrun for example_weekday_branch_operator to 2024-04-20 00:00:00+00:00, run_after=2024-04-21 00:00:00+00:00
[2024-04-21T20:17:22.199+0000] {processor.py:183} INFO - Processing /home/airflow/.local/lib/python3.9/site-packages/airflow/example_dags/example_branch_day_of_week_operator.py took 0.539 seconds
[2024-04-21T20:17:53.020+0000] {processor.py:161} INFO - Started process (PID=250) to work on /home/airflow/.local/lib/python3.9/site-packages/airflow/example_dags/example_branch_day_of_week_operator.py
[2024-04-21T20:17:53.021+0000] {processor.py:830} INFO - Processing file /home/airflow/.local/lib/python3.9/site-packages/airflow/example_dags/example_branch_day_of_week_operator.py for tasks to queue
[2024-04-21T20:17:53.023+0000] {logging_mixin.py:188} INFO - [2024-04-21T20:17:53.023+0000] {dagbag.py:540} INFO - Filling up the DagBag from /home/airflow/.local/lib/python3.9/site-packages/airflow/example_dags/example_branch_day_of_week_operator.py
[2024-04-21T20:17:53.031+0000] {processor.py:840} INFO - DAG(s) 'example_weekday_branch_operator' retrieved from /home/airflow/.local/lib/python3.9/site-packages/airflow/example_dags/example_branch_day_of_week_operator.py
[2024-04-21T20:17:53.085+0000] {logging_mixin.py:188} INFO - [2024-04-21T20:17:53.085+0000] {dag.py:3047} INFO - Sync 1 DAGs
[2024-04-21T20:17:53.109+0000] {logging_mixin.py:188} INFO - [2024-04-21T20:17:53.109+0000] {dag.py:3834} INFO - Setting next_dagrun for example_weekday_branch_operator to 2024-04-20 00:00:00+00:00, run_after=2024-04-21 00:00:00+00:00
[2024-04-21T20:17:53.141+0000] {processor.py:183} INFO - Processing /home/airflow/.local/lib/python3.9/site-packages/airflow/example_dags/example_branch_day_of_week_operator.py took 0.123 seconds
[2024-04-21T20:18:23.279+0000] {processor.py:161} INFO - Started process (PID=306) to work on /home/airflow/.local/lib/python3.9/site-packages/airflow/example_dags/example_branch_day_of_week_operator.py
[2024-04-21T20:18:23.280+0000] {processor.py:830} INFO - Processing file /home/airflow/.local/lib/python3.9/site-packages/airflow/example_dags/example_branch_day_of_week_operator.py for tasks to queue
[2024-04-21T20:18:23.282+0000] {logging_mixin.py:188} INFO - [2024-04-21T20:18:23.282+0000] {dagbag.py:540} INFO - Filling up the DagBag from /home/airflow/.local/lib/python3.9/site-packages/airflow/example_dags/example_branch_day_of_week_operator.py
[2024-04-21T20:18:23.291+0000] {processor.py:840} INFO - DAG(s) 'example_weekday_branch_operator' retrieved from /home/airflow/.local/lib/python3.9/site-packages/airflow/example_dags/example_branch_day_of_week_operator.py
[2024-04-21T20:18:23.347+0000] {logging_mixin.py:188} INFO - [2024-04-21T20:18:23.346+0000] {dag.py:3047} INFO - Sync 1 DAGs
[2024-04-21T20:18:23.372+0000] {logging_mixin.py:188} INFO - [2024-04-21T20:18:23.372+0000] {dag.py:3834} INFO - Setting next_dagrun for example_weekday_branch_operator to 2024-04-20 00:00:00+00:00, run_after=2024-04-21 00:00:00+00:00
[2024-04-21T20:18:23.406+0000] {processor.py:183} INFO - Processing /home/airflow/.local/lib/python3.9/site-packages/airflow/example_dags/example_branch_day_of_week_operator.py took 0.132 seconds
[2024-04-21T20:18:54.287+0000] {processor.py:161} INFO - Started process (PID=363) to work on /home/airflow/.local/lib/python3.9/site-packages/airflow/example_dags/example_branch_day_of_week_operator.py
[2024-04-21T20:18:54.288+0000] {processor.py:830} INFO - Processing file /home/airflow/.local/lib/python3.9/site-packages/airflow/example_dags/example_branch_day_of_week_operator.py for tasks to queue
[2024-04-21T20:18:54.291+0000] {logging_mixin.py:188} INFO - [2024-04-21T20:18:54.291+0000] {dagbag.py:540} INFO - Filling up the DagBag from /home/airflow/.local/lib/python3.9/site-packages/airflow/example_dags/example_branch_day_of_week_operator.py
[2024-04-21T20:18:54.300+0000] {processor.py:840} INFO - DAG(s) 'example_weekday_branch_operator' retrieved from /home/airflow/.local/lib/python3.9/site-packages/airflow/example_dags/example_branch_day_of_week_operator.py
[2024-04-21T20:18:54.364+0000] {logging_mixin.py:188} INFO - [2024-04-21T20:18:54.363+0000] {dag.py:3047} INFO - Sync 1 DAGs
[2024-04-21T20:18:54.453+0000] {logging_mixin.py:188} INFO - [2024-04-21T20:18:54.453+0000] {dag.py:3834} INFO - Setting next_dagrun for example_weekday_branch_operator to 2024-04-20 00:00:00+00:00, run_after=2024-04-21 00:00:00+00:00
[2024-04-21T20:18:54.510+0000] {processor.py:183} INFO - Processing /home/airflow/.local/lib/python3.9/site-packages/airflow/example_dags/example_branch_day_of_week_operator.py took 0.225 seconds
[2024-04-21T20:32:58.254+0000] {processor.py:161} INFO - Started process (PID=81) to work on /home/airflow/.local/lib/python3.9/site-packages/airflow/example_dags/example_branch_day_of_week_operator.py
[2024-04-21T20:32:58.256+0000] {processor.py:830} INFO - Processing file /home/airflow/.local/lib/python3.9/site-packages/airflow/example_dags/example_branch_day_of_week_operator.py for tasks to queue
[2024-04-21T20:32:58.258+0000] {logging_mixin.py:188} INFO - [2024-04-21T20:32:58.257+0000] {dagbag.py:540} INFO - Filling up the DagBag from /home/airflow/.local/lib/python3.9/site-packages/airflow/example_dags/example_branch_day_of_week_operator.py
[2024-04-21T20:32:58.267+0000] {processor.py:840} INFO - DAG(s) 'example_weekday_branch_operator' retrieved from /home/airflow/.local/lib/python3.9/site-packages/airflow/example_dags/example_branch_day_of_week_operator.py
[2024-04-21T20:32:58.417+0000] {logging_mixin.py:188} INFO - [2024-04-21T20:32:58.417+0000] {dag.py:3047} INFO - Sync 1 DAGs
[2024-04-21T20:32:58.444+0000] {logging_mixin.py:188} INFO - [2024-04-21T20:32:58.443+0000] {dag.py:3834} INFO - Setting next_dagrun for example_weekday_branch_operator to 2024-04-20 00:00:00+00:00, run_after=2024-04-21 00:00:00+00:00
[2024-04-21T20:32:58.482+0000] {processor.py:183} INFO - Processing /home/airflow/.local/lib/python3.9/site-packages/airflow/example_dags/example_branch_day_of_week_operator.py took 0.231 seconds
[2024-04-21T20:33:25.180+0000] {processor.py:161} INFO - Started process (PID=79) to work on /home/airflow/.local/lib/python3.9/site-packages/airflow/example_dags/example_branch_day_of_week_operator.py
[2024-04-21T20:33:25.181+0000] {processor.py:830} INFO - Processing file /home/airflow/.local/lib/python3.9/site-packages/airflow/example_dags/example_branch_day_of_week_operator.py for tasks to queue
[2024-04-21T20:33:25.183+0000] {logging_mixin.py:188} INFO - [2024-04-21T20:33:25.183+0000] {dagbag.py:540} INFO - Filling up the DagBag from /home/airflow/.local/lib/python3.9/site-packages/airflow/example_dags/example_branch_day_of_week_operator.py
[2024-04-21T20:33:25.190+0000] {processor.py:840} INFO - DAG(s) 'example_weekday_branch_operator' retrieved from /home/airflow/.local/lib/python3.9/site-packages/airflow/example_dags/example_branch_day_of_week_operator.py
[2024-04-21T20:33:25.255+0000] {logging_mixin.py:188} INFO - [2024-04-21T20:33:25.254+0000] {dag.py:3047} INFO - Sync 1 DAGs
[2024-04-21T20:33:25.282+0000] {logging_mixin.py:188} INFO - [2024-04-21T20:33:25.282+0000] {dag.py:3834} INFO - Setting next_dagrun for example_weekday_branch_operator to 2024-04-20 00:00:00+00:00, run_after=2024-04-21 00:00:00+00:00
[2024-04-21T20:33:25.318+0000] {processor.py:183} INFO - Processing /home/airflow/.local/lib/python3.9/site-packages/airflow/example_dags/example_branch_day_of_week_operator.py took 0.142 seconds
[2024-04-21T20:33:56.437+0000] {processor.py:161} INFO - Started process (PID=136) to work on /home/airflow/.local/lib/python3.9/site-packages/airflow/example_dags/example_branch_day_of_week_operator.py
[2024-04-21T20:33:56.441+0000] {processor.py:830} INFO - Processing file /home/airflow/.local/lib/python3.9/site-packages/airflow/example_dags/example_branch_day_of_week_operator.py for tasks to queue
[2024-04-21T20:33:56.447+0000] {logging_mixin.py:188} INFO - [2024-04-21T20:33:56.446+0000] {dagbag.py:540} INFO - Filling up the DagBag from /home/airflow/.local/lib/python3.9/site-packages/airflow/example_dags/example_branch_day_of_week_operator.py
[2024-04-21T20:33:56.487+0000] {processor.py:840} INFO - DAG(s) 'example_weekday_branch_operator' retrieved from /home/airflow/.local/lib/python3.9/site-packages/airflow/example_dags/example_branch_day_of_week_operator.py
[2024-04-21T20:33:56.685+0000] {logging_mixin.py:188} INFO - [2024-04-21T20:33:56.683+0000] {dag.py:3047} INFO - Sync 1 DAGs
[2024-04-21T20:33:56.772+0000] {logging_mixin.py:188} INFO - [2024-04-21T20:33:56.771+0000] {dag.py:3834} INFO - Setting next_dagrun for example_weekday_branch_operator to 2024-04-20 00:00:00+00:00, run_after=2024-04-21 00:00:00+00:00
[2024-04-21T20:33:56.880+0000] {processor.py:183} INFO - Processing /home/airflow/.local/lib/python3.9/site-packages/airflow/example_dags/example_branch_day_of_week_operator.py took 0.449 seconds
[2024-04-21T20:34:32.976+0000] {processor.py:161} INFO - Started process (PID=79) to work on /home/airflow/.local/lib/python3.9/site-packages/airflow/example_dags/example_branch_day_of_week_operator.py
[2024-04-21T20:34:32.977+0000] {processor.py:830} INFO - Processing file /home/airflow/.local/lib/python3.9/site-packages/airflow/example_dags/example_branch_day_of_week_operator.py for tasks to queue
[2024-04-21T20:34:32.979+0000] {logging_mixin.py:188} INFO - [2024-04-21T20:34:32.979+0000] {dagbag.py:540} INFO - Filling up the DagBag from /home/airflow/.local/lib/python3.9/site-packages/airflow/example_dags/example_branch_day_of_week_operator.py
[2024-04-21T20:34:32.988+0000] {processor.py:840} INFO - DAG(s) 'example_weekday_branch_operator' retrieved from /home/airflow/.local/lib/python3.9/site-packages/airflow/example_dags/example_branch_day_of_week_operator.py
[2024-04-21T20:34:33.042+0000] {logging_mixin.py:188} INFO - [2024-04-21T20:34:33.042+0000] {dag.py:3047} INFO - Sync 1 DAGs
[2024-04-21T20:34:33.066+0000] {logging_mixin.py:188} INFO - [2024-04-21T20:34:33.066+0000] {dag.py:3834} INFO - Setting next_dagrun for example_weekday_branch_operator to 2024-04-20 00:00:00+00:00, run_after=2024-04-21 00:00:00+00:00
[2024-04-21T20:34:33.103+0000] {processor.py:183} INFO - Processing /home/airflow/.local/lib/python3.9/site-packages/airflow/example_dags/example_branch_day_of_week_operator.py took 0.131 seconds
[2024-04-21T20:35:04.270+0000] {processor.py:161} INFO - Started process (PID=136) to work on /home/airflow/.local/lib/python3.9/site-packages/airflow/example_dags/example_branch_day_of_week_operator.py
[2024-04-21T20:35:04.271+0000] {processor.py:830} INFO - Processing file /home/airflow/.local/lib/python3.9/site-packages/airflow/example_dags/example_branch_day_of_week_operator.py for tasks to queue
[2024-04-21T20:35:04.273+0000] {logging_mixin.py:188} INFO - [2024-04-21T20:35:04.273+0000] {dagbag.py:540} INFO - Filling up the DagBag from /home/airflow/.local/lib/python3.9/site-packages/airflow/example_dags/example_branch_day_of_week_operator.py
[2024-04-21T20:35:04.282+0000] {processor.py:840} INFO - DAG(s) 'example_weekday_branch_operator' retrieved from /home/airflow/.local/lib/python3.9/site-packages/airflow/example_dags/example_branch_day_of_week_operator.py
[2024-04-21T20:35:04.341+0000] {logging_mixin.py:188} INFO - [2024-04-21T20:35:04.341+0000] {dag.py:3047} INFO - Sync 1 DAGs
[2024-04-21T20:35:04.365+0000] {logging_mixin.py:188} INFO - [2024-04-21T20:35:04.365+0000] {dag.py:3834} INFO - Setting next_dagrun for example_weekday_branch_operator to 2024-04-20 00:00:00+00:00, run_after=2024-04-21 00:00:00+00:00
[2024-04-21T20:35:04.398+0000] {processor.py:183} INFO - Processing /home/airflow/.local/lib/python3.9/site-packages/airflow/example_dags/example_branch_day_of_week_operator.py took 0.132 seconds
[2024-04-21T20:35:34.779+0000] {processor.py:161} INFO - Started process (PID=193) to work on /home/airflow/.local/lib/python3.9/site-packages/airflow/example_dags/example_branch_day_of_week_operator.py
[2024-04-21T20:35:34.780+0000] {processor.py:830} INFO - Processing file /home/airflow/.local/lib/python3.9/site-packages/airflow/example_dags/example_branch_day_of_week_operator.py for tasks to queue
[2024-04-21T20:35:34.782+0000] {logging_mixin.py:188} INFO - [2024-04-21T20:35:34.782+0000] {dagbag.py:540} INFO - Filling up the DagBag from /home/airflow/.local/lib/python3.9/site-packages/airflow/example_dags/example_branch_day_of_week_operator.py
[2024-04-21T20:35:34.791+0000] {processor.py:840} INFO - DAG(s) 'example_weekday_branch_operator' retrieved from /home/airflow/.local/lib/python3.9/site-packages/airflow/example_dags/example_branch_day_of_week_operator.py
[2024-04-21T20:35:34.850+0000] {logging_mixin.py:188} INFO - [2024-04-21T20:35:34.850+0000] {dag.py:3047} INFO - Sync 1 DAGs
[2024-04-21T20:35:34.878+0000] {logging_mixin.py:188} INFO - [2024-04-21T20:35:34.878+0000] {dag.py:3834} INFO - Setting next_dagrun for example_weekday_branch_operator to 2024-04-20 00:00:00+00:00, run_after=2024-04-21 00:00:00+00:00
[2024-04-21T20:35:34.915+0000] {processor.py:183} INFO - Processing /home/airflow/.local/lib/python3.9/site-packages/airflow/example_dags/example_branch_day_of_week_operator.py took 0.139 seconds
[2024-04-21T20:36:05.788+0000] {processor.py:161} INFO - Started process (PID=250) to work on /home/airflow/.local/lib/python3.9/site-packages/airflow/example_dags/example_branch_day_of_week_operator.py
[2024-04-21T20:36:05.789+0000] {processor.py:830} INFO - Processing file /home/airflow/.local/lib/python3.9/site-packages/airflow/example_dags/example_branch_day_of_week_operator.py for tasks to queue
[2024-04-21T20:36:05.791+0000] {logging_mixin.py:188} INFO - [2024-04-21T20:36:05.791+0000] {dagbag.py:540} INFO - Filling up the DagBag from /home/airflow/.local/lib/python3.9/site-packages/airflow/example_dags/example_branch_day_of_week_operator.py
[2024-04-21T20:36:05.800+0000] {processor.py:840} INFO - DAG(s) 'example_weekday_branch_operator' retrieved from /home/airflow/.local/lib/python3.9/site-packages/airflow/example_dags/example_branch_day_of_week_operator.py
[2024-04-21T20:36:05.856+0000] {logging_mixin.py:188} INFO - [2024-04-21T20:36:05.856+0000] {dag.py:3047} INFO - Sync 1 DAGs
[2024-04-21T20:36:05.882+0000] {logging_mixin.py:188} INFO - [2024-04-21T20:36:05.882+0000] {dag.py:3834} INFO - Setting next_dagrun for example_weekday_branch_operator to 2024-04-20 00:00:00+00:00, run_after=2024-04-21 00:00:00+00:00
[2024-04-21T20:36:05.914+0000] {processor.py:183} INFO - Processing /home/airflow/.local/lib/python3.9/site-packages/airflow/example_dags/example_branch_day_of_week_operator.py took 0.129 seconds
[2024-04-21T20:36:37.832+0000] {processor.py:161} INFO - Started process (PID=307) to work on /home/airflow/.local/lib/python3.9/site-packages/airflow/example_dags/example_branch_day_of_week_operator.py
[2024-04-21T20:36:37.833+0000] {processor.py:830} INFO - Processing file /home/airflow/.local/lib/python3.9/site-packages/airflow/example_dags/example_branch_day_of_week_operator.py for tasks to queue
[2024-04-21T20:36:37.836+0000] {logging_mixin.py:188} INFO - [2024-04-21T20:36:37.835+0000] {dagbag.py:540} INFO - Filling up the DagBag from /home/airflow/.local/lib/python3.9/site-packages/airflow/example_dags/example_branch_day_of_week_operator.py
[2024-04-21T20:36:37.846+0000] {processor.py:840} INFO - DAG(s) 'example_weekday_branch_operator' retrieved from /home/airflow/.local/lib/python3.9/site-packages/airflow/example_dags/example_branch_day_of_week_operator.py
[2024-04-21T20:36:37.904+0000] {logging_mixin.py:188} INFO - [2024-04-21T20:36:37.904+0000] {dag.py:3047} INFO - Sync 1 DAGs
[2024-04-21T20:36:37.931+0000] {logging_mixin.py:188} INFO - [2024-04-21T20:36:37.931+0000] {dag.py:3834} INFO - Setting next_dagrun for example_weekday_branch_operator to 2024-04-20 00:00:00+00:00, run_after=2024-04-21 00:00:00+00:00
[2024-04-21T20:36:37.966+0000] {processor.py:183} INFO - Processing /home/airflow/.local/lib/python3.9/site-packages/airflow/example_dags/example_branch_day_of_week_operator.py took 0.139 seconds
[2024-04-21T20:37:08.556+0000] {processor.py:161} INFO - Started process (PID=364) to work on /home/airflow/.local/lib/python3.9/site-packages/airflow/example_dags/example_branch_day_of_week_operator.py
[2024-04-21T20:37:08.558+0000] {processor.py:830} INFO - Processing file /home/airflow/.local/lib/python3.9/site-packages/airflow/example_dags/example_branch_day_of_week_operator.py for tasks to queue
[2024-04-21T20:37:08.560+0000] {logging_mixin.py:188} INFO - [2024-04-21T20:37:08.560+0000] {dagbag.py:540} INFO - Filling up the DagBag from /home/airflow/.local/lib/python3.9/site-packages/airflow/example_dags/example_branch_day_of_week_operator.py
[2024-04-21T20:37:08.569+0000] {processor.py:840} INFO - DAG(s) 'example_weekday_branch_operator' retrieved from /home/airflow/.local/lib/python3.9/site-packages/airflow/example_dags/example_branch_day_of_week_operator.py
[2024-04-21T20:37:08.631+0000] {logging_mixin.py:188} INFO - [2024-04-21T20:37:08.630+0000] {dag.py:3047} INFO - Sync 1 DAGs
[2024-04-21T20:37:08.669+0000] {logging_mixin.py:188} INFO - [2024-04-21T20:37:08.669+0000] {dag.py:3834} INFO - Setting next_dagrun for example_weekday_branch_operator to 2024-04-20 00:00:00+00:00, run_after=2024-04-21 00:00:00+00:00
[2024-04-21T20:37:08.712+0000] {processor.py:183} INFO - Processing /home/airflow/.local/lib/python3.9/site-packages/airflow/example_dags/example_branch_day_of_week_operator.py took 0.158 seconds
[2024-04-21T20:37:39.632+0000] {processor.py:161} INFO - Started process (PID=421) to work on /home/airflow/.local/lib/python3.9/site-packages/airflow/example_dags/example_branch_day_of_week_operator.py
[2024-04-21T20:37:39.634+0000] {processor.py:830} INFO - Processing file /home/airflow/.local/lib/python3.9/site-packages/airflow/example_dags/example_branch_day_of_week_operator.py for tasks to queue
[2024-04-21T20:37:39.636+0000] {logging_mixin.py:188} INFO - [2024-04-21T20:37:39.636+0000] {dagbag.py:540} INFO - Filling up the DagBag from /home/airflow/.local/lib/python3.9/site-packages/airflow/example_dags/example_branch_day_of_week_operator.py
[2024-04-21T20:37:39.645+0000] {processor.py:840} INFO - DAG(s) 'example_weekday_branch_operator' retrieved from /home/airflow/.local/lib/python3.9/site-packages/airflow/example_dags/example_branch_day_of_week_operator.py
[2024-04-21T20:37:39.701+0000] {logging_mixin.py:188} INFO - [2024-04-21T20:37:39.701+0000] {dag.py:3047} INFO - Sync 1 DAGs
[2024-04-21T20:37:39.725+0000] {logging_mixin.py:188} INFO - [2024-04-21T20:37:39.725+0000] {dag.py:3834} INFO - Setting next_dagrun for example_weekday_branch_operator to 2024-04-20 00:00:00+00:00, run_after=2024-04-21 00:00:00+00:00
[2024-04-21T20:37:39.759+0000] {processor.py:183} INFO - Processing /home/airflow/.local/lib/python3.9/site-packages/airflow/example_dags/example_branch_day_of_week_operator.py took 0.129 seconds
[2024-04-21T20:38:10.467+0000] {processor.py:161} INFO - Started process (PID=478) to work on /home/airflow/.local/lib/python3.9/site-packages/airflow/example_dags/example_branch_day_of_week_operator.py
[2024-04-21T20:38:10.469+0000] {processor.py:830} INFO - Processing file /home/airflow/.local/lib/python3.9/site-packages/airflow/example_dags/example_branch_day_of_week_operator.py for tasks to queue
[2024-04-21T20:38:10.471+0000] {logging_mixin.py:188} INFO - [2024-04-21T20:38:10.470+0000] {dagbag.py:540} INFO - Filling up the DagBag from /home/airflow/.local/lib/python3.9/site-packages/airflow/example_dags/example_branch_day_of_week_operator.py
[2024-04-21T20:38:10.479+0000] {processor.py:840} INFO - DAG(s) 'example_weekday_branch_operator' retrieved from /home/airflow/.local/lib/python3.9/site-packages/airflow/example_dags/example_branch_day_of_week_operator.py
[2024-04-21T20:38:10.532+0000] {logging_mixin.py:188} INFO - [2024-04-21T20:38:10.532+0000] {dag.py:3047} INFO - Sync 1 DAGs
[2024-04-21T20:38:10.556+0000] {logging_mixin.py:188} INFO - [2024-04-21T20:38:10.556+0000] {dag.py:3834} INFO - Setting next_dagrun for example_weekday_branch_operator to 2024-04-20 00:00:00+00:00, run_after=2024-04-21 00:00:00+00:00
[2024-04-21T20:38:10.589+0000] {processor.py:183} INFO - Processing /home/airflow/.local/lib/python3.9/site-packages/airflow/example_dags/example_branch_day_of_week_operator.py took 0.124 seconds
[2024-04-21T20:38:42.637+0000] {processor.py:161} INFO - Started process (PID=535) to work on /home/airflow/.local/lib/python3.9/site-packages/airflow/example_dags/example_branch_day_of_week_operator.py
[2024-04-21T20:38:42.638+0000] {processor.py:830} INFO - Processing file /home/airflow/.local/lib/python3.9/site-packages/airflow/example_dags/example_branch_day_of_week_operator.py for tasks to queue
[2024-04-21T20:38:42.640+0000] {logging_mixin.py:188} INFO - [2024-04-21T20:38:42.640+0000] {dagbag.py:540} INFO - Filling up the DagBag from /home/airflow/.local/lib/python3.9/site-packages/airflow/example_dags/example_branch_day_of_week_operator.py
[2024-04-21T20:38:42.648+0000] {processor.py:840} INFO - DAG(s) 'example_weekday_branch_operator' retrieved from /home/airflow/.local/lib/python3.9/site-packages/airflow/example_dags/example_branch_day_of_week_operator.py
[2024-04-21T20:38:42.701+0000] {logging_mixin.py:188} INFO - [2024-04-21T20:38:42.701+0000] {dag.py:3047} INFO - Sync 1 DAGs
[2024-04-21T20:38:42.724+0000] {logging_mixin.py:188} INFO - [2024-04-21T20:38:42.724+0000] {dag.py:3834} INFO - Setting next_dagrun for example_weekday_branch_operator to 2024-04-20 00:00:00+00:00, run_after=2024-04-21 00:00:00+00:00
[2024-04-21T20:38:42.758+0000] {processor.py:183} INFO - Processing /home/airflow/.local/lib/python3.9/site-packages/airflow/example_dags/example_branch_day_of_week_operator.py took 0.124 seconds
[2024-04-21T20:40:44.153+0000] {processor.py:161} INFO - Started process (PID=623) to work on /home/airflow/.local/lib/python3.9/site-packages/airflow/example_dags/example_branch_day_of_week_operator.py
[2024-04-21T20:40:44.155+0000] {processor.py:830} INFO - Processing file /home/airflow/.local/lib/python3.9/site-packages/airflow/example_dags/example_branch_day_of_week_operator.py for tasks to queue
[2024-04-21T20:40:44.157+0000] {logging_mixin.py:188} INFO - [2024-04-21T20:40:44.157+0000] {dagbag.py:540} INFO - Filling up the DagBag from /home/airflow/.local/lib/python3.9/site-packages/airflow/example_dags/example_branch_day_of_week_operator.py
[2024-04-21T20:40:44.165+0000] {processor.py:840} INFO - DAG(s) 'example_weekday_branch_operator' retrieved from /home/airflow/.local/lib/python3.9/site-packages/airflow/example_dags/example_branch_day_of_week_operator.py
[2024-04-21T20:40:44.221+0000] {logging_mixin.py:188} INFO - [2024-04-21T20:40:44.221+0000] {dag.py:3047} INFO - Sync 1 DAGs
[2024-04-21T20:40:44.243+0000] {logging_mixin.py:188} INFO - [2024-04-21T20:40:44.243+0000] {dag.py:3834} INFO - Setting next_dagrun for example_weekday_branch_operator to 2024-04-20 00:00:00+00:00, run_after=2024-04-21 00:00:00+00:00
[2024-04-21T20:40:44.278+0000] {processor.py:183} INFO - Processing /home/airflow/.local/lib/python3.9/site-packages/airflow/example_dags/example_branch_day_of_week_operator.py took 0.128 seconds
[2024-04-21T20:41:17.232+0000] {processor.py:161} INFO - Started process (PID=682) to work on /home/airflow/.local/lib/python3.9/site-packages/airflow/example_dags/example_branch_day_of_week_operator.py
[2024-04-21T20:41:17.234+0000] {processor.py:830} INFO - Processing file /home/airflow/.local/lib/python3.9/site-packages/airflow/example_dags/example_branch_day_of_week_operator.py for tasks to queue
[2024-04-21T20:41:17.236+0000] {logging_mixin.py:188} INFO - [2024-04-21T20:41:17.235+0000] {dagbag.py:540} INFO - Filling up the DagBag from /home/airflow/.local/lib/python3.9/site-packages/airflow/example_dags/example_branch_day_of_week_operator.py
[2024-04-21T20:41:17.245+0000] {processor.py:840} INFO - DAG(s) 'example_weekday_branch_operator' retrieved from /home/airflow/.local/lib/python3.9/site-packages/airflow/example_dags/example_branch_day_of_week_operator.py
[2024-04-21T20:41:17.298+0000] {logging_mixin.py:188} INFO - [2024-04-21T20:41:17.298+0000] {dag.py:3047} INFO - Sync 1 DAGs
[2024-04-21T20:41:17.320+0000] {logging_mixin.py:188} INFO - [2024-04-21T20:41:17.320+0000] {dag.py:3834} INFO - Setting next_dagrun for example_weekday_branch_operator to 2024-04-20 00:00:00+00:00, run_after=2024-04-21 00:00:00+00:00
[2024-04-21T20:41:17.353+0000] {processor.py:183} INFO - Processing /home/airflow/.local/lib/python3.9/site-packages/airflow/example_dags/example_branch_day_of_week_operator.py took 0.125 seconds
[2024-04-21T20:41:47.679+0000] {processor.py:161} INFO - Started process (PID=739) to work on /home/airflow/.local/lib/python3.9/site-packages/airflow/example_dags/example_branch_day_of_week_operator.py
[2024-04-21T20:41:47.681+0000] {processor.py:830} INFO - Processing file /home/airflow/.local/lib/python3.9/site-packages/airflow/example_dags/example_branch_day_of_week_operator.py for tasks to queue
[2024-04-21T20:41:47.684+0000] {logging_mixin.py:188} INFO - [2024-04-21T20:41:47.683+0000] {dagbag.py:540} INFO - Filling up the DagBag from /home/airflow/.local/lib/python3.9/site-packages/airflow/example_dags/example_branch_day_of_week_operator.py
[2024-04-21T20:41:47.692+0000] {processor.py:840} INFO - DAG(s) 'example_weekday_branch_operator' retrieved from /home/airflow/.local/lib/python3.9/site-packages/airflow/example_dags/example_branch_day_of_week_operator.py
[2024-04-21T20:41:47.760+0000] {logging_mixin.py:188} INFO - [2024-04-21T20:41:47.759+0000] {dag.py:3047} INFO - Sync 1 DAGs
[2024-04-21T20:41:47.787+0000] {logging_mixin.py:188} INFO - [2024-04-21T20:41:47.786+0000] {dag.py:3834} INFO - Setting next_dagrun for example_weekday_branch_operator to 2024-04-20 00:00:00+00:00, run_after=2024-04-21 00:00:00+00:00
[2024-04-21T20:41:47.825+0000] {processor.py:183} INFO - Processing /home/airflow/.local/lib/python3.9/site-packages/airflow/example_dags/example_branch_day_of_week_operator.py took 0.149 seconds
[2024-04-21T20:42:39.512+0000] {processor.py:161} INFO - Started process (PID=79) to work on /home/airflow/.local/lib/python3.9/site-packages/airflow/example_dags/example_branch_day_of_week_operator.py
[2024-04-21T20:42:39.514+0000] {processor.py:830} INFO - Processing file /home/airflow/.local/lib/python3.9/site-packages/airflow/example_dags/example_branch_day_of_week_operator.py for tasks to queue
[2024-04-21T20:42:39.516+0000] {logging_mixin.py:188} INFO - [2024-04-21T20:42:39.516+0000] {dagbag.py:540} INFO - Filling up the DagBag from /home/airflow/.local/lib/python3.9/site-packages/airflow/example_dags/example_branch_day_of_week_operator.py
[2024-04-21T20:42:39.524+0000] {processor.py:840} INFO - DAG(s) 'example_weekday_branch_operator' retrieved from /home/airflow/.local/lib/python3.9/site-packages/airflow/example_dags/example_branch_day_of_week_operator.py
[2024-04-21T20:42:39.584+0000] {logging_mixin.py:188} INFO - [2024-04-21T20:42:39.584+0000] {dag.py:3047} INFO - Sync 1 DAGs
[2024-04-21T20:42:39.607+0000] {logging_mixin.py:188} INFO - [2024-04-21T20:42:39.606+0000] {dag.py:3834} INFO - Setting next_dagrun for example_weekday_branch_operator to 2024-04-20 00:00:00+00:00, run_after=2024-04-21 00:00:00+00:00
[2024-04-21T20:42:39.639+0000] {processor.py:183} INFO - Processing /home/airflow/.local/lib/python3.9/site-packages/airflow/example_dags/example_branch_day_of_week_operator.py took 0.129 seconds
[2024-04-21T20:43:10.975+0000] {processor.py:161} INFO - Started process (PID=136) to work on /home/airflow/.local/lib/python3.9/site-packages/airflow/example_dags/example_branch_day_of_week_operator.py
[2024-04-21T20:43:10.977+0000] {processor.py:830} INFO - Processing file /home/airflow/.local/lib/python3.9/site-packages/airflow/example_dags/example_branch_day_of_week_operator.py for tasks to queue
[2024-04-21T20:43:10.980+0000] {logging_mixin.py:188} INFO - [2024-04-21T20:43:10.979+0000] {dagbag.py:540} INFO - Filling up the DagBag from /home/airflow/.local/lib/python3.9/site-packages/airflow/example_dags/example_branch_day_of_week_operator.py
[2024-04-21T20:43:10.994+0000] {processor.py:840} INFO - DAG(s) 'example_weekday_branch_operator' retrieved from /home/airflow/.local/lib/python3.9/site-packages/airflow/example_dags/example_branch_day_of_week_operator.py
[2024-04-21T20:43:11.067+0000] {logging_mixin.py:188} INFO - [2024-04-21T20:43:11.066+0000] {dag.py:3047} INFO - Sync 1 DAGs
[2024-04-21T20:43:11.096+0000] {logging_mixin.py:188} INFO - [2024-04-21T20:43:11.095+0000] {dag.py:3834} INFO - Setting next_dagrun for example_weekday_branch_operator to 2024-04-20 00:00:00+00:00, run_after=2024-04-21 00:00:00+00:00
[2024-04-21T20:43:11.134+0000] {processor.py:183} INFO - Processing /home/airflow/.local/lib/python3.9/site-packages/airflow/example_dags/example_branch_day_of_week_operator.py took 0.163 seconds
[2024-04-21T20:43:42.079+0000] {processor.py:161} INFO - Started process (PID=193) to work on /home/airflow/.local/lib/python3.9/site-packages/airflow/example_dags/example_branch_day_of_week_operator.py
[2024-04-21T20:43:42.080+0000] {processor.py:830} INFO - Processing file /home/airflow/.local/lib/python3.9/site-packages/airflow/example_dags/example_branch_day_of_week_operator.py for tasks to queue
[2024-04-21T20:43:42.082+0000] {logging_mixin.py:188} INFO - [2024-04-21T20:43:42.082+0000] {dagbag.py:540} INFO - Filling up the DagBag from /home/airflow/.local/lib/python3.9/site-packages/airflow/example_dags/example_branch_day_of_week_operator.py
[2024-04-21T20:43:42.090+0000] {processor.py:840} INFO - DAG(s) 'example_weekday_branch_operator' retrieved from /home/airflow/.local/lib/python3.9/site-packages/airflow/example_dags/example_branch_day_of_week_operator.py
[2024-04-21T20:43:42.143+0000] {logging_mixin.py:188} INFO - [2024-04-21T20:43:42.143+0000] {dag.py:3047} INFO - Sync 1 DAGs
[2024-04-21T20:43:42.167+0000] {logging_mixin.py:188} INFO - [2024-04-21T20:43:42.167+0000] {dag.py:3834} INFO - Setting next_dagrun for example_weekday_branch_operator to 2024-04-20 00:00:00+00:00, run_after=2024-04-21 00:00:00+00:00
[2024-04-21T20:43:42.199+0000] {processor.py:183} INFO - Processing /home/airflow/.local/lib/python3.9/site-packages/airflow/example_dags/example_branch_day_of_week_operator.py took 0.123 seconds
[2024-04-21T20:44:12.544+0000] {processor.py:161} INFO - Started process (PID=250) to work on /home/airflow/.local/lib/python3.9/site-packages/airflow/example_dags/example_branch_day_of_week_operator.py
[2024-04-21T20:44:12.545+0000] {processor.py:830} INFO - Processing file /home/airflow/.local/lib/python3.9/site-packages/airflow/example_dags/example_branch_day_of_week_operator.py for tasks to queue
[2024-04-21T20:44:12.547+0000] {logging_mixin.py:188} INFO - [2024-04-21T20:44:12.547+0000] {dagbag.py:540} INFO - Filling up the DagBag from /home/airflow/.local/lib/python3.9/site-packages/airflow/example_dags/example_branch_day_of_week_operator.py
[2024-04-21T20:44:12.555+0000] {processor.py:840} INFO - DAG(s) 'example_weekday_branch_operator' retrieved from /home/airflow/.local/lib/python3.9/site-packages/airflow/example_dags/example_branch_day_of_week_operator.py
[2024-04-21T20:44:12.622+0000] {logging_mixin.py:188} INFO - [2024-04-21T20:44:12.621+0000] {dag.py:3047} INFO - Sync 1 DAGs
[2024-04-21T20:44:12.653+0000] {logging_mixin.py:188} INFO - [2024-04-21T20:44:12.652+0000] {dag.py:3834} INFO - Setting next_dagrun for example_weekday_branch_operator to 2024-04-20 00:00:00+00:00, run_after=2024-04-21 00:00:00+00:00
[2024-04-21T20:44:12.700+0000] {processor.py:183} INFO - Processing /home/airflow/.local/lib/python3.9/site-packages/airflow/example_dags/example_branch_day_of_week_operator.py took 0.159 seconds
[2024-04-21T20:44:44.989+0000] {processor.py:161} INFO - Started process (PID=307) to work on /home/airflow/.local/lib/python3.9/site-packages/airflow/example_dags/example_branch_day_of_week_operator.py
[2024-04-21T20:44:44.990+0000] {processor.py:830} INFO - Processing file /home/airflow/.local/lib/python3.9/site-packages/airflow/example_dags/example_branch_day_of_week_operator.py for tasks to queue
[2024-04-21T20:44:44.993+0000] {logging_mixin.py:188} INFO - [2024-04-21T20:44:44.992+0000] {dagbag.py:540} INFO - Filling up the DagBag from /home/airflow/.local/lib/python3.9/site-packages/airflow/example_dags/example_branch_day_of_week_operator.py
[2024-04-21T20:44:45.001+0000] {processor.py:840} INFO - DAG(s) 'example_weekday_branch_operator' retrieved from /home/airflow/.local/lib/python3.9/site-packages/airflow/example_dags/example_branch_day_of_week_operator.py
[2024-04-21T20:44:45.079+0000] {logging_mixin.py:188} INFO - [2024-04-21T20:44:45.078+0000] {dag.py:3047} INFO - Sync 1 DAGs
[2024-04-21T20:44:45.134+0000] {logging_mixin.py:188} INFO - [2024-04-21T20:44:45.133+0000] {dag.py:3834} INFO - Setting next_dagrun for example_weekday_branch_operator to 2024-04-20 00:00:00+00:00, run_after=2024-04-21 00:00:00+00:00
[2024-04-21T20:44:45.187+0000] {processor.py:183} INFO - Processing /home/airflow/.local/lib/python3.9/site-packages/airflow/example_dags/example_branch_day_of_week_operator.py took 0.202 seconds
[2024-04-21T20:45:15.330+0000] {processor.py:161} INFO - Started process (PID=364) to work on /home/airflow/.local/lib/python3.9/site-packages/airflow/example_dags/example_branch_day_of_week_operator.py
[2024-04-21T20:45:15.331+0000] {processor.py:830} INFO - Processing file /home/airflow/.local/lib/python3.9/site-packages/airflow/example_dags/example_branch_day_of_week_operator.py for tasks to queue
[2024-04-21T20:45:15.333+0000] {logging_mixin.py:188} INFO - [2024-04-21T20:45:15.333+0000] {dagbag.py:540} INFO - Filling up the DagBag from /home/airflow/.local/lib/python3.9/site-packages/airflow/example_dags/example_branch_day_of_week_operator.py
[2024-04-21T20:45:15.341+0000] {processor.py:840} INFO - DAG(s) 'example_weekday_branch_operator' retrieved from /home/airflow/.local/lib/python3.9/site-packages/airflow/example_dags/example_branch_day_of_week_operator.py
[2024-04-21T20:45:15.394+0000] {logging_mixin.py:188} INFO - [2024-04-21T20:45:15.393+0000] {dag.py:3047} INFO - Sync 1 DAGs
[2024-04-21T20:45:15.418+0000] {logging_mixin.py:188} INFO - [2024-04-21T20:45:15.418+0000] {dag.py:3834} INFO - Setting next_dagrun for example_weekday_branch_operator to 2024-04-20 00:00:00+00:00, run_after=2024-04-21 00:00:00+00:00
[2024-04-21T20:45:15.448+0000] {processor.py:183} INFO - Processing /home/airflow/.local/lib/python3.9/site-packages/airflow/example_dags/example_branch_day_of_week_operator.py took 0.121 seconds
[2024-04-21T20:45:50.898+0000] {processor.py:161} INFO - Started process (PID=421) to work on /home/airflow/.local/lib/python3.9/site-packages/airflow/example_dags/example_branch_day_of_week_operator.py
[2024-04-21T20:45:50.920+0000] {processor.py:830} INFO - Processing file /home/airflow/.local/lib/python3.9/site-packages/airflow/example_dags/example_branch_day_of_week_operator.py for tasks to queue
[2024-04-21T20:45:50.931+0000] {logging_mixin.py:188} INFO - [2024-04-21T20:45:50.930+0000] {dagbag.py:540} INFO - Filling up the DagBag from /home/airflow/.local/lib/python3.9/site-packages/airflow/example_dags/example_branch_day_of_week_operator.py
[2024-04-21T20:45:50.981+0000] {processor.py:840} INFO - DAG(s) 'example_weekday_branch_operator' retrieved from /home/airflow/.local/lib/python3.9/site-packages/airflow/example_dags/example_branch_day_of_week_operator.py
[2024-04-21T20:45:51.079+0000] {logging_mixin.py:188} INFO - [2024-04-21T20:45:51.078+0000] {dag.py:3047} INFO - Sync 1 DAGs
[2024-04-21T20:45:51.111+0000] {logging_mixin.py:188} INFO - [2024-04-21T20:45:51.111+0000] {dag.py:3834} INFO - Setting next_dagrun for example_weekday_branch_operator to 2024-04-20 00:00:00+00:00, run_after=2024-04-21 00:00:00+00:00
[2024-04-21T20:45:51.149+0000] {processor.py:183} INFO - Processing /home/airflow/.local/lib/python3.9/site-packages/airflow/example_dags/example_branch_day_of_week_operator.py took 0.272 seconds
[2024-04-21T20:46:21.504+0000] {processor.py:161} INFO - Started process (PID=478) to work on /home/airflow/.local/lib/python3.9/site-packages/airflow/example_dags/example_branch_day_of_week_operator.py
[2024-04-21T20:46:21.506+0000] {processor.py:830} INFO - Processing file /home/airflow/.local/lib/python3.9/site-packages/airflow/example_dags/example_branch_day_of_week_operator.py for tasks to queue
[2024-04-21T20:46:21.508+0000] {logging_mixin.py:188} INFO - [2024-04-21T20:46:21.508+0000] {dagbag.py:540} INFO - Filling up the DagBag from /home/airflow/.local/lib/python3.9/site-packages/airflow/example_dags/example_branch_day_of_week_operator.py
[2024-04-21T20:46:21.522+0000] {processor.py:840} INFO - DAG(s) 'example_weekday_branch_operator' retrieved from /home/airflow/.local/lib/python3.9/site-packages/airflow/example_dags/example_branch_day_of_week_operator.py
[2024-04-21T20:46:21.654+0000] {logging_mixin.py:188} INFO - [2024-04-21T20:46:21.653+0000] {dag.py:3047} INFO - Sync 1 DAGs
[2024-04-21T20:46:21.691+0000] {logging_mixin.py:188} INFO - [2024-04-21T20:46:21.690+0000] {dag.py:3834} INFO - Setting next_dagrun for example_weekday_branch_operator to 2024-04-20 00:00:00+00:00, run_after=2024-04-21 00:00:00+00:00
[2024-04-21T20:46:21.746+0000] {processor.py:183} INFO - Processing /home/airflow/.local/lib/python3.9/site-packages/airflow/example_dags/example_branch_day_of_week_operator.py took 0.245 seconds
[2024-04-21T20:46:52.346+0000] {processor.py:161} INFO - Started process (PID=535) to work on /home/airflow/.local/lib/python3.9/site-packages/airflow/example_dags/example_branch_day_of_week_operator.py
[2024-04-21T20:46:52.347+0000] {processor.py:830} INFO - Processing file /home/airflow/.local/lib/python3.9/site-packages/airflow/example_dags/example_branch_day_of_week_operator.py for tasks to queue
[2024-04-21T20:46:52.351+0000] {logging_mixin.py:188} INFO - [2024-04-21T20:46:52.350+0000] {dagbag.py:540} INFO - Filling up the DagBag from /home/airflow/.local/lib/python3.9/site-packages/airflow/example_dags/example_branch_day_of_week_operator.py
[2024-04-21T20:46:52.363+0000] {processor.py:840} INFO - DAG(s) 'example_weekday_branch_operator' retrieved from /home/airflow/.local/lib/python3.9/site-packages/airflow/example_dags/example_branch_day_of_week_operator.py
[2024-04-21T20:46:52.461+0000] {logging_mixin.py:188} INFO - [2024-04-21T20:46:52.460+0000] {dag.py:3047} INFO - Sync 1 DAGs
[2024-04-21T20:46:52.496+0000] {logging_mixin.py:188} INFO - [2024-04-21T20:46:52.496+0000] {dag.py:3834} INFO - Setting next_dagrun for example_weekday_branch_operator to 2024-04-20 00:00:00+00:00, run_after=2024-04-21 00:00:00+00:00
[2024-04-21T20:46:52.538+0000] {processor.py:183} INFO - Processing /home/airflow/.local/lib/python3.9/site-packages/airflow/example_dags/example_branch_day_of_week_operator.py took 0.197 seconds
[2024-04-21T20:47:23.285+0000] {processor.py:161} INFO - Started process (PID=598) to work on /home/airflow/.local/lib/python3.9/site-packages/airflow/example_dags/example_branch_day_of_week_operator.py
[2024-04-21T20:47:23.286+0000] {processor.py:830} INFO - Processing file /home/airflow/.local/lib/python3.9/site-packages/airflow/example_dags/example_branch_day_of_week_operator.py for tasks to queue
[2024-04-21T20:47:23.288+0000] {logging_mixin.py:188} INFO - [2024-04-21T20:47:23.288+0000] {dagbag.py:540} INFO - Filling up the DagBag from /home/airflow/.local/lib/python3.9/site-packages/airflow/example_dags/example_branch_day_of_week_operator.py
[2024-04-21T20:47:23.296+0000] {processor.py:840} INFO - DAG(s) 'example_weekday_branch_operator' retrieved from /home/airflow/.local/lib/python3.9/site-packages/airflow/example_dags/example_branch_day_of_week_operator.py
[2024-04-21T20:47:23.351+0000] {logging_mixin.py:188} INFO - [2024-04-21T20:47:23.350+0000] {dag.py:3047} INFO - Sync 1 DAGs
[2024-04-21T20:47:23.374+0000] {logging_mixin.py:188} INFO - [2024-04-21T20:47:23.374+0000] {dag.py:3834} INFO - Setting next_dagrun for example_weekday_branch_operator to 2024-04-20 00:00:00+00:00, run_after=2024-04-21 00:00:00+00:00
[2024-04-21T20:47:23.407+0000] {processor.py:183} INFO - Processing /home/airflow/.local/lib/python3.9/site-packages/airflow/example_dags/example_branch_day_of_week_operator.py took 0.124 seconds
[2024-04-21T20:47:53.715+0000] {processor.py:161} INFO - Started process (PID=656) to work on /home/airflow/.local/lib/python3.9/site-packages/airflow/example_dags/example_branch_day_of_week_operator.py
[2024-04-21T20:47:53.716+0000] {processor.py:830} INFO - Processing file /home/airflow/.local/lib/python3.9/site-packages/airflow/example_dags/example_branch_day_of_week_operator.py for tasks to queue
[2024-04-21T20:47:53.718+0000] {logging_mixin.py:188} INFO - [2024-04-21T20:47:53.718+0000] {dagbag.py:540} INFO - Filling up the DagBag from /home/airflow/.local/lib/python3.9/site-packages/airflow/example_dags/example_branch_day_of_week_operator.py
[2024-04-21T20:47:53.727+0000] {processor.py:840} INFO - DAG(s) 'example_weekday_branch_operator' retrieved from /home/airflow/.local/lib/python3.9/site-packages/airflow/example_dags/example_branch_day_of_week_operator.py
[2024-04-21T20:47:53.784+0000] {logging_mixin.py:188} INFO - [2024-04-21T20:47:53.783+0000] {dag.py:3047} INFO - Sync 1 DAGs
[2024-04-21T20:47:53.811+0000] {logging_mixin.py:188} INFO - [2024-04-21T20:47:53.811+0000] {dag.py:3834} INFO - Setting next_dagrun for example_weekday_branch_operator to 2024-04-20 00:00:00+00:00, run_after=2024-04-21 00:00:00+00:00
[2024-04-21T20:47:53.846+0000] {processor.py:183} INFO - Processing /home/airflow/.local/lib/python3.9/site-packages/airflow/example_dags/example_branch_day_of_week_operator.py took 0.134 seconds
[2024-04-21T21:00:56.907+0000] {processor.py:161} INFO - Started process (PID=86) to work on /home/airflow/.local/lib/python3.9/site-packages/airflow/example_dags/example_branch_day_of_week_operator.py
[2024-04-21T21:00:56.909+0000] {processor.py:830} INFO - Processing file /home/airflow/.local/lib/python3.9/site-packages/airflow/example_dags/example_branch_day_of_week_operator.py for tasks to queue
[2024-04-21T21:00:56.912+0000] {logging_mixin.py:188} INFO - [2024-04-21T21:00:56.911+0000] {dagbag.py:540} INFO - Filling up the DagBag from /home/airflow/.local/lib/python3.9/site-packages/airflow/example_dags/example_branch_day_of_week_operator.py
[2024-04-21T21:00:56.930+0000] {processor.py:840} INFO - DAG(s) 'example_weekday_branch_operator' retrieved from /home/airflow/.local/lib/python3.9/site-packages/airflow/example_dags/example_branch_day_of_week_operator.py
[2024-04-21T21:00:57.164+0000] {logging_mixin.py:188} INFO - [2024-04-21T21:00:57.164+0000] {dag.py:3047} INFO - Sync 1 DAGs
[2024-04-21T21:00:57.194+0000] {logging_mixin.py:188} INFO - [2024-04-21T21:00:57.194+0000] {dag.py:3834} INFO - Setting next_dagrun for example_weekday_branch_operator to 2024-04-20 00:00:00+00:00, run_after=2024-04-21 00:00:00+00:00
[2024-04-21T21:00:57.243+0000] {processor.py:183} INFO - Processing /home/airflow/.local/lib/python3.9/site-packages/airflow/example_dags/example_branch_day_of_week_operator.py took 0.341 seconds
[2024-04-21T21:01:27.800+0000] {processor.py:161} INFO - Started process (PID=143) to work on /home/airflow/.local/lib/python3.9/site-packages/airflow/example_dags/example_branch_day_of_week_operator.py
[2024-04-21T21:01:27.801+0000] {processor.py:830} INFO - Processing file /home/airflow/.local/lib/python3.9/site-packages/airflow/example_dags/example_branch_day_of_week_operator.py for tasks to queue
[2024-04-21T21:01:27.805+0000] {logging_mixin.py:188} INFO - [2024-04-21T21:01:27.803+0000] {dagbag.py:540} INFO - Filling up the DagBag from /home/airflow/.local/lib/python3.9/site-packages/airflow/example_dags/example_branch_day_of_week_operator.py
[2024-04-21T21:01:27.823+0000] {processor.py:840} INFO - DAG(s) 'example_weekday_branch_operator' retrieved from /home/airflow/.local/lib/python3.9/site-packages/airflow/example_dags/example_branch_day_of_week_operator.py
[2024-04-21T21:01:27.956+0000] {logging_mixin.py:188} INFO - [2024-04-21T21:01:27.956+0000] {dag.py:3047} INFO - Sync 1 DAGs
[2024-04-21T21:01:27.998+0000] {logging_mixin.py:188} INFO - [2024-04-21T21:01:27.998+0000] {dag.py:3834} INFO - Setting next_dagrun for example_weekday_branch_operator to 2024-04-20 00:00:00+00:00, run_after=2024-04-21 00:00:00+00:00
[2024-04-21T21:01:28.056+0000] {processor.py:183} INFO - Processing /home/airflow/.local/lib/python3.9/site-packages/airflow/example_dags/example_branch_day_of_week_operator.py took 0.261 seconds
[2024-04-21T21:04:42.984+0000] {processor.py:161} INFO - Started process (PID=91) to work on /home/airflow/.local/lib/python3.9/site-packages/airflow/example_dags/example_branch_day_of_week_operator.py
[2024-04-21T21:04:42.986+0000] {processor.py:830} INFO - Processing file /home/airflow/.local/lib/python3.9/site-packages/airflow/example_dags/example_branch_day_of_week_operator.py for tasks to queue
[2024-04-21T21:04:42.989+0000] {logging_mixin.py:188} INFO - [2024-04-21T21:04:42.988+0000] {dagbag.py:540} INFO - Filling up the DagBag from /home/airflow/.local/lib/python3.9/site-packages/airflow/example_dags/example_branch_day_of_week_operator.py
[2024-04-21T21:04:43.001+0000] {processor.py:840} INFO - DAG(s) 'example_weekday_branch_operator' retrieved from /home/airflow/.local/lib/python3.9/site-packages/airflow/example_dags/example_branch_day_of_week_operator.py
[2024-04-21T21:04:43.061+0000] {logging_mixin.py:188} INFO - [2024-04-21T21:04:43.060+0000] {dag.py:3047} INFO - Sync 1 DAGs
[2024-04-21T21:04:43.085+0000] {logging_mixin.py:188} INFO - [2024-04-21T21:04:43.085+0000] {dag.py:3834} INFO - Setting next_dagrun for example_weekday_branch_operator to 2024-04-20 00:00:00+00:00, run_after=2024-04-21 00:00:00+00:00
[2024-04-21T21:04:43.125+0000] {processor.py:183} INFO - Processing /home/airflow/.local/lib/python3.9/site-packages/airflow/example_dags/example_branch_day_of_week_operator.py took 0.144 seconds
[2024-04-21T21:05:13.559+0000] {processor.py:161} INFO - Started process (PID=148) to work on /home/airflow/.local/lib/python3.9/site-packages/airflow/example_dags/example_branch_day_of_week_operator.py
[2024-04-21T21:05:13.560+0000] {processor.py:830} INFO - Processing file /home/airflow/.local/lib/python3.9/site-packages/airflow/example_dags/example_branch_day_of_week_operator.py for tasks to queue
[2024-04-21T21:05:13.563+0000] {logging_mixin.py:188} INFO - [2024-04-21T21:05:13.562+0000] {dagbag.py:540} INFO - Filling up the DagBag from /home/airflow/.local/lib/python3.9/site-packages/airflow/example_dags/example_branch_day_of_week_operator.py
[2024-04-21T21:05:13.572+0000] {processor.py:840} INFO - DAG(s) 'example_weekday_branch_operator' retrieved from /home/airflow/.local/lib/python3.9/site-packages/airflow/example_dags/example_branch_day_of_week_operator.py
[2024-04-21T21:05:13.628+0000] {logging_mixin.py:188} INFO - [2024-04-21T21:05:13.628+0000] {dag.py:3047} INFO - Sync 1 DAGs
[2024-04-21T21:05:13.656+0000] {logging_mixin.py:188} INFO - [2024-04-21T21:05:13.656+0000] {dag.py:3834} INFO - Setting next_dagrun for example_weekday_branch_operator to 2024-04-20 00:00:00+00:00, run_after=2024-04-21 00:00:00+00:00
[2024-04-21T21:05:13.691+0000] {processor.py:183} INFO - Processing /home/airflow/.local/lib/python3.9/site-packages/airflow/example_dags/example_branch_day_of_week_operator.py took 0.136 seconds
[2024-04-21T21:05:44.989+0000] {processor.py:161} INFO - Started process (PID=213) to work on /home/airflow/.local/lib/python3.9/site-packages/airflow/example_dags/example_branch_day_of_week_operator.py
[2024-04-21T21:05:44.993+0000] {processor.py:830} INFO - Processing file /home/airflow/.local/lib/python3.9/site-packages/airflow/example_dags/example_branch_day_of_week_operator.py for tasks to queue
[2024-04-21T21:05:45.000+0000] {logging_mixin.py:188} INFO - [2024-04-21T21:05:44.998+0000] {dagbag.py:540} INFO - Filling up the DagBag from /home/airflow/.local/lib/python3.9/site-packages/airflow/example_dags/example_branch_day_of_week_operator.py
[2024-04-21T21:05:45.032+0000] {processor.py:840} INFO - DAG(s) 'example_weekday_branch_operator' retrieved from /home/airflow/.local/lib/python3.9/site-packages/airflow/example_dags/example_branch_day_of_week_operator.py
[2024-04-21T21:05:45.185+0000] {logging_mixin.py:188} INFO - [2024-04-21T21:05:45.185+0000] {dag.py:3047} INFO - Sync 1 DAGs
[2024-04-21T21:05:45.222+0000] {logging_mixin.py:188} INFO - [2024-04-21T21:05:45.221+0000] {dag.py:3834} INFO - Setting next_dagrun for example_weekday_branch_operator to 2024-04-20 00:00:00+00:00, run_after=2024-04-21 00:00:00+00:00
[2024-04-21T21:05:45.268+0000] {processor.py:183} INFO - Processing /home/airflow/.local/lib/python3.9/site-packages/airflow/example_dags/example_branch_day_of_week_operator.py took 0.289 seconds
