[2024-04-21T19:52:06.646+0000] {processor.py:161} INFO - Started process (PID=79) to work on /home/airflow/.local/lib/python3.9/site-packages/airflow/example_dags/example_xcomargs.py
[2024-04-21T19:52:06.647+0000] {processor.py:830} INFO - Processing file /home/airflow/.local/lib/python3.9/site-packages/airflow/example_dags/example_xcomargs.py for tasks to queue
[2024-04-21T19:52:06.659+0000] {logging_mixin.py:188} INFO - [2024-04-21T19:52:06.659+0000] {dagbag.py:540} INFO - Filling up the DagBag from /home/airflow/.local/lib/python3.9/site-packages/airflow/example_dags/example_xcomargs.py
[2024-04-21T19:52:06.674+0000] {processor.py:840} INFO - DAG(s) 'example_xcom_args_with_operators', 'example_xcom_args' retrieved from /home/airflow/.local/lib/python3.9/site-packages/airflow/example_dags/example_xcomargs.py
[2024-04-21T19:52:07.092+0000] {logging_mixin.py:188} INFO - [2024-04-21T19:52:07.092+0000] {dag.py:3047} INFO - Sync 2 DAGs
[2024-04-21T19:52:07.116+0000] {logging_mixin.py:188} INFO - [2024-04-21T19:52:07.115+0000] {dag.py:3834} INFO - Setting next_dagrun for example_xcom_args to None, run_after=None
[2024-04-21T19:52:07.124+0000] {logging_mixin.py:188} INFO - [2024-04-21T19:52:07.124+0000] {dag.py:3834} INFO - Setting next_dagrun for example_xcom_args_with_operators to None, run_after=None
[2024-04-21T19:52:07.209+0000] {processor.py:183} INFO - Processing /home/airflow/.local/lib/python3.9/site-packages/airflow/example_dags/example_xcomargs.py took 0.566 seconds
[2024-04-21T19:52:37.437+0000] {processor.py:161} INFO - Started process (PID=136) to work on /home/airflow/.local/lib/python3.9/site-packages/airflow/example_dags/example_xcomargs.py
[2024-04-21T19:52:37.439+0000] {processor.py:830} INFO - Processing file /home/airflow/.local/lib/python3.9/site-packages/airflow/example_dags/example_xcomargs.py for tasks to queue
[2024-04-21T19:52:37.442+0000] {logging_mixin.py:188} INFO - [2024-04-21T19:52:37.441+0000] {dagbag.py:540} INFO - Filling up the DagBag from /home/airflow/.local/lib/python3.9/site-packages/airflow/example_dags/example_xcomargs.py
[2024-04-21T19:52:37.455+0000] {processor.py:840} INFO - DAG(s) 'example_xcom_args', 'example_xcom_args_with_operators' retrieved from /home/airflow/.local/lib/python3.9/site-packages/airflow/example_dags/example_xcomargs.py
[2024-04-21T19:52:37.558+0000] {logging_mixin.py:188} INFO - [2024-04-21T19:52:37.557+0000] {dag.py:3047} INFO - Sync 2 DAGs
[2024-04-21T19:52:37.577+0000] {logging_mixin.py:188} INFO - [2024-04-21T19:52:37.577+0000] {dag.py:3834} INFO - Setting next_dagrun for example_xcom_args to None, run_after=None
[2024-04-21T19:52:37.586+0000] {logging_mixin.py:188} INFO - [2024-04-21T19:52:37.586+0000] {dag.py:3834} INFO - Setting next_dagrun for example_xcom_args_with_operators to None, run_after=None
[2024-04-21T19:52:37.633+0000] {processor.py:183} INFO - Processing /home/airflow/.local/lib/python3.9/site-packages/airflow/example_dags/example_xcomargs.py took 0.200 seconds
[2024-04-21T19:53:08.876+0000] {processor.py:161} INFO - Started process (PID=193) to work on /home/airflow/.local/lib/python3.9/site-packages/airflow/example_dags/example_xcomargs.py
[2024-04-21T19:53:08.878+0000] {processor.py:830} INFO - Processing file /home/airflow/.local/lib/python3.9/site-packages/airflow/example_dags/example_xcomargs.py for tasks to queue
[2024-04-21T19:53:08.883+0000] {logging_mixin.py:188} INFO - [2024-04-21T19:53:08.882+0000] {dagbag.py:540} INFO - Filling up the DagBag from /home/airflow/.local/lib/python3.9/site-packages/airflow/example_dags/example_xcomargs.py
[2024-04-21T19:53:08.898+0000] {processor.py:840} INFO - DAG(s) 'example_xcom_args', 'example_xcom_args_with_operators' retrieved from /home/airflow/.local/lib/python3.9/site-packages/airflow/example_dags/example_xcomargs.py
[2024-04-21T19:53:09.028+0000] {logging_mixin.py:188} INFO - [2024-04-21T19:53:09.028+0000] {dag.py:3047} INFO - Sync 2 DAGs
[2024-04-21T19:53:09.054+0000] {logging_mixin.py:188} INFO - [2024-04-21T19:53:09.053+0000] {dag.py:3834} INFO - Setting next_dagrun for example_xcom_args to None, run_after=None
[2024-04-21T19:53:09.063+0000] {logging_mixin.py:188} INFO - [2024-04-21T19:53:09.063+0000] {dag.py:3834} INFO - Setting next_dagrun for example_xcom_args_with_operators to None, run_after=None
[2024-04-21T19:53:09.127+0000] {processor.py:183} INFO - Processing /home/airflow/.local/lib/python3.9/site-packages/airflow/example_dags/example_xcomargs.py took 0.255 seconds
[2024-04-21T19:53:39.956+0000] {processor.py:161} INFO - Started process (PID=254) to work on /home/airflow/.local/lib/python3.9/site-packages/airflow/example_dags/example_xcomargs.py
[2024-04-21T19:53:39.958+0000] {processor.py:830} INFO - Processing file /home/airflow/.local/lib/python3.9/site-packages/airflow/example_dags/example_xcomargs.py for tasks to queue
[2024-04-21T19:53:39.963+0000] {logging_mixin.py:188} INFO - [2024-04-21T19:53:39.962+0000] {dagbag.py:540} INFO - Filling up the DagBag from /home/airflow/.local/lib/python3.9/site-packages/airflow/example_dags/example_xcomargs.py
[2024-04-21T19:53:39.987+0000] {processor.py:840} INFO - DAG(s) 'example_xcom_args_with_operators', 'example_xcom_args' retrieved from /home/airflow/.local/lib/python3.9/site-packages/airflow/example_dags/example_xcomargs.py
[2024-04-21T19:53:40.183+0000] {logging_mixin.py:188} INFO - [2024-04-21T19:53:40.182+0000] {dag.py:3047} INFO - Sync 2 DAGs
[2024-04-21T19:53:40.209+0000] {logging_mixin.py:188} INFO - [2024-04-21T19:53:40.209+0000] {dag.py:3834} INFO - Setting next_dagrun for example_xcom_args to None, run_after=None
[2024-04-21T19:53:40.218+0000] {logging_mixin.py:188} INFO - [2024-04-21T19:53:40.218+0000] {dag.py:3834} INFO - Setting next_dagrun for example_xcom_args_with_operators to None, run_after=None
[2024-04-21T19:53:40.293+0000] {processor.py:183} INFO - Processing /home/airflow/.local/lib/python3.9/site-packages/airflow/example_dags/example_xcomargs.py took 0.346 seconds
[2024-04-21T19:54:36.885+0000] {processor.py:161} INFO - Started process (PID=73) to work on /home/airflow/.local/lib/python3.9/site-packages/airflow/example_dags/example_xcomargs.py
[2024-04-21T19:54:36.887+0000] {processor.py:830} INFO - Processing file /home/airflow/.local/lib/python3.9/site-packages/airflow/example_dags/example_xcomargs.py for tasks to queue
[2024-04-21T19:54:36.889+0000] {logging_mixin.py:188} INFO - [2024-04-21T19:54:36.889+0000] {dagbag.py:540} INFO - Filling up the DagBag from /home/airflow/.local/lib/python3.9/site-packages/airflow/example_dags/example_xcomargs.py
[2024-04-21T19:54:36.898+0000] {processor.py:840} INFO - DAG(s) 'example_xcom_args', 'example_xcom_args_with_operators' retrieved from /home/airflow/.local/lib/python3.9/site-packages/airflow/example_dags/example_xcomargs.py
[2024-04-21T19:54:36.974+0000] {logging_mixin.py:188} INFO - [2024-04-21T19:54:36.973+0000] {dag.py:3047} INFO - Sync 2 DAGs
[2024-04-21T19:54:36.986+0000] {logging_mixin.py:188} INFO - [2024-04-21T19:54:36.986+0000] {dag.py:3834} INFO - Setting next_dagrun for example_xcom_args to None, run_after=None
[2024-04-21T19:54:36.992+0000] {logging_mixin.py:188} INFO - [2024-04-21T19:54:36.991+0000] {dag.py:3834} INFO - Setting next_dagrun for example_xcom_args_with_operators to None, run_after=None
[2024-04-21T19:54:37.029+0000] {processor.py:183} INFO - Processing /home/airflow/.local/lib/python3.9/site-packages/airflow/example_dags/example_xcomargs.py took 0.147 seconds
[2024-04-21T19:55:22.356+0000] {processor.py:161} INFO - Started process (PID=140) to work on /home/airflow/.local/lib/python3.9/site-packages/airflow/example_dags/example_xcomargs.py
[2024-04-21T19:55:22.358+0000] {processor.py:830} INFO - Processing file /home/airflow/.local/lib/python3.9/site-packages/airflow/example_dags/example_xcomargs.py for tasks to queue
[2024-04-21T19:55:22.360+0000] {logging_mixin.py:188} INFO - [2024-04-21T19:55:22.360+0000] {dagbag.py:540} INFO - Filling up the DagBag from /home/airflow/.local/lib/python3.9/site-packages/airflow/example_dags/example_xcomargs.py
[2024-04-21T19:55:22.370+0000] {processor.py:840} INFO - DAG(s) 'example_xcom_args_with_operators', 'example_xcom_args' retrieved from /home/airflow/.local/lib/python3.9/site-packages/airflow/example_dags/example_xcomargs.py
[2024-04-21T19:55:22.441+0000] {logging_mixin.py:188} INFO - [2024-04-21T19:55:22.441+0000] {dag.py:3047} INFO - Sync 2 DAGs
[2024-04-21T19:55:22.457+0000] {logging_mixin.py:188} INFO - [2024-04-21T19:55:22.457+0000] {dag.py:3834} INFO - Setting next_dagrun for example_xcom_args to None, run_after=None
[2024-04-21T19:55:22.462+0000] {logging_mixin.py:188} INFO - [2024-04-21T19:55:22.462+0000] {dag.py:3834} INFO - Setting next_dagrun for example_xcom_args_with_operators to None, run_after=None
[2024-04-21T19:55:22.499+0000] {processor.py:183} INFO - Processing /home/airflow/.local/lib/python3.9/site-packages/airflow/example_dags/example_xcomargs.py took 0.147 seconds
[2024-04-21T19:59:02.193+0000] {processor.py:161} INFO - Started process (PID=214) to work on /home/airflow/.local/lib/python3.9/site-packages/airflow/example_dags/example_xcomargs.py
[2024-04-21T19:59:02.195+0000] {processor.py:830} INFO - Processing file /home/airflow/.local/lib/python3.9/site-packages/airflow/example_dags/example_xcomargs.py for tasks to queue
[2024-04-21T19:59:02.197+0000] {logging_mixin.py:188} INFO - [2024-04-21T19:59:02.197+0000] {dagbag.py:540} INFO - Filling up the DagBag from /home/airflow/.local/lib/python3.9/site-packages/airflow/example_dags/example_xcomargs.py
[2024-04-21T19:59:02.212+0000] {processor.py:840} INFO - DAG(s) 'example_xcom_args_with_operators', 'example_xcom_args' retrieved from /home/airflow/.local/lib/python3.9/site-packages/airflow/example_dags/example_xcomargs.py
[2024-04-21T19:59:02.316+0000] {logging_mixin.py:188} INFO - [2024-04-21T19:59:02.316+0000] {dag.py:3047} INFO - Sync 2 DAGs
[2024-04-21T19:59:02.364+0000] {logging_mixin.py:188} INFO - [2024-04-21T19:59:02.364+0000] {dag.py:3834} INFO - Setting next_dagrun for example_xcom_args to None, run_after=None
[2024-04-21T19:59:02.378+0000] {logging_mixin.py:188} INFO - [2024-04-21T19:59:02.377+0000] {dag.py:3834} INFO - Setting next_dagrun for example_xcom_args_with_operators to None, run_after=None
[2024-04-21T19:59:02.420+0000] {processor.py:183} INFO - Processing /home/airflow/.local/lib/python3.9/site-packages/airflow/example_dags/example_xcomargs.py took 0.231 seconds
[2024-04-21T20:03:13.156+0000] {processor.py:161} INFO - Started process (PID=286) to work on /home/airflow/.local/lib/python3.9/site-packages/airflow/example_dags/example_xcomargs.py
[2024-04-21T20:03:13.157+0000] {processor.py:830} INFO - Processing file /home/airflow/.local/lib/python3.9/site-packages/airflow/example_dags/example_xcomargs.py for tasks to queue
[2024-04-21T20:03:13.159+0000] {logging_mixin.py:188} INFO - [2024-04-21T20:03:13.159+0000] {dagbag.py:540} INFO - Filling up the DagBag from /home/airflow/.local/lib/python3.9/site-packages/airflow/example_dags/example_xcomargs.py
[2024-04-21T20:03:13.167+0000] {processor.py:840} INFO - DAG(s) 'example_xcom_args_with_operators', 'example_xcom_args' retrieved from /home/airflow/.local/lib/python3.9/site-packages/airflow/example_dags/example_xcomargs.py
[2024-04-21T20:03:13.244+0000] {logging_mixin.py:188} INFO - [2024-04-21T20:03:13.244+0000] {dag.py:3047} INFO - Sync 2 DAGs
[2024-04-21T20:03:13.260+0000] {logging_mixin.py:188} INFO - [2024-04-21T20:03:13.259+0000] {dag.py:3834} INFO - Setting next_dagrun for example_xcom_args to None, run_after=None
[2024-04-21T20:03:13.266+0000] {logging_mixin.py:188} INFO - [2024-04-21T20:03:13.266+0000] {dag.py:3834} INFO - Setting next_dagrun for example_xcom_args_with_operators to None, run_after=None
[2024-04-21T20:03:13.306+0000] {processor.py:183} INFO - Processing /home/airflow/.local/lib/python3.9/site-packages/airflow/example_dags/example_xcomargs.py took 0.154 seconds
[2024-04-21T20:04:22.268+0000] {processor.py:161} INFO - Started process (PID=353) to work on /home/airflow/.local/lib/python3.9/site-packages/airflow/example_dags/example_xcomargs.py
[2024-04-21T20:04:22.269+0000] {processor.py:830} INFO - Processing file /home/airflow/.local/lib/python3.9/site-packages/airflow/example_dags/example_xcomargs.py for tasks to queue
[2024-04-21T20:04:22.271+0000] {logging_mixin.py:188} INFO - [2024-04-21T20:04:22.270+0000] {dagbag.py:540} INFO - Filling up the DagBag from /home/airflow/.local/lib/python3.9/site-packages/airflow/example_dags/example_xcomargs.py
[2024-04-21T20:04:22.281+0000] {processor.py:840} INFO - DAG(s) 'example_xcom_args', 'example_xcom_args_with_operators' retrieved from /home/airflow/.local/lib/python3.9/site-packages/airflow/example_dags/example_xcomargs.py
[2024-04-21T20:04:22.357+0000] {logging_mixin.py:188} INFO - [2024-04-21T20:04:22.356+0000] {dag.py:3047} INFO - Sync 2 DAGs
[2024-04-21T20:04:22.373+0000] {logging_mixin.py:188} INFO - [2024-04-21T20:04:22.373+0000] {dag.py:3834} INFO - Setting next_dagrun for example_xcom_args to None, run_after=None
[2024-04-21T20:04:22.379+0000] {logging_mixin.py:188} INFO - [2024-04-21T20:04:22.379+0000] {dag.py:3834} INFO - Setting next_dagrun for example_xcom_args_with_operators to None, run_after=None
[2024-04-21T20:04:22.424+0000] {processor.py:183} INFO - Processing /home/airflow/.local/lib/python3.9/site-packages/airflow/example_dags/example_xcomargs.py took 0.159 seconds
[2024-04-21T20:04:53.624+0000] {processor.py:161} INFO - Started process (PID=410) to work on /home/airflow/.local/lib/python3.9/site-packages/airflow/example_dags/example_xcomargs.py
[2024-04-21T20:04:53.627+0000] {processor.py:830} INFO - Processing file /home/airflow/.local/lib/python3.9/site-packages/airflow/example_dags/example_xcomargs.py for tasks to queue
[2024-04-21T20:04:53.629+0000] {logging_mixin.py:188} INFO - [2024-04-21T20:04:53.628+0000] {dagbag.py:540} INFO - Filling up the DagBag from /home/airflow/.local/lib/python3.9/site-packages/airflow/example_dags/example_xcomargs.py
[2024-04-21T20:04:53.640+0000] {processor.py:840} INFO - DAG(s) 'example_xcom_args', 'example_xcom_args_with_operators' retrieved from /home/airflow/.local/lib/python3.9/site-packages/airflow/example_dags/example_xcomargs.py
[2024-04-21T20:04:53.732+0000] {logging_mixin.py:188} INFO - [2024-04-21T20:04:53.731+0000] {dag.py:3047} INFO - Sync 2 DAGs
[2024-04-21T20:04:53.746+0000] {logging_mixin.py:188} INFO - [2024-04-21T20:04:53.746+0000] {dag.py:3834} INFO - Setting next_dagrun for example_xcom_args to None, run_after=None
[2024-04-21T20:04:53.751+0000] {logging_mixin.py:188} INFO - [2024-04-21T20:04:53.751+0000] {dag.py:3834} INFO - Setting next_dagrun for example_xcom_args_with_operators to None, run_after=None
[2024-04-21T20:04:53.790+0000] {processor.py:183} INFO - Processing /home/airflow/.local/lib/python3.9/site-packages/airflow/example_dags/example_xcomargs.py took 0.172 seconds
[2024-04-21T20:05:24.283+0000] {processor.py:161} INFO - Started process (PID=467) to work on /home/airflow/.local/lib/python3.9/site-packages/airflow/example_dags/example_xcomargs.py
[2024-04-21T20:05:24.285+0000] {processor.py:830} INFO - Processing file /home/airflow/.local/lib/python3.9/site-packages/airflow/example_dags/example_xcomargs.py for tasks to queue
[2024-04-21T20:05:24.288+0000] {logging_mixin.py:188} INFO - [2024-04-21T20:05:24.287+0000] {dagbag.py:540} INFO - Filling up the DagBag from /home/airflow/.local/lib/python3.9/site-packages/airflow/example_dags/example_xcomargs.py
[2024-04-21T20:05:24.303+0000] {processor.py:840} INFO - DAG(s) 'example_xcom_args', 'example_xcom_args_with_operators' retrieved from /home/airflow/.local/lib/python3.9/site-packages/airflow/example_dags/example_xcomargs.py
[2024-04-21T20:05:24.421+0000] {logging_mixin.py:188} INFO - [2024-04-21T20:05:24.420+0000] {dag.py:3047} INFO - Sync 2 DAGs
[2024-04-21T20:05:24.442+0000] {logging_mixin.py:188} INFO - [2024-04-21T20:05:24.442+0000] {dag.py:3834} INFO - Setting next_dagrun for example_xcom_args to None, run_after=None
[2024-04-21T20:05:24.449+0000] {logging_mixin.py:188} INFO - [2024-04-21T20:05:24.449+0000] {dag.py:3834} INFO - Setting next_dagrun for example_xcom_args_with_operators to None, run_after=None
[2024-04-21T20:05:24.509+0000] {processor.py:183} INFO - Processing /home/airflow/.local/lib/python3.9/site-packages/airflow/example_dags/example_xcomargs.py took 0.232 seconds
[2024-04-21T20:05:55.838+0000] {processor.py:161} INFO - Started process (PID=524) to work on /home/airflow/.local/lib/python3.9/site-packages/airflow/example_dags/example_xcomargs.py
[2024-04-21T20:05:55.840+0000] {processor.py:830} INFO - Processing file /home/airflow/.local/lib/python3.9/site-packages/airflow/example_dags/example_xcomargs.py for tasks to queue
[2024-04-21T20:05:55.842+0000] {logging_mixin.py:188} INFO - [2024-04-21T20:05:55.842+0000] {dagbag.py:540} INFO - Filling up the DagBag from /home/airflow/.local/lib/python3.9/site-packages/airflow/example_dags/example_xcomargs.py
[2024-04-21T20:05:55.857+0000] {processor.py:840} INFO - DAG(s) 'example_xcom_args_with_operators', 'example_xcom_args' retrieved from /home/airflow/.local/lib/python3.9/site-packages/airflow/example_dags/example_xcomargs.py
[2024-04-21T20:05:55.999+0000] {logging_mixin.py:188} INFO - [2024-04-21T20:05:55.998+0000] {dag.py:3047} INFO - Sync 2 DAGs
[2024-04-21T20:05:56.027+0000] {logging_mixin.py:188} INFO - [2024-04-21T20:05:56.027+0000] {dag.py:3834} INFO - Setting next_dagrun for example_xcom_args to None, run_after=None
[2024-04-21T20:05:56.036+0000] {logging_mixin.py:188} INFO - [2024-04-21T20:05:56.036+0000] {dag.py:3834} INFO - Setting next_dagrun for example_xcom_args_with_operators to None, run_after=None
[2024-04-21T20:05:56.103+0000] {processor.py:183} INFO - Processing /home/airflow/.local/lib/python3.9/site-packages/airflow/example_dags/example_xcomargs.py took 0.270 seconds
[2024-04-21T20:06:49.468+0000] {processor.py:161} INFO - Started process (PID=587) to work on /home/airflow/.local/lib/python3.9/site-packages/airflow/example_dags/example_xcomargs.py
[2024-04-21T20:06:49.470+0000] {processor.py:830} INFO - Processing file /home/airflow/.local/lib/python3.9/site-packages/airflow/example_dags/example_xcomargs.py for tasks to queue
[2024-04-21T20:06:49.471+0000] {logging_mixin.py:188} INFO - [2024-04-21T20:06:49.470+0000] {dagbag.py:540} INFO - Filling up the DagBag from /home/airflow/.local/lib/python3.9/site-packages/airflow/example_dags/example_xcomargs.py
[2024-04-21T20:06:49.479+0000] {processor.py:840} INFO - DAG(s) 'example_xcom_args', 'example_xcom_args_with_operators' retrieved from /home/airflow/.local/lib/python3.9/site-packages/airflow/example_dags/example_xcomargs.py
[2024-04-21T20:06:49.538+0000] {logging_mixin.py:188} INFO - [2024-04-21T20:06:49.537+0000] {dag.py:3047} INFO - Sync 2 DAGs
[2024-04-21T20:06:49.549+0000] {logging_mixin.py:188} INFO - [2024-04-21T20:06:49.549+0000] {dag.py:3834} INFO - Setting next_dagrun for example_xcom_args to None, run_after=None
[2024-04-21T20:06:49.554+0000] {logging_mixin.py:188} INFO - [2024-04-21T20:06:49.553+0000] {dag.py:3834} INFO - Setting next_dagrun for example_xcom_args_with_operators to None, run_after=None
[2024-04-21T20:06:49.586+0000] {processor.py:183} INFO - Processing /home/airflow/.local/lib/python3.9/site-packages/airflow/example_dags/example_xcomargs.py took 0.121 seconds
[2024-04-21T20:07:20.742+0000] {processor.py:161} INFO - Started process (PID=645) to work on /home/airflow/.local/lib/python3.9/site-packages/airflow/example_dags/example_xcomargs.py
[2024-04-21T20:07:20.744+0000] {processor.py:830} INFO - Processing file /home/airflow/.local/lib/python3.9/site-packages/airflow/example_dags/example_xcomargs.py for tasks to queue
[2024-04-21T20:07:20.745+0000] {logging_mixin.py:188} INFO - [2024-04-21T20:07:20.745+0000] {dagbag.py:540} INFO - Filling up the DagBag from /home/airflow/.local/lib/python3.9/site-packages/airflow/example_dags/example_xcomargs.py
[2024-04-21T20:07:20.756+0000] {processor.py:840} INFO - DAG(s) 'example_xcom_args_with_operators', 'example_xcom_args' retrieved from /home/airflow/.local/lib/python3.9/site-packages/airflow/example_dags/example_xcomargs.py
[2024-04-21T20:07:20.843+0000] {logging_mixin.py:188} INFO - [2024-04-21T20:07:20.843+0000] {dag.py:3047} INFO - Sync 2 DAGs
[2024-04-21T20:07:20.858+0000] {logging_mixin.py:188} INFO - [2024-04-21T20:07:20.857+0000] {dag.py:3834} INFO - Setting next_dagrun for example_xcom_args to None, run_after=None
[2024-04-21T20:07:20.864+0000] {logging_mixin.py:188} INFO - [2024-04-21T20:07:20.863+0000] {dag.py:3834} INFO - Setting next_dagrun for example_xcom_args_with_operators to None, run_after=None
[2024-04-21T20:07:20.906+0000] {processor.py:183} INFO - Processing /home/airflow/.local/lib/python3.9/site-packages/airflow/example_dags/example_xcomargs.py took 0.168 seconds
[2024-04-21T20:07:51.956+0000] {processor.py:161} INFO - Started process (PID=702) to work on /home/airflow/.local/lib/python3.9/site-packages/airflow/example_dags/example_xcomargs.py
[2024-04-21T20:07:51.958+0000] {processor.py:830} INFO - Processing file /home/airflow/.local/lib/python3.9/site-packages/airflow/example_dags/example_xcomargs.py for tasks to queue
[2024-04-21T20:07:51.960+0000] {logging_mixin.py:188} INFO - [2024-04-21T20:07:51.960+0000] {dagbag.py:540} INFO - Filling up the DagBag from /home/airflow/.local/lib/python3.9/site-packages/airflow/example_dags/example_xcomargs.py
[2024-04-21T20:07:51.972+0000] {processor.py:840} INFO - DAG(s) 'example_xcom_args', 'example_xcom_args_with_operators' retrieved from /home/airflow/.local/lib/python3.9/site-packages/airflow/example_dags/example_xcomargs.py
[2024-04-21T20:07:52.068+0000] {logging_mixin.py:188} INFO - [2024-04-21T20:07:52.067+0000] {dag.py:3047} INFO - Sync 2 DAGs
[2024-04-21T20:07:52.086+0000] {logging_mixin.py:188} INFO - [2024-04-21T20:07:52.086+0000] {dag.py:3834} INFO - Setting next_dagrun for example_xcom_args to None, run_after=None
[2024-04-21T20:07:52.093+0000] {logging_mixin.py:188} INFO - [2024-04-21T20:07:52.092+0000] {dag.py:3834} INFO - Setting next_dagrun for example_xcom_args_with_operators to None, run_after=None
[2024-04-21T20:07:52.133+0000] {processor.py:183} INFO - Processing /home/airflow/.local/lib/python3.9/site-packages/airflow/example_dags/example_xcomargs.py took 0.181 seconds
[2024-04-21T20:08:23.914+0000] {processor.py:161} INFO - Started process (PID=758) to work on /home/airflow/.local/lib/python3.9/site-packages/airflow/example_dags/example_xcomargs.py
[2024-04-21T20:08:23.915+0000] {processor.py:830} INFO - Processing file /home/airflow/.local/lib/python3.9/site-packages/airflow/example_dags/example_xcomargs.py for tasks to queue
[2024-04-21T20:08:23.917+0000] {logging_mixin.py:188} INFO - [2024-04-21T20:08:23.916+0000] {dagbag.py:540} INFO - Filling up the DagBag from /home/airflow/.local/lib/python3.9/site-packages/airflow/example_dags/example_xcomargs.py
[2024-04-21T20:08:23.927+0000] {processor.py:840} INFO - DAG(s) 'example_xcom_args_with_operators', 'example_xcom_args' retrieved from /home/airflow/.local/lib/python3.9/site-packages/airflow/example_dags/example_xcomargs.py
[2024-04-21T20:08:24.007+0000] {logging_mixin.py:188} INFO - [2024-04-21T20:08:24.006+0000] {dag.py:3047} INFO - Sync 2 DAGs
[2024-04-21T20:08:24.021+0000] {logging_mixin.py:188} INFO - [2024-04-21T20:08:24.020+0000] {dag.py:3834} INFO - Setting next_dagrun for example_xcom_args to None, run_after=None
[2024-04-21T20:08:24.027+0000] {logging_mixin.py:188} INFO - [2024-04-21T20:08:24.026+0000] {dag.py:3834} INFO - Setting next_dagrun for example_xcom_args_with_operators to None, run_after=None
[2024-04-21T20:08:24.066+0000] {processor.py:183} INFO - Processing /home/airflow/.local/lib/python3.9/site-packages/airflow/example_dags/example_xcomargs.py took 0.156 seconds
[2024-04-21T20:10:06.254+0000] {processor.py:161} INFO - Started process (PID=829) to work on /home/airflow/.local/lib/python3.9/site-packages/airflow/example_dags/example_xcomargs.py
[2024-04-21T20:10:06.256+0000] {processor.py:830} INFO - Processing file /home/airflow/.local/lib/python3.9/site-packages/airflow/example_dags/example_xcomargs.py for tasks to queue
[2024-04-21T20:10:06.258+0000] {logging_mixin.py:188} INFO - [2024-04-21T20:10:06.257+0000] {dagbag.py:540} INFO - Filling up the DagBag from /home/airflow/.local/lib/python3.9/site-packages/airflow/example_dags/example_xcomargs.py
[2024-04-21T20:10:06.270+0000] {processor.py:840} INFO - DAG(s) 'example_xcom_args_with_operators', 'example_xcom_args' retrieved from /home/airflow/.local/lib/python3.9/site-packages/airflow/example_dags/example_xcomargs.py
[2024-04-21T20:10:06.385+0000] {logging_mixin.py:188} INFO - [2024-04-21T20:10:06.385+0000] {dag.py:3047} INFO - Sync 2 DAGs
[2024-04-21T20:10:06.400+0000] {logging_mixin.py:188} INFO - [2024-04-21T20:10:06.399+0000] {dag.py:3834} INFO - Setting next_dagrun for example_xcom_args to None, run_after=None
[2024-04-21T20:10:06.405+0000] {logging_mixin.py:188} INFO - [2024-04-21T20:10:06.405+0000] {dag.py:3834} INFO - Setting next_dagrun for example_xcom_args_with_operators to None, run_after=None
[2024-04-21T20:10:06.440+0000] {processor.py:183} INFO - Processing /home/airflow/.local/lib/python3.9/site-packages/airflow/example_dags/example_xcomargs.py took 0.190 seconds
[2024-04-21T20:10:37.542+0000] {processor.py:161} INFO - Started process (PID=886) to work on /home/airflow/.local/lib/python3.9/site-packages/airflow/example_dags/example_xcomargs.py
[2024-04-21T20:10:37.543+0000] {processor.py:830} INFO - Processing file /home/airflow/.local/lib/python3.9/site-packages/airflow/example_dags/example_xcomargs.py for tasks to queue
[2024-04-21T20:10:37.544+0000] {logging_mixin.py:188} INFO - [2024-04-21T20:10:37.544+0000] {dagbag.py:540} INFO - Filling up the DagBag from /home/airflow/.local/lib/python3.9/site-packages/airflow/example_dags/example_xcomargs.py
[2024-04-21T20:10:37.554+0000] {processor.py:840} INFO - DAG(s) 'example_xcom_args_with_operators', 'example_xcom_args' retrieved from /home/airflow/.local/lib/python3.9/site-packages/airflow/example_dags/example_xcomargs.py
[2024-04-21T20:10:37.643+0000] {logging_mixin.py:188} INFO - [2024-04-21T20:10:37.643+0000] {dag.py:3047} INFO - Sync 2 DAGs
[2024-04-21T20:10:37.661+0000] {logging_mixin.py:188} INFO - [2024-04-21T20:10:37.661+0000] {dag.py:3834} INFO - Setting next_dagrun for example_xcom_args to None, run_after=None
[2024-04-21T20:10:37.667+0000] {logging_mixin.py:188} INFO - [2024-04-21T20:10:37.667+0000] {dag.py:3834} INFO - Setting next_dagrun for example_xcom_args_with_operators to None, run_after=None
[2024-04-21T20:10:37.702+0000] {processor.py:183} INFO - Processing /home/airflow/.local/lib/python3.9/site-packages/airflow/example_dags/example_xcomargs.py took 0.163 seconds
[2024-04-21T20:11:07.958+0000] {processor.py:161} INFO - Started process (PID=945) to work on /home/airflow/.local/lib/python3.9/site-packages/airflow/example_dags/example_xcomargs.py
[2024-04-21T20:11:07.959+0000] {processor.py:830} INFO - Processing file /home/airflow/.local/lib/python3.9/site-packages/airflow/example_dags/example_xcomargs.py for tasks to queue
[2024-04-21T20:11:07.961+0000] {logging_mixin.py:188} INFO - [2024-04-21T20:11:07.960+0000] {dagbag.py:540} INFO - Filling up the DagBag from /home/airflow/.local/lib/python3.9/site-packages/airflow/example_dags/example_xcomargs.py
[2024-04-21T20:11:07.969+0000] {processor.py:840} INFO - DAG(s) 'example_xcom_args', 'example_xcom_args_with_operators' retrieved from /home/airflow/.local/lib/python3.9/site-packages/airflow/example_dags/example_xcomargs.py
[2024-04-21T20:11:08.029+0000] {logging_mixin.py:188} INFO - [2024-04-21T20:11:08.028+0000] {dag.py:3047} INFO - Sync 2 DAGs
[2024-04-21T20:11:08.041+0000] {logging_mixin.py:188} INFO - [2024-04-21T20:11:08.041+0000] {dag.py:3834} INFO - Setting next_dagrun for example_xcom_args to None, run_after=None
[2024-04-21T20:11:08.045+0000] {logging_mixin.py:188} INFO - [2024-04-21T20:11:08.045+0000] {dag.py:3834} INFO - Setting next_dagrun for example_xcom_args_with_operators to None, run_after=None
[2024-04-21T20:11:08.074+0000] {processor.py:183} INFO - Processing /home/airflow/.local/lib/python3.9/site-packages/airflow/example_dags/example_xcomargs.py took 0.120 seconds
[2024-04-21T20:14:24.744+0000] {processor.py:161} INFO - Started process (PID=73) to work on /home/airflow/.local/lib/python3.9/site-packages/airflow/example_dags/example_xcomargs.py
[2024-04-21T20:14:24.746+0000] {processor.py:830} INFO - Processing file /home/airflow/.local/lib/python3.9/site-packages/airflow/example_dags/example_xcomargs.py for tasks to queue
[2024-04-21T20:14:24.748+0000] {logging_mixin.py:188} INFO - [2024-04-21T20:14:24.748+0000] {dagbag.py:540} INFO - Filling up the DagBag from /home/airflow/.local/lib/python3.9/site-packages/airflow/example_dags/example_xcomargs.py
[2024-04-21T20:14:24.759+0000] {processor.py:840} INFO - DAG(s) 'example_xcom_args_with_operators', 'example_xcom_args' retrieved from /home/airflow/.local/lib/python3.9/site-packages/airflow/example_dags/example_xcomargs.py
[2024-04-21T20:14:25.007+0000] {logging_mixin.py:188} INFO - [2024-04-21T20:14:25.007+0000] {dag.py:3047} INFO - Sync 2 DAGs
[2024-04-21T20:14:25.019+0000] {logging_mixin.py:188} INFO - [2024-04-21T20:14:25.019+0000] {dag.py:3834} INFO - Setting next_dagrun for example_xcom_args to None, run_after=None
[2024-04-21T20:14:25.025+0000] {logging_mixin.py:188} INFO - [2024-04-21T20:14:25.024+0000] {dag.py:3834} INFO - Setting next_dagrun for example_xcom_args_with_operators to None, run_after=None
[2024-04-21T20:14:25.063+0000] {processor.py:183} INFO - Processing /home/airflow/.local/lib/python3.9/site-packages/airflow/example_dags/example_xcomargs.py took 0.323 seconds
[2024-04-21T20:14:55.130+0000] {processor.py:161} INFO - Started process (PID=131) to work on /home/airflow/.local/lib/python3.9/site-packages/airflow/example_dags/example_xcomargs.py
[2024-04-21T20:14:55.132+0000] {processor.py:830} INFO - Processing file /home/airflow/.local/lib/python3.9/site-packages/airflow/example_dags/example_xcomargs.py for tasks to queue
[2024-04-21T20:14:55.134+0000] {logging_mixin.py:188} INFO - [2024-04-21T20:14:55.134+0000] {dagbag.py:540} INFO - Filling up the DagBag from /home/airflow/.local/lib/python3.9/site-packages/airflow/example_dags/example_xcomargs.py
[2024-04-21T20:14:55.146+0000] {processor.py:840} INFO - DAG(s) 'example_xcom_args', 'example_xcom_args_with_operators' retrieved from /home/airflow/.local/lib/python3.9/site-packages/airflow/example_dags/example_xcomargs.py
[2024-04-21T20:14:55.240+0000] {logging_mixin.py:188} INFO - [2024-04-21T20:14:55.239+0000] {dag.py:3047} INFO - Sync 2 DAGs
[2024-04-21T20:14:55.255+0000] {logging_mixin.py:188} INFO - [2024-04-21T20:14:55.255+0000] {dag.py:3834} INFO - Setting next_dagrun for example_xcom_args to None, run_after=None
[2024-04-21T20:14:55.262+0000] {logging_mixin.py:188} INFO - [2024-04-21T20:14:55.261+0000] {dag.py:3834} INFO - Setting next_dagrun for example_xcom_args_with_operators to None, run_after=None
[2024-04-21T20:14:55.292+0000] {processor.py:183} INFO - Processing /home/airflow/.local/lib/python3.9/site-packages/airflow/example_dags/example_xcomargs.py took 0.166 seconds
[2024-04-21T20:15:26.156+0000] {processor.py:161} INFO - Started process (PID=188) to work on /home/airflow/.local/lib/python3.9/site-packages/airflow/example_dags/example_xcomargs.py
[2024-04-21T20:15:26.158+0000] {processor.py:830} INFO - Processing file /home/airflow/.local/lib/python3.9/site-packages/airflow/example_dags/example_xcomargs.py for tasks to queue
[2024-04-21T20:15:26.160+0000] {logging_mixin.py:188} INFO - [2024-04-21T20:15:26.160+0000] {dagbag.py:540} INFO - Filling up the DagBag from /home/airflow/.local/lib/python3.9/site-packages/airflow/example_dags/example_xcomargs.py
[2024-04-21T20:15:26.169+0000] {processor.py:840} INFO - DAG(s) 'example_xcom_args', 'example_xcom_args_with_operators' retrieved from /home/airflow/.local/lib/python3.9/site-packages/airflow/example_dags/example_xcomargs.py
[2024-04-21T20:15:26.238+0000] {logging_mixin.py:188} INFO - [2024-04-21T20:15:26.238+0000] {dag.py:3047} INFO - Sync 2 DAGs
[2024-04-21T20:15:26.251+0000] {logging_mixin.py:188} INFO - [2024-04-21T20:15:26.251+0000] {dag.py:3834} INFO - Setting next_dagrun for example_xcom_args to None, run_after=None
[2024-04-21T20:15:26.256+0000] {logging_mixin.py:188} INFO - [2024-04-21T20:15:26.255+0000] {dag.py:3834} INFO - Setting next_dagrun for example_xcom_args_with_operators to None, run_after=None
[2024-04-21T20:15:26.289+0000] {processor.py:183} INFO - Processing /home/airflow/.local/lib/python3.9/site-packages/airflow/example_dags/example_xcomargs.py took 0.136 seconds
[2024-04-21T20:16:19.093+0000] {processor.py:161} INFO - Started process (PID=73) to work on /home/airflow/.local/lib/python3.9/site-packages/airflow/example_dags/example_xcomargs.py
[2024-04-21T20:16:19.094+0000] {processor.py:830} INFO - Processing file /home/airflow/.local/lib/python3.9/site-packages/airflow/example_dags/example_xcomargs.py for tasks to queue
[2024-04-21T20:16:19.097+0000] {logging_mixin.py:188} INFO - [2024-04-21T20:16:19.096+0000] {dagbag.py:540} INFO - Filling up the DagBag from /home/airflow/.local/lib/python3.9/site-packages/airflow/example_dags/example_xcomargs.py
[2024-04-21T20:16:19.105+0000] {processor.py:840} INFO - DAG(s) 'example_xcom_args', 'example_xcom_args_with_operators' retrieved from /home/airflow/.local/lib/python3.9/site-packages/airflow/example_dags/example_xcomargs.py
[2024-04-21T20:16:19.171+0000] {logging_mixin.py:188} INFO - [2024-04-21T20:16:19.171+0000] {dag.py:3047} INFO - Sync 2 DAGs
[2024-04-21T20:16:19.183+0000] {logging_mixin.py:188} INFO - [2024-04-21T20:16:19.183+0000] {dag.py:3834} INFO - Setting next_dagrun for example_xcom_args to None, run_after=None
[2024-04-21T20:16:19.188+0000] {logging_mixin.py:188} INFO - [2024-04-21T20:16:19.188+0000] {dag.py:3834} INFO - Setting next_dagrun for example_xcom_args_with_operators to None, run_after=None
[2024-04-21T20:16:19.223+0000] {processor.py:183} INFO - Processing /home/airflow/.local/lib/python3.9/site-packages/airflow/example_dags/example_xcomargs.py took 0.133 seconds
[2024-04-21T20:16:49.701+0000] {processor.py:161} INFO - Started process (PID=130) to work on /home/airflow/.local/lib/python3.9/site-packages/airflow/example_dags/example_xcomargs.py
[2024-04-21T20:16:49.702+0000] {processor.py:830} INFO - Processing file /home/airflow/.local/lib/python3.9/site-packages/airflow/example_dags/example_xcomargs.py for tasks to queue
[2024-04-21T20:16:49.705+0000] {logging_mixin.py:188} INFO - [2024-04-21T20:16:49.704+0000] {dagbag.py:540} INFO - Filling up the DagBag from /home/airflow/.local/lib/python3.9/site-packages/airflow/example_dags/example_xcomargs.py
[2024-04-21T20:16:49.712+0000] {processor.py:840} INFO - DAG(s) 'example_xcom_args_with_operators', 'example_xcom_args' retrieved from /home/airflow/.local/lib/python3.9/site-packages/airflow/example_dags/example_xcomargs.py
[2024-04-21T20:16:49.782+0000] {logging_mixin.py:188} INFO - [2024-04-21T20:16:49.782+0000] {dag.py:3047} INFO - Sync 2 DAGs
[2024-04-21T20:16:49.796+0000] {logging_mixin.py:188} INFO - [2024-04-21T20:16:49.796+0000] {dag.py:3834} INFO - Setting next_dagrun for example_xcom_args to None, run_after=None
[2024-04-21T20:16:49.803+0000] {logging_mixin.py:188} INFO - [2024-04-21T20:16:49.803+0000] {dag.py:3834} INFO - Setting next_dagrun for example_xcom_args_with_operators to None, run_after=None
[2024-04-21T20:16:49.845+0000] {processor.py:183} INFO - Processing /home/airflow/.local/lib/python3.9/site-packages/airflow/example_dags/example_xcomargs.py took 0.147 seconds
[2024-04-21T20:17:20.064+0000] {processor.py:161} INFO - Started process (PID=187) to work on /home/airflow/.local/lib/python3.9/site-packages/airflow/example_dags/example_xcomargs.py
[2024-04-21T20:17:20.066+0000] {processor.py:830} INFO - Processing file /home/airflow/.local/lib/python3.9/site-packages/airflow/example_dags/example_xcomargs.py for tasks to queue
[2024-04-21T20:17:20.068+0000] {logging_mixin.py:188} INFO - [2024-04-21T20:17:20.067+0000] {dagbag.py:540} INFO - Filling up the DagBag from /home/airflow/.local/lib/python3.9/site-packages/airflow/example_dags/example_xcomargs.py
[2024-04-21T20:17:20.076+0000] {processor.py:840} INFO - DAG(s) 'example_xcom_args_with_operators', 'example_xcom_args' retrieved from /home/airflow/.local/lib/python3.9/site-packages/airflow/example_dags/example_xcomargs.py
[2024-04-21T20:17:20.135+0000] {logging_mixin.py:188} INFO - [2024-04-21T20:17:20.135+0000] {dag.py:3047} INFO - Sync 2 DAGs
[2024-04-21T20:17:20.148+0000] {logging_mixin.py:188} INFO - [2024-04-21T20:17:20.148+0000] {dag.py:3834} INFO - Setting next_dagrun for example_xcom_args to None, run_after=None
[2024-04-21T20:17:20.153+0000] {logging_mixin.py:188} INFO - [2024-04-21T20:17:20.153+0000] {dag.py:3834} INFO - Setting next_dagrun for example_xcom_args_with_operators to None, run_after=None
[2024-04-21T20:17:20.185+0000] {processor.py:183} INFO - Processing /home/airflow/.local/lib/python3.9/site-packages/airflow/example_dags/example_xcomargs.py took 0.124 seconds
[2024-04-21T20:17:50.691+0000] {processor.py:161} INFO - Started process (PID=244) to work on /home/airflow/.local/lib/python3.9/site-packages/airflow/example_dags/example_xcomargs.py
[2024-04-21T20:17:50.692+0000] {processor.py:830} INFO - Processing file /home/airflow/.local/lib/python3.9/site-packages/airflow/example_dags/example_xcomargs.py for tasks to queue
[2024-04-21T20:17:50.694+0000] {logging_mixin.py:188} INFO - [2024-04-21T20:17:50.694+0000] {dagbag.py:540} INFO - Filling up the DagBag from /home/airflow/.local/lib/python3.9/site-packages/airflow/example_dags/example_xcomargs.py
[2024-04-21T20:17:50.702+0000] {processor.py:840} INFO - DAG(s) 'example_xcom_args_with_operators', 'example_xcom_args' retrieved from /home/airflow/.local/lib/python3.9/site-packages/airflow/example_dags/example_xcomargs.py
[2024-04-21T20:17:50.762+0000] {logging_mixin.py:188} INFO - [2024-04-21T20:17:50.762+0000] {dag.py:3047} INFO - Sync 2 DAGs
[2024-04-21T20:17:50.775+0000] {logging_mixin.py:188} INFO - [2024-04-21T20:17:50.775+0000] {dag.py:3834} INFO - Setting next_dagrun for example_xcom_args to None, run_after=None
[2024-04-21T20:17:50.780+0000] {logging_mixin.py:188} INFO - [2024-04-21T20:17:50.780+0000] {dag.py:3834} INFO - Setting next_dagrun for example_xcom_args_with_operators to None, run_after=None
[2024-04-21T20:17:50.812+0000] {processor.py:183} INFO - Processing /home/airflow/.local/lib/python3.9/site-packages/airflow/example_dags/example_xcomargs.py took 0.124 seconds
[2024-04-21T20:18:21.700+0000] {processor.py:161} INFO - Started process (PID=301) to work on /home/airflow/.local/lib/python3.9/site-packages/airflow/example_dags/example_xcomargs.py
[2024-04-21T20:18:21.703+0000] {processor.py:830} INFO - Processing file /home/airflow/.local/lib/python3.9/site-packages/airflow/example_dags/example_xcomargs.py for tasks to queue
[2024-04-21T20:18:21.707+0000] {logging_mixin.py:188} INFO - [2024-04-21T20:18:21.706+0000] {dagbag.py:540} INFO - Filling up the DagBag from /home/airflow/.local/lib/python3.9/site-packages/airflow/example_dags/example_xcomargs.py
[2024-04-21T20:18:21.721+0000] {processor.py:840} INFO - DAG(s) 'example_xcom_args_with_operators', 'example_xcom_args' retrieved from /home/airflow/.local/lib/python3.9/site-packages/airflow/example_dags/example_xcomargs.py
[2024-04-21T20:18:21.817+0000] {logging_mixin.py:188} INFO - [2024-04-21T20:18:21.817+0000] {dag.py:3047} INFO - Sync 2 DAGs
[2024-04-21T20:18:21.843+0000] {logging_mixin.py:188} INFO - [2024-04-21T20:18:21.842+0000] {dag.py:3834} INFO - Setting next_dagrun for example_xcom_args to None, run_after=None
[2024-04-21T20:18:21.850+0000] {logging_mixin.py:188} INFO - [2024-04-21T20:18:21.850+0000] {dag.py:3834} INFO - Setting next_dagrun for example_xcom_args_with_operators to None, run_after=None
[2024-04-21T20:18:21.890+0000] {processor.py:183} INFO - Processing /home/airflow/.local/lib/python3.9/site-packages/airflow/example_dags/example_xcomargs.py took 0.197 seconds
[2024-04-21T20:18:53.542+0000] {processor.py:161} INFO - Started process (PID=358) to work on /home/airflow/.local/lib/python3.9/site-packages/airflow/example_dags/example_xcomargs.py
[2024-04-21T20:18:53.543+0000] {processor.py:830} INFO - Processing file /home/airflow/.local/lib/python3.9/site-packages/airflow/example_dags/example_xcomargs.py for tasks to queue
[2024-04-21T20:18:53.545+0000] {logging_mixin.py:188} INFO - [2024-04-21T20:18:53.545+0000] {dagbag.py:540} INFO - Filling up the DagBag from /home/airflow/.local/lib/python3.9/site-packages/airflow/example_dags/example_xcomargs.py
[2024-04-21T20:18:53.554+0000] {processor.py:840} INFO - DAG(s) 'example_xcom_args_with_operators', 'example_xcom_args' retrieved from /home/airflow/.local/lib/python3.9/site-packages/airflow/example_dags/example_xcomargs.py
[2024-04-21T20:18:53.613+0000] {logging_mixin.py:188} INFO - [2024-04-21T20:18:53.613+0000] {dag.py:3047} INFO - Sync 2 DAGs
[2024-04-21T20:18:53.626+0000] {logging_mixin.py:188} INFO - [2024-04-21T20:18:53.625+0000] {dag.py:3834} INFO - Setting next_dagrun for example_xcom_args to None, run_after=None
[2024-04-21T20:18:53.631+0000] {logging_mixin.py:188} INFO - [2024-04-21T20:18:53.631+0000] {dag.py:3834} INFO - Setting next_dagrun for example_xcom_args_with_operators to None, run_after=None
[2024-04-21T20:18:53.667+0000] {processor.py:183} INFO - Processing /home/airflow/.local/lib/python3.9/site-packages/airflow/example_dags/example_xcomargs.py took 0.128 seconds
[2024-04-21T20:32:57.395+0000] {processor.py:161} INFO - Started process (PID=75) to work on /home/airflow/.local/lib/python3.9/site-packages/airflow/example_dags/example_xcomargs.py
[2024-04-21T20:32:57.397+0000] {processor.py:830} INFO - Processing file /home/airflow/.local/lib/python3.9/site-packages/airflow/example_dags/example_xcomargs.py for tasks to queue
[2024-04-21T20:32:57.400+0000] {logging_mixin.py:188} INFO - [2024-04-21T20:32:57.400+0000] {dagbag.py:540} INFO - Filling up the DagBag from /home/airflow/.local/lib/python3.9/site-packages/airflow/example_dags/example_xcomargs.py
[2024-04-21T20:32:57.410+0000] {processor.py:840} INFO - DAG(s) 'example_xcom_args', 'example_xcom_args_with_operators' retrieved from /home/airflow/.local/lib/python3.9/site-packages/airflow/example_dags/example_xcomargs.py
[2024-04-21T20:32:57.573+0000] {logging_mixin.py:188} INFO - [2024-04-21T20:32:57.573+0000] {dag.py:3047} INFO - Sync 2 DAGs
[2024-04-21T20:32:57.585+0000] {logging_mixin.py:188} INFO - [2024-04-21T20:32:57.584+0000] {dag.py:3834} INFO - Setting next_dagrun for example_xcom_args to None, run_after=None
[2024-04-21T20:32:57.589+0000] {logging_mixin.py:188} INFO - [2024-04-21T20:32:57.589+0000] {dag.py:3834} INFO - Setting next_dagrun for example_xcom_args_with_operators to None, run_after=None
[2024-04-21T20:32:57.622+0000] {processor.py:183} INFO - Processing /home/airflow/.local/lib/python3.9/site-packages/airflow/example_dags/example_xcomargs.py took 0.230 seconds
[2024-04-21T20:33:24.583+0000] {processor.py:161} INFO - Started process (PID=73) to work on /home/airflow/.local/lib/python3.9/site-packages/airflow/example_dags/example_xcomargs.py
[2024-04-21T20:33:24.585+0000] {processor.py:830} INFO - Processing file /home/airflow/.local/lib/python3.9/site-packages/airflow/example_dags/example_xcomargs.py for tasks to queue
[2024-04-21T20:33:24.592+0000] {logging_mixin.py:188} INFO - [2024-04-21T20:33:24.589+0000] {dagbag.py:540} INFO - Filling up the DagBag from /home/airflow/.local/lib/python3.9/site-packages/airflow/example_dags/example_xcomargs.py
[2024-04-21T20:33:24.606+0000] {processor.py:840} INFO - DAG(s) 'example_xcom_args', 'example_xcom_args_with_operators' retrieved from /home/airflow/.local/lib/python3.9/site-packages/airflow/example_dags/example_xcomargs.py
[2024-04-21T20:33:24.664+0000] {logging_mixin.py:188} INFO - [2024-04-21T20:33:24.664+0000] {dag.py:3047} INFO - Sync 2 DAGs
[2024-04-21T20:33:24.678+0000] {logging_mixin.py:188} INFO - [2024-04-21T20:33:24.678+0000] {dag.py:3834} INFO - Setting next_dagrun for example_xcom_args to None, run_after=None
[2024-04-21T20:33:24.684+0000] {logging_mixin.py:188} INFO - [2024-04-21T20:33:24.683+0000] {dag.py:3834} INFO - Setting next_dagrun for example_xcom_args_with_operators to None, run_after=None
[2024-04-21T20:33:24.719+0000] {processor.py:183} INFO - Processing /home/airflow/.local/lib/python3.9/site-packages/airflow/example_dags/example_xcomargs.py took 0.141 seconds
[2024-04-21T20:33:55.713+0000] {processor.py:161} INFO - Started process (PID=130) to work on /home/airflow/.local/lib/python3.9/site-packages/airflow/example_dags/example_xcomargs.py
[2024-04-21T20:33:55.715+0000] {processor.py:830} INFO - Processing file /home/airflow/.local/lib/python3.9/site-packages/airflow/example_dags/example_xcomargs.py for tasks to queue
[2024-04-21T20:33:55.717+0000] {logging_mixin.py:188} INFO - [2024-04-21T20:33:55.717+0000] {dagbag.py:540} INFO - Filling up the DagBag from /home/airflow/.local/lib/python3.9/site-packages/airflow/example_dags/example_xcomargs.py
[2024-04-21T20:33:55.727+0000] {processor.py:840} INFO - DAG(s) 'example_xcom_args', 'example_xcom_args_with_operators' retrieved from /home/airflow/.local/lib/python3.9/site-packages/airflow/example_dags/example_xcomargs.py
[2024-04-21T20:33:55.800+0000] {logging_mixin.py:188} INFO - [2024-04-21T20:33:55.800+0000] {dag.py:3047} INFO - Sync 2 DAGs
[2024-04-21T20:33:55.820+0000] {logging_mixin.py:188} INFO - [2024-04-21T20:33:55.820+0000] {dag.py:3834} INFO - Setting next_dagrun for example_xcom_args to None, run_after=None
[2024-04-21T20:33:55.826+0000] {logging_mixin.py:188} INFO - [2024-04-21T20:33:55.826+0000] {dag.py:3834} INFO - Setting next_dagrun for example_xcom_args_with_operators to None, run_after=None
[2024-04-21T20:33:55.870+0000] {processor.py:183} INFO - Processing /home/airflow/.local/lib/python3.9/site-packages/airflow/example_dags/example_xcomargs.py took 0.159 seconds
[2024-04-21T20:34:32.383+0000] {processor.py:161} INFO - Started process (PID=73) to work on /home/airflow/.local/lib/python3.9/site-packages/airflow/example_dags/example_xcomargs.py
[2024-04-21T20:34:32.384+0000] {processor.py:830} INFO - Processing file /home/airflow/.local/lib/python3.9/site-packages/airflow/example_dags/example_xcomargs.py for tasks to queue
[2024-04-21T20:34:32.387+0000] {logging_mixin.py:188} INFO - [2024-04-21T20:34:32.386+0000] {dagbag.py:540} INFO - Filling up the DagBag from /home/airflow/.local/lib/python3.9/site-packages/airflow/example_dags/example_xcomargs.py
[2024-04-21T20:34:32.395+0000] {processor.py:840} INFO - DAG(s) 'example_xcom_args_with_operators', 'example_xcom_args' retrieved from /home/airflow/.local/lib/python3.9/site-packages/airflow/example_dags/example_xcomargs.py
[2024-04-21T20:34:32.464+0000] {logging_mixin.py:188} INFO - [2024-04-21T20:34:32.464+0000] {dag.py:3047} INFO - Sync 2 DAGs
[2024-04-21T20:34:32.478+0000] {logging_mixin.py:188} INFO - [2024-04-21T20:34:32.478+0000] {dag.py:3834} INFO - Setting next_dagrun for example_xcom_args to None, run_after=None
[2024-04-21T20:34:32.483+0000] {logging_mixin.py:188} INFO - [2024-04-21T20:34:32.482+0000] {dag.py:3834} INFO - Setting next_dagrun for example_xcom_args_with_operators to None, run_after=None
[2024-04-21T20:34:32.514+0000] {processor.py:183} INFO - Processing /home/airflow/.local/lib/python3.9/site-packages/airflow/example_dags/example_xcomargs.py took 0.135 seconds
[2024-04-21T20:35:03.497+0000] {processor.py:161} INFO - Started process (PID=130) to work on /home/airflow/.local/lib/python3.9/site-packages/airflow/example_dags/example_xcomargs.py
[2024-04-21T20:35:03.499+0000] {processor.py:830} INFO - Processing file /home/airflow/.local/lib/python3.9/site-packages/airflow/example_dags/example_xcomargs.py for tasks to queue
[2024-04-21T20:35:03.502+0000] {logging_mixin.py:188} INFO - [2024-04-21T20:35:03.501+0000] {dagbag.py:540} INFO - Filling up the DagBag from /home/airflow/.local/lib/python3.9/site-packages/airflow/example_dags/example_xcomargs.py
[2024-04-21T20:35:03.512+0000] {processor.py:840} INFO - DAG(s) 'example_xcom_args_with_operators', 'example_xcom_args' retrieved from /home/airflow/.local/lib/python3.9/site-packages/airflow/example_dags/example_xcomargs.py
[2024-04-21T20:35:03.595+0000] {logging_mixin.py:188} INFO - [2024-04-21T20:35:03.594+0000] {dag.py:3047} INFO - Sync 2 DAGs
[2024-04-21T20:35:03.613+0000] {logging_mixin.py:188} INFO - [2024-04-21T20:35:03.613+0000] {dag.py:3834} INFO - Setting next_dagrun for example_xcom_args to None, run_after=None
[2024-04-21T20:35:03.620+0000] {logging_mixin.py:188} INFO - [2024-04-21T20:35:03.620+0000] {dag.py:3834} INFO - Setting next_dagrun for example_xcom_args_with_operators to None, run_after=None
[2024-04-21T20:35:03.661+0000] {processor.py:183} INFO - Processing /home/airflow/.local/lib/python3.9/site-packages/airflow/example_dags/example_xcomargs.py took 0.167 seconds
[2024-04-21T20:35:34.081+0000] {processor.py:161} INFO - Started process (PID=187) to work on /home/airflow/.local/lib/python3.9/site-packages/airflow/example_dags/example_xcomargs.py
[2024-04-21T20:35:34.083+0000] {processor.py:830} INFO - Processing file /home/airflow/.local/lib/python3.9/site-packages/airflow/example_dags/example_xcomargs.py for tasks to queue
[2024-04-21T20:35:34.085+0000] {logging_mixin.py:188} INFO - [2024-04-21T20:35:34.085+0000] {dagbag.py:540} INFO - Filling up the DagBag from /home/airflow/.local/lib/python3.9/site-packages/airflow/example_dags/example_xcomargs.py
[2024-04-21T20:35:34.094+0000] {processor.py:840} INFO - DAG(s) 'example_xcom_args', 'example_xcom_args_with_operators' retrieved from /home/airflow/.local/lib/python3.9/site-packages/airflow/example_dags/example_xcomargs.py
[2024-04-21T20:35:34.158+0000] {logging_mixin.py:188} INFO - [2024-04-21T20:35:34.158+0000] {dag.py:3047} INFO - Sync 2 DAGs
[2024-04-21T20:35:34.172+0000] {logging_mixin.py:188} INFO - [2024-04-21T20:35:34.172+0000] {dag.py:3834} INFO - Setting next_dagrun for example_xcom_args to None, run_after=None
[2024-04-21T20:35:34.178+0000] {logging_mixin.py:188} INFO - [2024-04-21T20:35:34.177+0000] {dag.py:3834} INFO - Setting next_dagrun for example_xcom_args_with_operators to None, run_after=None
[2024-04-21T20:35:34.216+0000] {processor.py:183} INFO - Processing /home/airflow/.local/lib/python3.9/site-packages/airflow/example_dags/example_xcomargs.py took 0.138 seconds
[2024-04-21T20:36:05.140+0000] {processor.py:161} INFO - Started process (PID=244) to work on /home/airflow/.local/lib/python3.9/site-packages/airflow/example_dags/example_xcomargs.py
[2024-04-21T20:36:05.142+0000] {processor.py:830} INFO - Processing file /home/airflow/.local/lib/python3.9/site-packages/airflow/example_dags/example_xcomargs.py for tasks to queue
[2024-04-21T20:36:05.145+0000] {logging_mixin.py:188} INFO - [2024-04-21T20:36:05.144+0000] {dagbag.py:540} INFO - Filling up the DagBag from /home/airflow/.local/lib/python3.9/site-packages/airflow/example_dags/example_xcomargs.py
[2024-04-21T20:36:05.154+0000] {processor.py:840} INFO - DAG(s) 'example_xcom_args_with_operators', 'example_xcom_args' retrieved from /home/airflow/.local/lib/python3.9/site-packages/airflow/example_dags/example_xcomargs.py
[2024-04-21T20:36:05.217+0000] {logging_mixin.py:188} INFO - [2024-04-21T20:36:05.216+0000] {dag.py:3047} INFO - Sync 2 DAGs
[2024-04-21T20:36:05.231+0000] {logging_mixin.py:188} INFO - [2024-04-21T20:36:05.231+0000] {dag.py:3834} INFO - Setting next_dagrun for example_xcom_args to None, run_after=None
[2024-04-21T20:36:05.236+0000] {logging_mixin.py:188} INFO - [2024-04-21T20:36:05.235+0000] {dag.py:3834} INFO - Setting next_dagrun for example_xcom_args_with_operators to None, run_after=None
[2024-04-21T20:36:05.268+0000] {processor.py:183} INFO - Processing /home/airflow/.local/lib/python3.9/site-packages/airflow/example_dags/example_xcomargs.py took 0.131 seconds
[2024-04-21T20:36:36.995+0000] {processor.py:161} INFO - Started process (PID=301) to work on /home/airflow/.local/lib/python3.9/site-packages/airflow/example_dags/example_xcomargs.py
[2024-04-21T20:36:36.997+0000] {processor.py:830} INFO - Processing file /home/airflow/.local/lib/python3.9/site-packages/airflow/example_dags/example_xcomargs.py for tasks to queue
[2024-04-21T20:36:36.999+0000] {logging_mixin.py:188} INFO - [2024-04-21T20:36:36.999+0000] {dagbag.py:540} INFO - Filling up the DagBag from /home/airflow/.local/lib/python3.9/site-packages/airflow/example_dags/example_xcomargs.py
[2024-04-21T20:36:37.010+0000] {processor.py:840} INFO - DAG(s) 'example_xcom_args', 'example_xcom_args_with_operators' retrieved from /home/airflow/.local/lib/python3.9/site-packages/airflow/example_dags/example_xcomargs.py
[2024-04-21T20:36:37.096+0000] {logging_mixin.py:188} INFO - [2024-04-21T20:36:37.095+0000] {dag.py:3047} INFO - Sync 2 DAGs
[2024-04-21T20:36:37.115+0000] {logging_mixin.py:188} INFO - [2024-04-21T20:36:37.115+0000] {dag.py:3834} INFO - Setting next_dagrun for example_xcom_args to None, run_after=None
[2024-04-21T20:36:37.122+0000] {logging_mixin.py:188} INFO - [2024-04-21T20:36:37.122+0000] {dag.py:3834} INFO - Setting next_dagrun for example_xcom_args_with_operators to None, run_after=None
[2024-04-21T20:36:37.169+0000] {processor.py:183} INFO - Processing /home/airflow/.local/lib/python3.9/site-packages/airflow/example_dags/example_xcomargs.py took 0.178 seconds
[2024-04-21T20:37:07.721+0000] {processor.py:161} INFO - Started process (PID=358) to work on /home/airflow/.local/lib/python3.9/site-packages/airflow/example_dags/example_xcomargs.py
[2024-04-21T20:37:07.722+0000] {processor.py:830} INFO - Processing file /home/airflow/.local/lib/python3.9/site-packages/airflow/example_dags/example_xcomargs.py for tasks to queue
[2024-04-21T20:37:07.725+0000] {logging_mixin.py:188} INFO - [2024-04-21T20:37:07.724+0000] {dagbag.py:540} INFO - Filling up the DagBag from /home/airflow/.local/lib/python3.9/site-packages/airflow/example_dags/example_xcomargs.py
[2024-04-21T20:37:07.733+0000] {processor.py:840} INFO - DAG(s) 'example_xcom_args_with_operators', 'example_xcom_args' retrieved from /home/airflow/.local/lib/python3.9/site-packages/airflow/example_dags/example_xcomargs.py
[2024-04-21T20:37:07.792+0000] {logging_mixin.py:188} INFO - [2024-04-21T20:37:07.792+0000] {dag.py:3047} INFO - Sync 2 DAGs
[2024-04-21T20:37:07.804+0000] {logging_mixin.py:188} INFO - [2024-04-21T20:37:07.804+0000] {dag.py:3834} INFO - Setting next_dagrun for example_xcom_args to None, run_after=None
[2024-04-21T20:37:07.809+0000] {logging_mixin.py:188} INFO - [2024-04-21T20:37:07.809+0000] {dag.py:3834} INFO - Setting next_dagrun for example_xcom_args_with_operators to None, run_after=None
[2024-04-21T20:37:07.838+0000] {processor.py:183} INFO - Processing /home/airflow/.local/lib/python3.9/site-packages/airflow/example_dags/example_xcomargs.py took 0.119 seconds
[2024-04-21T20:37:38.849+0000] {processor.py:161} INFO - Started process (PID=415) to work on /home/airflow/.local/lib/python3.9/site-packages/airflow/example_dags/example_xcomargs.py
[2024-04-21T20:37:38.850+0000] {processor.py:830} INFO - Processing file /home/airflow/.local/lib/python3.9/site-packages/airflow/example_dags/example_xcomargs.py for tasks to queue
[2024-04-21T20:37:38.853+0000] {logging_mixin.py:188} INFO - [2024-04-21T20:37:38.852+0000] {dagbag.py:540} INFO - Filling up the DagBag from /home/airflow/.local/lib/python3.9/site-packages/airflow/example_dags/example_xcomargs.py
[2024-04-21T20:37:38.863+0000] {processor.py:840} INFO - DAG(s) 'example_xcom_args', 'example_xcom_args_with_operators' retrieved from /home/airflow/.local/lib/python3.9/site-packages/airflow/example_dags/example_xcomargs.py
[2024-04-21T20:37:38.928+0000] {logging_mixin.py:188} INFO - [2024-04-21T20:37:38.928+0000] {dag.py:3047} INFO - Sync 2 DAGs
[2024-04-21T20:37:38.941+0000] {logging_mixin.py:188} INFO - [2024-04-21T20:37:38.941+0000] {dag.py:3834} INFO - Setting next_dagrun for example_xcom_args to None, run_after=None
[2024-04-21T20:37:38.946+0000] {logging_mixin.py:188} INFO - [2024-04-21T20:37:38.946+0000] {dag.py:3834} INFO - Setting next_dagrun for example_xcom_args_with_operators to None, run_after=None
[2024-04-21T20:37:38.978+0000] {processor.py:183} INFO - Processing /home/airflow/.local/lib/python3.9/site-packages/airflow/example_dags/example_xcomargs.py took 0.132 seconds
[2024-04-21T20:38:09.863+0000] {processor.py:161} INFO - Started process (PID=472) to work on /home/airflow/.local/lib/python3.9/site-packages/airflow/example_dags/example_xcomargs.py
[2024-04-21T20:38:09.864+0000] {processor.py:830} INFO - Processing file /home/airflow/.local/lib/python3.9/site-packages/airflow/example_dags/example_xcomargs.py for tasks to queue
[2024-04-21T20:38:09.866+0000] {logging_mixin.py:188} INFO - [2024-04-21T20:38:09.866+0000] {dagbag.py:540} INFO - Filling up the DagBag from /home/airflow/.local/lib/python3.9/site-packages/airflow/example_dags/example_xcomargs.py
[2024-04-21T20:38:09.874+0000] {processor.py:840} INFO - DAG(s) 'example_xcom_args', 'example_xcom_args_with_operators' retrieved from /home/airflow/.local/lib/python3.9/site-packages/airflow/example_dags/example_xcomargs.py
[2024-04-21T20:38:09.932+0000] {logging_mixin.py:188} INFO - [2024-04-21T20:38:09.932+0000] {dag.py:3047} INFO - Sync 2 DAGs
[2024-04-21T20:38:09.945+0000] {logging_mixin.py:188} INFO - [2024-04-21T20:38:09.944+0000] {dag.py:3834} INFO - Setting next_dagrun for example_xcom_args to None, run_after=None
[2024-04-21T20:38:09.949+0000] {logging_mixin.py:188} INFO - [2024-04-21T20:38:09.949+0000] {dag.py:3834} INFO - Setting next_dagrun for example_xcom_args_with_operators to None, run_after=None
[2024-04-21T20:38:09.978+0000] {processor.py:183} INFO - Processing /home/airflow/.local/lib/python3.9/site-packages/airflow/example_dags/example_xcomargs.py took 0.118 seconds
[2024-04-21T20:38:42.039+0000] {processor.py:161} INFO - Started process (PID=529) to work on /home/airflow/.local/lib/python3.9/site-packages/airflow/example_dags/example_xcomargs.py
[2024-04-21T20:38:42.040+0000] {processor.py:830} INFO - Processing file /home/airflow/.local/lib/python3.9/site-packages/airflow/example_dags/example_xcomargs.py for tasks to queue
[2024-04-21T20:38:42.042+0000] {logging_mixin.py:188} INFO - [2024-04-21T20:38:42.042+0000] {dagbag.py:540} INFO - Filling up the DagBag from /home/airflow/.local/lib/python3.9/site-packages/airflow/example_dags/example_xcomargs.py
[2024-04-21T20:38:42.050+0000] {processor.py:840} INFO - DAG(s) 'example_xcom_args', 'example_xcom_args_with_operators' retrieved from /home/airflow/.local/lib/python3.9/site-packages/airflow/example_dags/example_xcomargs.py
[2024-04-21T20:38:42.108+0000] {logging_mixin.py:188} INFO - [2024-04-21T20:38:42.108+0000] {dag.py:3047} INFO - Sync 2 DAGs
[2024-04-21T20:38:42.121+0000] {logging_mixin.py:188} INFO - [2024-04-21T20:38:42.121+0000] {dag.py:3834} INFO - Setting next_dagrun for example_xcom_args to None, run_after=None
[2024-04-21T20:38:42.126+0000] {logging_mixin.py:188} INFO - [2024-04-21T20:38:42.126+0000] {dag.py:3834} INFO - Setting next_dagrun for example_xcom_args_with_operators to None, run_after=None
[2024-04-21T20:38:42.152+0000] {processor.py:183} INFO - Processing /home/airflow/.local/lib/python3.9/site-packages/airflow/example_dags/example_xcomargs.py took 0.117 seconds
[2024-04-21T20:40:43.532+0000] {processor.py:161} INFO - Started process (PID=617) to work on /home/airflow/.local/lib/python3.9/site-packages/airflow/example_dags/example_xcomargs.py
[2024-04-21T20:40:43.533+0000] {processor.py:830} INFO - Processing file /home/airflow/.local/lib/python3.9/site-packages/airflow/example_dags/example_xcomargs.py for tasks to queue
[2024-04-21T20:40:43.536+0000] {logging_mixin.py:188} INFO - [2024-04-21T20:40:43.535+0000] {dagbag.py:540} INFO - Filling up the DagBag from /home/airflow/.local/lib/python3.9/site-packages/airflow/example_dags/example_xcomargs.py
[2024-04-21T20:40:43.544+0000] {processor.py:840} INFO - DAG(s) 'example_xcom_args_with_operators', 'example_xcom_args' retrieved from /home/airflow/.local/lib/python3.9/site-packages/airflow/example_dags/example_xcomargs.py
[2024-04-21T20:40:43.605+0000] {logging_mixin.py:188} INFO - [2024-04-21T20:40:43.605+0000] {dag.py:3047} INFO - Sync 2 DAGs
[2024-04-21T20:40:43.617+0000] {logging_mixin.py:188} INFO - [2024-04-21T20:40:43.617+0000] {dag.py:3834} INFO - Setting next_dagrun for example_xcom_args to None, run_after=None
[2024-04-21T20:40:43.621+0000] {logging_mixin.py:188} INFO - [2024-04-21T20:40:43.621+0000] {dag.py:3834} INFO - Setting next_dagrun for example_xcom_args_with_operators to None, run_after=None
[2024-04-21T20:40:43.651+0000] {processor.py:183} INFO - Processing /home/airflow/.local/lib/python3.9/site-packages/airflow/example_dags/example_xcomargs.py took 0.122 seconds
[2024-04-21T20:41:16.600+0000] {processor.py:161} INFO - Started process (PID=676) to work on /home/airflow/.local/lib/python3.9/site-packages/airflow/example_dags/example_xcomargs.py
[2024-04-21T20:41:16.601+0000] {processor.py:830} INFO - Processing file /home/airflow/.local/lib/python3.9/site-packages/airflow/example_dags/example_xcomargs.py for tasks to queue
[2024-04-21T20:41:16.604+0000] {logging_mixin.py:188} INFO - [2024-04-21T20:41:16.603+0000] {dagbag.py:540} INFO - Filling up the DagBag from /home/airflow/.local/lib/python3.9/site-packages/airflow/example_dags/example_xcomargs.py
[2024-04-21T20:41:16.614+0000] {processor.py:840} INFO - DAG(s) 'example_xcom_args_with_operators', 'example_xcom_args' retrieved from /home/airflow/.local/lib/python3.9/site-packages/airflow/example_dags/example_xcomargs.py
[2024-04-21T20:41:16.674+0000] {logging_mixin.py:188} INFO - [2024-04-21T20:41:16.674+0000] {dag.py:3047} INFO - Sync 2 DAGs
[2024-04-21T20:41:16.691+0000] {logging_mixin.py:188} INFO - [2024-04-21T20:41:16.691+0000] {dag.py:3834} INFO - Setting next_dagrun for example_xcom_args to None, run_after=None
[2024-04-21T20:41:16.696+0000] {logging_mixin.py:188} INFO - [2024-04-21T20:41:16.696+0000] {dag.py:3834} INFO - Setting next_dagrun for example_xcom_args_with_operators to None, run_after=None
[2024-04-21T20:41:16.729+0000] {processor.py:183} INFO - Processing /home/airflow/.local/lib/python3.9/site-packages/airflow/example_dags/example_xcomargs.py took 0.132 seconds
[2024-04-21T20:41:46.948+0000] {processor.py:161} INFO - Started process (PID=733) to work on /home/airflow/.local/lib/python3.9/site-packages/airflow/example_dags/example_xcomargs.py
[2024-04-21T20:41:46.950+0000] {processor.py:830} INFO - Processing file /home/airflow/.local/lib/python3.9/site-packages/airflow/example_dags/example_xcomargs.py for tasks to queue
[2024-04-21T20:41:46.953+0000] {logging_mixin.py:188} INFO - [2024-04-21T20:41:46.952+0000] {dagbag.py:540} INFO - Filling up the DagBag from /home/airflow/.local/lib/python3.9/site-packages/airflow/example_dags/example_xcomargs.py
[2024-04-21T20:41:46.963+0000] {processor.py:840} INFO - DAG(s) 'example_xcom_args_with_operators', 'example_xcom_args' retrieved from /home/airflow/.local/lib/python3.9/site-packages/airflow/example_dags/example_xcomargs.py
[2024-04-21T20:41:47.040+0000] {logging_mixin.py:188} INFO - [2024-04-21T20:41:47.040+0000] {dag.py:3047} INFO - Sync 2 DAGs
[2024-04-21T20:41:47.056+0000] {logging_mixin.py:188} INFO - [2024-04-21T20:41:47.056+0000] {dag.py:3834} INFO - Setting next_dagrun for example_xcom_args to None, run_after=None
[2024-04-21T20:41:47.063+0000] {logging_mixin.py:188} INFO - [2024-04-21T20:41:47.062+0000] {dag.py:3834} INFO - Setting next_dagrun for example_xcom_args_with_operators to None, run_after=None
[2024-04-21T20:41:47.104+0000] {processor.py:183} INFO - Processing /home/airflow/.local/lib/python3.9/site-packages/airflow/example_dags/example_xcomargs.py took 0.160 seconds
[2024-04-21T20:42:38.895+0000] {processor.py:161} INFO - Started process (PID=73) to work on /home/airflow/.local/lib/python3.9/site-packages/airflow/example_dags/example_xcomargs.py
[2024-04-21T20:42:38.896+0000] {processor.py:830} INFO - Processing file /home/airflow/.local/lib/python3.9/site-packages/airflow/example_dags/example_xcomargs.py for tasks to queue
[2024-04-21T20:42:38.900+0000] {logging_mixin.py:188} INFO - [2024-04-21T20:42:38.899+0000] {dagbag.py:540} INFO - Filling up the DagBag from /home/airflow/.local/lib/python3.9/site-packages/airflow/example_dags/example_xcomargs.py
[2024-04-21T20:42:38.910+0000] {processor.py:840} INFO - DAG(s) 'example_xcom_args', 'example_xcom_args_with_operators' retrieved from /home/airflow/.local/lib/python3.9/site-packages/airflow/example_dags/example_xcomargs.py
[2024-04-21T20:42:39.007+0000] {logging_mixin.py:188} INFO - [2024-04-21T20:42:39.006+0000] {dag.py:3047} INFO - Sync 2 DAGs
[2024-04-21T20:42:39.023+0000] {logging_mixin.py:188} INFO - [2024-04-21T20:42:39.023+0000] {dag.py:3834} INFO - Setting next_dagrun for example_xcom_args to None, run_after=None
[2024-04-21T20:42:39.034+0000] {logging_mixin.py:188} INFO - [2024-04-21T20:42:39.033+0000] {dag.py:3834} INFO - Setting next_dagrun for example_xcom_args_with_operators to None, run_after=None
[2024-04-21T20:42:39.069+0000] {processor.py:183} INFO - Processing /home/airflow/.local/lib/python3.9/site-packages/airflow/example_dags/example_xcomargs.py took 0.177 seconds
[2024-04-21T20:43:10.270+0000] {processor.py:161} INFO - Started process (PID=130) to work on /home/airflow/.local/lib/python3.9/site-packages/airflow/example_dags/example_xcomargs.py
[2024-04-21T20:43:10.271+0000] {processor.py:830} INFO - Processing file /home/airflow/.local/lib/python3.9/site-packages/airflow/example_dags/example_xcomargs.py for tasks to queue
[2024-04-21T20:43:10.274+0000] {logging_mixin.py:188} INFO - [2024-04-21T20:43:10.273+0000] {dagbag.py:540} INFO - Filling up the DagBag from /home/airflow/.local/lib/python3.9/site-packages/airflow/example_dags/example_xcomargs.py
[2024-04-21T20:43:10.284+0000] {processor.py:840} INFO - DAG(s) 'example_xcom_args_with_operators', 'example_xcom_args' retrieved from /home/airflow/.local/lib/python3.9/site-packages/airflow/example_dags/example_xcomargs.py
[2024-04-21T20:43:10.352+0000] {logging_mixin.py:188} INFO - [2024-04-21T20:43:10.352+0000] {dag.py:3047} INFO - Sync 2 DAGs
[2024-04-21T20:43:10.366+0000] {logging_mixin.py:188} INFO - [2024-04-21T20:43:10.366+0000] {dag.py:3834} INFO - Setting next_dagrun for example_xcom_args to None, run_after=None
[2024-04-21T20:43:10.372+0000] {logging_mixin.py:188} INFO - [2024-04-21T20:43:10.371+0000] {dag.py:3834} INFO - Setting next_dagrun for example_xcom_args_with_operators to None, run_after=None
[2024-04-21T20:43:10.407+0000] {processor.py:183} INFO - Processing /home/airflow/.local/lib/python3.9/site-packages/airflow/example_dags/example_xcomargs.py took 0.142 seconds
[2024-04-21T20:43:40.457+0000] {processor.py:161} INFO - Started process (PID=187) to work on /home/airflow/.local/lib/python3.9/site-packages/airflow/example_dags/example_xcomargs.py
[2024-04-21T20:43:40.458+0000] {processor.py:830} INFO - Processing file /home/airflow/.local/lib/python3.9/site-packages/airflow/example_dags/example_xcomargs.py for tasks to queue
[2024-04-21T20:43:40.460+0000] {logging_mixin.py:188} INFO - [2024-04-21T20:43:40.459+0000] {dagbag.py:540} INFO - Filling up the DagBag from /home/airflow/.local/lib/python3.9/site-packages/airflow/example_dags/example_xcomargs.py
[2024-04-21T20:43:40.468+0000] {processor.py:840} INFO - DAG(s) 'example_xcom_args', 'example_xcom_args_with_operators' retrieved from /home/airflow/.local/lib/python3.9/site-packages/airflow/example_dags/example_xcomargs.py
[2024-04-21T20:43:40.529+0000] {logging_mixin.py:188} INFO - [2024-04-21T20:43:40.529+0000] {dag.py:3047} INFO - Sync 2 DAGs
[2024-04-21T20:43:40.542+0000] {logging_mixin.py:188} INFO - [2024-04-21T20:43:40.542+0000] {dag.py:3834} INFO - Setting next_dagrun for example_xcom_args to None, run_after=None
[2024-04-21T20:43:40.547+0000] {logging_mixin.py:188} INFO - [2024-04-21T20:43:40.547+0000] {dag.py:3834} INFO - Setting next_dagrun for example_xcom_args_with_operators to None, run_after=None
[2024-04-21T20:43:40.579+0000] {processor.py:183} INFO - Processing /home/airflow/.local/lib/python3.9/site-packages/airflow/example_dags/example_xcomargs.py took 0.125 seconds
[2024-04-21T20:44:11.990+0000] {processor.py:161} INFO - Started process (PID=244) to work on /home/airflow/.local/lib/python3.9/site-packages/airflow/example_dags/example_xcomargs.py
[2024-04-21T20:44:11.991+0000] {processor.py:830} INFO - Processing file /home/airflow/.local/lib/python3.9/site-packages/airflow/example_dags/example_xcomargs.py for tasks to queue
[2024-04-21T20:44:11.994+0000] {logging_mixin.py:188} INFO - [2024-04-21T20:44:11.993+0000] {dagbag.py:540} INFO - Filling up the DagBag from /home/airflow/.local/lib/python3.9/site-packages/airflow/example_dags/example_xcomargs.py
[2024-04-21T20:44:12.002+0000] {processor.py:840} INFO - DAG(s) 'example_xcom_args_with_operators', 'example_xcom_args' retrieved from /home/airflow/.local/lib/python3.9/site-packages/airflow/example_dags/example_xcomargs.py
[2024-04-21T20:44:12.064+0000] {logging_mixin.py:188} INFO - [2024-04-21T20:44:12.064+0000] {dag.py:3047} INFO - Sync 2 DAGs
[2024-04-21T20:44:12.079+0000] {logging_mixin.py:188} INFO - [2024-04-21T20:44:12.078+0000] {dag.py:3834} INFO - Setting next_dagrun for example_xcom_args to None, run_after=None
[2024-04-21T20:44:12.083+0000] {logging_mixin.py:188} INFO - [2024-04-21T20:44:12.083+0000] {dag.py:3834} INFO - Setting next_dagrun for example_xcom_args_with_operators to None, run_after=None
[2024-04-21T20:44:12.113+0000] {processor.py:183} INFO - Processing /home/airflow/.local/lib/python3.9/site-packages/airflow/example_dags/example_xcomargs.py took 0.126 seconds
[2024-04-21T20:44:44.191+0000] {processor.py:161} INFO - Started process (PID=301) to work on /home/airflow/.local/lib/python3.9/site-packages/airflow/example_dags/example_xcomargs.py
[2024-04-21T20:44:44.193+0000] {processor.py:830} INFO - Processing file /home/airflow/.local/lib/python3.9/site-packages/airflow/example_dags/example_xcomargs.py for tasks to queue
[2024-04-21T20:44:44.195+0000] {logging_mixin.py:188} INFO - [2024-04-21T20:44:44.195+0000] {dagbag.py:540} INFO - Filling up the DagBag from /home/airflow/.local/lib/python3.9/site-packages/airflow/example_dags/example_xcomargs.py
[2024-04-21T20:44:44.205+0000] {processor.py:840} INFO - DAG(s) 'example_xcom_args_with_operators', 'example_xcom_args' retrieved from /home/airflow/.local/lib/python3.9/site-packages/airflow/example_dags/example_xcomargs.py
[2024-04-21T20:44:44.262+0000] {logging_mixin.py:188} INFO - [2024-04-21T20:44:44.261+0000] {dag.py:3047} INFO - Sync 2 DAGs
[2024-04-21T20:44:44.274+0000] {logging_mixin.py:188} INFO - [2024-04-21T20:44:44.273+0000] {dag.py:3834} INFO - Setting next_dagrun for example_xcom_args to None, run_after=None
[2024-04-21T20:44:44.278+0000] {logging_mixin.py:188} INFO - [2024-04-21T20:44:44.278+0000] {dag.py:3834} INFO - Setting next_dagrun for example_xcom_args_with_operators to None, run_after=None
[2024-04-21T20:44:44.311+0000] {processor.py:183} INFO - Processing /home/airflow/.local/lib/python3.9/site-packages/airflow/example_dags/example_xcomargs.py took 0.123 seconds
[2024-04-21T20:45:14.464+0000] {processor.py:161} INFO - Started process (PID=358) to work on /home/airflow/.local/lib/python3.9/site-packages/airflow/example_dags/example_xcomargs.py
[2024-04-21T20:45:14.465+0000] {processor.py:830} INFO - Processing file /home/airflow/.local/lib/python3.9/site-packages/airflow/example_dags/example_xcomargs.py for tasks to queue
[2024-04-21T20:45:14.467+0000] {logging_mixin.py:188} INFO - [2024-04-21T20:45:14.467+0000] {dagbag.py:540} INFO - Filling up the DagBag from /home/airflow/.local/lib/python3.9/site-packages/airflow/example_dags/example_xcomargs.py
[2024-04-21T20:45:14.476+0000] {processor.py:840} INFO - DAG(s) 'example_xcom_args', 'example_xcom_args_with_operators' retrieved from /home/airflow/.local/lib/python3.9/site-packages/airflow/example_dags/example_xcomargs.py
[2024-04-21T20:45:14.537+0000] {logging_mixin.py:188} INFO - [2024-04-21T20:45:14.537+0000] {dag.py:3047} INFO - Sync 2 DAGs
[2024-04-21T20:45:14.551+0000] {logging_mixin.py:188} INFO - [2024-04-21T20:45:14.551+0000] {dag.py:3834} INFO - Setting next_dagrun for example_xcom_args to None, run_after=None
[2024-04-21T20:45:14.556+0000] {logging_mixin.py:188} INFO - [2024-04-21T20:45:14.555+0000] {dag.py:3834} INFO - Setting next_dagrun for example_xcom_args_with_operators to None, run_after=None
[2024-04-21T20:45:14.589+0000] {processor.py:183} INFO - Processing /home/airflow/.local/lib/python3.9/site-packages/airflow/example_dags/example_xcomargs.py took 0.129 seconds
[2024-04-21T20:45:47.657+0000] {processor.py:161} INFO - Started process (PID=415) to work on /home/airflow/.local/lib/python3.9/site-packages/airflow/example_dags/example_xcomargs.py
[2024-04-21T20:45:47.659+0000] {processor.py:830} INFO - Processing file /home/airflow/.local/lib/python3.9/site-packages/airflow/example_dags/example_xcomargs.py for tasks to queue
[2024-04-21T20:45:47.661+0000] {logging_mixin.py:188} INFO - [2024-04-21T20:45:47.661+0000] {dagbag.py:540} INFO - Filling up the DagBag from /home/airflow/.local/lib/python3.9/site-packages/airflow/example_dags/example_xcomargs.py
[2024-04-21T20:45:47.676+0000] {processor.py:840} INFO - DAG(s) 'example_xcom_args_with_operators', 'example_xcom_args' retrieved from /home/airflow/.local/lib/python3.9/site-packages/airflow/example_dags/example_xcomargs.py
[2024-04-21T20:45:48.324+0000] {logging_mixin.py:188} INFO - [2024-04-21T20:45:48.324+0000] {dag.py:3047} INFO - Sync 2 DAGs
[2024-04-21T20:45:48.349+0000] {logging_mixin.py:188} INFO - [2024-04-21T20:45:48.348+0000] {dag.py:3834} INFO - Setting next_dagrun for example_xcom_args to None, run_after=None
[2024-04-21T20:45:48.357+0000] {logging_mixin.py:188} INFO - [2024-04-21T20:45:48.357+0000] {dag.py:3834} INFO - Setting next_dagrun for example_xcom_args_with_operators to None, run_after=None
[2024-04-21T20:45:48.467+0000] {processor.py:183} INFO - Processing /home/airflow/.local/lib/python3.9/site-packages/airflow/example_dags/example_xcomargs.py took 0.813 seconds
[2024-04-21T20:46:18.675+0000] {processor.py:161} INFO - Started process (PID=472) to work on /home/airflow/.local/lib/python3.9/site-packages/airflow/example_dags/example_xcomargs.py
[2024-04-21T20:46:18.676+0000] {processor.py:830} INFO - Processing file /home/airflow/.local/lib/python3.9/site-packages/airflow/example_dags/example_xcomargs.py for tasks to queue
[2024-04-21T20:46:18.679+0000] {logging_mixin.py:188} INFO - [2024-04-21T20:46:18.678+0000] {dagbag.py:540} INFO - Filling up the DagBag from /home/airflow/.local/lib/python3.9/site-packages/airflow/example_dags/example_xcomargs.py
[2024-04-21T20:46:18.687+0000] {processor.py:840} INFO - DAG(s) 'example_xcom_args', 'example_xcom_args_with_operators' retrieved from /home/airflow/.local/lib/python3.9/site-packages/airflow/example_dags/example_xcomargs.py
[2024-04-21T20:46:18.750+0000] {logging_mixin.py:188} INFO - [2024-04-21T20:46:18.750+0000] {dag.py:3047} INFO - Sync 2 DAGs
[2024-04-21T20:46:18.765+0000] {logging_mixin.py:188} INFO - [2024-04-21T20:46:18.764+0000] {dag.py:3834} INFO - Setting next_dagrun for example_xcom_args to None, run_after=None
[2024-04-21T20:46:18.771+0000] {logging_mixin.py:188} INFO - [2024-04-21T20:46:18.771+0000] {dag.py:3834} INFO - Setting next_dagrun for example_xcom_args_with_operators to None, run_after=None
[2024-04-21T20:46:18.811+0000] {processor.py:183} INFO - Processing /home/airflow/.local/lib/python3.9/site-packages/airflow/example_dags/example_xcomargs.py took 0.138 seconds
[2024-04-21T20:46:49.718+0000] {processor.py:161} INFO - Started process (PID=529) to work on /home/airflow/.local/lib/python3.9/site-packages/airflow/example_dags/example_xcomargs.py
[2024-04-21T20:46:49.720+0000] {processor.py:830} INFO - Processing file /home/airflow/.local/lib/python3.9/site-packages/airflow/example_dags/example_xcomargs.py for tasks to queue
[2024-04-21T20:46:49.723+0000] {logging_mixin.py:188} INFO - [2024-04-21T20:46:49.722+0000] {dagbag.py:540} INFO - Filling up the DagBag from /home/airflow/.local/lib/python3.9/site-packages/airflow/example_dags/example_xcomargs.py
[2024-04-21T20:46:49.738+0000] {processor.py:840} INFO - DAG(s) 'example_xcom_args', 'example_xcom_args_with_operators' retrieved from /home/airflow/.local/lib/python3.9/site-packages/airflow/example_dags/example_xcomargs.py
[2024-04-21T20:46:49.826+0000] {logging_mixin.py:188} INFO - [2024-04-21T20:46:49.825+0000] {dag.py:3047} INFO - Sync 2 DAGs
[2024-04-21T20:46:49.855+0000] {logging_mixin.py:188} INFO - [2024-04-21T20:46:49.855+0000] {dag.py:3834} INFO - Setting next_dagrun for example_xcom_args to None, run_after=None
[2024-04-21T20:46:49.861+0000] {logging_mixin.py:188} INFO - [2024-04-21T20:46:49.860+0000] {dag.py:3834} INFO - Setting next_dagrun for example_xcom_args_with_operators to None, run_after=None
[2024-04-21T20:46:49.907+0000] {processor.py:183} INFO - Processing /home/airflow/.local/lib/python3.9/site-packages/airflow/example_dags/example_xcomargs.py took 0.192 seconds
[2024-04-21T20:47:20.588+0000] {processor.py:161} INFO - Started process (PID=586) to work on /home/airflow/.local/lib/python3.9/site-packages/airflow/example_dags/example_xcomargs.py
[2024-04-21T20:47:20.589+0000] {processor.py:830} INFO - Processing file /home/airflow/.local/lib/python3.9/site-packages/airflow/example_dags/example_xcomargs.py for tasks to queue
[2024-04-21T20:47:20.591+0000] {logging_mixin.py:188} INFO - [2024-04-21T20:47:20.591+0000] {dagbag.py:540} INFO - Filling up the DagBag from /home/airflow/.local/lib/python3.9/site-packages/airflow/example_dags/example_xcomargs.py
[2024-04-21T20:47:20.598+0000] {processor.py:840} INFO - DAG(s) 'example_xcom_args_with_operators', 'example_xcom_args' retrieved from /home/airflow/.local/lib/python3.9/site-packages/airflow/example_dags/example_xcomargs.py
[2024-04-21T20:47:20.656+0000] {logging_mixin.py:188} INFO - [2024-04-21T20:47:20.656+0000] {dag.py:3047} INFO - Sync 2 DAGs
[2024-04-21T20:47:20.669+0000] {logging_mixin.py:188} INFO - [2024-04-21T20:47:20.669+0000] {dag.py:3834} INFO - Setting next_dagrun for example_xcom_args to None, run_after=None
[2024-04-21T20:47:20.675+0000] {logging_mixin.py:188} INFO - [2024-04-21T20:47:20.675+0000] {dag.py:3834} INFO - Setting next_dagrun for example_xcom_args_with_operators to None, run_after=None
[2024-04-21T20:47:20.709+0000] {processor.py:183} INFO - Processing /home/airflow/.local/lib/python3.9/site-packages/airflow/example_dags/example_xcomargs.py took 0.123 seconds
[2024-04-21T20:47:51.085+0000] {processor.py:161} INFO - Started process (PID=643) to work on /home/airflow/.local/lib/python3.9/site-packages/airflow/example_dags/example_xcomargs.py
[2024-04-21T20:47:51.086+0000] {processor.py:830} INFO - Processing file /home/airflow/.local/lib/python3.9/site-packages/airflow/example_dags/example_xcomargs.py for tasks to queue
[2024-04-21T20:47:51.089+0000] {logging_mixin.py:188} INFO - [2024-04-21T20:47:51.088+0000] {dagbag.py:540} INFO - Filling up the DagBag from /home/airflow/.local/lib/python3.9/site-packages/airflow/example_dags/example_xcomargs.py
[2024-04-21T20:47:51.097+0000] {processor.py:840} INFO - DAG(s) 'example_xcom_args', 'example_xcom_args_with_operators' retrieved from /home/airflow/.local/lib/python3.9/site-packages/airflow/example_dags/example_xcomargs.py
[2024-04-21T20:47:51.156+0000] {logging_mixin.py:188} INFO - [2024-04-21T20:47:51.156+0000] {dag.py:3047} INFO - Sync 2 DAGs
[2024-04-21T20:47:51.170+0000] {logging_mixin.py:188} INFO - [2024-04-21T20:47:51.170+0000] {dag.py:3834} INFO - Setting next_dagrun for example_xcom_args to None, run_after=None
[2024-04-21T20:47:51.175+0000] {logging_mixin.py:188} INFO - [2024-04-21T20:47:51.174+0000] {dag.py:3834} INFO - Setting next_dagrun for example_xcom_args_with_operators to None, run_after=None
[2024-04-21T20:47:51.207+0000] {processor.py:183} INFO - Processing /home/airflow/.local/lib/python3.9/site-packages/airflow/example_dags/example_xcomargs.py took 0.125 seconds
[2024-04-21T21:00:55.211+0000] {processor.py:161} INFO - Started process (PID=80) to work on /home/airflow/.local/lib/python3.9/site-packages/airflow/example_dags/example_xcomargs.py
[2024-04-21T21:00:55.213+0000] {processor.py:830} INFO - Processing file /home/airflow/.local/lib/python3.9/site-packages/airflow/example_dags/example_xcomargs.py for tasks to queue
[2024-04-21T21:00:55.219+0000] {logging_mixin.py:188} INFO - [2024-04-21T21:00:55.218+0000] {dagbag.py:540} INFO - Filling up the DagBag from /home/airflow/.local/lib/python3.9/site-packages/airflow/example_dags/example_xcomargs.py
[2024-04-21T21:00:55.238+0000] {processor.py:840} INFO - DAG(s) 'example_xcom_args', 'example_xcom_args_with_operators' retrieved from /home/airflow/.local/lib/python3.9/site-packages/airflow/example_dags/example_xcomargs.py
[2024-04-21T21:00:55.578+0000] {logging_mixin.py:188} INFO - [2024-04-21T21:00:55.577+0000] {dag.py:3047} INFO - Sync 2 DAGs
[2024-04-21T21:00:55.610+0000] {logging_mixin.py:188} INFO - [2024-04-21T21:00:55.609+0000] {dag.py:3834} INFO - Setting next_dagrun for example_xcom_args to None, run_after=None
[2024-04-21T21:00:55.619+0000] {logging_mixin.py:188} INFO - [2024-04-21T21:00:55.618+0000] {dag.py:3834} INFO - Setting next_dagrun for example_xcom_args_with_operators to None, run_after=None
[2024-04-21T21:00:55.682+0000] {processor.py:183} INFO - Processing /home/airflow/.local/lib/python3.9/site-packages/airflow/example_dags/example_xcomargs.py took 0.479 seconds
[2024-04-21T21:01:25.991+0000] {processor.py:161} INFO - Started process (PID=137) to work on /home/airflow/.local/lib/python3.9/site-packages/airflow/example_dags/example_xcomargs.py
[2024-04-21T21:01:25.993+0000] {processor.py:830} INFO - Processing file /home/airflow/.local/lib/python3.9/site-packages/airflow/example_dags/example_xcomargs.py for tasks to queue
[2024-04-21T21:01:25.995+0000] {logging_mixin.py:188} INFO - [2024-04-21T21:01:25.994+0000] {dagbag.py:540} INFO - Filling up the DagBag from /home/airflow/.local/lib/python3.9/site-packages/airflow/example_dags/example_xcomargs.py
[2024-04-21T21:01:26.005+0000] {processor.py:840} INFO - DAG(s) 'example_xcom_args', 'example_xcom_args_with_operators' retrieved from /home/airflow/.local/lib/python3.9/site-packages/airflow/example_dags/example_xcomargs.py
[2024-04-21T21:01:26.074+0000] {logging_mixin.py:188} INFO - [2024-04-21T21:01:26.074+0000] {dag.py:3047} INFO - Sync 2 DAGs
[2024-04-21T21:01:26.090+0000] {logging_mixin.py:188} INFO - [2024-04-21T21:01:26.089+0000] {dag.py:3834} INFO - Setting next_dagrun for example_xcom_args to None, run_after=None
[2024-04-21T21:01:26.097+0000] {logging_mixin.py:188} INFO - [2024-04-21T21:01:26.097+0000] {dag.py:3834} INFO - Setting next_dagrun for example_xcom_args_with_operators to None, run_after=None
[2024-04-21T21:01:26.126+0000] {processor.py:183} INFO - Processing /home/airflow/.local/lib/python3.9/site-packages/airflow/example_dags/example_xcomargs.py took 0.137 seconds
[2024-04-21T21:04:42.223+0000] {processor.py:161} INFO - Started process (PID=85) to work on /home/airflow/.local/lib/python3.9/site-packages/airflow/example_dags/example_xcomargs.py
[2024-04-21T21:04:42.225+0000] {processor.py:830} INFO - Processing file /home/airflow/.local/lib/python3.9/site-packages/airflow/example_dags/example_xcomargs.py for tasks to queue
[2024-04-21T21:04:42.227+0000] {logging_mixin.py:188} INFO - [2024-04-21T21:04:42.227+0000] {dagbag.py:540} INFO - Filling up the DagBag from /home/airflow/.local/lib/python3.9/site-packages/airflow/example_dags/example_xcomargs.py
[2024-04-21T21:04:42.237+0000] {processor.py:840} INFO - DAG(s) 'example_xcom_args_with_operators', 'example_xcom_args' retrieved from /home/airflow/.local/lib/python3.9/site-packages/airflow/example_dags/example_xcomargs.py
[2024-04-21T21:04:42.316+0000] {logging_mixin.py:188} INFO - [2024-04-21T21:04:42.315+0000] {dag.py:3047} INFO - Sync 2 DAGs
[2024-04-21T21:04:42.335+0000] {logging_mixin.py:188} INFO - [2024-04-21T21:04:42.335+0000] {dag.py:3834} INFO - Setting next_dagrun for example_xcom_args to None, run_after=None
[2024-04-21T21:04:42.343+0000] {logging_mixin.py:188} INFO - [2024-04-21T21:04:42.343+0000] {dag.py:3834} INFO - Setting next_dagrun for example_xcom_args_with_operators to None, run_after=None
[2024-04-21T21:04:42.430+0000] {processor.py:183} INFO - Processing /home/airflow/.local/lib/python3.9/site-packages/airflow/example_dags/example_xcomargs.py took 0.210 seconds
[2024-04-21T21:05:12.860+0000] {processor.py:161} INFO - Started process (PID=142) to work on /home/airflow/.local/lib/python3.9/site-packages/airflow/example_dags/example_xcomargs.py
[2024-04-21T21:05:12.861+0000] {processor.py:830} INFO - Processing file /home/airflow/.local/lib/python3.9/site-packages/airflow/example_dags/example_xcomargs.py for tasks to queue
[2024-04-21T21:05:12.864+0000] {logging_mixin.py:188} INFO - [2024-04-21T21:05:12.863+0000] {dagbag.py:540} INFO - Filling up the DagBag from /home/airflow/.local/lib/python3.9/site-packages/airflow/example_dags/example_xcomargs.py
[2024-04-21T21:05:12.873+0000] {processor.py:840} INFO - DAG(s) 'example_xcom_args_with_operators', 'example_xcom_args' retrieved from /home/airflow/.local/lib/python3.9/site-packages/airflow/example_dags/example_xcomargs.py
[2024-04-21T21:05:12.945+0000] {logging_mixin.py:188} INFO - [2024-04-21T21:05:12.945+0000] {dag.py:3047} INFO - Sync 2 DAGs
[2024-04-21T21:05:12.961+0000] {logging_mixin.py:188} INFO - [2024-04-21T21:05:12.961+0000] {dag.py:3834} INFO - Setting next_dagrun for example_xcom_args to None, run_after=None
[2024-04-21T21:05:12.968+0000] {logging_mixin.py:188} INFO - [2024-04-21T21:05:12.968+0000] {dag.py:3834} INFO - Setting next_dagrun for example_xcom_args_with_operators to None, run_after=None
[2024-04-21T21:05:13.009+0000] {processor.py:183} INFO - Processing /home/airflow/.local/lib/python3.9/site-packages/airflow/example_dags/example_xcomargs.py took 0.153 seconds
[2024-04-21T21:05:43.643+0000] {processor.py:161} INFO - Started process (PID=207) to work on /home/airflow/.local/lib/python3.9/site-packages/airflow/example_dags/example_xcomargs.py
[2024-04-21T21:05:43.645+0000] {processor.py:830} INFO - Processing file /home/airflow/.local/lib/python3.9/site-packages/airflow/example_dags/example_xcomargs.py for tasks to queue
[2024-04-21T21:05:43.647+0000] {logging_mixin.py:188} INFO - [2024-04-21T21:05:43.647+0000] {dagbag.py:540} INFO - Filling up the DagBag from /home/airflow/.local/lib/python3.9/site-packages/airflow/example_dags/example_xcomargs.py
[2024-04-21T21:05:43.657+0000] {processor.py:840} INFO - DAG(s) 'example_xcom_args_with_operators', 'example_xcom_args' retrieved from /home/airflow/.local/lib/python3.9/site-packages/airflow/example_dags/example_xcomargs.py
[2024-04-21T21:05:43.745+0000] {logging_mixin.py:188} INFO - [2024-04-21T21:05:43.744+0000] {dag.py:3047} INFO - Sync 2 DAGs
[2024-04-21T21:05:43.760+0000] {logging_mixin.py:188} INFO - [2024-04-21T21:05:43.760+0000] {dag.py:3834} INFO - Setting next_dagrun for example_xcom_args to None, run_after=None
[2024-04-21T21:05:43.767+0000] {logging_mixin.py:188} INFO - [2024-04-21T21:05:43.767+0000] {dag.py:3834} INFO - Setting next_dagrun for example_xcom_args_with_operators to None, run_after=None
[2024-04-21T21:05:43.807+0000] {processor.py:183} INFO - Processing /home/airflow/.local/lib/python3.9/site-packages/airflow/example_dags/example_xcomargs.py took 0.167 seconds
