[2024-04-21T19:52:05.289+0000] {processor.py:161} INFO - Started process (PID=74) to work on /home/airflow/.local/lib/python3.9/site-packages/airflow/example_dags/tutorial_taskflow_api_virtualenv.py
[2024-04-21T19:52:05.291+0000] {processor.py:830} INFO - Processing file /home/airflow/.local/lib/python3.9/site-packages/airflow/example_dags/tutorial_taskflow_api_virtualenv.py for tasks to queue
[2024-04-21T19:52:05.295+0000] {logging_mixin.py:188} INFO - [2024-04-21T19:52:05.294+0000] {dagbag.py:540} INFO - Filling up the DagBag from /home/airflow/.local/lib/python3.9/site-packages/airflow/example_dags/tutorial_taskflow_api_virtualenv.py
[2024-04-21T19:52:05.323+0000] {processor.py:840} INFO - DAG(s) 'tutorial_taskflow_api_virtualenv' retrieved from /home/airflow/.local/lib/python3.9/site-packages/airflow/example_dags/tutorial_taskflow_api_virtualenv.py
[2024-04-21T19:52:05.769+0000] {logging_mixin.py:188} INFO - [2024-04-21T19:52:05.769+0000] {dag.py:3047} INFO - Sync 1 DAGs
[2024-04-21T19:52:05.796+0000] {logging_mixin.py:188} INFO - [2024-04-21T19:52:05.795+0000] {dag.py:3834} INFO - Setting next_dagrun for tutorial_taskflow_api_virtualenv to None, run_after=None
[2024-04-21T19:52:05.864+0000] {processor.py:183} INFO - Processing /home/airflow/.local/lib/python3.9/site-packages/airflow/example_dags/tutorial_taskflow_api_virtualenv.py took 0.584 seconds
[2024-04-21T19:52:36.624+0000] {processor.py:161} INFO - Started process (PID=131) to work on /home/airflow/.local/lib/python3.9/site-packages/airflow/example_dags/tutorial_taskflow_api_virtualenv.py
[2024-04-21T19:52:36.627+0000] {processor.py:830} INFO - Processing file /home/airflow/.local/lib/python3.9/site-packages/airflow/example_dags/tutorial_taskflow_api_virtualenv.py for tasks to queue
[2024-04-21T19:52:36.631+0000] {logging_mixin.py:188} INFO - [2024-04-21T19:52:36.630+0000] {dagbag.py:540} INFO - Filling up the DagBag from /home/airflow/.local/lib/python3.9/site-packages/airflow/example_dags/tutorial_taskflow_api_virtualenv.py
[2024-04-21T19:52:36.650+0000] {processor.py:840} INFO - DAG(s) 'tutorial_taskflow_api_virtualenv' retrieved from /home/airflow/.local/lib/python3.9/site-packages/airflow/example_dags/tutorial_taskflow_api_virtualenv.py
[2024-04-21T19:52:36.785+0000] {logging_mixin.py:188} INFO - [2024-04-21T19:52:36.784+0000] {dag.py:3047} INFO - Sync 1 DAGs
[2024-04-21T19:52:36.808+0000] {logging_mixin.py:188} INFO - [2024-04-21T19:52:36.807+0000] {dag.py:3834} INFO - Setting next_dagrun for tutorial_taskflow_api_virtualenv to None, run_after=None
[2024-04-21T19:52:36.866+0000] {processor.py:183} INFO - Processing /home/airflow/.local/lib/python3.9/site-packages/airflow/example_dags/tutorial_taskflow_api_virtualenv.py took 0.248 seconds
[2024-04-21T19:53:07.272+0000] {processor.py:161} INFO - Started process (PID=188) to work on /home/airflow/.local/lib/python3.9/site-packages/airflow/example_dags/tutorial_taskflow_api_virtualenv.py
[2024-04-21T19:53:07.276+0000] {processor.py:830} INFO - Processing file /home/airflow/.local/lib/python3.9/site-packages/airflow/example_dags/tutorial_taskflow_api_virtualenv.py for tasks to queue
[2024-04-21T19:53:07.281+0000] {logging_mixin.py:188} INFO - [2024-04-21T19:53:07.280+0000] {dagbag.py:540} INFO - Filling up the DagBag from /home/airflow/.local/lib/python3.9/site-packages/airflow/example_dags/tutorial_taskflow_api_virtualenv.py
[2024-04-21T19:53:07.305+0000] {processor.py:840} INFO - DAG(s) 'tutorial_taskflow_api_virtualenv' retrieved from /home/airflow/.local/lib/python3.9/site-packages/airflow/example_dags/tutorial_taskflow_api_virtualenv.py
[2024-04-21T19:53:07.430+0000] {logging_mixin.py:188} INFO - [2024-04-21T19:53:07.430+0000] {dag.py:3047} INFO - Sync 1 DAGs
[2024-04-21T19:53:07.463+0000] {logging_mixin.py:188} INFO - [2024-04-21T19:53:07.462+0000] {dag.py:3834} INFO - Setting next_dagrun for tutorial_taskflow_api_virtualenv to None, run_after=None
[2024-04-21T19:53:07.531+0000] {processor.py:183} INFO - Processing /home/airflow/.local/lib/python3.9/site-packages/airflow/example_dags/tutorial_taskflow_api_virtualenv.py took 0.266 seconds
[2024-04-21T19:53:37.691+0000] {processor.py:161} INFO - Started process (PID=245) to work on /home/airflow/.local/lib/python3.9/site-packages/airflow/example_dags/tutorial_taskflow_api_virtualenv.py
[2024-04-21T19:53:37.694+0000] {processor.py:830} INFO - Processing file /home/airflow/.local/lib/python3.9/site-packages/airflow/example_dags/tutorial_taskflow_api_virtualenv.py for tasks to queue
[2024-04-21T19:53:37.698+0000] {logging_mixin.py:188} INFO - [2024-04-21T19:53:37.697+0000] {dagbag.py:540} INFO - Filling up the DagBag from /home/airflow/.local/lib/python3.9/site-packages/airflow/example_dags/tutorial_taskflow_api_virtualenv.py
[2024-04-21T19:53:37.722+0000] {processor.py:840} INFO - DAG(s) 'tutorial_taskflow_api_virtualenv' retrieved from /home/airflow/.local/lib/python3.9/site-packages/airflow/example_dags/tutorial_taskflow_api_virtualenv.py
[2024-04-21T19:53:37.906+0000] {logging_mixin.py:188} INFO - [2024-04-21T19:53:37.906+0000] {dag.py:3047} INFO - Sync 1 DAGs
[2024-04-21T19:53:37.937+0000] {logging_mixin.py:188} INFO - [2024-04-21T19:53:37.936+0000] {dag.py:3834} INFO - Setting next_dagrun for tutorial_taskflow_api_virtualenv to None, run_after=None
[2024-04-21T19:53:38.003+0000] {processor.py:183} INFO - Processing /home/airflow/.local/lib/python3.9/site-packages/airflow/example_dags/tutorial_taskflow_api_virtualenv.py took 0.320 seconds
[2024-04-21T19:54:36.366+0000] {processor.py:161} INFO - Started process (PID=68) to work on /home/airflow/.local/lib/python3.9/site-packages/airflow/example_dags/tutorial_taskflow_api_virtualenv.py
[2024-04-21T19:54:36.368+0000] {processor.py:830} INFO - Processing file /home/airflow/.local/lib/python3.9/site-packages/airflow/example_dags/tutorial_taskflow_api_virtualenv.py for tasks to queue
[2024-04-21T19:54:36.370+0000] {logging_mixin.py:188} INFO - [2024-04-21T19:54:36.370+0000] {dagbag.py:540} INFO - Filling up the DagBag from /home/airflow/.local/lib/python3.9/site-packages/airflow/example_dags/tutorial_taskflow_api_virtualenv.py
[2024-04-21T19:54:36.383+0000] {processor.py:840} INFO - DAG(s) 'tutorial_taskflow_api_virtualenv' retrieved from /home/airflow/.local/lib/python3.9/site-packages/airflow/example_dags/tutorial_taskflow_api_virtualenv.py
[2024-04-21T19:54:36.532+0000] {logging_mixin.py:188} INFO - [2024-04-21T19:54:36.531+0000] {dag.py:3047} INFO - Sync 1 DAGs
[2024-04-21T19:54:36.543+0000] {logging_mixin.py:188} INFO - [2024-04-21T19:54:36.543+0000] {dag.py:3834} INFO - Setting next_dagrun for tutorial_taskflow_api_virtualenv to None, run_after=None
[2024-04-21T19:54:36.581+0000] {processor.py:183} INFO - Processing /home/airflow/.local/lib/python3.9/site-packages/airflow/example_dags/tutorial_taskflow_api_virtualenv.py took 0.217 seconds
[2024-04-21T19:55:21.867+0000] {processor.py:161} INFO - Started process (PID=135) to work on /home/airflow/.local/lib/python3.9/site-packages/airflow/example_dags/tutorial_taskflow_api_virtualenv.py
[2024-04-21T19:55:21.868+0000] {processor.py:830} INFO - Processing file /home/airflow/.local/lib/python3.9/site-packages/airflow/example_dags/tutorial_taskflow_api_virtualenv.py for tasks to queue
[2024-04-21T19:55:21.871+0000] {logging_mixin.py:188} INFO - [2024-04-21T19:55:21.871+0000] {dagbag.py:540} INFO - Filling up the DagBag from /home/airflow/.local/lib/python3.9/site-packages/airflow/example_dags/tutorial_taskflow_api_virtualenv.py
[2024-04-21T19:55:21.883+0000] {processor.py:840} INFO - DAG(s) 'tutorial_taskflow_api_virtualenv' retrieved from /home/airflow/.local/lib/python3.9/site-packages/airflow/example_dags/tutorial_taskflow_api_virtualenv.py
[2024-04-21T19:55:21.953+0000] {logging_mixin.py:188} INFO - [2024-04-21T19:55:21.953+0000] {dag.py:3047} INFO - Sync 1 DAGs
[2024-04-21T19:55:21.971+0000] {logging_mixin.py:188} INFO - [2024-04-21T19:55:21.970+0000] {dag.py:3834} INFO - Setting next_dagrun for tutorial_taskflow_api_virtualenv to None, run_after=None
[2024-04-21T19:55:22.011+0000] {processor.py:183} INFO - Processing /home/airflow/.local/lib/python3.9/site-packages/airflow/example_dags/tutorial_taskflow_api_virtualenv.py took 0.147 seconds
[2024-04-21T19:59:01.035+0000] {processor.py:161} INFO - Started process (PID=209) to work on /home/airflow/.local/lib/python3.9/site-packages/airflow/example_dags/tutorial_taskflow_api_virtualenv.py
[2024-04-21T19:59:01.038+0000] {processor.py:830} INFO - Processing file /home/airflow/.local/lib/python3.9/site-packages/airflow/example_dags/tutorial_taskflow_api_virtualenv.py for tasks to queue
[2024-04-21T19:59:01.041+0000] {logging_mixin.py:188} INFO - [2024-04-21T19:59:01.040+0000] {dagbag.py:540} INFO - Filling up the DagBag from /home/airflow/.local/lib/python3.9/site-packages/airflow/example_dags/tutorial_taskflow_api_virtualenv.py
[2024-04-21T19:59:01.087+0000] {processor.py:840} INFO - DAG(s) 'tutorial_taskflow_api_virtualenv' retrieved from /home/airflow/.local/lib/python3.9/site-packages/airflow/example_dags/tutorial_taskflow_api_virtualenv.py
[2024-04-21T19:59:01.370+0000] {logging_mixin.py:188} INFO - [2024-04-21T19:59:01.368+0000] {dag.py:3047} INFO - Sync 1 DAGs
[2024-04-21T19:59:01.404+0000] {logging_mixin.py:188} INFO - [2024-04-21T19:59:01.404+0000] {dag.py:3834} INFO - Setting next_dagrun for tutorial_taskflow_api_virtualenv to None, run_after=None
[2024-04-21T19:59:01.477+0000] {processor.py:183} INFO - Processing /home/airflow/.local/lib/python3.9/site-packages/airflow/example_dags/tutorial_taskflow_api_virtualenv.py took 0.449 seconds
[2024-04-21T20:03:12.694+0000] {processor.py:161} INFO - Started process (PID=281) to work on /home/airflow/.local/lib/python3.9/site-packages/airflow/example_dags/tutorial_taskflow_api_virtualenv.py
[2024-04-21T20:03:12.695+0000] {processor.py:830} INFO - Processing file /home/airflow/.local/lib/python3.9/site-packages/airflow/example_dags/tutorial_taskflow_api_virtualenv.py for tasks to queue
[2024-04-21T20:03:12.696+0000] {logging_mixin.py:188} INFO - [2024-04-21T20:03:12.696+0000] {dagbag.py:540} INFO - Filling up the DagBag from /home/airflow/.local/lib/python3.9/site-packages/airflow/example_dags/tutorial_taskflow_api_virtualenv.py
[2024-04-21T20:03:12.707+0000] {processor.py:840} INFO - DAG(s) 'tutorial_taskflow_api_virtualenv' retrieved from /home/airflow/.local/lib/python3.9/site-packages/airflow/example_dags/tutorial_taskflow_api_virtualenv.py
[2024-04-21T20:03:12.776+0000] {logging_mixin.py:188} INFO - [2024-04-21T20:03:12.776+0000] {dag.py:3047} INFO - Sync 1 DAGs
[2024-04-21T20:03:12.791+0000] {logging_mixin.py:188} INFO - [2024-04-21T20:03:12.790+0000] {dag.py:3834} INFO - Setting next_dagrun for tutorial_taskflow_api_virtualenv to None, run_after=None
[2024-04-21T20:03:12.827+0000] {processor.py:183} INFO - Processing /home/airflow/.local/lib/python3.9/site-packages/airflow/example_dags/tutorial_taskflow_api_virtualenv.py took 0.137 seconds
[2024-04-21T20:04:21.806+0000] {processor.py:161} INFO - Started process (PID=348) to work on /home/airflow/.local/lib/python3.9/site-packages/airflow/example_dags/tutorial_taskflow_api_virtualenv.py
[2024-04-21T20:04:21.807+0000] {processor.py:830} INFO - Processing file /home/airflow/.local/lib/python3.9/site-packages/airflow/example_dags/tutorial_taskflow_api_virtualenv.py for tasks to queue
[2024-04-21T20:04:21.809+0000] {logging_mixin.py:188} INFO - [2024-04-21T20:04:21.808+0000] {dagbag.py:540} INFO - Filling up the DagBag from /home/airflow/.local/lib/python3.9/site-packages/airflow/example_dags/tutorial_taskflow_api_virtualenv.py
[2024-04-21T20:04:21.821+0000] {processor.py:840} INFO - DAG(s) 'tutorial_taskflow_api_virtualenv' retrieved from /home/airflow/.local/lib/python3.9/site-packages/airflow/example_dags/tutorial_taskflow_api_virtualenv.py
[2024-04-21T20:04:21.882+0000] {logging_mixin.py:188} INFO - [2024-04-21T20:04:21.881+0000] {dag.py:3047} INFO - Sync 1 DAGs
[2024-04-21T20:04:21.894+0000] {logging_mixin.py:188} INFO - [2024-04-21T20:04:21.894+0000] {dag.py:3834} INFO - Setting next_dagrun for tutorial_taskflow_api_virtualenv to None, run_after=None
[2024-04-21T20:04:21.933+0000] {processor.py:183} INFO - Processing /home/airflow/.local/lib/python3.9/site-packages/airflow/example_dags/tutorial_taskflow_api_virtualenv.py took 0.130 seconds
[2024-04-21T20:04:52.938+0000] {processor.py:161} INFO - Started process (PID=405) to work on /home/airflow/.local/lib/python3.9/site-packages/airflow/example_dags/tutorial_taskflow_api_virtualenv.py
[2024-04-21T20:04:52.940+0000] {processor.py:830} INFO - Processing file /home/airflow/.local/lib/python3.9/site-packages/airflow/example_dags/tutorial_taskflow_api_virtualenv.py for tasks to queue
[2024-04-21T20:04:52.946+0000] {logging_mixin.py:188} INFO - [2024-04-21T20:04:52.945+0000] {dagbag.py:540} INFO - Filling up the DagBag from /home/airflow/.local/lib/python3.9/site-packages/airflow/example_dags/tutorial_taskflow_api_virtualenv.py
[2024-04-21T20:04:52.968+0000] {processor.py:840} INFO - DAG(s) 'tutorial_taskflow_api_virtualenv' retrieved from /home/airflow/.local/lib/python3.9/site-packages/airflow/example_dags/tutorial_taskflow_api_virtualenv.py
[2024-04-21T20:04:53.063+0000] {logging_mixin.py:188} INFO - [2024-04-21T20:04:53.063+0000] {dag.py:3047} INFO - Sync 1 DAGs
[2024-04-21T20:04:53.081+0000] {logging_mixin.py:188} INFO - [2024-04-21T20:04:53.080+0000] {dag.py:3834} INFO - Setting next_dagrun for tutorial_taskflow_api_virtualenv to None, run_after=None
[2024-04-21T20:04:53.128+0000] {processor.py:183} INFO - Processing /home/airflow/.local/lib/python3.9/site-packages/airflow/example_dags/tutorial_taskflow_api_virtualenv.py took 0.194 seconds
[2024-04-21T20:05:23.438+0000] {processor.py:161} INFO - Started process (PID=463) to work on /home/airflow/.local/lib/python3.9/site-packages/airflow/example_dags/tutorial_taskflow_api_virtualenv.py
[2024-04-21T20:05:23.440+0000] {processor.py:830} INFO - Processing file /home/airflow/.local/lib/python3.9/site-packages/airflow/example_dags/tutorial_taskflow_api_virtualenv.py for tasks to queue
[2024-04-21T20:05:23.443+0000] {logging_mixin.py:188} INFO - [2024-04-21T20:05:23.443+0000] {dagbag.py:540} INFO - Filling up the DagBag from /home/airflow/.local/lib/python3.9/site-packages/airflow/example_dags/tutorial_taskflow_api_virtualenv.py
[2024-04-21T20:05:23.464+0000] {processor.py:840} INFO - DAG(s) 'tutorial_taskflow_api_virtualenv' retrieved from /home/airflow/.local/lib/python3.9/site-packages/airflow/example_dags/tutorial_taskflow_api_virtualenv.py
[2024-04-21T20:05:23.563+0000] {logging_mixin.py:188} INFO - [2024-04-21T20:05:23.562+0000] {dag.py:3047} INFO - Sync 1 DAGs
[2024-04-21T20:05:23.594+0000] {logging_mixin.py:188} INFO - [2024-04-21T20:05:23.593+0000] {dag.py:3834} INFO - Setting next_dagrun for tutorial_taskflow_api_virtualenv to None, run_after=None
[2024-04-21T20:05:23.644+0000] {processor.py:183} INFO - Processing /home/airflow/.local/lib/python3.9/site-packages/airflow/example_dags/tutorial_taskflow_api_virtualenv.py took 0.211 seconds
[2024-04-21T20:05:54.948+0000] {processor.py:161} INFO - Started process (PID=519) to work on /home/airflow/.local/lib/python3.9/site-packages/airflow/example_dags/tutorial_taskflow_api_virtualenv.py
[2024-04-21T20:05:54.950+0000] {processor.py:830} INFO - Processing file /home/airflow/.local/lib/python3.9/site-packages/airflow/example_dags/tutorial_taskflow_api_virtualenv.py for tasks to queue
[2024-04-21T20:05:54.952+0000] {logging_mixin.py:188} INFO - [2024-04-21T20:05:54.951+0000] {dagbag.py:540} INFO - Filling up the DagBag from /home/airflow/.local/lib/python3.9/site-packages/airflow/example_dags/tutorial_taskflow_api_virtualenv.py
[2024-04-21T20:05:54.970+0000] {processor.py:840} INFO - DAG(s) 'tutorial_taskflow_api_virtualenv' retrieved from /home/airflow/.local/lib/python3.9/site-packages/airflow/example_dags/tutorial_taskflow_api_virtualenv.py
[2024-04-21T20:05:55.080+0000] {logging_mixin.py:188} INFO - [2024-04-21T20:05:55.080+0000] {dag.py:3047} INFO - Sync 1 DAGs
[2024-04-21T20:05:55.103+0000] {logging_mixin.py:188} INFO - [2024-04-21T20:05:55.102+0000] {dag.py:3834} INFO - Setting next_dagrun for tutorial_taskflow_api_virtualenv to None, run_after=None
[2024-04-21T20:05:55.162+0000] {processor.py:183} INFO - Processing /home/airflow/.local/lib/python3.9/site-packages/airflow/example_dags/tutorial_taskflow_api_virtualenv.py took 0.218 seconds
[2024-04-21T20:06:49.107+0000] {processor.py:161} INFO - Started process (PID=582) to work on /home/airflow/.local/lib/python3.9/site-packages/airflow/example_dags/tutorial_taskflow_api_virtualenv.py
[2024-04-21T20:06:49.109+0000] {processor.py:830} INFO - Processing file /home/airflow/.local/lib/python3.9/site-packages/airflow/example_dags/tutorial_taskflow_api_virtualenv.py for tasks to queue
[2024-04-21T20:06:49.110+0000] {logging_mixin.py:188} INFO - [2024-04-21T20:06:49.110+0000] {dagbag.py:540} INFO - Filling up the DagBag from /home/airflow/.local/lib/python3.9/site-packages/airflow/example_dags/tutorial_taskflow_api_virtualenv.py
[2024-04-21T20:06:49.121+0000] {processor.py:840} INFO - DAG(s) 'tutorial_taskflow_api_virtualenv' retrieved from /home/airflow/.local/lib/python3.9/site-packages/airflow/example_dags/tutorial_taskflow_api_virtualenv.py
[2024-04-21T20:06:49.179+0000] {logging_mixin.py:188} INFO - [2024-04-21T20:06:49.178+0000] {dag.py:3047} INFO - Sync 1 DAGs
[2024-04-21T20:06:49.192+0000] {logging_mixin.py:188} INFO - [2024-04-21T20:06:49.192+0000] {dag.py:3834} INFO - Setting next_dagrun for tutorial_taskflow_api_virtualenv to None, run_after=None
[2024-04-21T20:06:49.227+0000] {processor.py:183} INFO - Processing /home/airflow/.local/lib/python3.9/site-packages/airflow/example_dags/tutorial_taskflow_api_virtualenv.py took 0.126 seconds
[2024-04-21T20:07:20.058+0000] {processor.py:161} INFO - Started process (PID=640) to work on /home/airflow/.local/lib/python3.9/site-packages/airflow/example_dags/tutorial_taskflow_api_virtualenv.py
[2024-04-21T20:07:20.059+0000] {processor.py:830} INFO - Processing file /home/airflow/.local/lib/python3.9/site-packages/airflow/example_dags/tutorial_taskflow_api_virtualenv.py for tasks to queue
[2024-04-21T20:07:20.061+0000] {logging_mixin.py:188} INFO - [2024-04-21T20:07:20.061+0000] {dagbag.py:540} INFO - Filling up the DagBag from /home/airflow/.local/lib/python3.9/site-packages/airflow/example_dags/tutorial_taskflow_api_virtualenv.py
[2024-04-21T20:07:20.080+0000] {processor.py:840} INFO - DAG(s) 'tutorial_taskflow_api_virtualenv' retrieved from /home/airflow/.local/lib/python3.9/site-packages/airflow/example_dags/tutorial_taskflow_api_virtualenv.py
[2024-04-21T20:07:20.209+0000] {logging_mixin.py:188} INFO - [2024-04-21T20:07:20.209+0000] {dag.py:3047} INFO - Sync 1 DAGs
[2024-04-21T20:07:20.232+0000] {logging_mixin.py:188} INFO - [2024-04-21T20:07:20.232+0000] {dag.py:3834} INFO - Setting next_dagrun for tutorial_taskflow_api_virtualenv to None, run_after=None
[2024-04-21T20:07:20.284+0000] {processor.py:183} INFO - Processing /home/airflow/.local/lib/python3.9/site-packages/airflow/example_dags/tutorial_taskflow_api_virtualenv.py took 0.230 seconds
[2024-04-21T20:07:51.219+0000] {processor.py:161} INFO - Started process (PID=697) to work on /home/airflow/.local/lib/python3.9/site-packages/airflow/example_dags/tutorial_taskflow_api_virtualenv.py
[2024-04-21T20:07:51.221+0000] {processor.py:830} INFO - Processing file /home/airflow/.local/lib/python3.9/site-packages/airflow/example_dags/tutorial_taskflow_api_virtualenv.py for tasks to queue
[2024-04-21T20:07:51.223+0000] {logging_mixin.py:188} INFO - [2024-04-21T20:07:51.222+0000] {dagbag.py:540} INFO - Filling up the DagBag from /home/airflow/.local/lib/python3.9/site-packages/airflow/example_dags/tutorial_taskflow_api_virtualenv.py
[2024-04-21T20:07:51.239+0000] {processor.py:840} INFO - DAG(s) 'tutorial_taskflow_api_virtualenv' retrieved from /home/airflow/.local/lib/python3.9/site-packages/airflow/example_dags/tutorial_taskflow_api_virtualenv.py
[2024-04-21T20:07:51.353+0000] {logging_mixin.py:188} INFO - [2024-04-21T20:07:51.353+0000] {dag.py:3047} INFO - Sync 1 DAGs
[2024-04-21T20:07:51.386+0000] {logging_mixin.py:188} INFO - [2024-04-21T20:07:51.385+0000] {dag.py:3834} INFO - Setting next_dagrun for tutorial_taskflow_api_virtualenv to None, run_after=None
[2024-04-21T20:07:51.452+0000] {processor.py:183} INFO - Processing /home/airflow/.local/lib/python3.9/site-packages/airflow/example_dags/tutorial_taskflow_api_virtualenv.py took 0.238 seconds
[2024-04-21T20:08:23.427+0000] {processor.py:161} INFO - Started process (PID=753) to work on /home/airflow/.local/lib/python3.9/site-packages/airflow/example_dags/tutorial_taskflow_api_virtualenv.py
[2024-04-21T20:08:23.428+0000] {processor.py:830} INFO - Processing file /home/airflow/.local/lib/python3.9/site-packages/airflow/example_dags/tutorial_taskflow_api_virtualenv.py for tasks to queue
[2024-04-21T20:08:23.430+0000] {logging_mixin.py:188} INFO - [2024-04-21T20:08:23.429+0000] {dagbag.py:540} INFO - Filling up the DagBag from /home/airflow/.local/lib/python3.9/site-packages/airflow/example_dags/tutorial_taskflow_api_virtualenv.py
[2024-04-21T20:08:23.443+0000] {processor.py:840} INFO - DAG(s) 'tutorial_taskflow_api_virtualenv' retrieved from /home/airflow/.local/lib/python3.9/site-packages/airflow/example_dags/tutorial_taskflow_api_virtualenv.py
[2024-04-21T20:08:23.519+0000] {logging_mixin.py:188} INFO - [2024-04-21T20:08:23.519+0000] {dag.py:3047} INFO - Sync 1 DAGs
[2024-04-21T20:08:23.535+0000] {logging_mixin.py:188} INFO - [2024-04-21T20:08:23.534+0000] {dag.py:3834} INFO - Setting next_dagrun for tutorial_taskflow_api_virtualenv to None, run_after=None
[2024-04-21T20:08:23.571+0000] {processor.py:183} INFO - Processing /home/airflow/.local/lib/python3.9/site-packages/airflow/example_dags/tutorial_taskflow_api_virtualenv.py took 0.148 seconds
[2024-04-21T20:10:05.834+0000] {processor.py:161} INFO - Started process (PID=824) to work on /home/airflow/.local/lib/python3.9/site-packages/airflow/example_dags/tutorial_taskflow_api_virtualenv.py
[2024-04-21T20:10:05.836+0000] {processor.py:830} INFO - Processing file /home/airflow/.local/lib/python3.9/site-packages/airflow/example_dags/tutorial_taskflow_api_virtualenv.py for tasks to queue
[2024-04-21T20:10:05.837+0000] {logging_mixin.py:188} INFO - [2024-04-21T20:10:05.837+0000] {dagbag.py:540} INFO - Filling up the DagBag from /home/airflow/.local/lib/python3.9/site-packages/airflow/example_dags/tutorial_taskflow_api_virtualenv.py
[2024-04-21T20:10:05.849+0000] {processor.py:840} INFO - DAG(s) 'tutorial_taskflow_api_virtualenv' retrieved from /home/airflow/.local/lib/python3.9/site-packages/airflow/example_dags/tutorial_taskflow_api_virtualenv.py
[2024-04-21T20:10:05.908+0000] {logging_mixin.py:188} INFO - [2024-04-21T20:10:05.908+0000] {dag.py:3047} INFO - Sync 1 DAGs
[2024-04-21T20:10:05.921+0000] {logging_mixin.py:188} INFO - [2024-04-21T20:10:05.920+0000] {dag.py:3834} INFO - Setting next_dagrun for tutorial_taskflow_api_virtualenv to None, run_after=None
[2024-04-21T20:10:05.962+0000] {processor.py:183} INFO - Processing /home/airflow/.local/lib/python3.9/site-packages/airflow/example_dags/tutorial_taskflow_api_virtualenv.py took 0.131 seconds
[2024-04-21T20:10:36.963+0000] {processor.py:161} INFO - Started process (PID=881) to work on /home/airflow/.local/lib/python3.9/site-packages/airflow/example_dags/tutorial_taskflow_api_virtualenv.py
[2024-04-21T20:10:36.965+0000] {processor.py:830} INFO - Processing file /home/airflow/.local/lib/python3.9/site-packages/airflow/example_dags/tutorial_taskflow_api_virtualenv.py for tasks to queue
[2024-04-21T20:10:36.966+0000] {logging_mixin.py:188} INFO - [2024-04-21T20:10:36.966+0000] {dagbag.py:540} INFO - Filling up the DagBag from /home/airflow/.local/lib/python3.9/site-packages/airflow/example_dags/tutorial_taskflow_api_virtualenv.py
[2024-04-21T20:10:36.979+0000] {processor.py:840} INFO - DAG(s) 'tutorial_taskflow_api_virtualenv' retrieved from /home/airflow/.local/lib/python3.9/site-packages/airflow/example_dags/tutorial_taskflow_api_virtualenv.py
[2024-04-21T20:10:37.044+0000] {logging_mixin.py:188} INFO - [2024-04-21T20:10:37.043+0000] {dag.py:3047} INFO - Sync 1 DAGs
[2024-04-21T20:10:37.059+0000] {logging_mixin.py:188} INFO - [2024-04-21T20:10:37.058+0000] {dag.py:3834} INFO - Setting next_dagrun for tutorial_taskflow_api_virtualenv to None, run_after=None
[2024-04-21T20:10:37.100+0000] {processor.py:183} INFO - Processing /home/airflow/.local/lib/python3.9/site-packages/airflow/example_dags/tutorial_taskflow_api_virtualenv.py took 0.140 seconds
[2024-04-21T20:11:07.473+0000] {processor.py:161} INFO - Started process (PID=940) to work on /home/airflow/.local/lib/python3.9/site-packages/airflow/example_dags/tutorial_taskflow_api_virtualenv.py
[2024-04-21T20:11:07.474+0000] {processor.py:830} INFO - Processing file /home/airflow/.local/lib/python3.9/site-packages/airflow/example_dags/tutorial_taskflow_api_virtualenv.py for tasks to queue
[2024-04-21T20:11:07.476+0000] {logging_mixin.py:188} INFO - [2024-04-21T20:11:07.475+0000] {dagbag.py:540} INFO - Filling up the DagBag from /home/airflow/.local/lib/python3.9/site-packages/airflow/example_dags/tutorial_taskflow_api_virtualenv.py
[2024-04-21T20:11:07.486+0000] {processor.py:840} INFO - DAG(s) 'tutorial_taskflow_api_virtualenv' retrieved from /home/airflow/.local/lib/python3.9/site-packages/airflow/example_dags/tutorial_taskflow_api_virtualenv.py
[2024-04-21T20:11:07.546+0000] {logging_mixin.py:188} INFO - [2024-04-21T20:11:07.545+0000] {dag.py:3047} INFO - Sync 1 DAGs
[2024-04-21T20:11:07.558+0000] {logging_mixin.py:188} INFO - [2024-04-21T20:11:07.558+0000] {dag.py:3834} INFO - Setting next_dagrun for tutorial_taskflow_api_virtualenv to None, run_after=None
[2024-04-21T20:11:07.592+0000] {processor.py:183} INFO - Processing /home/airflow/.local/lib/python3.9/site-packages/airflow/example_dags/tutorial_taskflow_api_virtualenv.py took 0.122 seconds
[2024-04-21T20:14:23.977+0000] {processor.py:161} INFO - Started process (PID=68) to work on /home/airflow/.local/lib/python3.9/site-packages/airflow/example_dags/tutorial_taskflow_api_virtualenv.py
[2024-04-21T20:14:23.979+0000] {processor.py:830} INFO - Processing file /home/airflow/.local/lib/python3.9/site-packages/airflow/example_dags/tutorial_taskflow_api_virtualenv.py for tasks to queue
[2024-04-21T20:14:23.981+0000] {logging_mixin.py:188} INFO - [2024-04-21T20:14:23.981+0000] {dagbag.py:540} INFO - Filling up the DagBag from /home/airflow/.local/lib/python3.9/site-packages/airflow/example_dags/tutorial_taskflow_api_virtualenv.py
[2024-04-21T20:14:23.994+0000] {processor.py:840} INFO - DAG(s) 'tutorial_taskflow_api_virtualenv' retrieved from /home/airflow/.local/lib/python3.9/site-packages/airflow/example_dags/tutorial_taskflow_api_virtualenv.py
[2024-04-21T20:14:24.178+0000] {logging_mixin.py:188} INFO - [2024-04-21T20:14:24.178+0000] {dag.py:3047} INFO - Sync 1 DAGs
[2024-04-21T20:14:24.192+0000] {logging_mixin.py:188} INFO - [2024-04-21T20:14:24.191+0000] {dag.py:3834} INFO - Setting next_dagrun for tutorial_taskflow_api_virtualenv to None, run_after=None
[2024-04-21T20:14:24.230+0000] {processor.py:183} INFO - Processing /home/airflow/.local/lib/python3.9/site-packages/airflow/example_dags/tutorial_taskflow_api_virtualenv.py took 0.257 seconds
[2024-04-21T20:14:54.286+0000] {processor.py:161} INFO - Started process (PID=126) to work on /home/airflow/.local/lib/python3.9/site-packages/airflow/example_dags/tutorial_taskflow_api_virtualenv.py
[2024-04-21T20:14:54.287+0000] {processor.py:830} INFO - Processing file /home/airflow/.local/lib/python3.9/site-packages/airflow/example_dags/tutorial_taskflow_api_virtualenv.py for tasks to queue
[2024-04-21T20:14:54.289+0000] {logging_mixin.py:188} INFO - [2024-04-21T20:14:54.289+0000] {dagbag.py:540} INFO - Filling up the DagBag from /home/airflow/.local/lib/python3.9/site-packages/airflow/example_dags/tutorial_taskflow_api_virtualenv.py
[2024-04-21T20:14:54.299+0000] {processor.py:840} INFO - DAG(s) 'tutorial_taskflow_api_virtualenv' retrieved from /home/airflow/.local/lib/python3.9/site-packages/airflow/example_dags/tutorial_taskflow_api_virtualenv.py
[2024-04-21T20:14:54.357+0000] {logging_mixin.py:188} INFO - [2024-04-21T20:14:54.356+0000] {dag.py:3047} INFO - Sync 1 DAGs
[2024-04-21T20:14:54.368+0000] {logging_mixin.py:188} INFO - [2024-04-21T20:14:54.368+0000] {dag.py:3834} INFO - Setting next_dagrun for tutorial_taskflow_api_virtualenv to None, run_after=None
[2024-04-21T20:14:54.401+0000] {processor.py:183} INFO - Processing /home/airflow/.local/lib/python3.9/site-packages/airflow/example_dags/tutorial_taskflow_api_virtualenv.py took 0.118 seconds
[2024-04-21T20:15:24.800+0000] {processor.py:161} INFO - Started process (PID=183) to work on /home/airflow/.local/lib/python3.9/site-packages/airflow/example_dags/tutorial_taskflow_api_virtualenv.py
[2024-04-21T20:15:24.801+0000] {processor.py:830} INFO - Processing file /home/airflow/.local/lib/python3.9/site-packages/airflow/example_dags/tutorial_taskflow_api_virtualenv.py for tasks to queue
[2024-04-21T20:15:24.803+0000] {logging_mixin.py:188} INFO - [2024-04-21T20:15:24.803+0000] {dagbag.py:540} INFO - Filling up the DagBag from /home/airflow/.local/lib/python3.9/site-packages/airflow/example_dags/tutorial_taskflow_api_virtualenv.py
[2024-04-21T20:15:24.816+0000] {processor.py:840} INFO - DAG(s) 'tutorial_taskflow_api_virtualenv' retrieved from /home/airflow/.local/lib/python3.9/site-packages/airflow/example_dags/tutorial_taskflow_api_virtualenv.py
[2024-04-21T20:15:24.882+0000] {logging_mixin.py:188} INFO - [2024-04-21T20:15:24.882+0000] {dag.py:3047} INFO - Sync 1 DAGs
[2024-04-21T20:15:24.899+0000] {logging_mixin.py:188} INFO - [2024-04-21T20:15:24.899+0000] {dag.py:3834} INFO - Setting next_dagrun for tutorial_taskflow_api_virtualenv to None, run_after=None
[2024-04-21T20:15:24.941+0000] {processor.py:183} INFO - Processing /home/airflow/.local/lib/python3.9/site-packages/airflow/example_dags/tutorial_taskflow_api_virtualenv.py took 0.145 seconds
[2024-04-21T20:16:18.544+0000] {processor.py:161} INFO - Started process (PID=68) to work on /home/airflow/.local/lib/python3.9/site-packages/airflow/example_dags/tutorial_taskflow_api_virtualenv.py
[2024-04-21T20:16:18.545+0000] {processor.py:830} INFO - Processing file /home/airflow/.local/lib/python3.9/site-packages/airflow/example_dags/tutorial_taskflow_api_virtualenv.py for tasks to queue
[2024-04-21T20:16:18.547+0000] {logging_mixin.py:188} INFO - [2024-04-21T20:16:18.547+0000] {dagbag.py:540} INFO - Filling up the DagBag from /home/airflow/.local/lib/python3.9/site-packages/airflow/example_dags/tutorial_taskflow_api_virtualenv.py
[2024-04-21T20:16:18.560+0000] {processor.py:840} INFO - DAG(s) 'tutorial_taskflow_api_virtualenv' retrieved from /home/airflow/.local/lib/python3.9/site-packages/airflow/example_dags/tutorial_taskflow_api_virtualenv.py
[2024-04-21T20:16:18.721+0000] {logging_mixin.py:188} INFO - [2024-04-21T20:16:18.720+0000] {dag.py:3047} INFO - Sync 1 DAGs
[2024-04-21T20:16:18.735+0000] {logging_mixin.py:188} INFO - [2024-04-21T20:16:18.735+0000] {dag.py:3834} INFO - Setting next_dagrun for tutorial_taskflow_api_virtualenv to None, run_after=None
[2024-04-21T20:16:18.787+0000] {processor.py:183} INFO - Processing /home/airflow/.local/lib/python3.9/site-packages/airflow/example_dags/tutorial_taskflow_api_virtualenv.py took 0.246 seconds
[2024-04-21T20:16:49.228+0000] {processor.py:161} INFO - Started process (PID=125) to work on /home/airflow/.local/lib/python3.9/site-packages/airflow/example_dags/tutorial_taskflow_api_virtualenv.py
[2024-04-21T20:16:49.230+0000] {processor.py:830} INFO - Processing file /home/airflow/.local/lib/python3.9/site-packages/airflow/example_dags/tutorial_taskflow_api_virtualenv.py for tasks to queue
[2024-04-21T20:16:49.232+0000] {logging_mixin.py:188} INFO - [2024-04-21T20:16:49.232+0000] {dagbag.py:540} INFO - Filling up the DagBag from /home/airflow/.local/lib/python3.9/site-packages/airflow/example_dags/tutorial_taskflow_api_virtualenv.py
[2024-04-21T20:16:49.243+0000] {processor.py:840} INFO - DAG(s) 'tutorial_taskflow_api_virtualenv' retrieved from /home/airflow/.local/lib/python3.9/site-packages/airflow/example_dags/tutorial_taskflow_api_virtualenv.py
[2024-04-21T20:16:49.297+0000] {logging_mixin.py:188} INFO - [2024-04-21T20:16:49.296+0000] {dag.py:3047} INFO - Sync 1 DAGs
[2024-04-21T20:16:49.309+0000] {logging_mixin.py:188} INFO - [2024-04-21T20:16:49.309+0000] {dag.py:3834} INFO - Setting next_dagrun for tutorial_taskflow_api_virtualenv to None, run_after=None
[2024-04-21T20:16:49.343+0000] {processor.py:183} INFO - Processing /home/airflow/.local/lib/python3.9/site-packages/airflow/example_dags/tutorial_taskflow_api_virtualenv.py took 0.117 seconds
[2024-04-21T20:17:19.633+0000] {processor.py:161} INFO - Started process (PID=182) to work on /home/airflow/.local/lib/python3.9/site-packages/airflow/example_dags/tutorial_taskflow_api_virtualenv.py
[2024-04-21T20:17:19.634+0000] {processor.py:830} INFO - Processing file /home/airflow/.local/lib/python3.9/site-packages/airflow/example_dags/tutorial_taskflow_api_virtualenv.py for tasks to queue
[2024-04-21T20:17:19.637+0000] {logging_mixin.py:188} INFO - [2024-04-21T20:17:19.636+0000] {dagbag.py:540} INFO - Filling up the DagBag from /home/airflow/.local/lib/python3.9/site-packages/airflow/example_dags/tutorial_taskflow_api_virtualenv.py
[2024-04-21T20:17:19.647+0000] {processor.py:840} INFO - DAG(s) 'tutorial_taskflow_api_virtualenv' retrieved from /home/airflow/.local/lib/python3.9/site-packages/airflow/example_dags/tutorial_taskflow_api_virtualenv.py
[2024-04-21T20:17:19.702+0000] {logging_mixin.py:188} INFO - [2024-04-21T20:17:19.702+0000] {dag.py:3047} INFO - Sync 1 DAGs
[2024-04-21T20:17:19.717+0000] {logging_mixin.py:188} INFO - [2024-04-21T20:17:19.717+0000] {dag.py:3834} INFO - Setting next_dagrun for tutorial_taskflow_api_virtualenv to None, run_after=None
[2024-04-21T20:17:19.756+0000] {processor.py:183} INFO - Processing /home/airflow/.local/lib/python3.9/site-packages/airflow/example_dags/tutorial_taskflow_api_virtualenv.py took 0.126 seconds
[2024-04-21T20:17:50.241+0000] {processor.py:161} INFO - Started process (PID=239) to work on /home/airflow/.local/lib/python3.9/site-packages/airflow/example_dags/tutorial_taskflow_api_virtualenv.py
[2024-04-21T20:17:50.242+0000] {processor.py:830} INFO - Processing file /home/airflow/.local/lib/python3.9/site-packages/airflow/example_dags/tutorial_taskflow_api_virtualenv.py for tasks to queue
[2024-04-21T20:17:50.244+0000] {logging_mixin.py:188} INFO - [2024-04-21T20:17:50.244+0000] {dagbag.py:540} INFO - Filling up the DagBag from /home/airflow/.local/lib/python3.9/site-packages/airflow/example_dags/tutorial_taskflow_api_virtualenv.py
[2024-04-21T20:17:50.253+0000] {processor.py:840} INFO - DAG(s) 'tutorial_taskflow_api_virtualenv' retrieved from /home/airflow/.local/lib/python3.9/site-packages/airflow/example_dags/tutorial_taskflow_api_virtualenv.py
[2024-04-21T20:17:50.310+0000] {logging_mixin.py:188} INFO - [2024-04-21T20:17:50.310+0000] {dag.py:3047} INFO - Sync 1 DAGs
[2024-04-21T20:17:50.327+0000] {logging_mixin.py:188} INFO - [2024-04-21T20:17:50.327+0000] {dag.py:3834} INFO - Setting next_dagrun for tutorial_taskflow_api_virtualenv to None, run_after=None
[2024-04-21T20:17:50.376+0000] {processor.py:183} INFO - Processing /home/airflow/.local/lib/python3.9/site-packages/airflow/example_dags/tutorial_taskflow_api_virtualenv.py took 0.138 seconds
[2024-04-21T20:18:21.191+0000] {processor.py:161} INFO - Started process (PID=296) to work on /home/airflow/.local/lib/python3.9/site-packages/airflow/example_dags/tutorial_taskflow_api_virtualenv.py
[2024-04-21T20:18:21.192+0000] {processor.py:830} INFO - Processing file /home/airflow/.local/lib/python3.9/site-packages/airflow/example_dags/tutorial_taskflow_api_virtualenv.py for tasks to queue
[2024-04-21T20:18:21.194+0000] {logging_mixin.py:188} INFO - [2024-04-21T20:18:21.193+0000] {dagbag.py:540} INFO - Filling up the DagBag from /home/airflow/.local/lib/python3.9/site-packages/airflow/example_dags/tutorial_taskflow_api_virtualenv.py
[2024-04-21T20:18:21.206+0000] {processor.py:840} INFO - DAG(s) 'tutorial_taskflow_api_virtualenv' retrieved from /home/airflow/.local/lib/python3.9/site-packages/airflow/example_dags/tutorial_taskflow_api_virtualenv.py
[2024-04-21T20:18:21.269+0000] {logging_mixin.py:188} INFO - [2024-04-21T20:18:21.269+0000] {dag.py:3047} INFO - Sync 1 DAGs
[2024-04-21T20:18:21.284+0000] {logging_mixin.py:188} INFO - [2024-04-21T20:18:21.284+0000] {dag.py:3834} INFO - Setting next_dagrun for tutorial_taskflow_api_virtualenv to None, run_after=None
[2024-04-21T20:18:21.321+0000] {processor.py:183} INFO - Processing /home/airflow/.local/lib/python3.9/site-packages/airflow/example_dags/tutorial_taskflow_api_virtualenv.py took 0.134 seconds
[2024-04-21T20:18:53.046+0000] {processor.py:161} INFO - Started process (PID=353) to work on /home/airflow/.local/lib/python3.9/site-packages/airflow/example_dags/tutorial_taskflow_api_virtualenv.py
[2024-04-21T20:18:53.048+0000] {processor.py:830} INFO - Processing file /home/airflow/.local/lib/python3.9/site-packages/airflow/example_dags/tutorial_taskflow_api_virtualenv.py for tasks to queue
[2024-04-21T20:18:53.050+0000] {logging_mixin.py:188} INFO - [2024-04-21T20:18:53.049+0000] {dagbag.py:540} INFO - Filling up the DagBag from /home/airflow/.local/lib/python3.9/site-packages/airflow/example_dags/tutorial_taskflow_api_virtualenv.py
[2024-04-21T20:18:53.060+0000] {processor.py:840} INFO - DAG(s) 'tutorial_taskflow_api_virtualenv' retrieved from /home/airflow/.local/lib/python3.9/site-packages/airflow/example_dags/tutorial_taskflow_api_virtualenv.py
[2024-04-21T20:18:53.117+0000] {logging_mixin.py:188} INFO - [2024-04-21T20:18:53.117+0000] {dag.py:3047} INFO - Sync 1 DAGs
[2024-04-21T20:18:53.130+0000] {logging_mixin.py:188} INFO - [2024-04-21T20:18:53.130+0000] {dag.py:3834} INFO - Setting next_dagrun for tutorial_taskflow_api_virtualenv to None, run_after=None
[2024-04-21T20:18:53.168+0000] {processor.py:183} INFO - Processing /home/airflow/.local/lib/python3.9/site-packages/airflow/example_dags/tutorial_taskflow_api_virtualenv.py took 0.124 seconds
[2024-04-21T20:32:56.374+0000] {processor.py:161} INFO - Started process (PID=70) to work on /home/airflow/.local/lib/python3.9/site-packages/airflow/example_dags/tutorial_taskflow_api_virtualenv.py
[2024-04-21T20:32:56.375+0000] {processor.py:830} INFO - Processing file /home/airflow/.local/lib/python3.9/site-packages/airflow/example_dags/tutorial_taskflow_api_virtualenv.py for tasks to queue
[2024-04-21T20:32:56.377+0000] {logging_mixin.py:188} INFO - [2024-04-21T20:32:56.377+0000] {dagbag.py:540} INFO - Filling up the DagBag from /home/airflow/.local/lib/python3.9/site-packages/airflow/example_dags/tutorial_taskflow_api_virtualenv.py
[2024-04-21T20:32:56.388+0000] {processor.py:840} INFO - DAG(s) 'tutorial_taskflow_api_virtualenv' retrieved from /home/airflow/.local/lib/python3.9/site-packages/airflow/example_dags/tutorial_taskflow_api_virtualenv.py
[2024-04-21T20:32:56.636+0000] {logging_mixin.py:188} INFO - [2024-04-21T20:32:56.635+0000] {dag.py:3047} INFO - Sync 1 DAGs
[2024-04-21T20:32:56.663+0000] {logging_mixin.py:188} INFO - [2024-04-21T20:32:56.662+0000] {dag.py:3834} INFO - Setting next_dagrun for tutorial_taskflow_api_virtualenv to None, run_after=None
[2024-04-21T20:32:56.729+0000] {processor.py:183} INFO - Processing /home/airflow/.local/lib/python3.9/site-packages/airflow/example_dags/tutorial_taskflow_api_virtualenv.py took 0.358 seconds
[2024-04-21T20:33:24.234+0000] {processor.py:161} INFO - Started process (PID=68) to work on /home/airflow/.local/lib/python3.9/site-packages/airflow/example_dags/tutorial_taskflow_api_virtualenv.py
[2024-04-21T20:33:24.235+0000] {processor.py:830} INFO - Processing file /home/airflow/.local/lib/python3.9/site-packages/airflow/example_dags/tutorial_taskflow_api_virtualenv.py for tasks to queue
[2024-04-21T20:33:24.238+0000] {logging_mixin.py:188} INFO - [2024-04-21T20:33:24.237+0000] {dagbag.py:540} INFO - Filling up the DagBag from /home/airflow/.local/lib/python3.9/site-packages/airflow/example_dags/tutorial_taskflow_api_virtualenv.py
[2024-04-21T20:33:24.248+0000] {processor.py:840} INFO - DAG(s) 'tutorial_taskflow_api_virtualenv' retrieved from /home/airflow/.local/lib/python3.9/site-packages/airflow/example_dags/tutorial_taskflow_api_virtualenv.py
[2024-04-21T20:33:24.301+0000] {logging_mixin.py:188} INFO - [2024-04-21T20:33:24.301+0000] {dag.py:3047} INFO - Sync 1 DAGs
[2024-04-21T20:33:24.320+0000] {logging_mixin.py:188} INFO - [2024-04-21T20:33:24.319+0000] {dag.py:3834} INFO - Setting next_dagrun for tutorial_taskflow_api_virtualenv to None, run_after=None
[2024-04-21T20:33:24.354+0000] {processor.py:183} INFO - Processing /home/airflow/.local/lib/python3.9/site-packages/airflow/example_dags/tutorial_taskflow_api_virtualenv.py took 0.123 seconds
[2024-04-21T20:33:55.169+0000] {processor.py:161} INFO - Started process (PID=125) to work on /home/airflow/.local/lib/python3.9/site-packages/airflow/example_dags/tutorial_taskflow_api_virtualenv.py
[2024-04-21T20:33:55.170+0000] {processor.py:830} INFO - Processing file /home/airflow/.local/lib/python3.9/site-packages/airflow/example_dags/tutorial_taskflow_api_virtualenv.py for tasks to queue
[2024-04-21T20:33:55.173+0000] {logging_mixin.py:188} INFO - [2024-04-21T20:33:55.173+0000] {dagbag.py:540} INFO - Filling up the DagBag from /home/airflow/.local/lib/python3.9/site-packages/airflow/example_dags/tutorial_taskflow_api_virtualenv.py
[2024-04-21T20:33:55.184+0000] {processor.py:840} INFO - DAG(s) 'tutorial_taskflow_api_virtualenv' retrieved from /home/airflow/.local/lib/python3.9/site-packages/airflow/example_dags/tutorial_taskflow_api_virtualenv.py
[2024-04-21T20:33:55.359+0000] {logging_mixin.py:188} INFO - [2024-04-21T20:33:55.358+0000] {dag.py:3047} INFO - Sync 1 DAGs
[2024-04-21T20:33:55.370+0000] {logging_mixin.py:188} INFO - [2024-04-21T20:33:55.369+0000] {dag.py:3834} INFO - Setting next_dagrun for tutorial_taskflow_api_virtualenv to None, run_after=None
[2024-04-21T20:33:55.408+0000] {processor.py:183} INFO - Processing /home/airflow/.local/lib/python3.9/site-packages/airflow/example_dags/tutorial_taskflow_api_virtualenv.py took 0.242 seconds
[2024-04-21T20:34:31.834+0000] {processor.py:161} INFO - Started process (PID=68) to work on /home/airflow/.local/lib/python3.9/site-packages/airflow/example_dags/tutorial_taskflow_api_virtualenv.py
[2024-04-21T20:34:31.835+0000] {processor.py:830} INFO - Processing file /home/airflow/.local/lib/python3.9/site-packages/airflow/example_dags/tutorial_taskflow_api_virtualenv.py for tasks to queue
[2024-04-21T20:34:31.838+0000] {logging_mixin.py:188} INFO - [2024-04-21T20:34:31.838+0000] {dagbag.py:540} INFO - Filling up the DagBag from /home/airflow/.local/lib/python3.9/site-packages/airflow/example_dags/tutorial_taskflow_api_virtualenv.py
[2024-04-21T20:34:31.850+0000] {processor.py:840} INFO - DAG(s) 'tutorial_taskflow_api_virtualenv' retrieved from /home/airflow/.local/lib/python3.9/site-packages/airflow/example_dags/tutorial_taskflow_api_virtualenv.py
[2024-04-21T20:34:32.010+0000] {logging_mixin.py:188} INFO - [2024-04-21T20:34:32.010+0000] {dag.py:3047} INFO - Sync 1 DAGs
[2024-04-21T20:34:32.023+0000] {logging_mixin.py:188} INFO - [2024-04-21T20:34:32.023+0000] {dag.py:3834} INFO - Setting next_dagrun for tutorial_taskflow_api_virtualenv to None, run_after=None
[2024-04-21T20:34:32.066+0000] {processor.py:183} INFO - Processing /home/airflow/.local/lib/python3.9/site-packages/airflow/example_dags/tutorial_taskflow_api_virtualenv.py took 0.235 seconds
[2024-04-21T20:35:02.916+0000] {processor.py:161} INFO - Started process (PID=125) to work on /home/airflow/.local/lib/python3.9/site-packages/airflow/example_dags/tutorial_taskflow_api_virtualenv.py
[2024-04-21T20:35:02.918+0000] {processor.py:830} INFO - Processing file /home/airflow/.local/lib/python3.9/site-packages/airflow/example_dags/tutorial_taskflow_api_virtualenv.py for tasks to queue
[2024-04-21T20:35:02.920+0000] {logging_mixin.py:188} INFO - [2024-04-21T20:35:02.920+0000] {dagbag.py:540} INFO - Filling up the DagBag from /home/airflow/.local/lib/python3.9/site-packages/airflow/example_dags/tutorial_taskflow_api_virtualenv.py
[2024-04-21T20:35:02.932+0000] {processor.py:840} INFO - DAG(s) 'tutorial_taskflow_api_virtualenv' retrieved from /home/airflow/.local/lib/python3.9/site-packages/airflow/example_dags/tutorial_taskflow_api_virtualenv.py
[2024-04-21T20:35:02.998+0000] {logging_mixin.py:188} INFO - [2024-04-21T20:35:02.997+0000] {dag.py:3047} INFO - Sync 1 DAGs
[2024-04-21T20:35:03.020+0000] {logging_mixin.py:188} INFO - [2024-04-21T20:35:03.019+0000] {dag.py:3834} INFO - Setting next_dagrun for tutorial_taskflow_api_virtualenv to None, run_after=None
[2024-04-21T20:35:03.075+0000] {processor.py:183} INFO - Processing /home/airflow/.local/lib/python3.9/site-packages/airflow/example_dags/tutorial_taskflow_api_virtualenv.py took 0.162 seconds
[2024-04-21T20:35:33.673+0000] {processor.py:161} INFO - Started process (PID=182) to work on /home/airflow/.local/lib/python3.9/site-packages/airflow/example_dags/tutorial_taskflow_api_virtualenv.py
[2024-04-21T20:35:33.674+0000] {processor.py:830} INFO - Processing file /home/airflow/.local/lib/python3.9/site-packages/airflow/example_dags/tutorial_taskflow_api_virtualenv.py for tasks to queue
[2024-04-21T20:35:33.677+0000] {logging_mixin.py:188} INFO - [2024-04-21T20:35:33.677+0000] {dagbag.py:540} INFO - Filling up the DagBag from /home/airflow/.local/lib/python3.9/site-packages/airflow/example_dags/tutorial_taskflow_api_virtualenv.py
[2024-04-21T20:35:33.689+0000] {processor.py:840} INFO - DAG(s) 'tutorial_taskflow_api_virtualenv' retrieved from /home/airflow/.local/lib/python3.9/site-packages/airflow/example_dags/tutorial_taskflow_api_virtualenv.py
[2024-04-21T20:35:33.747+0000] {logging_mixin.py:188} INFO - [2024-04-21T20:35:33.747+0000] {dag.py:3047} INFO - Sync 1 DAGs
[2024-04-21T20:35:33.762+0000] {logging_mixin.py:188} INFO - [2024-04-21T20:35:33.761+0000] {dag.py:3834} INFO - Setting next_dagrun for tutorial_taskflow_api_virtualenv to None, run_after=None
[2024-04-21T20:35:33.796+0000] {processor.py:183} INFO - Processing /home/airflow/.local/lib/python3.9/site-packages/airflow/example_dags/tutorial_taskflow_api_virtualenv.py took 0.126 seconds
[2024-04-21T20:36:04.741+0000] {processor.py:161} INFO - Started process (PID=239) to work on /home/airflow/.local/lib/python3.9/site-packages/airflow/example_dags/tutorial_taskflow_api_virtualenv.py
[2024-04-21T20:36:04.743+0000] {processor.py:830} INFO - Processing file /home/airflow/.local/lib/python3.9/site-packages/airflow/example_dags/tutorial_taskflow_api_virtualenv.py for tasks to queue
[2024-04-21T20:36:04.745+0000] {logging_mixin.py:188} INFO - [2024-04-21T20:36:04.745+0000] {dagbag.py:540} INFO - Filling up the DagBag from /home/airflow/.local/lib/python3.9/site-packages/airflow/example_dags/tutorial_taskflow_api_virtualenv.py
[2024-04-21T20:36:04.756+0000] {processor.py:840} INFO - DAG(s) 'tutorial_taskflow_api_virtualenv' retrieved from /home/airflow/.local/lib/python3.9/site-packages/airflow/example_dags/tutorial_taskflow_api_virtualenv.py
[2024-04-21T20:36:04.810+0000] {logging_mixin.py:188} INFO - [2024-04-21T20:36:04.810+0000] {dag.py:3047} INFO - Sync 1 DAGs
[2024-04-21T20:36:04.824+0000] {logging_mixin.py:188} INFO - [2024-04-21T20:36:04.824+0000] {dag.py:3834} INFO - Setting next_dagrun for tutorial_taskflow_api_virtualenv to None, run_after=None
[2024-04-21T20:36:04.859+0000] {processor.py:183} INFO - Processing /home/airflow/.local/lib/python3.9/site-packages/airflow/example_dags/tutorial_taskflow_api_virtualenv.py took 0.120 seconds
[2024-04-21T20:36:36.440+0000] {processor.py:161} INFO - Started process (PID=296) to work on /home/airflow/.local/lib/python3.9/site-packages/airflow/example_dags/tutorial_taskflow_api_virtualenv.py
[2024-04-21T20:36:36.442+0000] {processor.py:830} INFO - Processing file /home/airflow/.local/lib/python3.9/site-packages/airflow/example_dags/tutorial_taskflow_api_virtualenv.py for tasks to queue
[2024-04-21T20:36:36.445+0000] {logging_mixin.py:188} INFO - [2024-04-21T20:36:36.444+0000] {dagbag.py:540} INFO - Filling up the DagBag from /home/airflow/.local/lib/python3.9/site-packages/airflow/example_dags/tutorial_taskflow_api_virtualenv.py
[2024-04-21T20:36:36.463+0000] {processor.py:840} INFO - DAG(s) 'tutorial_taskflow_api_virtualenv' retrieved from /home/airflow/.local/lib/python3.9/site-packages/airflow/example_dags/tutorial_taskflow_api_virtualenv.py
[2024-04-21T20:36:36.529+0000] {logging_mixin.py:188} INFO - [2024-04-21T20:36:36.528+0000] {dag.py:3047} INFO - Sync 1 DAGs
[2024-04-21T20:36:36.544+0000] {logging_mixin.py:188} INFO - [2024-04-21T20:36:36.543+0000] {dag.py:3834} INFO - Setting next_dagrun for tutorial_taskflow_api_virtualenv to None, run_after=None
[2024-04-21T20:36:36.583+0000] {processor.py:183} INFO - Processing /home/airflow/.local/lib/python3.9/site-packages/airflow/example_dags/tutorial_taskflow_api_virtualenv.py took 0.145 seconds
[2024-04-21T20:37:07.221+0000] {processor.py:161} INFO - Started process (PID=353) to work on /home/airflow/.local/lib/python3.9/site-packages/airflow/example_dags/tutorial_taskflow_api_virtualenv.py
[2024-04-21T20:37:07.222+0000] {processor.py:830} INFO - Processing file /home/airflow/.local/lib/python3.9/site-packages/airflow/example_dags/tutorial_taskflow_api_virtualenv.py for tasks to queue
[2024-04-21T20:37:07.224+0000] {logging_mixin.py:188} INFO - [2024-04-21T20:37:07.224+0000] {dagbag.py:540} INFO - Filling up the DagBag from /home/airflow/.local/lib/python3.9/site-packages/airflow/example_dags/tutorial_taskflow_api_virtualenv.py
[2024-04-21T20:37:07.234+0000] {processor.py:840} INFO - DAG(s) 'tutorial_taskflow_api_virtualenv' retrieved from /home/airflow/.local/lib/python3.9/site-packages/airflow/example_dags/tutorial_taskflow_api_virtualenv.py
[2024-04-21T20:37:07.286+0000] {logging_mixin.py:188} INFO - [2024-04-21T20:37:07.286+0000] {dag.py:3047} INFO - Sync 1 DAGs
[2024-04-21T20:37:07.298+0000] {logging_mixin.py:188} INFO - [2024-04-21T20:37:07.298+0000] {dag.py:3834} INFO - Setting next_dagrun for tutorial_taskflow_api_virtualenv to None, run_after=None
[2024-04-21T20:37:07.334+0000] {processor.py:183} INFO - Processing /home/airflow/.local/lib/python3.9/site-packages/airflow/example_dags/tutorial_taskflow_api_virtualenv.py took 0.116 seconds
[2024-04-21T20:37:38.134+0000] {processor.py:161} INFO - Started process (PID=410) to work on /home/airflow/.local/lib/python3.9/site-packages/airflow/example_dags/tutorial_taskflow_api_virtualenv.py
[2024-04-21T20:37:38.136+0000] {processor.py:830} INFO - Processing file /home/airflow/.local/lib/python3.9/site-packages/airflow/example_dags/tutorial_taskflow_api_virtualenv.py for tasks to queue
[2024-04-21T20:37:38.140+0000] {logging_mixin.py:188} INFO - [2024-04-21T20:37:38.140+0000] {dagbag.py:540} INFO - Filling up the DagBag from /home/airflow/.local/lib/python3.9/site-packages/airflow/example_dags/tutorial_taskflow_api_virtualenv.py
[2024-04-21T20:37:38.152+0000] {processor.py:840} INFO - DAG(s) 'tutorial_taskflow_api_virtualenv' retrieved from /home/airflow/.local/lib/python3.9/site-packages/airflow/example_dags/tutorial_taskflow_api_virtualenv.py
[2024-04-21T20:37:38.237+0000] {logging_mixin.py:188} INFO - [2024-04-21T20:37:38.237+0000] {dag.py:3047} INFO - Sync 1 DAGs
[2024-04-21T20:37:38.263+0000] {logging_mixin.py:188} INFO - [2024-04-21T20:37:38.263+0000] {dag.py:3834} INFO - Setting next_dagrun for tutorial_taskflow_api_virtualenv to None, run_after=None
[2024-04-21T20:37:38.326+0000] {processor.py:183} INFO - Processing /home/airflow/.local/lib/python3.9/site-packages/airflow/example_dags/tutorial_taskflow_api_virtualenv.py took 0.198 seconds
[2024-04-21T20:38:09.392+0000] {processor.py:161} INFO - Started process (PID=467) to work on /home/airflow/.local/lib/python3.9/site-packages/airflow/example_dags/tutorial_taskflow_api_virtualenv.py
[2024-04-21T20:38:09.394+0000] {processor.py:830} INFO - Processing file /home/airflow/.local/lib/python3.9/site-packages/airflow/example_dags/tutorial_taskflow_api_virtualenv.py for tasks to queue
[2024-04-21T20:38:09.396+0000] {logging_mixin.py:188} INFO - [2024-04-21T20:38:09.396+0000] {dagbag.py:540} INFO - Filling up the DagBag from /home/airflow/.local/lib/python3.9/site-packages/airflow/example_dags/tutorial_taskflow_api_virtualenv.py
[2024-04-21T20:38:09.406+0000] {processor.py:840} INFO - DAG(s) 'tutorial_taskflow_api_virtualenv' retrieved from /home/airflow/.local/lib/python3.9/site-packages/airflow/example_dags/tutorial_taskflow_api_virtualenv.py
[2024-04-21T20:38:09.461+0000] {logging_mixin.py:188} INFO - [2024-04-21T20:38:09.460+0000] {dag.py:3047} INFO - Sync 1 DAGs
[2024-04-21T20:38:09.472+0000] {logging_mixin.py:188} INFO - [2024-04-21T20:38:09.471+0000] {dag.py:3834} INFO - Setting next_dagrun for tutorial_taskflow_api_virtualenv to None, run_after=None
[2024-04-21T20:38:09.503+0000] {processor.py:183} INFO - Processing /home/airflow/.local/lib/python3.9/site-packages/airflow/example_dags/tutorial_taskflow_api_virtualenv.py took 0.114 seconds
[2024-04-21T20:38:41.572+0000] {processor.py:161} INFO - Started process (PID=524) to work on /home/airflow/.local/lib/python3.9/site-packages/airflow/example_dags/tutorial_taskflow_api_virtualenv.py
[2024-04-21T20:38:41.574+0000] {processor.py:830} INFO - Processing file /home/airflow/.local/lib/python3.9/site-packages/airflow/example_dags/tutorial_taskflow_api_virtualenv.py for tasks to queue
[2024-04-21T20:38:41.576+0000] {logging_mixin.py:188} INFO - [2024-04-21T20:38:41.576+0000] {dagbag.py:540} INFO - Filling up the DagBag from /home/airflow/.local/lib/python3.9/site-packages/airflow/example_dags/tutorial_taskflow_api_virtualenv.py
[2024-04-21T20:38:41.585+0000] {processor.py:840} INFO - DAG(s) 'tutorial_taskflow_api_virtualenv' retrieved from /home/airflow/.local/lib/python3.9/site-packages/airflow/example_dags/tutorial_taskflow_api_virtualenv.py
[2024-04-21T20:38:41.638+0000] {logging_mixin.py:188} INFO - [2024-04-21T20:38:41.637+0000] {dag.py:3047} INFO - Sync 1 DAGs
[2024-04-21T20:38:41.651+0000] {logging_mixin.py:188} INFO - [2024-04-21T20:38:41.651+0000] {dag.py:3834} INFO - Setting next_dagrun for tutorial_taskflow_api_virtualenv to None, run_after=None
[2024-04-21T20:38:41.683+0000] {processor.py:183} INFO - Processing /home/airflow/.local/lib/python3.9/site-packages/airflow/example_dags/tutorial_taskflow_api_virtualenv.py took 0.114 seconds
[2024-04-21T20:40:43.056+0000] {processor.py:161} INFO - Started process (PID=612) to work on /home/airflow/.local/lib/python3.9/site-packages/airflow/example_dags/tutorial_taskflow_api_virtualenv.py
[2024-04-21T20:40:43.057+0000] {processor.py:830} INFO - Processing file /home/airflow/.local/lib/python3.9/site-packages/airflow/example_dags/tutorial_taskflow_api_virtualenv.py for tasks to queue
[2024-04-21T20:40:43.060+0000] {logging_mixin.py:188} INFO - [2024-04-21T20:40:43.059+0000] {dagbag.py:540} INFO - Filling up the DagBag from /home/airflow/.local/lib/python3.9/site-packages/airflow/example_dags/tutorial_taskflow_api_virtualenv.py
[2024-04-21T20:40:43.070+0000] {processor.py:840} INFO - DAG(s) 'tutorial_taskflow_api_virtualenv' retrieved from /home/airflow/.local/lib/python3.9/site-packages/airflow/example_dags/tutorial_taskflow_api_virtualenv.py
[2024-04-21T20:40:43.128+0000] {logging_mixin.py:188} INFO - [2024-04-21T20:40:43.128+0000] {dag.py:3047} INFO - Sync 1 DAGs
[2024-04-21T20:40:43.140+0000] {logging_mixin.py:188} INFO - [2024-04-21T20:40:43.139+0000] {dag.py:3834} INFO - Setting next_dagrun for tutorial_taskflow_api_virtualenv to None, run_after=None
[2024-04-21T20:40:43.170+0000] {processor.py:183} INFO - Processing /home/airflow/.local/lib/python3.9/site-packages/airflow/example_dags/tutorial_taskflow_api_virtualenv.py took 0.118 seconds
[2024-04-21T20:41:15.188+0000] {processor.py:161} INFO - Started process (PID=671) to work on /home/airflow/.local/lib/python3.9/site-packages/airflow/example_dags/tutorial_taskflow_api_virtualenv.py
[2024-04-21T20:41:15.190+0000] {processor.py:830} INFO - Processing file /home/airflow/.local/lib/python3.9/site-packages/airflow/example_dags/tutorial_taskflow_api_virtualenv.py for tasks to queue
[2024-04-21T20:41:15.195+0000] {logging_mixin.py:188} INFO - [2024-04-21T20:41:15.193+0000] {dagbag.py:540} INFO - Filling up the DagBag from /home/airflow/.local/lib/python3.9/site-packages/airflow/example_dags/tutorial_taskflow_api_virtualenv.py
[2024-04-21T20:41:15.226+0000] {processor.py:840} INFO - DAG(s) 'tutorial_taskflow_api_virtualenv' retrieved from /home/airflow/.local/lib/python3.9/site-packages/airflow/example_dags/tutorial_taskflow_api_virtualenv.py
[2024-04-21T20:41:15.359+0000] {logging_mixin.py:188} INFO - [2024-04-21T20:41:15.358+0000] {dag.py:3047} INFO - Sync 1 DAGs
[2024-04-21T20:41:15.372+0000] {logging_mixin.py:188} INFO - [2024-04-21T20:41:15.371+0000] {dag.py:3834} INFO - Setting next_dagrun for tutorial_taskflow_api_virtualenv to None, run_after=None
[2024-04-21T20:41:15.416+0000] {processor.py:183} INFO - Processing /home/airflow/.local/lib/python3.9/site-packages/airflow/example_dags/tutorial_taskflow_api_virtualenv.py took 0.234 seconds
[2024-04-21T20:41:45.539+0000] {processor.py:161} INFO - Started process (PID=728) to work on /home/airflow/.local/lib/python3.9/site-packages/airflow/example_dags/tutorial_taskflow_api_virtualenv.py
[2024-04-21T20:41:45.540+0000] {processor.py:830} INFO - Processing file /home/airflow/.local/lib/python3.9/site-packages/airflow/example_dags/tutorial_taskflow_api_virtualenv.py for tasks to queue
[2024-04-21T20:41:45.543+0000] {logging_mixin.py:188} INFO - [2024-04-21T20:41:45.542+0000] {dagbag.py:540} INFO - Filling up the DagBag from /home/airflow/.local/lib/python3.9/site-packages/airflow/example_dags/tutorial_taskflow_api_virtualenv.py
[2024-04-21T20:41:45.552+0000] {processor.py:840} INFO - DAG(s) 'tutorial_taskflow_api_virtualenv' retrieved from /home/airflow/.local/lib/python3.9/site-packages/airflow/example_dags/tutorial_taskflow_api_virtualenv.py
[2024-04-21T20:41:45.605+0000] {logging_mixin.py:188} INFO - [2024-04-21T20:41:45.605+0000] {dag.py:3047} INFO - Sync 1 DAGs
[2024-04-21T20:41:45.617+0000] {logging_mixin.py:188} INFO - [2024-04-21T20:41:45.617+0000] {dag.py:3834} INFO - Setting next_dagrun for tutorial_taskflow_api_virtualenv to None, run_after=None
[2024-04-21T20:41:45.647+0000] {processor.py:183} INFO - Processing /home/airflow/.local/lib/python3.9/site-packages/airflow/example_dags/tutorial_taskflow_api_virtualenv.py took 0.111 seconds
[2024-04-21T20:42:38.366+0000] {processor.py:161} INFO - Started process (PID=68) to work on /home/airflow/.local/lib/python3.9/site-packages/airflow/example_dags/tutorial_taskflow_api_virtualenv.py
[2024-04-21T20:42:38.368+0000] {processor.py:830} INFO - Processing file /home/airflow/.local/lib/python3.9/site-packages/airflow/example_dags/tutorial_taskflow_api_virtualenv.py for tasks to queue
[2024-04-21T20:42:38.370+0000] {logging_mixin.py:188} INFO - [2024-04-21T20:42:38.369+0000] {dagbag.py:540} INFO - Filling up the DagBag from /home/airflow/.local/lib/python3.9/site-packages/airflow/example_dags/tutorial_taskflow_api_virtualenv.py
[2024-04-21T20:42:38.380+0000] {processor.py:840} INFO - DAG(s) 'tutorial_taskflow_api_virtualenv' retrieved from /home/airflow/.local/lib/python3.9/site-packages/airflow/example_dags/tutorial_taskflow_api_virtualenv.py
[2024-04-21T20:42:38.526+0000] {logging_mixin.py:188} INFO - [2024-04-21T20:42:38.526+0000] {dag.py:3047} INFO - Sync 1 DAGs
[2024-04-21T20:42:38.537+0000] {logging_mixin.py:188} INFO - [2024-04-21T20:42:38.537+0000] {dag.py:3834} INFO - Setting next_dagrun for tutorial_taskflow_api_virtualenv to None, run_after=None
[2024-04-21T20:42:38.572+0000] {processor.py:183} INFO - Processing /home/airflow/.local/lib/python3.9/site-packages/airflow/example_dags/tutorial_taskflow_api_virtualenv.py took 0.208 seconds
[2024-04-21T20:43:09.806+0000] {processor.py:161} INFO - Started process (PID=125) to work on /home/airflow/.local/lib/python3.9/site-packages/airflow/example_dags/tutorial_taskflow_api_virtualenv.py
[2024-04-21T20:43:09.807+0000] {processor.py:830} INFO - Processing file /home/airflow/.local/lib/python3.9/site-packages/airflow/example_dags/tutorial_taskflow_api_virtualenv.py for tasks to queue
[2024-04-21T20:43:09.809+0000] {logging_mixin.py:188} INFO - [2024-04-21T20:43:09.809+0000] {dagbag.py:540} INFO - Filling up the DagBag from /home/airflow/.local/lib/python3.9/site-packages/airflow/example_dags/tutorial_taskflow_api_virtualenv.py
[2024-04-21T20:43:09.820+0000] {processor.py:840} INFO - DAG(s) 'tutorial_taskflow_api_virtualenv' retrieved from /home/airflow/.local/lib/python3.9/site-packages/airflow/example_dags/tutorial_taskflow_api_virtualenv.py
[2024-04-21T20:43:09.878+0000] {logging_mixin.py:188} INFO - [2024-04-21T20:43:09.878+0000] {dag.py:3047} INFO - Sync 1 DAGs
[2024-04-21T20:43:09.894+0000] {logging_mixin.py:188} INFO - [2024-04-21T20:43:09.893+0000] {dag.py:3834} INFO - Setting next_dagrun for tutorial_taskflow_api_virtualenv to None, run_after=None
[2024-04-21T20:43:09.934+0000] {processor.py:183} INFO - Processing /home/airflow/.local/lib/python3.9/site-packages/airflow/example_dags/tutorial_taskflow_api_virtualenv.py took 0.131 seconds
[2024-04-21T20:43:40.006+0000] {processor.py:161} INFO - Started process (PID=182) to work on /home/airflow/.local/lib/python3.9/site-packages/airflow/example_dags/tutorial_taskflow_api_virtualenv.py
[2024-04-21T20:43:40.007+0000] {processor.py:830} INFO - Processing file /home/airflow/.local/lib/python3.9/site-packages/airflow/example_dags/tutorial_taskflow_api_virtualenv.py for tasks to queue
[2024-04-21T20:43:40.009+0000] {logging_mixin.py:188} INFO - [2024-04-21T20:43:40.009+0000] {dagbag.py:540} INFO - Filling up the DagBag from /home/airflow/.local/lib/python3.9/site-packages/airflow/example_dags/tutorial_taskflow_api_virtualenv.py
[2024-04-21T20:43:40.019+0000] {processor.py:840} INFO - DAG(s) 'tutorial_taskflow_api_virtualenv' retrieved from /home/airflow/.local/lib/python3.9/site-packages/airflow/example_dags/tutorial_taskflow_api_virtualenv.py
[2024-04-21T20:43:40.073+0000] {logging_mixin.py:188} INFO - [2024-04-21T20:43:40.073+0000] {dag.py:3047} INFO - Sync 1 DAGs
[2024-04-21T20:43:40.086+0000] {logging_mixin.py:188} INFO - [2024-04-21T20:43:40.086+0000] {dag.py:3834} INFO - Setting next_dagrun for tutorial_taskflow_api_virtualenv to None, run_after=None
[2024-04-21T20:43:40.117+0000] {processor.py:183} INFO - Processing /home/airflow/.local/lib/python3.9/site-packages/airflow/example_dags/tutorial_taskflow_api_virtualenv.py took 0.114 seconds
[2024-04-21T20:44:11.596+0000] {processor.py:161} INFO - Started process (PID=239) to work on /home/airflow/.local/lib/python3.9/site-packages/airflow/example_dags/tutorial_taskflow_api_virtualenv.py
[2024-04-21T20:44:11.598+0000] {processor.py:830} INFO - Processing file /home/airflow/.local/lib/python3.9/site-packages/airflow/example_dags/tutorial_taskflow_api_virtualenv.py for tasks to queue
[2024-04-21T20:44:11.600+0000] {logging_mixin.py:188} INFO - [2024-04-21T20:44:11.599+0000] {dagbag.py:540} INFO - Filling up the DagBag from /home/airflow/.local/lib/python3.9/site-packages/airflow/example_dags/tutorial_taskflow_api_virtualenv.py
[2024-04-21T20:44:11.610+0000] {processor.py:840} INFO - DAG(s) 'tutorial_taskflow_api_virtualenv' retrieved from /home/airflow/.local/lib/python3.9/site-packages/airflow/example_dags/tutorial_taskflow_api_virtualenv.py
[2024-04-21T20:44:11.664+0000] {logging_mixin.py:188} INFO - [2024-04-21T20:44:11.664+0000] {dag.py:3047} INFO - Sync 1 DAGs
[2024-04-21T20:44:11.678+0000] {logging_mixin.py:188} INFO - [2024-04-21T20:44:11.677+0000] {dag.py:3834} INFO - Setting next_dagrun for tutorial_taskflow_api_virtualenv to None, run_after=None
[2024-04-21T20:44:11.712+0000] {processor.py:183} INFO - Processing /home/airflow/.local/lib/python3.9/site-packages/airflow/example_dags/tutorial_taskflow_api_virtualenv.py took 0.118 seconds
[2024-04-21T20:44:43.567+0000] {processor.py:161} INFO - Started process (PID=296) to work on /home/airflow/.local/lib/python3.9/site-packages/airflow/example_dags/tutorial_taskflow_api_virtualenv.py
[2024-04-21T20:44:43.569+0000] {processor.py:830} INFO - Processing file /home/airflow/.local/lib/python3.9/site-packages/airflow/example_dags/tutorial_taskflow_api_virtualenv.py for tasks to queue
[2024-04-21T20:44:43.571+0000] {logging_mixin.py:188} INFO - [2024-04-21T20:44:43.571+0000] {dagbag.py:540} INFO - Filling up the DagBag from /home/airflow/.local/lib/python3.9/site-packages/airflow/example_dags/tutorial_taskflow_api_virtualenv.py
[2024-04-21T20:44:43.582+0000] {processor.py:840} INFO - DAG(s) 'tutorial_taskflow_api_virtualenv' retrieved from /home/airflow/.local/lib/python3.9/site-packages/airflow/example_dags/tutorial_taskflow_api_virtualenv.py
[2024-04-21T20:44:43.636+0000] {logging_mixin.py:188} INFO - [2024-04-21T20:44:43.636+0000] {dag.py:3047} INFO - Sync 1 DAGs
[2024-04-21T20:44:43.650+0000] {logging_mixin.py:188} INFO - [2024-04-21T20:44:43.650+0000] {dag.py:3834} INFO - Setting next_dagrun for tutorial_taskflow_api_virtualenv to None, run_after=None
[2024-04-21T20:44:43.685+0000] {processor.py:183} INFO - Processing /home/airflow/.local/lib/python3.9/site-packages/airflow/example_dags/tutorial_taskflow_api_virtualenv.py took 0.120 seconds
[2024-04-21T20:45:14.057+0000] {processor.py:161} INFO - Started process (PID=353) to work on /home/airflow/.local/lib/python3.9/site-packages/airflow/example_dags/tutorial_taskflow_api_virtualenv.py
[2024-04-21T20:45:14.059+0000] {processor.py:830} INFO - Processing file /home/airflow/.local/lib/python3.9/site-packages/airflow/example_dags/tutorial_taskflow_api_virtualenv.py for tasks to queue
[2024-04-21T20:45:14.062+0000] {logging_mixin.py:188} INFO - [2024-04-21T20:45:14.061+0000] {dagbag.py:540} INFO - Filling up the DagBag from /home/airflow/.local/lib/python3.9/site-packages/airflow/example_dags/tutorial_taskflow_api_virtualenv.py
[2024-04-21T20:45:14.072+0000] {processor.py:840} INFO - DAG(s) 'tutorial_taskflow_api_virtualenv' retrieved from /home/airflow/.local/lib/python3.9/site-packages/airflow/example_dags/tutorial_taskflow_api_virtualenv.py
[2024-04-21T20:45:14.127+0000] {logging_mixin.py:188} INFO - [2024-04-21T20:45:14.127+0000] {dag.py:3047} INFO - Sync 1 DAGs
[2024-04-21T20:45:14.141+0000] {logging_mixin.py:188} INFO - [2024-04-21T20:45:14.140+0000] {dag.py:3834} INFO - Setting next_dagrun for tutorial_taskflow_api_virtualenv to None, run_after=None
[2024-04-21T20:45:14.176+0000] {processor.py:183} INFO - Processing /home/airflow/.local/lib/python3.9/site-packages/airflow/example_dags/tutorial_taskflow_api_virtualenv.py took 0.122 seconds
[2024-04-21T20:45:45.996+0000] {processor.py:161} INFO - Started process (PID=410) to work on /home/airflow/.local/lib/python3.9/site-packages/airflow/example_dags/tutorial_taskflow_api_virtualenv.py
[2024-04-21T20:45:45.997+0000] {processor.py:830} INFO - Processing file /home/airflow/.local/lib/python3.9/site-packages/airflow/example_dags/tutorial_taskflow_api_virtualenv.py for tasks to queue
[2024-04-21T20:45:46.002+0000] {logging_mixin.py:188} INFO - [2024-04-21T20:45:46.000+0000] {dagbag.py:540} INFO - Filling up the DagBag from /home/airflow/.local/lib/python3.9/site-packages/airflow/example_dags/tutorial_taskflow_api_virtualenv.py
[2024-04-21T20:45:46.033+0000] {processor.py:840} INFO - DAG(s) 'tutorial_taskflow_api_virtualenv' retrieved from /home/airflow/.local/lib/python3.9/site-packages/airflow/example_dags/tutorial_taskflow_api_virtualenv.py
[2024-04-21T20:45:46.199+0000] {logging_mixin.py:188} INFO - [2024-04-21T20:45:46.195+0000] {dag.py:3047} INFO - Sync 1 DAGs
[2024-04-21T20:45:46.214+0000] {logging_mixin.py:188} INFO - [2024-04-21T20:45:46.213+0000] {dag.py:3834} INFO - Setting next_dagrun for tutorial_taskflow_api_virtualenv to None, run_after=None
[2024-04-21T20:45:46.293+0000] {processor.py:183} INFO - Processing /home/airflow/.local/lib/python3.9/site-packages/airflow/example_dags/tutorial_taskflow_api_virtualenv.py took 0.312 seconds
[2024-04-21T20:46:16.484+0000] {processor.py:161} INFO - Started process (PID=467) to work on /home/airflow/.local/lib/python3.9/site-packages/airflow/example_dags/tutorial_taskflow_api_virtualenv.py
[2024-04-21T20:46:16.485+0000] {processor.py:830} INFO - Processing file /home/airflow/.local/lib/python3.9/site-packages/airflow/example_dags/tutorial_taskflow_api_virtualenv.py for tasks to queue
[2024-04-21T20:46:16.487+0000] {logging_mixin.py:188} INFO - [2024-04-21T20:46:16.487+0000] {dagbag.py:540} INFO - Filling up the DagBag from /home/airflow/.local/lib/python3.9/site-packages/airflow/example_dags/tutorial_taskflow_api_virtualenv.py
[2024-04-21T20:46:16.498+0000] {processor.py:840} INFO - DAG(s) 'tutorial_taskflow_api_virtualenv' retrieved from /home/airflow/.local/lib/python3.9/site-packages/airflow/example_dags/tutorial_taskflow_api_virtualenv.py
[2024-04-21T20:46:16.552+0000] {logging_mixin.py:188} INFO - [2024-04-21T20:46:16.552+0000] {dag.py:3047} INFO - Sync 1 DAGs
[2024-04-21T20:46:16.565+0000] {logging_mixin.py:188} INFO - [2024-04-21T20:46:16.564+0000] {dag.py:3834} INFO - Setting next_dagrun for tutorial_taskflow_api_virtualenv to None, run_after=None
[2024-04-21T20:46:16.602+0000] {processor.py:183} INFO - Processing /home/airflow/.local/lib/python3.9/site-packages/airflow/example_dags/tutorial_taskflow_api_virtualenv.py took 0.122 seconds
[2024-04-21T20:46:47.382+0000] {processor.py:161} INFO - Started process (PID=524) to work on /home/airflow/.local/lib/python3.9/site-packages/airflow/example_dags/tutorial_taskflow_api_virtualenv.py
[2024-04-21T20:46:47.383+0000] {processor.py:830} INFO - Processing file /home/airflow/.local/lib/python3.9/site-packages/airflow/example_dags/tutorial_taskflow_api_virtualenv.py for tasks to queue
[2024-04-21T20:46:47.385+0000] {logging_mixin.py:188} INFO - [2024-04-21T20:46:47.385+0000] {dagbag.py:540} INFO - Filling up the DagBag from /home/airflow/.local/lib/python3.9/site-packages/airflow/example_dags/tutorial_taskflow_api_virtualenv.py
[2024-04-21T20:46:47.395+0000] {processor.py:840} INFO - DAG(s) 'tutorial_taskflow_api_virtualenv' retrieved from /home/airflow/.local/lib/python3.9/site-packages/airflow/example_dags/tutorial_taskflow_api_virtualenv.py
[2024-04-21T20:46:47.449+0000] {logging_mixin.py:188} INFO - [2024-04-21T20:46:47.449+0000] {dag.py:3047} INFO - Sync 1 DAGs
[2024-04-21T20:46:47.462+0000] {logging_mixin.py:188} INFO - [2024-04-21T20:46:47.461+0000] {dag.py:3834} INFO - Setting next_dagrun for tutorial_taskflow_api_virtualenv to None, run_after=None
[2024-04-21T20:46:47.493+0000] {processor.py:183} INFO - Processing /home/airflow/.local/lib/python3.9/site-packages/airflow/example_dags/tutorial_taskflow_api_virtualenv.py took 0.114 seconds
[2024-04-21T20:47:18.118+0000] {processor.py:161} INFO - Started process (PID=581) to work on /home/airflow/.local/lib/python3.9/site-packages/airflow/example_dags/tutorial_taskflow_api_virtualenv.py
[2024-04-21T20:47:18.119+0000] {processor.py:830} INFO - Processing file /home/airflow/.local/lib/python3.9/site-packages/airflow/example_dags/tutorial_taskflow_api_virtualenv.py for tasks to queue
[2024-04-21T20:47:18.121+0000] {logging_mixin.py:188} INFO - [2024-04-21T20:47:18.121+0000] {dagbag.py:540} INFO - Filling up the DagBag from /home/airflow/.local/lib/python3.9/site-packages/airflow/example_dags/tutorial_taskflow_api_virtualenv.py
[2024-04-21T20:47:18.131+0000] {processor.py:840} INFO - DAG(s) 'tutorial_taskflow_api_virtualenv' retrieved from /home/airflow/.local/lib/python3.9/site-packages/airflow/example_dags/tutorial_taskflow_api_virtualenv.py
[2024-04-21T20:47:18.186+0000] {logging_mixin.py:188} INFO - [2024-04-21T20:47:18.186+0000] {dag.py:3047} INFO - Sync 1 DAGs
[2024-04-21T20:47:18.199+0000] {logging_mixin.py:188} INFO - [2024-04-21T20:47:18.199+0000] {dag.py:3834} INFO - Setting next_dagrun for tutorial_taskflow_api_virtualenv to None, run_after=None
[2024-04-21T20:47:18.235+0000] {processor.py:183} INFO - Processing /home/airflow/.local/lib/python3.9/site-packages/airflow/example_dags/tutorial_taskflow_api_virtualenv.py took 0.120 seconds
[2024-04-21T20:47:48.560+0000] {processor.py:161} INFO - Started process (PID=638) to work on /home/airflow/.local/lib/python3.9/site-packages/airflow/example_dags/tutorial_taskflow_api_virtualenv.py
[2024-04-21T20:47:48.561+0000] {processor.py:830} INFO - Processing file /home/airflow/.local/lib/python3.9/site-packages/airflow/example_dags/tutorial_taskflow_api_virtualenv.py for tasks to queue
[2024-04-21T20:47:48.563+0000] {logging_mixin.py:188} INFO - [2024-04-21T20:47:48.563+0000] {dagbag.py:540} INFO - Filling up the DagBag from /home/airflow/.local/lib/python3.9/site-packages/airflow/example_dags/tutorial_taskflow_api_virtualenv.py
[2024-04-21T20:47:48.573+0000] {processor.py:840} INFO - DAG(s) 'tutorial_taskflow_api_virtualenv' retrieved from /home/airflow/.local/lib/python3.9/site-packages/airflow/example_dags/tutorial_taskflow_api_virtualenv.py
[2024-04-21T20:47:48.631+0000] {logging_mixin.py:188} INFO - [2024-04-21T20:47:48.631+0000] {dag.py:3047} INFO - Sync 1 DAGs
[2024-04-21T20:47:48.644+0000] {logging_mixin.py:188} INFO - [2024-04-21T20:47:48.644+0000] {dag.py:3834} INFO - Setting next_dagrun for tutorial_taskflow_api_virtualenv to None, run_after=None
[2024-04-21T20:47:48.678+0000] {processor.py:183} INFO - Processing /home/airflow/.local/lib/python3.9/site-packages/airflow/example_dags/tutorial_taskflow_api_virtualenv.py took 0.122 seconds
[2024-04-21T21:00:53.981+0000] {processor.py:161} INFO - Started process (PID=75) to work on /home/airflow/.local/lib/python3.9/site-packages/airflow/example_dags/tutorial_taskflow_api_virtualenv.py
[2024-04-21T21:00:53.984+0000] {processor.py:830} INFO - Processing file /home/airflow/.local/lib/python3.9/site-packages/airflow/example_dags/tutorial_taskflow_api_virtualenv.py for tasks to queue
[2024-04-21T21:00:53.987+0000] {logging_mixin.py:188} INFO - [2024-04-21T21:00:53.986+0000] {dagbag.py:540} INFO - Filling up the DagBag from /home/airflow/.local/lib/python3.9/site-packages/airflow/example_dags/tutorial_taskflow_api_virtualenv.py
[2024-04-21T21:00:54.010+0000] {processor.py:840} INFO - DAG(s) 'tutorial_taskflow_api_virtualenv' retrieved from /home/airflow/.local/lib/python3.9/site-packages/airflow/example_dags/tutorial_taskflow_api_virtualenv.py
[2024-04-21T21:00:54.407+0000] {logging_mixin.py:188} INFO - [2024-04-21T21:00:54.407+0000] {dag.py:3047} INFO - Sync 1 DAGs
[2024-04-21T21:00:54.440+0000] {logging_mixin.py:188} INFO - [2024-04-21T21:00:54.439+0000] {dag.py:3834} INFO - Setting next_dagrun for tutorial_taskflow_api_virtualenv to None, run_after=None
[2024-04-21T21:00:54.523+0000] {processor.py:183} INFO - Processing /home/airflow/.local/lib/python3.9/site-packages/airflow/example_dags/tutorial_taskflow_api_virtualenv.py took 0.548 seconds
[2024-04-21T21:01:24.979+0000] {processor.py:161} INFO - Started process (PID=132) to work on /home/airflow/.local/lib/python3.9/site-packages/airflow/example_dags/tutorial_taskflow_api_virtualenv.py
[2024-04-21T21:01:24.981+0000] {processor.py:830} INFO - Processing file /home/airflow/.local/lib/python3.9/site-packages/airflow/example_dags/tutorial_taskflow_api_virtualenv.py for tasks to queue
[2024-04-21T21:01:24.985+0000] {logging_mixin.py:188} INFO - [2024-04-21T21:01:24.985+0000] {dagbag.py:540} INFO - Filling up the DagBag from /home/airflow/.local/lib/python3.9/site-packages/airflow/example_dags/tutorial_taskflow_api_virtualenv.py
[2024-04-21T21:01:24.999+0000] {processor.py:840} INFO - DAG(s) 'tutorial_taskflow_api_virtualenv' retrieved from /home/airflow/.local/lib/python3.9/site-packages/airflow/example_dags/tutorial_taskflow_api_virtualenv.py
[2024-04-21T21:01:25.071+0000] {logging_mixin.py:188} INFO - [2024-04-21T21:01:25.071+0000] {dag.py:3047} INFO - Sync 1 DAGs
[2024-04-21T21:01:25.085+0000] {logging_mixin.py:188} INFO - [2024-04-21T21:01:25.085+0000] {dag.py:3834} INFO - Setting next_dagrun for tutorial_taskflow_api_virtualenv to None, run_after=None
[2024-04-21T21:01:25.129+0000] {processor.py:183} INFO - Processing /home/airflow/.local/lib/python3.9/site-packages/airflow/example_dags/tutorial_taskflow_api_virtualenv.py took 0.158 seconds
[2024-04-21T21:04:41.590+0000] {processor.py:161} INFO - Started process (PID=80) to work on /home/airflow/.local/lib/python3.9/site-packages/airflow/example_dags/tutorial_taskflow_api_virtualenv.py
[2024-04-21T21:04:41.592+0000] {processor.py:830} INFO - Processing file /home/airflow/.local/lib/python3.9/site-packages/airflow/example_dags/tutorial_taskflow_api_virtualenv.py for tasks to queue
[2024-04-21T21:04:41.595+0000] {logging_mixin.py:188} INFO - [2024-04-21T21:04:41.594+0000] {dagbag.py:540} INFO - Filling up the DagBag from /home/airflow/.local/lib/python3.9/site-packages/airflow/example_dags/tutorial_taskflow_api_virtualenv.py
[2024-04-21T21:04:41.616+0000] {processor.py:840} INFO - DAG(s) 'tutorial_taskflow_api_virtualenv' retrieved from /home/airflow/.local/lib/python3.9/site-packages/airflow/example_dags/tutorial_taskflow_api_virtualenv.py
[2024-04-21T21:04:41.801+0000] {logging_mixin.py:188} INFO - [2024-04-21T21:04:41.801+0000] {dag.py:3047} INFO - Sync 1 DAGs
[2024-04-21T21:04:41.815+0000] {logging_mixin.py:188} INFO - [2024-04-21T21:04:41.815+0000] {dag.py:3834} INFO - Setting next_dagrun for tutorial_taskflow_api_virtualenv to None, run_after=None
[2024-04-21T21:04:41.864+0000] {processor.py:183} INFO - Processing /home/airflow/.local/lib/python3.9/site-packages/airflow/example_dags/tutorial_taskflow_api_virtualenv.py took 0.278 seconds
[2024-04-21T21:05:12.364+0000] {processor.py:161} INFO - Started process (PID=137) to work on /home/airflow/.local/lib/python3.9/site-packages/airflow/example_dags/tutorial_taskflow_api_virtualenv.py
[2024-04-21T21:05:12.366+0000] {processor.py:830} INFO - Processing file /home/airflow/.local/lib/python3.9/site-packages/airflow/example_dags/tutorial_taskflow_api_virtualenv.py for tasks to queue
[2024-04-21T21:05:12.368+0000] {logging_mixin.py:188} INFO - [2024-04-21T21:05:12.368+0000] {dagbag.py:540} INFO - Filling up the DagBag from /home/airflow/.local/lib/python3.9/site-packages/airflow/example_dags/tutorial_taskflow_api_virtualenv.py
[2024-04-21T21:05:12.379+0000] {processor.py:840} INFO - DAG(s) 'tutorial_taskflow_api_virtualenv' retrieved from /home/airflow/.local/lib/python3.9/site-packages/airflow/example_dags/tutorial_taskflow_api_virtualenv.py
[2024-04-21T21:05:12.437+0000] {logging_mixin.py:188} INFO - [2024-04-21T21:05:12.436+0000] {dag.py:3047} INFO - Sync 1 DAGs
[2024-04-21T21:05:12.452+0000] {logging_mixin.py:188} INFO - [2024-04-21T21:05:12.451+0000] {dag.py:3834} INFO - Setting next_dagrun for tutorial_taskflow_api_virtualenv to None, run_after=None
[2024-04-21T21:05:12.487+0000] {processor.py:183} INFO - Processing /home/airflow/.local/lib/python3.9/site-packages/airflow/example_dags/tutorial_taskflow_api_virtualenv.py took 0.126 seconds
[2024-04-21T21:05:43.180+0000] {processor.py:161} INFO - Started process (PID=202) to work on /home/airflow/.local/lib/python3.9/site-packages/airflow/example_dags/tutorial_taskflow_api_virtualenv.py
[2024-04-21T21:05:43.182+0000] {processor.py:830} INFO - Processing file /home/airflow/.local/lib/python3.9/site-packages/airflow/example_dags/tutorial_taskflow_api_virtualenv.py for tasks to queue
[2024-04-21T21:05:43.184+0000] {logging_mixin.py:188} INFO - [2024-04-21T21:05:43.184+0000] {dagbag.py:540} INFO - Filling up the DagBag from /home/airflow/.local/lib/python3.9/site-packages/airflow/example_dags/tutorial_taskflow_api_virtualenv.py
[2024-04-21T21:05:43.195+0000] {processor.py:840} INFO - DAG(s) 'tutorial_taskflow_api_virtualenv' retrieved from /home/airflow/.local/lib/python3.9/site-packages/airflow/example_dags/tutorial_taskflow_api_virtualenv.py
[2024-04-21T21:05:43.261+0000] {logging_mixin.py:188} INFO - [2024-04-21T21:05:43.261+0000] {dag.py:3047} INFO - Sync 1 DAGs
[2024-04-21T21:05:43.278+0000] {logging_mixin.py:188} INFO - [2024-04-21T21:05:43.278+0000] {dag.py:3834} INFO - Setting next_dagrun for tutorial_taskflow_api_virtualenv to None, run_after=None
[2024-04-21T21:05:43.317+0000] {processor.py:183} INFO - Processing /home/airflow/.local/lib/python3.9/site-packages/airflow/example_dags/tutorial_taskflow_api_virtualenv.py took 0.140 seconds
