[2024-04-21T19:51:55.818+0000] {processor.py:161} INFO - Started process (PID=46) to work on /home/airflow/.local/lib/python3.9/site-packages/airflow/example_dags/tutorial_objectstorage.py
[2024-04-21T19:51:55.828+0000] {processor.py:830} INFO - Processing file /home/airflow/.local/lib/python3.9/site-packages/airflow/example_dags/tutorial_objectstorage.py for tasks to queue
[2024-04-21T19:51:55.844+0000] {logging_mixin.py:188} INFO - [2024-04-21T19:51:55.842+0000] {dagbag.py:540} INFO - Filling up the DagBag from /home/airflow/.local/lib/python3.9/site-packages/airflow/example_dags/tutorial_objectstorage.py
[2024-04-21T19:51:55.929+0000] {processor.py:840} INFO - DAG(s) 'tutorial_objectstorage' retrieved from /home/airflow/.local/lib/python3.9/site-packages/airflow/example_dags/tutorial_objectstorage.py
[2024-04-21T19:51:56.361+0000] {logging_mixin.py:188} INFO - [2024-04-21T19:51:56.360+0000] {dag.py:3047} INFO - Sync 1 DAGs
[2024-04-21T19:51:56.394+0000] {logging_mixin.py:188} INFO - [2024-04-21T19:51:56.394+0000] {dag.py:3834} INFO - Setting next_dagrun for tutorial_objectstorage to None, run_after=None
[2024-04-21T19:51:56.457+0000] {processor.py:183} INFO - Processing /home/airflow/.local/lib/python3.9/site-packages/airflow/example_dags/tutorial_objectstorage.py took 0.700 seconds
[2024-04-21T19:52:26.849+0000] {processor.py:161} INFO - Started process (PID=103) to work on /home/airflow/.local/lib/python3.9/site-packages/airflow/example_dags/tutorial_objectstorage.py
[2024-04-21T19:52:26.850+0000] {processor.py:830} INFO - Processing file /home/airflow/.local/lib/python3.9/site-packages/airflow/example_dags/tutorial_objectstorage.py for tasks to queue
[2024-04-21T19:52:26.853+0000] {logging_mixin.py:188} INFO - [2024-04-21T19:52:26.853+0000] {dagbag.py:540} INFO - Filling up the DagBag from /home/airflow/.local/lib/python3.9/site-packages/airflow/example_dags/tutorial_objectstorage.py
[2024-04-21T19:52:26.865+0000] {processor.py:840} INFO - DAG(s) 'tutorial_objectstorage' retrieved from /home/airflow/.local/lib/python3.9/site-packages/airflow/example_dags/tutorial_objectstorage.py
[2024-04-21T19:52:26.974+0000] {logging_mixin.py:188} INFO - [2024-04-21T19:52:26.973+0000] {dag.py:3047} INFO - Sync 1 DAGs
[2024-04-21T19:52:27.002+0000] {logging_mixin.py:188} INFO - [2024-04-21T19:52:27.001+0000] {dag.py:3834} INFO - Setting next_dagrun for tutorial_objectstorage to None, run_after=None
[2024-04-21T19:52:27.053+0000] {processor.py:183} INFO - Processing /home/airflow/.local/lib/python3.9/site-packages/airflow/example_dags/tutorial_objectstorage.py took 0.209 seconds
[2024-04-21T19:52:59.326+0000] {processor.py:161} INFO - Started process (PID=160) to work on /home/airflow/.local/lib/python3.9/site-packages/airflow/example_dags/tutorial_objectstorage.py
[2024-04-21T19:52:59.329+0000] {processor.py:830} INFO - Processing file /home/airflow/.local/lib/python3.9/site-packages/airflow/example_dags/tutorial_objectstorage.py for tasks to queue
[2024-04-21T19:52:59.332+0000] {logging_mixin.py:188} INFO - [2024-04-21T19:52:59.332+0000] {dagbag.py:540} INFO - Filling up the DagBag from /home/airflow/.local/lib/python3.9/site-packages/airflow/example_dags/tutorial_objectstorage.py
[2024-04-21T19:52:59.345+0000] {processor.py:840} INFO - DAG(s) 'tutorial_objectstorage' retrieved from /home/airflow/.local/lib/python3.9/site-packages/airflow/example_dags/tutorial_objectstorage.py
[2024-04-21T19:52:59.467+0000] {logging_mixin.py:188} INFO - [2024-04-21T19:52:59.466+0000] {dag.py:3047} INFO - Sync 1 DAGs
[2024-04-21T19:52:59.497+0000] {logging_mixin.py:188} INFO - [2024-04-21T19:52:59.497+0000] {dag.py:3834} INFO - Setting next_dagrun for tutorial_objectstorage to None, run_after=None
[2024-04-21T19:52:59.558+0000] {processor.py:183} INFO - Processing /home/airflow/.local/lib/python3.9/site-packages/airflow/example_dags/tutorial_objectstorage.py took 0.236 seconds
[2024-04-21T19:53:29.754+0000] {processor.py:161} INFO - Started process (PID=217) to work on /home/airflow/.local/lib/python3.9/site-packages/airflow/example_dags/tutorial_objectstorage.py
[2024-04-21T19:53:29.756+0000] {processor.py:830} INFO - Processing file /home/airflow/.local/lib/python3.9/site-packages/airflow/example_dags/tutorial_objectstorage.py for tasks to queue
[2024-04-21T19:53:29.759+0000] {logging_mixin.py:188} INFO - [2024-04-21T19:53:29.759+0000] {dagbag.py:540} INFO - Filling up the DagBag from /home/airflow/.local/lib/python3.9/site-packages/airflow/example_dags/tutorial_objectstorage.py
[2024-04-21T19:53:29.771+0000] {processor.py:840} INFO - DAG(s) 'tutorial_objectstorage' retrieved from /home/airflow/.local/lib/python3.9/site-packages/airflow/example_dags/tutorial_objectstorage.py
[2024-04-21T19:53:29.872+0000] {logging_mixin.py:188} INFO - [2024-04-21T19:53:29.872+0000] {dag.py:3047} INFO - Sync 1 DAGs
[2024-04-21T19:53:29.896+0000] {logging_mixin.py:188} INFO - [2024-04-21T19:53:29.896+0000] {dag.py:3834} INFO - Setting next_dagrun for tutorial_objectstorage to None, run_after=None
[2024-04-21T19:53:29.954+0000] {processor.py:183} INFO - Processing /home/airflow/.local/lib/python3.9/site-packages/airflow/example_dags/tutorial_objectstorage.py took 0.205 seconds
[2024-04-21T19:54:33.937+0000] {processor.py:161} INFO - Started process (PID=46) to work on /home/airflow/.local/lib/python3.9/site-packages/airflow/example_dags/tutorial_objectstorage.py
[2024-04-21T19:54:33.939+0000] {processor.py:830} INFO - Processing file /home/airflow/.local/lib/python3.9/site-packages/airflow/example_dags/tutorial_objectstorage.py for tasks to queue
[2024-04-21T19:54:33.941+0000] {logging_mixin.py:188} INFO - [2024-04-21T19:54:33.940+0000] {dagbag.py:540} INFO - Filling up the DagBag from /home/airflow/.local/lib/python3.9/site-packages/airflow/example_dags/tutorial_objectstorage.py
[2024-04-21T19:54:33.951+0000] {processor.py:840} INFO - DAG(s) 'tutorial_objectstorage' retrieved from /home/airflow/.local/lib/python3.9/site-packages/airflow/example_dags/tutorial_objectstorage.py
[2024-04-21T19:54:34.017+0000] {logging_mixin.py:188} INFO - [2024-04-21T19:54:34.017+0000] {dag.py:3047} INFO - Sync 1 DAGs
[2024-04-21T19:54:34.031+0000] {logging_mixin.py:188} INFO - [2024-04-21T19:54:34.031+0000] {dag.py:3834} INFO - Setting next_dagrun for tutorial_objectstorage to None, run_after=None
[2024-04-21T19:54:34.086+0000] {processor.py:183} INFO - Processing /home/airflow/.local/lib/python3.9/site-packages/airflow/example_dags/tutorial_objectstorage.py took 0.153 seconds
[2024-04-21T19:55:19.212+0000] {processor.py:161} INFO - Started process (PID=113) to work on /home/airflow/.local/lib/python3.9/site-packages/airflow/example_dags/tutorial_objectstorage.py
[2024-04-21T19:55:19.213+0000] {processor.py:830} INFO - Processing file /home/airflow/.local/lib/python3.9/site-packages/airflow/example_dags/tutorial_objectstorage.py for tasks to queue
[2024-04-21T19:55:19.216+0000] {logging_mixin.py:188} INFO - [2024-04-21T19:55:19.215+0000] {dagbag.py:540} INFO - Filling up the DagBag from /home/airflow/.local/lib/python3.9/site-packages/airflow/example_dags/tutorial_objectstorage.py
[2024-04-21T19:55:19.227+0000] {processor.py:840} INFO - DAG(s) 'tutorial_objectstorage' retrieved from /home/airflow/.local/lib/python3.9/site-packages/airflow/example_dags/tutorial_objectstorage.py
[2024-04-21T19:55:19.317+0000] {logging_mixin.py:188} INFO - [2024-04-21T19:55:19.317+0000] {dag.py:3047} INFO - Sync 1 DAGs
[2024-04-21T19:55:19.339+0000] {logging_mixin.py:188} INFO - [2024-04-21T19:55:19.338+0000] {dag.py:3834} INFO - Setting next_dagrun for tutorial_objectstorage to None, run_after=None
[2024-04-21T19:55:19.390+0000] {processor.py:183} INFO - Processing /home/airflow/.local/lib/python3.9/site-packages/airflow/example_dags/tutorial_objectstorage.py took 0.182 seconds
[2024-04-21T19:57:14.656+0000] {processor.py:161} INFO - Started process (PID=170) to work on /home/airflow/.local/lib/python3.9/site-packages/airflow/example_dags/tutorial_objectstorage.py
[2024-04-21T19:57:14.659+0000] {processor.py:830} INFO - Processing file /home/airflow/.local/lib/python3.9/site-packages/airflow/example_dags/tutorial_objectstorage.py for tasks to queue
[2024-04-21T19:57:14.665+0000] {logging_mixin.py:188} INFO - [2024-04-21T19:57:14.664+0000] {dagbag.py:540} INFO - Filling up the DagBag from /home/airflow/.local/lib/python3.9/site-packages/airflow/example_dags/tutorial_objectstorage.py
[2024-04-21T19:57:14.688+0000] {processor.py:840} INFO - DAG(s) 'tutorial_objectstorage' retrieved from /home/airflow/.local/lib/python3.9/site-packages/airflow/example_dags/tutorial_objectstorage.py
[2024-04-21T19:57:16.038+0000] {logging_mixin.py:188} INFO - [2024-04-21T19:57:16.030+0000] {dag.py:3047} INFO - Sync 1 DAGs
[2024-04-21T19:57:16.066+0000] {logging_mixin.py:188} INFO - [2024-04-21T19:57:16.065+0000] {dag.py:3834} INFO - Setting next_dagrun for tutorial_objectstorage to None, run_after=None
[2024-04-21T19:57:16.129+0000] {processor.py:183} INFO - Processing /home/airflow/.local/lib/python3.9/site-packages/airflow/example_dags/tutorial_objectstorage.py took 1.312 seconds
[2024-04-21T20:03:10.302+0000] {processor.py:161} INFO - Started process (PID=259) to work on /home/airflow/.local/lib/python3.9/site-packages/airflow/example_dags/tutorial_objectstorage.py
[2024-04-21T20:03:10.303+0000] {processor.py:830} INFO - Processing file /home/airflow/.local/lib/python3.9/site-packages/airflow/example_dags/tutorial_objectstorage.py for tasks to queue
[2024-04-21T20:03:10.305+0000] {logging_mixin.py:188} INFO - [2024-04-21T20:03:10.304+0000] {dagbag.py:540} INFO - Filling up the DagBag from /home/airflow/.local/lib/python3.9/site-packages/airflow/example_dags/tutorial_objectstorage.py
[2024-04-21T20:03:10.311+0000] {processor.py:840} INFO - DAG(s) 'tutorial_objectstorage' retrieved from /home/airflow/.local/lib/python3.9/site-packages/airflow/example_dags/tutorial_objectstorage.py
[2024-04-21T20:03:10.372+0000] {logging_mixin.py:188} INFO - [2024-04-21T20:03:10.372+0000] {dag.py:3047} INFO - Sync 1 DAGs
[2024-04-21T20:03:10.387+0000] {logging_mixin.py:188} INFO - [2024-04-21T20:03:10.386+0000] {dag.py:3834} INFO - Setting next_dagrun for tutorial_objectstorage to None, run_after=None
[2024-04-21T20:03:10.419+0000] {processor.py:183} INFO - Processing /home/airflow/.local/lib/python3.9/site-packages/airflow/example_dags/tutorial_objectstorage.py took 0.120 seconds
[2024-04-21T20:04:17.629+0000] {processor.py:161} INFO - Started process (PID=323) to work on /home/airflow/.local/lib/python3.9/site-packages/airflow/example_dags/tutorial_objectstorage.py
[2024-04-21T20:04:17.691+0000] {processor.py:830} INFO - Processing file /home/airflow/.local/lib/python3.9/site-packages/airflow/example_dags/tutorial_objectstorage.py for tasks to queue
[2024-04-21T20:04:17.693+0000] {logging_mixin.py:188} INFO - [2024-04-21T20:04:17.693+0000] {dagbag.py:540} INFO - Filling up the DagBag from /home/airflow/.local/lib/python3.9/site-packages/airflow/example_dags/tutorial_objectstorage.py
[2024-04-21T20:04:17.761+0000] {processor.py:840} INFO - DAG(s) 'tutorial_objectstorage' retrieved from /home/airflow/.local/lib/python3.9/site-packages/airflow/example_dags/tutorial_objectstorage.py
[2024-04-21T20:04:17.832+0000] {logging_mixin.py:188} INFO - [2024-04-21T20:04:17.831+0000] {dag.py:3047} INFO - Sync 1 DAGs
[2024-04-21T20:04:17.844+0000] {logging_mixin.py:188} INFO - [2024-04-21T20:04:17.844+0000] {dag.py:3834} INFO - Setting next_dagrun for tutorial_objectstorage to None, run_after=None
[2024-04-21T20:04:18.410+0000] {processor.py:183} INFO - Processing /home/airflow/.local/lib/python3.9/site-packages/airflow/example_dags/tutorial_objectstorage.py took 0.785 seconds
[2024-04-21T20:04:48.930+0000] {processor.py:161} INFO - Started process (PID=382) to work on /home/airflow/.local/lib/python3.9/site-packages/airflow/example_dags/tutorial_objectstorage.py
[2024-04-21T20:04:48.932+0000] {processor.py:830} INFO - Processing file /home/airflow/.local/lib/python3.9/site-packages/airflow/example_dags/tutorial_objectstorage.py for tasks to queue
[2024-04-21T20:04:48.934+0000] {logging_mixin.py:188} INFO - [2024-04-21T20:04:48.934+0000] {dagbag.py:540} INFO - Filling up the DagBag from /home/airflow/.local/lib/python3.9/site-packages/airflow/example_dags/tutorial_objectstorage.py
[2024-04-21T20:04:48.947+0000] {processor.py:840} INFO - DAG(s) 'tutorial_objectstorage' retrieved from /home/airflow/.local/lib/python3.9/site-packages/airflow/example_dags/tutorial_objectstorage.py
[2024-04-21T20:04:49.075+0000] {logging_mixin.py:188} INFO - [2024-04-21T20:04:49.074+0000] {dag.py:3047} INFO - Sync 1 DAGs
[2024-04-21T20:04:49.114+0000] {logging_mixin.py:188} INFO - [2024-04-21T20:04:49.113+0000] {dag.py:3834} INFO - Setting next_dagrun for tutorial_objectstorage to None, run_after=None
[2024-04-21T20:04:49.179+0000] {processor.py:183} INFO - Processing /home/airflow/.local/lib/python3.9/site-packages/airflow/example_dags/tutorial_objectstorage.py took 0.254 seconds
[2024-04-21T20:05:19.508+0000] {processor.py:161} INFO - Started process (PID=439) to work on /home/airflow/.local/lib/python3.9/site-packages/airflow/example_dags/tutorial_objectstorage.py
[2024-04-21T20:05:19.510+0000] {processor.py:830} INFO - Processing file /home/airflow/.local/lib/python3.9/site-packages/airflow/example_dags/tutorial_objectstorage.py for tasks to queue
[2024-04-21T20:05:19.512+0000] {logging_mixin.py:188} INFO - [2024-04-21T20:05:19.512+0000] {dagbag.py:540} INFO - Filling up the DagBag from /home/airflow/.local/lib/python3.9/site-packages/airflow/example_dags/tutorial_objectstorage.py
[2024-04-21T20:05:19.524+0000] {processor.py:840} INFO - DAG(s) 'tutorial_objectstorage' retrieved from /home/airflow/.local/lib/python3.9/site-packages/airflow/example_dags/tutorial_objectstorage.py
[2024-04-21T20:05:19.618+0000] {logging_mixin.py:188} INFO - [2024-04-21T20:05:19.618+0000] {dag.py:3047} INFO - Sync 1 DAGs
[2024-04-21T20:05:19.637+0000] {logging_mixin.py:188} INFO - [2024-04-21T20:05:19.637+0000] {dag.py:3834} INFO - Setting next_dagrun for tutorial_objectstorage to None, run_after=None
[2024-04-21T20:05:19.687+0000] {processor.py:183} INFO - Processing /home/airflow/.local/lib/python3.9/site-packages/airflow/example_dags/tutorial_objectstorage.py took 0.184 seconds
[2024-04-21T20:05:50.025+0000] {processor.py:161} INFO - Started process (PID=496) to work on /home/airflow/.local/lib/python3.9/site-packages/airflow/example_dags/tutorial_objectstorage.py
[2024-04-21T20:05:50.027+0000] {processor.py:830} INFO - Processing file /home/airflow/.local/lib/python3.9/site-packages/airflow/example_dags/tutorial_objectstorage.py for tasks to queue
[2024-04-21T20:05:50.029+0000] {logging_mixin.py:188} INFO - [2024-04-21T20:05:50.028+0000] {dagbag.py:540} INFO - Filling up the DagBag from /home/airflow/.local/lib/python3.9/site-packages/airflow/example_dags/tutorial_objectstorage.py
[2024-04-21T20:05:50.040+0000] {processor.py:840} INFO - DAG(s) 'tutorial_objectstorage' retrieved from /home/airflow/.local/lib/python3.9/site-packages/airflow/example_dags/tutorial_objectstorage.py
[2024-04-21T20:05:50.165+0000] {logging_mixin.py:188} INFO - [2024-04-21T20:05:50.164+0000] {dag.py:3047} INFO - Sync 1 DAGs
[2024-04-21T20:05:50.184+0000] {logging_mixin.py:188} INFO - [2024-04-21T20:05:50.184+0000] {dag.py:3834} INFO - Setting next_dagrun for tutorial_objectstorage to None, run_after=None
[2024-04-21T20:05:50.235+0000] {processor.py:183} INFO - Processing /home/airflow/.local/lib/python3.9/site-packages/airflow/example_dags/tutorial_objectstorage.py took 0.215 seconds
[2024-04-21T20:06:45.029+0000] {processor.py:161} INFO - Started process (PID=560) to work on /home/airflow/.local/lib/python3.9/site-packages/airflow/example_dags/tutorial_objectstorage.py
[2024-04-21T20:06:45.030+0000] {processor.py:830} INFO - Processing file /home/airflow/.local/lib/python3.9/site-packages/airflow/example_dags/tutorial_objectstorage.py for tasks to queue
[2024-04-21T20:06:45.032+0000] {logging_mixin.py:188} INFO - [2024-04-21T20:06:45.031+0000] {dagbag.py:540} INFO - Filling up the DagBag from /home/airflow/.local/lib/python3.9/site-packages/airflow/example_dags/tutorial_objectstorage.py
[2024-04-21T20:06:45.041+0000] {processor.py:840} INFO - DAG(s) 'tutorial_objectstorage' retrieved from /home/airflow/.local/lib/python3.9/site-packages/airflow/example_dags/tutorial_objectstorage.py
[2024-04-21T20:06:45.105+0000] {logging_mixin.py:188} INFO - [2024-04-21T20:06:45.104+0000] {dag.py:3047} INFO - Sync 1 DAGs
[2024-04-21T20:06:45.121+0000] {logging_mixin.py:188} INFO - [2024-04-21T20:06:45.121+0000] {dag.py:3834} INFO - Setting next_dagrun for tutorial_objectstorage to None, run_after=None
[2024-04-21T20:06:45.171+0000] {processor.py:183} INFO - Processing /home/airflow/.local/lib/python3.9/site-packages/airflow/example_dags/tutorial_objectstorage.py took 0.145 seconds
[2024-04-21T20:07:16.470+0000] {processor.py:161} INFO - Started process (PID=618) to work on /home/airflow/.local/lib/python3.9/site-packages/airflow/example_dags/tutorial_objectstorage.py
[2024-04-21T20:07:16.471+0000] {processor.py:830} INFO - Processing file /home/airflow/.local/lib/python3.9/site-packages/airflow/example_dags/tutorial_objectstorage.py for tasks to queue
[2024-04-21T20:07:16.474+0000] {logging_mixin.py:188} INFO - [2024-04-21T20:07:16.473+0000] {dagbag.py:540} INFO - Filling up the DagBag from /home/airflow/.local/lib/python3.9/site-packages/airflow/example_dags/tutorial_objectstorage.py
[2024-04-21T20:07:16.488+0000] {processor.py:840} INFO - DAG(s) 'tutorial_objectstorage' retrieved from /home/airflow/.local/lib/python3.9/site-packages/airflow/example_dags/tutorial_objectstorage.py
[2024-04-21T20:07:16.602+0000] {logging_mixin.py:188} INFO - [2024-04-21T20:07:16.601+0000] {dag.py:3047} INFO - Sync 1 DAGs
[2024-04-21T20:07:16.625+0000] {logging_mixin.py:188} INFO - [2024-04-21T20:07:16.624+0000] {dag.py:3834} INFO - Setting next_dagrun for tutorial_objectstorage to None, run_after=None
[2024-04-21T20:07:16.680+0000] {processor.py:183} INFO - Processing /home/airflow/.local/lib/python3.9/site-packages/airflow/example_dags/tutorial_objectstorage.py took 0.216 seconds
[2024-04-21T20:07:47.348+0000] {processor.py:161} INFO - Started process (PID=675) to work on /home/airflow/.local/lib/python3.9/site-packages/airflow/example_dags/tutorial_objectstorage.py
[2024-04-21T20:07:47.350+0000] {processor.py:830} INFO - Processing file /home/airflow/.local/lib/python3.9/site-packages/airflow/example_dags/tutorial_objectstorage.py for tasks to queue
[2024-04-21T20:07:47.353+0000] {logging_mixin.py:188} INFO - [2024-04-21T20:07:47.352+0000] {dagbag.py:540} INFO - Filling up the DagBag from /home/airflow/.local/lib/python3.9/site-packages/airflow/example_dags/tutorial_objectstorage.py
[2024-04-21T20:07:47.365+0000] {processor.py:840} INFO - DAG(s) 'tutorial_objectstorage' retrieved from /home/airflow/.local/lib/python3.9/site-packages/airflow/example_dags/tutorial_objectstorage.py
[2024-04-21T20:07:47.466+0000] {logging_mixin.py:188} INFO - [2024-04-21T20:07:47.465+0000] {dag.py:3047} INFO - Sync 1 DAGs
[2024-04-21T20:07:47.492+0000] {logging_mixin.py:188} INFO - [2024-04-21T20:07:47.491+0000] {dag.py:3834} INFO - Setting next_dagrun for tutorial_objectstorage to None, run_after=None
[2024-04-21T20:07:47.572+0000] {processor.py:183} INFO - Processing /home/airflow/.local/lib/python3.9/site-packages/airflow/example_dags/tutorial_objectstorage.py took 0.228 seconds
[2024-04-21T20:08:21.198+0000] {processor.py:161} INFO - Started process (PID=731) to work on /home/airflow/.local/lib/python3.9/site-packages/airflow/example_dags/tutorial_objectstorage.py
[2024-04-21T20:08:21.199+0000] {processor.py:830} INFO - Processing file /home/airflow/.local/lib/python3.9/site-packages/airflow/example_dags/tutorial_objectstorage.py for tasks to queue
[2024-04-21T20:08:21.201+0000] {logging_mixin.py:188} INFO - [2024-04-21T20:08:21.201+0000] {dagbag.py:540} INFO - Filling up the DagBag from /home/airflow/.local/lib/python3.9/site-packages/airflow/example_dags/tutorial_objectstorage.py
[2024-04-21T20:08:21.214+0000] {processor.py:840} INFO - DAG(s) 'tutorial_objectstorage' retrieved from /home/airflow/.local/lib/python3.9/site-packages/airflow/example_dags/tutorial_objectstorage.py
[2024-04-21T20:08:21.308+0000] {logging_mixin.py:188} INFO - [2024-04-21T20:08:21.307+0000] {dag.py:3047} INFO - Sync 1 DAGs
[2024-04-21T20:08:21.324+0000] {logging_mixin.py:188} INFO - [2024-04-21T20:08:21.324+0000] {dag.py:3834} INFO - Setting next_dagrun for tutorial_objectstorage to None, run_after=None
[2024-04-21T20:08:21.363+0000] {processor.py:183} INFO - Processing /home/airflow/.local/lib/python3.9/site-packages/airflow/example_dags/tutorial_objectstorage.py took 0.169 seconds
[2024-04-21T20:09:51.169+0000] {processor.py:161} INFO - Started process (PID=788) to work on /home/airflow/.local/lib/python3.9/site-packages/airflow/example_dags/tutorial_objectstorage.py
[2024-04-21T20:09:51.173+0000] {processor.py:830} INFO - Processing file /home/airflow/.local/lib/python3.9/site-packages/airflow/example_dags/tutorial_objectstorage.py for tasks to queue
[2024-04-21T20:09:51.177+0000] {logging_mixin.py:188} INFO - [2024-04-21T20:09:51.176+0000] {dagbag.py:540} INFO - Filling up the DagBag from /home/airflow/.local/lib/python3.9/site-packages/airflow/example_dags/tutorial_objectstorage.py
[2024-04-21T20:09:51.211+0000] {processor.py:840} INFO - DAG(s) 'tutorial_objectstorage' retrieved from /home/airflow/.local/lib/python3.9/site-packages/airflow/example_dags/tutorial_objectstorage.py
[2024-04-21T20:09:52.184+0000] {logging_mixin.py:188} INFO - [2024-04-21T20:09:52.161+0000] {dag.py:3047} INFO - Sync 1 DAGs
[2024-04-21T20:09:52.201+0000] {logging_mixin.py:188} INFO - [2024-04-21T20:09:52.201+0000] {dag.py:3834} INFO - Setting next_dagrun for tutorial_objectstorage to None, run_after=None
[2024-04-21T20:09:52.313+0000] {processor.py:183} INFO - Processing /home/airflow/.local/lib/python3.9/site-packages/airflow/example_dags/tutorial_objectstorage.py took 1.154 seconds
[2024-04-21T20:10:22.434+0000] {processor.py:161} INFO - Started process (PID=845) to work on /home/airflow/.local/lib/python3.9/site-packages/airflow/example_dags/tutorial_objectstorage.py
[2024-04-21T20:10:22.436+0000] {processor.py:830} INFO - Processing file /home/airflow/.local/lib/python3.9/site-packages/airflow/example_dags/tutorial_objectstorage.py for tasks to queue
[2024-04-21T20:10:22.437+0000] {logging_mixin.py:188} INFO - [2024-04-21T20:10:22.437+0000] {dagbag.py:540} INFO - Filling up the DagBag from /home/airflow/.local/lib/python3.9/site-packages/airflow/example_dags/tutorial_objectstorage.py
[2024-04-21T20:10:22.445+0000] {processor.py:840} INFO - DAG(s) 'tutorial_objectstorage' retrieved from /home/airflow/.local/lib/python3.9/site-packages/airflow/example_dags/tutorial_objectstorage.py
[2024-04-21T20:10:22.518+0000] {logging_mixin.py:188} INFO - [2024-04-21T20:10:22.518+0000] {dag.py:3047} INFO - Sync 1 DAGs
[2024-04-21T20:10:22.531+0000] {logging_mixin.py:188} INFO - [2024-04-21T20:10:22.531+0000] {dag.py:3834} INFO - Setting next_dagrun for tutorial_objectstorage to None, run_after=None
[2024-04-21T20:10:22.565+0000] {processor.py:183} INFO - Processing /home/airflow/.local/lib/python3.9/site-packages/airflow/example_dags/tutorial_objectstorage.py took 0.135 seconds
[2024-04-21T20:10:52.818+0000] {processor.py:161} INFO - Started process (PID=902) to work on /home/airflow/.local/lib/python3.9/site-packages/airflow/example_dags/tutorial_objectstorage.py
[2024-04-21T20:10:52.820+0000] {processor.py:830} INFO - Processing file /home/airflow/.local/lib/python3.9/site-packages/airflow/example_dags/tutorial_objectstorage.py for tasks to queue
[2024-04-21T20:10:52.821+0000] {logging_mixin.py:188} INFO - [2024-04-21T20:10:52.821+0000] {dagbag.py:540} INFO - Filling up the DagBag from /home/airflow/.local/lib/python3.9/site-packages/airflow/example_dags/tutorial_objectstorage.py
[2024-04-21T20:10:52.830+0000] {processor.py:840} INFO - DAG(s) 'tutorial_objectstorage' retrieved from /home/airflow/.local/lib/python3.9/site-packages/airflow/example_dags/tutorial_objectstorage.py
[2024-04-21T20:10:52.890+0000] {logging_mixin.py:188} INFO - [2024-04-21T20:10:52.890+0000] {dag.py:3047} INFO - Sync 1 DAGs
[2024-04-21T20:10:52.904+0000] {logging_mixin.py:188} INFO - [2024-04-21T20:10:52.903+0000] {dag.py:3834} INFO - Setting next_dagrun for tutorial_objectstorage to None, run_after=None
[2024-04-21T20:10:52.942+0000] {processor.py:183} INFO - Processing /home/airflow/.local/lib/python3.9/site-packages/airflow/example_dags/tutorial_objectstorage.py took 0.127 seconds
[2024-04-21T20:14:16.975+0000] {processor.py:161} INFO - Started process (PID=46) to work on /home/airflow/.local/lib/python3.9/site-packages/airflow/example_dags/tutorial_objectstorage.py
[2024-04-21T20:14:16.977+0000] {processor.py:830} INFO - Processing file /home/airflow/.local/lib/python3.9/site-packages/airflow/example_dags/tutorial_objectstorage.py for tasks to queue
[2024-04-21T20:14:16.980+0000] {logging_mixin.py:188} INFO - [2024-04-21T20:14:16.980+0000] {dagbag.py:540} INFO - Filling up the DagBag from /home/airflow/.local/lib/python3.9/site-packages/airflow/example_dags/tutorial_objectstorage.py
[2024-04-21T20:14:16.998+0000] {processor.py:840} INFO - DAG(s) 'tutorial_objectstorage' retrieved from /home/airflow/.local/lib/python3.9/site-packages/airflow/example_dags/tutorial_objectstorage.py
[2024-04-21T20:14:17.085+0000] {logging_mixin.py:188} INFO - [2024-04-21T20:14:17.084+0000] {dag.py:3047} INFO - Sync 1 DAGs
[2024-04-21T20:14:17.112+0000] {logging_mixin.py:188} INFO - [2024-04-21T20:14:17.112+0000] {dag.py:3834} INFO - Setting next_dagrun for tutorial_objectstorage to None, run_after=None
[2024-04-21T20:14:17.170+0000] {processor.py:183} INFO - Processing /home/airflow/.local/lib/python3.9/site-packages/airflow/example_dags/tutorial_objectstorage.py took 0.203 seconds
[2024-04-21T20:14:47.887+0000] {processor.py:161} INFO - Started process (PID=104) to work on /home/airflow/.local/lib/python3.9/site-packages/airflow/example_dags/tutorial_objectstorage.py
[2024-04-21T20:14:47.889+0000] {processor.py:830} INFO - Processing file /home/airflow/.local/lib/python3.9/site-packages/airflow/example_dags/tutorial_objectstorage.py for tasks to queue
[2024-04-21T20:14:47.891+0000] {logging_mixin.py:188} INFO - [2024-04-21T20:14:47.890+0000] {dagbag.py:540} INFO - Filling up the DagBag from /home/airflow/.local/lib/python3.9/site-packages/airflow/example_dags/tutorial_objectstorage.py
[2024-04-21T20:14:47.898+0000] {processor.py:840} INFO - DAG(s) 'tutorial_objectstorage' retrieved from /home/airflow/.local/lib/python3.9/site-packages/airflow/example_dags/tutorial_objectstorage.py
[2024-04-21T20:14:48.041+0000] {logging_mixin.py:188} INFO - [2024-04-21T20:14:48.040+0000] {dag.py:3047} INFO - Sync 1 DAGs
[2024-04-21T20:14:48.054+0000] {logging_mixin.py:188} INFO - [2024-04-21T20:14:48.053+0000] {dag.py:3834} INFO - Setting next_dagrun for tutorial_objectstorage to None, run_after=None
[2024-04-21T20:14:48.088+0000] {processor.py:183} INFO - Processing /home/airflow/.local/lib/python3.9/site-packages/airflow/example_dags/tutorial_objectstorage.py took 0.204 seconds
[2024-04-21T20:15:19.127+0000] {processor.py:161} INFO - Started process (PID=161) to work on /home/airflow/.local/lib/python3.9/site-packages/airflow/example_dags/tutorial_objectstorage.py
[2024-04-21T20:15:19.128+0000] {processor.py:830} INFO - Processing file /home/airflow/.local/lib/python3.9/site-packages/airflow/example_dags/tutorial_objectstorage.py for tasks to queue
[2024-04-21T20:15:19.130+0000] {logging_mixin.py:188} INFO - [2024-04-21T20:15:19.130+0000] {dagbag.py:540} INFO - Filling up the DagBag from /home/airflow/.local/lib/python3.9/site-packages/airflow/example_dags/tutorial_objectstorage.py
[2024-04-21T20:15:19.138+0000] {processor.py:840} INFO - DAG(s) 'tutorial_objectstorage' retrieved from /home/airflow/.local/lib/python3.9/site-packages/airflow/example_dags/tutorial_objectstorage.py
[2024-04-21T20:15:19.218+0000] {logging_mixin.py:188} INFO - [2024-04-21T20:15:19.217+0000] {dag.py:3047} INFO - Sync 1 DAGs
[2024-04-21T20:15:19.233+0000] {logging_mixin.py:188} INFO - [2024-04-21T20:15:19.233+0000] {dag.py:3834} INFO - Setting next_dagrun for tutorial_objectstorage to None, run_after=None
[2024-04-21T20:15:19.274+0000] {processor.py:183} INFO - Processing /home/airflow/.local/lib/python3.9/site-packages/airflow/example_dags/tutorial_objectstorage.py took 0.150 seconds
[2024-04-21T20:16:15.760+0000] {processor.py:161} INFO - Started process (PID=46) to work on /home/airflow/.local/lib/python3.9/site-packages/airflow/example_dags/tutorial_objectstorage.py
[2024-04-21T20:16:15.762+0000] {processor.py:830} INFO - Processing file /home/airflow/.local/lib/python3.9/site-packages/airflow/example_dags/tutorial_objectstorage.py for tasks to queue
[2024-04-21T20:16:15.764+0000] {logging_mixin.py:188} INFO - [2024-04-21T20:16:15.764+0000] {dagbag.py:540} INFO - Filling up the DagBag from /home/airflow/.local/lib/python3.9/site-packages/airflow/example_dags/tutorial_objectstorage.py
[2024-04-21T20:16:15.773+0000] {processor.py:840} INFO - DAG(s) 'tutorial_objectstorage' retrieved from /home/airflow/.local/lib/python3.9/site-packages/airflow/example_dags/tutorial_objectstorage.py
[2024-04-21T20:16:15.834+0000] {logging_mixin.py:188} INFO - [2024-04-21T20:16:15.833+0000] {dag.py:3047} INFO - Sync 1 DAGs
[2024-04-21T20:16:15.850+0000] {logging_mixin.py:188} INFO - [2024-04-21T20:16:15.850+0000] {dag.py:3834} INFO - Setting next_dagrun for tutorial_objectstorage to None, run_after=None
[2024-04-21T20:16:15.892+0000] {processor.py:183} INFO - Processing /home/airflow/.local/lib/python3.9/site-packages/airflow/example_dags/tutorial_objectstorage.py took 0.134 seconds
[2024-04-21T20:16:46.744+0000] {processor.py:161} INFO - Started process (PID=103) to work on /home/airflow/.local/lib/python3.9/site-packages/airflow/example_dags/tutorial_objectstorage.py
[2024-04-21T20:16:46.745+0000] {processor.py:830} INFO - Processing file /home/airflow/.local/lib/python3.9/site-packages/airflow/example_dags/tutorial_objectstorage.py for tasks to queue
[2024-04-21T20:16:46.747+0000] {logging_mixin.py:188} INFO - [2024-04-21T20:16:46.747+0000] {dagbag.py:540} INFO - Filling up the DagBag from /home/airflow/.local/lib/python3.9/site-packages/airflow/example_dags/tutorial_objectstorage.py
[2024-04-21T20:16:46.753+0000] {processor.py:840} INFO - DAG(s) 'tutorial_objectstorage' retrieved from /home/airflow/.local/lib/python3.9/site-packages/airflow/example_dags/tutorial_objectstorage.py
[2024-04-21T20:16:46.812+0000] {logging_mixin.py:188} INFO - [2024-04-21T20:16:46.811+0000] {dag.py:3047} INFO - Sync 1 DAGs
[2024-04-21T20:16:46.825+0000] {logging_mixin.py:188} INFO - [2024-04-21T20:16:46.825+0000] {dag.py:3834} INFO - Setting next_dagrun for tutorial_objectstorage to None, run_after=None
[2024-04-21T20:16:46.863+0000] {processor.py:183} INFO - Processing /home/airflow/.local/lib/python3.9/site-packages/airflow/example_dags/tutorial_objectstorage.py took 0.122 seconds
[2024-04-21T20:17:17.337+0000] {processor.py:161} INFO - Started process (PID=160) to work on /home/airflow/.local/lib/python3.9/site-packages/airflow/example_dags/tutorial_objectstorage.py
[2024-04-21T20:17:17.338+0000] {processor.py:830} INFO - Processing file /home/airflow/.local/lib/python3.9/site-packages/airflow/example_dags/tutorial_objectstorage.py for tasks to queue
[2024-04-21T20:17:17.340+0000] {logging_mixin.py:188} INFO - [2024-04-21T20:17:17.340+0000] {dagbag.py:540} INFO - Filling up the DagBag from /home/airflow/.local/lib/python3.9/site-packages/airflow/example_dags/tutorial_objectstorage.py
[2024-04-21T20:17:17.348+0000] {processor.py:840} INFO - DAG(s) 'tutorial_objectstorage' retrieved from /home/airflow/.local/lib/python3.9/site-packages/airflow/example_dags/tutorial_objectstorage.py
[2024-04-21T20:17:17.414+0000] {logging_mixin.py:188} INFO - [2024-04-21T20:17:17.414+0000] {dag.py:3047} INFO - Sync 1 DAGs
[2024-04-21T20:17:17.427+0000] {logging_mixin.py:188} INFO - [2024-04-21T20:17:17.426+0000] {dag.py:3834} INFO - Setting next_dagrun for tutorial_objectstorage to None, run_after=None
[2024-04-21T20:17:17.468+0000] {processor.py:183} INFO - Processing /home/airflow/.local/lib/python3.9/site-packages/airflow/example_dags/tutorial_objectstorage.py took 0.134 seconds
[2024-04-21T20:17:47.800+0000] {processor.py:161} INFO - Started process (PID=215) to work on /home/airflow/.local/lib/python3.9/site-packages/airflow/example_dags/tutorial_objectstorage.py
[2024-04-21T20:17:47.802+0000] {processor.py:830} INFO - Processing file /home/airflow/.local/lib/python3.9/site-packages/airflow/example_dags/tutorial_objectstorage.py for tasks to queue
[2024-04-21T20:17:47.804+0000] {logging_mixin.py:188} INFO - [2024-04-21T20:17:47.804+0000] {dagbag.py:540} INFO - Filling up the DagBag from /home/airflow/.local/lib/python3.9/site-packages/airflow/example_dags/tutorial_objectstorage.py
[2024-04-21T20:17:47.811+0000] {processor.py:840} INFO - DAG(s) 'tutorial_objectstorage' retrieved from /home/airflow/.local/lib/python3.9/site-packages/airflow/example_dags/tutorial_objectstorage.py
[2024-04-21T20:17:47.865+0000] {logging_mixin.py:188} INFO - [2024-04-21T20:17:47.864+0000] {dag.py:3047} INFO - Sync 1 DAGs
[2024-04-21T20:17:47.877+0000] {logging_mixin.py:188} INFO - [2024-04-21T20:17:47.877+0000] {dag.py:3834} INFO - Setting next_dagrun for tutorial_objectstorage to None, run_after=None
[2024-04-21T20:17:47.917+0000] {processor.py:183} INFO - Processing /home/airflow/.local/lib/python3.9/site-packages/airflow/example_dags/tutorial_objectstorage.py took 0.120 seconds
[2024-04-21T20:18:18.694+0000] {processor.py:161} INFO - Started process (PID=272) to work on /home/airflow/.local/lib/python3.9/site-packages/airflow/example_dags/tutorial_objectstorage.py
[2024-04-21T20:18:18.695+0000] {processor.py:830} INFO - Processing file /home/airflow/.local/lib/python3.9/site-packages/airflow/example_dags/tutorial_objectstorage.py for tasks to queue
[2024-04-21T20:18:18.698+0000] {logging_mixin.py:188} INFO - [2024-04-21T20:18:18.698+0000] {dagbag.py:540} INFO - Filling up the DagBag from /home/airflow/.local/lib/python3.9/site-packages/airflow/example_dags/tutorial_objectstorage.py
[2024-04-21T20:18:18.705+0000] {processor.py:840} INFO - DAG(s) 'tutorial_objectstorage' retrieved from /home/airflow/.local/lib/python3.9/site-packages/airflow/example_dags/tutorial_objectstorage.py
[2024-04-21T20:18:18.770+0000] {logging_mixin.py:188} INFO - [2024-04-21T20:18:18.769+0000] {dag.py:3047} INFO - Sync 1 DAGs
[2024-04-21T20:18:18.783+0000] {logging_mixin.py:188} INFO - [2024-04-21T20:18:18.783+0000] {dag.py:3834} INFO - Setting next_dagrun for tutorial_objectstorage to None, run_after=None
[2024-04-21T20:18:18.822+0000] {processor.py:183} INFO - Processing /home/airflow/.local/lib/python3.9/site-packages/airflow/example_dags/tutorial_objectstorage.py took 0.131 seconds
[2024-04-21T20:18:49.136+0000] {processor.py:161} INFO - Started process (PID=329) to work on /home/airflow/.local/lib/python3.9/site-packages/airflow/example_dags/tutorial_objectstorage.py
[2024-04-21T20:18:49.137+0000] {processor.py:830} INFO - Processing file /home/airflow/.local/lib/python3.9/site-packages/airflow/example_dags/tutorial_objectstorage.py for tasks to queue
[2024-04-21T20:18:49.140+0000] {logging_mixin.py:188} INFO - [2024-04-21T20:18:49.139+0000] {dagbag.py:540} INFO - Filling up the DagBag from /home/airflow/.local/lib/python3.9/site-packages/airflow/example_dags/tutorial_objectstorage.py
[2024-04-21T20:18:49.147+0000] {processor.py:840} INFO - DAG(s) 'tutorial_objectstorage' retrieved from /home/airflow/.local/lib/python3.9/site-packages/airflow/example_dags/tutorial_objectstorage.py
[2024-04-21T20:18:49.213+0000] {logging_mixin.py:188} INFO - [2024-04-21T20:18:49.212+0000] {dag.py:3047} INFO - Sync 1 DAGs
[2024-04-21T20:18:49.226+0000] {logging_mixin.py:188} INFO - [2024-04-21T20:18:49.226+0000] {dag.py:3834} INFO - Setting next_dagrun for tutorial_objectstorage to None, run_after=None
[2024-04-21T20:18:49.267+0000] {processor.py:183} INFO - Processing /home/airflow/.local/lib/python3.9/site-packages/airflow/example_dags/tutorial_objectstorage.py took 0.135 seconds
[2024-04-21T20:32:46.776+0000] {processor.py:161} INFO - Started process (PID=46) to work on /home/airflow/.local/lib/python3.9/site-packages/airflow/example_dags/tutorial_objectstorage.py
[2024-04-21T20:32:46.783+0000] {processor.py:830} INFO - Processing file /home/airflow/.local/lib/python3.9/site-packages/airflow/example_dags/tutorial_objectstorage.py for tasks to queue
[2024-04-21T20:32:46.788+0000] {logging_mixin.py:188} INFO - [2024-04-21T20:32:46.787+0000] {dagbag.py:540} INFO - Filling up the DagBag from /home/airflow/.local/lib/python3.9/site-packages/airflow/example_dags/tutorial_objectstorage.py
[2024-04-21T20:32:46.808+0000] {processor.py:840} INFO - DAG(s) 'tutorial_objectstorage' retrieved from /home/airflow/.local/lib/python3.9/site-packages/airflow/example_dags/tutorial_objectstorage.py
[2024-04-21T20:32:46.903+0000] {logging_mixin.py:188} INFO - [2024-04-21T20:32:46.903+0000] {dag.py:3047} INFO - Sync 1 DAGs
[2024-04-21T20:32:46.983+0000] {logging_mixin.py:188} INFO - [2024-04-21T20:32:46.983+0000] {dag.py:3834} INFO - Setting next_dagrun for tutorial_objectstorage to None, run_after=None
[2024-04-21T20:32:47.046+0000] {processor.py:183} INFO - Processing /home/airflow/.local/lib/python3.9/site-packages/airflow/example_dags/tutorial_objectstorage.py took 0.274 seconds
[2024-04-21T20:33:21.175+0000] {processor.py:161} INFO - Started process (PID=46) to work on /home/airflow/.local/lib/python3.9/site-packages/airflow/example_dags/tutorial_objectstorage.py
[2024-04-21T20:33:21.177+0000] {processor.py:830} INFO - Processing file /home/airflow/.local/lib/python3.9/site-packages/airflow/example_dags/tutorial_objectstorage.py for tasks to queue
[2024-04-21T20:33:21.181+0000] {logging_mixin.py:188} INFO - [2024-04-21T20:33:21.180+0000] {dagbag.py:540} INFO - Filling up the DagBag from /home/airflow/.local/lib/python3.9/site-packages/airflow/example_dags/tutorial_objectstorage.py
[2024-04-21T20:33:21.191+0000] {processor.py:840} INFO - DAG(s) 'tutorial_objectstorage' retrieved from /home/airflow/.local/lib/python3.9/site-packages/airflow/example_dags/tutorial_objectstorage.py
[2024-04-21T20:33:21.423+0000] {logging_mixin.py:188} INFO - [2024-04-21T20:33:21.422+0000] {dag.py:3047} INFO - Sync 1 DAGs
[2024-04-21T20:33:21.501+0000] {logging_mixin.py:188} INFO - [2024-04-21T20:33:21.501+0000] {dag.py:3834} INFO - Setting next_dagrun for tutorial_objectstorage to None, run_after=None
[2024-04-21T20:33:21.637+0000] {processor.py:183} INFO - Processing /home/airflow/.local/lib/python3.9/site-packages/airflow/example_dags/tutorial_objectstorage.py took 0.465 seconds
[2024-04-21T20:33:52.096+0000] {processor.py:161} INFO - Started process (PID=103) to work on /home/airflow/.local/lib/python3.9/site-packages/airflow/example_dags/tutorial_objectstorage.py
[2024-04-21T20:33:52.098+0000] {processor.py:830} INFO - Processing file /home/airflow/.local/lib/python3.9/site-packages/airflow/example_dags/tutorial_objectstorage.py for tasks to queue
[2024-04-21T20:33:52.100+0000] {logging_mixin.py:188} INFO - [2024-04-21T20:33:52.100+0000] {dagbag.py:540} INFO - Filling up the DagBag from /home/airflow/.local/lib/python3.9/site-packages/airflow/example_dags/tutorial_objectstorage.py
[2024-04-21T20:33:52.108+0000] {processor.py:840} INFO - DAG(s) 'tutorial_objectstorage' retrieved from /home/airflow/.local/lib/python3.9/site-packages/airflow/example_dags/tutorial_objectstorage.py
[2024-04-21T20:33:52.166+0000] {logging_mixin.py:188} INFO - [2024-04-21T20:33:52.166+0000] {dag.py:3047} INFO - Sync 1 DAGs
[2024-04-21T20:33:52.179+0000] {logging_mixin.py:188} INFO - [2024-04-21T20:33:52.179+0000] {dag.py:3834} INFO - Setting next_dagrun for tutorial_objectstorage to None, run_after=None
[2024-04-21T20:33:52.214+0000] {processor.py:183} INFO - Processing /home/airflow/.local/lib/python3.9/site-packages/airflow/example_dags/tutorial_objectstorage.py took 0.121 seconds
[2024-04-21T20:34:29.383+0000] {processor.py:161} INFO - Started process (PID=46) to work on /home/airflow/.local/lib/python3.9/site-packages/airflow/example_dags/tutorial_objectstorage.py
[2024-04-21T20:34:29.384+0000] {processor.py:830} INFO - Processing file /home/airflow/.local/lib/python3.9/site-packages/airflow/example_dags/tutorial_objectstorage.py for tasks to queue
[2024-04-21T20:34:29.388+0000] {logging_mixin.py:188} INFO - [2024-04-21T20:34:29.387+0000] {dagbag.py:540} INFO - Filling up the DagBag from /home/airflow/.local/lib/python3.9/site-packages/airflow/example_dags/tutorial_objectstorage.py
[2024-04-21T20:34:29.398+0000] {processor.py:840} INFO - DAG(s) 'tutorial_objectstorage' retrieved from /home/airflow/.local/lib/python3.9/site-packages/airflow/example_dags/tutorial_objectstorage.py
[2024-04-21T20:34:29.464+0000] {logging_mixin.py:188} INFO - [2024-04-21T20:34:29.464+0000] {dag.py:3047} INFO - Sync 1 DAGs
[2024-04-21T20:34:29.478+0000] {logging_mixin.py:188} INFO - [2024-04-21T20:34:29.478+0000] {dag.py:3834} INFO - Setting next_dagrun for tutorial_objectstorage to None, run_after=None
[2024-04-21T20:34:29.513+0000] {processor.py:183} INFO - Processing /home/airflow/.local/lib/python3.9/site-packages/airflow/example_dags/tutorial_objectstorage.py took 0.135 seconds
[2024-04-21T20:35:00.688+0000] {processor.py:161} INFO - Started process (PID=103) to work on /home/airflow/.local/lib/python3.9/site-packages/airflow/example_dags/tutorial_objectstorage.py
[2024-04-21T20:35:00.690+0000] {processor.py:830} INFO - Processing file /home/airflow/.local/lib/python3.9/site-packages/airflow/example_dags/tutorial_objectstorage.py for tasks to queue
[2024-04-21T20:35:00.692+0000] {logging_mixin.py:188} INFO - [2024-04-21T20:35:00.692+0000] {dagbag.py:540} INFO - Filling up the DagBag from /home/airflow/.local/lib/python3.9/site-packages/airflow/example_dags/tutorial_objectstorage.py
[2024-04-21T20:35:00.700+0000] {processor.py:840} INFO - DAG(s) 'tutorial_objectstorage' retrieved from /home/airflow/.local/lib/python3.9/site-packages/airflow/example_dags/tutorial_objectstorage.py
[2024-04-21T20:35:00.752+0000] {logging_mixin.py:188} INFO - [2024-04-21T20:35:00.752+0000] {dag.py:3047} INFO - Sync 1 DAGs
[2024-04-21T20:35:00.766+0000] {logging_mixin.py:188} INFO - [2024-04-21T20:35:00.766+0000] {dag.py:3834} INFO - Setting next_dagrun for tutorial_objectstorage to None, run_after=None
[2024-04-21T20:35:00.800+0000] {processor.py:183} INFO - Processing /home/airflow/.local/lib/python3.9/site-packages/airflow/example_dags/tutorial_objectstorage.py took 0.115 seconds
[2024-04-21T20:35:31.737+0000] {processor.py:161} INFO - Started process (PID=160) to work on /home/airflow/.local/lib/python3.9/site-packages/airflow/example_dags/tutorial_objectstorage.py
[2024-04-21T20:35:31.738+0000] {processor.py:830} INFO - Processing file /home/airflow/.local/lib/python3.9/site-packages/airflow/example_dags/tutorial_objectstorage.py for tasks to queue
[2024-04-21T20:35:31.741+0000] {logging_mixin.py:188} INFO - [2024-04-21T20:35:31.740+0000] {dagbag.py:540} INFO - Filling up the DagBag from /home/airflow/.local/lib/python3.9/site-packages/airflow/example_dags/tutorial_objectstorage.py
[2024-04-21T20:35:31.748+0000] {processor.py:840} INFO - DAG(s) 'tutorial_objectstorage' retrieved from /home/airflow/.local/lib/python3.9/site-packages/airflow/example_dags/tutorial_objectstorage.py
[2024-04-21T20:35:31.806+0000] {logging_mixin.py:188} INFO - [2024-04-21T20:35:31.806+0000] {dag.py:3047} INFO - Sync 1 DAGs
[2024-04-21T20:35:31.819+0000] {logging_mixin.py:188} INFO - [2024-04-21T20:35:31.819+0000] {dag.py:3834} INFO - Setting next_dagrun for tutorial_objectstorage to None, run_after=None
[2024-04-21T20:35:31.853+0000] {processor.py:183} INFO - Processing /home/airflow/.local/lib/python3.9/site-packages/airflow/example_dags/tutorial_objectstorage.py took 0.120 seconds
[2024-04-21T20:36:02.845+0000] {processor.py:161} INFO - Started process (PID=217) to work on /home/airflow/.local/lib/python3.9/site-packages/airflow/example_dags/tutorial_objectstorage.py
[2024-04-21T20:36:02.847+0000] {processor.py:830} INFO - Processing file /home/airflow/.local/lib/python3.9/site-packages/airflow/example_dags/tutorial_objectstorage.py for tasks to queue
[2024-04-21T20:36:02.850+0000] {logging_mixin.py:188} INFO - [2024-04-21T20:36:02.849+0000] {dagbag.py:540} INFO - Filling up the DagBag from /home/airflow/.local/lib/python3.9/site-packages/airflow/example_dags/tutorial_objectstorage.py
[2024-04-21T20:36:02.857+0000] {processor.py:840} INFO - DAG(s) 'tutorial_objectstorage' retrieved from /home/airflow/.local/lib/python3.9/site-packages/airflow/example_dags/tutorial_objectstorage.py
[2024-04-21T20:36:02.915+0000] {logging_mixin.py:188} INFO - [2024-04-21T20:36:02.914+0000] {dag.py:3047} INFO - Sync 1 DAGs
[2024-04-21T20:36:02.928+0000] {logging_mixin.py:188} INFO - [2024-04-21T20:36:02.928+0000] {dag.py:3834} INFO - Setting next_dagrun for tutorial_objectstorage to None, run_after=None
[2024-04-21T20:36:02.961+0000] {processor.py:183} INFO - Processing /home/airflow/.local/lib/python3.9/site-packages/airflow/example_dags/tutorial_objectstorage.py took 0.119 seconds
[2024-04-21T20:36:33.180+0000] {processor.py:161} INFO - Started process (PID=274) to work on /home/airflow/.local/lib/python3.9/site-packages/airflow/example_dags/tutorial_objectstorage.py
[2024-04-21T20:36:33.181+0000] {processor.py:830} INFO - Processing file /home/airflow/.local/lib/python3.9/site-packages/airflow/example_dags/tutorial_objectstorage.py for tasks to queue
[2024-04-21T20:36:33.183+0000] {logging_mixin.py:188} INFO - [2024-04-21T20:36:33.183+0000] {dagbag.py:540} INFO - Filling up the DagBag from /home/airflow/.local/lib/python3.9/site-packages/airflow/example_dags/tutorial_objectstorage.py
[2024-04-21T20:36:33.191+0000] {processor.py:840} INFO - DAG(s) 'tutorial_objectstorage' retrieved from /home/airflow/.local/lib/python3.9/site-packages/airflow/example_dags/tutorial_objectstorage.py
[2024-04-21T20:36:33.248+0000] {logging_mixin.py:188} INFO - [2024-04-21T20:36:33.248+0000] {dag.py:3047} INFO - Sync 1 DAGs
[2024-04-21T20:36:33.263+0000] {logging_mixin.py:188} INFO - [2024-04-21T20:36:33.263+0000] {dag.py:3834} INFO - Setting next_dagrun for tutorial_objectstorage to None, run_after=None
[2024-04-21T20:36:33.301+0000] {processor.py:183} INFO - Processing /home/airflow/.local/lib/python3.9/site-packages/airflow/example_dags/tutorial_objectstorage.py took 0.125 seconds
[2024-04-21T20:37:03.446+0000] {processor.py:161} INFO - Started process (PID=329) to work on /home/airflow/.local/lib/python3.9/site-packages/airflow/example_dags/tutorial_objectstorage.py
[2024-04-21T20:37:03.447+0000] {processor.py:830} INFO - Processing file /home/airflow/.local/lib/python3.9/site-packages/airflow/example_dags/tutorial_objectstorage.py for tasks to queue
[2024-04-21T20:37:03.449+0000] {logging_mixin.py:188} INFO - [2024-04-21T20:37:03.449+0000] {dagbag.py:540} INFO - Filling up the DagBag from /home/airflow/.local/lib/python3.9/site-packages/airflow/example_dags/tutorial_objectstorage.py
[2024-04-21T20:37:03.456+0000] {processor.py:840} INFO - DAG(s) 'tutorial_objectstorage' retrieved from /home/airflow/.local/lib/python3.9/site-packages/airflow/example_dags/tutorial_objectstorage.py
[2024-04-21T20:37:03.508+0000] {logging_mixin.py:188} INFO - [2024-04-21T20:37:03.508+0000] {dag.py:3047} INFO - Sync 1 DAGs
[2024-04-21T20:37:03.519+0000] {logging_mixin.py:188} INFO - [2024-04-21T20:37:03.519+0000] {dag.py:3834} INFO - Setting next_dagrun for tutorial_objectstorage to None, run_after=None
[2024-04-21T20:37:03.551+0000] {processor.py:183} INFO - Processing /home/airflow/.local/lib/python3.9/site-packages/airflow/example_dags/tutorial_objectstorage.py took 0.108 seconds
[2024-04-21T20:37:33.872+0000] {processor.py:161} INFO - Started process (PID=386) to work on /home/airflow/.local/lib/python3.9/site-packages/airflow/example_dags/tutorial_objectstorage.py
[2024-04-21T20:37:33.873+0000] {processor.py:830} INFO - Processing file /home/airflow/.local/lib/python3.9/site-packages/airflow/example_dags/tutorial_objectstorage.py for tasks to queue
[2024-04-21T20:37:33.875+0000] {logging_mixin.py:188} INFO - [2024-04-21T20:37:33.874+0000] {dagbag.py:540} INFO - Filling up the DagBag from /home/airflow/.local/lib/python3.9/site-packages/airflow/example_dags/tutorial_objectstorage.py
[2024-04-21T20:37:33.882+0000] {processor.py:840} INFO - DAG(s) 'tutorial_objectstorage' retrieved from /home/airflow/.local/lib/python3.9/site-packages/airflow/example_dags/tutorial_objectstorage.py
[2024-04-21T20:37:33.937+0000] {logging_mixin.py:188} INFO - [2024-04-21T20:37:33.937+0000] {dag.py:3047} INFO - Sync 1 DAGs
[2024-04-21T20:37:33.952+0000] {logging_mixin.py:188} INFO - [2024-04-21T20:37:33.951+0000] {dag.py:3834} INFO - Setting next_dagrun for tutorial_objectstorage to None, run_after=None
[2024-04-21T20:37:33.988+0000] {processor.py:183} INFO - Processing /home/airflow/.local/lib/python3.9/site-packages/airflow/example_dags/tutorial_objectstorage.py took 0.120 seconds
[2024-04-21T20:38:04.888+0000] {processor.py:161} INFO - Started process (PID=443) to work on /home/airflow/.local/lib/python3.9/site-packages/airflow/example_dags/tutorial_objectstorage.py
[2024-04-21T20:38:04.890+0000] {processor.py:830} INFO - Processing file /home/airflow/.local/lib/python3.9/site-packages/airflow/example_dags/tutorial_objectstorage.py for tasks to queue
[2024-04-21T20:38:04.891+0000] {logging_mixin.py:188} INFO - [2024-04-21T20:38:04.891+0000] {dagbag.py:540} INFO - Filling up the DagBag from /home/airflow/.local/lib/python3.9/site-packages/airflow/example_dags/tutorial_objectstorage.py
[2024-04-21T20:38:04.899+0000] {processor.py:840} INFO - DAG(s) 'tutorial_objectstorage' retrieved from /home/airflow/.local/lib/python3.9/site-packages/airflow/example_dags/tutorial_objectstorage.py
[2024-04-21T20:38:04.954+0000] {logging_mixin.py:188} INFO - [2024-04-21T20:38:04.954+0000] {dag.py:3047} INFO - Sync 1 DAGs
[2024-04-21T20:38:04.966+0000] {logging_mixin.py:188} INFO - [2024-04-21T20:38:04.966+0000] {dag.py:3834} INFO - Setting next_dagrun for tutorial_objectstorage to None, run_after=None
[2024-04-21T20:38:04.998+0000] {processor.py:183} INFO - Processing /home/airflow/.local/lib/python3.9/site-packages/airflow/example_dags/tutorial_objectstorage.py took 0.113 seconds
[2024-04-21T20:38:35.515+0000] {processor.py:161} INFO - Started process (PID=500) to work on /home/airflow/.local/lib/python3.9/site-packages/airflow/example_dags/tutorial_objectstorage.py
[2024-04-21T20:38:35.516+0000] {processor.py:830} INFO - Processing file /home/airflow/.local/lib/python3.9/site-packages/airflow/example_dags/tutorial_objectstorage.py for tasks to queue
[2024-04-21T20:38:35.519+0000] {logging_mixin.py:188} INFO - [2024-04-21T20:38:35.519+0000] {dagbag.py:540} INFO - Filling up the DagBag from /home/airflow/.local/lib/python3.9/site-packages/airflow/example_dags/tutorial_objectstorage.py
[2024-04-21T20:38:35.528+0000] {processor.py:840} INFO - DAG(s) 'tutorial_objectstorage' retrieved from /home/airflow/.local/lib/python3.9/site-packages/airflow/example_dags/tutorial_objectstorage.py
[2024-04-21T20:38:35.602+0000] {logging_mixin.py:188} INFO - [2024-04-21T20:38:35.601+0000] {dag.py:3047} INFO - Sync 1 DAGs
[2024-04-21T20:38:35.633+0000] {logging_mixin.py:188} INFO - [2024-04-21T20:38:35.633+0000] {dag.py:3834} INFO - Setting next_dagrun for tutorial_objectstorage to None, run_after=None
[2024-04-21T20:38:35.708+0000] {processor.py:183} INFO - Processing /home/airflow/.local/lib/python3.9/site-packages/airflow/example_dags/tutorial_objectstorage.py took 0.196 seconds
[2024-04-21T20:39:05.806+0000] {processor.py:161} INFO - Started process (PID=557) to work on /home/airflow/.local/lib/python3.9/site-packages/airflow/example_dags/tutorial_objectstorage.py
[2024-04-21T20:39:05.808+0000] {processor.py:830} INFO - Processing file /home/airflow/.local/lib/python3.9/site-packages/airflow/example_dags/tutorial_objectstorage.py for tasks to queue
[2024-04-21T20:39:05.811+0000] {logging_mixin.py:188} INFO - [2024-04-21T20:39:05.810+0000] {dagbag.py:540} INFO - Filling up the DagBag from /home/airflow/.local/lib/python3.9/site-packages/airflow/example_dags/tutorial_objectstorage.py
[2024-04-21T20:39:05.826+0000] {processor.py:840} INFO - DAG(s) 'tutorial_objectstorage' retrieved from /home/airflow/.local/lib/python3.9/site-packages/airflow/example_dags/tutorial_objectstorage.py
[2024-04-21T20:39:05.883+0000] {logging_mixin.py:188} INFO - [2024-04-21T20:39:05.882+0000] {dag.py:3047} INFO - Sync 1 DAGs
[2024-04-21T20:39:05.896+0000] {logging_mixin.py:188} INFO - [2024-04-21T20:39:05.895+0000] {dag.py:3834} INFO - Setting next_dagrun for tutorial_objectstorage to None, run_after=None
[2024-04-21T20:39:05.929+0000] {processor.py:183} INFO - Processing /home/airflow/.local/lib/python3.9/site-packages/airflow/example_dags/tutorial_objectstorage.py took 0.126 seconds
[2024-04-21T20:40:40.645+0000] {processor.py:161} INFO - Started process (PID=590) to work on /home/airflow/.local/lib/python3.9/site-packages/airflow/example_dags/tutorial_objectstorage.py
[2024-04-21T20:40:40.646+0000] {processor.py:830} INFO - Processing file /home/airflow/.local/lib/python3.9/site-packages/airflow/example_dags/tutorial_objectstorage.py for tasks to queue
[2024-04-21T20:40:40.648+0000] {logging_mixin.py:188} INFO - [2024-04-21T20:40:40.648+0000] {dagbag.py:540} INFO - Filling up the DagBag from /home/airflow/.local/lib/python3.9/site-packages/airflow/example_dags/tutorial_objectstorage.py
[2024-04-21T20:40:40.655+0000] {processor.py:840} INFO - DAG(s) 'tutorial_objectstorage' retrieved from /home/airflow/.local/lib/python3.9/site-packages/airflow/example_dags/tutorial_objectstorage.py
[2024-04-21T20:40:40.712+0000] {logging_mixin.py:188} INFO - [2024-04-21T20:40:40.711+0000] {dag.py:3047} INFO - Sync 1 DAGs
[2024-04-21T20:40:40.722+0000] {logging_mixin.py:188} INFO - [2024-04-21T20:40:40.722+0000] {dag.py:3834} INFO - Setting next_dagrun for tutorial_objectstorage to None, run_after=None
[2024-04-21T20:40:40.754+0000] {processor.py:183} INFO - Processing /home/airflow/.local/lib/python3.9/site-packages/airflow/example_dags/tutorial_objectstorage.py took 0.112 seconds
[2024-04-21T20:41:11.218+0000] {processor.py:161} INFO - Started process (PID=649) to work on /home/airflow/.local/lib/python3.9/site-packages/airflow/example_dags/tutorial_objectstorage.py
[2024-04-21T20:41:11.220+0000] {processor.py:830} INFO - Processing file /home/airflow/.local/lib/python3.9/site-packages/airflow/example_dags/tutorial_objectstorage.py for tasks to queue
[2024-04-21T20:41:11.222+0000] {logging_mixin.py:188} INFO - [2024-04-21T20:41:11.221+0000] {dagbag.py:540} INFO - Filling up the DagBag from /home/airflow/.local/lib/python3.9/site-packages/airflow/example_dags/tutorial_objectstorage.py
[2024-04-21T20:41:11.229+0000] {processor.py:840} INFO - DAG(s) 'tutorial_objectstorage' retrieved from /home/airflow/.local/lib/python3.9/site-packages/airflow/example_dags/tutorial_objectstorage.py
[2024-04-21T20:41:11.289+0000] {logging_mixin.py:188} INFO - [2024-04-21T20:41:11.288+0000] {dag.py:3047} INFO - Sync 1 DAGs
[2024-04-21T20:41:11.305+0000] {logging_mixin.py:188} INFO - [2024-04-21T20:41:11.305+0000] {dag.py:3834} INFO - Setting next_dagrun for tutorial_objectstorage to None, run_after=None
[2024-04-21T20:41:11.358+0000] {processor.py:183} INFO - Processing /home/airflow/.local/lib/python3.9/site-packages/airflow/example_dags/tutorial_objectstorage.py took 0.143 seconds
[2024-04-21T20:41:41.408+0000] {processor.py:161} INFO - Started process (PID=705) to work on /home/airflow/.local/lib/python3.9/site-packages/airflow/example_dags/tutorial_objectstorage.py
[2024-04-21T20:41:41.408+0000] {processor.py:830} INFO - Processing file /home/airflow/.local/lib/python3.9/site-packages/airflow/example_dags/tutorial_objectstorage.py for tasks to queue
[2024-04-21T20:41:41.411+0000] {logging_mixin.py:188} INFO - [2024-04-21T20:41:41.410+0000] {dagbag.py:540} INFO - Filling up the DagBag from /home/airflow/.local/lib/python3.9/site-packages/airflow/example_dags/tutorial_objectstorage.py
[2024-04-21T20:41:41.418+0000] {processor.py:840} INFO - DAG(s) 'tutorial_objectstorage' retrieved from /home/airflow/.local/lib/python3.9/site-packages/airflow/example_dags/tutorial_objectstorage.py
[2024-04-21T20:41:41.469+0000] {logging_mixin.py:188} INFO - [2024-04-21T20:41:41.469+0000] {dag.py:3047} INFO - Sync 1 DAGs
[2024-04-21T20:41:41.481+0000] {logging_mixin.py:188} INFO - [2024-04-21T20:41:41.481+0000] {dag.py:3834} INFO - Setting next_dagrun for tutorial_objectstorage to None, run_after=None
[2024-04-21T20:41:41.515+0000] {processor.py:183} INFO - Processing /home/airflow/.local/lib/python3.9/site-packages/airflow/example_dags/tutorial_objectstorage.py took 0.110 seconds
[2024-04-21T20:42:36.208+0000] {processor.py:161} INFO - Started process (PID=46) to work on /home/airflow/.local/lib/python3.9/site-packages/airflow/example_dags/tutorial_objectstorage.py
[2024-04-21T20:42:36.210+0000] {processor.py:830} INFO - Processing file /home/airflow/.local/lib/python3.9/site-packages/airflow/example_dags/tutorial_objectstorage.py for tasks to queue
[2024-04-21T20:42:36.212+0000] {logging_mixin.py:188} INFO - [2024-04-21T20:42:36.211+0000] {dagbag.py:540} INFO - Filling up the DagBag from /home/airflow/.local/lib/python3.9/site-packages/airflow/example_dags/tutorial_objectstorage.py
[2024-04-21T20:42:36.222+0000] {processor.py:840} INFO - DAG(s) 'tutorial_objectstorage' retrieved from /home/airflow/.local/lib/python3.9/site-packages/airflow/example_dags/tutorial_objectstorage.py
[2024-04-21T20:42:36.280+0000] {logging_mixin.py:188} INFO - [2024-04-21T20:42:36.279+0000] {dag.py:3047} INFO - Sync 1 DAGs
[2024-04-21T20:42:36.292+0000] {logging_mixin.py:188} INFO - [2024-04-21T20:42:36.292+0000] {dag.py:3834} INFO - Setting next_dagrun for tutorial_objectstorage to None, run_after=None
[2024-04-21T20:42:36.325+0000] {processor.py:183} INFO - Processing /home/airflow/.local/lib/python3.9/site-packages/airflow/example_dags/tutorial_objectstorage.py took 0.120 seconds
[2024-04-21T20:43:07.519+0000] {processor.py:161} INFO - Started process (PID=103) to work on /home/airflow/.local/lib/python3.9/site-packages/airflow/example_dags/tutorial_objectstorage.py
[2024-04-21T20:43:07.520+0000] {processor.py:830} INFO - Processing file /home/airflow/.local/lib/python3.9/site-packages/airflow/example_dags/tutorial_objectstorage.py for tasks to queue
[2024-04-21T20:43:07.522+0000] {logging_mixin.py:188} INFO - [2024-04-21T20:43:07.522+0000] {dagbag.py:540} INFO - Filling up the DagBag from /home/airflow/.local/lib/python3.9/site-packages/airflow/example_dags/tutorial_objectstorage.py
[2024-04-21T20:43:07.530+0000] {processor.py:840} INFO - DAG(s) 'tutorial_objectstorage' retrieved from /home/airflow/.local/lib/python3.9/site-packages/airflow/example_dags/tutorial_objectstorage.py
[2024-04-21T20:43:07.587+0000] {logging_mixin.py:188} INFO - [2024-04-21T20:43:07.586+0000] {dag.py:3047} INFO - Sync 1 DAGs
[2024-04-21T20:43:07.599+0000] {logging_mixin.py:188} INFO - [2024-04-21T20:43:07.599+0000] {dag.py:3834} INFO - Setting next_dagrun for tutorial_objectstorage to None, run_after=None
[2024-04-21T20:43:07.634+0000] {processor.py:183} INFO - Processing /home/airflow/.local/lib/python3.9/site-packages/airflow/example_dags/tutorial_objectstorage.py took 0.119 seconds
[2024-04-21T20:43:37.772+0000] {processor.py:161} INFO - Started process (PID=160) to work on /home/airflow/.local/lib/python3.9/site-packages/airflow/example_dags/tutorial_objectstorage.py
[2024-04-21T20:43:37.773+0000] {processor.py:830} INFO - Processing file /home/airflow/.local/lib/python3.9/site-packages/airflow/example_dags/tutorial_objectstorage.py for tasks to queue
[2024-04-21T20:43:37.775+0000] {logging_mixin.py:188} INFO - [2024-04-21T20:43:37.775+0000] {dagbag.py:540} INFO - Filling up the DagBag from /home/airflow/.local/lib/python3.9/site-packages/airflow/example_dags/tutorial_objectstorage.py
[2024-04-21T20:43:37.782+0000] {processor.py:840} INFO - DAG(s) 'tutorial_objectstorage' retrieved from /home/airflow/.local/lib/python3.9/site-packages/airflow/example_dags/tutorial_objectstorage.py
[2024-04-21T20:43:37.836+0000] {logging_mixin.py:188} INFO - [2024-04-21T20:43:37.836+0000] {dag.py:3047} INFO - Sync 1 DAGs
[2024-04-21T20:43:37.851+0000] {logging_mixin.py:188} INFO - [2024-04-21T20:43:37.850+0000] {dag.py:3834} INFO - Setting next_dagrun for tutorial_objectstorage to None, run_after=None
[2024-04-21T20:43:37.882+0000] {processor.py:183} INFO - Processing /home/airflow/.local/lib/python3.9/site-packages/airflow/example_dags/tutorial_objectstorage.py took 0.113 seconds
[2024-04-21T20:44:09.031+0000] {processor.py:161} INFO - Started process (PID=217) to work on /home/airflow/.local/lib/python3.9/site-packages/airflow/example_dags/tutorial_objectstorage.py
[2024-04-21T20:44:09.034+0000] {processor.py:830} INFO - Processing file /home/airflow/.local/lib/python3.9/site-packages/airflow/example_dags/tutorial_objectstorage.py for tasks to queue
[2024-04-21T20:44:09.038+0000] {logging_mixin.py:188} INFO - [2024-04-21T20:44:09.037+0000] {dagbag.py:540} INFO - Filling up the DagBag from /home/airflow/.local/lib/python3.9/site-packages/airflow/example_dags/tutorial_objectstorage.py
[2024-04-21T20:44:09.055+0000] {processor.py:840} INFO - DAG(s) 'tutorial_objectstorage' retrieved from /home/airflow/.local/lib/python3.9/site-packages/airflow/example_dags/tutorial_objectstorage.py
[2024-04-21T20:44:09.117+0000] {logging_mixin.py:188} INFO - [2024-04-21T20:44:09.117+0000] {dag.py:3047} INFO - Sync 1 DAGs
[2024-04-21T20:44:09.135+0000] {logging_mixin.py:188} INFO - [2024-04-21T20:44:09.135+0000] {dag.py:3834} INFO - Setting next_dagrun for tutorial_objectstorage to None, run_after=None
[2024-04-21T20:44:09.172+0000] {processor.py:183} INFO - Processing /home/airflow/.local/lib/python3.9/site-packages/airflow/example_dags/tutorial_objectstorage.py took 0.148 seconds
[2024-04-21T20:44:39.686+0000] {processor.py:161} INFO - Started process (PID=272) to work on /home/airflow/.local/lib/python3.9/site-packages/airflow/example_dags/tutorial_objectstorage.py
[2024-04-21T20:44:39.688+0000] {processor.py:830} INFO - Processing file /home/airflow/.local/lib/python3.9/site-packages/airflow/example_dags/tutorial_objectstorage.py for tasks to queue
[2024-04-21T20:44:39.690+0000] {logging_mixin.py:188} INFO - [2024-04-21T20:44:39.690+0000] {dagbag.py:540} INFO - Filling up the DagBag from /home/airflow/.local/lib/python3.9/site-packages/airflow/example_dags/tutorial_objectstorage.py
[2024-04-21T20:44:39.699+0000] {processor.py:840} INFO - DAG(s) 'tutorial_objectstorage' retrieved from /home/airflow/.local/lib/python3.9/site-packages/airflow/example_dags/tutorial_objectstorage.py
[2024-04-21T20:44:39.760+0000] {logging_mixin.py:188} INFO - [2024-04-21T20:44:39.760+0000] {dag.py:3047} INFO - Sync 1 DAGs
[2024-04-21T20:44:39.775+0000] {logging_mixin.py:188} INFO - [2024-04-21T20:44:39.775+0000] {dag.py:3834} INFO - Setting next_dagrun for tutorial_objectstorage to None, run_after=None
[2024-04-21T20:44:39.820+0000] {processor.py:183} INFO - Processing /home/airflow/.local/lib/python3.9/site-packages/airflow/example_dags/tutorial_objectstorage.py took 0.137 seconds
[2024-04-21T20:45:10.362+0000] {processor.py:161} INFO - Started process (PID=329) to work on /home/airflow/.local/lib/python3.9/site-packages/airflow/example_dags/tutorial_objectstorage.py
[2024-04-21T20:45:10.364+0000] {processor.py:830} INFO - Processing file /home/airflow/.local/lib/python3.9/site-packages/airflow/example_dags/tutorial_objectstorage.py for tasks to queue
[2024-04-21T20:45:10.366+0000] {logging_mixin.py:188} INFO - [2024-04-21T20:45:10.365+0000] {dagbag.py:540} INFO - Filling up the DagBag from /home/airflow/.local/lib/python3.9/site-packages/airflow/example_dags/tutorial_objectstorage.py
[2024-04-21T20:45:10.373+0000] {processor.py:840} INFO - DAG(s) 'tutorial_objectstorage' retrieved from /home/airflow/.local/lib/python3.9/site-packages/airflow/example_dags/tutorial_objectstorage.py
[2024-04-21T20:45:10.434+0000] {logging_mixin.py:188} INFO - [2024-04-21T20:45:10.434+0000] {dag.py:3047} INFO - Sync 1 DAGs
[2024-04-21T20:45:10.448+0000] {logging_mixin.py:188} INFO - [2024-04-21T20:45:10.448+0000] {dag.py:3834} INFO - Setting next_dagrun for tutorial_objectstorage to None, run_after=None
[2024-04-21T20:45:10.485+0000] {processor.py:183} INFO - Processing /home/airflow/.local/lib/python3.9/site-packages/airflow/example_dags/tutorial_objectstorage.py took 0.126 seconds
[2024-04-21T20:45:40.542+0000] {processor.py:161} INFO - Started process (PID=385) to work on /home/airflow/.local/lib/python3.9/site-packages/airflow/example_dags/tutorial_objectstorage.py
[2024-04-21T20:45:40.544+0000] {processor.py:830} INFO - Processing file /home/airflow/.local/lib/python3.9/site-packages/airflow/example_dags/tutorial_objectstorage.py for tasks to queue
[2024-04-21T20:45:40.547+0000] {logging_mixin.py:188} INFO - [2024-04-21T20:45:40.546+0000] {dagbag.py:540} INFO - Filling up the DagBag from /home/airflow/.local/lib/python3.9/site-packages/airflow/example_dags/tutorial_objectstorage.py
[2024-04-21T20:45:40.557+0000] {processor.py:840} INFO - DAG(s) 'tutorial_objectstorage' retrieved from /home/airflow/.local/lib/python3.9/site-packages/airflow/example_dags/tutorial_objectstorage.py
[2024-04-21T20:45:40.822+0000] {logging_mixin.py:188} INFO - [2024-04-21T20:45:40.821+0000] {dag.py:3047} INFO - Sync 1 DAGs
[2024-04-21T20:45:40.893+0000] {logging_mixin.py:188} INFO - [2024-04-21T20:45:40.892+0000] {dag.py:3834} INFO - Setting next_dagrun for tutorial_objectstorage to None, run_after=None
[2024-04-21T20:45:41.058+0000] {processor.py:183} INFO - Processing /home/airflow/.local/lib/python3.9/site-packages/airflow/example_dags/tutorial_objectstorage.py took 0.520 seconds
[2024-04-21T20:46:11.242+0000] {processor.py:161} INFO - Started process (PID=442) to work on /home/airflow/.local/lib/python3.9/site-packages/airflow/example_dags/tutorial_objectstorage.py
[2024-04-21T20:46:11.243+0000] {processor.py:830} INFO - Processing file /home/airflow/.local/lib/python3.9/site-packages/airflow/example_dags/tutorial_objectstorage.py for tasks to queue
[2024-04-21T20:46:11.245+0000] {logging_mixin.py:188} INFO - [2024-04-21T20:46:11.245+0000] {dagbag.py:540} INFO - Filling up the DagBag from /home/airflow/.local/lib/python3.9/site-packages/airflow/example_dags/tutorial_objectstorage.py
[2024-04-21T20:46:11.254+0000] {processor.py:840} INFO - DAG(s) 'tutorial_objectstorage' retrieved from /home/airflow/.local/lib/python3.9/site-packages/airflow/example_dags/tutorial_objectstorage.py
[2024-04-21T20:46:11.345+0000] {logging_mixin.py:188} INFO - [2024-04-21T20:46:11.344+0000] {dag.py:3047} INFO - Sync 1 DAGs
[2024-04-21T20:46:11.358+0000] {logging_mixin.py:188} INFO - [2024-04-21T20:46:11.358+0000] {dag.py:3834} INFO - Setting next_dagrun for tutorial_objectstorage to None, run_after=None
[2024-04-21T20:46:11.390+0000] {processor.py:183} INFO - Processing /home/airflow/.local/lib/python3.9/site-packages/airflow/example_dags/tutorial_objectstorage.py took 0.151 seconds
[2024-04-21T20:46:41.834+0000] {processor.py:161} INFO - Started process (PID=499) to work on /home/airflow/.local/lib/python3.9/site-packages/airflow/example_dags/tutorial_objectstorage.py
[2024-04-21T20:46:41.835+0000] {processor.py:830} INFO - Processing file /home/airflow/.local/lib/python3.9/site-packages/airflow/example_dags/tutorial_objectstorage.py for tasks to queue
[2024-04-21T20:46:41.838+0000] {logging_mixin.py:188} INFO - [2024-04-21T20:46:41.837+0000] {dagbag.py:540} INFO - Filling up the DagBag from /home/airflow/.local/lib/python3.9/site-packages/airflow/example_dags/tutorial_objectstorage.py
[2024-04-21T20:46:41.844+0000] {processor.py:840} INFO - DAG(s) 'tutorial_objectstorage' retrieved from /home/airflow/.local/lib/python3.9/site-packages/airflow/example_dags/tutorial_objectstorage.py
[2024-04-21T20:46:41.898+0000] {logging_mixin.py:188} INFO - [2024-04-21T20:46:41.897+0000] {dag.py:3047} INFO - Sync 1 DAGs
[2024-04-21T20:46:41.910+0000] {logging_mixin.py:188} INFO - [2024-04-21T20:46:41.910+0000] {dag.py:3834} INFO - Setting next_dagrun for tutorial_objectstorage to None, run_after=None
[2024-04-21T20:46:41.942+0000] {processor.py:183} INFO - Processing /home/airflow/.local/lib/python3.9/site-packages/airflow/example_dags/tutorial_objectstorage.py took 0.111 seconds
[2024-04-21T20:47:12.600+0000] {processor.py:161} INFO - Started process (PID=557) to work on /home/airflow/.local/lib/python3.9/site-packages/airflow/example_dags/tutorial_objectstorage.py
[2024-04-21T20:47:12.601+0000] {processor.py:830} INFO - Processing file /home/airflow/.local/lib/python3.9/site-packages/airflow/example_dags/tutorial_objectstorage.py for tasks to queue
[2024-04-21T20:47:12.603+0000] {logging_mixin.py:188} INFO - [2024-04-21T20:47:12.603+0000] {dagbag.py:540} INFO - Filling up the DagBag from /home/airflow/.local/lib/python3.9/site-packages/airflow/example_dags/tutorial_objectstorage.py
[2024-04-21T20:47:12.610+0000] {processor.py:840} INFO - DAG(s) 'tutorial_objectstorage' retrieved from /home/airflow/.local/lib/python3.9/site-packages/airflow/example_dags/tutorial_objectstorage.py
[2024-04-21T20:47:12.661+0000] {logging_mixin.py:188} INFO - [2024-04-21T20:47:12.661+0000] {dag.py:3047} INFO - Sync 1 DAGs
[2024-04-21T20:47:12.674+0000] {logging_mixin.py:188} INFO - [2024-04-21T20:47:12.674+0000] {dag.py:3834} INFO - Setting next_dagrun for tutorial_objectstorage to None, run_after=None
[2024-04-21T20:47:12.706+0000] {processor.py:183} INFO - Processing /home/airflow/.local/lib/python3.9/site-packages/airflow/example_dags/tutorial_objectstorage.py took 0.108 seconds
[2024-04-21T20:47:43.502+0000] {processor.py:161} INFO - Started process (PID=614) to work on /home/airflow/.local/lib/python3.9/site-packages/airflow/example_dags/tutorial_objectstorage.py
[2024-04-21T20:47:43.503+0000] {processor.py:830} INFO - Processing file /home/airflow/.local/lib/python3.9/site-packages/airflow/example_dags/tutorial_objectstorage.py for tasks to queue
[2024-04-21T20:47:43.505+0000] {logging_mixin.py:188} INFO - [2024-04-21T20:47:43.505+0000] {dagbag.py:540} INFO - Filling up the DagBag from /home/airflow/.local/lib/python3.9/site-packages/airflow/example_dags/tutorial_objectstorage.py
[2024-04-21T20:47:43.511+0000] {processor.py:840} INFO - DAG(s) 'tutorial_objectstorage' retrieved from /home/airflow/.local/lib/python3.9/site-packages/airflow/example_dags/tutorial_objectstorage.py
[2024-04-21T20:47:43.561+0000] {logging_mixin.py:188} INFO - [2024-04-21T20:47:43.560+0000] {dag.py:3047} INFO - Sync 1 DAGs
[2024-04-21T20:47:43.572+0000] {logging_mixin.py:188} INFO - [2024-04-21T20:47:43.572+0000] {dag.py:3834} INFO - Setting next_dagrun for tutorial_objectstorage to None, run_after=None
[2024-04-21T20:47:43.602+0000] {processor.py:183} INFO - Processing /home/airflow/.local/lib/python3.9/site-packages/airflow/example_dags/tutorial_objectstorage.py took 0.103 seconds
[2024-04-21T21:00:43.991+0000] {processor.py:161} INFO - Started process (PID=46) to work on /home/airflow/.local/lib/python3.9/site-packages/airflow/example_dags/tutorial_objectstorage.py
[2024-04-21T21:00:44.028+0000] {processor.py:830} INFO - Processing file /home/airflow/.local/lib/python3.9/site-packages/airflow/example_dags/tutorial_objectstorage.py for tasks to queue
[2024-04-21T21:00:44.064+0000] {logging_mixin.py:188} INFO - [2024-04-21T21:00:44.058+0000] {dagbag.py:540} INFO - Filling up the DagBag from /home/airflow/.local/lib/python3.9/site-packages/airflow/example_dags/tutorial_objectstorage.py
[2024-04-21T21:00:44.138+0000] {processor.py:840} INFO - DAG(s) 'tutorial_objectstorage' retrieved from /home/airflow/.local/lib/python3.9/site-packages/airflow/example_dags/tutorial_objectstorage.py
[2024-04-21T21:00:44.601+0000] {logging_mixin.py:188} INFO - [2024-04-21T21:00:44.601+0000] {dag.py:3047} INFO - Sync 1 DAGs
[2024-04-21T21:00:44.634+0000] {logging_mixin.py:188} INFO - [2024-04-21T21:00:44.634+0000] {dag.py:3834} INFO - Setting next_dagrun for tutorial_objectstorage to None, run_after=None
[2024-04-21T21:00:44.686+0000] {processor.py:183} INFO - Processing /home/airflow/.local/lib/python3.9/site-packages/airflow/example_dags/tutorial_objectstorage.py took 0.770 seconds
[2024-04-21T21:01:15.476+0000] {processor.py:161} INFO - Started process (PID=104) to work on /home/airflow/.local/lib/python3.9/site-packages/airflow/example_dags/tutorial_objectstorage.py
[2024-04-21T21:01:15.480+0000] {processor.py:830} INFO - Processing file /home/airflow/.local/lib/python3.9/site-packages/airflow/example_dags/tutorial_objectstorage.py for tasks to queue
[2024-04-21T21:01:15.486+0000] {logging_mixin.py:188} INFO - [2024-04-21T21:01:15.485+0000] {dagbag.py:540} INFO - Filling up the DagBag from /home/airflow/.local/lib/python3.9/site-packages/airflow/example_dags/tutorial_objectstorage.py
[2024-04-21T21:01:15.502+0000] {processor.py:840} INFO - DAG(s) 'tutorial_objectstorage' retrieved from /home/airflow/.local/lib/python3.9/site-packages/airflow/example_dags/tutorial_objectstorage.py
[2024-04-21T21:01:15.600+0000] {logging_mixin.py:188} INFO - [2024-04-21T21:01:15.599+0000] {dag.py:3047} INFO - Sync 1 DAGs
[2024-04-21T21:01:15.626+0000] {logging_mixin.py:188} INFO - [2024-04-21T21:01:15.626+0000] {dag.py:3834} INFO - Setting next_dagrun for tutorial_objectstorage to None, run_after=None
[2024-04-21T21:01:15.694+0000] {processor.py:183} INFO - Processing /home/airflow/.local/lib/python3.9/site-packages/airflow/example_dags/tutorial_objectstorage.py took 0.225 seconds
[2024-04-21T21:04:15.656+0000] {processor.py:161} INFO - Started process (PID=58) to work on /home/airflow/.local/lib/python3.9/site-packages/airflow/example_dags/tutorial_objectstorage.py
[2024-04-21T21:04:15.659+0000] {processor.py:830} INFO - Processing file /home/airflow/.local/lib/python3.9/site-packages/airflow/example_dags/tutorial_objectstorage.py for tasks to queue
[2024-04-21T21:04:15.662+0000] {logging_mixin.py:188} INFO - [2024-04-21T21:04:15.661+0000] {dagbag.py:540} INFO - Filling up the DagBag from /home/airflow/.local/lib/python3.9/site-packages/airflow/example_dags/tutorial_objectstorage.py
[2024-04-21T21:04:15.682+0000] {processor.py:840} INFO - DAG(s) 'tutorial_objectstorage' retrieved from /home/airflow/.local/lib/python3.9/site-packages/airflow/example_dags/tutorial_objectstorage.py
[2024-04-21T21:04:15.840+0000] {logging_mixin.py:188} INFO - [2024-04-21T21:04:15.839+0000] {dag.py:3047} INFO - Sync 1 DAGs
[2024-04-21T21:04:15.863+0000] {logging_mixin.py:188} INFO - [2024-04-21T21:04:15.862+0000] {dag.py:3834} INFO - Setting next_dagrun for tutorial_objectstorage to None, run_after=None
[2024-04-21T21:04:15.919+0000] {processor.py:183} INFO - Processing /home/airflow/.local/lib/python3.9/site-packages/airflow/example_dags/tutorial_objectstorage.py took 0.269 seconds
[2024-04-21T21:04:46.650+0000] {processor.py:161} INFO - Started process (PID=115) to work on /home/airflow/.local/lib/python3.9/site-packages/airflow/example_dags/tutorial_objectstorage.py
[2024-04-21T21:04:46.652+0000] {processor.py:830} INFO - Processing file /home/airflow/.local/lib/python3.9/site-packages/airflow/example_dags/tutorial_objectstorage.py for tasks to queue
[2024-04-21T21:04:46.656+0000] {logging_mixin.py:188} INFO - [2024-04-21T21:04:46.656+0000] {dagbag.py:540} INFO - Filling up the DagBag from /home/airflow/.local/lib/python3.9/site-packages/airflow/example_dags/tutorial_objectstorage.py
[2024-04-21T21:04:46.666+0000] {processor.py:840} INFO - DAG(s) 'tutorial_objectstorage' retrieved from /home/airflow/.local/lib/python3.9/site-packages/airflow/example_dags/tutorial_objectstorage.py
[2024-04-21T21:04:46.786+0000] {logging_mixin.py:188} INFO - [2024-04-21T21:04:46.786+0000] {dag.py:3047} INFO - Sync 1 DAGs
[2024-04-21T21:04:46.824+0000] {logging_mixin.py:188} INFO - [2024-04-21T21:04:46.824+0000] {dag.py:3834} INFO - Setting next_dagrun for tutorial_objectstorage to None, run_after=None
[2024-04-21T21:04:46.876+0000] {processor.py:183} INFO - Processing /home/airflow/.local/lib/python3.9/site-packages/airflow/example_dags/tutorial_objectstorage.py took 0.232 seconds
[2024-04-21T21:05:17.874+0000] {processor.py:161} INFO - Started process (PID=176) to work on /home/airflow/.local/lib/python3.9/site-packages/airflow/example_dags/tutorial_objectstorage.py
[2024-04-21T21:05:17.877+0000] {processor.py:830} INFO - Processing file /home/airflow/.local/lib/python3.9/site-packages/airflow/example_dags/tutorial_objectstorage.py for tasks to queue
[2024-04-21T21:05:17.881+0000] {logging_mixin.py:188} INFO - [2024-04-21T21:05:17.880+0000] {dagbag.py:540} INFO - Filling up the DagBag from /home/airflow/.local/lib/python3.9/site-packages/airflow/example_dags/tutorial_objectstorage.py
[2024-04-21T21:05:17.892+0000] {processor.py:840} INFO - DAG(s) 'tutorial_objectstorage' retrieved from /home/airflow/.local/lib/python3.9/site-packages/airflow/example_dags/tutorial_objectstorage.py
[2024-04-21T21:05:17.975+0000] {logging_mixin.py:188} INFO - [2024-04-21T21:05:17.975+0000] {dag.py:3047} INFO - Sync 1 DAGs
[2024-04-21T21:05:18.002+0000] {logging_mixin.py:188} INFO - [2024-04-21T21:05:18.001+0000] {dag.py:3834} INFO - Setting next_dagrun for tutorial_objectstorage to None, run_after=None
[2024-04-21T21:05:18.057+0000] {processor.py:183} INFO - Processing /home/airflow/.local/lib/python3.9/site-packages/airflow/example_dags/tutorial_objectstorage.py took 0.205 seconds
[2024-04-21T21:05:48.406+0000] {processor.py:161} INFO - Started process (PID=237) to work on /home/airflow/.local/lib/python3.9/site-packages/airflow/example_dags/tutorial_objectstorage.py
[2024-04-21T21:05:48.408+0000] {processor.py:830} INFO - Processing file /home/airflow/.local/lib/python3.9/site-packages/airflow/example_dags/tutorial_objectstorage.py for tasks to queue
[2024-04-21T21:05:48.411+0000] {logging_mixin.py:188} INFO - [2024-04-21T21:05:48.410+0000] {dagbag.py:540} INFO - Filling up the DagBag from /home/airflow/.local/lib/python3.9/site-packages/airflow/example_dags/tutorial_objectstorage.py
[2024-04-21T21:05:48.422+0000] {processor.py:840} INFO - DAG(s) 'tutorial_objectstorage' retrieved from /home/airflow/.local/lib/python3.9/site-packages/airflow/example_dags/tutorial_objectstorage.py
[2024-04-21T21:05:48.486+0000] {logging_mixin.py:188} INFO - [2024-04-21T21:05:48.486+0000] {dag.py:3047} INFO - Sync 1 DAGs
[2024-04-21T21:05:48.501+0000] {logging_mixin.py:188} INFO - [2024-04-21T21:05:48.500+0000] {dag.py:3834} INFO - Setting next_dagrun for tutorial_objectstorage to None, run_after=None
[2024-04-21T21:05:48.541+0000] {processor.py:183} INFO - Processing /home/airflow/.local/lib/python3.9/site-packages/airflow/example_dags/tutorial_objectstorage.py took 0.140 seconds
