[2024-04-21T19:52:00.141+0000] {processor.py:161} INFO - Started process (PID=58) to work on /home/airflow/.local/lib/python3.9/site-packages/airflow/example_dags/tutorial_dag.py
[2024-04-21T19:52:00.143+0000] {processor.py:830} INFO - Processing file /home/airflow/.local/lib/python3.9/site-packages/airflow/example_dags/tutorial_dag.py for tasks to queue
[2024-04-21T19:52:00.145+0000] {logging_mixin.py:188} INFO - [2024-04-21T19:52:00.145+0000] {dagbag.py:540} INFO - Filling up the DagBag from /home/airflow/.local/lib/python3.9/site-packages/airflow/example_dags/tutorial_dag.py
[2024-04-21T19:52:00.160+0000] {processor.py:840} INFO - DAG(s) 'tutorial_dag' retrieved from /home/airflow/.local/lib/python3.9/site-packages/airflow/example_dags/tutorial_dag.py
[2024-04-21T19:52:00.505+0000] {logging_mixin.py:188} INFO - [2024-04-21T19:52:00.504+0000] {dag.py:3047} INFO - Sync 1 DAGs
[2024-04-21T19:52:00.553+0000] {logging_mixin.py:188} INFO - [2024-04-21T19:52:00.553+0000] {dag.py:3834} INFO - Setting next_dagrun for tutorial_dag to None, run_after=None
[2024-04-21T19:52:00.633+0000] {processor.py:183} INFO - Processing /home/airflow/.local/lib/python3.9/site-packages/airflow/example_dags/tutorial_dag.py took 0.497 seconds
[2024-04-21T19:52:30.755+0000] {processor.py:161} INFO - Started process (PID=115) to work on /home/airflow/.local/lib/python3.9/site-packages/airflow/example_dags/tutorial_dag.py
[2024-04-21T19:52:30.757+0000] {processor.py:830} INFO - Processing file /home/airflow/.local/lib/python3.9/site-packages/airflow/example_dags/tutorial_dag.py for tasks to queue
[2024-04-21T19:52:30.760+0000] {logging_mixin.py:188} INFO - [2024-04-21T19:52:30.760+0000] {dagbag.py:540} INFO - Filling up the DagBag from /home/airflow/.local/lib/python3.9/site-packages/airflow/example_dags/tutorial_dag.py
[2024-04-21T19:52:30.770+0000] {processor.py:840} INFO - DAG(s) 'tutorial_dag' retrieved from /home/airflow/.local/lib/python3.9/site-packages/airflow/example_dags/tutorial_dag.py
[2024-04-21T19:52:30.885+0000] {logging_mixin.py:188} INFO - [2024-04-21T19:52:30.884+0000] {dag.py:3047} INFO - Sync 1 DAGs
[2024-04-21T19:52:30.906+0000] {logging_mixin.py:188} INFO - [2024-04-21T19:52:30.906+0000] {dag.py:3834} INFO - Setting next_dagrun for tutorial_dag to None, run_after=None
[2024-04-21T19:52:30.958+0000] {processor.py:183} INFO - Processing /home/airflow/.local/lib/python3.9/site-packages/airflow/example_dags/tutorial_dag.py took 0.208 seconds
[2024-04-21T19:53:01.325+0000] {processor.py:161} INFO - Started process (PID=172) to work on /home/airflow/.local/lib/python3.9/site-packages/airflow/example_dags/tutorial_dag.py
[2024-04-21T19:53:01.328+0000] {processor.py:830} INFO - Processing file /home/airflow/.local/lib/python3.9/site-packages/airflow/example_dags/tutorial_dag.py for tasks to queue
[2024-04-21T19:53:01.330+0000] {logging_mixin.py:188} INFO - [2024-04-21T19:53:01.330+0000] {dagbag.py:540} INFO - Filling up the DagBag from /home/airflow/.local/lib/python3.9/site-packages/airflow/example_dags/tutorial_dag.py
[2024-04-21T19:53:01.339+0000] {processor.py:840} INFO - DAG(s) 'tutorial_dag' retrieved from /home/airflow/.local/lib/python3.9/site-packages/airflow/example_dags/tutorial_dag.py
[2024-04-21T19:53:01.436+0000] {logging_mixin.py:188} INFO - [2024-04-21T19:53:01.436+0000] {dag.py:3047} INFO - Sync 1 DAGs
[2024-04-21T19:53:01.454+0000] {logging_mixin.py:188} INFO - [2024-04-21T19:53:01.454+0000] {dag.py:3834} INFO - Setting next_dagrun for tutorial_dag to None, run_after=None
[2024-04-21T19:53:01.495+0000] {processor.py:183} INFO - Processing /home/airflow/.local/lib/python3.9/site-packages/airflow/example_dags/tutorial_dag.py took 0.174 seconds
[2024-04-21T19:53:32.482+0000] {processor.py:161} INFO - Started process (PID=229) to work on /home/airflow/.local/lib/python3.9/site-packages/airflow/example_dags/tutorial_dag.py
[2024-04-21T19:53:32.483+0000] {processor.py:830} INFO - Processing file /home/airflow/.local/lib/python3.9/site-packages/airflow/example_dags/tutorial_dag.py for tasks to queue
[2024-04-21T19:53:32.487+0000] {logging_mixin.py:188} INFO - [2024-04-21T19:53:32.486+0000] {dagbag.py:540} INFO - Filling up the DagBag from /home/airflow/.local/lib/python3.9/site-packages/airflow/example_dags/tutorial_dag.py
[2024-04-21T19:53:32.495+0000] {processor.py:840} INFO - DAG(s) 'tutorial_dag' retrieved from /home/airflow/.local/lib/python3.9/site-packages/airflow/example_dags/tutorial_dag.py
[2024-04-21T19:53:32.604+0000] {logging_mixin.py:188} INFO - [2024-04-21T19:53:32.603+0000] {dag.py:3047} INFO - Sync 1 DAGs
[2024-04-21T19:53:32.626+0000] {logging_mixin.py:188} INFO - [2024-04-21T19:53:32.625+0000] {dag.py:3834} INFO - Setting next_dagrun for tutorial_dag to None, run_after=None
[2024-04-21T19:53:32.675+0000] {processor.py:183} INFO - Processing /home/airflow/.local/lib/python3.9/site-packages/airflow/example_dags/tutorial_dag.py took 0.197 seconds
[2024-04-21T19:54:35.224+0000] {processor.py:161} INFO - Started process (PID=58) to work on /home/airflow/.local/lib/python3.9/site-packages/airflow/example_dags/tutorial_dag.py
[2024-04-21T19:54:35.225+0000] {processor.py:830} INFO - Processing file /home/airflow/.local/lib/python3.9/site-packages/airflow/example_dags/tutorial_dag.py for tasks to queue
[2024-04-21T19:54:35.228+0000] {logging_mixin.py:188} INFO - [2024-04-21T19:54:35.228+0000] {dagbag.py:540} INFO - Filling up the DagBag from /home/airflow/.local/lib/python3.9/site-packages/airflow/example_dags/tutorial_dag.py
[2024-04-21T19:54:35.240+0000] {processor.py:840} INFO - DAG(s) 'tutorial_dag' retrieved from /home/airflow/.local/lib/python3.9/site-packages/airflow/example_dags/tutorial_dag.py
[2024-04-21T19:54:35.306+0000] {logging_mixin.py:188} INFO - [2024-04-21T19:54:35.306+0000] {dag.py:3047} INFO - Sync 1 DAGs
[2024-04-21T19:54:35.320+0000] {logging_mixin.py:188} INFO - [2024-04-21T19:54:35.320+0000] {dag.py:3834} INFO - Setting next_dagrun for tutorial_dag to None, run_after=None
[2024-04-21T19:54:35.360+0000] {processor.py:183} INFO - Processing /home/airflow/.local/lib/python3.9/site-packages/airflow/example_dags/tutorial_dag.py took 0.140 seconds
[2024-04-21T19:55:20.811+0000] {processor.py:161} INFO - Started process (PID=125) to work on /home/airflow/.local/lib/python3.9/site-packages/airflow/example_dags/tutorial_dag.py
[2024-04-21T19:55:20.813+0000] {processor.py:830} INFO - Processing file /home/airflow/.local/lib/python3.9/site-packages/airflow/example_dags/tutorial_dag.py for tasks to queue
[2024-04-21T19:55:20.815+0000] {logging_mixin.py:188} INFO - [2024-04-21T19:55:20.815+0000] {dagbag.py:540} INFO - Filling up the DagBag from /home/airflow/.local/lib/python3.9/site-packages/airflow/example_dags/tutorial_dag.py
[2024-04-21T19:55:20.821+0000] {processor.py:840} INFO - DAG(s) 'tutorial_dag' retrieved from /home/airflow/.local/lib/python3.9/site-packages/airflow/example_dags/tutorial_dag.py
[2024-04-21T19:55:20.884+0000] {logging_mixin.py:188} INFO - [2024-04-21T19:55:20.883+0000] {dag.py:3047} INFO - Sync 1 DAGs
[2024-04-21T19:55:20.898+0000] {logging_mixin.py:188} INFO - [2024-04-21T19:55:20.898+0000] {dag.py:3834} INFO - Setting next_dagrun for tutorial_dag to None, run_after=None
[2024-04-21T19:55:20.936+0000] {processor.py:183} INFO - Processing /home/airflow/.local/lib/python3.9/site-packages/airflow/example_dags/tutorial_dag.py took 0.128 seconds
[2024-04-21T19:58:13.400+0000] {processor.py:161} INFO - Started process (PID=199) to work on /home/airflow/.local/lib/python3.9/site-packages/airflow/example_dags/tutorial_dag.py
[2024-04-21T19:58:13.402+0000] {processor.py:830} INFO - Processing file /home/airflow/.local/lib/python3.9/site-packages/airflow/example_dags/tutorial_dag.py for tasks to queue
[2024-04-21T19:58:13.405+0000] {logging_mixin.py:188} INFO - [2024-04-21T19:58:13.404+0000] {dagbag.py:540} INFO - Filling up the DagBag from /home/airflow/.local/lib/python3.9/site-packages/airflow/example_dags/tutorial_dag.py
[2024-04-21T19:58:13.414+0000] {processor.py:840} INFO - DAG(s) 'tutorial_dag' retrieved from /home/airflow/.local/lib/python3.9/site-packages/airflow/example_dags/tutorial_dag.py
[2024-04-21T19:58:23.605+0000] {logging_mixin.py:188} INFO - [2024-04-21T19:58:23.472+0000] {dagbag.py:649} ERROR - Failed to write serialized DAG: /home/airflow/.local/lib/python3.9/site-packages/airflow/example_dags/tutorial_dag.py
Traceback (most recent call last):
  File "/home/airflow/.local/lib/python3.9/site-packages/mysql/connector/connection_cext.py", line 323, in _open_connection
    self._cmysql.connect(**cnx_kwargs)
_mysql_connector.MySQLInterfaceError: Unknown MySQL server host 'mysql' (-3)

The above exception was the direct cause of the following exception:

Traceback (most recent call last):
  File "/home/airflow/.local/lib/python3.9/site-packages/sqlalchemy/engine/base.py", line 3371, in _wrap_pool_connect
    return fn()
  File "/home/airflow/.local/lib/python3.9/site-packages/sqlalchemy/pool/base.py", line 327, in connect
    return _ConnectionFairy._checkout(self)
  File "/home/airflow/.local/lib/python3.9/site-packages/sqlalchemy/pool/base.py", line 894, in _checkout
    fairy = _ConnectionRecord.checkout(pool)
  File "/home/airflow/.local/lib/python3.9/site-packages/sqlalchemy/pool/base.py", line 493, in checkout
    rec = pool._do_get()
  File "/home/airflow/.local/lib/python3.9/site-packages/sqlalchemy/pool/impl.py", line 146, in _do_get
    self._dec_overflow()
  File "/home/airflow/.local/lib/python3.9/site-packages/sqlalchemy/util/langhelpers.py", line 70, in __exit__
    compat.raise_(
  File "/home/airflow/.local/lib/python3.9/site-packages/sqlalchemy/util/compat.py", line 211, in raise_
    raise exception
  File "/home/airflow/.local/lib/python3.9/site-packages/sqlalchemy/pool/impl.py", line 143, in _do_get
    return self._create_connection()
  File "/home/airflow/.local/lib/python3.9/site-packages/sqlalchemy/pool/base.py", line 273, in _create_connection
    return _ConnectionRecord(self)
  File "/home/airflow/.local/lib/python3.9/site-packages/sqlalchemy/pool/base.py", line 388, in __init__
    self.__connect()
  File "/home/airflow/.local/lib/python3.9/site-packages/sqlalchemy/pool/base.py", line 691, in __connect
    pool.logger.debug("Error on connect(): %s", e)
  File "/home/airflow/.local/lib/python3.9/site-packages/sqlalchemy/util/langhelpers.py", line 70, in __exit__
    compat.raise_(
  File "/home/airflow/.local/lib/python3.9/site-packages/sqlalchemy/util/compat.py", line 211, in raise_
    raise exception
  File "/home/airflow/.local/lib/python3.9/site-packages/sqlalchemy/pool/base.py", line 686, in __connect
    self.dbapi_connection = connection = pool._invoke_creator(self)
  File "/home/airflow/.local/lib/python3.9/site-packages/sqlalchemy/engine/create.py", line 574, in connect
    return dialect.connect(*cargs, **cparams)
  File "/home/airflow/.local/lib/python3.9/site-packages/sqlalchemy/engine/default.py", line 598, in connect
    return self.dbapi.connect(*cargs, **cparams)
  File "/home/airflow/.local/lib/python3.9/site-packages/mysql/connector/pooling.py", line 322, in connect
    return CMySQLConnection(*args, **kwargs)
  File "/home/airflow/.local/lib/python3.9/site-packages/mysql/connector/connection_cext.py", line 140, in __init__
    self.connect(**kwargs)
  File "/home/airflow/.local/lib/python3.9/site-packages/mysql/connector/abstracts.py", line 1363, in connect
    self._open_connection()
  File "/home/airflow/.local/lib/python3.9/site-packages/mysql/connector/connection_cext.py", line 328, in _open_connection
    raise get_mysql_exception(
mysql.connector.errors.DatabaseError: 2005 (HY000): Unknown MySQL server host 'mysql' (-3)

The above exception was the direct cause of the following exception:

Traceback (most recent call last):
  File "/home/airflow/.local/lib/python3.9/site-packages/airflow/models/dagbag.py", line 637, in _serialize_dag_capturing_errors
    dag_was_updated = SerializedDagModel.write_dag(
  File "/home/airflow/.local/lib/python3.9/site-packages/airflow/utils/session.py", line 76, in wrapper
    return func(*args, **kwargs)
  File "/home/airflow/.local/lib/python3.9/site-packages/airflow/models/serialized_dag.py", line 157, in write_dag
    if session.scalar(
  File "/home/airflow/.local/lib/python3.9/site-packages/sqlalchemy/orm/session.py", line 1747, in scalar
    return self.execute(
  File "/home/airflow/.local/lib/python3.9/site-packages/sqlalchemy/orm/session.py", line 1716, in execute
    conn = self._connection_for_bind(bind)
  File "/home/airflow/.local/lib/python3.9/site-packages/sqlalchemy/orm/session.py", line 1555, in _connection_for_bind
    return self._transaction._connection_for_bind(
  File "/home/airflow/.local/lib/python3.9/site-packages/sqlalchemy/orm/session.py", line 750, in _connection_for_bind
    conn = bind.connect()
  File "/home/airflow/.local/lib/python3.9/site-packages/sqlalchemy/future/engine.py", line 412, in connect
    return super(Engine, self).connect()
  File "/home/airflow/.local/lib/python3.9/site-packages/sqlalchemy/engine/base.py", line 3325, in connect
    return self._connection_cls(self, close_with_result=close_with_result)
  File "/home/airflow/.local/lib/python3.9/site-packages/sqlalchemy/engine/base.py", line 96, in __init__
    else engine.raw_connection()
  File "/home/airflow/.local/lib/python3.9/site-packages/sqlalchemy/engine/base.py", line 3404, in raw_connection
    return self._wrap_pool_connect(self.pool.connect, _connection)
  File "/home/airflow/.local/lib/python3.9/site-packages/sqlalchemy/engine/base.py", line 3374, in _wrap_pool_connect
    Connection._handle_dbapi_exception_noconnection(
  File "/home/airflow/.local/lib/python3.9/site-packages/sqlalchemy/engine/base.py", line 2208, in _handle_dbapi_exception_noconnection
    util.raise_(
  File "/home/airflow/.local/lib/python3.9/site-packages/sqlalchemy/util/compat.py", line 211, in raise_
    raise exception
  File "/home/airflow/.local/lib/python3.9/site-packages/sqlalchemy/engine/base.py", line 3371, in _wrap_pool_connect
    return fn()
  File "/home/airflow/.local/lib/python3.9/site-packages/sqlalchemy/pool/base.py", line 327, in connect
    return _ConnectionFairy._checkout(self)
  File "/home/airflow/.local/lib/python3.9/site-packages/sqlalchemy/pool/base.py", line 894, in _checkout
    fairy = _ConnectionRecord.checkout(pool)
  File "/home/airflow/.local/lib/python3.9/site-packages/sqlalchemy/pool/base.py", line 493, in checkout
    rec = pool._do_get()
  File "/home/airflow/.local/lib/python3.9/site-packages/sqlalchemy/pool/impl.py", line 146, in _do_get
    self._dec_overflow()
  File "/home/airflow/.local/lib/python3.9/site-packages/sqlalchemy/util/langhelpers.py", line 70, in __exit__
    compat.raise_(
  File "/home/airflow/.local/lib/python3.9/site-packages/sqlalchemy/util/compat.py", line 211, in raise_
    raise exception
  File "/home/airflow/.local/lib/python3.9/site-packages/sqlalchemy/pool/impl.py", line 143, in _do_get
    return self._create_connection()
  File "/home/airflow/.local/lib/python3.9/site-packages/sqlalchemy/pool/base.py", line 273, in _create_connection
    return _ConnectionRecord(self)
  File "/home/airflow/.local/lib/python3.9/site-packages/sqlalchemy/pool/base.py", line 388, in __init__
    self.__connect()
  File "/home/airflow/.local/lib/python3.9/site-packages/sqlalchemy/pool/base.py", line 691, in __connect
    pool.logger.debug("Error on connect(): %s", e)
  File "/home/airflow/.local/lib/python3.9/site-packages/sqlalchemy/util/langhelpers.py", line 70, in __exit__
    compat.raise_(
  File "/home/airflow/.local/lib/python3.9/site-packages/sqlalchemy/util/compat.py", line 211, in raise_
    raise exception
  File "/home/airflow/.local/lib/python3.9/site-packages/sqlalchemy/pool/base.py", line 686, in __connect
    self.dbapi_connection = connection = pool._invoke_creator(self)
  File "/home/airflow/.local/lib/python3.9/site-packages/sqlalchemy/engine/create.py", line 574, in connect
    return dialect.connect(*cargs, **cparams)
  File "/home/airflow/.local/lib/python3.9/site-packages/sqlalchemy/engine/default.py", line 598, in connect
    return self.dbapi.connect(*cargs, **cparams)
  File "/home/airflow/.local/lib/python3.9/site-packages/mysql/connector/pooling.py", line 322, in connect
    return CMySQLConnection(*args, **kwargs)
  File "/home/airflow/.local/lib/python3.9/site-packages/mysql/connector/connection_cext.py", line 140, in __init__
    self.connect(**kwargs)
  File "/home/airflow/.local/lib/python3.9/site-packages/mysql/connector/abstracts.py", line 1363, in connect
    self._open_connection()
  File "/home/airflow/.local/lib/python3.9/site-packages/mysql/connector/connection_cext.py", line 328, in _open_connection
    raise get_mysql_exception(
sqlalchemy.exc.DatabaseError: (mysql.connector.errors.DatabaseError) 2005 (HY000): Unknown MySQL server host 'mysql' (-3)
(Background on this error at: https://sqlalche.me/e/14/4xp6)
[2024-04-21T19:58:23.627+0000] {logging_mixin.py:188} INFO - [2024-04-21T19:58:23.623+0000] {dag.py:3047} INFO - Sync 1 DAGs
[2024-04-21T19:58:36.616+0000] {logging_mixin.py:188} INFO - [2024-04-21T19:58:36.611+0000] {dag.py:3047} INFO - Sync 1 DAGs
[2024-04-21T19:58:36.637+0000] {logging_mixin.py:188} INFO - [2024-04-21T19:58:36.637+0000] {dag.py:3834} INFO - Setting next_dagrun for tutorial_dag to None, run_after=None
[2024-04-21T19:58:36.693+0000] {processor.py:183} INFO - Processing /home/airflow/.local/lib/python3.9/site-packages/airflow/example_dags/tutorial_dag.py took 23.298 seconds
[2024-04-21T20:03:11.735+0000] {processor.py:161} INFO - Started process (PID=271) to work on /home/airflow/.local/lib/python3.9/site-packages/airflow/example_dags/tutorial_dag.py
[2024-04-21T20:03:11.736+0000] {processor.py:830} INFO - Processing file /home/airflow/.local/lib/python3.9/site-packages/airflow/example_dags/tutorial_dag.py for tasks to queue
[2024-04-21T20:03:11.737+0000] {logging_mixin.py:188} INFO - [2024-04-21T20:03:11.737+0000] {dagbag.py:540} INFO - Filling up the DagBag from /home/airflow/.local/lib/python3.9/site-packages/airflow/example_dags/tutorial_dag.py
[2024-04-21T20:03:11.743+0000] {processor.py:840} INFO - DAG(s) 'tutorial_dag' retrieved from /home/airflow/.local/lib/python3.9/site-packages/airflow/example_dags/tutorial_dag.py
[2024-04-21T20:03:11.811+0000] {logging_mixin.py:188} INFO - [2024-04-21T20:03:11.810+0000] {dag.py:3047} INFO - Sync 1 DAGs
[2024-04-21T20:03:11.825+0000] {logging_mixin.py:188} INFO - [2024-04-21T20:03:11.825+0000] {dag.py:3834} INFO - Setting next_dagrun for tutorial_dag to None, run_after=None
[2024-04-21T20:03:11.861+0000] {processor.py:183} INFO - Processing /home/airflow/.local/lib/python3.9/site-packages/airflow/example_dags/tutorial_dag.py took 0.131 seconds
[2024-04-21T20:04:19.968+0000] {processor.py:161} INFO - Started process (PID=335) to work on /home/airflow/.local/lib/python3.9/site-packages/airflow/example_dags/tutorial_dag.py
[2024-04-21T20:04:19.969+0000] {processor.py:830} INFO - Processing file /home/airflow/.local/lib/python3.9/site-packages/airflow/example_dags/tutorial_dag.py for tasks to queue
[2024-04-21T20:04:19.971+0000] {logging_mixin.py:188} INFO - [2024-04-21T20:04:19.971+0000] {dagbag.py:540} INFO - Filling up the DagBag from /home/airflow/.local/lib/python3.9/site-packages/airflow/example_dags/tutorial_dag.py
[2024-04-21T20:04:19.977+0000] {processor.py:840} INFO - DAG(s) 'tutorial_dag' retrieved from /home/airflow/.local/lib/python3.9/site-packages/airflow/example_dags/tutorial_dag.py
[2024-04-21T20:04:20.054+0000] {logging_mixin.py:188} INFO - [2024-04-21T20:04:20.053+0000] {dag.py:3047} INFO - Sync 1 DAGs
[2024-04-21T20:04:20.068+0000] {logging_mixin.py:188} INFO - [2024-04-21T20:04:20.067+0000] {dag.py:3834} INFO - Setting next_dagrun for tutorial_dag to None, run_after=None
[2024-04-21T20:04:20.108+0000] {processor.py:183} INFO - Processing /home/airflow/.local/lib/python3.9/site-packages/airflow/example_dags/tutorial_dag.py took 0.144 seconds
[2024-04-21T20:04:51.046+0000] {processor.py:161} INFO - Started process (PID=394) to work on /home/airflow/.local/lib/python3.9/site-packages/airflow/example_dags/tutorial_dag.py
[2024-04-21T20:04:51.048+0000] {processor.py:830} INFO - Processing file /home/airflow/.local/lib/python3.9/site-packages/airflow/example_dags/tutorial_dag.py for tasks to queue
[2024-04-21T20:04:51.050+0000] {logging_mixin.py:188} INFO - [2024-04-21T20:04:51.049+0000] {dagbag.py:540} INFO - Filling up the DagBag from /home/airflow/.local/lib/python3.9/site-packages/airflow/example_dags/tutorial_dag.py
[2024-04-21T20:04:51.061+0000] {processor.py:840} INFO - DAG(s) 'tutorial_dag' retrieved from /home/airflow/.local/lib/python3.9/site-packages/airflow/example_dags/tutorial_dag.py
[2024-04-21T20:04:51.196+0000] {logging_mixin.py:188} INFO - [2024-04-21T20:04:51.196+0000] {dag.py:3047} INFO - Sync 1 DAGs
[2024-04-21T20:04:51.217+0000] {logging_mixin.py:188} INFO - [2024-04-21T20:04:51.217+0000] {dag.py:3834} INFO - Setting next_dagrun for tutorial_dag to None, run_after=None
[2024-04-21T20:04:51.271+0000] {processor.py:183} INFO - Processing /home/airflow/.local/lib/python3.9/site-packages/airflow/example_dags/tutorial_dag.py took 0.231 seconds
[2024-04-21T20:05:21.520+0000] {processor.py:161} INFO - Started process (PID=451) to work on /home/airflow/.local/lib/python3.9/site-packages/airflow/example_dags/tutorial_dag.py
[2024-04-21T20:05:21.522+0000] {processor.py:830} INFO - Processing file /home/airflow/.local/lib/python3.9/site-packages/airflow/example_dags/tutorial_dag.py for tasks to queue
[2024-04-21T20:05:21.524+0000] {logging_mixin.py:188} INFO - [2024-04-21T20:05:21.524+0000] {dagbag.py:540} INFO - Filling up the DagBag from /home/airflow/.local/lib/python3.9/site-packages/airflow/example_dags/tutorial_dag.py
[2024-04-21T20:05:21.533+0000] {processor.py:840} INFO - DAG(s) 'tutorial_dag' retrieved from /home/airflow/.local/lib/python3.9/site-packages/airflow/example_dags/tutorial_dag.py
[2024-04-21T20:05:21.637+0000] {logging_mixin.py:188} INFO - [2024-04-21T20:05:21.636+0000] {dag.py:3047} INFO - Sync 1 DAGs
[2024-04-21T20:05:21.661+0000] {logging_mixin.py:188} INFO - [2024-04-21T20:05:21.660+0000] {dag.py:3834} INFO - Setting next_dagrun for tutorial_dag to None, run_after=None
[2024-04-21T20:05:21.710+0000] {processor.py:183} INFO - Processing /home/airflow/.local/lib/python3.9/site-packages/airflow/example_dags/tutorial_dag.py took 0.194 seconds
[2024-04-21T20:05:52.834+0000] {processor.py:161} INFO - Started process (PID=509) to work on /home/airflow/.local/lib/python3.9/site-packages/airflow/example_dags/tutorial_dag.py
[2024-04-21T20:05:52.836+0000] {processor.py:830} INFO - Processing file /home/airflow/.local/lib/python3.9/site-packages/airflow/example_dags/tutorial_dag.py for tasks to queue
[2024-04-21T20:05:52.838+0000] {logging_mixin.py:188} INFO - [2024-04-21T20:05:52.837+0000] {dagbag.py:540} INFO - Filling up the DagBag from /home/airflow/.local/lib/python3.9/site-packages/airflow/example_dags/tutorial_dag.py
[2024-04-21T20:05:52.847+0000] {processor.py:840} INFO - DAG(s) 'tutorial_dag' retrieved from /home/airflow/.local/lib/python3.9/site-packages/airflow/example_dags/tutorial_dag.py
[2024-04-21T20:05:52.948+0000] {logging_mixin.py:188} INFO - [2024-04-21T20:05:52.948+0000] {dag.py:3047} INFO - Sync 1 DAGs
[2024-04-21T20:05:52.969+0000] {logging_mixin.py:188} INFO - [2024-04-21T20:05:52.969+0000] {dag.py:3834} INFO - Setting next_dagrun for tutorial_dag to None, run_after=None
[2024-04-21T20:05:53.036+0000] {processor.py:183} INFO - Processing /home/airflow/.local/lib/python3.9/site-packages/airflow/example_dags/tutorial_dag.py took 0.208 seconds
[2024-04-21T20:06:46.563+0000] {processor.py:161} INFO - Started process (PID=572) to work on /home/airflow/.local/lib/python3.9/site-packages/airflow/example_dags/tutorial_dag.py
[2024-04-21T20:06:46.564+0000] {processor.py:830} INFO - Processing file /home/airflow/.local/lib/python3.9/site-packages/airflow/example_dags/tutorial_dag.py for tasks to queue
[2024-04-21T20:06:46.567+0000] {logging_mixin.py:188} INFO - [2024-04-21T20:06:46.565+0000] {dagbag.py:540} INFO - Filling up the DagBag from /home/airflow/.local/lib/python3.9/site-packages/airflow/example_dags/tutorial_dag.py
[2024-04-21T20:06:46.574+0000] {processor.py:840} INFO - DAG(s) 'tutorial_dag' retrieved from /home/airflow/.local/lib/python3.9/site-packages/airflow/example_dags/tutorial_dag.py
[2024-04-21T20:06:46.995+0000] {logging_mixin.py:188} INFO - [2024-04-21T20:06:46.991+0000] {dag.py:3047} INFO - Sync 1 DAGs
[2024-04-21T20:06:47.024+0000] {logging_mixin.py:188} INFO - [2024-04-21T20:06:47.023+0000] {dag.py:3834} INFO - Setting next_dagrun for tutorial_dag to None, run_after=None
[2024-04-21T20:06:47.105+0000] {processor.py:183} INFO - Processing /home/airflow/.local/lib/python3.9/site-packages/airflow/example_dags/tutorial_dag.py took 0.547 seconds
[2024-04-21T20:07:18.573+0000] {processor.py:161} INFO - Started process (PID=630) to work on /home/airflow/.local/lib/python3.9/site-packages/airflow/example_dags/tutorial_dag.py
[2024-04-21T20:07:18.576+0000] {processor.py:830} INFO - Processing file /home/airflow/.local/lib/python3.9/site-packages/airflow/example_dags/tutorial_dag.py for tasks to queue
[2024-04-21T20:07:18.578+0000] {logging_mixin.py:188} INFO - [2024-04-21T20:07:18.577+0000] {dagbag.py:540} INFO - Filling up the DagBag from /home/airflow/.local/lib/python3.9/site-packages/airflow/example_dags/tutorial_dag.py
[2024-04-21T20:07:18.587+0000] {processor.py:840} INFO - DAG(s) 'tutorial_dag' retrieved from /home/airflow/.local/lib/python3.9/site-packages/airflow/example_dags/tutorial_dag.py
[2024-04-21T20:07:18.685+0000] {logging_mixin.py:188} INFO - [2024-04-21T20:07:18.684+0000] {dag.py:3047} INFO - Sync 1 DAGs
[2024-04-21T20:07:18.706+0000] {logging_mixin.py:188} INFO - [2024-04-21T20:07:18.705+0000] {dag.py:3834} INFO - Setting next_dagrun for tutorial_dag to None, run_after=None
[2024-04-21T20:07:18.762+0000] {processor.py:183} INFO - Processing /home/airflow/.local/lib/python3.9/site-packages/airflow/example_dags/tutorial_dag.py took 0.194 seconds
[2024-04-21T20:07:49.783+0000] {processor.py:161} INFO - Started process (PID=687) to work on /home/airflow/.local/lib/python3.9/site-packages/airflow/example_dags/tutorial_dag.py
[2024-04-21T20:07:49.785+0000] {processor.py:830} INFO - Processing file /home/airflow/.local/lib/python3.9/site-packages/airflow/example_dags/tutorial_dag.py for tasks to queue
[2024-04-21T20:07:49.788+0000] {logging_mixin.py:188} INFO - [2024-04-21T20:07:49.787+0000] {dagbag.py:540} INFO - Filling up the DagBag from /home/airflow/.local/lib/python3.9/site-packages/airflow/example_dags/tutorial_dag.py
[2024-04-21T20:07:49.800+0000] {processor.py:840} INFO - DAG(s) 'tutorial_dag' retrieved from /home/airflow/.local/lib/python3.9/site-packages/airflow/example_dags/tutorial_dag.py
[2024-04-21T20:07:49.919+0000] {logging_mixin.py:188} INFO - [2024-04-21T20:07:49.919+0000] {dag.py:3047} INFO - Sync 1 DAGs
[2024-04-21T20:07:49.941+0000] {logging_mixin.py:188} INFO - [2024-04-21T20:07:49.940+0000] {dag.py:3834} INFO - Setting next_dagrun for tutorial_dag to None, run_after=None
[2024-04-21T20:07:49.997+0000] {processor.py:183} INFO - Processing /home/airflow/.local/lib/python3.9/site-packages/airflow/example_dags/tutorial_dag.py took 0.220 seconds
[2024-04-21T20:08:22.509+0000] {processor.py:161} INFO - Started process (PID=743) to work on /home/airflow/.local/lib/python3.9/site-packages/airflow/example_dags/tutorial_dag.py
[2024-04-21T20:08:22.511+0000] {processor.py:830} INFO - Processing file /home/airflow/.local/lib/python3.9/site-packages/airflow/example_dags/tutorial_dag.py for tasks to queue
[2024-04-21T20:08:22.512+0000] {logging_mixin.py:188} INFO - [2024-04-21T20:08:22.512+0000] {dagbag.py:540} INFO - Filling up the DagBag from /home/airflow/.local/lib/python3.9/site-packages/airflow/example_dags/tutorial_dag.py
[2024-04-21T20:08:22.519+0000] {processor.py:840} INFO - DAG(s) 'tutorial_dag' retrieved from /home/airflow/.local/lib/python3.9/site-packages/airflow/example_dags/tutorial_dag.py
[2024-04-21T20:08:22.588+0000] {logging_mixin.py:188} INFO - [2024-04-21T20:08:22.588+0000] {dag.py:3047} INFO - Sync 1 DAGs
[2024-04-21T20:08:22.601+0000] {logging_mixin.py:188} INFO - [2024-04-21T20:08:22.601+0000] {dag.py:3834} INFO - Setting next_dagrun for tutorial_dag to None, run_after=None
[2024-04-21T20:08:22.635+0000] {processor.py:183} INFO - Processing /home/airflow/.local/lib/python3.9/site-packages/airflow/example_dags/tutorial_dag.py took 0.128 seconds
[2024-04-21T20:10:04.798+0000] {processor.py:161} INFO - Started process (PID=814) to work on /home/airflow/.local/lib/python3.9/site-packages/airflow/example_dags/tutorial_dag.py
[2024-04-21T20:10:04.800+0000] {processor.py:830} INFO - Processing file /home/airflow/.local/lib/python3.9/site-packages/airflow/example_dags/tutorial_dag.py for tasks to queue
[2024-04-21T20:10:04.801+0000] {logging_mixin.py:188} INFO - [2024-04-21T20:10:04.801+0000] {dagbag.py:540} INFO - Filling up the DagBag from /home/airflow/.local/lib/python3.9/site-packages/airflow/example_dags/tutorial_dag.py
[2024-04-21T20:10:04.808+0000] {processor.py:840} INFO - DAG(s) 'tutorial_dag' retrieved from /home/airflow/.local/lib/python3.9/site-packages/airflow/example_dags/tutorial_dag.py
[2024-04-21T20:10:04.865+0000] {logging_mixin.py:188} INFO - [2024-04-21T20:10:04.865+0000] {dag.py:3047} INFO - Sync 1 DAGs
[2024-04-21T20:10:04.879+0000] {logging_mixin.py:188} INFO - [2024-04-21T20:10:04.878+0000] {dag.py:3834} INFO - Setting next_dagrun for tutorial_dag to None, run_after=None
[2024-04-21T20:10:04.913+0000] {processor.py:183} INFO - Processing /home/airflow/.local/lib/python3.9/site-packages/airflow/example_dags/tutorial_dag.py took 0.118 seconds
[2024-04-21T20:10:35.762+0000] {processor.py:161} INFO - Started process (PID=871) to work on /home/airflow/.local/lib/python3.9/site-packages/airflow/example_dags/tutorial_dag.py
[2024-04-21T20:10:35.764+0000] {processor.py:830} INFO - Processing file /home/airflow/.local/lib/python3.9/site-packages/airflow/example_dags/tutorial_dag.py for tasks to queue
[2024-04-21T20:10:35.765+0000] {logging_mixin.py:188} INFO - [2024-04-21T20:10:35.765+0000] {dagbag.py:540} INFO - Filling up the DagBag from /home/airflow/.local/lib/python3.9/site-packages/airflow/example_dags/tutorial_dag.py
[2024-04-21T20:10:35.772+0000] {processor.py:840} INFO - DAG(s) 'tutorial_dag' retrieved from /home/airflow/.local/lib/python3.9/site-packages/airflow/example_dags/tutorial_dag.py
[2024-04-21T20:10:35.848+0000] {logging_mixin.py:188} INFO - [2024-04-21T20:10:35.848+0000] {dag.py:3047} INFO - Sync 1 DAGs
[2024-04-21T20:10:35.862+0000] {logging_mixin.py:188} INFO - [2024-04-21T20:10:35.862+0000] {dag.py:3834} INFO - Setting next_dagrun for tutorial_dag to None, run_after=None
[2024-04-21T20:10:35.909+0000] {processor.py:183} INFO - Processing /home/airflow/.local/lib/python3.9/site-packages/airflow/example_dags/tutorial_dag.py took 0.152 seconds
[2024-04-21T20:11:06.429+0000] {processor.py:161} INFO - Started process (PID=930) to work on /home/airflow/.local/lib/python3.9/site-packages/airflow/example_dags/tutorial_dag.py
[2024-04-21T20:11:06.432+0000] {processor.py:830} INFO - Processing file /home/airflow/.local/lib/python3.9/site-packages/airflow/example_dags/tutorial_dag.py for tasks to queue
[2024-04-21T20:11:06.434+0000] {logging_mixin.py:188} INFO - [2024-04-21T20:11:06.433+0000] {dagbag.py:540} INFO - Filling up the DagBag from /home/airflow/.local/lib/python3.9/site-packages/airflow/example_dags/tutorial_dag.py
[2024-04-21T20:11:06.441+0000] {processor.py:840} INFO - DAG(s) 'tutorial_dag' retrieved from /home/airflow/.local/lib/python3.9/site-packages/airflow/example_dags/tutorial_dag.py
[2024-04-21T20:11:06.521+0000] {logging_mixin.py:188} INFO - [2024-04-21T20:11:06.521+0000] {dag.py:3047} INFO - Sync 1 DAGs
[2024-04-21T20:11:06.539+0000] {logging_mixin.py:188} INFO - [2024-04-21T20:11:06.538+0000] {dag.py:3834} INFO - Setting next_dagrun for tutorial_dag to None, run_after=None
[2024-04-21T20:11:06.575+0000] {processor.py:183} INFO - Processing /home/airflow/.local/lib/python3.9/site-packages/airflow/example_dags/tutorial_dag.py took 0.152 seconds
[2024-04-21T20:14:21.252+0000] {processor.py:161} INFO - Started process (PID=58) to work on /home/airflow/.local/lib/python3.9/site-packages/airflow/example_dags/tutorial_dag.py
[2024-04-21T20:14:21.267+0000] {processor.py:830} INFO - Processing file /home/airflow/.local/lib/python3.9/site-packages/airflow/example_dags/tutorial_dag.py for tasks to queue
[2024-04-21T20:14:21.280+0000] {logging_mixin.py:188} INFO - [2024-04-21T20:14:21.280+0000] {dagbag.py:540} INFO - Filling up the DagBag from /home/airflow/.local/lib/python3.9/site-packages/airflow/example_dags/tutorial_dag.py
[2024-04-21T20:14:21.295+0000] {processor.py:840} INFO - DAG(s) 'tutorial_dag' retrieved from /home/airflow/.local/lib/python3.9/site-packages/airflow/example_dags/tutorial_dag.py
[2024-04-21T20:14:21.608+0000] {logging_mixin.py:188} INFO - [2024-04-21T20:14:21.608+0000] {dag.py:3047} INFO - Sync 1 DAGs
[2024-04-21T20:14:21.648+0000] {logging_mixin.py:188} INFO - [2024-04-21T20:14:21.648+0000] {dag.py:3834} INFO - Setting next_dagrun for tutorial_dag to None, run_after=None
[2024-04-21T20:14:21.714+0000] {processor.py:183} INFO - Processing /home/airflow/.local/lib/python3.9/site-packages/airflow/example_dags/tutorial_dag.py took 0.493 seconds
[2024-04-21T20:14:52.474+0000] {processor.py:161} INFO - Started process (PID=116) to work on /home/airflow/.local/lib/python3.9/site-packages/airflow/example_dags/tutorial_dag.py
[2024-04-21T20:14:52.476+0000] {processor.py:830} INFO - Processing file /home/airflow/.local/lib/python3.9/site-packages/airflow/example_dags/tutorial_dag.py for tasks to queue
[2024-04-21T20:14:52.479+0000] {logging_mixin.py:188} INFO - [2024-04-21T20:14:52.478+0000] {dagbag.py:540} INFO - Filling up the DagBag from /home/airflow/.local/lib/python3.9/site-packages/airflow/example_dags/tutorial_dag.py
[2024-04-21T20:14:52.485+0000] {processor.py:840} INFO - DAG(s) 'tutorial_dag' retrieved from /home/airflow/.local/lib/python3.9/site-packages/airflow/example_dags/tutorial_dag.py
[2024-04-21T20:14:52.548+0000] {logging_mixin.py:188} INFO - [2024-04-21T20:14:52.548+0000] {dag.py:3047} INFO - Sync 1 DAGs
[2024-04-21T20:14:52.564+0000] {logging_mixin.py:188} INFO - [2024-04-21T20:14:52.563+0000] {dag.py:3834} INFO - Setting next_dagrun for tutorial_dag to None, run_after=None
[2024-04-21T20:14:52.607+0000] {processor.py:183} INFO - Processing /home/airflow/.local/lib/python3.9/site-packages/airflow/example_dags/tutorial_dag.py took 0.136 seconds
[2024-04-21T20:15:22.785+0000] {processor.py:161} INFO - Started process (PID=173) to work on /home/airflow/.local/lib/python3.9/site-packages/airflow/example_dags/tutorial_dag.py
[2024-04-21T20:15:22.787+0000] {processor.py:830} INFO - Processing file /home/airflow/.local/lib/python3.9/site-packages/airflow/example_dags/tutorial_dag.py for tasks to queue
[2024-04-21T20:15:22.789+0000] {logging_mixin.py:188} INFO - [2024-04-21T20:15:22.789+0000] {dagbag.py:540} INFO - Filling up the DagBag from /home/airflow/.local/lib/python3.9/site-packages/airflow/example_dags/tutorial_dag.py
[2024-04-21T20:15:22.795+0000] {processor.py:840} INFO - DAG(s) 'tutorial_dag' retrieved from /home/airflow/.local/lib/python3.9/site-packages/airflow/example_dags/tutorial_dag.py
[2024-04-21T20:15:22.862+0000] {logging_mixin.py:188} INFO - [2024-04-21T20:15:22.862+0000] {dag.py:3047} INFO - Sync 1 DAGs
[2024-04-21T20:15:22.884+0000] {logging_mixin.py:188} INFO - [2024-04-21T20:15:22.884+0000] {dag.py:3834} INFO - Setting next_dagrun for tutorial_dag to None, run_after=None
[2024-04-21T20:15:22.931+0000] {processor.py:183} INFO - Processing /home/airflow/.local/lib/python3.9/site-packages/airflow/example_dags/tutorial_dag.py took 0.149 seconds
[2024-04-21T20:16:17.300+0000] {processor.py:161} INFO - Started process (PID=58) to work on /home/airflow/.local/lib/python3.9/site-packages/airflow/example_dags/tutorial_dag.py
[2024-04-21T20:16:17.301+0000] {processor.py:830} INFO - Processing file /home/airflow/.local/lib/python3.9/site-packages/airflow/example_dags/tutorial_dag.py for tasks to queue
[2024-04-21T20:16:17.304+0000] {logging_mixin.py:188} INFO - [2024-04-21T20:16:17.303+0000] {dagbag.py:540} INFO - Filling up the DagBag from /home/airflow/.local/lib/python3.9/site-packages/airflow/example_dags/tutorial_dag.py
[2024-04-21T20:16:17.313+0000] {processor.py:840} INFO - DAG(s) 'tutorial_dag' retrieved from /home/airflow/.local/lib/python3.9/site-packages/airflow/example_dags/tutorial_dag.py
[2024-04-21T20:16:17.391+0000] {logging_mixin.py:188} INFO - [2024-04-21T20:16:17.391+0000] {dag.py:3047} INFO - Sync 1 DAGs
[2024-04-21T20:16:17.411+0000] {logging_mixin.py:188} INFO - [2024-04-21T20:16:17.410+0000] {dag.py:3834} INFO - Setting next_dagrun for tutorial_dag to None, run_after=None
[2024-04-21T20:16:17.448+0000] {processor.py:183} INFO - Processing /home/airflow/.local/lib/python3.9/site-packages/airflow/example_dags/tutorial_dag.py took 0.151 seconds
[2024-04-21T20:16:48.054+0000] {processor.py:161} INFO - Started process (PID=115) to work on /home/airflow/.local/lib/python3.9/site-packages/airflow/example_dags/tutorial_dag.py
[2024-04-21T20:16:48.056+0000] {processor.py:830} INFO - Processing file /home/airflow/.local/lib/python3.9/site-packages/airflow/example_dags/tutorial_dag.py for tasks to queue
[2024-04-21T20:16:48.058+0000] {logging_mixin.py:188} INFO - [2024-04-21T20:16:48.058+0000] {dagbag.py:540} INFO - Filling up the DagBag from /home/airflow/.local/lib/python3.9/site-packages/airflow/example_dags/tutorial_dag.py
[2024-04-21T20:16:48.064+0000] {processor.py:840} INFO - DAG(s) 'tutorial_dag' retrieved from /home/airflow/.local/lib/python3.9/site-packages/airflow/example_dags/tutorial_dag.py
[2024-04-21T20:16:48.125+0000] {logging_mixin.py:188} INFO - [2024-04-21T20:16:48.124+0000] {dag.py:3047} INFO - Sync 1 DAGs
[2024-04-21T20:16:48.141+0000] {logging_mixin.py:188} INFO - [2024-04-21T20:16:48.140+0000] {dag.py:3834} INFO - Setting next_dagrun for tutorial_dag to None, run_after=None
[2024-04-21T20:16:48.179+0000] {processor.py:183} INFO - Processing /home/airflow/.local/lib/python3.9/site-packages/airflow/example_dags/tutorial_dag.py took 0.128 seconds
[2024-04-21T20:17:18.660+0000] {processor.py:161} INFO - Started process (PID=172) to work on /home/airflow/.local/lib/python3.9/site-packages/airflow/example_dags/tutorial_dag.py
[2024-04-21T20:17:18.662+0000] {processor.py:830} INFO - Processing file /home/airflow/.local/lib/python3.9/site-packages/airflow/example_dags/tutorial_dag.py for tasks to queue
[2024-04-21T20:17:18.664+0000] {logging_mixin.py:188} INFO - [2024-04-21T20:17:18.664+0000] {dagbag.py:540} INFO - Filling up the DagBag from /home/airflow/.local/lib/python3.9/site-packages/airflow/example_dags/tutorial_dag.py
[2024-04-21T20:17:18.672+0000] {processor.py:840} INFO - DAG(s) 'tutorial_dag' retrieved from /home/airflow/.local/lib/python3.9/site-packages/airflow/example_dags/tutorial_dag.py
[2024-04-21T20:17:18.742+0000] {logging_mixin.py:188} INFO - [2024-04-21T20:17:18.741+0000] {dag.py:3047} INFO - Sync 1 DAGs
[2024-04-21T20:17:18.761+0000] {logging_mixin.py:188} INFO - [2024-04-21T20:17:18.760+0000] {dag.py:3834} INFO - Setting next_dagrun for tutorial_dag to None, run_after=None
[2024-04-21T20:17:18.855+0000] {processor.py:183} INFO - Processing /home/airflow/.local/lib/python3.9/site-packages/airflow/example_dags/tutorial_dag.py took 0.197 seconds
[2024-04-21T20:17:49.449+0000] {processor.py:161} INFO - Started process (PID=229) to work on /home/airflow/.local/lib/python3.9/site-packages/airflow/example_dags/tutorial_dag.py
[2024-04-21T20:17:49.450+0000] {processor.py:830} INFO - Processing file /home/airflow/.local/lib/python3.9/site-packages/airflow/example_dags/tutorial_dag.py for tasks to queue
[2024-04-21T20:17:49.452+0000] {logging_mixin.py:188} INFO - [2024-04-21T20:17:49.452+0000] {dagbag.py:540} INFO - Filling up the DagBag from /home/airflow/.local/lib/python3.9/site-packages/airflow/example_dags/tutorial_dag.py
[2024-04-21T20:17:49.457+0000] {processor.py:840} INFO - DAG(s) 'tutorial_dag' retrieved from /home/airflow/.local/lib/python3.9/site-packages/airflow/example_dags/tutorial_dag.py
[2024-04-21T20:17:49.509+0000] {logging_mixin.py:188} INFO - [2024-04-21T20:17:49.509+0000] {dag.py:3047} INFO - Sync 1 DAGs
[2024-04-21T20:17:49.521+0000] {logging_mixin.py:188} INFO - [2024-04-21T20:17:49.521+0000] {dag.py:3834} INFO - Setting next_dagrun for tutorial_dag to None, run_after=None
[2024-04-21T20:17:49.554+0000] {processor.py:183} INFO - Processing /home/airflow/.local/lib/python3.9/site-packages/airflow/example_dags/tutorial_dag.py took 0.108 seconds
[2024-04-21T20:18:20.299+0000] {processor.py:161} INFO - Started process (PID=286) to work on /home/airflow/.local/lib/python3.9/site-packages/airflow/example_dags/tutorial_dag.py
[2024-04-21T20:18:20.300+0000] {processor.py:830} INFO - Processing file /home/airflow/.local/lib/python3.9/site-packages/airflow/example_dags/tutorial_dag.py for tasks to queue
[2024-04-21T20:18:20.303+0000] {logging_mixin.py:188} INFO - [2024-04-21T20:18:20.302+0000] {dagbag.py:540} INFO - Filling up the DagBag from /home/airflow/.local/lib/python3.9/site-packages/airflow/example_dags/tutorial_dag.py
[2024-04-21T20:18:20.309+0000] {processor.py:840} INFO - DAG(s) 'tutorial_dag' retrieved from /home/airflow/.local/lib/python3.9/site-packages/airflow/example_dags/tutorial_dag.py
[2024-04-21T20:18:20.366+0000] {logging_mixin.py:188} INFO - [2024-04-21T20:18:20.366+0000] {dag.py:3047} INFO - Sync 1 DAGs
[2024-04-21T20:18:20.379+0000] {logging_mixin.py:188} INFO - [2024-04-21T20:18:20.378+0000] {dag.py:3834} INFO - Setting next_dagrun for tutorial_dag to None, run_after=None
[2024-04-21T20:18:20.416+0000] {processor.py:183} INFO - Processing /home/airflow/.local/lib/python3.9/site-packages/airflow/example_dags/tutorial_dag.py took 0.120 seconds
[2024-04-21T20:18:51.786+0000] {processor.py:161} INFO - Started process (PID=343) to work on /home/airflow/.local/lib/python3.9/site-packages/airflow/example_dags/tutorial_dag.py
[2024-04-21T20:18:51.788+0000] {processor.py:830} INFO - Processing file /home/airflow/.local/lib/python3.9/site-packages/airflow/example_dags/tutorial_dag.py for tasks to queue
[2024-04-21T20:18:51.791+0000] {logging_mixin.py:188} INFO - [2024-04-21T20:18:51.790+0000] {dagbag.py:540} INFO - Filling up the DagBag from /home/airflow/.local/lib/python3.9/site-packages/airflow/example_dags/tutorial_dag.py
[2024-04-21T20:18:51.803+0000] {processor.py:840} INFO - DAG(s) 'tutorial_dag' retrieved from /home/airflow/.local/lib/python3.9/site-packages/airflow/example_dags/tutorial_dag.py
[2024-04-21T20:18:51.899+0000] {logging_mixin.py:188} INFO - [2024-04-21T20:18:51.899+0000] {dag.py:3047} INFO - Sync 1 DAGs
[2024-04-21T20:18:51.913+0000] {logging_mixin.py:188} INFO - [2024-04-21T20:18:51.913+0000] {dag.py:3834} INFO - Setting next_dagrun for tutorial_dag to None, run_after=None
[2024-04-21T20:18:51.965+0000] {processor.py:183} INFO - Processing /home/airflow/.local/lib/python3.9/site-packages/airflow/example_dags/tutorial_dag.py took 0.183 seconds
[2024-04-21T20:32:51.060+0000] {processor.py:161} INFO - Started process (PID=58) to work on /home/airflow/.local/lib/python3.9/site-packages/airflow/example_dags/tutorial_dag.py
[2024-04-21T20:32:51.062+0000] {processor.py:830} INFO - Processing file /home/airflow/.local/lib/python3.9/site-packages/airflow/example_dags/tutorial_dag.py for tasks to queue
[2024-04-21T20:32:51.064+0000] {logging_mixin.py:188} INFO - [2024-04-21T20:32:51.064+0000] {dagbag.py:540} INFO - Filling up the DagBag from /home/airflow/.local/lib/python3.9/site-packages/airflow/example_dags/tutorial_dag.py
[2024-04-21T20:32:51.094+0000] {processor.py:840} INFO - DAG(s) 'tutorial_dag' retrieved from /home/airflow/.local/lib/python3.9/site-packages/airflow/example_dags/tutorial_dag.py
[2024-04-21T20:32:51.569+0000] {logging_mixin.py:188} INFO - [2024-04-21T20:32:51.569+0000] {dag.py:3047} INFO - Sync 1 DAGs
[2024-04-21T20:32:51.589+0000] {logging_mixin.py:188} INFO - [2024-04-21T20:32:51.589+0000] {dag.py:3834} INFO - Setting next_dagrun for tutorial_dag to None, run_after=None
[2024-04-21T20:32:51.646+0000] {processor.py:183} INFO - Processing /home/airflow/.local/lib/python3.9/site-packages/airflow/example_dags/tutorial_dag.py took 0.589 seconds
[2024-04-21T20:33:23.264+0000] {processor.py:161} INFO - Started process (PID=58) to work on /home/airflow/.local/lib/python3.9/site-packages/airflow/example_dags/tutorial_dag.py
[2024-04-21T20:33:23.265+0000] {processor.py:830} INFO - Processing file /home/airflow/.local/lib/python3.9/site-packages/airflow/example_dags/tutorial_dag.py for tasks to queue
[2024-04-21T20:33:23.268+0000] {logging_mixin.py:188} INFO - [2024-04-21T20:33:23.268+0000] {dagbag.py:540} INFO - Filling up the DagBag from /home/airflow/.local/lib/python3.9/site-packages/airflow/example_dags/tutorial_dag.py
[2024-04-21T20:33:23.276+0000] {processor.py:840} INFO - DAG(s) 'tutorial_dag' retrieved from /home/airflow/.local/lib/python3.9/site-packages/airflow/example_dags/tutorial_dag.py
[2024-04-21T20:33:23.341+0000] {logging_mixin.py:188} INFO - [2024-04-21T20:33:23.340+0000] {dag.py:3047} INFO - Sync 1 DAGs
[2024-04-21T20:33:23.354+0000] {logging_mixin.py:188} INFO - [2024-04-21T20:33:23.353+0000] {dag.py:3834} INFO - Setting next_dagrun for tutorial_dag to None, run_after=None
[2024-04-21T20:33:23.388+0000] {processor.py:183} INFO - Processing /home/airflow/.local/lib/python3.9/site-packages/airflow/example_dags/tutorial_dag.py took 0.127 seconds
[2024-04-21T20:33:54.173+0000] {processor.py:161} INFO - Started process (PID=115) to work on /home/airflow/.local/lib/python3.9/site-packages/airflow/example_dags/tutorial_dag.py
[2024-04-21T20:33:54.175+0000] {processor.py:830} INFO - Processing file /home/airflow/.local/lib/python3.9/site-packages/airflow/example_dags/tutorial_dag.py for tasks to queue
[2024-04-21T20:33:54.177+0000] {logging_mixin.py:188} INFO - [2024-04-21T20:33:54.177+0000] {dagbag.py:540} INFO - Filling up the DagBag from /home/airflow/.local/lib/python3.9/site-packages/airflow/example_dags/tutorial_dag.py
[2024-04-21T20:33:54.184+0000] {processor.py:840} INFO - DAG(s) 'tutorial_dag' retrieved from /home/airflow/.local/lib/python3.9/site-packages/airflow/example_dags/tutorial_dag.py
[2024-04-21T20:33:54.253+0000] {logging_mixin.py:188} INFO - [2024-04-21T20:33:54.253+0000] {dag.py:3047} INFO - Sync 1 DAGs
[2024-04-21T20:33:54.266+0000] {logging_mixin.py:188} INFO - [2024-04-21T20:33:54.266+0000] {dag.py:3834} INFO - Setting next_dagrun for tutorial_dag to None, run_after=None
[2024-04-21T20:33:54.301+0000] {processor.py:183} INFO - Processing /home/airflow/.local/lib/python3.9/site-packages/airflow/example_dags/tutorial_dag.py took 0.130 seconds
[2024-04-21T20:34:30.847+0000] {processor.py:161} INFO - Started process (PID=58) to work on /home/airflow/.local/lib/python3.9/site-packages/airflow/example_dags/tutorial_dag.py
[2024-04-21T20:34:30.848+0000] {processor.py:830} INFO - Processing file /home/airflow/.local/lib/python3.9/site-packages/airflow/example_dags/tutorial_dag.py for tasks to queue
[2024-04-21T20:34:30.851+0000] {logging_mixin.py:188} INFO - [2024-04-21T20:34:30.851+0000] {dagbag.py:540} INFO - Filling up the DagBag from /home/airflow/.local/lib/python3.9/site-packages/airflow/example_dags/tutorial_dag.py
[2024-04-21T20:34:30.861+0000] {processor.py:840} INFO - DAG(s) 'tutorial_dag' retrieved from /home/airflow/.local/lib/python3.9/site-packages/airflow/example_dags/tutorial_dag.py
[2024-04-21T20:34:30.941+0000] {logging_mixin.py:188} INFO - [2024-04-21T20:34:30.940+0000] {dag.py:3047} INFO - Sync 1 DAGs
[2024-04-21T20:34:30.954+0000] {logging_mixin.py:188} INFO - [2024-04-21T20:34:30.953+0000] {dag.py:3834} INFO - Setting next_dagrun for tutorial_dag to None, run_after=None
[2024-04-21T20:34:30.989+0000] {processor.py:183} INFO - Processing /home/airflow/.local/lib/python3.9/site-packages/airflow/example_dags/tutorial_dag.py took 0.147 seconds
[2024-04-21T20:35:01.888+0000] {processor.py:161} INFO - Started process (PID=115) to work on /home/airflow/.local/lib/python3.9/site-packages/airflow/example_dags/tutorial_dag.py
[2024-04-21T20:35:01.890+0000] {processor.py:830} INFO - Processing file /home/airflow/.local/lib/python3.9/site-packages/airflow/example_dags/tutorial_dag.py for tasks to queue
[2024-04-21T20:35:01.892+0000] {logging_mixin.py:188} INFO - [2024-04-21T20:35:01.891+0000] {dagbag.py:540} INFO - Filling up the DagBag from /home/airflow/.local/lib/python3.9/site-packages/airflow/example_dags/tutorial_dag.py
[2024-04-21T20:35:01.898+0000] {processor.py:840} INFO - DAG(s) 'tutorial_dag' retrieved from /home/airflow/.local/lib/python3.9/site-packages/airflow/example_dags/tutorial_dag.py
[2024-04-21T20:35:01.953+0000] {logging_mixin.py:188} INFO - [2024-04-21T20:35:01.952+0000] {dag.py:3047} INFO - Sync 1 DAGs
[2024-04-21T20:35:01.966+0000] {logging_mixin.py:188} INFO - [2024-04-21T20:35:01.966+0000] {dag.py:3834} INFO - Setting next_dagrun for tutorial_dag to None, run_after=None
[2024-04-21T20:35:02.004+0000] {processor.py:183} INFO - Processing /home/airflow/.local/lib/python3.9/site-packages/airflow/example_dags/tutorial_dag.py took 0.118 seconds
[2024-04-21T20:35:32.769+0000] {processor.py:161} INFO - Started process (PID=172) to work on /home/airflow/.local/lib/python3.9/site-packages/airflow/example_dags/tutorial_dag.py
[2024-04-21T20:35:32.771+0000] {processor.py:830} INFO - Processing file /home/airflow/.local/lib/python3.9/site-packages/airflow/example_dags/tutorial_dag.py for tasks to queue
[2024-04-21T20:35:32.773+0000] {logging_mixin.py:188} INFO - [2024-04-21T20:35:32.773+0000] {dagbag.py:540} INFO - Filling up the DagBag from /home/airflow/.local/lib/python3.9/site-packages/airflow/example_dags/tutorial_dag.py
[2024-04-21T20:35:32.779+0000] {processor.py:840} INFO - DAG(s) 'tutorial_dag' retrieved from /home/airflow/.local/lib/python3.9/site-packages/airflow/example_dags/tutorial_dag.py
[2024-04-21T20:35:32.846+0000] {logging_mixin.py:188} INFO - [2024-04-21T20:35:32.845+0000] {dag.py:3047} INFO - Sync 1 DAGs
[2024-04-21T20:35:32.861+0000] {logging_mixin.py:188} INFO - [2024-04-21T20:35:32.861+0000] {dag.py:3834} INFO - Setting next_dagrun for tutorial_dag to None, run_after=None
[2024-04-21T20:35:32.915+0000] {processor.py:183} INFO - Processing /home/airflow/.local/lib/python3.9/site-packages/airflow/example_dags/tutorial_dag.py took 0.148 seconds
[2024-04-21T20:36:03.933+0000] {processor.py:161} INFO - Started process (PID=229) to work on /home/airflow/.local/lib/python3.9/site-packages/airflow/example_dags/tutorial_dag.py
[2024-04-21T20:36:03.934+0000] {processor.py:830} INFO - Processing file /home/airflow/.local/lib/python3.9/site-packages/airflow/example_dags/tutorial_dag.py for tasks to queue
[2024-04-21T20:36:03.936+0000] {logging_mixin.py:188} INFO - [2024-04-21T20:36:03.936+0000] {dagbag.py:540} INFO - Filling up the DagBag from /home/airflow/.local/lib/python3.9/site-packages/airflow/example_dags/tutorial_dag.py
[2024-04-21T20:36:03.942+0000] {processor.py:840} INFO - DAG(s) 'tutorial_dag' retrieved from /home/airflow/.local/lib/python3.9/site-packages/airflow/example_dags/tutorial_dag.py
[2024-04-21T20:36:03.997+0000] {logging_mixin.py:188} INFO - [2024-04-21T20:36:03.997+0000] {dag.py:3047} INFO - Sync 1 DAGs
[2024-04-21T20:36:04.011+0000] {logging_mixin.py:188} INFO - [2024-04-21T20:36:04.010+0000] {dag.py:3834} INFO - Setting next_dagrun for tutorial_dag to None, run_after=None
[2024-04-21T20:36:04.045+0000] {processor.py:183} INFO - Processing /home/airflow/.local/lib/python3.9/site-packages/airflow/example_dags/tutorial_dag.py took 0.116 seconds
[2024-04-21T20:36:35.506+0000] {processor.py:161} INFO - Started process (PID=286) to work on /home/airflow/.local/lib/python3.9/site-packages/airflow/example_dags/tutorial_dag.py
[2024-04-21T20:36:35.507+0000] {processor.py:830} INFO - Processing file /home/airflow/.local/lib/python3.9/site-packages/airflow/example_dags/tutorial_dag.py for tasks to queue
[2024-04-21T20:36:35.509+0000] {logging_mixin.py:188} INFO - [2024-04-21T20:36:35.509+0000] {dagbag.py:540} INFO - Filling up the DagBag from /home/airflow/.local/lib/python3.9/site-packages/airflow/example_dags/tutorial_dag.py
[2024-04-21T20:36:35.515+0000] {processor.py:840} INFO - DAG(s) 'tutorial_dag' retrieved from /home/airflow/.local/lib/python3.9/site-packages/airflow/example_dags/tutorial_dag.py
[2024-04-21T20:36:35.569+0000] {logging_mixin.py:188} INFO - [2024-04-21T20:36:35.569+0000] {dag.py:3047} INFO - Sync 1 DAGs
[2024-04-21T20:36:35.582+0000] {logging_mixin.py:188} INFO - [2024-04-21T20:36:35.582+0000] {dag.py:3834} INFO - Setting next_dagrun for tutorial_dag to None, run_after=None
[2024-04-21T20:36:35.621+0000] {processor.py:183} INFO - Processing /home/airflow/.local/lib/python3.9/site-packages/airflow/example_dags/tutorial_dag.py took 0.118 seconds
[2024-04-21T20:37:06.260+0000] {processor.py:161} INFO - Started process (PID=343) to work on /home/airflow/.local/lib/python3.9/site-packages/airflow/example_dags/tutorial_dag.py
[2024-04-21T20:37:06.261+0000] {processor.py:830} INFO - Processing file /home/airflow/.local/lib/python3.9/site-packages/airflow/example_dags/tutorial_dag.py for tasks to queue
[2024-04-21T20:37:06.263+0000] {logging_mixin.py:188} INFO - [2024-04-21T20:37:06.263+0000] {dagbag.py:540} INFO - Filling up the DagBag from /home/airflow/.local/lib/python3.9/site-packages/airflow/example_dags/tutorial_dag.py
[2024-04-21T20:37:06.269+0000] {processor.py:840} INFO - DAG(s) 'tutorial_dag' retrieved from /home/airflow/.local/lib/python3.9/site-packages/airflow/example_dags/tutorial_dag.py
[2024-04-21T20:37:06.320+0000] {logging_mixin.py:188} INFO - [2024-04-21T20:37:06.320+0000] {dag.py:3047} INFO - Sync 1 DAGs
[2024-04-21T20:37:06.332+0000] {logging_mixin.py:188} INFO - [2024-04-21T20:37:06.332+0000] {dag.py:3834} INFO - Setting next_dagrun for tutorial_dag to None, run_after=None
[2024-04-21T20:37:06.370+0000] {processor.py:183} INFO - Processing /home/airflow/.local/lib/python3.9/site-packages/airflow/example_dags/tutorial_dag.py took 0.113 seconds
[2024-04-21T20:37:36.722+0000] {processor.py:161} INFO - Started process (PID=400) to work on /home/airflow/.local/lib/python3.9/site-packages/airflow/example_dags/tutorial_dag.py
[2024-04-21T20:37:36.724+0000] {processor.py:830} INFO - Processing file /home/airflow/.local/lib/python3.9/site-packages/airflow/example_dags/tutorial_dag.py for tasks to queue
[2024-04-21T20:37:36.726+0000] {logging_mixin.py:188} INFO - [2024-04-21T20:37:36.726+0000] {dagbag.py:540} INFO - Filling up the DagBag from /home/airflow/.local/lib/python3.9/site-packages/airflow/example_dags/tutorial_dag.py
[2024-04-21T20:37:36.732+0000] {processor.py:840} INFO - DAG(s) 'tutorial_dag' retrieved from /home/airflow/.local/lib/python3.9/site-packages/airflow/example_dags/tutorial_dag.py
[2024-04-21T20:37:36.784+0000] {logging_mixin.py:188} INFO - [2024-04-21T20:37:36.784+0000] {dag.py:3047} INFO - Sync 1 DAGs
[2024-04-21T20:37:36.796+0000] {logging_mixin.py:188} INFO - [2024-04-21T20:37:36.796+0000] {dag.py:3834} INFO - Setting next_dagrun for tutorial_dag to None, run_after=None
[2024-04-21T20:37:36.830+0000] {processor.py:183} INFO - Processing /home/airflow/.local/lib/python3.9/site-packages/airflow/example_dags/tutorial_dag.py took 0.111 seconds
[2024-04-21T20:38:08.420+0000] {processor.py:161} INFO - Started process (PID=457) to work on /home/airflow/.local/lib/python3.9/site-packages/airflow/example_dags/tutorial_dag.py
[2024-04-21T20:38:08.421+0000] {processor.py:830} INFO - Processing file /home/airflow/.local/lib/python3.9/site-packages/airflow/example_dags/tutorial_dag.py for tasks to queue
[2024-04-21T20:38:08.424+0000] {logging_mixin.py:188} INFO - [2024-04-21T20:38:08.424+0000] {dagbag.py:540} INFO - Filling up the DagBag from /home/airflow/.local/lib/python3.9/site-packages/airflow/example_dags/tutorial_dag.py
[2024-04-21T20:38:08.432+0000] {processor.py:840} INFO - DAG(s) 'tutorial_dag' retrieved from /home/airflow/.local/lib/python3.9/site-packages/airflow/example_dags/tutorial_dag.py
[2024-04-21T20:38:08.514+0000] {logging_mixin.py:188} INFO - [2024-04-21T20:38:08.513+0000] {dag.py:3047} INFO - Sync 1 DAGs
[2024-04-21T20:38:08.535+0000] {logging_mixin.py:188} INFO - [2024-04-21T20:38:08.534+0000] {dag.py:3834} INFO - Setting next_dagrun for tutorial_dag to None, run_after=None
[2024-04-21T20:38:08.582+0000] {processor.py:183} INFO - Processing /home/airflow/.local/lib/python3.9/site-packages/airflow/example_dags/tutorial_dag.py took 0.166 seconds
[2024-04-21T20:38:40.249+0000] {processor.py:161} INFO - Started process (PID=514) to work on /home/airflow/.local/lib/python3.9/site-packages/airflow/example_dags/tutorial_dag.py
[2024-04-21T20:38:40.250+0000] {processor.py:830} INFO - Processing file /home/airflow/.local/lib/python3.9/site-packages/airflow/example_dags/tutorial_dag.py for tasks to queue
[2024-04-21T20:38:40.252+0000] {logging_mixin.py:188} INFO - [2024-04-21T20:38:40.252+0000] {dagbag.py:540} INFO - Filling up the DagBag from /home/airflow/.local/lib/python3.9/site-packages/airflow/example_dags/tutorial_dag.py
[2024-04-21T20:38:40.258+0000] {processor.py:840} INFO - DAG(s) 'tutorial_dag' retrieved from /home/airflow/.local/lib/python3.9/site-packages/airflow/example_dags/tutorial_dag.py
[2024-04-21T20:38:40.312+0000] {logging_mixin.py:188} INFO - [2024-04-21T20:38:40.312+0000] {dag.py:3047} INFO - Sync 1 DAGs
[2024-04-21T20:38:40.324+0000] {logging_mixin.py:188} INFO - [2024-04-21T20:38:40.323+0000] {dag.py:3834} INFO - Setting next_dagrun for tutorial_dag to None, run_after=None
[2024-04-21T20:38:40.357+0000] {processor.py:183} INFO - Processing /home/airflow/.local/lib/python3.9/site-packages/airflow/example_dags/tutorial_dag.py took 0.111 seconds
[2024-04-21T20:40:42.073+0000] {processor.py:161} INFO - Started process (PID=602) to work on /home/airflow/.local/lib/python3.9/site-packages/airflow/example_dags/tutorial_dag.py
[2024-04-21T20:40:42.074+0000] {processor.py:830} INFO - Processing file /home/airflow/.local/lib/python3.9/site-packages/airflow/example_dags/tutorial_dag.py for tasks to queue
[2024-04-21T20:40:42.077+0000] {logging_mixin.py:188} INFO - [2024-04-21T20:40:42.077+0000] {dagbag.py:540} INFO - Filling up the DagBag from /home/airflow/.local/lib/python3.9/site-packages/airflow/example_dags/tutorial_dag.py
[2024-04-21T20:40:42.082+0000] {processor.py:840} INFO - DAG(s) 'tutorial_dag' retrieved from /home/airflow/.local/lib/python3.9/site-packages/airflow/example_dags/tutorial_dag.py
[2024-04-21T20:40:42.143+0000] {logging_mixin.py:188} INFO - [2024-04-21T20:40:42.143+0000] {dag.py:3047} INFO - Sync 1 DAGs
[2024-04-21T20:40:42.156+0000] {logging_mixin.py:188} INFO - [2024-04-21T20:40:42.155+0000] {dag.py:3834} INFO - Setting next_dagrun for tutorial_dag to None, run_after=None
[2024-04-21T20:40:42.190+0000] {processor.py:183} INFO - Processing /home/airflow/.local/lib/python3.9/site-packages/airflow/example_dags/tutorial_dag.py took 0.119 seconds
[2024-04-21T20:41:12.645+0000] {processor.py:161} INFO - Started process (PID=661) to work on /home/airflow/.local/lib/python3.9/site-packages/airflow/example_dags/tutorial_dag.py
[2024-04-21T20:41:12.647+0000] {processor.py:830} INFO - Processing file /home/airflow/.local/lib/python3.9/site-packages/airflow/example_dags/tutorial_dag.py for tasks to queue
[2024-04-21T20:41:12.651+0000] {logging_mixin.py:188} INFO - [2024-04-21T20:41:12.650+0000] {dagbag.py:540} INFO - Filling up the DagBag from /home/airflow/.local/lib/python3.9/site-packages/airflow/example_dags/tutorial_dag.py
[2024-04-21T20:41:12.659+0000] {processor.py:840} INFO - DAG(s) 'tutorial_dag' retrieved from /home/airflow/.local/lib/python3.9/site-packages/airflow/example_dags/tutorial_dag.py
[2024-04-21T20:41:12.724+0000] {logging_mixin.py:188} INFO - [2024-04-21T20:41:12.724+0000] {dag.py:3047} INFO - Sync 1 DAGs
[2024-04-21T20:41:12.740+0000] {logging_mixin.py:188} INFO - [2024-04-21T20:41:12.740+0000] {dag.py:3834} INFO - Setting next_dagrun for tutorial_dag to None, run_after=None
[2024-04-21T20:41:12.781+0000] {processor.py:183} INFO - Processing /home/airflow/.local/lib/python3.9/site-packages/airflow/example_dags/tutorial_dag.py took 0.140 seconds
[2024-04-21T20:41:43.665+0000] {processor.py:161} INFO - Started process (PID=718) to work on /home/airflow/.local/lib/python3.9/site-packages/airflow/example_dags/tutorial_dag.py
[2024-04-21T20:41:43.666+0000] {processor.py:830} INFO - Processing file /home/airflow/.local/lib/python3.9/site-packages/airflow/example_dags/tutorial_dag.py for tasks to queue
[2024-04-21T20:41:43.668+0000] {logging_mixin.py:188} INFO - [2024-04-21T20:41:43.668+0000] {dagbag.py:540} INFO - Filling up the DagBag from /home/airflow/.local/lib/python3.9/site-packages/airflow/example_dags/tutorial_dag.py
[2024-04-21T20:41:43.673+0000] {processor.py:840} INFO - DAG(s) 'tutorial_dag' retrieved from /home/airflow/.local/lib/python3.9/site-packages/airflow/example_dags/tutorial_dag.py
[2024-04-21T20:41:43.727+0000] {logging_mixin.py:188} INFO - [2024-04-21T20:41:43.727+0000] {dag.py:3047} INFO - Sync 1 DAGs
[2024-04-21T20:41:43.740+0000] {logging_mixin.py:188} INFO - [2024-04-21T20:41:43.739+0000] {dag.py:3834} INFO - Setting next_dagrun for tutorial_dag to None, run_after=None
[2024-04-21T20:41:43.774+0000] {processor.py:183} INFO - Processing /home/airflow/.local/lib/python3.9/site-packages/airflow/example_dags/tutorial_dag.py took 0.112 seconds
[2024-04-21T20:42:37.420+0000] {processor.py:161} INFO - Started process (PID=58) to work on /home/airflow/.local/lib/python3.9/site-packages/airflow/example_dags/tutorial_dag.py
[2024-04-21T20:42:37.422+0000] {processor.py:830} INFO - Processing file /home/airflow/.local/lib/python3.9/site-packages/airflow/example_dags/tutorial_dag.py for tasks to queue
[2024-04-21T20:42:37.424+0000] {logging_mixin.py:188} INFO - [2024-04-21T20:42:37.424+0000] {dagbag.py:540} INFO - Filling up the DagBag from /home/airflow/.local/lib/python3.9/site-packages/airflow/example_dags/tutorial_dag.py
[2024-04-21T20:42:37.432+0000] {processor.py:840} INFO - DAG(s) 'tutorial_dag' retrieved from /home/airflow/.local/lib/python3.9/site-packages/airflow/example_dags/tutorial_dag.py
[2024-04-21T20:42:37.497+0000] {logging_mixin.py:188} INFO - [2024-04-21T20:42:37.496+0000] {dag.py:3047} INFO - Sync 1 DAGs
[2024-04-21T20:42:37.510+0000] {logging_mixin.py:188} INFO - [2024-04-21T20:42:37.509+0000] {dag.py:3834} INFO - Setting next_dagrun for tutorial_dag to None, run_after=None
[2024-04-21T20:42:37.540+0000] {processor.py:183} INFO - Processing /home/airflow/.local/lib/python3.9/site-packages/airflow/example_dags/tutorial_dag.py took 0.123 seconds
[2024-04-21T20:43:08.791+0000] {processor.py:161} INFO - Started process (PID=115) to work on /home/airflow/.local/lib/python3.9/site-packages/airflow/example_dags/tutorial_dag.py
[2024-04-21T20:43:08.792+0000] {processor.py:830} INFO - Processing file /home/airflow/.local/lib/python3.9/site-packages/airflow/example_dags/tutorial_dag.py for tasks to queue
[2024-04-21T20:43:08.795+0000] {logging_mixin.py:188} INFO - [2024-04-21T20:43:08.795+0000] {dagbag.py:540} INFO - Filling up the DagBag from /home/airflow/.local/lib/python3.9/site-packages/airflow/example_dags/tutorial_dag.py
[2024-04-21T20:43:08.801+0000] {processor.py:840} INFO - DAG(s) 'tutorial_dag' retrieved from /home/airflow/.local/lib/python3.9/site-packages/airflow/example_dags/tutorial_dag.py
[2024-04-21T20:43:08.869+0000] {logging_mixin.py:188} INFO - [2024-04-21T20:43:08.869+0000] {dag.py:3047} INFO - Sync 1 DAGs
[2024-04-21T20:43:08.888+0000] {logging_mixin.py:188} INFO - [2024-04-21T20:43:08.888+0000] {dag.py:3834} INFO - Setting next_dagrun for tutorial_dag to None, run_after=None
[2024-04-21T20:43:08.936+0000] {processor.py:183} INFO - Processing /home/airflow/.local/lib/python3.9/site-packages/airflow/example_dags/tutorial_dag.py took 0.148 seconds
[2024-04-21T20:43:39.236+0000] {processor.py:161} INFO - Started process (PID=172) to work on /home/airflow/.local/lib/python3.9/site-packages/airflow/example_dags/tutorial_dag.py
[2024-04-21T20:43:39.238+0000] {processor.py:830} INFO - Processing file /home/airflow/.local/lib/python3.9/site-packages/airflow/example_dags/tutorial_dag.py for tasks to queue
[2024-04-21T20:43:39.239+0000] {logging_mixin.py:188} INFO - [2024-04-21T20:43:39.239+0000] {dagbag.py:540} INFO - Filling up the DagBag from /home/airflow/.local/lib/python3.9/site-packages/airflow/example_dags/tutorial_dag.py
[2024-04-21T20:43:39.245+0000] {processor.py:840} INFO - DAG(s) 'tutorial_dag' retrieved from /home/airflow/.local/lib/python3.9/site-packages/airflow/example_dags/tutorial_dag.py
[2024-04-21T20:43:39.298+0000] {logging_mixin.py:188} INFO - [2024-04-21T20:43:39.298+0000] {dag.py:3047} INFO - Sync 1 DAGs
[2024-04-21T20:43:39.319+0000] {logging_mixin.py:188} INFO - [2024-04-21T20:43:39.319+0000] {dag.py:3834} INFO - Setting next_dagrun for tutorial_dag to None, run_after=None
[2024-04-21T20:43:39.357+0000] {processor.py:183} INFO - Processing /home/airflow/.local/lib/python3.9/site-packages/airflow/example_dags/tutorial_dag.py took 0.123 seconds
[2024-04-21T20:44:10.494+0000] {processor.py:161} INFO - Started process (PID=229) to work on /home/airflow/.local/lib/python3.9/site-packages/airflow/example_dags/tutorial_dag.py
[2024-04-21T20:44:10.495+0000] {processor.py:830} INFO - Processing file /home/airflow/.local/lib/python3.9/site-packages/airflow/example_dags/tutorial_dag.py for tasks to queue
[2024-04-21T20:44:10.497+0000] {logging_mixin.py:188} INFO - [2024-04-21T20:44:10.497+0000] {dagbag.py:540} INFO - Filling up the DagBag from /home/airflow/.local/lib/python3.9/site-packages/airflow/example_dags/tutorial_dag.py
[2024-04-21T20:44:10.502+0000] {processor.py:840} INFO - DAG(s) 'tutorial_dag' retrieved from /home/airflow/.local/lib/python3.9/site-packages/airflow/example_dags/tutorial_dag.py
[2024-04-21T20:44:10.560+0000] {logging_mixin.py:188} INFO - [2024-04-21T20:44:10.559+0000] {dag.py:3047} INFO - Sync 1 DAGs
[2024-04-21T20:44:10.572+0000] {logging_mixin.py:188} INFO - [2024-04-21T20:44:10.572+0000] {dag.py:3834} INFO - Setting next_dagrun for tutorial_dag to None, run_after=None
[2024-04-21T20:44:10.605+0000] {processor.py:183} INFO - Processing /home/airflow/.local/lib/python3.9/site-packages/airflow/example_dags/tutorial_dag.py took 0.115 seconds
[2024-04-21T20:44:42.392+0000] {processor.py:161} INFO - Started process (PID=286) to work on /home/airflow/.local/lib/python3.9/site-packages/airflow/example_dags/tutorial_dag.py
[2024-04-21T20:44:42.393+0000] {processor.py:830} INFO - Processing file /home/airflow/.local/lib/python3.9/site-packages/airflow/example_dags/tutorial_dag.py for tasks to queue
[2024-04-21T20:44:42.395+0000] {logging_mixin.py:188} INFO - [2024-04-21T20:44:42.395+0000] {dagbag.py:540} INFO - Filling up the DagBag from /home/airflow/.local/lib/python3.9/site-packages/airflow/example_dags/tutorial_dag.py
[2024-04-21T20:44:42.401+0000] {processor.py:840} INFO - DAG(s) 'tutorial_dag' retrieved from /home/airflow/.local/lib/python3.9/site-packages/airflow/example_dags/tutorial_dag.py
[2024-04-21T20:44:42.457+0000] {logging_mixin.py:188} INFO - [2024-04-21T20:44:42.457+0000] {dag.py:3047} INFO - Sync 1 DAGs
[2024-04-21T20:44:42.471+0000] {logging_mixin.py:188} INFO - [2024-04-21T20:44:42.471+0000] {dag.py:3834} INFO - Setting next_dagrun for tutorial_dag to None, run_after=None
[2024-04-21T20:44:42.507+0000] {processor.py:183} INFO - Processing /home/airflow/.local/lib/python3.9/site-packages/airflow/example_dags/tutorial_dag.py took 0.117 seconds
[2024-04-21T20:45:13.223+0000] {processor.py:161} INFO - Started process (PID=343) to work on /home/airflow/.local/lib/python3.9/site-packages/airflow/example_dags/tutorial_dag.py
[2024-04-21T20:45:13.225+0000] {processor.py:830} INFO - Processing file /home/airflow/.local/lib/python3.9/site-packages/airflow/example_dags/tutorial_dag.py for tasks to queue
[2024-04-21T20:45:13.228+0000] {logging_mixin.py:188} INFO - [2024-04-21T20:45:13.227+0000] {dagbag.py:540} INFO - Filling up the DagBag from /home/airflow/.local/lib/python3.9/site-packages/airflow/example_dags/tutorial_dag.py
[2024-04-21T20:45:13.235+0000] {processor.py:840} INFO - DAG(s) 'tutorial_dag' retrieved from /home/airflow/.local/lib/python3.9/site-packages/airflow/example_dags/tutorial_dag.py
[2024-04-21T20:45:13.294+0000] {logging_mixin.py:188} INFO - [2024-04-21T20:45:13.293+0000] {dag.py:3047} INFO - Sync 1 DAGs
[2024-04-21T20:45:13.307+0000] {logging_mixin.py:188} INFO - [2024-04-21T20:45:13.306+0000] {dag.py:3834} INFO - Setting next_dagrun for tutorial_dag to None, run_after=None
[2024-04-21T20:45:13.343+0000] {processor.py:183} INFO - Processing /home/airflow/.local/lib/python3.9/site-packages/airflow/example_dags/tutorial_dag.py took 0.125 seconds
[2024-04-21T20:45:44.331+0000] {processor.py:161} INFO - Started process (PID=400) to work on /home/airflow/.local/lib/python3.9/site-packages/airflow/example_dags/tutorial_dag.py
[2024-04-21T20:45:44.333+0000] {processor.py:830} INFO - Processing file /home/airflow/.local/lib/python3.9/site-packages/airflow/example_dags/tutorial_dag.py for tasks to queue
[2024-04-21T20:45:44.336+0000] {logging_mixin.py:188} INFO - [2024-04-21T20:45:44.335+0000] {dagbag.py:540} INFO - Filling up the DagBag from /home/airflow/.local/lib/python3.9/site-packages/airflow/example_dags/tutorial_dag.py
[2024-04-21T20:45:44.343+0000] {processor.py:840} INFO - DAG(s) 'tutorial_dag' retrieved from /home/airflow/.local/lib/python3.9/site-packages/airflow/example_dags/tutorial_dag.py
[2024-04-21T20:45:44.413+0000] {logging_mixin.py:188} INFO - [2024-04-21T20:45:44.413+0000] {dag.py:3047} INFO - Sync 1 DAGs
[2024-04-21T20:45:44.427+0000] {logging_mixin.py:188} INFO - [2024-04-21T20:45:44.427+0000] {dag.py:3834} INFO - Setting next_dagrun for tutorial_dag to None, run_after=None
[2024-04-21T20:45:44.464+0000] {processor.py:183} INFO - Processing /home/airflow/.local/lib/python3.9/site-packages/airflow/example_dags/tutorial_dag.py took 0.136 seconds
[2024-04-21T20:46:15.187+0000] {processor.py:161} INFO - Started process (PID=457) to work on /home/airflow/.local/lib/python3.9/site-packages/airflow/example_dags/tutorial_dag.py
[2024-04-21T20:46:15.189+0000] {processor.py:830} INFO - Processing file /home/airflow/.local/lib/python3.9/site-packages/airflow/example_dags/tutorial_dag.py for tasks to queue
[2024-04-21T20:46:15.192+0000] {logging_mixin.py:188} INFO - [2024-04-21T20:46:15.192+0000] {dagbag.py:540} INFO - Filling up the DagBag from /home/airflow/.local/lib/python3.9/site-packages/airflow/example_dags/tutorial_dag.py
[2024-04-21T20:46:15.200+0000] {processor.py:840} INFO - DAG(s) 'tutorial_dag' retrieved from /home/airflow/.local/lib/python3.9/site-packages/airflow/example_dags/tutorial_dag.py
[2024-04-21T20:46:15.259+0000] {logging_mixin.py:188} INFO - [2024-04-21T20:46:15.259+0000] {dag.py:3047} INFO - Sync 1 DAGs
[2024-04-21T20:46:15.275+0000] {logging_mixin.py:188} INFO - [2024-04-21T20:46:15.275+0000] {dag.py:3834} INFO - Setting next_dagrun for tutorial_dag to None, run_after=None
[2024-04-21T20:46:15.317+0000] {processor.py:183} INFO - Processing /home/airflow/.local/lib/python3.9/site-packages/airflow/example_dags/tutorial_dag.py took 0.133 seconds
[2024-04-21T20:46:46.114+0000] {processor.py:161} INFO - Started process (PID=514) to work on /home/airflow/.local/lib/python3.9/site-packages/airflow/example_dags/tutorial_dag.py
[2024-04-21T20:46:46.116+0000] {processor.py:830} INFO - Processing file /home/airflow/.local/lib/python3.9/site-packages/airflow/example_dags/tutorial_dag.py for tasks to queue
[2024-04-21T20:46:46.118+0000] {logging_mixin.py:188} INFO - [2024-04-21T20:46:46.117+0000] {dagbag.py:540} INFO - Filling up the DagBag from /home/airflow/.local/lib/python3.9/site-packages/airflow/example_dags/tutorial_dag.py
[2024-04-21T20:46:46.125+0000] {processor.py:840} INFO - DAG(s) 'tutorial_dag' retrieved from /home/airflow/.local/lib/python3.9/site-packages/airflow/example_dags/tutorial_dag.py
[2024-04-21T20:46:46.200+0000] {logging_mixin.py:188} INFO - [2024-04-21T20:46:46.200+0000] {dag.py:3047} INFO - Sync 1 DAGs
[2024-04-21T20:46:46.217+0000] {logging_mixin.py:188} INFO - [2024-04-21T20:46:46.217+0000] {dag.py:3834} INFO - Setting next_dagrun for tutorial_dag to None, run_after=None
[2024-04-21T20:46:46.265+0000] {processor.py:183} INFO - Processing /home/airflow/.local/lib/python3.9/site-packages/airflow/example_dags/tutorial_dag.py took 0.146 seconds
[2024-04-21T20:47:16.544+0000] {processor.py:161} INFO - Started process (PID=569) to work on /home/airflow/.local/lib/python3.9/site-packages/airflow/example_dags/tutorial_dag.py
[2024-04-21T20:47:16.545+0000] {processor.py:830} INFO - Processing file /home/airflow/.local/lib/python3.9/site-packages/airflow/example_dags/tutorial_dag.py for tasks to queue
[2024-04-21T20:47:16.547+0000] {logging_mixin.py:188} INFO - [2024-04-21T20:47:16.547+0000] {dagbag.py:540} INFO - Filling up the DagBag from /home/airflow/.local/lib/python3.9/site-packages/airflow/example_dags/tutorial_dag.py
[2024-04-21T20:47:16.553+0000] {processor.py:840} INFO - DAG(s) 'tutorial_dag' retrieved from /home/airflow/.local/lib/python3.9/site-packages/airflow/example_dags/tutorial_dag.py
[2024-04-21T20:47:16.605+0000] {logging_mixin.py:188} INFO - [2024-04-21T20:47:16.605+0000] {dag.py:3047} INFO - Sync 1 DAGs
[2024-04-21T20:47:16.617+0000] {logging_mixin.py:188} INFO - [2024-04-21T20:47:16.617+0000] {dag.py:3834} INFO - Setting next_dagrun for tutorial_dag to None, run_after=None
[2024-04-21T20:47:16.649+0000] {processor.py:183} INFO - Processing /home/airflow/.local/lib/python3.9/site-packages/airflow/example_dags/tutorial_dag.py took 0.108 seconds
[2024-04-21T20:47:47.448+0000] {processor.py:161} INFO - Started process (PID=626) to work on /home/airflow/.local/lib/python3.9/site-packages/airflow/example_dags/tutorial_dag.py
[2024-04-21T20:47:47.450+0000] {processor.py:830} INFO - Processing file /home/airflow/.local/lib/python3.9/site-packages/airflow/example_dags/tutorial_dag.py for tasks to queue
[2024-04-21T20:47:47.452+0000] {logging_mixin.py:188} INFO - [2024-04-21T20:47:47.452+0000] {dagbag.py:540} INFO - Filling up the DagBag from /home/airflow/.local/lib/python3.9/site-packages/airflow/example_dags/tutorial_dag.py
[2024-04-21T20:47:47.457+0000] {processor.py:840} INFO - DAG(s) 'tutorial_dag' retrieved from /home/airflow/.local/lib/python3.9/site-packages/airflow/example_dags/tutorial_dag.py
[2024-04-21T20:47:47.510+0000] {logging_mixin.py:188} INFO - [2024-04-21T20:47:47.509+0000] {dag.py:3047} INFO - Sync 1 DAGs
[2024-04-21T20:47:47.522+0000] {logging_mixin.py:188} INFO - [2024-04-21T20:47:47.521+0000] {dag.py:3834} INFO - Setting next_dagrun for tutorial_dag to None, run_after=None
[2024-04-21T20:47:47.558+0000] {processor.py:183} INFO - Processing /home/airflow/.local/lib/python3.9/site-packages/airflow/example_dags/tutorial_dag.py took 0.113 seconds
[2024-04-21T21:00:48.633+0000] {processor.py:161} INFO - Started process (PID=58) to work on /home/airflow/.local/lib/python3.9/site-packages/airflow/example_dags/tutorial_dag.py
[2024-04-21T21:00:48.635+0000] {processor.py:830} INFO - Processing file /home/airflow/.local/lib/python3.9/site-packages/airflow/example_dags/tutorial_dag.py for tasks to queue
[2024-04-21T21:00:48.637+0000] {logging_mixin.py:188} INFO - [2024-04-21T21:00:48.637+0000] {dagbag.py:540} INFO - Filling up the DagBag from /home/airflow/.local/lib/python3.9/site-packages/airflow/example_dags/tutorial_dag.py
[2024-04-21T21:00:48.646+0000] {processor.py:840} INFO - DAG(s) 'tutorial_dag' retrieved from /home/airflow/.local/lib/python3.9/site-packages/airflow/example_dags/tutorial_dag.py
[2024-04-21T21:00:48.994+0000] {logging_mixin.py:188} INFO - [2024-04-21T21:00:48.993+0000] {dag.py:3047} INFO - Sync 1 DAGs
[2024-04-21T21:00:49.027+0000] {logging_mixin.py:188} INFO - [2024-04-21T21:00:49.026+0000] {dag.py:3834} INFO - Setting next_dagrun for tutorial_dag to None, run_after=None
[2024-04-21T21:00:49.096+0000] {processor.py:183} INFO - Processing /home/airflow/.local/lib/python3.9/site-packages/airflow/example_dags/tutorial_dag.py took 0.476 seconds
[2024-04-21T21:01:19.907+0000] {processor.py:161} INFO - Started process (PID=116) to work on /home/airflow/.local/lib/python3.9/site-packages/airflow/example_dags/tutorial_dag.py
[2024-04-21T21:01:19.909+0000] {processor.py:830} INFO - Processing file /home/airflow/.local/lib/python3.9/site-packages/airflow/example_dags/tutorial_dag.py for tasks to queue
[2024-04-21T21:01:19.911+0000] {logging_mixin.py:188} INFO - [2024-04-21T21:01:19.910+0000] {dagbag.py:540} INFO - Filling up the DagBag from /home/airflow/.local/lib/python3.9/site-packages/airflow/example_dags/tutorial_dag.py
[2024-04-21T21:01:19.916+0000] {processor.py:840} INFO - DAG(s) 'tutorial_dag' retrieved from /home/airflow/.local/lib/python3.9/site-packages/airflow/example_dags/tutorial_dag.py
[2024-04-21T21:01:19.988+0000] {logging_mixin.py:188} INFO - [2024-04-21T21:01:19.988+0000] {dag.py:3047} INFO - Sync 1 DAGs
[2024-04-21T21:01:20.004+0000] {logging_mixin.py:188} INFO - [2024-04-21T21:01:20.003+0000] {dag.py:3834} INFO - Setting next_dagrun for tutorial_dag to None, run_after=None
[2024-04-21T21:01:20.040+0000] {processor.py:183} INFO - Processing /home/airflow/.local/lib/python3.9/site-packages/airflow/example_dags/tutorial_dag.py took 0.136 seconds
[2024-04-21T21:04:39.950+0000] {processor.py:161} INFO - Started process (PID=70) to work on /home/airflow/.local/lib/python3.9/site-packages/airflow/example_dags/tutorial_dag.py
[2024-04-21T21:04:39.952+0000] {processor.py:830} INFO - Processing file /home/airflow/.local/lib/python3.9/site-packages/airflow/example_dags/tutorial_dag.py for tasks to queue
[2024-04-21T21:04:39.955+0000] {logging_mixin.py:188} INFO - [2024-04-21T21:04:39.955+0000] {dagbag.py:540} INFO - Filling up the DagBag from /home/airflow/.local/lib/python3.9/site-packages/airflow/example_dags/tutorial_dag.py
[2024-04-21T21:04:39.965+0000] {processor.py:840} INFO - DAG(s) 'tutorial_dag' retrieved from /home/airflow/.local/lib/python3.9/site-packages/airflow/example_dags/tutorial_dag.py
[2024-04-21T21:04:40.058+0000] {logging_mixin.py:188} INFO - [2024-04-21T21:04:40.058+0000] {dag.py:3047} INFO - Sync 1 DAGs
[2024-04-21T21:04:40.080+0000] {logging_mixin.py:188} INFO - [2024-04-21T21:04:40.079+0000] {dag.py:3834} INFO - Setting next_dagrun for tutorial_dag to None, run_after=None
[2024-04-21T21:04:40.170+0000] {processor.py:183} INFO - Processing /home/airflow/.local/lib/python3.9/site-packages/airflow/example_dags/tutorial_dag.py took 0.224 seconds
[2024-04-21T21:05:10.263+0000] {processor.py:161} INFO - Started process (PID=127) to work on /home/airflow/.local/lib/python3.9/site-packages/airflow/example_dags/tutorial_dag.py
[2024-04-21T21:05:10.264+0000] {processor.py:830} INFO - Processing file /home/airflow/.local/lib/python3.9/site-packages/airflow/example_dags/tutorial_dag.py for tasks to queue
[2024-04-21T21:05:10.266+0000] {logging_mixin.py:188} INFO - [2024-04-21T21:05:10.266+0000] {dagbag.py:540} INFO - Filling up the DagBag from /home/airflow/.local/lib/python3.9/site-packages/airflow/example_dags/tutorial_dag.py
[2024-04-21T21:05:10.273+0000] {processor.py:840} INFO - DAG(s) 'tutorial_dag' retrieved from /home/airflow/.local/lib/python3.9/site-packages/airflow/example_dags/tutorial_dag.py
[2024-04-21T21:05:10.328+0000] {logging_mixin.py:188} INFO - [2024-04-21T21:05:10.328+0000] {dag.py:3047} INFO - Sync 1 DAGs
[2024-04-21T21:05:10.341+0000] {logging_mixin.py:188} INFO - [2024-04-21T21:05:10.341+0000] {dag.py:3834} INFO - Setting next_dagrun for tutorial_dag to None, run_after=None
[2024-04-21T21:05:10.375+0000] {processor.py:183} INFO - Processing /home/airflow/.local/lib/python3.9/site-packages/airflow/example_dags/tutorial_dag.py took 0.115 seconds
[2024-04-21T21:05:41.296+0000] {processor.py:161} INFO - Started process (PID=188) to work on /home/airflow/.local/lib/python3.9/site-packages/airflow/example_dags/tutorial_dag.py
[2024-04-21T21:05:41.297+0000] {processor.py:830} INFO - Processing file /home/airflow/.local/lib/python3.9/site-packages/airflow/example_dags/tutorial_dag.py for tasks to queue
[2024-04-21T21:05:41.300+0000] {logging_mixin.py:188} INFO - [2024-04-21T21:05:41.299+0000] {dagbag.py:540} INFO - Filling up the DagBag from /home/airflow/.local/lib/python3.9/site-packages/airflow/example_dags/tutorial_dag.py
[2024-04-21T21:05:41.305+0000] {processor.py:840} INFO - DAG(s) 'tutorial_dag' retrieved from /home/airflow/.local/lib/python3.9/site-packages/airflow/example_dags/tutorial_dag.py
[2024-04-21T21:05:41.364+0000] {logging_mixin.py:188} INFO - [2024-04-21T21:05:41.363+0000] {dag.py:3047} INFO - Sync 1 DAGs
[2024-04-21T21:05:41.378+0000] {logging_mixin.py:188} INFO - [2024-04-21T21:05:41.378+0000] {dag.py:3834} INFO - Setting next_dagrun for tutorial_dag to None, run_after=None
[2024-04-21T21:05:41.413+0000] {processor.py:183} INFO - Processing /home/airflow/.local/lib/python3.9/site-packages/airflow/example_dags/tutorial_dag.py took 0.120 seconds
